2024/02/23 16:20:54 Received {c2 n4 {"type":"init","node_id":"n4","node_ids":["n0","n1","n2","n3","n4"],"msg_id":1}}
2024/02/23 16:20:54 Node n4 initialized
2024/02/23 16:20:54 Sent {"src":"n4","dest":"c2","body":{"in_reply_to":1,"type":"init_ok"}}
2024/02/23 16:20:54 Received {c9 n4 {"type":"topology","topology":{"n0":["n3","n1"],"n1":["n4","n2","n0"],"n2":["n1"],"n3":["n0","n4"],"n4":["n1","n3"]},"msg_id":1}}
2024/02/23 16:20:54 Sent {"src":"n4","dest":"c9","body":{"in_reply_to":1,"type":"topology_ok"}}
2024/02/23 16:20:54 Received {c14 n4 {"type":"read","msg_id":1}}
2024/02/23 16:20:54 Sent {"src":"n4","dest":"c14","body":{"in_reply_to":1,"messages":[],"type":"read_ok"}}
2024/02/23 16:20:54 Received {c14 n4 {"type":"read","msg_id":2}}
2024/02/23 16:20:54 Sent {"src":"n4","dest":"c14","body":{"in_reply_to":2,"messages":[],"type":"read_ok"}}
2024/02/23 16:20:55 Received {c14 n4 {"type":"broadcast","message":4,"msg_id":3}}
panic: assignment to entry in nil map

goroutine 23 [running]:
main.(*server).broadcastHandler(0xc000096040, {{0xc0000983d0, 0x3}, {0xc0000983d4, 0x2}, {0xc0000d4090, 0x2b, 0x30}})
	/Users/danishsharma/go/src/gossip-glamers/multi_node_broadcast/main.go:45 +0x15b
github.com/jepsen-io/maelstrom/demo/go.(*Node).handleMessage(0x0?, 0x0?, {{0xc0000983d0, 0x3}, {0xc0000983d4, 0x2}, {0xc0000d4090, 0x2b, 0x30}})
	/Users/danishsharma/go/pkg/mod/github.com/jepsen-io/maelstrom/demo/go@v0.0.0-20231231190402-2674df7c1076/node.go:151 +0x96
github.com/jepsen-io/maelstrom/demo/go.(*Node).Run.func2()
	/Users/danishsharma/go/pkg/mod/github.com/jepsen-io/maelstrom/demo/go@v0.0.0-20231231190402-2674df7c1076/node.go:129 +0x88
created by github.com/jepsen-io/maelstrom/demo/go.(*Node).Run
	/Users/danishsharma/go/pkg/mod/github.com/jepsen-io/maelstrom/demo/go@v0.0.0-20231231190402-2674df7c1076/node.go:127 +0x41b
