2024-02-23 19:14:55,168{GMT}	INFO	[jepsen test runner] jepsen.core: Test version a6ecf26472b81b804f34a302bd07c0bb804a8801 (plus uncommitted changes)
2024-02-23 19:14:55,169{GMT}	INFO	[jepsen test runner] jepsen.core: Command line:
lein run test -w broadcast --bin /Users/danishsharma/go/src/gossip-glamers/fault_tolerant_broadcast/bin --node-count 5 --time-limit 20 --rate 10 --nemesis partition
2024-02-23 19:14:55,275{GMT}	INFO	[jepsen test runner] jepsen.core: Running test:
{:args []
 :remote
 #jepsen.control.retry.Remote{:remote #jepsen.control.scp.Remote{:cmd-remote #jepsen.control.sshj.SSHJRemote{:concurrency-limit 6,
                                                                                                             :conn-spec nil,
                                                                                                             :client nil,
                                                                                                             :semaphore nil},
                                                                 :conn-spec nil},
                              :conn nil}
 :log-net-send false
 :node-count 5
 :availability nil
 :max-txn-length 4
 :concurrency 5
 :db
 #object[maelstrom.db$db$reify__16142
         "0x3fe8d57a"
         "maelstrom.db$db$reify__16142@3fe8d57a"]
 :max-writes-per-key 16
 :leave-db-running? false
 :name "broadcast"
 :logging-json? false
 :start-time
 #object[org.joda.time.DateTime "0x674cd2da" "2024-02-23T19:14:55.080+05:30"]
 :nemesis-interval 10
 :net
 #object[maelstrom.net$jepsen_net$reify__15251
         "0x686279e0"
         "maelstrom.net$jepsen_net$reify__15251@686279e0"]
 :client
 #object[maelstrom.workload.broadcast$client$reify__16644
         "0x6b28d4e4"
         "maelstrom.workload.broadcast$client$reify__16644@6b28d4e4"]
 :barrier
 #object[java.util.concurrent.CyclicBarrier
         "0x41cfcbb5"
         "java.util.concurrent.CyclicBarrier@41cfcbb5"]
 :log-stderr false
 :pure-generators true
 :ssh {:dummy? true}
 :rate 10.0
 :checker
 #object[jepsen.checker$compose$reify__11881
         "0x40941b54"
         "jepsen.checker$compose$reify__11881@40941b54"]
 :argv
 ("test"
  "-w"
  "broadcast"
  "--bin"
  "/Users/danishsharma/go/src/gossip-glamers/fault_tolerant_broadcast/bin"
  "--node-count"
  "5"
  "--time-limit"
  "20"
  "--rate"
  "10"
  "--nemesis"
  "partition")
 :nemesis
 (jepsen.nemesis.ReflCompose
  {:fm {:start-partition 0,
        :stop-partition 0,
        :kill 1,
        :start 1,
        :pause 1,
        :resume 1},
   :nemeses [#unprintable "jepsen.nemesis.combined$partition_nemesis$reify__16416@3b42d7df"
             #unprintable "jepsen.nemesis.combined$db_nemesis$reify__16397@1660bba7"]})
 :nodes ["n0" "n1" "n2" "n3" "n4"]
 :test-count 1
 :latency {:mean 0, :dist :constant}
 :bin "/Users/danishsharma/go/src/gossip-glamers/fault_tolerant_broadcast/bin"
 :generator
 ((jepsen.generator.Synchronize
   {:gen (jepsen.generator.TimeLimit
          {:limit 20000000000,
           :cutoff nil,
           :gen (jepsen.generator.Any
                 {:gens [(jepsen.generator.OnThreads
                          {:f #{:nemesis},
                           :context-filter #object[jepsen.generator.context$make_thread_filter$lazy_filter__9167
                                                   "0x7d3a9061"
                                                   "jepsen.generator.context$make_thread_filter$lazy_filter__9167@7d3a9061"],
                           :gen (jepsen.generator.Stagger
                                 {:dt 20000000000,
                                  :next-time nil,
                                  :gen (jepsen.generator.FlipFlop
                                        {:gens [#object[jepsen.nemesis.combined$partition_package$start__16420
                                                        "0x2a2f7a61"
                                                        "jepsen.nemesis.combined$partition_package$start__16420@2a2f7a61"]
                                                ({:type :info,
                                                  :f :stop-partition,
                                                  :value nil}
                                                 {:type :info,
                                                  :f :stop-partition,
                                                  :value nil}
                                                 {:type :info,
                                                  :f :stop-partition,
                                                  :value nil}
                                                 {:type :info,
                                                  :f :stop-partition,
                                                  :value nil}
                                                 {:type :info,
                                                  :f :stop-partition,
                                                  :value nil}
                                                 {:type :info,
                                                  :f :stop-partition,
                                                  :value nil}
                                                 {:type :info,
                                                  :f :stop-partition,
                                                  :value nil}
                                                 {:type :info,
                                                  :f :stop-partition,
                                                  :value nil}
                                                 ...)],
                                         :i 0})})})
                         (jepsen.generator.OnThreads
                          {:f #jepsen.generator.context.AllBut{:element :nemesis},
                           :context-filter #object[jepsen.generator.context$make_thread_filter$lazy_filter__9167
                                                   "0x196c8b93"
                                                   "jepsen.generator.context$make_thread_filter$lazy_filter__9167@196c8b93"],
                           :gen (jepsen.generator.Stagger
                                 {:dt 200000000,
                                  :next-time nil,
                                  :gen (jepsen.generator.Mix
                                        {:i 1,
                                         :gens [({:f :broadcast, :value 0}
                                                 {:f :broadcast, :value 1}
                                                 {:f :broadcast, :value 2}
                                                 {:f :broadcast, :value 3}
                                                 {:f :broadcast, :value 4}
                                                 {:f :broadcast, :value 5}
                                                 {:f :broadcast, :value 6}
                                                 {:f :broadcast, :value 7}
                                                 ...)
                                                ({:f :read}
                                                 {:f :read}
                                                 {:f :read}
                                                 {:f :read}
                                                 {:f :read}
                                                 {:f :read}
                                                 {:f :read}
                                                 {:f :read}
                                                 ...)]})})})]})})})
  (jepsen.generator.Synchronize
   {:gen (jepsen.generator.OnThreads
          {:f #{:nemesis},
           :context-filter #object[jepsen.generator.context$make_thread_filter$lazy_filter__9167
                                   "0x307ca947"
                                   "jepsen.generator.context$make_thread_filter$lazy_filter__9167@307ca947"],
           :gen ({:type :info, :f :stop-partition, :value nil})})})
  (jepsen.generator.Synchronize
   {:gen {:type :log, :value "Waiting for recovery..."}})
  (jepsen.generator.Synchronize {:gen {:type :sleep, :value 10}})
  (jepsen.generator.Synchronize
   {:gen (jepsen.generator.OnThreads
          {:f #jepsen.generator.context.AllBut{:element :nemesis},
           :context-filter #object[jepsen.generator.context$make_thread_filter$lazy_filter__9167
                                   "0x61d1315b"
                                   "jepsen.generator.context$make_thread_filter$lazy_filter__9167@61d1315b"],
           :gen (jepsen.generator.EachThread
                 {:fresh-gen {:f :read, :final? true},
                  :context-filters #object[clojure.core$promise$reify__8591
                                           "0x49d5b651"
                                           {:status :pending, :val nil}],
                  :gens {}})})}))
 :log-net-recv false
 :os
 #object[maelstrom.net$jepsen_os$reify__15254
         "0x34989ceb"
         "maelstrom.net$jepsen_os$reify__15254@34989ceb"]
 :time-limit 20
 :workload :broadcast
 :consistency-models [:strict-serializable]
 :topology :grid}

2024-02-23 19:14:57,369{GMT}	INFO	[jepsen node n0] maelstrom.net: Starting Maelstrom network
2024-02-23 19:14:57,370{GMT}	INFO	[jepsen test runner] jepsen.db: Tearing down DB
2024-02-23 19:14:57,372{GMT}	INFO	[jepsen test runner] jepsen.db: Setting up DB
2024-02-23 19:14:57,373{GMT}	INFO	[jepsen node n1] maelstrom.db: Setting up n1
2024-02-23 19:14:57,373{GMT}	INFO	[jepsen node n2] maelstrom.db: Setting up n2
2024-02-23 19:14:57,373{GMT}	INFO	[jepsen node n3] maelstrom.db: Setting up n3
2024-02-23 19:14:57,373{GMT}	INFO	[jepsen node n4] maelstrom.db: Setting up n4
2024-02-23 19:14:57,373{GMT}	INFO	[jepsen node n2] maelstrom.process: launching /Users/danishsharma/go/src/gossip-glamers/fault_tolerant_broadcast/bin []
2024-02-23 19:14:57,373{GMT}	INFO	[jepsen node n1] maelstrom.process: launching /Users/danishsharma/go/src/gossip-glamers/fault_tolerant_broadcast/bin []
2024-02-23 19:14:57,373{GMT}	INFO	[jepsen node n4] maelstrom.process: launching /Users/danishsharma/go/src/gossip-glamers/fault_tolerant_broadcast/bin []
2024-02-23 19:14:57,373{GMT}	INFO	[jepsen node n3] maelstrom.process: launching /Users/danishsharma/go/src/gossip-glamers/fault_tolerant_broadcast/bin []
2024-02-23 19:14:57,375{GMT}	INFO	[jepsen node n0] maelstrom.service: Starting services: (lin-kv lin-tso lww-kv seq-kv)
2024-02-23 19:14:57,376{GMT}	INFO	[jepsen node n0] maelstrom.db: Setting up n0
2024-02-23 19:14:57,376{GMT}	INFO	[jepsen node n0] maelstrom.process: launching /Users/danishsharma/go/src/gossip-glamers/fault_tolerant_broadcast/bin []
2024-02-23 19:14:57,829{GMT}	INFO	[jepsen test runner] jepsen.core: Relative time begins now
2024-02-23 19:14:57,852{GMT}	INFO	[jepsen worker 0] jepsen.util: 0	:invoke	:read	nil
2024-02-23 19:14:57,852{GMT}	INFO	[jepsen worker nemesis] jepsen.util: :nemesis	:info	:start-partition	:minority-third
2024-02-23 19:14:57,856{GMT}	INFO	[jepsen worker 0] jepsen.util: 0	:ok	:read	[]
2024-02-23 19:14:57,859{GMT}	INFO	[jepsen worker nemesis] jepsen.util: :nemesis	:info	:start-partition	[:isolated {"n4" #{"n2" "n1" "n0" "n3"}, "n2" #{"n4"}, "n1" #{"n4"}, "n0" #{"n4"}, "n3" #{"n4"}}]
2024-02-23 19:14:57,961{GMT}	INFO	[jepsen worker 2] jepsen.util: 2	:invoke	:read	nil
2024-02-23 19:14:57,963{GMT}	INFO	[jepsen worker 2] jepsen.util: 2	:ok	:read	[]
2024-02-23 19:14:57,973{GMT}	INFO	[jepsen worker 3] jepsen.util: 3	:invoke	:read	nil
2024-02-23 19:14:57,978{GMT}	INFO	[jepsen worker 3] jepsen.util: 3	:ok	:read	[]
2024-02-23 19:14:58,035{GMT}	INFO	[jepsen worker 4] jepsen.util: 4	:invoke	:read	nil
2024-02-23 19:14:58,038{GMT}	INFO	[jepsen worker 4] jepsen.util: 4	:ok	:read	[]
2024-02-23 19:14:58,060{GMT}	INFO	[jepsen worker 0] jepsen.util: 0	:invoke	:read	nil
2024-02-23 19:14:58,062{GMT}	INFO	[jepsen worker 0] jepsen.util: 0	:ok	:read	[]
2024-02-23 19:14:58,125{GMT}	INFO	[jepsen worker 0] jepsen.util: 0	:invoke	:read	nil
2024-02-23 19:14:58,127{GMT}	INFO	[jepsen worker 0] jepsen.util: 0	:ok	:read	[]
2024-02-23 19:14:58,134{GMT}	INFO	[jepsen worker 1] jepsen.util: 1	:invoke	:broadcast	0
2024-02-23 19:14:58,136{GMT}	INFO	[jepsen worker 1] jepsen.util: 1	:ok	:broadcast	0
2024-02-23 19:14:58,152{GMT}	INFO	[jepsen worker 2] jepsen.util: 2	:invoke	:broadcast	1
2024-02-23 19:14:58,155{GMT}	INFO	[jepsen worker 2] jepsen.util: 2	:ok	:broadcast	1
2024-02-23 19:14:58,246{GMT}	INFO	[jepsen worker 3] jepsen.util: 3	:invoke	:read	nil
2024-02-23 19:14:58,248{GMT}	INFO	[jepsen worker 3] jepsen.util: 3	:ok	:read	[0 0 0 1]
2024-02-23 19:14:58,379{GMT}	INFO	[jepsen worker 4] jepsen.util: 4	:invoke	:broadcast	2
2024-02-23 19:14:58,381{GMT}	INFO	[jepsen worker 4] jepsen.util: 4	:ok	:broadcast	2
2024-02-23 19:14:58,415{GMT}	INFO	[jepsen worker 0] jepsen.util: 0	:invoke	:read	nil
2024-02-23 19:14:58,417{GMT}	INFO	[jepsen worker 0] jepsen.util: 0	:ok	:read	[0 0 0 1]
2024-02-23 19:14:58,449{GMT}	INFO	[jepsen worker 0] jepsen.util: 0	:invoke	:broadcast	3
2024-02-23 19:14:58,450{GMT}	INFO	[jepsen worker 0] jepsen.util: 0	:ok	:broadcast	3
2024-02-23 19:14:58,582{GMT}	INFO	[jepsen worker 1] jepsen.util: 1	:invoke	:broadcast	4
2024-02-23 19:14:58,583{GMT}	INFO	[jepsen worker 1] jepsen.util: 1	:ok	:broadcast	4
2024-02-23 19:14:58,733{GMT}	INFO	[jepsen worker 2] jepsen.util: 2	:invoke	:read	nil
2024-02-23 19:14:58,734{GMT}	INFO	[jepsen worker 2] jepsen.util: 2	:ok	:read	[0 0 0 0 0 1 3 4]
2024-02-23 19:14:58,777{GMT}	INFO	[jepsen worker 3] jepsen.util: 3	:invoke	:read	nil
2024-02-23 19:14:58,779{GMT}	INFO	[jepsen worker 3] jepsen.util: 3	:ok	:read	[0 0 0 0 0 1 3 4]
2024-02-23 19:14:58,926{GMT}	INFO	[jepsen worker 4] jepsen.util: 4	:invoke	:read	nil
2024-02-23 19:14:58,928{GMT}	INFO	[jepsen worker 4] jepsen.util: 4	:ok	:read	[0 2]
2024-02-23 19:14:59,011{GMT}	INFO	[jepsen worker 0] jepsen.util: 0	:invoke	:read	nil
2024-02-23 19:14:59,013{GMT}	INFO	[jepsen worker 0] jepsen.util: 0	:ok	:read	[0 0 0 0 0 1 3 4]
2024-02-23 19:14:59,111{GMT}	INFO	[jepsen worker 0] jepsen.util: 0	:invoke	:broadcast	5
2024-02-23 19:14:59,113{GMT}	INFO	[jepsen worker 0] jepsen.util: 0	:ok	:broadcast	5
2024-02-23 19:14:59,296{GMT}	INFO	[jepsen worker 1] jepsen.util: 1	:invoke	:read	nil
2024-02-23 19:14:59,298{GMT}	INFO	[jepsen worker 1] jepsen.util: 1	:ok	:read	[0 0 0 0 0 5 0 1 3 4]
2024-02-23 19:14:59,483{GMT}	INFO	[jepsen worker 2] jepsen.util: 2	:invoke	:read	nil
2024-02-23 19:14:59,485{GMT}	INFO	[jepsen worker 2] jepsen.util: 2	:ok	:read	[0 0 0 0 0 5 0 1 3 4]
2024-02-23 19:14:59,651{GMT}	INFO	[jepsen worker 3] jepsen.util: 3	:invoke	:read	nil
2024-02-23 19:14:59,652{GMT}	INFO	[jepsen worker 3] jepsen.util: 3	:ok	:read	[0 0 0 0 0 4 5 0 1 3]
2024-02-23 19:14:59,736{GMT}	INFO	[jepsen worker 4] jepsen.util: 4	:invoke	:broadcast	6
2024-02-23 19:14:59,738{GMT}	INFO	[jepsen worker 4] jepsen.util: 4	:ok	:broadcast	6
2024-02-23 19:14:59,765{GMT}	INFO	[jepsen worker 0] jepsen.util: 0	:invoke	:read	nil
2024-02-23 19:14:59,766{GMT}	INFO	[jepsen worker 0] jepsen.util: 0	:ok	:read	[0 0 0 0 0 0 1 3 4 5]
2024-02-23 19:14:59,886{GMT}	INFO	[jepsen worker 0] jepsen.util: 0	:invoke	:broadcast	7
2024-02-23 19:14:59,888{GMT}	INFO	[jepsen worker 0] jepsen.util: 0	:ok	:broadcast	7
2024-02-23 19:14:59,940{GMT}	INFO	[jepsen worker 1] jepsen.util: 1	:invoke	:broadcast	8
2024-02-23 19:14:59,942{GMT}	INFO	[jepsen worker 1] jepsen.util: 1	:ok	:broadcast	8
2024-02-23 19:15:00,120{GMT}	INFO	[jepsen worker 2] jepsen.util: 2	:invoke	:broadcast	9
2024-02-23 19:15:00,121{GMT}	INFO	[jepsen worker 2] jepsen.util: 2	:ok	:broadcast	9
2024-02-23 19:15:00,317{GMT}	INFO	[jepsen worker 3] jepsen.util: 3	:invoke	:broadcast	10
2024-02-23 19:15:00,318{GMT}	INFO	[jepsen worker 3] jepsen.util: 3	:ok	:broadcast	10
2024-02-23 19:15:00,401{GMT}	INFO	[jepsen worker 4] jepsen.util: 4	:invoke	:broadcast	11
2024-02-23 19:15:00,403{GMT}	INFO	[jepsen worker 4] jepsen.util: 4	:ok	:broadcast	11
2024-02-23 19:15:00,514{GMT}	INFO	[jepsen worker 0] jepsen.util: 0	:invoke	:read	nil
2024-02-23 19:15:00,516{GMT}	INFO	[jepsen worker 0] jepsen.util: 0	:ok	:read	[0 0 0 0 0 0 0 0 0 5 7 0 3 8 9 10 1 4]
2024-02-23 19:15:00,625{GMT}	INFO	[jepsen worker 0] jepsen.util: 0	:invoke	:broadcast	12
2024-02-23 19:15:00,626{GMT}	INFO	[jepsen worker 0] jepsen.util: 0	:ok	:broadcast	12
2024-02-23 19:15:00,745{GMT}	INFO	[jepsen worker 1] jepsen.util: 1	:invoke	:broadcast	13
2024-02-23 19:15:00,747{GMT}	INFO	[jepsen worker 1] jepsen.util: 1	:ok	:broadcast	13
2024-02-23 19:15:00,903{GMT}	INFO	[jepsen worker 2] jepsen.util: 2	:invoke	:read	nil
2024-02-23 19:15:00,904{GMT}	INFO	[jepsen worker 2] jepsen.util: 2	:ok	:read	[0 0 0 0 0 0 0 0 0 0 0 0 4 5 8 13 1 3 7 9 10 12]
2024-02-23 19:15:01,010{GMT}	INFO	[jepsen worker 3] jepsen.util: 3	:invoke	:read	nil
2024-02-23 19:15:01,012{GMT}	INFO	[jepsen worker 3] jepsen.util: 3	:ok	:read	[0 0 0 0 0 0 0 0 0 0 0 10 12 0 1 8 7 9 13 3 4 5]
2024-02-23 19:15:01,037{GMT}	INFO	[jepsen worker 4] jepsen.util: 4	:invoke	:broadcast	14
2024-02-23 19:15:01,039{GMT}	INFO	[jepsen worker 4] jepsen.util: 4	:ok	:broadcast	14
2024-02-23 19:15:01,183{GMT}	INFO	[jepsen worker 0] jepsen.util: 0	:invoke	:read	nil
2024-02-23 19:15:01,184{GMT}	INFO	[jepsen worker 0] jepsen.util: 0	:ok	:read	[0 0 0 0 0 0 0 0 0 0 0 10 12 1 4 8 9 13 0 3 5 7]
2024-02-23 19:15:01,361{GMT}	INFO	[jepsen worker 0] jepsen.util: 0	:invoke	:broadcast	15
2024-02-23 19:15:01,363{GMT}	INFO	[jepsen worker 0] jepsen.util: 0	:ok	:broadcast	15
2024-02-23 19:15:01,522{GMT}	INFO	[jepsen worker 1] jepsen.util: 1	:invoke	:read	nil
2024-02-23 19:15:01,524{GMT}	INFO	[jepsen worker 1] jepsen.util: 1	:ok	:read	[0 0 0 0 0 0 0 0 0 0 0 0 15 4 10 12 5 7 8 9 13 0 1 3]
2024-02-23 19:15:01,563{GMT}	INFO	[jepsen worker 2] jepsen.util: 2	:invoke	:broadcast	16
2024-02-23 19:15:01,564{GMT}	INFO	[jepsen worker 2] jepsen.util: 2	:ok	:broadcast	16
2024-02-23 19:15:01,596{GMT}	INFO	[jepsen worker 3] jepsen.util: 3	:invoke	:broadcast	17
2024-02-23 19:15:01,598{GMT}	INFO	[jepsen worker 3] jepsen.util: 3	:ok	:broadcast	17
2024-02-23 19:15:01,633{GMT}	INFO	[jepsen worker 4] jepsen.util: 4	:invoke	:broadcast	18
2024-02-23 19:15:01,634{GMT}	INFO	[jepsen worker 4] jepsen.util: 4	:ok	:broadcast	18
2024-02-23 19:15:01,681{GMT}	INFO	[jepsen worker 0] jepsen.util: 0	:invoke	:broadcast	19
2024-02-23 19:15:01,682{GMT}	INFO	[jepsen worker 0] jepsen.util: 0	:ok	:broadcast	19
2024-02-23 19:15:01,869{GMT}	INFO	[jepsen worker 0] jepsen.util: 0	:invoke	:read	nil
2024-02-23 19:15:01,871{GMT}	INFO	[jepsen worker 0] jepsen.util: 0	:ok	:read	[0 0 0 0 0 0 0 0 0 0 0 0 0 0 0 5 7 15 3 4 12 1 13 16 0 9 10 17 19 8]
2024-02-23 19:15:02,038{GMT}	INFO	[jepsen worker 1] jepsen.util: 1	:invoke	:broadcast	20
2024-02-23 19:15:02,039{GMT}	INFO	[jepsen worker 1] jepsen.util: 1	:ok	:broadcast	20
2024-02-23 19:15:02,154{GMT}	INFO	[jepsen worker 2] jepsen.util: 2	:invoke	:broadcast	21
2024-02-23 19:15:02,155{GMT}	INFO	[jepsen worker 2] jepsen.util: 2	:ok	:broadcast	21
2024-02-23 19:15:02,211{GMT}	INFO	[jepsen worker 3] jepsen.util: 3	:invoke	:broadcast	22
2024-02-23 19:15:02,213{GMT}	INFO	[jepsen worker 3] jepsen.util: 3	:ok	:broadcast	22
2024-02-23 19:15:02,393{GMT}	INFO	[jepsen worker 4] jepsen.util: 4	:invoke	:read	nil
2024-02-23 19:15:02,395{GMT}	INFO	[jepsen worker 4] jepsen.util: 4	:ok	:read	[0 0 0 0 0 2 6 11 14 18]
2024-02-23 19:15:02,403{GMT}	INFO	[jepsen worker 0] jepsen.util: 0	:invoke	:read	nil
2024-02-23 19:15:02,405{GMT}	INFO	[jepsen worker 0] jepsen.util: 0	:ok	:read	[0 0 0 0 0 0 0 0 0 0 0 0 0 0 0 0 0 0 0 13 16 21 22 8 9 10 17 19 20 3 5 7 15 1 4 12]
2024-02-23 19:15:02,502{GMT}	INFO	[jepsen worker 0] jepsen.util: 0	:invoke	:broadcast	23
2024-02-23 19:15:02,503{GMT}	INFO	[jepsen worker 0] jepsen.util: 0	:ok	:broadcast	23
2024-02-23 19:15:02,592{GMT}	INFO	[jepsen worker 1] jepsen.util: 1	:invoke	:read	nil
2024-02-23 19:15:02,593{GMT}	INFO	[jepsen worker 1] jepsen.util: 1	:ok	:read	[0 0 0 0 0 0 0 0 0 0 0 0 0 0 0 0 0 0 0 3 7 8 16 4 15 17 20 19 21 22 0 1 5 9 13 10 12 23]
2024-02-23 19:15:02,683{GMT}	INFO	[jepsen worker 2] jepsen.util: 2	:invoke	:broadcast	24
2024-02-23 19:15:02,684{GMT}	INFO	[jepsen worker 2] jepsen.util: 2	:ok	:broadcast	24
2024-02-23 19:15:02,713{GMT}	INFO	[jepsen worker 3] jepsen.util: 3	:invoke	:broadcast	25
2024-02-23 19:15:02,714{GMT}	INFO	[jepsen worker 3] jepsen.util: 3	:ok	:broadcast	25
2024-02-23 19:15:02,805{GMT}	INFO	[jepsen worker 4] jepsen.util: 4	:invoke	:broadcast	26
2024-02-23 19:15:02,806{GMT}	INFO	[jepsen worker 4] jepsen.util: 4	:ok	:broadcast	26
2024-02-23 19:15:02,916{GMT}	INFO	[jepsen worker 0] jepsen.util: 0	:invoke	:read	nil
2024-02-23 19:15:02,917{GMT}	INFO	[jepsen worker 0] jepsen.util: 0	:ok	:read	[0 0 0 0 0 0 0 0 0 0 0 0 0 0 0 0 0 0 0 0 0 4 12 25 1 13 16 21 22 0 9 10 17 19 20 23 8 5 7 15 24 3]
2024-02-23 19:15:02,981{GMT}	INFO	[jepsen worker 0] jepsen.util: 0	:invoke	:broadcast	27
2024-02-23 19:15:02,982{GMT}	INFO	[jepsen worker 0] jepsen.util: 0	:ok	:broadcast	27
2024-02-23 19:15:03,019{GMT}	INFO	[jepsen worker 1] jepsen.util: 1	:invoke	:broadcast	28
2024-02-23 19:15:03,020{GMT}	INFO	[jepsen worker 1] jepsen.util: 1	:ok	:broadcast	28
2024-02-23 19:15:03,096{GMT}	INFO	[jepsen worker 2] jepsen.util: 2	:invoke	:broadcast	29
2024-02-23 19:15:03,097{GMT}	INFO	[jepsen worker 2] jepsen.util: 2	:ok	:broadcast	29
2024-02-23 19:15:03,119{GMT}	INFO	[jepsen worker 3] jepsen.util: 3	:invoke	:read	nil
2024-02-23 19:15:03,120{GMT}	INFO	[jepsen worker 3] jepsen.util: 3	:ok	:read	[0 0 0 0 0 0 0 0 0 0 0 0 0 0 0 0 0 0 0 0 0 0 0 0 1 8 24 29 0 5 7 9 15 16 25 3 12 17 20 21 27 28 10 13 19 22 23 4]
2024-02-23 19:15:03,128{GMT}	INFO	[jepsen worker 4] jepsen.util: 4	:invoke	:read	nil
2024-02-23 19:15:03,130{GMT}	INFO	[jepsen worker 4] jepsen.util: 4	:ok	:read	[0 0 0 0 0 0 2 6 11 14 18 26]
2024-02-23 19:15:03,249{GMT}	INFO	[jepsen worker 0] jepsen.util: 0	:invoke	:read	nil
2024-02-23 19:15:03,250{GMT}	INFO	[jepsen worker 0] jepsen.util: 0	:ok	:read	[0 0 0 0 0 0 0 0 0 0 0 0 0 0 0 0 0 0 0 0 0 0 0 0 1 4 12 25 27 0 13 16 21 22 28 23 8 9 10 17 19 20 3 5 7 15 24 29]
2024-02-23 19:15:03,389{GMT}	INFO	[jepsen worker 0] jepsen.util: 0	:invoke	:broadcast	30
2024-02-23 19:15:03,390{GMT}	INFO	[jepsen worker 0] jepsen.util: 0	:ok	:broadcast	30
2024-02-23 19:15:03,593{GMT}	INFO	[jepsen worker 1] jepsen.util: 1	:invoke	:read	nil
2024-02-23 19:15:03,595{GMT}	INFO	[jepsen worker 1] jepsen.util: 1	:ok	:read	[0 0 0 0 0 0 0 0 0 0 0 0 0 0 0 0 0 0 0 0 0 0 0 0 0 4 15 17 20 24 0 1 5 9 13 19 21 22 10 12 23 27 28 29 3 7 8 16 25 30]
2024-02-23 19:15:03,646{GMT}	INFO	[jepsen worker 2] jepsen.util: 2	:invoke	:read	nil
2024-02-23 19:15:03,647{GMT}	INFO	[jepsen worker 2] jepsen.util: 2	:ok	:read	[0 0 0 0 0 0 0 0 0 0 0 0 0 0 0 0 0 0 0 0 0 0 0 0 0 21 29 0 4 5 13 16 19 3 10 20 24 25 28 8 15 22 27 30 1 7 9 12 17 23]
2024-02-23 19:15:03,795{GMT}	INFO	[jepsen worker 3] jepsen.util: 3	:invoke	:read	nil
2024-02-23 19:15:03,796{GMT}	INFO	[jepsen worker 3] jepsen.util: 3	:ok	:read	[0 0 0 0 0 0 0 0 0 0 0 0 0 0 0 0 0 0 0 0 0 0 0 0 0 0 1 8 24 29 30 3 5 7 9 15 16 25 10 12 17 20 21 27 28 4 13 19 22 23]
2024-02-23 19:15:03,936{GMT}	INFO	[jepsen worker 4] jepsen.util: 4	:invoke	:read	nil
2024-02-23 19:15:03,937{GMT}	INFO	[jepsen worker 4] jepsen.util: 4	:ok	:read	[0 0 0 0 0 0 11 14 18 26 2 6]
2024-02-23 19:15:03,949{GMT}	INFO	[jepsen worker 0] jepsen.util: 0	:invoke	:broadcast	31
2024-02-23 19:15:03,950{GMT}	INFO	[jepsen worker 0] jepsen.util: 0	:ok	:broadcast	31
2024-02-23 19:15:04,124{GMT}	INFO	[jepsen worker 0] jepsen.util: 0	:invoke	:read	nil
2024-02-23 19:15:04,126{GMT}	INFO	[jepsen worker 0] jepsen.util: 0	:ok	:read	[0 0 0 0 0 0 0 0 0 0 0 0 0 0 0 0 0 0 0 0 0 0 0 0 0 0 28 0 13 16 21 22 20 23 31 8 9 10 17 19 29 30 3 5 7 15 24 1 4 12 25 27]
2024-02-23 19:15:04,160{GMT}	INFO	[jepsen worker 1] jepsen.util: 1	:invoke	:broadcast	32
2024-02-23 19:15:04,162{GMT}	INFO	[jepsen worker 1] jepsen.util: 1	:ok	:broadcast	32
2024-02-23 19:15:04,359{GMT}	INFO	[jepsen worker 2] jepsen.util: 2	:invoke	:read	nil
2024-02-23 19:15:04,361{GMT}	INFO	[jepsen worker 2] jepsen.util: 2	:ok	:read	[0 0 0 0 0 0 0 0 0 0 0 0 0 0 0 0 0 0 0 0 0 0 0 0 0 0 0 17 23 1 9 16 19 21 4 5 13 24 25 20 15 31 12 30 7 0 29 28 3 10 32 8 22 27]
2024-02-23 19:15:04,539{GMT}	INFO	[jepsen worker 3] jepsen.util: 3	:invoke	:read	nil
2024-02-23 19:15:04,541{GMT}	INFO	[jepsen worker 3] jepsen.util: 3	:ok	:read	[0 0 0 0 0 0 0 0 0 0 0 0 0 0 0 0 0 0 0 0 0 0 0 0 0 0 0 5 7 15 28 10 17 19 22 24 29 3 9 16 25 32 27 12 20 21 4 13 23 30 31 0 1 8]
2024-02-23 19:15:04,667{GMT}	INFO	[jepsen worker 4] jepsen.util: 4	:invoke	:read	nil
2024-02-23 19:15:04,668{GMT}	INFO	[jepsen worker 4] jepsen.util: 4	:ok	:read	[0 0 0 0 0 0 18 26 2 6 11 14]
2024-02-23 19:15:04,860{GMT}	INFO	[jepsen worker 0] jepsen.util: 0	:invoke	:read	nil
2024-02-23 19:15:04,861{GMT}	INFO	[jepsen worker 0] jepsen.util: 0	:ok	:read	[0 0 0 0 0 0 0 0 0 0 0 0 0 0 0 0 0 0 0 0 0 0 0 0 0 0 0 16 21 22 20 23 31 8 10 17 24 5 7 15 1 12 0 13 28 19 9 29 30 3 4 25 27 32]
2024-02-23 19:15:04,915{GMT}	INFO	[jepsen worker 0] jepsen.util: 0	:invoke	:read	nil
2024-02-23 19:15:04,917{GMT}	INFO	[jepsen worker 0] jepsen.util: 0	:ok	:read	[0 0 0 0 0 0 0 0 0 0 0 0 0 0 0 0 0 0 0 0 0 0 0 0 0 0 0 16 21 22 17 20 23 31 8 10 15 24 5 7 1 12 0 13 28 19 9 29 30 3 32 4 25 27]
2024-02-23 19:15:04,987{GMT}	INFO	[jepsen worker 1] jepsen.util: 1	:invoke	:read	nil
2024-02-23 19:15:04,989{GMT}	INFO	[jepsen worker 1] jepsen.util: 1	:ok	:read	[0 0 0 0 0 0 0 0 0 0 0 0 0 0 0 0 0 0 0 0 0 0 0 0 0 0 0 10 12 23 27 29 7 8 16 4 17 1 9 13 19 21 31 28 32 3 25 30 15 20 24 0 5 22]
2024-02-23 19:15:05,100{GMT}	INFO	[jepsen worker 2] jepsen.util: 2	:invoke	:read	nil
2024-02-23 19:15:05,101{GMT}	INFO	[jepsen worker 2] jepsen.util: 2	:ok	:read	[0 0 0 0 0 0 0 0 0 0 0 0 0 0 0 0 0 0 0 0 0 0 0 0 0 0 0 8 22 27 32 23 1 9 17 21 4 5 13 16 19 20 24 25 15 31 30 7 12 0 29 28 3 10]
2024-02-23 19:15:05,263{GMT}	INFO	[jepsen worker 3] jepsen.util: 3	:invoke	:broadcast	33
2024-02-23 19:15:05,264{GMT}	INFO	[jepsen worker 3] jepsen.util: 3	:ok	:broadcast	33
2024-02-23 19:15:05,428{GMT}	INFO	[jepsen worker 4] jepsen.util: 4	:invoke	:read	nil
2024-02-23 19:15:05,429{GMT}	INFO	[jepsen worker 4] jepsen.util: 4	:ok	:read	[0 0 0 0 0 0 2 6 11 14 18 26]
2024-02-23 19:15:05,436{GMT}	INFO	[jepsen worker nemesis] jepsen.util: :nemesis	:info	:stop-partition	nil
2024-02-23 19:15:05,436{GMT}	INFO	[jepsen worker nemesis] jepsen.util: :nemesis	:info	:stop-partition	:network-healed
2024-02-23 19:15:05,608{GMT}	INFO	[jepsen worker 0] jepsen.util: 0	:invoke	:broadcast	34
2024-02-23 19:15:05,609{GMT}	INFO	[jepsen worker 0] jepsen.util: 0	:ok	:broadcast	34
2024-02-23 19:15:05,697{GMT}	INFO	[jepsen worker 1] jepsen.util: 1	:invoke	:read	nil
2024-02-23 19:15:05,698{GMT}	INFO	[jepsen worker 1] jepsen.util: 1	:ok	:read	[0 0 0 0 0 0 0 0 0 0 0 0 0 0 0 0 0 0 0 0 0 0 0 0 0 0 0 0 0 34 4 17 33 19 21 31 1 9 13 28 32 3 25 30 15 20 24 0 5 22 27 29 10 12 23 7 8 16]
2024-02-23 19:15:05,847{GMT}	INFO	[jepsen worker 2] jepsen.util: 2	:invoke	:read	nil
2024-02-23 19:15:05,848{GMT}	INFO	[jepsen worker 2] jepsen.util: 2	:ok	:read	[0 0 0 0 0 0 0 0 0 0 0 0 0 0 0 0 0 0 0 0 0 0 0 0 0 0 0 0 0 28 3 10 27 32 8 22 17 23 33 34 1 9 13 16 19 21 4 5 25 20 24 15 31 30 7 12 0 29]
2024-02-23 19:15:05,940{GMT}	INFO	[jepsen worker 3] jepsen.util: 3	:invoke	:read	nil
2024-02-23 19:15:05,942{GMT}	INFO	[jepsen worker 3] jepsen.util: 3	:ok	:read	[0 0 0 0 0 0 0 0 0 0 0 0 0 0 0 0 0 0 0 0 0 0 0 0 0 0 0 0 0 24 29 3 9 16 25 32 12 20 21 27 33 34 4 13 23 0 1 8 30 31 5 7 15 10 17 28 19 22]
2024-02-23 19:15:05,956{GMT}	INFO	[jepsen worker 4] jepsen.util: 4	:invoke	:broadcast	35
2024-02-23 19:15:05,958{GMT}	INFO	[jepsen worker 4] jepsen.util: 4	:ok	:broadcast	35
2024-02-23 19:15:06,123{GMT}	INFO	[jepsen worker 0] jepsen.util: 0	:invoke	:broadcast	36
2024-02-23 19:15:06,124{GMT}	INFO	[jepsen worker 0] jepsen.util: 0	:ok	:broadcast	36
2024-02-23 19:15:06,206{GMT}	INFO	[jepsen worker 0] jepsen.util: 0	:invoke	:broadcast	37
2024-02-23 19:15:06,206{GMT}	INFO	[jepsen worker 0] jepsen.util: 0	:ok	:broadcast	37
2024-02-23 19:15:06,366{GMT}	INFO	[jepsen worker 1] jepsen.util: 1	:invoke	:broadcast	38
2024-02-23 19:15:06,367{GMT}	INFO	[jepsen worker 1] jepsen.util: 1	:ok	:broadcast	38
2024-02-23 19:15:06,420{GMT}	INFO	[jepsen worker 2] jepsen.util: 2	:invoke	:read	nil
2024-02-23 19:15:06,421{GMT}	INFO	[jepsen worker 2] jepsen.util: 2	:ok	:read	[0 0 0 0 0 0 0 0 0 0 0 0 0 0 0 0 0 0 0 0 0 0 0 0 0 0 0 0 0 0 0 0 0 31 37 15 12 30 7 29 38 0 10 28 3 22 27 32 35 8 9 17 23 33 34 1 5 13 16 19 21 36 4 24 25 20]
2024-02-23 19:15:06,541{GMT}	INFO	[jepsen worker 3] jepsen.util: 3	:invoke	:broadcast	39
2024-02-23 19:15:06,543{GMT}	INFO	[jepsen worker 3] jepsen.util: 3	:ok	:broadcast	39
2024-02-23 19:15:06,620{GMT}	INFO	[jepsen worker 4] jepsen.util: 4	:invoke	:read	nil
2024-02-23 19:15:06,621{GMT}	INFO	[jepsen worker 4] jepsen.util: 4	:ok	:read	[0 0 0 0 0 0 0 0 0 0 0 0 18 26 39 6 11 14 36 37 38 2 34 35]
2024-02-23 19:15:06,703{GMT}	INFO	[jepsen worker 0] jepsen.util: 0	:invoke	:broadcast	40
2024-02-23 19:15:06,703{GMT}	INFO	[jepsen worker 0] jepsen.util: 0	:ok	:broadcast	40
2024-02-23 19:15:06,828{GMT}	INFO	[jepsen worker 0] jepsen.util: 0	:invoke	:broadcast	41
2024-02-23 19:15:06,830{GMT}	INFO	[jepsen worker 0] jepsen.util: 0	:ok	:broadcast	41
2024-02-23 19:15:06,867{GMT}	INFO	[jepsen worker 1] jepsen.util: 1	:invoke	:read	nil
2024-02-23 19:15:06,868{GMT}	INFO	[jepsen worker 1] jepsen.util: 1	:ok	:read	[0 0 0 0 0 0 0 0 0 0 0 0 0 0 0 0 0 0 0 0 0 0 0 0 0 0 0 0 0 0 0 0 0 0 0 0 32 28 25 30 39 3 20 24 41 15 5 22 36 38 0 12 23 27 29 10 8 16 37 7 17 33 34 35 4 9 13 19 21 31 40 1]
2024-02-23 19:15:07,016{GMT}	INFO	[jepsen worker 2] jepsen.util: 2	:invoke	:broadcast	42
2024-02-23 19:15:07,017{GMT}	INFO	[jepsen worker 2] jepsen.util: 2	:ok	:broadcast	42
2024-02-23 19:15:07,117{GMT}	INFO	[jepsen worker 3] jepsen.util: 3	:invoke	:broadcast	43
2024-02-23 19:15:07,117{GMT}	INFO	[jepsen worker 3] jepsen.util: 3	:ok	:broadcast	43
2024-02-23 19:15:07,131{GMT}	INFO	[jepsen worker 4] jepsen.util: 4	:invoke	:broadcast	44
2024-02-23 19:15:07,132{GMT}	INFO	[jepsen worker 4] jepsen.util: 4	:ok	:broadcast	44
2024-02-23 19:15:07,278{GMT}	INFO	[jepsen worker 0] jepsen.util: 0	:invoke	:broadcast	45
2024-02-23 19:15:07,280{GMT}	INFO	[jepsen worker 0] jepsen.util: 0	:ok	:broadcast	45
2024-02-23 19:15:07,296{GMT}	INFO	[jepsen worker 0] jepsen.util: 0	:invoke	:broadcast	46
2024-02-23 19:15:07,297{GMT}	INFO	[jepsen worker 0] jepsen.util: 0	:ok	:broadcast	46
2024-02-23 19:15:07,462{GMT}	INFO	[jepsen worker 1] jepsen.util: 1	:invoke	:read	nil
2024-02-23 19:15:07,463{GMT}	INFO	[jepsen worker 1] jepsen.util: 1	:ok	:read	[0 0 0 0 0 0 0 0 0 0 0 0 0 0 0 0 0 0 0 0 0 0 0 0 0 0 0 0 0 0 0 0 0 0 0 0 0 0 0 0 0 33 34 35 43 46 4 17 13 19 21 31 40 1 9 28 32 30 39 45 3 25 24 41 42 44 15 20 22 36 38 0 5 23 27 29 10 12 16 37 7 8]
2024-02-23 19:15:07,493{GMT}	INFO	[jepsen worker 2] jepsen.util: 2	:invoke	:broadcast	47
2024-02-23 19:15:07,495{GMT}	INFO	[jepsen worker 2] jepsen.util: 2	:ok	:broadcast	47
2024-02-23 19:15:07,524{GMT}	INFO	[jepsen worker 3] jepsen.util: 3	:invoke	:broadcast	48
2024-02-23 19:15:07,525{GMT}	INFO	[jepsen worker 3] jepsen.util: 3	:ok	:broadcast	48
2024-02-23 19:15:07,720{GMT}	INFO	[jepsen worker 4] jepsen.util: 4	:invoke	:read	nil
2024-02-23 19:15:07,721{GMT}	INFO	[jepsen worker 4] jepsen.util: 4	:ok	:read	[0 0 0 0 0 0 0 0 0 0 0 0 0 0 0 0 0 0 0 0 0 6 11 40 43 2 34 37 41 46 47 14 18 26 39 44 35 36 38 42 45 48]
2024-02-23 19:15:07,819{GMT}	INFO	[jepsen worker 0] jepsen.util: 0	:invoke	:broadcast	49
2024-02-23 19:15:07,821{GMT}	INFO	[jepsen worker 0] jepsen.util: 0	:ok	:broadcast	49
2024-02-23 19:15:07,910{GMT}	INFO	[jepsen worker 0] jepsen.util: 0	:invoke	:read	nil
2024-02-23 19:15:07,911{GMT}	INFO	[jepsen worker 0] jepsen.util: 0	:ok	:read	[0 0 0 0 0 0 0 0 0 0 0 0 0 0 0 0 0 0 0 0 0 0 0 0 0 0 0 0 0 0 0 0 0 0 0 0 0 0 0 0 0 0 0 0 1 12 41 45 49 0 13 28 43 47 9 19 33 46 44 3 29 30 37 40 42 48 4 25 27 32 39 16 21 22 35 23 31 36 38 8 10 17 20 34 5 7 15 24]
2024-02-23 19:15:07,987{GMT}	INFO	[jepsen worker 1] jepsen.util: 1	:invoke	:broadcast	50
2024-02-23 19:15:07,987{GMT}	INFO	[jepsen worker 1] jepsen.util: 1	:ok	:broadcast	50
2024-02-23 19:15:08,123{GMT}	INFO	[jepsen worker 2] jepsen.util: 2	:invoke	:read	nil
2024-02-23 19:15:08,124{GMT}	INFO	[jepsen worker 2] jepsen.util: 2	:ok	:read	[0 0 0 0 0 0 0 0 0 0 0 0 0 0 0 0 0 0 0 0 0 0 0 0 0 0 0 0 0 0 0 0 0 0 0 0 0 0 0 0 0 0 0 0 0 37 41 45 15 31 30 40 7 12 38 0 29 28 3 10 27 32 35 39 49 50 8 22 17 23 33 34 47 1 9 13 16 19 21 36 43 4 5 48 44 46 25 42 20 24]
2024-02-23 19:15:08,310{GMT}	INFO	[jepsen worker 3] jepsen.util: 3	:invoke	:read	nil
2024-02-23 19:15:08,312{GMT}	INFO	[jepsen worker 3] jepsen.util: 3	:ok	:read	[0 0 0 0 0 0 0 0 0 0 0 0 0 0 0 0 0 0 0 0 0 0 0 0 0 0 0 0 0 0 0 0 0 0 0 0 0 0 0 0 0 0 0 0 0 19 22 24 29 39 42 43 3 9 16 25 32 46 12 20 21 27 33 34 35 48 50 4 13 23 36 47 49 0 1 8 30 31 5 7 15 38 40 41 44 10 17 28 37 45]
2024-02-23 19:15:08,346{GMT}	INFO	[jepsen worker 4] jepsen.util: 4	:invoke	:read	nil
2024-02-23 19:15:08,347{GMT}	INFO	[jepsen worker 4] jepsen.util: 4	:ok	:read	[0 0 0 0 0 0 0 0 0 0 0 0 0 0 0 0 0 0 0 0 0 0 0 14 18 26 39 44 35 36 38 42 45 48 6 11 40 43 49 50 2 34 37 41 46 47]
2024-02-23 19:15:08,413{GMT}	INFO	[jepsen worker 0] jepsen.util: 0	:invoke	:broadcast	51
2024-02-23 19:15:08,414{GMT}	INFO	[jepsen worker 0] jepsen.util: 0	:ok	:broadcast	51
2024-02-23 19:15:08,501{GMT}	INFO	[jepsen worker 0] jepsen.util: 0	:invoke	:read	nil
2024-02-23 19:15:08,502{GMT}	INFO	[jepsen worker 0] jepsen.util: 0	:ok	:read	[0 0 0 0 0 0 0 0 0 0 0 0 0 0 0 0 0 0 0 0 0 0 0 0 0 0 0 0 0 0 0 0 0 0 0 0 0 0 0 0 0 0 0 0 0 0 17 20 23 31 36 38 8 10 51 15 24 34 5 7 41 45 1 12 28 43 49 0 13 33 46 47 9 19 30 37 44 3 29 27 32 40 42 48 50 4 25 22 35 39 16 21]
2024-02-23 19:15:08,518{GMT}	INFO	[jepsen worker 1] jepsen.util: 1	:invoke	:read	nil
2024-02-23 19:15:08,519{GMT}	INFO	[jepsen worker 1] jepsen.util: 1	:ok	:read	[0 0 0 0 0 0 0 0 0 0 0 0 0 0 0 0 0 0 0 0 0 0 0 0 0 0 0 0 0 0 0 0 0 0 0 0 0 0 0 0 0 0 0 0 0 0 17 33 34 35 43 46 4 9 13 19 21 31 40 47 1 50 32 48 49 28 25 30 39 45 3 20 24 41 42 44 15 5 22 36 38 51 0 12 23 27 29 10 8 16 37 7]
2024-02-23 19:15:08,647{GMT}	INFO	[jepsen worker 2] jepsen.util: 2	:invoke	:read	nil
2024-02-23 19:15:08,648{GMT}	INFO	[jepsen worker 2] jepsen.util: 2	:ok	:read	[0 0 0 0 0 0 0 0 0 0 0 0 0 0 0 0 0 0 0 0 0 0 0 0 0 0 0 0 0 0 0 0 0 0 0 0 0 0 0 0 0 0 0 0 0 0 38 0 29 28 51 3 10 27 32 35 39 49 50 8 22 17 23 33 34 47 1 9 13 16 19 21 36 43 4 5 48 44 46 25 42 20 24 37 41 45 15 31 30 40 7 12]
2024-02-23 19:15:08,690{GMT}	INFO	[jepsen worker 3] jepsen.util: 3	:invoke	:broadcast	52
2024-02-23 19:15:08,690{GMT}	INFO	[jepsen worker 3] jepsen.util: 3	:ok	:broadcast	52
2024-02-23 19:15:08,716{GMT}	INFO	[jepsen worker 4] jepsen.util: 4	:invoke	:broadcast	53
2024-02-23 19:15:08,717{GMT}	INFO	[jepsen worker 4] jepsen.util: 4	:ok	:broadcast	53
2024-02-23 19:15:08,912{GMT}	INFO	[jepsen worker 0] jepsen.util: 0	:invoke	:broadcast	54
2024-02-23 19:15:08,913{GMT}	INFO	[jepsen worker 0] jepsen.util: 0	:ok	:broadcast	54
2024-02-23 19:15:09,113{GMT}	INFO	[jepsen worker 0] jepsen.util: 0	:invoke	:broadcast	55
2024-02-23 19:15:09,114{GMT}	INFO	[jepsen worker 0] jepsen.util: 0	:ok	:broadcast	55
2024-02-23 19:15:09,256{GMT}	INFO	[jepsen worker 1] jepsen.util: 1	:invoke	:broadcast	56
2024-02-23 19:15:09,257{GMT}	INFO	[jepsen worker 1] jepsen.util: 1	:ok	:broadcast	56
2024-02-23 19:15:09,383{GMT}	INFO	[jepsen worker 2] jepsen.util: 2	:invoke	:read	nil
2024-02-23 19:15:09,384{GMT}	INFO	[jepsen worker 2] jepsen.util: 2	:ok	:read	[0 0 0 0 0 0 0 0 0 0 0 0 0 0 0 0 0 0 0 0 0 0 0 0 0 0 0 0 0 0 0 0 0 0 0 0 0 0 0 0 0 0 0 0 0 0 0 0 0 0 0 23 33 34 47 1 9 17 16 19 21 36 43 4 5 13 56 44 46 48 42 54 55 20 24 25 41 45 15 31 37 40 7 12 30 0 29 38 51 53 3 10 28 32 35 39 49 50 8 22 27 52]
2024-02-23 19:15:09,453{GMT}	INFO	[jepsen worker 3] jepsen.util: 3	:invoke	:read	nil
2024-02-23 19:15:09,454{GMT}	INFO	[jepsen worker 3] jepsen.util: 3	:ok	:read	[0 0 0 0 0 0 0 0 0 0 0 0 0 0 0 0 0 0 0 0 0 0 0 0 0 0 0 0 0 0 0 0 0 0 0 0 0 0 0 0 0 0 0 0 0 0 0 0 0 0 0 13 23 36 47 49 4 1 8 30 31 53 0 7 15 38 40 41 44 5 17 28 37 45 51 52 54 10 22 19 29 39 42 43 56 24 9 16 25 32 55 3 20 21 27 33 34 35 46 12 50 48]
2024-02-23 19:15:09,477{GMT}	INFO	[jepsen worker 4] jepsen.util: 4	:invoke	:read	nil
2024-02-23 19:15:09,478{GMT}	INFO	[jepsen worker 4] jepsen.util: 4	:ok	:read	[0 0 0 0 0 0 0 0 0 0 0 0 0 0 0 0 0 0 0 0 0 0 0 0 0 0 0 0 0 36 38 48 11 40 50 56 37 46 47 54 55 39 35 42 45 6 43 49 51 2 34 41 53 14 18 26 44 52]
2024-02-23 19:15:09,591{GMT}	INFO	[jepsen worker 0] jepsen.util: 0	:invoke	:broadcast	57
2024-02-23 19:15:09,592{GMT}	INFO	[jepsen worker 0] jepsen.util: 0	:ok	:broadcast	57
2024-02-23 19:15:09,662{GMT}	INFO	[jepsen worker 0] jepsen.util: 0	:invoke	:broadcast	58
2024-02-23 19:15:09,663{GMT}	INFO	[jepsen worker 0] jepsen.util: 0	:ok	:broadcast	58
2024-02-23 19:15:09,836{GMT}	INFO	[jepsen worker 1] jepsen.util: 1	:invoke	:read	nil
2024-02-23 19:15:09,837{GMT}	INFO	[jepsen worker 1] jepsen.util: 1	:ok	:read	[0 0 0 0 0 0 0 0 0 0 0 0 0 0 0 0 0 0 0 0 0 0 0 0 0 0 0 0 0 0 0 0 0 0 0 0 0 0 0 0 0 0 0 0 0 0 0 0 0 0 0 0 0 10 29 56 58 7 16 37 43 17 33 31 13 28 32 48 54 3 30 39 42 38 52 53 5 22 57 12 23 27 55 8 35 46 4 34 21 40 47 1 9 19 50 49 45 25 44 15 20 24 41 51 0 36]
2024-02-23 19:15:09,945{GMT}	INFO	[jepsen worker 2] jepsen.util: 2	:invoke	:broadcast	59
2024-02-23 19:15:09,945{GMT}	INFO	[jepsen worker 2] jepsen.util: 2	:ok	:broadcast	59
2024-02-23 19:15:10,145{GMT}	INFO	[jepsen worker 3] jepsen.util: 3	:invoke	:broadcast	60
2024-02-23 19:15:10,146{GMT}	INFO	[jepsen worker 3] jepsen.util: 3	:ok	:broadcast	60
2024-02-23 19:15:10,196{GMT}	INFO	[jepsen worker 4] jepsen.util: 4	:invoke	:broadcast	61
2024-02-23 19:15:10,197{GMT}	INFO	[jepsen worker 4] jepsen.util: 4	:ok	:broadcast	61
2024-02-23 19:15:10,347{GMT}	INFO	[jepsen worker 0] jepsen.util: 0	:invoke	:broadcast	62
2024-02-23 19:15:10,348{GMT}	INFO	[jepsen worker 0] jepsen.util: 0	:ok	:broadcast	62
2024-02-23 19:15:10,464{GMT}	INFO	[jepsen worker 0] jepsen.util: 0	:invoke	:read	nil
2024-02-23 19:15:10,465{GMT}	INFO	[jepsen worker 0] jepsen.util: 0	:ok	:read	[0 0 0 0 0 0 0 0 0 0 0 0 0 0 0 0 0 0 0 0 0 0 0 0 0 0 0 0 0 0 0 0 0 0 0 0 0 0 0 0 0 0 0 0 0 0 0 0 0 0 0 0 0 0 0 0 0 39 35 10 31 56 61 8 24 5 41 53 1 43 49 28 46 30 37 58 29 32 21 22 16 20 23 36 38 51 59 62 17 15 34 7 45 52 54 60 12 13 0 19 33 47 9 44 57 3 25 27 40 42 48 50 55 4]
2024-02-23 19:15:10,583{GMT}	INFO	[jepsen worker 1] jepsen.util: 1	:invoke	:broadcast	63
2024-02-23 19:15:10,584{GMT}	INFO	[jepsen worker 1] jepsen.util: 1	:ok	:broadcast	63
2024-02-23 19:15:10,603{GMT}	INFO	[jepsen worker 2] jepsen.util: 2	:invoke	:read	nil
2024-02-23 19:15:10,605{GMT}	INFO	[jepsen worker 2] jepsen.util: 2	:ok	:read	[0 0 0 0 0 0 0 0 0 0 0 0 0 0 0 0 0 0 0 0 0 0 0 0 0 0 0 0 0 0 0 0 0 0 0 0 0 0 0 0 0 0 0 0 0 0 0 0 0 0 0 0 0 0 0 0 0 0 36 48 56 20 45 15 31 41 7 0 38 10 28 59 32 35 39 49 52 8 22 27 58 34 1 17 23 16 19 21 43 44 4 5 13 46 60 54 55 24 25 42 37 61 62 12 30 40 29 57 63 3 51 53 50 9 33 47]
2024-02-23 19:15:10,802{GMT}	INFO	[jepsen worker 3] jepsen.util: 3	:invoke	:broadcast	64
2024-02-23 19:15:10,803{GMT}	INFO	[jepsen worker 3] jepsen.util: 3	:ok	:broadcast	64
2024-02-23 19:15:10,861{GMT}	INFO	[jepsen worker 4] jepsen.util: 4	:invoke	:broadcast	65
2024-02-23 19:15:10,862{GMT}	INFO	[jepsen worker 4] jepsen.util: 4	:ok	:broadcast	65
2024-02-23 19:15:10,993{GMT}	INFO	[jepsen worker 0] jepsen.util: 0	:invoke	:read	nil
2024-02-23 19:15:10,994{GMT}	INFO	[jepsen worker 0] jepsen.util: 0	:ok	:read	[0 0 0 0 0 0 0 0 0 0 0 0 0 0 0 0 0 0 0 0 0 0 0 0 0 0 0 0 0 0 0 0 0 0 0 0 0 0 0 0 0 0 0 0 0 0 0 0 0 0 0 0 0 0 0 0 0 0 0 0 8 10 31 56 61 64 5 24 65 1 41 53 28 43 49 46 29 30 37 58 32 63 16 21 22 62 17 20 23 36 38 51 59 7 15 34 12 45 52 54 60 0 13 9 19 33 47 3 44 57 55 4 25 27 40 42 48 50 35 39]
2024-02-23 19:15:11,103{GMT}	INFO	[jepsen worker 0] jepsen.util: 0	:invoke	:broadcast	66
2024-02-23 19:15:11,104{GMT}	INFO	[jepsen worker 0] jepsen.util: 0	:ok	:broadcast	66
2024-02-23 19:15:11,192{GMT}	INFO	[jepsen worker 1] jepsen.util: 1	:invoke	:read	nil
2024-02-23 19:15:11,193{GMT}	INFO	[jepsen worker 1] jepsen.util: 1	:ok	:read	[0 0 0 0 0 0 0 0 0 0 0 0 0 0 0 0 0 0 0 0 0 0 0 0 0 0 0 0 0 0 0 0 0 0 0 0 0 0 0 0 0 0 0 0 0 0 0 0 0 0 0 0 0 0 0 0 0 0 0 0 0 43 17 33 62 13 31 48 54 28 32 39 60 3 30 42 63 38 52 53 57 65 5 22 27 55 12 23 8 66 35 46 61 4 34 19 21 40 47 50 1 9 49 59 25 45 24 41 44 15 20 51 64 0 36 56 58 10 29 37 7 16]
2024-02-23 19:15:11,236{GMT}	INFO	[jepsen worker 2] jepsen.util: 2	:invoke	:read	nil
2024-02-23 19:15:11,237{GMT}	INFO	[jepsen worker 2] jepsen.util: 2	:ok	:read	[0 0 0 0 0 0 0 0 0 0 0 0 0 0 0 0 0 0 0 0 0 0 0 0 0 0 0 0 0 0 0 0 0 0 0 0 0 0 0 0 0 0 0 0 0 0 0 0 0 0 0 0 0 0 0 0 0 0 0 0 0 47 65 9 33 56 66 36 48 20 41 45 15 31 7 0 38 59 64 10 28 27 32 35 39 49 52 8 22 58 23 34 1 17 13 16 19 21 43 44 4 5 46 60 42 54 55 24 25 37 61 40 62 12 30 63 29 57 53 3 51 50]
2024-02-23 19:15:11,291{GMT}	INFO	[jepsen worker 3] jepsen.util: 3	:invoke	:broadcast	67
2024-02-23 19:15:11,292{GMT}	INFO	[jepsen worker 3] jepsen.util: 3	:ok	:broadcast	67
2024-02-23 19:15:11,306{GMT}	INFO	[jepsen worker 4] jepsen.util: 4	:invoke	:read	nil
2024-02-23 19:15:11,307{GMT}	INFO	[jepsen worker 4] jepsen.util: 4	:ok	:read	[0 0 0 0 0 0 0 0 0 0 0 0 0 0 0 0 0 0 0 0 0 0 0 0 0 0 0 0 0 0 0 0 0 0 0 0 0 0 0 0 14 18 26 44 52 53 60 36 38 48 63 11 40 50 57 59 66 37 46 47 54 55 56 62 67 39 58 35 42 45 65 6 43 49 51 61 2 34 41 64]
2024-02-23 19:15:11,433{GMT}	INFO	[jepsen worker 0] jepsen.util: 0	:invoke	:read	nil
2024-02-23 19:15:11,434{GMT}	INFO	[jepsen worker 0] jepsen.util: 0	:ok	:read	[0 0 0 0 0 0 0 0 0 0 0 0 0 0 0 0 0 0 0 0 0 0 0 0 0 0 0 0 0 0 0 0 0 0 0 0 0 0 0 0 0 0 0 0 0 0 0 0 0 0 0 0 0 0 0 0 0 0 0 0 0 0 53 1 41 49 67 28 43 46 37 58 66 29 30 32 63 22 16 21 23 36 38 51 59 62 17 20 34 7 15 52 54 60 12 45 0 13 33 47 9 19 57 3 44 27 40 42 48 50 55 4 25 35 39 31 56 61 64 8 10 65 5 24]
2024-02-23 19:15:11,480{GMT}	INFO	[jepsen worker 0] jepsen.util: 0	:invoke	:read	nil
2024-02-23 19:15:11,485{GMT}	INFO	[jepsen worker 0] jepsen.util: 0	:ok	:read	[0 0 0 0 0 0 0 0 0 0 0 0 0 0 0 0 0 0 0 0 0 0 0 0 0 0 0 0 0 0 0 0 0 0 0 0 0 0 0 0 0 0 0 0 0 0 0 0 0 0 0 0 0 0 0 0 0 0 0 0 0 0 62 17 20 23 36 38 51 59 7 15 34 12 45 52 54 60 0 13 9 19 33 47 3 44 57 55 4 25 27 40 42 48 50 35 39 8 10 31 56 61 64 5 24 65 1 41 53 28 43 49 67 46 29 30 37 58 66 32 63 16 21 22]
2024-02-23 19:15:11,512{GMT}	INFO	[jepsen worker 1] jepsen.util: 1	:invoke	:broadcast	68
2024-02-23 19:15:11,512{GMT}	INFO	[jepsen worker 1] jepsen.util: 1	:ok	:broadcast	68
2024-02-23 19:15:11,572{GMT}	INFO	[jepsen worker 2] jepsen.util: 2	:invoke	:read	nil
2024-02-23 19:15:11,573{GMT}	INFO	[jepsen worker 2] jepsen.util: 2	:ok	:read	[0 0 0 0 0 0 0 0 0 0 0 0 0 0 0 0 0 0 0 0 0 0 0 0 0 0 0 0 0 0 0 0 0 0 0 0 0 0 0 0 0 0 0 0 0 0 0 0 0 0 0 0 0 0 0 0 0 0 0 0 0 0 0 36 48 56 66 20 15 31 41 45 7 0 38 10 28 59 64 49 52 8 22 27 32 35 39 58 1 17 23 34 68 43 44 4 5 13 16 19 21 46 60 24 25 42 54 55 37 61 12 30 40 62 67 29 57 63 3 51 53 50 9 33 47 65]
2024-02-23 19:15:11,597{GMT}	INFO	[jepsen worker 3] jepsen.util: 3	:invoke	:read	nil
2024-02-23 19:15:11,597{GMT}	INFO	[jepsen worker 3] jepsen.util: 3	:ok	:read	[0 0 0 0 0 0 0 0 0 0 0 0 0 0 0 0 0 0 0 0 0 0 0 0 0 0 0 0 0 0 0 0 0 0 0 0 0 0 0 0 0 0 0 0 0 0 0 0 0 0 0 0 0 0 0 0 0 0 0 0 0 0 0 24 29 39 42 56 3 16 55 64 34 46 48 50 4 23 47 49 61 1 30 5 15 41 67 54 63 65 10 17 45 51 52 19 43 62 9 25 32 35 57 59 12 20 21 27 33 13 36 0 8 31 53 68 66 7 38 40 44 58 28 37 60 22]
2024-02-23 19:15:11,762{GMT}	INFO	[jepsen worker 4] jepsen.util: 4	:invoke	:broadcast	69
2024-02-23 19:15:11,763{GMT}	INFO	[jepsen worker 4] jepsen.util: 4	:ok	:broadcast	69
2024-02-23 19:15:11,900{GMT}	INFO	[jepsen worker 0] jepsen.util: 0	:invoke	:broadcast	70
2024-02-23 19:15:11,901{GMT}	INFO	[jepsen worker nemesis] jepsen.util: :nemesis	:info	:start-partition	:one
2024-02-23 19:15:11,901{GMT}	INFO	[jepsen worker 0] jepsen.util: 0	:ok	:broadcast	70
2024-02-23 19:15:11,905{GMT}	INFO	[jepsen worker nemesis] jepsen.util: :nemesis	:info	:start-partition	[:isolated {"n4" #{"n2" "n1" "n0" "n3"}, "n2" #{"n4"}, "n1" #{"n4"}, "n0" #{"n4"}, "n3" #{"n4"}}]
2024-02-23 19:15:12,078{GMT}	INFO	[jepsen worker 1] jepsen.util: 1	:invoke	:broadcast	71
2024-02-23 19:15:12,079{GMT}	INFO	[jepsen worker 1] jepsen.util: 1	:ok	:broadcast	71
2024-02-23 19:15:12,219{GMT}	INFO	[jepsen worker 2] jepsen.util: 2	:invoke	:read	nil
2024-02-23 19:15:12,221{GMT}	INFO	[jepsen worker 2] jepsen.util: 2	:ok	:read	[0 0 0 0 0 0 0 0 0 0 0 0 0 0 0 0 0 0 0 0 0 0 0 0 0 0 0 0 0 0 0 0 0 0 0 0 0 0 0 0 0 0 0 0 0 0 0 0 0 0 0 0 0 0 0 0 0 0 0 0 0 0 0 0 0 0 7 0 38 10 28 59 64 35 39 49 52 8 22 27 32 58 69 68 1 17 23 34 19 21 43 44 4 5 13 16 46 60 55 24 25 42 54 37 61 67 12 30 40 62 29 57 63 3 51 53 71 50 9 33 47 65 70 36 48 56 66 20 15 31 41 45]
2024-02-23 19:15:12,383{GMT}	INFO	[jepsen worker 3] jepsen.util: 3	:invoke	:read	nil
2024-02-23 19:15:12,384{GMT}	INFO	[jepsen worker 3] jepsen.util: 3	:ok	:read	[0 0 0 0 0 0 0 0 0 0 0 0 0 0 0 0 0 0 0 0 0 0 0 0 0 0 0 0 0 0 0 0 0 0 0 0 0 0 0 0 0 0 0 0 0 0 0 0 0 0 0 0 0 0 0 0 0 0 0 0 0 0 0 0 0 0 24 29 39 42 56 71 3 16 55 64 34 46 48 50 4 23 47 49 61 1 30 5 15 41 67 10 17 45 51 52 54 63 65 19 43 62 9 25 32 12 20 21 27 33 35 57 59 13 36 0 8 31 53 68 69 70 7 38 40 44 58 66 28 37 60 22]
2024-02-23 19:15:12,407{GMT}	INFO	[jepsen worker 4] jepsen.util: 4	:invoke	:read	nil
2024-02-23 19:15:12,408{GMT}	INFO	[jepsen worker 4] jepsen.util: 4	:ok	:read	[0 0 0 0 0 0 0 0 0 0 0 0 0 0 0 0 0 0 0 0 0 0 0 0 0 0 0 0 0 0 0 0 0 0 0 0 0 0 0 0 0 0 0 60 14 18 26 44 52 53 36 38 48 63 11 40 50 57 59 66 62 67 37 46 47 54 55 56 70 39 58 35 42 45 65 69 6 43 49 51 61 68 2 34 41 64]
2024-02-23 19:15:12,437{GMT}	INFO	[jepsen worker 0] jepsen.util: 0	:invoke	:broadcast	72
2024-02-23 19:15:12,438{GMT}	INFO	[jepsen worker 0] jepsen.util: 0	:ok	:broadcast	72
2024-02-23 19:15:12,448{GMT}	INFO	[jepsen worker 0] jepsen.util: 0	:invoke	:broadcast	73
2024-02-23 19:15:12,449{GMT}	INFO	[jepsen worker 0] jepsen.util: 0	:ok	:broadcast	73
2024-02-23 19:15:12,568{GMT}	INFO	[jepsen worker 1] jepsen.util: 1	:invoke	:read	nil
2024-02-23 19:15:12,569{GMT}	INFO	[jepsen worker 1] jepsen.util: 1	:ok	:read	[0 0 0 0 0 0 0 0 0 0 0 0 0 0 0 0 0 0 0 0 0 0 0 0 0 0 0 0 0 0 0 0 0 0 0 0 0 0 0 0 0 0 0 0 0 0 0 0 0 0 0 0 0 0 0 0 0 0 0 0 0 0 0 0 0 0 0 0 41 44 15 20 24 64 72 0 36 51 58 10 29 56 7 16 37 70 17 33 43 71 13 31 62 54 73 28 32 48 60 3 30 39 42 63 69 52 53 57 65 67 5 22 38 55 12 23 27 8 66 46 61 4 34 35 21 40 47 50 68 1 9 19 49 25 45 59]
2024-02-23 19:15:12,598{GMT}	INFO	[jepsen worker 2] jepsen.util: 2	:invoke	:broadcast	74
2024-02-23 19:15:12,599{GMT}	INFO	[jepsen worker 2] jepsen.util: 2	:ok	:broadcast	74
2024-02-23 19:15:12,621{GMT}	INFO	[jepsen worker 3] jepsen.util: 3	:invoke	:broadcast	75
2024-02-23 19:15:12,623{GMT}	INFO	[jepsen worker 3] jepsen.util: 3	:ok	:broadcast	75
2024-02-23 19:15:12,644{GMT}	INFO	[jepsen worker 4] jepsen.util: 4	:invoke	:broadcast	76
2024-02-23 19:15:12,645{GMT}	INFO	[jepsen worker 4] jepsen.util: 4	:ok	:broadcast	76
2024-02-23 19:15:12,747{GMT}	INFO	[jepsen worker 0] jepsen.util: 0	:invoke	:read	nil
2024-02-23 19:15:12,748{GMT}	INFO	[jepsen worker 0] jepsen.util: 0	:ok	:read	[0 0 0 0 0 0 0 0 0 0 0 0 0 0 0 0 0 0 0 0 0 0 0 0 0 0 0 0 0 0 0 0 0 0 0 0 0 0 0 0 0 0 0 0 0 0 0 0 0 0 0 0 0 0 0 0 0 0 0 0 0 0 0 0 0 0 0 0 0 0 28 43 49 67 46 70 29 30 37 58 66 32 63 16 21 22 59 62 17 20 23 36 38 51 7 15 34 71 74 12 45 52 54 60 0 13 9 19 33 47 72 3 44 57 50 55 4 25 27 40 42 48 73 35 39 69 75 8 10 31 56 61 64 5 24 65 1 41 53 68]
2024-02-23 19:15:12,886{GMT}	INFO	[jepsen worker 0] jepsen.util: 0	:invoke	:read	nil
2024-02-23 19:15:12,888{GMT}	INFO	[jepsen worker 0] jepsen.util: 0	:ok	:read	[0 0 0 0 0 0 0 0 0 0 0 0 0 0 0 0 0 0 0 0 0 0 0 0 0 0 0 0 0 0 0 0 0 0 0 0 0 0 0 0 0 0 0 0 0 0 0 0 0 0 0 0 0 0 0 0 0 0 0 0 0 0 0 0 0 0 0 0 0 0 39 69 75 35 10 31 56 61 64 8 24 65 5 41 53 68 1 43 49 67 28 70 46 30 37 58 66 29 63 32 21 22 16 20 23 36 38 51 59 62 17 15 34 71 74 7 45 52 54 60 12 13 0 19 33 47 72 9 44 57 3 25 27 40 42 48 50 55 4 73]
2024-02-23 19:15:13,038{GMT}	INFO	[jepsen worker 1] jepsen.util: 1	:invoke	:read	nil
2024-02-23 19:15:13,039{GMT}	INFO	[jepsen worker 1] jepsen.util: 1	:ok	:read	[0 0 0 0 0 0 0 0 0 0 0 0 0 0 0 0 0 0 0 0 0 0 0 0 0 0 0 0 0 0 0 0 0 0 0 0 0 0 0 0 0 0 0 0 0 0 0 0 0 0 0 0 0 0 0 0 0 0 0 0 0 0 0 0 0 0 0 0 0 0 12 23 27 55 8 66 4 34 35 46 61 68 1 9 19 21 40 47 50 49 25 45 59 15 20 24 41 44 0 36 51 64 72 10 29 56 58 7 16 37 75 17 33 43 70 13 31 62 71 28 32 48 54 73 74 3 30 39 60 42 63 69 67 5 22 38 52 53 57 65]
2024-02-23 19:15:13,113{GMT}	INFO	[jepsen worker 2] jepsen.util: 2	:invoke	:broadcast	77
2024-02-23 19:15:13,113{GMT}	INFO	[jepsen worker 2] jepsen.util: 2	:ok	:broadcast	77
2024-02-23 19:15:13,278{GMT}	INFO	[jepsen worker 3] jepsen.util: 3	:invoke	:broadcast	78
2024-02-23 19:15:13,279{GMT}	INFO	[jepsen worker 3] jepsen.util: 3	:ok	:broadcast	78
2024-02-23 19:15:13,441{GMT}	INFO	[jepsen worker 4] jepsen.util: 4	:invoke	:read	nil
2024-02-23 19:15:13,443{GMT}	INFO	[jepsen worker 4] jepsen.util: 4	:ok	:read	[0 0 0 0 0 0 0 0 0 0 0 0 0 0 0 0 0 0 0 0 0 0 0 0 0 0 0 0 0 0 0 0 0 0 0 0 0 0 0 0 0 0 0 0 18 26 44 52 53 60 14 38 48 63 36 40 50 57 59 66 76 11 46 47 54 55 56 62 67 37 70 58 39 42 45 65 35 43 49 51 61 68 69 6 34 41 64 2]
2024-02-23 19:15:13,450{GMT}	INFO	[jepsen worker 0] jepsen.util: 0	:invoke	:read	nil
2024-02-23 19:15:13,451{GMT}	INFO	[jepsen worker 0] jepsen.util: 0	:ok	:read	[0 0 0 0 0 0 0 0 0 0 0 0 0 0 0 0 0 0 0 0 0 0 0 0 0 0 0 0 0 0 0 0 0 0 0 0 0 0 0 0 0 0 0 0 0 0 0 0 0 0 0 0 0 0 0 0 0 0 0 0 0 0 0 0 0 0 0 0 0 0 0 0 0 13 78 47 72 9 19 33 3 44 57 40 42 48 50 55 4 25 27 73 75 35 39 69 56 61 64 77 8 10 31 5 24 65 68 1 41 53 67 28 43 49 46 70 58 66 29 30 37 32 63 16 21 22 36 38 51 59 62 17 20 23 71 74 7 15 34 54 60 12 45 52]
2024-02-23 19:15:13,474{GMT}	INFO	[jepsen worker 0] jepsen.util: 0	:invoke	:broadcast	79
2024-02-23 19:15:13,475{GMT}	INFO	[jepsen worker 0] jepsen.util: 0	:ok	:broadcast	79
2024-02-23 19:15:13,540{GMT}	INFO	[jepsen worker 1] jepsen.util: 1	:invoke	:broadcast	80
2024-02-23 19:15:13,542{GMT}	INFO	[jepsen worker 1] jepsen.util: 1	:ok	:broadcast	80
2024-02-23 19:15:13,619{GMT}	INFO	[jepsen worker 2] jepsen.util: 2	:invoke	:broadcast	81
2024-02-23 19:15:13,620{GMT}	INFO	[jepsen worker 2] jepsen.util: 2	:ok	:broadcast	81
2024-02-23 19:15:13,636{GMT}	INFO	[jepsen worker 3] jepsen.util: 3	:invoke	:broadcast	82
2024-02-23 19:15:13,637{GMT}	INFO	[jepsen worker 3] jepsen.util: 3	:ok	:broadcast	82
2024-02-23 19:15:13,790{GMT}	INFO	[jepsen worker 4] jepsen.util: 4	:invoke	:broadcast	83
2024-02-23 19:15:13,791{GMT}	INFO	[jepsen worker 4] jepsen.util: 4	:ok	:broadcast	83
2024-02-23 19:15:13,930{GMT}	INFO	[jepsen worker 0] jepsen.util: 0	:invoke	:read	nil
2024-02-23 19:15:13,937{GMT}	INFO	[jepsen worker 0] jepsen.util: 0	:ok	:read	[0 0 0 0 0 0 0 0 0 0 0 0 0 0 0 0 0 0 0 0 0 0 0 0 0 0 0 0 0 0 0 0 0 0 0 0 0 0 0 0 0 0 0 0 0 0 0 0 0 0 0 0 0 0 0 0 0 0 0 0 0 0 0 0 0 0 0 0 0 0 0 0 0 0 0 0 29 30 37 58 66 32 63 81 16 21 22 59 62 17 20 23 36 38 51 7 15 34 71 74 12 45 52 54 60 0 13 78 9 19 33 47 72 3 44 57 50 55 4 25 27 40 42 48 73 79 80 35 39 69 75 82 77 8 10 31 56 61 64 5 24 65 1 41 53 68 28 43 49 67 46 70]
2024-02-23 19:15:13,968{GMT}	INFO	[jepsen worker 0] jepsen.util: 0	:invoke	:broadcast	84
2024-02-23 19:15:13,968{GMT}	INFO	[jepsen worker 0] jepsen.util: 0	:ok	:broadcast	84
2024-02-23 19:15:14,053{GMT}	INFO	[jepsen worker 1] jepsen.util: 1	:invoke	:broadcast	85
2024-02-23 19:15:14,054{GMT}	INFO	[jepsen worker 1] jepsen.util: 1	:ok	:broadcast	85
2024-02-23 19:15:14,249{GMT}	INFO	[jepsen worker 2] jepsen.util: 2	:invoke	:read	nil
2024-02-23 19:15:14,251{GMT}	INFO	[jepsen worker 2] jepsen.util: 2	:ok	:read	[0 0 0 0 0 0 0 0 0 0 0 0 0 0 0 0 0 0 0 0 0 0 0 0 0 0 0 0 0 0 0 0 0 0 0 0 0 0 0 0 0 0 0 0 0 0 0 0 0 0 0 0 0 0 0 0 0 0 0 0 0 0 0 0 0 0 0 0 0 0 0 0 0 0 0 0 0 0 3 51 53 71 74 50 82 9 33 47 65 77 36 48 56 66 70 79 20 15 31 41 45 80 7 0 38 10 28 59 64 72 78 84 52 8 22 27 32 35 39 49 58 69 1 17 23 34 68 85 44 4 5 13 16 19 21 43 46 60 24 25 42 54 55 73 81 37 61 12 30 40 62 67 75 29 57 63]
2024-02-23 19:15:14,272{GMT}	INFO	[jepsen worker 3] jepsen.util: 3	:invoke	:read	nil
2024-02-23 19:15:14,273{GMT}	INFO	[jepsen worker 3] jepsen.util: 3	:ok	:read	[0 0 0 0 0 0 0 0 0 0 0 0 0 0 0 0 0 0 0 0 0 0 0 0 0 0 0 0 0 0 0 0 0 0 0 0 0 0 0 0 0 0 0 0 0 0 0 0 0 0 0 0 0 0 0 0 0 0 0 0 0 0 0 0 0 0 0 0 0 0 0 0 0 0 0 0 0 0 46 48 50 34 23 47 49 61 75 4 30 82 1 15 41 67 5 17 45 51 52 54 63 65 10 19 62 85 43 25 32 9 20 21 27 33 35 57 59 12 36 80 13 8 31 53 68 69 70 72 0 84 38 40 44 58 66 7 37 60 28 78 79 81 22 29 39 42 56 71 77 24 16 55 64 73 74 3]
2024-02-23 19:15:14,333{GMT}	INFO	[jepsen worker 4] jepsen.util: 4	:invoke	:read	nil
2024-02-23 19:15:14,334{GMT}	INFO	[jepsen worker 4] jepsen.util: 4	:ok	:read	[0 0 0 0 0 0 0 0 0 0 0 0 0 0 0 0 0 0 0 0 0 0 0 0 0 0 0 0 0 0 0 0 0 0 0 0 0 0 0 0 0 0 0 0 0 76 11 40 50 57 59 66 62 67 37 46 47 54 55 56 70 39 58 83 35 42 45 65 69 6 43 49 51 61 68 2 34 41 64 60 14 18 26 44 52 53 36 38 48 63]
2024-02-23 19:15:14,395{GMT}	INFO	[jepsen worker 0] jepsen.util: 0	:invoke	:read	nil
2024-02-23 19:15:14,397{GMT}	INFO	[jepsen worker 0] jepsen.util: 0	:ok	:read	[0 0 0 0 0 0 0 0 0 0 0 0 0 0 0 0 0 0 0 0 0 0 0 0 0 0 0 0 0 0 0 0 0 0 0 0 0 0 0 0 0 0 0 0 0 0 0 0 0 0 0 0 0 0 0 0 0 0 0 0 0 0 0 0 0 0 0 0 0 0 0 0 0 0 0 0 0 0 57 3 44 27 40 42 48 50 55 4 25 80 73 79 69 75 82 35 39 31 56 61 64 77 8 10 65 5 24 53 68 1 41 49 67 84 28 43 46 70 37 58 66 29 30 81 32 63 22 16 21 23 36 38 51 59 62 17 20 34 71 74 85 7 15 52 54 60 12 45 78 0 13 33 47 72 9 19]
2024-02-23 19:15:14,555{GMT}	INFO	[jepsen worker 0] jepsen.util: 0	:invoke	:read	nil
2024-02-23 19:15:14,556{GMT}	INFO	[jepsen worker 0] jepsen.util: 0	:ok	:read	[0 0 0 0 0 0 0 0 0 0 0 0 0 0 0 0 0 0 0 0 0 0 0 0 0 0 0 0 0 0 0 0 0 0 0 0 0 0 0 0 0 0 0 0 0 0 0 0 0 0 0 0 0 0 0 0 0 0 0 0 0 0 0 0 0 0 0 0 0 0 0 0 0 0 0 0 0 0 40 42 48 50 55 4 25 27 73 79 80 75 82 35 39 69 56 61 64 77 8 10 31 5 24 65 68 1 41 53 67 84 28 43 49 46 70 58 66 29 30 37 32 63 81 16 21 22 36 38 51 59 62 17 20 23 71 74 85 7 15 34 54 60 12 45 52 0 13 78 47 72 9 19 33 3 44 57]
2024-02-23 19:15:14,582{GMT}	INFO	[jepsen worker 1] jepsen.util: 1	:invoke	:broadcast	86
2024-02-23 19:15:14,583{GMT}	INFO	[jepsen worker 1] jepsen.util: 1	:ok	:broadcast	86
2024-02-23 19:15:14,645{GMT}	INFO	[jepsen worker 2] jepsen.util: 2	:invoke	:broadcast	87
2024-02-23 19:15:14,646{GMT}	INFO	[jepsen worker 2] jepsen.util: 2	:ok	:broadcast	87
2024-02-23 19:15:14,740{GMT}	INFO	[jepsen worker 3] jepsen.util: 3	:invoke	:read	nil
2024-02-23 19:15:14,741{GMT}	INFO	[jepsen worker 3] jepsen.util: 3	:ok	:read	[0 0 0 0 0 0 0 0 0 0 0 0 0 0 0 0 0 0 0 0 0 0 0 0 0 0 0 0 0 0 0 0 0 0 0 0 0 0 0 0 0 0 0 0 0 0 0 0 0 0 0 0 0 0 0 0 0 0 0 0 0 0 0 0 0 0 0 0 0 0 0 0 0 0 0 0 0 0 0 0 13 36 80 68 69 70 72 0 8 31 53 84 58 66 7 38 40 44 28 37 60 86 22 78 79 81 56 71 77 24 29 39 42 73 74 3 16 55 64 34 46 48 50 61 75 4 23 47 49 1 30 82 5 15 41 67 52 54 63 65 10 17 45 51 87 19 43 62 85 9 25 32 33 35 57 59 12 20 21 27]
2024-02-23 19:15:14,909{GMT}	INFO	[jepsen worker 4] jepsen.util: 4	:invoke	:read	nil
2024-02-23 19:15:14,910{GMT}	INFO	[jepsen worker 4] jepsen.util: 4	:ok	:read	[0 0 0 0 0 0 0 0 0 0 0 0 0 0 0 0 0 0 0 0 0 0 0 0 0 0 0 0 0 0 0 0 0 0 0 0 0 0 0 0 0 0 0 0 0 11 40 50 57 59 66 76 37 46 47 54 55 56 62 67 70 39 58 83 35 42 45 65 6 43 49 51 61 68 69 2 34 41 64 14 18 26 44 52 53 60 36 38 48 63]
2024-02-23 19:15:15,053{GMT}	INFO	[jepsen worker 0] jepsen.util: 0	:invoke	:broadcast	88
2024-02-23 19:15:15,054{GMT}	INFO	[jepsen worker 0] jepsen.util: 0	:ok	:broadcast	88
2024-02-23 19:15:15,083{GMT}	INFO	[jepsen worker 0] jepsen.util: 0	:invoke	:read	nil
2024-02-23 19:15:15,084{GMT}	INFO	[jepsen worker 0] jepsen.util: 0	:ok	:read	[0 0 0 0 0 0 0 0 0 0 0 0 0 0 0 0 0 0 0 0 0 0 0 0 0 0 0 0 0 0 0 0 0 0 0 0 0 0 0 0 0 0 0 0 0 0 0 0 0 0 0 0 0 0 0 0 0 0 0 0 0 0 0 0 0 0 0 0 0 0 0 0 0 0 0 0 0 0 0 0 0 16 21 22 59 62 17 20 23 36 38 51 7 15 34 71 74 85 12 45 52 54 60 0 13 78 9 19 33 47 72 3 44 57 50 55 4 25 27 40 42 48 73 79 80 87 35 39 69 75 82 77 8 10 31 56 61 64 5 24 65 1 41 53 68 86 88 28 43 49 67 84 46 70 29 30 37 58 66 32 63 81]
2024-02-23 19:15:15,147{GMT}	INFO	[jepsen worker 1] jepsen.util: 1	:invoke	:broadcast	89
2024-02-23 19:15:15,148{GMT}	INFO	[jepsen worker 1] jepsen.util: 1	:ok	:broadcast	89
2024-02-23 19:15:15,262{GMT}	INFO	[jepsen worker 2] jepsen.util: 2	:invoke	:broadcast	90
2024-02-23 19:15:15,263{GMT}	INFO	[jepsen worker 2] jepsen.util: 2	:ok	:broadcast	90
2024-02-23 19:15:15,313{GMT}	INFO	[jepsen worker 3] jepsen.util: 3	:invoke	:broadcast	91
2024-02-23 19:15:15,314{GMT}	INFO	[jepsen worker 3] jepsen.util: 3	:ok	:broadcast	91
2024-02-23 19:15:15,462{GMT}	INFO	[jepsen worker 4] jepsen.util: 4	:invoke	:broadcast	92
2024-02-23 19:15:15,462{GMT}	INFO	[jepsen worker 4] jepsen.util: 4	:ok	:broadcast	92
2024-02-23 19:15:15,623{GMT}	INFO	[jepsen worker 0] jepsen.util: 0	:invoke	:broadcast	93
2024-02-23 19:15:15,624{GMT}	INFO	[jepsen worker 0] jepsen.util: 0	:ok	:broadcast	93
2024-02-23 19:15:15,683{GMT}	INFO	[jepsen worker 0] jepsen.util: 0	:invoke	:read	nil
2024-02-23 19:15:15,688{GMT}	INFO	[jepsen worker 0] jepsen.util: 0	:ok	:read	[0 0 0 0 0 0 0 0 0 0 0 0 0 0 0 0 0 0 0 0 0 0 0 0 0 0 0 0 0 0 0 0 0 0 0 0 0 0 0 0 0 0 0 0 0 0 0 0 0 0 0 0 0 0 0 0 0 0 0 0 0 0 0 0 0 0 0 0 0 0 0 0 0 0 0 0 0 0 0 0 0 0 0 0 0 81 32 63 22 16 21 23 36 38 51 59 62 17 20 93 34 71 74 85 7 15 52 54 60 89 91 12 45 78 0 13 33 47 72 9 19 57 3 44 27 40 42 48 50 55 4 25 80 87 90 73 79 69 75 82 35 39 31 56 61 64 77 8 10 65 5 24 53 68 86 88 1 41 49 67 84 28 43 46 70 37 58 66 29 30]
2024-02-23 19:15:15,710{GMT}	INFO	[jepsen worker 1] jepsen.util: 1	:invoke	:broadcast	94
2024-02-23 19:15:15,711{GMT}	INFO	[jepsen worker 1] jepsen.util: 1	:ok	:broadcast	94
2024-02-23 19:15:15,713{GMT}	INFO	[jepsen worker 2] jepsen.util: 2	:invoke	:read	nil
2024-02-23 19:15:15,714{GMT}	INFO	[jepsen worker 2] jepsen.util: 2	:ok	:read	[0 0 0 0 0 0 0 0 0 0 0 0 0 0 0 0 0 0 0 0 0 0 0 0 0 0 0 0 0 0 0 0 0 0 0 0 0 0 0 0 0 0 0 0 0 0 0 0 0 0 0 0 0 0 0 0 0 0 0 0 0 0 0 0 0 0 0 0 0 0 0 0 0 0 0 0 0 0 0 0 0 0 0 0 0 0 16 19 21 43 44 4 5 13 46 60 54 55 73 81 88 24 25 42 37 61 62 67 75 12 30 40 29 57 63 71 74 94 3 51 53 50 82 65 77 89 9 33 47 66 70 79 36 48 56 20 45 80 87 91 15 31 41 7 0 38 64 72 78 84 86 10 28 59 93 32 35 39 49 52 8 22 27 58 69 90 34 68 85 1 17 23]
2024-02-23 19:15:15,806{GMT}	INFO	[jepsen worker 3] jepsen.util: 3	:invoke	:broadcast	95
2024-02-23 19:15:15,807{GMT}	INFO	[jepsen worker 3] jepsen.util: 3	:ok	:broadcast	95
2024-02-23 19:15:15,845{GMT}	INFO	[jepsen worker 4] jepsen.util: 4	:invoke	:read	nil
2024-02-23 19:15:15,847{GMT}	INFO	[jepsen worker 4] jepsen.util: 4	:ok	:read	[0 0 0 0 0 0 0 0 0 0 0 0 0 0 0 0 0 0 0 0 0 0 0 0 0 0 0 0 0 0 0 0 0 0 0 0 0 0 0 0 0 0 0 0 0 0 36 38 48 63 11 40 50 57 59 66 76 67 37 46 47 54 55 56 62 70 39 58 83 35 42 45 65 92 6 43 49 51 61 68 69 2 34 41 64 14 18 26 44 52 53 60]
2024-02-23 19:15:15,970{GMT}	INFO	[jepsen worker 0] jepsen.util: 0	:invoke	:read	nil
2024-02-23 19:15:15,971{GMT}	INFO	[jepsen worker 0] jepsen.util: 0	:ok	:read	[0 0 0 0 0 0 0 0 0 0 0 0 0 0 0 0 0 0 0 0 0 0 0 0 0 0 0 0 0 0 0 0 0 0 0 0 0 0 0 0 0 0 0 0 0 0 0 0 0 0 0 0 0 0 0 0 0 0 0 0 0 0 0 0 0 0 0 0 0 0 0 0 0 0 0 0 0 0 0 0 0 0 0 0 0 0 0 28 43 49 67 84 46 70 29 30 37 58 66 32 63 81 95 16 21 22 51 59 62 17 20 23 36 38 93 85 7 15 34 71 74 89 91 12 45 52 54 60 0 13 78 9 19 33 47 72 3 44 57 48 50 55 4 25 27 40 42 73 79 80 87 90 35 39 69 75 82 64 77 94 8 10 31 56 61 5 24 65 88 1 41 53 68 86]
2024-02-23 19:15:16,142{GMT}	INFO	[jepsen worker 0] jepsen.util: 0	:invoke	:read	nil
2024-02-23 19:15:16,144{GMT}	INFO	[jepsen worker 0] jepsen.util: 0	:ok	:read	[0 0 0 0 0 0 0 0 0 0 0 0 0 0 0 0 0 0 0 0 0 0 0 0 0 0 0 0 0 0 0 0 0 0 0 0 0 0 0 0 0 0 0 0 0 0 0 0 0 0 0 0 0 0 0 0 0 0 0 0 0 0 0 0 0 0 0 0 0 0 0 0 0 0 0 0 0 0 0 0 0 0 0 0 0 0 0 5 24 65 86 88 1 41 53 68 84 28 43 49 67 46 70 66 29 30 37 58 32 63 81 95 16 21 22 38 51 59 62 17 20 23 36 93 74 85 7 15 34 71 60 89 91 12 45 52 54 0 13 78 72 9 19 33 47 3 44 57 42 48 50 55 4 25 27 40 90 73 79 80 87 82 35 39 69 75 61 64 77 94 8 10 31 56]
2024-02-23 19:15:16,328{GMT}	INFO	[jepsen worker 1] jepsen.util: 1	:invoke	:broadcast	96
2024-02-23 19:15:16,329{GMT}	INFO	[jepsen worker 1] jepsen.util: 1	:ok	:broadcast	96
2024-02-23 19:15:16,403{GMT}	INFO	[jepsen worker 2] jepsen.util: 2	:invoke	:read	nil
2024-02-23 19:15:16,405{GMT}	INFO	[jepsen worker 2] jepsen.util: 2	:ok	:read	[0 0 0 0 0 0 0 0 0 0 0 0 0 0 0 0 0 0 0 0 0 0 0 0 0 0 0 0 0 0 0 0 0 0 0 0 0 0 0 0 0 0 0 0 0 0 0 0 0 0 0 0 0 0 0 0 0 0 0 0 0 0 0 0 0 0 0 0 0 0 0 0 0 0 0 0 0 0 0 0 0 0 0 0 0 0 0 0 9 33 47 65 77 89 36 48 56 66 70 79 20 15 31 41 45 80 87 91 7 96 0 38 10 28 59 64 72 78 84 86 93 8 22 27 32 35 39 49 52 58 69 90 1 17 23 34 68 85 4 5 13 16 19 21 43 44 46 60 24 25 42 54 55 73 81 88 95 37 61 12 30 40 62 67 75 29 57 63 3 51 53 71 74 94 50 82]
2024-02-23 19:15:16,460{GMT}	INFO	[jepsen worker 3] jepsen.util: 3	:invoke	:broadcast	97
2024-02-23 19:15:16,461{GMT}	INFO	[jepsen worker 3] jepsen.util: 3	:ok	:broadcast	97
2024-02-23 19:15:16,474{GMT}	INFO	[jepsen worker 4] jepsen.util: 4	:invoke	:broadcast	98
2024-02-23 19:15:16,476{GMT}	INFO	[jepsen worker 4] jepsen.util: 4	:ok	:broadcast	98
2024-02-23 19:15:16,481{GMT}	INFO	[jepsen worker 0] jepsen.util: 0	:invoke	:broadcast	99
2024-02-23 19:15:16,482{GMT}	INFO	[jepsen worker 0] jepsen.util: 0	:ok	:broadcast	99
2024-02-23 19:15:16,562{GMT}	INFO	[jepsen worker 0] jepsen.util: 0	:invoke	:read	nil
2024-02-23 19:15:16,563{GMT}	INFO	[jepsen worker 0] jepsen.util: 0	:ok	:read	[0 0 0 0 0 0 0 0 0 0 0 0 0 0 0 0 0 0 0 0 0 0 0 0 0 0 0 0 0 0 0 0 0 0 0 0 0 0 0 0 0 0 0 0 0 0 0 0 0 0 0 0 0 0 0 0 0 0 0 0 0 0 0 0 0 0 0 0 0 0 0 0 0 0 0 0 0 0 0 0 0 0 0 0 0 0 0 0 0 0 30 37 58 66 29 63 81 95 32 21 22 97 16 20 23 36 38 51 59 62 17 99 93 15 34 71 74 85 7 45 52 54 60 89 91 12 13 78 0 19 33 47 72 9 44 57 3 25 27 40 42 48 50 55 4 79 80 87 90 73 39 69 75 82 35 10 31 56 61 64 77 94 8 24 65 96 5 41 53 68 86 88 1 43 49 67 84 28 70 46]
2024-02-23 19:15:16,595{GMT}	INFO	[jepsen worker 1] jepsen.util: 1	:invoke	:read	nil
2024-02-23 19:15:16,597{GMT}	INFO	[jepsen worker 1] jepsen.util: 1	:ok	:read	[0 0 0 0 0 0 0 0 0 0 0 0 0 0 0 0 0 0 0 0 0 0 0 0 0 0 0 0 0 0 0 0 0 0 0 0 0 0 0 0 0 0 0 0 0 0 0 0 0 0 0 0 0 0 0 0 0 0 0 0 0 0 0 0 0 0 0 0 0 0 0 0 0 0 0 0 0 0 0 0 0 0 0 0 0 0 0 0 0 0 10 29 56 58 7 16 37 75 79 82 17 33 43 70 99 13 31 62 71 80 95 28 32 48 54 73 74 91 3 30 39 60 78 42 63 69 85 86 67 5 22 38 52 53 57 65 12 23 27 55 87 89 8 66 77 4 34 35 46 61 84 88 68 1 9 19 21 40 47 50 49 25 45 59 81 96 15 20 24 41 44 90 94 0 36 51 64 72 93 97]
2024-02-23 19:15:16,736{GMT}	INFO	[jepsen worker 2] jepsen.util: 2	:invoke	:read	nil
2024-02-23 19:15:16,737{GMT}	INFO	[jepsen worker 2] jepsen.util: 2	:ok	:read	[0 0 0 0 0 0 0 0 0 0 0 0 0 0 0 0 0 0 0 0 0 0 0 0 0 0 0 0 0 0 0 0 0 0 0 0 0 0 0 0 0 0 0 0 0 0 0 0 0 0 0 0 0 0 0 0 0 0 0 0 0 0 0 0 0 0 0 0 0 0 0 0 0 0 0 0 0 0 0 0 0 0 0 0 0 0 0 0 0 0 64 72 78 84 86 10 28 59 93 32 35 39 49 52 8 22 27 58 69 90 34 68 85 1 17 23 16 19 21 43 44 4 5 13 46 60 54 55 73 81 88 24 25 42 95 37 61 62 67 75 12 30 40 97 29 57 63 71 74 94 3 51 53 50 82 65 77 89 9 33 47 66 70 79 36 48 56 20 99 45 80 87 91 15 31 41 7 96 0 38]
2024-02-23 19:15:16,903{GMT}	INFO	[jepsen worker 3] jepsen.util: 3	:invoke	:read	nil
2024-02-23 19:15:16,905{GMT}	INFO	[jepsen worker 3] jepsen.util: 3	:ok	:read	[0 0 0 0 0 0 0 0 0 0 0 0 0 0 0 0 0 0 0 0 0 0 0 0 0 0 0 0 0 0 0 0 0 0 0 0 0 0 0 0 0 0 0 0 0 0 0 0 0 0 0 0 0 0 0 0 0 0 0 0 0 0 0 0 0 0 0 0 0 0 0 0 0 0 0 0 0 0 0 0 0 0 0 0 0 0 0 0 0 0 9 25 32 33 35 57 59 12 20 21 27 96 13 36 80 89 68 69 70 72 0 8 31 53 84 58 66 90 7 38 40 44 28 37 60 95 86 22 78 79 81 56 71 77 97 24 29 39 42 73 74 3 16 55 64 88 34 46 48 50 61 75 94 4 23 47 49 1 30 82 91 5 15 41 67 52 54 63 65 10 17 45 51 87 19 99 43 62 85 93]
2024-02-23 19:15:17,067{GMT}	INFO	[jepsen worker 4] jepsen.util: 4	:invoke	:broadcast	100
2024-02-23 19:15:17,068{GMT}	INFO	[jepsen worker 4] jepsen.util: 4	:ok	:broadcast	100
2024-02-23 19:15:17,262{GMT}	INFO	[jepsen worker 0] jepsen.util: 0	:invoke	:read	nil
2024-02-23 19:15:17,263{GMT}	INFO	[jepsen worker 0] jepsen.util: 0	:ok	:read	[0 0 0 0 0 0 0 0 0 0 0 0 0 0 0 0 0 0 0 0 0 0 0 0 0 0 0 0 0 0 0 0 0 0 0 0 0 0 0 0 0 0 0 0 0 0 0 0 0 0 0 0 0 0 0 0 0 0 0 0 0 0 0 0 0 0 0 0 0 0 0 0 0 0 0 0 0 0 0 0 0 0 0 0 0 0 0 0 0 0 88 1 41 53 68 86 28 43 49 67 84 46 70 29 30 37 58 66 32 63 81 95 16 21 22 97 51 59 62 17 20 23 36 38 93 99 85 7 15 34 71 74 89 91 12 45 52 54 60 0 13 78 9 19 33 47 72 3 44 57 48 50 55 4 25 27 40 42 73 79 80 87 90 35 39 69 75 82 64 77 94 8 10 31 56 61 5 24 65 96]
2024-02-23 19:15:17,293{GMT}	INFO	[jepsen worker 0] jepsen.util: 0	:invoke	:broadcast	101
2024-02-23 19:15:17,294{GMT}	INFO	[jepsen worker 0] jepsen.util: 0	:ok	:broadcast	101
2024-02-23 19:15:17,333{GMT}	INFO	[jepsen worker 1] jepsen.util: 1	:invoke	:broadcast	102
2024-02-23 19:15:17,334{GMT}	INFO	[jepsen worker 1] jepsen.util: 1	:ok	:broadcast	102
2024-02-23 19:15:17,388{GMT}	INFO	[jepsen worker 2] jepsen.util: 2	:invoke	:read	nil
2024-02-23 19:15:17,390{GMT}	INFO	[jepsen worker 2] jepsen.util: 2	:ok	:read	[0 0 0 0 0 0 0 0 0 0 0 0 0 0 0 0 0 0 0 0 0 0 0 0 0 0 0 0 0 0 0 0 0 0 0 0 0 0 0 0 0 0 0 0 0 0 0 0 0 0 0 0 0 0 0 0 0 0 0 0 0 0 0 0 0 0 0 0 0 0 0 0 0 0 0 0 0 0 0 0 0 0 0 0 0 0 0 0 0 0 0 0 84 86 10 28 59 64 72 78 93 49 52 8 22 27 32 35 39 58 69 90 1 17 23 34 68 85 43 44 4 5 13 16 19 21 46 60 81 88 24 25 42 54 55 73 95 37 61 102 12 30 40 62 67 75 29 57 63 97 3 51 53 71 74 94 50 82 9 33 47 65 77 89 36 48 56 66 70 79 20 99 91 15 31 41 45 80 87 7 96 0 38 101]
2024-02-23 19:15:17,442{GMT}	INFO	[jepsen worker 3] jepsen.util: 3	:invoke	:read	nil
2024-02-23 19:15:17,443{GMT}	INFO	[jepsen worker 3] jepsen.util: 3	:ok	:read	[0 0 0 0 0 0 0 0 0 0 0 0 0 0 0 0 0 0 0 0 0 0 0 0 0 0 0 0 0 0 0 0 0 0 0 0 0 0 0 0 0 0 0 0 0 0 0 0 0 0 0 0 0 0 0 0 0 0 0 0 0 0 0 0 0 0 0 0 0 0 0 0 0 0 0 0 0 0 0 0 0 0 0 0 0 0 0 0 0 0 0 0 28 37 60 95 86 22 78 79 81 56 71 77 97 24 29 39 42 101 73 74 3 16 55 64 88 34 46 48 50 61 75 94 102 4 23 47 49 1 30 82 91 5 15 41 67 52 54 63 65 10 17 45 51 87 19 99 43 62 85 93 9 25 32 33 35 57 59 12 20 21 27 96 13 36 80 89 68 69 70 72 0 8 31 53 84 58 66 90 7 38 40 44]
2024-02-23 19:15:17,486{GMT}	INFO	[jepsen worker 4] jepsen.util: 4	:invoke	:broadcast	103
2024-02-23 19:15:17,488{GMT}	INFO	[jepsen worker 4] jepsen.util: 4	:ok	:broadcast	103
2024-02-23 19:15:17,533{GMT}	INFO	[jepsen worker 0] jepsen.util: 0	:invoke	:broadcast	104
2024-02-23 19:15:17,534{GMT}	INFO	[jepsen worker 0] jepsen.util: 0	:ok	:broadcast	104
2024-02-23 19:15:17,707{GMT}	INFO	[jepsen worker 0] jepsen.util: 0	:invoke	:read	nil
2024-02-23 19:15:17,709{GMT}	INFO	[jepsen worker 0] jepsen.util: 0	:ok	:read	[0 0 0 0 0 0 0 0 0 0 0 0 0 0 0 0 0 0 0 0 0 0 0 0 0 0 0 0 0 0 0 0 0 0 0 0 0 0 0 0 0 0 0 0 0 0 0 0 0 0 0 0 0 0 0 0 0 0 0 0 0 0 0 0 0 0 0 0 0 0 0 0 0 0 0 0 0 0 0 0 0 0 0 0 0 0 0 0 0 0 0 0 0 25 27 40 42 48 50 55 4 79 80 87 90 73 39 69 75 82 35 10 31 56 61 64 77 94 8 102 24 65 96 5 41 53 68 86 88 1 43 49 67 84 101 28 70 46 30 37 58 66 29 63 81 95 32 21 22 97 16 20 23 36 38 51 59 62 17 99 93 15 34 71 74 85 104 7 45 52 54 60 89 91 12 13 78 0 19 33 47 72 9 44 57 3]
2024-02-23 19:15:17,728{GMT}	INFO	[jepsen worker 1] jepsen.util: 1	:invoke	:broadcast	105
2024-02-23 19:15:17,729{GMT}	INFO	[jepsen worker 1] jepsen.util: 1	:ok	:broadcast	105
2024-02-23 19:15:17,730{GMT}	INFO	[jepsen worker nemesis] jepsen.util: :nemesis	:info	:stop-partition	nil
2024-02-23 19:15:17,730{GMT}	INFO	[jepsen worker nemesis] jepsen.util: :nemesis	:info	:stop-partition	:network-healed
2024-02-23 19:15:17,731{GMT}	INFO	[jepsen worker 3] jepsen.generator.interpreter: Waiting for recovery...
2024-02-23 19:15:27,736{GMT}	INFO	[jepsen worker 2] jepsen.util: 2	:invoke	:read	nil
2024-02-23 19:15:27,736{GMT}	INFO	[jepsen worker 1] jepsen.util: 1	:invoke	:read	nil
2024-02-23 19:15:27,736{GMT}	INFO	[jepsen worker 4] jepsen.util: 4	:invoke	:read	nil
2024-02-23 19:15:27,736{GMT}	INFO	[jepsen worker 0] jepsen.util: 0	:invoke	:read	nil
2024-02-23 19:15:27,736{GMT}	INFO	[jepsen worker 3] jepsen.util: 3	:invoke	:read	nil
2024-02-23 19:15:27,737{GMT}	INFO	[jepsen worker 4] jepsen.util: 4	:ok	:read	[0 0 0 0 0 0 0 0 0 0 0 0 0 0 0 0 0 0 0 0 0 0 0 0 0 0 0 0 0 0 0 0 0 0 0 0 0 0 0 0 0 0 0 0 0 0 0 0 0 0 39 58 83 35 42 45 65 92 6 43 49 51 61 68 69 98 103 2 34 41 64 14 18 26 44 52 53 60 36 38 48 63 100 11 40 50 57 59 66 76 67 37 46 47 54 55 56 62 70 105]
2024-02-23 19:15:27,737{GMT}	INFO	[jepsen worker 2] jepsen.util: 2	:ok	:read	[0 0 0 0 0 0 0 0 0 0 0 0 0 0 0 0 0 0 0 0 0 0 0 0 0 0 0 0 0 0 0 0 0 0 0 0 0 0 0 0 0 0 0 0 0 0 0 0 0 0 0 0 0 0 0 0 0 0 0 0 0 0 0 0 0 0 0 0 0 0 0 0 0 0 0 0 0 0 0 0 0 0 0 0 0 0 0 0 0 0 0 0 0 0 7 96 0 38 101 72 78 84 86 10 28 59 64 93 35 39 49 52 8 22 27 32 58 69 90 68 85 1 17 23 34 19 21 43 44 4 5 13 16 46 60 55 73 81 88 24 25 42 54 95 37 61 67 75 102 12 30 40 62 29 57 63 97 74 94 3 51 53 71 50 82 77 89 104 9 33 47 65 70 79 36 48 56 66 20 99 80 87 91 105 15 31 41 45]
2024-02-23 19:15:27,737{GMT}	INFO	[jepsen worker 1] jepsen.util: 1	:ok	:read	[0 0 0 0 0 0 0 0 0 0 0 0 0 0 0 0 0 0 0 0 0 0 0 0 0 0 0 0 0 0 0 0 0 0 0 0 0 0 0 0 0 0 0 0 0 0 0 0 0 0 0 0 0 0 0 0 0 0 0 0 0 0 0 0 0 0 0 0 0 0 0 0 0 0 0 0 0 0 0 0 0 0 0 0 0 0 0 0 0 0 0 0 0 0 19 21 40 47 50 68 1 9 49 59 81 102 25 45 24 41 44 90 94 96 15 20 51 64 72 93 97 0 36 56 58 101 104 10 29 37 75 79 82 7 16 43 70 99 17 33 62 71 80 95 13 31 48 54 73 74 91 28 32 39 60 78 3 30 69 85 86 42 63 38 52 53 57 65 67 5 22 27 55 87 89 12 23 77 8 66 35 46 61 84 88 105 4 34]
2024-02-23 19:15:27,738{GMT}	INFO	[jepsen worker 3] jepsen.util: 3	:ok	:read	[0 0 0 0 0 0 0 0 0 0 0 0 0 0 0 0 0 0 0 0 0 0 0 0 0 0 0 0 0 0 0 0 0 0 0 0 0 0 0 0 0 0 0 0 0 0 0 0 0 0 0 0 0 0 0 0 0 0 0 0 0 0 0 0 0 0 0 0 0 0 0 0 0 0 0 0 0 0 0 0 0 0 0 0 0 0 0 0 0 0 0 0 0 0 99 43 62 85 93 9 25 32 33 35 57 59 12 20 21 27 105 96 104 13 36 80 89 68 69 70 72 0 8 31 53 84 58 66 90 7 38 40 44 28 37 60 95 86 22 78 79 81 56 71 77 97 24 29 39 42 101 73 74 3 16 55 64 88 34 46 48 50 61 75 94 102 4 23 47 49 1 30 82 91 5 15 41 67 52 54 63 65 10 17 45 51 87 19]
2024-02-23 19:15:27,738{GMT}	INFO	[jepsen worker 0] jepsen.util: 0	:ok	:read	[0 0 0 0 0 0 0 0 0 0 0 0 0 0 0 0 0 0 0 0 0 0 0 0 0 0 0 0 0 0 0 0 0 0 0 0 0 0 0 0 0 0 0 0 0 0 0 0 0 0 0 0 0 0 0 0 0 0 0 0 0 0 0 0 0 0 0 0 0 0 0 0 0 0 0 0 0 0 0 0 0 0 0 0 0 0 0 0 0 0 0 0 0 0 77 94 8 10 31 56 61 64 102 5 24 65 96 1 41 53 68 86 88 105 28 43 49 67 84 101 46 70 29 30 37 58 66 32 63 81 95 16 21 22 97 59 62 17 20 23 36 38 51 93 99 104 7 15 34 71 74 85 91 12 45 52 54 60 89 0 13 78 9 19 33 47 72 3 44 57 50 55 4 25 27 40 42 48 73 79 80 87 90 35 39 69 75 82]
2024-02-23 19:15:27,767{GMT}	INFO	[jepsen test runner] jepsen.core: Run complete, writing
2024-02-23 19:15:27,883{GMT}	INFO	[jepsen node n1] maelstrom.db: Tearing down n1
2024-02-23 19:15:27,883{GMT}	INFO	[jepsen node n0] maelstrom.db: Tearing down n0
2024-02-23 19:15:27,883{GMT}	INFO	[jepsen node n2] maelstrom.db: Tearing down n2
2024-02-23 19:15:27,883{GMT}	INFO	[jepsen node n3] maelstrom.db: Tearing down n3
2024-02-23 19:15:27,883{GMT}	INFO	[jepsen node n4] maelstrom.db: Tearing down n4
2024-02-23 19:15:29,462{GMT}	INFO	[jepsen node n0] maelstrom.net: Shutting down Maelstrom network
2024-02-23 19:15:29,466{GMT}	INFO	[jepsen test runner] jepsen.core: Analyzing...
2024-02-23 19:15:29,829{GMT}	INFO	[jepsen test runner] jepsen.core: Analysis complete
2024-02-23 19:15:29,852{GMT}	INFO	[jepsen results] jepsen.store: Wrote /Users/danishsharma/go/src/gossip-glamers/fault_tolerant_broadcast/store/broadcast/20240223T191455.080+0530/results.edn
2024-02-23 19:15:29,988{GMT}	INFO	[jepsen test runner] jepsen.core: {:perf {:latency-graph {:valid? true},
        :rate-graph {:valid? true},
        :valid? true},
 :timeline {:valid? true},
 :exceptions {:valid? true},
 :stats {:valid? true,
         :count 214,
         :ok-count 214,
         :fail-count 0,
         :info-count 0,
         :by-f {:broadcast {:valid? true,
                            :count 106,
                            :ok-count 106,
                            :fail-count 0,
                            :info-count 0},
                :read {:valid? true,
                       :count 108,
                       :ok-count 108,
                       :fail-count 0,
                       :info-count 0}}},
 :availability {:valid? true, :ok-fraction 1.0},
 :net {:all {:send-count 2898,
             :recv-count 2625,
             :msg-count 2898,
             :msgs-per-op 13.542056},
       :clients {:send-count 448, :recv-count 448, :msg-count 448},
       :servers {:send-count 2450,
                 :recv-count 2177,
                 :msg-count 2450,
                 :msgs-per-op 11.448598},
       :valid? true},
 :workload {:worst-stale ({:element 1,
                           :outcome :stable,
                           :stable-latency 29579,
                           :lost-latency nil,
                           :known #jepsen.history.Op{:index 17,
                                                     :time 326925815,
                                                     :type :ok,
                                                     :process 2,
                                                     :f :add,
                                                     :value 1},
                           :last-absent #jepsen.history.Op{:index 428,
                                                           :time 29906463822,
                                                           :type :invoke,
                                                           :process 4,
                                                           :f :read,
                                                           :value nil,
                                                           :final? true}}
                          {:element 3,
                           :outcome :stable,
                           :stable-latency 29284,
                           :lost-latency nil,
                           :known #jepsen.history.Op{:index 25,
                                                     :time 621807259,
                                                     :type :ok,
                                                     :process 0,
                                                     :f :add,
                                                     :value 3},
                           :last-absent #jepsen.history.Op{:index 428,
                                                           :time 29906463822,
                                                           :type :invoke,
                                                           :process 4,
                                                           :f :read,
                                                           :value nil,
                                                           :final? true}}
                          {:element 4,
                           :outcome :stable,
                           :stable-latency 29151,
                           :lost-latency nil,
                           :known #jepsen.history.Op{:index 27,
                                                     :time 754774067,
                                                     :type :ok,
                                                     :process 1,
                                                     :f :add,
                                                     :value 4},
                           :last-absent #jepsen.history.Op{:index 428,
                                                           :time 29906463822,
                                                           :type :invoke,
                                                           :process 4,
                                                           :f :read,
                                                           :value nil,
                                                           :final? true}}
                          {:element 5,
                           :outcome :stable,
                           :stable-latency 28622,
                           :lost-latency nil,
                           :known #jepsen.history.Op{:index 37,
                                                     :time 1284053492,
                                                     :type :ok,
                                                     :process 0,
                                                     :f :add,
                                                     :value 5},
                           :last-absent #jepsen.history.Op{:index 428,
                                                           :time 29906463822,
                                                           :type :invoke,
                                                           :process 4,
                                                           :f :read,
                                                           :value nil,
                                                           :final? true}}
                          {:element 7,
                           :outcome :stable,
                           :stable-latency 27847,
                           :lost-latency nil,
                           :known #jepsen.history.Op{:index 49,
                                                     :time 2059093057,
                                                     :type :ok,
                                                     :process 0,
                                                     :f :add,
                                                     :value 7},
                           :last-absent #jepsen.history.Op{:index 428,
                                                           :time 29906463822,
                                                           :type :invoke,
                                                           :process 4,
                                                           :f :read,
                                                           :value nil,
                                                           :final? true}}
                          {:element 8,
                           :outcome :stable,
                           :stable-latency 27793,
                           :lost-latency nil,
                           :known #jepsen.history.Op{:index 51,
                                                     :time 2113352609,
                                                     :type :ok,
                                                     :process 1,
                                                     :f :add,
                                                     :value 8},
                           :last-absent #jepsen.history.Op{:index 428,
                                                           :time 29906463822,
                                                           :type :invoke,
                                                           :process 4,
                                                           :f :read,
                                                           :value nil,
                                                           :final? true}}
                          {:element 9,
                           :outcome :stable,
                           :stable-latency 27613,
                           :lost-latency nil,
                           :known #jepsen.history.Op{:index 53,
                                                     :time 2292797493,
                                                     :type :ok,
                                                     :process 2,
                                                     :f :add,
                                                     :value 9},
                           :last-absent #jepsen.history.Op{:index 428,
                                                           :time 29906463822,
                                                           :type :invoke,
                                                           :process 4,
                                                           :f :read,
                                                           :value nil,
                                                           :final? true}}
                          {:element 10,
                           :outcome :stable,
                           :stable-latency 27417,
                           :lost-latency nil,
                           :known #jepsen.history.Op{:index 55,
                                                     :time 2489415834,
                                                     :type :ok,
                                                     :process 3,
                                                     :f :add,
                                                     :value 10},
                           :last-absent #jepsen.history.Op{:index 428,
                                                           :time 29906463822,
                                                           :type :invoke,
                                                           :process 4,
                                                           :f :read,
                                                           :value nil,
                                                           :final? true}}),
            :duplicated-count 0,
            :valid? false,
            :lost-count 12,
            :lost (2 6 11 14 18 26 76 83 92 98 100 103),
            :stable-count 94,
            :stale-count 55,
            :stale (1
                    3
                    4
                    5
                    7
                    8
                    9
                    10
                    12
                    13
                    15
                    16
                    17
                    19
                    20
                    21
                    22
                    23
                    24
                    25
                    27
                    28
                    29
                    30
                    31
                    32
                    33
                    71
                    72
                    73
                    74
                    75
                    77
                    78
                    79
                    80
                    81
                    82
                    84
                    85
                    86
                    87
                    88
                    89
                    90
                    91
                    93
                    94
                    95
                    96
                    97
                    99
                    101
                    102
                    104),
            :never-read-count 0,
            :stable-latencies {0 0,
                               0.5 12110,
                               0.95 27847,
                               0.99 29579,
                               1 29579},
            :attempt-count 106,
            :lost-latencies {0 10247,
                             0.5 24929,
                             0.95 29354,
                             0.99 29354,
                             1 29354},
            :never-read (),
            :duplicated {}},
 :valid? false}


Analysis invalid! ( 
