2024/02/19 00:39:30 Received {c0 n0 {"type":"init","node_id":"n0","node_ids":["n0"],"msg_id":1}}
2024/02/19 00:39:30 Node n0 initialized
2024/02/19 00:39:30 Sent {"src":"n0","dest":"c0","body":{"in_reply_to":1,"type":"init_ok"}}
2024/02/19 00:39:30 Received {c1 n0 {"type":"topology","topology":{"n0":[]},"msg_id":1}}
2024/02/19 00:39:30 Sent {"src":"n0","dest":"c1","body":{"in_reply_to":1,"type":"topology_ok"}}
2024/02/19 00:39:30 Received {c2 n0 {"type":"broadcast","message":0,"msg_id":1}}
2024/02/19 00:39:30 Sent {"src":"n0","dest":"c2","body":{"in_reply_to":1,"type":"broadcast_ok"}}
2024/02/19 00:39:30 Received {c2 n0 {"type":"read","msg_id":2}}
2024/02/19 00:39:30 Sent {"src":"n0","dest":"c2","body":{"in_reply_to":2,"message_ids":[0],"type":"read_ok"}}
2024/02/19 00:39:30 Received {c3 n0 {"type":"broadcast","message":1,"msg_id":1}}
2024/02/19 00:39:30 Sent {"src":"n0","dest":"c3","body":{"in_reply_to":1,"type":"broadcast_ok"}}
2024/02/19 00:39:31 Received {c3 n0 {"type":"broadcast","message":2,"msg_id":2}}
2024/02/19 00:39:31 Sent {"src":"n0","dest":"c3","body":{"in_reply_to":2,"type":"broadcast_ok"}}
2024/02/19 00:39:31 Received {c3 n0 {"type":"broadcast","message":3,"msg_id":3}}
2024/02/19 00:39:31 Sent {"src":"n0","dest":"c3","body":{"in_reply_to":3,"type":"broadcast_ok"}}
2024/02/19 00:39:31 Received {c3 n0 {"type":"read","msg_id":4}}
2024/02/19 00:39:31 Sent {"src":"n0","dest":"c3","body":{"in_reply_to":4,"message_ids":[0,1,2,3],"type":"read_ok"}}
2024/02/19 00:39:31 Received {c4 n0 {"type":"broadcast","message":4,"msg_id":1}}
2024/02/19 00:39:31 Sent {"src":"n0","dest":"c4","body":{"in_reply_to":1,"type":"broadcast_ok"}}
2024/02/19 00:39:31 Received {c4 n0 {"type":"read","msg_id":2}}
2024/02/19 00:39:31 Sent {"src":"n0","dest":"c4","body":{"in_reply_to":2,"message_ids":[0,1,2,3,4],"type":"read_ok"}}
2024/02/19 00:39:31 Received {c5 n0 {"type":"read","msg_id":1}}
2024/02/19 00:39:31 Sent {"src":"n0","dest":"c5","body":{"in_reply_to":1,"message_ids":[0,1,2,3,4],"type":"read_ok"}}
2024/02/19 00:39:31 Received {c6 n0 {"type":"broadcast","message":5,"msg_id":1}}
2024/02/19 00:39:31 Sent {"src":"n0","dest":"c6","body":{"in_reply_to":1,"type":"broadcast_ok"}}
2024/02/19 00:39:31 Received {c6 n0 {"type":"broadcast","message":6,"msg_id":2}}
2024/02/19 00:39:31 Sent {"src":"n0","dest":"c6","body":{"in_reply_to":2,"type":"broadcast_ok"}}
2024/02/19 00:39:31 Received {c6 n0 {"type":"broadcast","message":7,"msg_id":3}}
2024/02/19 00:39:31 Sent {"src":"n0","dest":"c6","body":{"in_reply_to":3,"type":"broadcast_ok"}}
2024/02/19 00:39:31 Received {c6 n0 {"type":"broadcast","message":8,"msg_id":4}}
2024/02/19 00:39:31 Sent {"src":"n0","dest":"c6","body":{"in_reply_to":4,"type":"broadcast_ok"}}
2024/02/19 00:39:31 Received {c6 n0 {"type":"broadcast","message":9,"msg_id":5}}
2024/02/19 00:39:31 Sent {"src":"n0","dest":"c6","body":{"in_reply_to":5,"type":"broadcast_ok"}}
2024/02/19 00:39:31 Received {c6 n0 {"type":"read","msg_id":6}}
2024/02/19 00:39:31 Sent {"src":"n0","dest":"c6","body":{"in_reply_to":6,"message_ids":[0,1,2,3,4,5,6,7,8,9],"type":"read_ok"}}
2024/02/19 00:39:32 Received {c7 n0 {"type":"broadcast","message":10,"msg_id":1}}
2024/02/19 00:39:32 Sent {"src":"n0","dest":"c7","body":{"in_reply_to":1,"type":"broadcast_ok"}}
2024/02/19 00:39:32 Received {c7 n0 {"type":"read","msg_id":2}}
2024/02/19 00:39:32 Sent {"src":"n0","dest":"c7","body":{"in_reply_to":2,"message_ids":[0,1,2,3,4,5,6,7,8,9,10],"type":"read_ok"}}
2024/02/19 00:39:32 Received {c8 n0 {"type":"read","msg_id":1}}
2024/02/19 00:39:32 Sent {"src":"n0","dest":"c8","body":{"in_reply_to":1,"message_ids":[0,1,2,3,4,5,6,7,8,9,10],"type":"read_ok"}}
2024/02/19 00:39:32 Received {c9 n0 {"type":"read","msg_id":1}}
2024/02/19 00:39:32 Sent {"src":"n0","dest":"c9","body":{"in_reply_to":1,"message_ids":[0,1,2,3,4,5,6,7,8,9,10],"type":"read_ok"}}
2024/02/19 00:39:32 Received {c10 n0 {"type":"broadcast","message":11,"msg_id":1}}
2024/02/19 00:39:32 Sent {"src":"n0","dest":"c10","body":{"in_reply_to":1,"type":"broadcast_ok"}}
2024/02/19 00:39:32 Received {c10 n0 {"type":"read","msg_id":2}}
2024/02/19 00:39:32 Sent {"src":"n0","dest":"c10","body":{"in_reply_to":2,"message_ids":[0,1,2,3,4,5,6,7,8,9,10,11],"type":"read_ok"}}
2024/02/19 00:39:32 Received {c11 n0 {"type":"read","msg_id":1}}
2024/02/19 00:39:32 Sent {"src":"n0","dest":"c11","body":{"in_reply_to":1,"message_ids":[0,1,2,3,4,5,6,7,8,9,10,11],"type":"read_ok"}}
2024/02/19 00:39:33 Received {c12 n0 {"type":"read","msg_id":1}}
2024/02/19 00:39:33 Sent {"src":"n0","dest":"c12","body":{"in_reply_to":1,"message_ids":[0,1,2,3,4,5,6,7,8,9,10,11],"type":"read_ok"}}
2024/02/19 00:39:33 Received {c13 n0 {"type":"read","msg_id":1}}
2024/02/19 00:39:33 Sent {"src":"n0","dest":"c13","body":{"in_reply_to":1,"message_ids":[0,1,2,3,4,5,6,7,8,9,10,11],"type":"read_ok"}}
2024/02/19 00:39:33 Received {c14 n0 {"type":"read","msg_id":1}}
2024/02/19 00:39:33 Sent {"src":"n0","dest":"c14","body":{"in_reply_to":1,"message_ids":[0,1,2,3,4,5,6,7,8,9,10,11],"type":"read_ok"}}
2024/02/19 00:39:33 Received {c15 n0 {"type":"read","msg_id":1}}
2024/02/19 00:39:33 Sent {"src":"n0","dest":"c15","body":{"in_reply_to":1,"message_ids":[0,1,2,3,4,5,6,7,8,9,10,11],"type":"read_ok"}}
2024/02/19 00:39:33 Received {c16 n0 {"type":"read","msg_id":1}}
2024/02/19 00:39:33 Sent {"src":"n0","dest":"c16","body":{"in_reply_to":1,"message_ids":[0,1,2,3,4,5,6,7,8,9,10,11],"type":"read_ok"}}
2024/02/19 00:39:33 Received {c17 n0 {"type":"broadcast","message":12,"msg_id":1}}
2024/02/19 00:39:33 Sent {"src":"n0","dest":"c17","body":{"in_reply_to":1,"type":"broadcast_ok"}}
2024/02/19 00:39:33 Received {c17 n0 {"type":"read","msg_id":2}}
2024/02/19 00:39:33 Sent {"src":"n0","dest":"c17","body":{"in_reply_to":2,"message_ids":[0,1,2,3,4,5,6,7,8,9,10,11,12],"type":"read_ok"}}
2024/02/19 00:39:33 Received {c18 n0 {"type":"broadcast","message":13,"msg_id":1}}
2024/02/19 00:39:33 Sent {"src":"n0","dest":"c18","body":{"in_reply_to":1,"type":"broadcast_ok"}}
2024/02/19 00:39:33 Received {c18 n0 {"type":"read","msg_id":2}}
2024/02/19 00:39:33 Sent {"src":"n0","dest":"c18","body":{"in_reply_to":2,"message_ids":[0,1,2,3,4,5,6,7,8,9,10,11,12,13],"type":"read_ok"}}
2024/02/19 00:39:33 Received {c19 n0 {"type":"read","msg_id":1}}
2024/02/19 00:39:33 Sent {"src":"n0","dest":"c19","body":{"in_reply_to":1,"message_ids":[0,1,2,3,4,5,6,7,8,9,10,11,12,13],"type":"read_ok"}}
2024/02/19 00:39:33 Received {c20 n0 {"type":"read","msg_id":1}}
2024/02/19 00:39:33 Sent {"src":"n0","dest":"c20","body":{"in_reply_to":1,"message_ids":[0,1,2,3,4,5,6,7,8,9,10,11,12,13],"type":"read_ok"}}
2024/02/19 00:39:33 Received {c21 n0 {"type":"read","msg_id":1}}
2024/02/19 00:39:33 Sent {"src":"n0","dest":"c21","body":{"in_reply_to":1,"message_ids":[0,1,2,3,4,5,6,7,8,9,10,11,12,13],"type":"read_ok"}}
2024/02/19 00:39:34 Received {c22 n0 {"type":"read","msg_id":1}}
2024/02/19 00:39:34 Sent {"src":"n0","dest":"c22","body":{"in_reply_to":1,"message_ids":[0,1,2,3,4,5,6,7,8,9,10,11,12,13],"type":"read_ok"}}
2024/02/19 00:39:34 Received {c23 n0 {"type":"read","msg_id":1}}
2024/02/19 00:39:34 Sent {"src":"n0","dest":"c23","body":{"in_reply_to":1,"message_ids":[0,1,2,3,4,5,6,7,8,9,10,11,12,13],"type":"read_ok"}}
2024/02/19 00:39:34 Received {c24 n0 {"type":"broadcast","message":14,"msg_id":1}}
2024/02/19 00:39:34 Sent {"src":"n0","dest":"c24","body":{"in_reply_to":1,"type":"broadcast_ok"}}
2024/02/19 00:39:34 Received {c24 n0 {"type":"broadcast","message":15,"msg_id":2}}
2024/02/19 00:39:34 Sent {"src":"n0","dest":"c24","body":{"in_reply_to":2,"type":"broadcast_ok"}}
2024/02/19 00:39:34 Received {c24 n0 {"type":"read","msg_id":3}}
2024/02/19 00:39:34 Sent {"src":"n0","dest":"c24","body":{"in_reply_to":3,"message_ids":[0,1,2,3,4,5,6,7,8,9,10,11,12,13,14,15],"type":"read_ok"}}
2024/02/19 00:39:34 Received {c25 n0 {"type":"read","msg_id":1}}
2024/02/19 00:39:34 Sent {"src":"n0","dest":"c25","body":{"in_reply_to":1,"message_ids":[0,1,2,3,4,5,6,7,8,9,10,11,12,13,14,15],"type":"read_ok"}}
2024/02/19 00:39:34 Received {c26 n0 {"type":"read","msg_id":1}}
2024/02/19 00:39:34 Sent {"src":"n0","dest":"c26","body":{"in_reply_to":1,"message_ids":[0,1,2,3,4,5,6,7,8,9,10,11,12,13,14,15],"type":"read_ok"}}
2024/02/19 00:39:34 Received {c27 n0 {"type":"broadcast","message":16,"msg_id":1}}
2024/02/19 00:39:34 Sent {"src":"n0","dest":"c27","body":{"in_reply_to":1,"type":"broadcast_ok"}}
2024/02/19 00:39:35 Received {c27 n0 {"type":"read","msg_id":2}}
2024/02/19 00:39:35 Sent {"src":"n0","dest":"c27","body":{"in_reply_to":2,"message_ids":[0,1,2,3,4,5,6,7,8,9,10,11,12,13,14,15,16],"type":"read_ok"}}
2024/02/19 00:39:35 Received {c28 n0 {"type":"read","msg_id":1}}
2024/02/19 00:39:35 Sent {"src":"n0","dest":"c28","body":{"in_reply_to":1,"message_ids":[0,1,2,3,4,5,6,7,8,9,10,11,12,13,14,15,16],"type":"read_ok"}}
2024/02/19 00:39:35 Received {c29 n0 {"type":"broadcast","message":17,"msg_id":1}}
2024/02/19 00:39:35 Sent {"src":"n0","dest":"c29","body":{"in_reply_to":1,"type":"broadcast_ok"}}
2024/02/19 00:39:35 Received {c29 n0 {"type":"read","msg_id":2}}
2024/02/19 00:39:35 Sent {"src":"n0","dest":"c29","body":{"in_reply_to":2,"message_ids":[0,1,2,3,4,5,6,7,8,9,10,11,12,13,14,15,16,17],"type":"read_ok"}}
2024/02/19 00:39:35 Received {c30 n0 {"type":"read","msg_id":1}}
2024/02/19 00:39:35 Sent {"src":"n0","dest":"c30","body":{"in_reply_to":1,"message_ids":[0,1,2,3,4,5,6,7,8,9,10,11,12,13,14,15,16,17],"type":"read_ok"}}
2024/02/19 00:39:35 Received {c31 n0 {"type":"broadcast","message":18,"msg_id":1}}
2024/02/19 00:39:35 Sent {"src":"n0","dest":"c31","body":{"in_reply_to":1,"type":"broadcast_ok"}}
2024/02/19 00:39:35 Received {c31 n0 {"type":"broadcast","message":19,"msg_id":2}}
2024/02/19 00:39:35 Sent {"src":"n0","dest":"c31","body":{"in_reply_to":2,"type":"broadcast_ok"}}
2024/02/19 00:39:35 Received {c31 n0 {"type":"read","msg_id":3}}
2024/02/19 00:39:35 Sent {"src":"n0","dest":"c31","body":{"in_reply_to":3,"message_ids":[0,1,2,3,4,5,6,7,8,9,10,11,12,13,14,15,16,17,18,19],"type":"read_ok"}}
2024/02/19 00:39:36 Received {c32 n0 {"type":"broadcast","message":20,"msg_id":1}}
2024/02/19 00:39:36 Sent {"src":"n0","dest":"c32","body":{"in_reply_to":1,"type":"broadcast_ok"}}
2024/02/19 00:39:36 Received {c32 n0 {"type":"read","msg_id":2}}
2024/02/19 00:39:36 Sent {"src":"n0","dest":"c32","body":{"in_reply_to":2,"message_ids":[0,1,2,3,4,5,6,7,8,9,10,11,12,13,14,15,16,17,18,19,20],"type":"read_ok"}}
2024/02/19 00:39:36 Received {c33 n0 {"type":"read","msg_id":1}}
2024/02/19 00:39:36 Sent {"src":"n0","dest":"c33","body":{"in_reply_to":1,"message_ids":[0,1,2,3,4,5,6,7,8,9,10,11,12,13,14,15,16,17,18,19,20],"type":"read_ok"}}
2024/02/19 00:39:36 Received {c34 n0 {"type":"broadcast","message":21,"msg_id":1}}
2024/02/19 00:39:36 Sent {"src":"n0","dest":"c34","body":{"in_reply_to":1,"type":"broadcast_ok"}}
2024/02/19 00:39:36 Received {c34 n0 {"type":"broadcast","message":22,"msg_id":2}}
2024/02/19 00:39:36 Sent {"src":"n0","dest":"c34","body":{"in_reply_to":2,"type":"broadcast_ok"}}
2024/02/19 00:39:36 Received {c34 n0 {"type":"broadcast","message":23,"msg_id":3}}
2024/02/19 00:39:36 Sent {"src":"n0","dest":"c34","body":{"in_reply_to":3,"type":"broadcast_ok"}}
2024/02/19 00:39:36 Received {c34 n0 {"type":"broadcast","message":24,"msg_id":4}}
2024/02/19 00:39:36 Sent {"src":"n0","dest":"c34","body":{"in_reply_to":4,"type":"broadcast_ok"}}
2024/02/19 00:39:36 Received {c34 n0 {"type":"broadcast","message":25,"msg_id":5}}
2024/02/19 00:39:36 Sent {"src":"n0","dest":"c34","body":{"in_reply_to":5,"type":"broadcast_ok"}}
2024/02/19 00:39:36 Received {c34 n0 {"type":"broadcast","message":26,"msg_id":6}}
2024/02/19 00:39:36 Sent {"src":"n0","dest":"c34","body":{"in_reply_to":6,"type":"broadcast_ok"}}
2024/02/19 00:39:37 Received {c34 n0 {"type":"read","msg_id":7}}
2024/02/19 00:39:37 Sent {"src":"n0","dest":"c34","body":{"in_reply_to":7,"message_ids":[0,1,2,3,4,5,6,7,8,9,10,11,12,13,14,15,16,17,18,19,20,21,22,23,24,25,26],"type":"read_ok"}}
2024/02/19 00:39:37 Received {c35 n0 {"type":"broadcast","message":27,"msg_id":1}}
2024/02/19 00:39:37 Sent {"src":"n0","dest":"c35","body":{"in_reply_to":1,"type":"broadcast_ok"}}
2024/02/19 00:39:37 Received {c35 n0 {"type":"broadcast","message":28,"msg_id":2}}
2024/02/19 00:39:37 Sent {"src":"n0","dest":"c35","body":{"in_reply_to":2,"type":"broadcast_ok"}}
2024/02/19 00:39:37 Received {c35 n0 {"type":"broadcast","message":29,"msg_id":3}}
2024/02/19 00:39:37 Sent {"src":"n0","dest":"c35","body":{"in_reply_to":3,"type":"broadcast_ok"}}
2024/02/19 00:39:37 Received {c35 n0 {"type":"broadcast","message":30,"msg_id":4}}
2024/02/19 00:39:37 Sent {"src":"n0","dest":"c35","body":{"in_reply_to":4,"type":"broadcast_ok"}}
2024/02/19 00:39:37 Received {c35 n0 {"type":"broadcast","message":31,"msg_id":5}}
2024/02/19 00:39:37 Sent {"src":"n0","dest":"c35","body":{"in_reply_to":5,"type":"broadcast_ok"}}
2024/02/19 00:39:37 Received {c35 n0 {"type":"broadcast","message":32,"msg_id":6}}
2024/02/19 00:39:37 Sent {"src":"n0","dest":"c35","body":{"in_reply_to":6,"type":"broadcast_ok"}}
2024/02/19 00:39:37 Received {c35 n0 {"type":"broadcast","message":33,"msg_id":7}}
2024/02/19 00:39:37 Sent {"src":"n0","dest":"c35","body":{"in_reply_to":7,"type":"broadcast_ok"}}
2024/02/19 00:39:37 Received {c35 n0 {"type":"broadcast","message":34,"msg_id":8}}
2024/02/19 00:39:37 Sent {"src":"n0","dest":"c35","body":{"in_reply_to":8,"type":"broadcast_ok"}}
2024/02/19 00:39:37 Received {c35 n0 {"type":"read","msg_id":9}}
2024/02/19 00:39:37 Sent {"src":"n0","dest":"c35","body":{"in_reply_to":9,"message_ids":[0,1,2,3,4,5,6,7,8,9,10,11,12,13,14,15,16,17,18,19,20,21,22,23,24,25,26,27,28,29,30,31,32,33,34],"type":"read_ok"}}
2024/02/19 00:39:37 Received {c36 n0 {"type":"broadcast","message":35,"msg_id":1}}
2024/02/19 00:39:37 Sent {"src":"n0","dest":"c36","body":{"in_reply_to":1,"type":"broadcast_ok"}}
2024/02/19 00:39:37 Received {c36 n0 {"type":"broadcast","message":36,"msg_id":2}}
2024/02/19 00:39:37 Sent {"src":"n0","dest":"c36","body":{"in_reply_to":2,"type":"broadcast_ok"}}
2024/02/19 00:39:38 Received {c36 n0 {"type":"broadcast","message":37,"msg_id":3}}
2024/02/19 00:39:38 Sent {"src":"n0","dest":"c36","body":{"in_reply_to":3,"type":"broadcast_ok"}}
2024/02/19 00:39:38 Received {c36 n0 {"type":"read","msg_id":4}}
2024/02/19 00:39:38 Sent {"src":"n0","dest":"c36","body":{"in_reply_to":4,"message_ids":[0,1,2,3,4,5,6,7,8,9,10,11,12,13,14,15,16,17,18,19,20,21,22,23,24,25,26,27,28,29,30,31,32,33,34,35,36,37],"type":"read_ok"}}
2024/02/19 00:39:38 Received {c37 n0 {"type":"read","msg_id":1}}
2024/02/19 00:39:38 Sent {"src":"n0","dest":"c37","body":{"in_reply_to":1,"message_ids":[0,1,2,3,4,5,6,7,8,9,10,11,12,13,14,15,16,17,18,19,20,21,22,23,24,25,26,27,28,29,30,31,32,33,34,35,36,37],"type":"read_ok"}}
2024/02/19 00:39:38 Received {c38 n0 {"type":"broadcast","message":38,"msg_id":1}}
2024/02/19 00:39:38 Sent {"src":"n0","dest":"c38","body":{"in_reply_to":1,"type":"broadcast_ok"}}
2024/02/19 00:39:38 Received {c38 n0 {"type":"broadcast","message":39,"msg_id":2}}
2024/02/19 00:39:38 Sent {"src":"n0","dest":"c38","body":{"in_reply_to":2,"type":"broadcast_ok"}}
2024/02/19 00:39:38 Received {c38 n0 {"type":"broadcast","message":40,"msg_id":3}}
2024/02/19 00:39:38 Sent {"src":"n0","dest":"c38","body":{"in_reply_to":3,"type":"broadcast_ok"}}
2024/02/19 00:39:38 Received {c38 n0 {"type":"broadcast","message":41,"msg_id":4}}
2024/02/19 00:39:38 Sent {"src":"n0","dest":"c38","body":{"in_reply_to":4,"type":"broadcast_ok"}}
2024/02/19 00:39:38 Received {c38 n0 {"type":"broadcast","message":42,"msg_id":5}}
2024/02/19 00:39:38 Sent {"src":"n0","dest":"c38","body":{"in_reply_to":5,"type":"broadcast_ok"}}
2024/02/19 00:39:39 Received {c38 n0 {"type":"read","msg_id":6}}
2024/02/19 00:39:39 Sent {"src":"n0","dest":"c38","body":{"in_reply_to":6,"message_ids":[0,1,2,3,4,5,6,7,8,9,10,11,12,13,14,15,16,17,18,19,20,21,22,23,24,25,26,27,28,29,30,31,32,33,34,35,36,37,38,39,40,41,42],"type":"read_ok"}}
2024/02/19 00:39:39 Received {c39 n0 {"type":"read","msg_id":1}}
2024/02/19 00:39:39 Sent {"src":"n0","dest":"c39","body":{"in_reply_to":1,"message_ids":[0,1,2,3,4,5,6,7,8,9,10,11,12,13,14,15,16,17,18,19,20,21,22,23,24,25,26,27,28,29,30,31,32,33,34,35,36,37,38,39,40,41,42],"type":"read_ok"}}
2024/02/19 00:39:39 Received {c40 n0 {"type":"read","msg_id":1}}
2024/02/19 00:39:39 Sent {"src":"n0","dest":"c40","body":{"in_reply_to":1,"message_ids":[0,1,2,3,4,5,6,7,8,9,10,11,12,13,14,15,16,17,18,19,20,21,22,23,24,25,26,27,28,29,30,31,32,33,34,35,36,37,38,39,40,41,42],"type":"read_ok"}}
2024/02/19 00:39:39 Received {c41 n0 {"type":"read","msg_id":1}}
2024/02/19 00:39:39 Sent {"src":"n0","dest":"c41","body":{"in_reply_to":1,"message_ids":[0,1,2,3,4,5,6,7,8,9,10,11,12,13,14,15,16,17,18,19,20,21,22,23,24,25,26,27,28,29,30,31,32,33,34,35,36,37,38,39,40,41,42],"type":"read_ok"}}
2024/02/19 00:39:39 Received {c42 n0 {"type":"broadcast","message":43,"msg_id":1}}
2024/02/19 00:39:39 Sent {"src":"n0","dest":"c42","body":{"in_reply_to":1,"type":"broadcast_ok"}}
2024/02/19 00:39:39 Received {c42 n0 {"type":"read","msg_id":2}}
2024/02/19 00:39:39 Sent {"src":"n0","dest":"c42","body":{"in_reply_to":2,"message_ids":[0,1,2,3,4,5,6,7,8,9,10,11,12,13,14,15,16,17,18,19,20,21,22,23,24,25,26,27,28,29,30,31,32,33,34,35,36,37,38,39,40,41,42,43],"type":"read_ok"}}
2024/02/19 00:39:39 Received {c43 n0 {"type":"broadcast","message":44,"msg_id":1}}
2024/02/19 00:39:39 Sent {"src":"n0","dest":"c43","body":{"in_reply_to":1,"type":"broadcast_ok"}}
2024/02/19 00:39:39 Received {c43 n0 {"type":"read","msg_id":2}}
2024/02/19 00:39:39 Sent {"src":"n0","dest":"c43","body":{"in_reply_to":2,"message_ids":[0,1,2,3,4,5,6,7,8,9,10,11,12,13,14,15,16,17,18,19,20,21,22,23,24,25,26,27,28,29,30,31,32,33,34,35,36,37,38,39,40,41,42,43,44],"type":"read_ok"}}
2024/02/19 00:39:40 Received {c44 n0 {"type":"broadcast","message":45,"msg_id":1}}
2024/02/19 00:39:40 Sent {"src":"n0","dest":"c44","body":{"in_reply_to":1,"type":"broadcast_ok"}}
2024/02/19 00:39:40 Received {c44 n0 {"type":"read","msg_id":2}}
2024/02/19 00:39:40 Sent {"src":"n0","dest":"c44","body":{"in_reply_to":2,"message_ids":[0,1,2,3,4,5,6,7,8,9,10,11,12,13,14,15,16,17,18,19,20,21,22,23,24,25,26,27,28,29,30,31,32,33,34,35,36,37,38,39,40,41,42,43,44,45],"type":"read_ok"}}
2024/02/19 00:39:40 Received {c45 n0 {"type":"broadcast","message":46,"msg_id":1}}
2024/02/19 00:39:40 Sent {"src":"n0","dest":"c45","body":{"in_reply_to":1,"type":"broadcast_ok"}}
2024/02/19 00:39:40 Received {c45 n0 {"type":"read","msg_id":2}}
2024/02/19 00:39:40 Sent {"src":"n0","dest":"c45","body":{"in_reply_to":2,"message_ids":[0,1,2,3,4,5,6,7,8,9,10,11,12,13,14,15,16,17,18,19,20,21,22,23,24,25,26,27,28,29,30,31,32,33,34,35,36,37,38,39,40,41,42,43,44,45,46],"type":"read_ok"}}
2024/02/19 00:39:40 Received {c46 n0 {"type":"read","msg_id":1}}
2024/02/19 00:39:40 Sent {"src":"n0","dest":"c46","body":{"in_reply_to":1,"message_ids":[0,1,2,3,4,5,6,7,8,9,10,11,12,13,14,15,16,17,18,19,20,21,22,23,24,25,26,27,28,29,30,31,32,33,34,35,36,37,38,39,40,41,42,43,44,45,46],"type":"read_ok"}}
2024/02/19 00:39:40 Received {c47 n0 {"type":"read","msg_id":1}}
2024/02/19 00:39:40 Sent {"src":"n0","dest":"c47","body":{"in_reply_to":1,"message_ids":[0,1,2,3,4,5,6,7,8,9,10,11,12,13,14,15,16,17,18,19,20,21,22,23,24,25,26,27,28,29,30,31,32,33,34,35,36,37,38,39,40,41,42,43,44,45,46],"type":"read_ok"}}
2024/02/19 00:39:40 Received {c48 n0 {"type":"read","msg_id":1}}
2024/02/19 00:39:40 Sent {"src":"n0","dest":"c48","body":{"in_reply_to":1,"message_ids":[0,1,2,3,4,5,6,7,8,9,10,11,12,13,14,15,16,17,18,19,20,21,22,23,24,25,26,27,28,29,30,31,32,33,34,35,36,37,38,39,40,41,42,43,44,45,46],"type":"read_ok"}}
2024/02/19 00:39:40 Received {c49 n0 {"type":"broadcast","message":47,"msg_id":1}}
2024/02/19 00:39:40 Sent {"src":"n0","dest":"c49","body":{"in_reply_to":1,"type":"broadcast_ok"}}
2024/02/19 00:39:40 Received {c49 n0 {"type":"read","msg_id":2}}
2024/02/19 00:39:40 Sent {"src":"n0","dest":"c49","body":{"in_reply_to":2,"message_ids":[0,1,2,3,4,5,6,7,8,9,10,11,12,13,14,15,16,17,18,19,20,21,22,23,24,25,26,27,28,29,30,31,32,33,34,35,36,37,38,39,40,41,42,43,44,45,46,47],"type":"read_ok"}}
2024/02/19 00:39:40 Received {c50 n0 {"type":"read","msg_id":1}}
2024/02/19 00:39:40 Sent {"src":"n0","dest":"c50","body":{"in_reply_to":1,"message_ids":[0,1,2,3,4,5,6,7,8,9,10,11,12,13,14,15,16,17,18,19,20,21,22,23,24,25,26,27,28,29,30,31,32,33,34,35,36,37,38,39,40,41,42,43,44,45,46,47],"type":"read_ok"}}
2024/02/19 00:39:41 Received {c51 n0 {"type":"read","msg_id":1}}
2024/02/19 00:39:41 Sent {"src":"n0","dest":"c51","body":{"in_reply_to":1,"message_ids":[0,1,2,3,4,5,6,7,8,9,10,11,12,13,14,15,16,17,18,19,20,21,22,23,24,25,26,27,28,29,30,31,32,33,34,35,36,37,38,39,40,41,42,43,44,45,46,47],"type":"read_ok"}}
2024/02/19 00:39:41 Received {c52 n0 {"type":"read","msg_id":1}}
2024/02/19 00:39:41 Sent {"src":"n0","dest":"c52","body":{"in_reply_to":1,"message_ids":[0,1,2,3,4,5,6,7,8,9,10,11,12,13,14,15,16,17,18,19,20,21,22,23,24,25,26,27,28,29,30,31,32,33,34,35,36,37,38,39,40,41,42,43,44,45,46,47],"type":"read_ok"}}
2024/02/19 00:39:41 Received {c53 n0 {"type":"read","msg_id":1}}
2024/02/19 00:39:41 Sent {"src":"n0","dest":"c53","body":{"in_reply_to":1,"message_ids":[0,1,2,3,4,5,6,7,8,9,10,11,12,13,14,15,16,17,18,19,20,21,22,23,24,25,26,27,28,29,30,31,32,33,34,35,36,37,38,39,40,41,42,43,44,45,46,47],"type":"read_ok"}}
2024/02/19 00:39:41 Received {c54 n0 {"type":"broadcast","message":48,"msg_id":1}}
2024/02/19 00:39:41 Sent {"src":"n0","dest":"c54","body":{"in_reply_to":1,"type":"broadcast_ok"}}
2024/02/19 00:39:41 Received {c54 n0 {"type":"read","msg_id":2}}
2024/02/19 00:39:41 Sent {"src":"n0","dest":"c54","body":{"in_reply_to":2,"message_ids":[0,1,2,3,4,5,6,7,8,9,10,11,12,13,14,15,16,17,18,19,20,21,22,23,24,25,26,27,28,29,30,31,32,33,34,35,36,37,38,39,40,41,42,43,44,45,46,47,48],"type":"read_ok"}}
2024/02/19 00:39:41 Received {c55 n0 {"type":"read","msg_id":1}}
2024/02/19 00:39:41 Sent {"src":"n0","dest":"c55","body":{"in_reply_to":1,"message_ids":[0,1,2,3,4,5,6,7,8,9,10,11,12,13,14,15,16,17,18,19,20,21,22,23,24,25,26,27,28,29,30,31,32,33,34,35,36,37,38,39,40,41,42,43,44,45,46,47,48],"type":"read_ok"}}
2024/02/19 00:39:41 Received {c56 n0 {"type":"read","msg_id":1}}
2024/02/19 00:39:41 Sent {"src":"n0","dest":"c56","body":{"in_reply_to":1,"message_ids":[0,1,2,3,4,5,6,7,8,9,10,11,12,13,14,15,16,17,18,19,20,21,22,23,24,25,26,27,28,29,30,31,32,33,34,35,36,37,38,39,40,41,42,43,44,45,46,47,48],"type":"read_ok"}}
2024/02/19 00:39:41 Received {c57 n0 {"type":"broadcast","message":49,"msg_id":1}}
2024/02/19 00:39:41 Sent {"src":"n0","dest":"c57","body":{"in_reply_to":1,"type":"broadcast_ok"}}
2024/02/19 00:39:42 Received {c57 n0 {"type":"read","msg_id":2}}
2024/02/19 00:39:42 Sent {"src":"n0","dest":"c57","body":{"in_reply_to":2,"message_ids":[0,1,2,3,4,5,6,7,8,9,10,11,12,13,14,15,16,17,18,19,20,21,22,23,24,25,26,27,28,29,30,31,32,33,34,35,36,37,38,39,40,41,42,43,44,45,46,47,48,49],"type":"read_ok"}}
2024/02/19 00:39:42 Received {c58 n0 {"type":"read","msg_id":1}}
2024/02/19 00:39:42 Sent {"src":"n0","dest":"c58","body":{"in_reply_to":1,"message_ids":[0,1,2,3,4,5,6,7,8,9,10,11,12,13,14,15,16,17,18,19,20,21,22,23,24,25,26,27,28,29,30,31,32,33,34,35,36,37,38,39,40,41,42,43,44,45,46,47,48,49],"type":"read_ok"}}
2024/02/19 00:39:42 Received {c59 n0 {"type":"broadcast","message":50,"msg_id":1}}
2024/02/19 00:39:42 Sent {"src":"n0","dest":"c59","body":{"in_reply_to":1,"type":"broadcast_ok"}}
2024/02/19 00:39:42 Received {c59 n0 {"type":"broadcast","message":51,"msg_id":2}}
2024/02/19 00:39:42 Sent {"src":"n0","dest":"c59","body":{"in_reply_to":2,"type":"broadcast_ok"}}
2024/02/19 00:39:42 Received {c59 n0 {"type":"read","msg_id":3}}
2024/02/19 00:39:42 Sent {"src":"n0","dest":"c59","body":{"in_reply_to":3,"message_ids":[0,1,2,3,4,5,6,7,8,9,10,11,12,13,14,15,16,17,18,19,20,21,22,23,24,25,26,27,28,29,30,31,32,33,34,35,36,37,38,39,40,41,42,43,44,45,46,47,48,49,50,51],"type":"read_ok"}}
2024/02/19 00:39:42 Received {c60 n0 {"type":"read","msg_id":1}}
2024/02/19 00:39:42 Sent {"src":"n0","dest":"c60","body":{"in_reply_to":1,"message_ids":[0,1,2,3,4,5,6,7,8,9,10,11,12,13,14,15,16,17,18,19,20,21,22,23,24,25,26,27,28,29,30,31,32,33,34,35,36,37,38,39,40,41,42,43,44,45,46,47,48,49,50,51],"type":"read_ok"}}
2024/02/19 00:39:42 Received {c61 n0 {"type":"broadcast","message":52,"msg_id":1}}
2024/02/19 00:39:42 Sent {"src":"n0","dest":"c61","body":{"in_reply_to":1,"type":"broadcast_ok"}}
2024/02/19 00:39:42 Received {c61 n0 {"type":"broadcast","message":53,"msg_id":2}}
2024/02/19 00:39:42 Sent {"src":"n0","dest":"c61","body":{"in_reply_to":2,"type":"broadcast_ok"}}
2024/02/19 00:39:42 Received {c61 n0 {"type":"read","msg_id":3}}
2024/02/19 00:39:42 Sent {"src":"n0","dest":"c61","body":{"in_reply_to":3,"message_ids":[0,1,2,3,4,5,6,7,8,9,10,11,12,13,14,15,16,17,18,19,20,21,22,23,24,25,26,27,28,29,30,31,32,33,34,35,36,37,38,39,40,41,42,43,44,45,46,47,48,49,50,51,52,53],"type":"read_ok"}}
2024/02/19 00:39:43 Received {c62 n0 {"type":"read","msg_id":1}}
2024/02/19 00:39:43 Sent {"src":"n0","dest":"c62","body":{"in_reply_to":1,"message_ids":[0,1,2,3,4,5,6,7,8,9,10,11,12,13,14,15,16,17,18,19,20,21,22,23,24,25,26,27,28,29,30,31,32,33,34,35,36,37,38,39,40,41,42,43,44,45,46,47,48,49,50,51,52,53],"type":"read_ok"}}
2024/02/19 00:39:43 Received {c63 n0 {"type":"broadcast","message":54,"msg_id":1}}
2024/02/19 00:39:43 Sent {"src":"n0","dest":"c63","body":{"in_reply_to":1,"type":"broadcast_ok"}}
2024/02/19 00:39:43 Received {c63 n0 {"type":"read","msg_id":2}}
2024/02/19 00:39:43 Sent {"src":"n0","dest":"c63","body":{"in_reply_to":2,"message_ids":[0,1,2,3,4,5,6,7,8,9,10,11,12,13,14,15,16,17,18,19,20,21,22,23,24,25,26,27,28,29,30,31,32,33,34,35,36,37,38,39,40,41,42,43,44,45,46,47,48,49,50,51,52,53,54],"type":"read_ok"}}
2024/02/19 00:39:43 Received {c64 n0 {"type":"read","msg_id":1}}
2024/02/19 00:39:43 Sent {"src":"n0","dest":"c64","body":{"in_reply_to":1,"message_ids":[0,1,2,3,4,5,6,7,8,9,10,11,12,13,14,15,16,17,18,19,20,21,22,23,24,25,26,27,28,29,30,31,32,33,34,35,36,37,38,39,40,41,42,43,44,45,46,47,48,49,50,51,52,53,54],"type":"read_ok"}}
2024/02/19 00:39:43 Received {c65 n0 {"type":"read","msg_id":1}}
2024/02/19 00:39:43 Sent {"src":"n0","dest":"c65","body":{"in_reply_to":1,"message_ids":[0,1,2,3,4,5,6,7,8,9,10,11,12,13,14,15,16,17,18,19,20,21,22,23,24,25,26,27,28,29,30,31,32,33,34,35,36,37,38,39,40,41,42,43,44,45,46,47,48,49,50,51,52,53,54],"type":"read_ok"}}
2024/02/19 00:39:43 Received {c66 n0 {"type":"broadcast","message":55,"msg_id":1}}
2024/02/19 00:39:43 Sent {"src":"n0","dest":"c66","body":{"in_reply_to":1,"type":"broadcast_ok"}}
2024/02/19 00:39:43 Received {c66 n0 {"type":"read","msg_id":2}}
2024/02/19 00:39:43 Sent {"src":"n0","dest":"c66","body":{"in_reply_to":2,"message_ids":[0,1,2,3,4,5,6,7,8,9,10,11,12,13,14,15,16,17,18,19,20,21,22,23,24,25,26,27,28,29,30,31,32,33,34,35,36,37,38,39,40,41,42,43,44,45,46,47,48,49,50,51,52,53,54,55],"type":"read_ok"}}
2024/02/19 00:39:43 Received {c67 n0 {"type":"read","msg_id":1}}
2024/02/19 00:39:43 Sent {"src":"n0","dest":"c67","body":{"in_reply_to":1,"message_ids":[0,1,2,3,4,5,6,7,8,9,10,11,12,13,14,15,16,17,18,19,20,21,22,23,24,25,26,27,28,29,30,31,32,33,34,35,36,37,38,39,40,41,42,43,44,45,46,47,48,49,50,51,52,53,54,55],"type":"read_ok"}}
2024/02/19 00:39:43 Received {c68 n0 {"type":"broadcast","message":56,"msg_id":1}}
2024/02/19 00:39:43 Sent {"src":"n0","dest":"c68","body":{"in_reply_to":1,"type":"broadcast_ok"}}
2024/02/19 00:39:43 Received {c68 n0 {"type":"read","msg_id":2}}
2024/02/19 00:39:43 Sent {"src":"n0","dest":"c68","body":{"in_reply_to":2,"message_ids":[0,1,2,3,4,5,6,7,8,9,10,11,12,13,14,15,16,17,18,19,20,21,22,23,24,25,26,27,28,29,30,31,32,33,34,35,36,37,38,39,40,41,42,43,44,45,46,47,48,49,50,51,52,53,54,55,56],"type":"read_ok"}}
2024/02/19 00:39:44 Received {c69 n0 {"type":"broadcast","message":57,"msg_id":1}}
2024/02/19 00:39:44 Sent {"src":"n0","dest":"c69","body":{"in_reply_to":1,"type":"broadcast_ok"}}
2024/02/19 00:39:44 Received {c69 n0 {"type":"read","msg_id":2}}
2024/02/19 00:39:44 Sent {"src":"n0","dest":"c69","body":{"in_reply_to":2,"message_ids":[0,1,2,3,4,5,6,7,8,9,10,11,12,13,14,15,16,17,18,19,20,21,22,23,24,25,26,27,28,29,30,31,32,33,34,35,36,37,38,39,40,41,42,43,44,45,46,47,48,49,50,51,52,53,54,55,56,57],"type":"read_ok"}}
2024/02/19 00:39:44 Received {c70 n0 {"type":"read","msg_id":1}}
2024/02/19 00:39:44 Sent {"src":"n0","dest":"c70","body":{"in_reply_to":1,"message_ids":[0,1,2,3,4,5,6,7,8,9,10,11,12,13,14,15,16,17,18,19,20,21,22,23,24,25,26,27,28,29,30,31,32,33,34,35,36,37,38,39,40,41,42,43,44,45,46,47,48,49,50,51,52,53,54,55,56,57],"type":"read_ok"}}
2024/02/19 00:39:44 Received {c71 n0 {"type":"read","msg_id":1}}
2024/02/19 00:39:44 Sent {"src":"n0","dest":"c71","body":{"in_reply_to":1,"message_ids":[0,1,2,3,4,5,6,7,8,9,10,11,12,13,14,15,16,17,18,19,20,21,22,23,24,25,26,27,28,29,30,31,32,33,34,35,36,37,38,39,40,41,42,43,44,45,46,47,48,49,50,51,52,53,54,55,56,57],"type":"read_ok"}}
2024/02/19 00:39:44 Received {c72 n0 {"type":"read","msg_id":1}}
2024/02/19 00:39:44 Sent {"src":"n0","dest":"c72","body":{"in_reply_to":1,"message_ids":[0,1,2,3,4,5,6,7,8,9,10,11,12,13,14,15,16,17,18,19,20,21,22,23,24,25,26,27,28,29,30,31,32,33,34,35,36,37,38,39,40,41,42,43,44,45,46,47,48,49,50,51,52,53,54,55,56,57],"type":"read_ok"}}
2024/02/19 00:39:44 Received {c73 n0 {"type":"read","msg_id":1}}
2024/02/19 00:39:44 Sent {"src":"n0","dest":"c73","body":{"in_reply_to":1,"message_ids":[0,1,2,3,4,5,6,7,8,9,10,11,12,13,14,15,16,17,18,19,20,21,22,23,24,25,26,27,28,29,30,31,32,33,34,35,36,37,38,39,40,41,42,43,44,45,46,47,48,49,50,51,52,53,54,55,56,57],"type":"read_ok"}}
2024/02/19 00:39:44 Received {c74 n0 {"type":"broadcast","message":58,"msg_id":1}}
2024/02/19 00:39:44 Sent {"src":"n0","dest":"c74","body":{"in_reply_to":1,"type":"broadcast_ok"}}
2024/02/19 00:39:44 Received {c74 n0 {"type":"broadcast","message":59,"msg_id":2}}
2024/02/19 00:39:44 Sent {"src":"n0","dest":"c74","body":{"in_reply_to":2,"type":"broadcast_ok"}}
2024/02/19 00:39:44 Received {c74 n0 {"type":"read","msg_id":3}}
2024/02/19 00:39:44 Sent {"src":"n0","dest":"c74","body":{"in_reply_to":3,"message_ids":[0,1,2,3,4,5,6,7,8,9,10,11,12,13,14,15,16,17,18,19,20,21,22,23,24,25,26,27,28,29,30,31,32,33,34,35,36,37,38,39,40,41,42,43,44,45,46,47,48,49,50,51,52,53,54,55,56,57,58,59],"type":"read_ok"}}
2024/02/19 00:39:45 Received {c75 n0 {"type":"broadcast","message":60,"msg_id":1}}
2024/02/19 00:39:45 Sent {"src":"n0","dest":"c75","body":{"in_reply_to":1,"type":"broadcast_ok"}}
2024/02/19 00:39:45 Received {c75 n0 {"type":"read","msg_id":2}}
2024/02/19 00:39:45 Sent {"src":"n0","dest":"c75","body":{"in_reply_to":2,"message_ids":[0,1,2,3,4,5,6,7,8,9,10,11,12,13,14,15,16,17,18,19,20,21,22,23,24,25,26,27,28,29,30,31,32,33,34,35,36,37,38,39,40,41,42,43,44,45,46,47,48,49,50,51,52,53,54,55,56,57,58,59,60],"type":"read_ok"}}
2024/02/19 00:39:45 Received {c76 n0 {"type":"read","msg_id":1}}
2024/02/19 00:39:45 Sent {"src":"n0","dest":"c76","body":{"in_reply_to":1,"message_ids":[0,1,2,3,4,5,6,7,8,9,10,11,12,13,14,15,16,17,18,19,20,21,22,23,24,25,26,27,28,29,30,31,32,33,34,35,36,37,38,39,40,41,42,43,44,45,46,47,48,49,50,51,52,53,54,55,56,57,58,59,60],"type":"read_ok"}}
2024/02/19 00:39:45 Received {c77 n0 {"type":"read","msg_id":1}}
2024/02/19 00:39:45 Sent {"src":"n0","dest":"c77","body":{"in_reply_to":1,"message_ids":[0,1,2,3,4,5,6,7,8,9,10,11,12,13,14,15,16,17,18,19,20,21,22,23,24,25,26,27,28,29,30,31,32,33,34,35,36,37,38,39,40,41,42,43,44,45,46,47,48,49,50,51,52,53,54,55,56,57,58,59,60],"type":"read_ok"}}
2024/02/19 00:39:45 Received {c78 n0 {"type":"read","msg_id":1}}
2024/02/19 00:39:45 Sent {"src":"n0","dest":"c78","body":{"in_reply_to":1,"message_ids":[0,1,2,3,4,5,6,7,8,9,10,11,12,13,14,15,16,17,18,19,20,21,22,23,24,25,26,27,28,29,30,31,32,33,34,35,36,37,38,39,40,41,42,43,44,45,46,47,48,49,50,51,52,53,54,55,56,57,58,59,60],"type":"read_ok"}}
2024/02/19 00:39:45 Received {c79 n0 {"type":"broadcast","message":61,"msg_id":1}}
2024/02/19 00:39:45 Sent {"src":"n0","dest":"c79","body":{"in_reply_to":1,"type":"broadcast_ok"}}
2024/02/19 00:39:45 Received {c79 n0 {"type":"read","msg_id":2}}
2024/02/19 00:39:45 Sent {"src":"n0","dest":"c79","body":{"in_reply_to":2,"message_ids":[0,1,2,3,4,5,6,7,8,9,10,11,12,13,14,15,16,17,18,19,20,21,22,23,24,25,26,27,28,29,30,31,32,33,34,35,36,37,38,39,40,41,42,43,44,45,46,47,48,49,50,51,52,53,54,55,56,57,58,59,60,61],"type":"read_ok"}}
2024/02/19 00:39:45 Received {c80 n0 {"type":"broadcast","message":62,"msg_id":1}}
2024/02/19 00:39:45 Sent {"src":"n0","dest":"c80","body":{"in_reply_to":1,"type":"broadcast_ok"}}
2024/02/19 00:39:45 Received {c80 n0 {"type":"broadcast","message":63,"msg_id":2}}
2024/02/19 00:39:45 Sent {"src":"n0","dest":"c80","body":{"in_reply_to":2,"type":"broadcast_ok"}}
2024/02/19 00:39:46 Received {c80 n0 {"type":"broadcast","message":64,"msg_id":3}}
2024/02/19 00:39:46 Sent {"src":"n0","dest":"c80","body":{"in_reply_to":3,"type":"broadcast_ok"}}
2024/02/19 00:39:46 Received {c80 n0 {"type":"read","msg_id":4}}
2024/02/19 00:39:46 Sent {"src":"n0","dest":"c80","body":{"in_reply_to":4,"message_ids":[0,1,2,3,4,5,6,7,8,9,10,11,12,13,14,15,16,17,18,19,20,21,22,23,24,25,26,27,28,29,30,31,32,33,34,35,36,37,38,39,40,41,42,43,44,45,46,47,48,49,50,51,52,53,54,55,56,57,58,59,60,61,62,63,64],"type":"read_ok"}}
2024/02/19 00:39:46 Received {c81 n0 {"type":"broadcast","message":65,"msg_id":1}}
2024/02/19 00:39:46 Sent {"src":"n0","dest":"c81","body":{"in_reply_to":1,"type":"broadcast_ok"}}
2024/02/19 00:39:46 Received {c81 n0 {"type":"broadcast","message":66,"msg_id":2}}
2024/02/19 00:39:46 Sent {"src":"n0","dest":"c81","body":{"in_reply_to":2,"type":"broadcast_ok"}}
2024/02/19 00:39:46 Received {c81 n0 {"type":"broadcast","message":67,"msg_id":3}}
2024/02/19 00:39:46 Sent {"src":"n0","dest":"c81","body":{"in_reply_to":3,"type":"broadcast_ok"}}
2024/02/19 00:39:46 Received {c81 n0 {"type":"read","msg_id":4}}
2024/02/19 00:39:46 Sent {"src":"n0","dest":"c81","body":{"in_reply_to":4,"message_ids":[0,1,2,3,4,5,6,7,8,9,10,11,12,13,14,15,16,17,18,19,20,21,22,23,24,25,26,27,28,29,30,31,32,33,34,35,36,37,38,39,40,41,42,43,44,45,46,47,48,49,50,51,52,53,54,55,56,57,58,59,60,61,62,63,64,65,66,67],"type":"read_ok"}}
2024/02/19 00:39:46 Received {c82 n0 {"type":"read","msg_id":1}}
2024/02/19 00:39:46 Sent {"src":"n0","dest":"c82","body":{"in_reply_to":1,"message_ids":[0,1,2,3,4,5,6,7,8,9,10,11,12,13,14,15,16,17,18,19,20,21,22,23,24,25,26,27,28,29,30,31,32,33,34,35,36,37,38,39,40,41,42,43,44,45,46,47,48,49,50,51,52,53,54,55,56,57,58,59,60,61,62,63,64,65,66,67],"type":"read_ok"}}
2024/02/19 00:39:46 Received {c83 n0 {"type":"broadcast","message":68,"msg_id":1}}
2024/02/19 00:39:46 Sent {"src":"n0","dest":"c83","body":{"in_reply_to":1,"type":"broadcast_ok"}}
2024/02/19 00:39:46 Received {c83 n0 {"type":"read","msg_id":2}}
2024/02/19 00:39:46 Sent {"src":"n0","dest":"c83","body":{"in_reply_to":2,"message_ids":[0,1,2,3,4,5,6,7,8,9,10,11,12,13,14,15,16,17,18,19,20,21,22,23,24,25,26,27,28,29,30,31,32,33,34,35,36,37,38,39,40,41,42,43,44,45,46,47,48,49,50,51,52,53,54,55,56,57,58,59,60,61,62,63,64,65,66,67,68],"type":"read_ok"}}
2024/02/19 00:39:46 Received {c84 n0 {"type":"read","msg_id":1}}
2024/02/19 00:39:46 Sent {"src":"n0","dest":"c84","body":{"in_reply_to":1,"message_ids":[0,1,2,3,4,5,6,7,8,9,10,11,12,13,14,15,16,17,18,19,20,21,22,23,24,25,26,27,28,29,30,31,32,33,34,35,36,37,38,39,40,41,42,43,44,45,46,47,48,49,50,51,52,53,54,55,56,57,58,59,60,61,62,63,64,65,66,67,68],"type":"read_ok"}}
2024/02/19 00:39:46 Received {c85 n0 {"type":"read","msg_id":1}}
2024/02/19 00:39:46 Sent {"src":"n0","dest":"c85","body":{"in_reply_to":1,"message_ids":[0,1,2,3,4,5,6,7,8,9,10,11,12,13,14,15,16,17,18,19,20,21,22,23,24,25,26,27,28,29,30,31,32,33,34,35,36,37,38,39,40,41,42,43,44,45,46,47,48,49,50,51,52,53,54,55,56,57,58,59,60,61,62,63,64,65,66,67,68],"type":"read_ok"}}
2024/02/19 00:39:47 Received {c86 n0 {"type":"broadcast","message":69,"msg_id":1}}
2024/02/19 00:39:47 Sent {"src":"n0","dest":"c86","body":{"in_reply_to":1,"type":"broadcast_ok"}}
2024/02/19 00:39:47 Received {c86 n0 {"type":"broadcast","message":70,"msg_id":2}}
2024/02/19 00:39:47 Sent {"src":"n0","dest":"c86","body":{"in_reply_to":2,"type":"broadcast_ok"}}
2024/02/19 00:39:47 Received {c86 n0 {"type":"broadcast","message":71,"msg_id":3}}
2024/02/19 00:39:47 Sent {"src":"n0","dest":"c86","body":{"in_reply_to":3,"type":"broadcast_ok"}}
2024/02/19 00:39:47 Received {c86 n0 {"type":"broadcast","message":72,"msg_id":4}}
2024/02/19 00:39:47 Sent {"src":"n0","dest":"c86","body":{"in_reply_to":4,"type":"broadcast_ok"}}
2024/02/19 00:39:47 Received {c86 n0 {"type":"broadcast","message":73,"msg_id":5}}
2024/02/19 00:39:47 Sent {"src":"n0","dest":"c86","body":{"in_reply_to":5,"type":"broadcast_ok"}}
2024/02/19 00:39:47 Received {c86 n0 {"type":"broadcast","message":74,"msg_id":6}}
2024/02/19 00:39:47 Sent {"src":"n0","dest":"c86","body":{"in_reply_to":6,"type":"broadcast_ok"}}
2024/02/19 00:39:47 Received {c86 n0 {"type":"broadcast","message":75,"msg_id":7}}
2024/02/19 00:39:47 Sent {"src":"n0","dest":"c86","body":{"in_reply_to":7,"type":"broadcast_ok"}}
2024/02/19 00:39:47 Received {c86 n0 {"type":"read","msg_id":8}}
2024/02/19 00:39:47 Sent {"src":"n0","dest":"c86","body":{"in_reply_to":8,"message_ids":[0,1,2,3,4,5,6,7,8,9,10,11,12,13,14,15,16,17,18,19,20,21,22,23,24,25,26,27,28,29,30,31,32,33,34,35,36,37,38,39,40,41,42,43,44,45,46,47,48,49,50,51,52,53,54,55,56,57,58,59,60,61,62,63,64,65,66,67,68,69,70,71,72,73,74,75],"type":"read_ok"}}
2024/02/19 00:39:47 Received {c87 n0 {"type":"broadcast","message":76,"msg_id":1}}
2024/02/19 00:39:47 Sent {"src":"n0","dest":"c87","body":{"in_reply_to":1,"type":"broadcast_ok"}}
2024/02/19 00:39:48 Received {c87 n0 {"type":"read","msg_id":2}}
2024/02/19 00:39:48 Sent {"src":"n0","dest":"c87","body":{"in_reply_to":2,"message_ids":[0,1,2,3,4,5,6,7,8,9,10,11,12,13,14,15,16,17,18,19,20,21,22,23,24,25,26,27,28,29,30,31,32,33,34,35,36,37,38,39,40,41,42,43,44,45,46,47,48,49,50,51,52,53,54,55,56,57,58,59,60,61,62,63,64,65,66,67,68,69,70,71,72,73,74,75,76],"type":"read_ok"}}
2024/02/19 00:39:48 Received {c88 n0 {"type":"read","msg_id":1}}
2024/02/19 00:39:48 Sent {"src":"n0","dest":"c88","body":{"in_reply_to":1,"message_ids":[0,1,2,3,4,5,6,7,8,9,10,11,12,13,14,15,16,17,18,19,20,21,22,23,24,25,26,27,28,29,30,31,32,33,34,35,36,37,38,39,40,41,42,43,44,45,46,47,48,49,50,51,52,53,54,55,56,57,58,59,60,61,62,63,64,65,66,67,68,69,70,71,72,73,74,75,76],"type":"read_ok"}}
2024/02/19 00:39:48 Received {c89 n0 {"type":"read","msg_id":1}}
2024/02/19 00:39:48 Sent {"src":"n0","dest":"c89","body":{"in_reply_to":1,"message_ids":[0,1,2,3,4,5,6,7,8,9,10,11,12,13,14,15,16,17,18,19,20,21,22,23,24,25,26,27,28,29,30,31,32,33,34,35,36,37,38,39,40,41,42,43,44,45,46,47,48,49,50,51,52,53,54,55,56,57,58,59,60,61,62,63,64,65,66,67,68,69,70,71,72,73,74,75,76],"type":"read_ok"}}
2024/02/19 00:39:48 Received {c90 n0 {"type":"read","msg_id":1}}
2024/02/19 00:39:48 Sent {"src":"n0","dest":"c90","body":{"in_reply_to":1,"message_ids":[0,1,2,3,4,5,6,7,8,9,10,11,12,13,14,15,16,17,18,19,20,21,22,23,24,25,26,27,28,29,30,31,32,33,34,35,36,37,38,39,40,41,42,43,44,45,46,47,48,49,50,51,52,53,54,55,56,57,58,59,60,61,62,63,64,65,66,67,68,69,70,71,72,73,74,75,76],"type":"read_ok"}}
2024/02/19 00:39:48 Received {c91 n0 {"type":"read","msg_id":1}}
2024/02/19 00:39:48 Sent {"src":"n0","dest":"c91","body":{"in_reply_to":1,"message_ids":[0,1,2,3,4,5,6,7,8,9,10,11,12,13,14,15,16,17,18,19,20,21,22,23,24,25,26,27,28,29,30,31,32,33,34,35,36,37,38,39,40,41,42,43,44,45,46,47,48,49,50,51,52,53,54,55,56,57,58,59,60,61,62,63,64,65,66,67,68,69,70,71,72,73,74,75,76],"type":"read_ok"}}
2024/02/19 00:39:48 Received {c92 n0 {"type":"broadcast","message":77,"msg_id":1}}
2024/02/19 00:39:48 Sent {"src":"n0","dest":"c92","body":{"in_reply_to":1,"type":"broadcast_ok"}}
2024/02/19 00:39:48 Received {c92 n0 {"type":"read","msg_id":2}}
2024/02/19 00:39:48 Sent {"src":"n0","dest":"c92","body":{"in_reply_to":2,"message_ids":[0,1,2,3,4,5,6,7,8,9,10,11,12,13,14,15,16,17,18,19,20,21,22,23,24,25,26,27,28,29,30,31,32,33,34,35,36,37,38,39,40,41,42,43,44,45,46,47,48,49,50,51,52,53,54,55,56,57,58,59,60,61,62,63,64,65,66,67,68,69,70,71,72,73,74,75,76,77],"type":"read_ok"}}
2024/02/19 00:39:48 Received {c93 n0 {"type":"broadcast","message":78,"msg_id":1}}
2024/02/19 00:39:48 Sent {"src":"n0","dest":"c93","body":{"in_reply_to":1,"type":"broadcast_ok"}}
2024/02/19 00:39:48 Received {c93 n0 {"type":"broadcast","message":79,"msg_id":2}}
2024/02/19 00:39:48 Sent {"src":"n0","dest":"c93","body":{"in_reply_to":2,"type":"broadcast_ok"}}
2024/02/19 00:39:49 Received {c93 n0 {"type":"read","msg_id":3}}
2024/02/19 00:39:49 Sent {"src":"n0","dest":"c93","body":{"in_reply_to":3,"message_ids":[0,1,2,3,4,5,6,7,8,9,10,11,12,13,14,15,16,17,18,19,20,21,22,23,24,25,26,27,28,29,30,31,32,33,34,35,36,37,38,39,40,41,42,43,44,45,46,47,48,49,50,51,52,53,54,55,56,57,58,59,60,61,62,63,64,65,66,67,68,69,70,71,72,73,74,75,76,77,78,79],"type":"read_ok"}}
2024/02/19 00:39:49 Received {c94 n0 {"type":"read","msg_id":1}}
2024/02/19 00:39:49 Sent {"src":"n0","dest":"c94","body":{"in_reply_to":1,"message_ids":[0,1,2,3,4,5,6,7,8,9,10,11,12,13,14,15,16,17,18,19,20,21,22,23,24,25,26,27,28,29,30,31,32,33,34,35,36,37,38,39,40,41,42,43,44,45,46,47,48,49,50,51,52,53,54,55,56,57,58,59,60,61,62,63,64,65,66,67,68,69,70,71,72,73,74,75,76,77,78,79],"type":"read_ok"}}
2024/02/19 00:39:49 Received {c95 n0 {"type":"read","msg_id":1}}
2024/02/19 00:39:49 Sent {"src":"n0","dest":"c95","body":{"in_reply_to":1,"message_ids":[0,1,2,3,4,5,6,7,8,9,10,11,12,13,14,15,16,17,18,19,20,21,22,23,24,25,26,27,28,29,30,31,32,33,34,35,36,37,38,39,40,41,42,43,44,45,46,47,48,49,50,51,52,53,54,55,56,57,58,59,60,61,62,63,64,65,66,67,68,69,70,71,72,73,74,75,76,77,78,79],"type":"read_ok"}}
2024/02/19 00:39:49 Received {c96 n0 {"type":"broadcast","message":80,"msg_id":1}}
2024/02/19 00:39:49 Sent {"src":"n0","dest":"c96","body":{"in_reply_to":1,"type":"broadcast_ok"}}
2024/02/19 00:39:49 Received {c96 n0 {"type":"read","msg_id":2}}
2024/02/19 00:39:49 Sent {"src":"n0","dest":"c96","body":{"in_reply_to":2,"message_ids":[0,1,2,3,4,5,6,7,8,9,10,11,12,13,14,15,16,17,18,19,20,21,22,23,24,25,26,27,28,29,30,31,32,33,34,35,36,37,38,39,40,41,42,43,44,45,46,47,48,49,50,51,52,53,54,55,56,57,58,59,60,61,62,63,64,65,66,67,68,69,70,71,72,73,74,75,76,77,78,79,80],"type":"read_ok"}}
2024/02/19 00:39:49 Received {c97 n0 {"type":"broadcast","message":81,"msg_id":1}}
2024/02/19 00:39:49 Sent {"src":"n0","dest":"c97","body":{"in_reply_to":1,"type":"broadcast_ok"}}
2024/02/19 00:39:49 Received {c97 n0 {"type":"read","msg_id":2}}
2024/02/19 00:39:49 Sent {"src":"n0","dest":"c97","body":{"in_reply_to":2,"message_ids":[0,1,2,3,4,5,6,7,8,9,10,11,12,13,14,15,16,17,18,19,20,21,22,23,24,25,26,27,28,29,30,31,32,33,34,35,36,37,38,39,40,41,42,43,44,45,46,47,48,49,50,51,52,53,54,55,56,57,58,59,60,61,62,63,64,65,66,67,68,69,70,71,72,73,74,75,76,77,78,79,80,81],"type":"read_ok"}}
2024/02/19 00:39:49 Received {c98 n0 {"type":"read","msg_id":1}}
2024/02/19 00:39:49 Sent {"src":"n0","dest":"c98","body":{"in_reply_to":1,"message_ids":[0,1,2,3,4,5,6,7,8,9,10,11,12,13,14,15,16,17,18,19,20,21,22,23,24,25,26,27,28,29,30,31,32,33,34,35,36,37,38,39,40,41,42,43,44,45,46,47,48,49,50,51,52,53,54,55,56,57,58,59,60,61,62,63,64,65,66,67,68,69,70,71,72,73,74,75,76,77,78,79,80,81],"type":"read_ok"}}
2024/02/19 00:39:50 Received {c99 n0 {"type":"read","msg_id":1}}
2024/02/19 00:39:50 Sent {"src":"n0","dest":"c99","body":{"in_reply_to":1,"message_ids":[0,1,2,3,4,5,6,7,8,9,10,11,12,13,14,15,16,17,18,19,20,21,22,23,24,25,26,27,28,29,30,31,32,33,34,35,36,37,38,39,40,41,42,43,44,45,46,47,48,49,50,51,52,53,54,55,56,57,58,59,60,61,62,63,64,65,66,67,68,69,70,71,72,73,74,75,76,77,78,79,80,81],"type":"read_ok"}}
2024/02/19 00:39:50 Received {c100 n0 {"type":"read","msg_id":1}}
2024/02/19 00:39:50 Sent {"src":"n0","dest":"c100","body":{"in_reply_to":1,"message_ids":[0,1,2,3,4,5,6,7,8,9,10,11,12,13,14,15,16,17,18,19,20,21,22,23,24,25,26,27,28,29,30,31,32,33,34,35,36,37,38,39,40,41,42,43,44,45,46,47,48,49,50,51,52,53,54,55,56,57,58,59,60,61,62,63,64,65,66,67,68,69,70,71,72,73,74,75,76,77,78,79,80,81],"type":"read_ok"}}
2024/02/19 00:39:50 Received {c101 n0 {"type":"broadcast","message":82,"msg_id":1}}
2024/02/19 00:39:50 Sent {"src":"n0","dest":"c101","body":{"in_reply_to":1,"type":"broadcast_ok"}}
2024/02/19 00:39:50 Received {c101 n0 {"type":"broadcast","message":83,"msg_id":2}}
2024/02/19 00:39:50 Sent {"src":"n0","dest":"c101","body":{"in_reply_to":2,"type":"broadcast_ok"}}
2024/02/19 00:39:50 Received {c101 n0 {"type":"broadcast","message":84,"msg_id":3}}
2024/02/19 00:39:50 Sent {"src":"n0","dest":"c101","body":{"in_reply_to":3,"type":"broadcast_ok"}}
2024/02/19 00:39:50 Received {c101 n0 {"type":"read","msg_id":4}}
2024/02/19 00:39:50 Sent {"src":"n0","dest":"c101","body":{"in_reply_to":4,"message_ids":[0,1,2,3,4,5,6,7,8,9,10,11,12,13,14,15,16,17,18,19,20,21,22,23,24,25,26,27,28,29,30,31,32,33,34,35,36,37,38,39,40,41,42,43,44,45,46,47,48,49,50,51,52,53,54,55,56,57,58,59,60,61,62,63,64,65,66,67,68,69,70,71,72,73,74,75,76,77,78,79,80,81,82,83,84],"type":"read_ok"}}
2024/02/19 00:39:50 Received {c102 n0 {"type":"broadcast","message":85,"msg_id":1}}
2024/02/19 00:39:50 Sent {"src":"n0","dest":"c102","body":{"in_reply_to":1,"type":"broadcast_ok"}}
2024/02/19 00:39:50 Received {c102 n0 {"type":"broadcast","message":86,"msg_id":2}}
2024/02/19 00:39:50 Sent {"src":"n0","dest":"c102","body":{"in_reply_to":2,"type":"broadcast_ok"}}
