2024/02/19 00:44:31 Received {c0 n0 {"type":"init","node_id":"n0","node_ids":["n0"],"msg_id":1}}
2024/02/19 00:44:31 Node n0 initialized
2024/02/19 00:44:31 Sent {"src":"n0","dest":"c0","body":{"in_reply_to":1,"type":"init_ok"}}
2024/02/19 00:44:31 Received {c1 n0 {"type":"topology","topology":{"n0":[]},"msg_id":1}}
2024/02/19 00:44:31 Sent {"src":"n0","dest":"c1","body":{"in_reply_to":1,"type":"topology_ok"}}
2024/02/19 00:44:31 Received {c2 n0 {"type":"broadcast","message":0,"msg_id":1}}
2024/02/19 00:44:31 Sent {"src":"n0","dest":"c2","body":{"in_reply_to":1,"type":"broadcast_ok"}}
2024/02/19 00:44:31 Received {c2 n0 {"type":"broadcast","message":1,"msg_id":2}}
2024/02/19 00:44:31 Sent {"src":"n0","dest":"c2","body":{"in_reply_to":2,"type":"broadcast_ok"}}
2024/02/19 00:44:31 Received {c2 n0 {"type":"read","msg_id":3}}
2024/02/19 00:44:31 Sent {"src":"n0","dest":"c2","body":{"in_reply_to":3,"message_ids":[0,1],"type":"read_ok"}}
2024/02/19 00:44:31 Received {c3 n0 {"type":"broadcast","message":2,"msg_id":1}}
2024/02/19 00:44:31 Sent {"src":"n0","dest":"c3","body":{"in_reply_to":1,"type":"broadcast_ok"}}
2024/02/19 00:44:32 Received {c3 n0 {"type":"broadcast","message":3,"msg_id":2}}
2024/02/19 00:44:32 Sent {"src":"n0","dest":"c3","body":{"in_reply_to":2,"type":"broadcast_ok"}}
2024/02/19 00:44:32 Received {c3 n0 {"type":"read","msg_id":3}}
2024/02/19 00:44:32 Sent {"src":"n0","dest":"c3","body":{"in_reply_to":3,"message_ids":[0,1,2,3],"type":"read_ok"}}
2024/02/19 00:44:32 Received {c4 n0 {"type":"read","msg_id":1}}
2024/02/19 00:44:32 Sent {"src":"n0","dest":"c4","body":{"in_reply_to":1,"message_ids":[0,1,2,3],"type":"read_ok"}}
2024/02/19 00:44:32 Received {c5 n0 {"type":"read","msg_id":1}}
2024/02/19 00:44:32 Sent {"src":"n0","dest":"c5","body":{"in_reply_to":1,"message_ids":[0,1,2,3],"type":"read_ok"}}
2024/02/19 00:44:32 Received {c6 n0 {"type":"read","msg_id":1}}
2024/02/19 00:44:32 Sent {"src":"n0","dest":"c6","body":{"in_reply_to":1,"message_ids":[0,1,2,3],"type":"read_ok"}}
2024/02/19 00:44:32 Received {c7 n0 {"type":"broadcast","message":4,"msg_id":1}}
2024/02/19 00:44:32 Sent {"src":"n0","dest":"c7","body":{"in_reply_to":1,"type":"broadcast_ok"}}
2024/02/19 00:44:32 Received {c7 n0 {"type":"broadcast","message":5,"msg_id":2}}
2024/02/19 00:44:32 Sent {"src":"n0","dest":"c7","body":{"in_reply_to":2,"type":"broadcast_ok"}}
2024/02/19 00:44:32 Received {c7 n0 {"type":"broadcast","message":6,"msg_id":3}}
2024/02/19 00:44:32 Sent {"src":"n0","dest":"c7","body":{"in_reply_to":3,"type":"broadcast_ok"}}
2024/02/19 00:44:33 Received {c7 n0 {"type":"broadcast","message":7,"msg_id":4}}
2024/02/19 00:44:33 Sent {"src":"n0","dest":"c7","body":{"in_reply_to":4,"type":"broadcast_ok"}}
2024/02/19 00:44:33 Received {c7 n0 {"type":"broadcast","message":8,"msg_id":5}}
2024/02/19 00:44:33 Sent {"src":"n0","dest":"c7","body":{"in_reply_to":5,"type":"broadcast_ok"}}
2024/02/19 00:44:33 Received {c7 n0 {"type":"broadcast","message":9,"msg_id":6}}
2024/02/19 00:44:33 Sent {"src":"n0","dest":"c7","body":{"in_reply_to":6,"type":"broadcast_ok"}}
2024/02/19 00:44:33 Received {c7 n0 {"type":"broadcast","message":10,"msg_id":7}}
2024/02/19 00:44:33 Sent {"src":"n0","dest":"c7","body":{"in_reply_to":7,"type":"broadcast_ok"}}
2024/02/19 00:44:33 Received {c7 n0 {"type":"broadcast","message":11,"msg_id":8}}
2024/02/19 00:44:33 Sent {"src":"n0","dest":"c7","body":{"in_reply_to":8,"type":"broadcast_ok"}}
2024/02/19 00:44:33 Received {c7 n0 {"type":"broadcast","message":12,"msg_id":9}}
2024/02/19 00:44:33 Sent {"src":"n0","dest":"c7","body":{"in_reply_to":9,"type":"broadcast_ok"}}
2024/02/19 00:44:33 Received {c7 n0 {"type":"broadcast","message":13,"msg_id":10}}
2024/02/19 00:44:33 Sent {"src":"n0","dest":"c7","body":{"in_reply_to":10,"type":"broadcast_ok"}}
2024/02/19 00:44:33 Received {c7 n0 {"type":"read","msg_id":11}}
2024/02/19 00:44:33 Sent {"src":"n0","dest":"c7","body":{"in_reply_to":11,"message_ids":[0,1,2,3,4,5,6,7,8,9,10,11,12,13],"type":"read_ok"}}
2024/02/19 00:44:34 Received {c8 n0 {"type":"read","msg_id":1}}
2024/02/19 00:44:34 Sent {"src":"n0","dest":"c8","body":{"in_reply_to":1,"message_ids":[0,1,2,3,4,5,6,7,8,9,10,11,12,13],"type":"read_ok"}}
2024/02/19 00:44:34 Received {c9 n0 {"type":"broadcast","message":14,"msg_id":1}}
2024/02/19 00:44:34 Sent {"src":"n0","dest":"c9","body":{"in_reply_to":1,"type":"broadcast_ok"}}
2024/02/19 00:44:34 Received {c9 n0 {"type":"read","msg_id":2}}
2024/02/19 00:44:34 Sent {"src":"n0","dest":"c9","body":{"in_reply_to":2,"message_ids":[0,1,2,3,4,5,6,7,8,9,10,11,12,13,14],"type":"read_ok"}}
2024/02/19 00:44:34 Received {c10 n0 {"type":"read","msg_id":1}}
2024/02/19 00:44:34 Sent {"src":"n0","dest":"c10","body":{"in_reply_to":1,"message_ids":[0,1,2,3,4,5,6,7,8,9,10,11,12,13,14],"type":"read_ok"}}
2024/02/19 00:44:34 Received {c11 n0 {"type":"broadcast","message":15,"msg_id":1}}
2024/02/19 00:44:34 Sent {"src":"n0","dest":"c11","body":{"in_reply_to":1,"type":"broadcast_ok"}}
2024/02/19 00:44:34 Received {c11 n0 {"type":"broadcast","message":16,"msg_id":2}}
2024/02/19 00:44:34 Sent {"src":"n0","dest":"c11","body":{"in_reply_to":2,"type":"broadcast_ok"}}
2024/02/19 00:44:35 Received {c11 n0 {"type":"broadcast","message":17,"msg_id":3}}
2024/02/19 00:44:35 Sent {"src":"n0","dest":"c11","body":{"in_reply_to":3,"type":"broadcast_ok"}}
2024/02/19 00:44:35 Received {c11 n0 {"type":"broadcast","message":18,"msg_id":4}}
2024/02/19 00:44:35 Sent {"src":"n0","dest":"c11","body":{"in_reply_to":4,"type":"broadcast_ok"}}
2024/02/19 00:44:35 Received {c11 n0 {"type":"broadcast","message":19,"msg_id":5}}
2024/02/19 00:44:35 Sent {"src":"n0","dest":"c11","body":{"in_reply_to":5,"type":"broadcast_ok"}}
2024/02/19 00:44:35 Received {c11 n0 {"type":"read","msg_id":6}}
2024/02/19 00:44:35 Sent {"src":"n0","dest":"c11","body":{"in_reply_to":6,"message_ids":[0,1,2,3,4,5,6,7,8,9,10,11,12,13,14,15,16,17,18,19],"type":"read_ok"}}
2024/02/19 00:44:35 Received {c12 n0 {"type":"broadcast","message":20,"msg_id":1}}
2024/02/19 00:44:35 Sent {"src":"n0","dest":"c12","body":{"in_reply_to":1,"type":"broadcast_ok"}}
2024/02/19 00:44:35 Received {c12 n0 {"type":"read","msg_id":2}}
2024/02/19 00:44:35 Sent {"src":"n0","dest":"c12","body":{"in_reply_to":2,"message_ids":[0,1,2,3,4,5,6,7,8,9,10,11,12,13,14,15,16,17,18,19,20],"type":"read_ok"}}
2024/02/19 00:44:35 Received {c13 n0 {"type":"read","msg_id":1}}
2024/02/19 00:44:35 Sent {"src":"n0","dest":"c13","body":{"in_reply_to":1,"message_ids":[0,1,2,3,4,5,6,7,8,9,10,11,12,13,14,15,16,17,18,19,20],"type":"read_ok"}}
2024/02/19 00:44:36 Received {c14 n0 {"type":"read","msg_id":1}}
2024/02/19 00:44:36 Sent {"src":"n0","dest":"c14","body":{"in_reply_to":1,"message_ids":[0,1,2,3,4,5,6,7,8,9,10,11,12,13,14,15,16,17,18,19,20],"type":"read_ok"}}
2024/02/19 00:44:36 Received {c15 n0 {"type":"broadcast","message":21,"msg_id":1}}
2024/02/19 00:44:36 Sent {"src":"n0","dest":"c15","body":{"in_reply_to":1,"type":"broadcast_ok"}}
2024/02/19 00:44:36 Received {c15 n0 {"type":"read","msg_id":2}}
2024/02/19 00:44:36 Sent {"src":"n0","dest":"c15","body":{"in_reply_to":2,"message_ids":[0,1,2,3,4,5,6,7,8,9,10,11,12,13,14,15,16,17,18,19,20,21],"type":"read_ok"}}
