2024-02-23 16:32:45,206{GMT}	INFO	[jepsen test runner] jepsen.core: Test version a6ecf26472b81b804f34a302bd07c0bb804a8801 (plus uncommitted changes)
2024-02-23 16:32:45,207{GMT}	INFO	[jepsen test runner] jepsen.core: Command line:
lein run test -w broadcast --bin /Users/danishsharma/go/src/gossip-glamers/multi_node_broadcast/bin --node-count 5 --time-limit 20 --rate 10
2024-02-23 16:32:45,273{GMT}	INFO	[jepsen test runner] jepsen.core: Running test:
{:args []
 :remote
 #jepsen.control.retry.Remote{:remote #jepsen.control.scp.Remote{:cmd-remote #jepsen.control.sshj.SSHJRemote{:concurrency-limit 6,
                                                                                                             :conn-spec nil,
                                                                                                             :client nil,
                                                                                                             :semaphore nil},
                                                                 :conn-spec nil},
                              :conn nil}
 :log-net-send false
 :node-count 5
 :availability nil
 :max-txn-length 4
 :concurrency 5
 :db
 #object[maelstrom.db$db$reify__16142
         "0x36573ec5"
         "maelstrom.db$db$reify__16142@36573ec5"]
 :max-writes-per-key 16
 :leave-db-running? false
 :name "broadcast"
 :logging-json? false
 :start-time
 #object[org.joda.time.DateTime "0x686279e0" "2024-02-23T16:32:45.129+05:30"]
 :nemesis-interval 10
 :net
 #object[maelstrom.net$jepsen_net$reify__15251
         "0x6b28d4e4"
         "maelstrom.net$jepsen_net$reify__15251@6b28d4e4"]
 :client
 #object[maelstrom.workload.broadcast$client$reify__16644
         "0x41cfcbb5"
         "maelstrom.workload.broadcast$client$reify__16644@41cfcbb5"]
 :barrier
 #object[java.util.concurrent.CyclicBarrier
         "0x40941b54"
         "java.util.concurrent.CyclicBarrier@40941b54"]
 :log-stderr false
 :pure-generators true
 :ssh {:dummy? true}
 :rate 10.0
 :checker
 #object[jepsen.checker$compose$reify__11881
         "0x3b42d7df"
         "jepsen.checker$compose$reify__11881@3b42d7df"]
 :argv
 ("test"
  "-w"
  "broadcast"
  "--bin"
  "/Users/danishsharma/go/src/gossip-glamers/multi_node_broadcast/bin"
  "--node-count"
  "5"
  "--time-limit"
  "20"
  "--rate"
  "10")
 :nemesis
 (jepsen.nemesis.ReflCompose
  {:fm {:start-partition 0,
        :stop-partition 0,
        :kill 1,
        :start 1,
        :pause 1,
        :resume 1},
   :nemeses [#unprintable "jepsen.nemesis.combined$partition_nemesis$reify__16416@1660bba7"
             #unprintable "jepsen.nemesis.combined$db_nemesis$reify__16397@29cd48bd"]})
 :nodes ["n0" "n1" "n2" "n3" "n4"]
 :test-count 1
 :latency {:mean 0, :dist :constant}
 :bin "/Users/danishsharma/go/src/gossip-glamers/multi_node_broadcast/bin"
 :generator
 ((jepsen.generator.Synchronize
   {:gen (jepsen.generator.TimeLimit
          {:limit 20000000000,
           :cutoff nil,
           :gen (jepsen.generator.Any
                 {:gens [(jepsen.generator.OnThreads
                          {:f #{:nemesis},
                           :context-filter #object[jepsen.generator.context$make_thread_filter$lazy_filter__9167
                                                   "0x2a2f7a61"
                                                   "jepsen.generator.context$make_thread_filter$lazy_filter__9167@2a2f7a61"],
                           :gen nil})
                         (jepsen.generator.OnThreads
                          {:f #jepsen.generator.context.AllBut{:element :nemesis},
                           :context-filter #object[jepsen.generator.context$make_thread_filter$lazy_filter__9167
                                                   "0x8d40f07"
                                                   "jepsen.generator.context$make_thread_filter$lazy_filter__9167@8d40f07"],
                           :gen (jepsen.generator.Stagger
                                 {:dt 200000000,
                                  :next-time nil,
                                  :gen (jepsen.generator.Mix
                                        {:i 0,
                                         :gens [({:f :broadcast, :value 0}
                                                 {:f :broadcast, :value 1}
                                                 {:f :broadcast, :value 2}
                                                 {:f :broadcast, :value 3}
                                                 {:f :broadcast, :value 4}
                                                 {:f :broadcast, :value 5}
                                                 {:f :broadcast, :value 6}
                                                 {:f :broadcast, :value 7}
                                                 ...)
                                                ({:f :read}
                                                 {:f :read}
                                                 {:f :read}
                                                 {:f :read}
                                                 {:f :read}
                                                 {:f :read}
                                                 {:f :read}
                                                 {:f :read}
                                                 ...)]})})})]})})})
  (jepsen.generator.Synchronize
   {:gen (jepsen.generator.OnThreads
          {:f #{:nemesis},
           :context-filter #object[jepsen.generator.context$make_thread_filter$lazy_filter__9167
                                   "0x307ca947"
                                   "jepsen.generator.context$make_thread_filter$lazy_filter__9167@307ca947"],
           :gen ()})})
  (jepsen.generator.Synchronize
   {:gen {:type :log, :value "Waiting for recovery..."}})
  (jepsen.generator.Synchronize {:gen {:type :sleep, :value 10}})
  (jepsen.generator.Synchronize
   {:gen (jepsen.generator.OnThreads
          {:f #jepsen.generator.context.AllBut{:element :nemesis},
           :context-filter #object[jepsen.generator.context$make_thread_filter$lazy_filter__9167
                                   "0x61d1315b"
                                   "jepsen.generator.context$make_thread_filter$lazy_filter__9167@61d1315b"],
           :gen (jepsen.generator.EachThread
                 {:fresh-gen {:f :read, :final? true},
                  :context-filters #object[clojure.core$promise$reify__8591
                                           "0x49d5b651"
                                           {:status :pending, :val nil}],
                  :gens {}})})}))
 :log-net-recv false
 :os
 #object[maelstrom.net$jepsen_os$reify__15254
         "0x34989ceb"
         "maelstrom.net$jepsen_os$reify__15254@34989ceb"]
 :time-limit 20
 :workload :broadcast
 :consistency-models [:strict-serializable]
 :topology :grid}

2024-02-23 16:32:47,161{GMT}	INFO	[jepsen node n0] maelstrom.net: Starting Maelstrom network
2024-02-23 16:32:47,162{GMT}	INFO	[jepsen test runner] jepsen.db: Tearing down DB
2024-02-23 16:32:47,163{GMT}	INFO	[jepsen test runner] jepsen.db: Setting up DB
2024-02-23 16:32:47,164{GMT}	INFO	[jepsen node n2] maelstrom.db: Setting up n2
2024-02-23 16:32:47,164{GMT}	INFO	[jepsen node n1] maelstrom.db: Setting up n1
2024-02-23 16:32:47,164{GMT}	INFO	[jepsen node n3] maelstrom.db: Setting up n3
2024-02-23 16:32:47,164{GMT}	INFO	[jepsen node n4] maelstrom.db: Setting up n4
2024-02-23 16:32:47,164{GMT}	INFO	[jepsen node n1] maelstrom.process: launching /Users/danishsharma/go/src/gossip-glamers/multi_node_broadcast/bin []
2024-02-23 16:32:47,164{GMT}	INFO	[jepsen node n2] maelstrom.process: launching /Users/danishsharma/go/src/gossip-glamers/multi_node_broadcast/bin []
2024-02-23 16:32:47,164{GMT}	INFO	[jepsen node n3] maelstrom.process: launching /Users/danishsharma/go/src/gossip-glamers/multi_node_broadcast/bin []
2024-02-23 16:32:47,164{GMT}	INFO	[jepsen node n4] maelstrom.process: launching /Users/danishsharma/go/src/gossip-glamers/multi_node_broadcast/bin []
2024-02-23 16:32:47,165{GMT}	INFO	[jepsen node n0] maelstrom.service: Starting services: (lin-kv lin-tso lww-kv seq-kv)
2024-02-23 16:32:47,166{GMT}	INFO	[jepsen node n0] maelstrom.db: Setting up n0
2024-02-23 16:32:47,167{GMT}	INFO	[jepsen node n0] maelstrom.process: launching /Users/danishsharma/go/src/gossip-glamers/multi_node_broadcast/bin []
2024-02-23 16:32:47,790{GMT}	INFO	[jepsen test runner] jepsen.core: Relative time begins now
2024-02-23 16:32:47,817{GMT}	INFO	[jepsen worker 0] jepsen.util: 0	:invoke	:broadcast	0
2024-02-23 16:32:47,823{GMT}	INFO	[jepsen worker 0] jepsen.util: 0	:ok	:broadcast	0
2024-02-23 16:32:47,902{GMT}	INFO	[jepsen worker 1] jepsen.util: 1	:invoke	:broadcast	1
2024-02-23 16:32:47,905{GMT}	INFO	[jepsen worker 1] jepsen.util: 1	:ok	:broadcast	1
2024-02-23 16:32:48,081{GMT}	INFO	[jepsen worker 2] jepsen.util: 2	:invoke	:broadcast	2
2024-02-23 16:32:48,084{GMT}	INFO	[jepsen worker 2] jepsen.util: 2	:ok	:broadcast	2
2024-02-23 16:32:48,153{GMT}	INFO	[jepsen worker 3] jepsen.util: 3	:invoke	:broadcast	3
2024-02-23 16:32:48,156{GMT}	INFO	[jepsen worker 3] jepsen.util: 3	:ok	:broadcast	3
2024-02-23 16:32:48,254{GMT}	INFO	[jepsen worker 4] jepsen.util: 4	:invoke	:broadcast	4
2024-02-23 16:32:48,259{GMT}	INFO	[jepsen worker 4] jepsen.util: 4	:ok	:broadcast	4
2024-02-23 16:32:48,337{GMT}	INFO	[jepsen worker 0] jepsen.util: 0	:invoke	:broadcast	5
2024-02-23 16:32:48,338{GMT}	INFO	[jepsen worker 0] jepsen.util: 0	:ok	:broadcast	5
2024-02-23 16:32:48,386{GMT}	INFO	[jepsen worker 0] jepsen.util: 0	:invoke	:read	nil
2024-02-23 16:32:48,388{GMT}	INFO	[jepsen worker 0] jepsen.util: 0	:ok	:read	[0 1 2 3 4 5]
2024-02-23 16:32:48,455{GMT}	INFO	[jepsen worker 1] jepsen.util: 1	:invoke	:broadcast	6
2024-02-23 16:32:48,457{GMT}	INFO	[jepsen worker 1] jepsen.util: 1	:ok	:broadcast	6
2024-02-23 16:32:48,589{GMT}	INFO	[jepsen worker 2] jepsen.util: 2	:invoke	:read	nil
2024-02-23 16:32:48,590{GMT}	INFO	[jepsen worker 2] jepsen.util: 2	:ok	:read	[1 2 3 4 5 6 0]
2024-02-23 16:32:48,611{GMT}	INFO	[jepsen worker 3] jepsen.util: 3	:invoke	:read	nil
2024-02-23 16:32:48,613{GMT}	INFO	[jepsen worker 3] jepsen.util: 3	:ok	:read	[0 1 2 3 4 5 6]
2024-02-23 16:32:48,734{GMT}	INFO	[jepsen worker 4] jepsen.util: 4	:invoke	:read	nil
2024-02-23 16:32:48,736{GMT}	INFO	[jepsen worker 4] jepsen.util: 4	:ok	:read	[0 1 2 3 4 5 6]
2024-02-23 16:32:48,927{GMT}	INFO	[jepsen worker 0] jepsen.util: 0	:invoke	:read	nil
2024-02-23 16:32:48,929{GMT}	INFO	[jepsen worker 0] jepsen.util: 0	:ok	:read	[5 6 0 1 2 3 4]
2024-02-23 16:32:48,969{GMT}	INFO	[jepsen worker 0] jepsen.util: 0	:invoke	:read	nil
2024-02-23 16:32:48,971{GMT}	INFO	[jepsen worker 0] jepsen.util: 0	:ok	:read	[0 1 2 3 4 5 6]
2024-02-23 16:32:49,135{GMT}	INFO	[jepsen worker 1] jepsen.util: 1	:invoke	:broadcast	7
2024-02-23 16:32:49,137{GMT}	INFO	[jepsen worker 1] jepsen.util: 1	:ok	:broadcast	7
2024-02-23 16:32:49,262{GMT}	INFO	[jepsen worker 2] jepsen.util: 2	:invoke	:read	nil
2024-02-23 16:32:49,264{GMT}	INFO	[jepsen worker 2] jepsen.util: 2	:ok	:read	[4 5 6 7 0 1 2 3]
2024-02-23 16:32:49,336{GMT}	INFO	[jepsen worker 3] jepsen.util: 3	:invoke	:read	nil
2024-02-23 16:32:49,337{GMT}	INFO	[jepsen worker 3] jepsen.util: 3	:ok	:read	[7 0 1 2 3 4 5 6]
2024-02-23 16:32:49,397{GMT}	INFO	[jepsen worker 4] jepsen.util: 4	:invoke	:read	nil
2024-02-23 16:32:49,399{GMT}	INFO	[jepsen worker 4] jepsen.util: 4	:ok	:read	[3 4 5 6 7 0 1 2]
2024-02-23 16:32:49,552{GMT}	INFO	[jepsen worker 0] jepsen.util: 0	:invoke	:broadcast	8
2024-02-23 16:32:49,553{GMT}	INFO	[jepsen worker 0] jepsen.util: 0	:ok	:broadcast	8
2024-02-23 16:32:49,647{GMT}	INFO	[jepsen worker 0] jepsen.util: 0	:invoke	:read	nil
2024-02-23 16:32:49,648{GMT}	INFO	[jepsen worker 0] jepsen.util: 0	:ok	:read	[1 5 6 7 0 2 3 4 8]
2024-02-23 16:32:49,760{GMT}	INFO	[jepsen worker 1] jepsen.util: 1	:invoke	:broadcast	9
2024-02-23 16:32:49,762{GMT}	INFO	[jepsen worker 1] jepsen.util: 1	:ok	:broadcast	9
2024-02-23 16:32:49,871{GMT}	INFO	[jepsen worker 2] jepsen.util: 2	:invoke	:read	nil
2024-02-23 16:32:49,873{GMT}	INFO	[jepsen worker 2] jepsen.util: 2	:ok	:read	[5 6 8 9 0 1 2 3 4 7]
2024-02-23 16:32:49,929{GMT}	INFO	[jepsen worker 3] jepsen.util: 3	:invoke	:read	nil
2024-02-23 16:32:49,931{GMT}	INFO	[jepsen worker 3] jepsen.util: 3	:ok	:read	[1 5 9 7 8 0 2 3 4 6]
2024-02-23 16:32:50,097{GMT}	INFO	[jepsen worker 4] jepsen.util: 4	:invoke	:read	nil
2024-02-23 16:32:50,098{GMT}	INFO	[jepsen worker 4] jepsen.util: 4	:ok	:read	[2 3 5 7 8 9 0 1 4 6]
2024-02-23 16:32:50,272{GMT}	INFO	[jepsen worker 0] jepsen.util: 0	:invoke	:read	nil
2024-02-23 16:32:50,274{GMT}	INFO	[jepsen worker 0] jepsen.util: 0	:ok	:read	[3 4 8 0 2 6 7 9 1 5]
2024-02-23 16:32:50,422{GMT}	INFO	[jepsen worker 0] jepsen.util: 0	:invoke	:read	nil
2024-02-23 16:32:50,423{GMT}	INFO	[jepsen worker 0] jepsen.util: 0	:ok	:read	[0 2 3 4 8 1 5 6 7 9]
2024-02-23 16:32:50,553{GMT}	INFO	[jepsen worker 1] jepsen.util: 1	:invoke	:broadcast	10
2024-02-23 16:32:50,555{GMT}	INFO	[jepsen worker 1] jepsen.util: 1	:ok	:broadcast	10
2024-02-23 16:32:50,615{GMT}	INFO	[jepsen worker 2] jepsen.util: 2	:invoke	:broadcast	11
2024-02-23 16:32:50,616{GMT}	INFO	[jepsen worker 2] jepsen.util: 2	:ok	:broadcast	11
2024-02-23 16:32:50,635{GMT}	INFO	[jepsen worker 3] jepsen.util: 3	:invoke	:read	nil
2024-02-23 16:32:50,637{GMT}	INFO	[jepsen worker 3] jepsen.util: 3	:ok	:read	[7 8 10 0 2 3 4 6 1 5 9 11]
2024-02-23 16:32:50,794{GMT}	INFO	[jepsen worker 4] jepsen.util: 4	:invoke	:broadcast	12
2024-02-23 16:32:50,795{GMT}	INFO	[jepsen worker 4] jepsen.util: 4	:ok	:broadcast	12
2024-02-23 16:32:50,935{GMT}	INFO	[jepsen worker 0] jepsen.util: 0	:invoke	:broadcast	13
2024-02-23 16:32:50,937{GMT}	INFO	[jepsen worker 0] jepsen.util: 0	:ok	:broadcast	13
2024-02-23 16:32:51,002{GMT}	INFO	[jepsen worker 0] jepsen.util: 0	:invoke	:broadcast	14
2024-02-23 16:32:51,004{GMT}	INFO	[jepsen worker 0] jepsen.util: 0	:ok	:broadcast	14
2024-02-23 16:32:51,098{GMT}	INFO	[jepsen worker 1] jepsen.util: 1	:invoke	:read	nil
2024-02-23 16:32:51,100{GMT}	INFO	[jepsen worker 1] jepsen.util: 1	:ok	:read	[0 1 4 5 6 7 2 10 3 11 14 8 9 12 13]
2024-02-23 16:32:51,185{GMT}	INFO	[jepsen worker 2] jepsen.util: 2	:invoke	:broadcast	15
2024-02-23 16:32:51,187{GMT}	INFO	[jepsen worker 2] jepsen.util: 2	:ok	:broadcast	15
2024-02-23 16:32:51,244{GMT}	INFO	[jepsen worker 3] jepsen.util: 3	:invoke	:read	nil
2024-02-23 16:32:51,245{GMT}	INFO	[jepsen worker 3] jepsen.util: 3	:ok	:read	[14 15 5 11 4 7 8 10 13 0 2 12 1 9 3 6]
2024-02-23 16:32:51,324{GMT}	INFO	[jepsen worker 4] jepsen.util: 4	:invoke	:broadcast	16
2024-02-23 16:32:51,325{GMT}	INFO	[jepsen worker 4] jepsen.util: 4	:ok	:broadcast	16
2024-02-23 16:32:51,341{GMT}	INFO	[jepsen worker 0] jepsen.util: 0	:invoke	:read	nil
2024-02-23 16:32:51,342{GMT}	INFO	[jepsen worker 0] jepsen.util: 0	:ok	:read	[0 2 4 8 16 12 14 3 10 11 1 5 6 7 9 13 15]
2024-02-23 16:32:51,386{GMT}	INFO	[jepsen worker 0] jepsen.util: 0	:invoke	:read	nil
2024-02-23 16:32:51,387{GMT}	INFO	[jepsen worker 0] jepsen.util: 0	:ok	:read	[12 14 3 10 11 1 5 6 7 9 13 15 0 2 4 8 16]
2024-02-23 16:32:51,568{GMT}	INFO	[jepsen worker 1] jepsen.util: 1	:invoke	:broadcast	17
2024-02-23 16:32:51,569{GMT}	INFO	[jepsen worker 1] jepsen.util: 1	:ok	:broadcast	17
2024-02-23 16:32:51,601{GMT}	INFO	[jepsen worker 2] jepsen.util: 2	:invoke	:broadcast	18
2024-02-23 16:32:51,602{GMT}	INFO	[jepsen worker 2] jepsen.util: 2	:ok	:broadcast	18
2024-02-23 16:32:51,652{GMT}	INFO	[jepsen worker 3] jepsen.util: 3	:invoke	:broadcast	19
2024-02-23 16:32:51,654{GMT}	INFO	[jepsen worker 3] jepsen.util: 3	:ok	:broadcast	19
2024-02-23 16:32:51,761{GMT}	INFO	[jepsen worker 4] jepsen.util: 4	:invoke	:broadcast	20
2024-02-23 16:32:51,762{GMT}	INFO	[jepsen worker 4] jepsen.util: 4	:ok	:broadcast	20
2024-02-23 16:32:51,835{GMT}	INFO	[jepsen worker 0] jepsen.util: 0	:invoke	:broadcast	21
2024-02-23 16:32:51,836{GMT}	INFO	[jepsen worker 0] jepsen.util: 0	:ok	:broadcast	21
2024-02-23 16:32:51,948{GMT}	INFO	[jepsen worker 0] jepsen.util: 0	:invoke	:broadcast	22
2024-02-23 16:32:51,949{GMT}	INFO	[jepsen worker 0] jepsen.util: 0	:ok	:broadcast	22
2024-02-23 16:32:51,994{GMT}	INFO	[jepsen worker 1] jepsen.util: 1	:invoke	:broadcast	23
2024-02-23 16:32:51,995{GMT}	INFO	[jepsen worker 1] jepsen.util: 1	:ok	:broadcast	23
2024-02-23 16:32:52,004{GMT}	INFO	[jepsen worker 2] jepsen.util: 2	:invoke	:broadcast	24
2024-02-23 16:32:52,005{GMT}	INFO	[jepsen worker 2] jepsen.util: 2	:ok	:broadcast	24
2024-02-23 16:32:52,103{GMT}	INFO	[jepsen worker 3] jepsen.util: 3	:invoke	:broadcast	25
2024-02-23 16:32:52,104{GMT}	INFO	[jepsen worker 3] jepsen.util: 3	:ok	:broadcast	25
2024-02-23 16:32:52,296{GMT}	INFO	[jepsen worker 4] jepsen.util: 4	:invoke	:broadcast	26
2024-02-23 16:32:52,297{GMT}	INFO	[jepsen worker 4] jepsen.util: 4	:ok	:broadcast	26
2024-02-23 16:32:52,381{GMT}	INFO	[jepsen worker 0] jepsen.util: 0	:invoke	:broadcast	27
2024-02-23 16:32:52,383{GMT}	INFO	[jepsen worker 0] jepsen.util: 0	:ok	:broadcast	27
2024-02-23 16:32:52,454{GMT}	INFO	[jepsen worker 0] jepsen.util: 0	:invoke	:read	nil
2024-02-23 16:32:52,455{GMT}	INFO	[jepsen worker 0] jepsen.util: 0	:ok	:read	[12 17 24 3 11 15 22 27 4 16 23 26 14 19 21 18 20 25 10 7 9 13 1 5 6 0 2 8]
2024-02-23 16:32:52,477{GMT}	INFO	[jepsen worker 1] jepsen.util: 1	:invoke	:broadcast	28
2024-02-23 16:32:52,478{GMT}	INFO	[jepsen worker 1] jepsen.util: 1	:ok	:broadcast	28
2024-02-23 16:32:52,589{GMT}	INFO	[jepsen worker 2] jepsen.util: 2	:invoke	:read	nil
2024-02-23 16:32:52,590{GMT}	INFO	[jepsen worker 2] jepsen.util: 2	:ok	:read	[6 10 23 1 19 5 8 9 15 24 25 0 3 16 17 28 7 12 20 21 27 13 14 22 26 2 4 11 18]
2024-02-23 16:32:52,738{GMT}	INFO	[jepsen worker 3] jepsen.util: 3	:invoke	:broadcast	29
2024-02-23 16:32:52,739{GMT}	INFO	[jepsen worker 3] jepsen.util: 3	:ok	:broadcast	29
2024-02-23 16:32:52,777{GMT}	INFO	[jepsen worker 4] jepsen.util: 4	:invoke	:read	nil
2024-02-23 16:32:52,778{GMT}	INFO	[jepsen worker 4] jepsen.util: 4	:ok	:read	[28 2 9 19 25 4 13 15 21 1 3 22 23 24 16 26 29 0 5 8 14 6 10 12 18 7 11 17 20 27]
2024-02-23 16:32:52,895{GMT}	INFO	[jepsen worker 0] jepsen.util: 0	:invoke	:read	nil
2024-02-23 16:32:52,897{GMT}	INFO	[jepsen worker 0] jepsen.util: 0	:ok	:read	[27 15 22 23 4 16 21 26 14 19 20 25 28 10 18 6 7 9 13 29 1 5 8 0 2 12 17 24 3 11]
2024-02-23 16:32:52,969{GMT}	INFO	[jepsen worker 0] jepsen.util: 0	:invoke	:read	nil
2024-02-23 16:32:52,970{GMT}	INFO	[jepsen worker 0] jepsen.util: 0	:ok	:read	[21 26 14 19 20 25 28 10 18 6 7 9 13 29 1 5 8 0 2 12 17 24 3 11 27 15 22 23 4 16]
2024-02-23 16:32:53,148{GMT}	INFO	[jepsen worker 1] jepsen.util: 1	:invoke	:read	nil
2024-02-23 16:32:53,150{GMT}	INFO	[jepsen worker 1] jepsen.util: 1	:ok	:read	[22 25 26 10 17 20 23 3 18 27 15 4 7 19 0 21 2 14 24 11 9 12 13 29 8 5 6 16 28 1]
2024-02-23 16:32:53,256{GMT}	INFO	[jepsen worker 2] jepsen.util: 2	:invoke	:broadcast	30
2024-02-23 16:32:53,257{GMT}	INFO	[jepsen worker 2] jepsen.util: 2	:ok	:broadcast	30
2024-02-23 16:32:53,350{GMT}	INFO	[jepsen worker 3] jepsen.util: 3	:invoke	:read	nil
2024-02-23 16:32:53,352{GMT}	INFO	[jepsen worker 3] jepsen.util: 3	:ok	:read	[6 17 27 15 23 30 0 2 8 10 24 1 9 12 16 3 18 20 22 5 11 14 26 21 29 4 7 13 19 25 28]
2024-02-23 16:32:53,402{GMT}	INFO	[jepsen worker 4] jepsen.util: 4	:invoke	:broadcast	31
2024-02-23 16:32:53,404{GMT}	INFO	[jepsen worker 4] jepsen.util: 4	:ok	:broadcast	31
2024-02-23 16:32:53,411{GMT}	INFO	[jepsen worker 0] jepsen.util: 0	:invoke	:broadcast	32
2024-02-23 16:32:53,412{GMT}	INFO	[jepsen worker 0] jepsen.util: 0	:ok	:broadcast	32
2024-02-23 16:32:53,588{GMT}	INFO	[jepsen worker 0] jepsen.util: 0	:invoke	:broadcast	33
2024-02-23 16:32:53,589{GMT}	INFO	[jepsen worker 0] jepsen.util: 0	:ok	:broadcast	33
2024-02-23 16:32:53,753{GMT}	INFO	[jepsen worker 1] jepsen.util: 1	:invoke	:broadcast	34
2024-02-23 16:32:53,754{GMT}	INFO	[jepsen worker 1] jepsen.util: 1	:ok	:broadcast	34
2024-02-23 16:32:53,937{GMT}	INFO	[jepsen worker 2] jepsen.util: 2	:invoke	:read	nil
2024-02-23 16:32:53,938{GMT}	INFO	[jepsen worker 2] jepsen.util: 2	:ok	:read	[0 3 16 17 24 25 30 34 7 12 20 21 28 31 33 13 14 22 26 27 2 4 11 18 32 6 10 23 1 19 29 5 8 9 15]
2024-02-23 16:32:53,988{GMT}	INFO	[jepsen worker 3] jepsen.util: 3	:invoke	:read	nil
2024-02-23 16:32:53,989{GMT}	INFO	[jepsen worker 3] jepsen.util: 3	:ok	:read	[15 23 0 2 8 10 30 1 9 12 16 24 32 3 18 20 22 5 11 14 26 31 34 4 7 13 19 21 29 25 28 6 17 27 33]
2024-02-23 16:32:54,006{GMT}	INFO	[jepsen worker 4] jepsen.util: 4	:invoke	:read	nil
2024-02-23 16:32:54,007{GMT}	INFO	[jepsen worker 4] jepsen.util: 4	:ok	:read	[17 20 27 32 7 11 28 19 25 2 9 15 21 30 4 13 22 23 24 31 34 1 3 29 16 26 8 14 0 5 12 18 33 6 10]
2024-02-23 16:32:54,194{GMT}	INFO	[jepsen worker 0] jepsen.util: 0	:invoke	:broadcast	35
2024-02-23 16:32:54,195{GMT}	INFO	[jepsen worker 0] jepsen.util: 0	:ok	:broadcast	35
2024-02-23 16:32:54,355{GMT}	INFO	[jepsen worker 0] jepsen.util: 0	:invoke	:broadcast	36
2024-02-23 16:32:54,356{GMT}	INFO	[jepsen worker 0] jepsen.util: 0	:ok	:broadcast	36
2024-02-23 16:32:54,552{GMT}	INFO	[jepsen worker 1] jepsen.util: 1	:invoke	:broadcast	37
2024-02-23 16:32:54,553{GMT}	INFO	[jepsen worker 1] jepsen.util: 1	:ok	:broadcast	37
2024-02-23 16:32:54,677{GMT}	INFO	[jepsen worker 2] jepsen.util: 2	:invoke	:broadcast	38
2024-02-23 16:32:54,678{GMT}	INFO	[jepsen worker 2] jepsen.util: 2	:ok	:broadcast	38
2024-02-23 16:32:54,761{GMT}	INFO	[jepsen worker 3] jepsen.util: 3	:invoke	:read	nil
2024-02-23 16:32:54,762{GMT}	INFO	[jepsen worker 3] jepsen.util: 3	:ok	:read	[25 28 6 17 27 33 15 23 30 36 37 0 2 8 10 24 32 1 9 12 16 38 3 18 20 22 5 11 14 26 21 29 31 34 4 7 13 19 35]
2024-02-23 16:32:54,849{GMT}	INFO	[jepsen worker 4] jepsen.util: 4	:invoke	:read	nil
2024-02-23 16:32:54,851{GMT}	INFO	[jepsen worker 4] jepsen.util: 4	:ok	:read	[9 19 25 2 13 15 21 30 4 3 22 23 24 31 34 1 26 29 16 5 8 14 0 10 12 18 33 6 11 17 20 27 32 36 37 7 38 35 28]
2024-02-23 16:32:54,870{GMT}	INFO	[jepsen worker 0] jepsen.util: 0	:invoke	:broadcast	39
2024-02-23 16:32:54,871{GMT}	INFO	[jepsen worker 0] jepsen.util: 0	:ok	:broadcast	39
2024-02-23 16:32:55,010{GMT}	INFO	[jepsen worker 0] jepsen.util: 0	:invoke	:read	nil
2024-02-23 16:32:55,012{GMT}	INFO	[jepsen worker 0] jepsen.util: 0	:ok	:read	[38 1 5 6 7 9 13 29 0 2 8 30 39 12 35 3 11 17 24 32 33 36 15 22 27 4 16 23 14 19 21 26 31 34 10 18 20 25 28 37]
2024-02-23 16:32:55,194{GMT}	INFO	[jepsen worker 1] jepsen.util: 1	:invoke	:broadcast	40
2024-02-23 16:32:55,195{GMT}	INFO	[jepsen worker 1] jepsen.util: 1	:ok	:broadcast	40
2024-02-23 16:32:55,335{GMT}	INFO	[jepsen worker 2] jepsen.util: 2	:invoke	:read	nil
2024-02-23 16:32:55,336{GMT}	INFO	[jepsen worker 2] jepsen.util: 2	:ok	:read	[35 0 3 16 17 24 25 30 34 38 40 7 12 20 21 28 31 33 13 14 22 26 27 2 4 11 18 32 37 6 10 23 36 39 1 19 29 5 8 9 15]
2024-02-23 16:32:55,496{GMT}	INFO	[jepsen worker 3] jepsen.util: 3	:invoke	:broadcast	41
2024-02-23 16:32:55,497{GMT}	INFO	[jepsen worker 3] jepsen.util: 3	:ok	:broadcast	41
2024-02-23 16:32:55,538{GMT}	INFO	[jepsen worker 4] jepsen.util: 4	:invoke	:broadcast	42
2024-02-23 16:32:55,542{GMT}	INFO	[jepsen worker 4] jepsen.util: 4	:ok	:broadcast	42
2024-02-23 16:32:55,711{GMT}	INFO	[jepsen worker 0] jepsen.util: 0	:invoke	:read	nil
2024-02-23 16:32:55,712{GMT}	INFO	[jepsen worker 0] jepsen.util: 0	:ok	:read	[18 20 25 28 37 10 5 6 7 9 13 29 38 1 40 2 8 30 39 0 35 41 12 11 17 24 32 33 36 3 22 27 15 16 23 42 4 19 21 26 31 34 14]
2024-02-23 16:32:55,766{GMT}	INFO	[jepsen worker 0] jepsen.util: 0	:invoke	:read	nil
2024-02-23 16:32:55,767{GMT}	INFO	[jepsen worker 0] jepsen.util: 0	:ok	:read	[4 16 23 42 34 14 19 21 26 31 37 10 18 20 25 28 13 29 38 1 5 6 7 9 40 0 2 8 30 39 12 35 41 33 36 3 11 17 24 32 15 22 27]
2024-02-23 16:32:55,785{GMT}	INFO	[jepsen worker 1] jepsen.util: 1	:invoke	:broadcast	43
2024-02-23 16:32:55,786{GMT}	INFO	[jepsen worker 1] jepsen.util: 1	:ok	:broadcast	43
2024-02-23 16:32:55,820{GMT}	INFO	[jepsen worker 2] jepsen.util: 2	:invoke	:read	nil
2024-02-23 16:32:55,821{GMT}	INFO	[jepsen worker 2] jepsen.util: 2	:ok	:read	[6 10 23 36 39 1 19 29 42 5 8 9 15 25 30 35 0 3 16 17 24 43 34 38 31 33 40 7 12 20 21 28 13 14 22 26 27 37 41 2 4 11 18 32]
2024-02-23 16:32:55,880{GMT}	INFO	[jepsen worker 3] jepsen.util: 3	:invoke	:read	nil
2024-02-23 16:32:55,881{GMT}	INFO	[jepsen worker 3] jepsen.util: 3	:ok	:read	[39 25 28 27 33 6 17 15 23 8 10 30 36 37 0 2 12 16 24 32 40 42 1 9 20 22 38 3 18 14 26 41 5 11 13 19 21 29 31 34 4 7 35 43]
2024-02-23 16:32:55,989{GMT}	INFO	[jepsen worker 4] jepsen.util: 4	:invoke	:broadcast	44
2024-02-23 16:32:55,990{GMT}	INFO	[jepsen worker 4] jepsen.util: 4	:ok	:broadcast	44
2024-02-23 16:32:56,044{GMT}	INFO	[jepsen worker 0] jepsen.util: 0	:invoke	:broadcast	45
2024-02-23 16:32:56,045{GMT}	INFO	[jepsen worker 0] jepsen.util: 0	:ok	:broadcast	45
2024-02-23 16:32:56,088{GMT}	INFO	[jepsen worker 0] jepsen.util: 0	:invoke	:broadcast	46
2024-02-23 16:32:56,089{GMT}	INFO	[jepsen worker 0] jepsen.util: 0	:ok	:broadcast	46
2024-02-23 16:32:56,171{GMT}	INFO	[jepsen worker 1] jepsen.util: 1	:invoke	:broadcast	47
2024-02-23 16:32:56,172{GMT}	INFO	[jepsen worker 1] jepsen.util: 1	:ok	:broadcast	47
2024-02-23 16:32:56,248{GMT}	INFO	[jepsen worker 2] jepsen.util: 2	:invoke	:broadcast	48
2024-02-23 16:32:56,249{GMT}	INFO	[jepsen worker 2] jepsen.util: 2	:ok	:broadcast	48
2024-02-23 16:32:56,449{GMT}	INFO	[jepsen worker 3] jepsen.util: 3	:invoke	:broadcast	49
2024-02-23 16:32:56,450{GMT}	INFO	[jepsen worker 3] jepsen.util: 3	:ok	:broadcast	49
2024-02-23 16:32:56,568{GMT}	INFO	[jepsen worker 4] jepsen.util: 4	:invoke	:broadcast	50
2024-02-23 16:32:56,570{GMT}	INFO	[jepsen worker 4] jepsen.util: 4	:ok	:broadcast	50
2024-02-23 16:32:56,677{GMT}	INFO	[jepsen worker 0] jepsen.util: 0	:invoke	:broadcast	51
2024-02-23 16:32:56,678{GMT}	INFO	[jepsen worker 0] jepsen.util: 0	:ok	:broadcast	51
2024-02-23 16:32:56,827{GMT}	INFO	[jepsen worker 0] jepsen.util: 0	:invoke	:broadcast	52
2024-02-23 16:32:56,829{GMT}	INFO	[jepsen worker 0] jepsen.util: 0	:ok	:broadcast	52
2024-02-23 16:32:56,869{GMT}	INFO	[jepsen worker 1] jepsen.util: 1	:invoke	:broadcast	53
2024-02-23 16:32:56,870{GMT}	INFO	[jepsen worker 1] jepsen.util: 1	:ok	:broadcast	53
2024-02-23 16:32:56,962{GMT}	INFO	[jepsen worker 2] jepsen.util: 2	:invoke	:read	nil
2024-02-23 16:32:56,963{GMT}	INFO	[jepsen worker 2] jepsen.util: 2	:ok	:read	[9 5 8 16 17 24 25 35 0 3 50 34 28 40 7 22 52 13 14 53 18 45 23 39 46 6 10 19 15 47 30 43 49 38 20 21 31 33 12 26 27 11 32 37 41 44 2 4 36 29 42 48 51 1]
2024-02-23 16:32:57,002{GMT}	INFO	[jepsen worker 3] jepsen.util: 3	:invoke	:read	nil
2024-02-23 16:32:57,003{GMT}	INFO	[jepsen worker 3] jepsen.util: 3	:ok	:read	[10 30 36 37 49 0 9 42 50 53 1 20 22 52 3 47 13 21 34 43 45 7 28 39 25 17 33 6 15 2 8 16 24 32 40 44 51 12 38 46 18 11 14 26 41 5 19 29 31 35 48 4 27 23]
2024-02-23 16:32:57,053{GMT}	INFO	[jepsen worker 4] jepsen.util: 4	:invoke	:broadcast	54
2024-02-23 16:32:57,054{GMT}	INFO	[jepsen worker 4] jepsen.util: 4	:ok	:broadcast	54
2024-02-23 16:32:57,072{GMT}	INFO	[jepsen worker 0] jepsen.util: 0	:invoke	:broadcast	55
2024-02-23 16:32:57,073{GMT}	INFO	[jepsen worker 0] jepsen.util: 0	:ok	:broadcast	55
2024-02-23 16:32:57,107{GMT}	INFO	[jepsen worker 0] jepsen.util: 0	:invoke	:broadcast	56
2024-02-23 16:32:57,108{GMT}	INFO	[jepsen worker 0] jepsen.util: 0	:ok	:broadcast	56
2024-02-23 16:32:57,137{GMT}	INFO	[jepsen worker 1] jepsen.util: 1	:invoke	:read	nil
2024-02-23 16:32:57,138{GMT}	INFO	[jepsen worker 1] jepsen.util: 1	:ok	:read	[25 30 10 22 46 55 3 20 33 38 15 27 37 53 0 4 42 2 21 12 13 41 8 50 6 16 28 52 1 5 34 40 48 49 51 54 26 31 43 17 23 44 56 18 39 32 35 7 19 45 24 11 14 29 36 47 9]
2024-02-23 16:32:57,271{GMT}	INFO	[jepsen worker 2] jepsen.util: 2	:invoke	:read	nil
2024-02-23 16:32:57,272{GMT}	INFO	[jepsen worker 2] jepsen.util: 2	:ok	:read	[13 14 22 52 54 18 45 53 6 10 23 39 46 19 15 47 30 43 49 38 12 20 21 31 33 26 27 2 4 11 32 37 41 44 36 55 1 29 42 48 51 5 8 9 0 3 16 17 24 25 35 34 50 7 28 40 56]
2024-02-23 16:32:57,379{GMT}	INFO	[jepsen worker 3] jepsen.util: 3	:invoke	:broadcast	57
2024-02-23 16:32:57,381{GMT}	INFO	[jepsen worker 3] jepsen.util: 3	:ok	:broadcast	57
2024-02-23 16:32:57,568{GMT}	INFO	[jepsen worker 4] jepsen.util: 4	:invoke	:read	nil
2024-02-23 16:32:57,570{GMT}	INFO	[jepsen worker 4] jepsen.util: 4	:ok	:read	[48 50 6 18 39 56 49 11 20 32 36 38 41 28 35 45 2 9 55 4 13 21 30 46 54 23 53 16 0 5 8 14 47 10 12 33 51 52 7 17 27 37 40 57 19 25 44 15 43 1 3 22 24 31 34 26 29 42]
2024-02-23 16:32:57,745{GMT}	INFO	[jepsen worker 0] jepsen.util: 0	:invoke	:broadcast	58
2024-02-23 16:32:57,747{GMT}	INFO	[jepsen worker 0] jepsen.util: 0	:ok	:broadcast	58
2024-02-23 16:32:57,766{GMT}	INFO	[jepsen worker 0] jepsen.util: 0	:invoke	:read	nil
2024-02-23 16:32:57,767{GMT}	INFO	[jepsen worker 0] jepsen.util: 0	:ok	:read	[8 39 43 46 47 12 48 56 11 24 57 22 16 14 21 31 34 44 10 18 20 1 5 38 40 51 0 2 30 50 54 58 35 41 3 17 32 33 36 55 15 27 53 4 23 42 19 26 52 25 28 37 45 49 6 7 9 13 29]
2024-02-23 16:32:57,960{GMT}	INFO	[jepsen worker 1] jepsen.util: 1	:invoke	:broadcast	59
2024-02-23 16:32:57,961{GMT}	INFO	[jepsen worker 1] jepsen.util: 1	:ok	:broadcast	59
2024-02-23 16:32:58,011{GMT}	INFO	[jepsen worker 2] jepsen.util: 2	:invoke	:read	nil
2024-02-23 16:32:58,012{GMT}	INFO	[jepsen worker 2] jepsen.util: 2	:ok	:read	[34 50 7 28 40 56 13 14 22 52 54 18 45 53 6 10 23 39 46 19 15 47 30 43 49 38 58 12 20 21 31 33 26 27 44 59 2 4 11 32 37 41 36 55 57 1 29 42 48 51 5 8 9 35 0 3 16 17 24 25]
2024-02-23 16:32:58,193{GMT}	INFO	[jepsen worker 3] jepsen.util: 3	:invoke	:broadcast	60
2024-02-23 16:32:58,195{GMT}	INFO	[jepsen worker 3] jepsen.util: 3	:ok	:broadcast	60
2024-02-23 16:32:58,270{GMT}	INFO	[jepsen worker 4] jepsen.util: 4	:invoke	:broadcast	61
2024-02-23 16:32:58,271{GMT}	INFO	[jepsen worker 4] jepsen.util: 4	:ok	:broadcast	61
2024-02-23 16:32:58,321{GMT}	INFO	[jepsen worker 0] jepsen.util: 0	:invoke	:read	nil
2024-02-23 16:32:58,322{GMT}	INFO	[jepsen worker 0] jepsen.util: 0	:ok	:read	[11 24 57 22 60 16 14 21 31 34 44 61 10 18 20 1 5 38 40 51 0 2 30 50 54 58 35 41 3 17 32 33 36 55 59 15 27 53 4 23 42 19 26 52 25 28 37 45 49 6 7 9 13 29 8 39 43 46 47 12 48 56]
2024-02-23 16:32:58,470{GMT}	INFO	[jepsen worker 0] jepsen.util: 0	:invoke	:broadcast	62
2024-02-23 16:32:58,471{GMT}	INFO	[jepsen worker 0] jepsen.util: 0	:ok	:broadcast	62
2024-02-23 16:32:58,577{GMT}	INFO	[jepsen worker 1] jepsen.util: 1	:invoke	:read	nil
2024-02-23 16:32:58,578{GMT}	INFO	[jepsen worker 1] jepsen.util: 1	:ok	:read	[34 40 48 49 51 54 26 31 43 17 23 44 56 18 39 32 35 57 7 19 62 45 61 24 11 14 36 47 9 29 25 30 10 22 46 55 3 20 33 38 15 27 37 53 59 0 4 42 2 21 58 60 13 41 50 8 12 6 16 28 52 1 5]
2024-02-23 16:32:58,652{GMT}	INFO	[jepsen worker 2] jepsen.util: 2	:invoke	:read	nil
2024-02-23 16:32:58,654{GMT}	INFO	[jepsen worker 2] jepsen.util: 2	:ok	:read	[22 52 54 61 13 14 53 18 45 23 39 46 6 10 19 60 15 47 49 30 43 38 58 21 31 33 12 20 26 27 11 32 37 41 44 59 2 4 57 36 55 42 48 51 62 1 29 9 5 8 16 17 24 25 35 0 3 34 50 40 56 7 28]
2024-02-23 16:32:58,667{GMT}	INFO	[jepsen worker 3] jepsen.util: 3	:invoke	:broadcast	63
2024-02-23 16:32:58,668{GMT}	INFO	[jepsen worker 3] jepsen.util: 3	:ok	:broadcast	63
2024-02-23 16:32:58,824{GMT}	INFO	[jepsen worker 4] jepsen.util: 4	:invoke	:read	nil
2024-02-23 16:32:58,825{GMT}	INFO	[jepsen worker 4] jepsen.util: 4	:ok	:read	[43 1 3 22 24 31 34 26 29 42 48 50 61 6 18 39 56 60 63 49 11 20 32 36 38 41 28 35 45 2 9 55 4 13 21 30 46 54 23 53 59 16 0 5 8 14 47 10 12 33 51 52 58 7 17 27 37 40 62 57 19 25 44 15]
2024-02-23 16:32:58,884{GMT}	INFO	[jepsen worker 0] jepsen.util: 0	:invoke	:broadcast	64
2024-02-23 16:32:58,885{GMT}	INFO	[jepsen worker 0] jepsen.util: 0	:ok	:broadcast	64
2024-02-23 16:32:59,010{GMT}	INFO	[jepsen worker 0] jepsen.util: 0	:invoke	:broadcast	65
2024-02-23 16:32:59,012{GMT}	INFO	[jepsen worker 0] jepsen.util: 0	:ok	:broadcast	65
2024-02-23 16:32:59,111{GMT}	INFO	[jepsen worker 1] jepsen.util: 1	:invoke	:broadcast	66
2024-02-23 16:32:59,112{GMT}	INFO	[jepsen worker 1] jepsen.util: 1	:ok	:broadcast	66
2024-02-23 16:32:59,307{GMT}	INFO	[jepsen worker 2] jepsen.util: 2	:invoke	:read	nil
2024-02-23 16:32:59,309{GMT}	INFO	[jepsen worker 2] jepsen.util: 2	:ok	:read	[62 1 29 42 48 51 5 8 9 25 35 63 0 3 16 17 24 34 50 7 28 40 56 61 13 14 22 52 54 18 45 53 64 65 66 6 10 23 39 46 19 15 47 60 30 43 49 38 58 12 20 21 31 33 26 27 41 44 59 2 4 11 32 37 36 55 57]
2024-02-23 16:32:59,372{GMT}	INFO	[jepsen worker 3] jepsen.util: 3	:invoke	:broadcast	67
2024-02-23 16:32:59,373{GMT}	INFO	[jepsen worker 3] jepsen.util: 3	:ok	:broadcast	67
2024-02-23 16:32:59,487{GMT}	INFO	[jepsen worker 4] jepsen.util: 4	:invoke	:read	nil
2024-02-23 16:32:59,503{GMT}	INFO	[jepsen worker 4] jepsen.util: 4	:ok	:read	[9 2 13 21 30 46 54 55 64 4 53 59 23 16 5 8 14 47 0 12 33 51 52 58 10 17 27 37 40 62 7 57 25 44 19 15 3 22 24 31 34 43 65 1 29 42 67 26 50 61 48 18 39 56 60 63 6 20 32 36 38 41 49 66 11 35 45 28]
2024-02-23 16:32:59,674{GMT}	INFO	[jepsen worker 0] jepsen.util: 0	:invoke	:broadcast	68
2024-02-23 16:32:59,675{GMT}	INFO	[jepsen worker 0] jepsen.util: 0	:ok	:broadcast	68
2024-02-23 16:32:59,834{GMT}	INFO	[jepsen worker 0] jepsen.util: 0	:invoke	:read	nil
2024-02-23 16:32:59,835{GMT}	INFO	[jepsen worker 0] jepsen.util: 0	:ok	:read	[15 27 53 4 23 42 67 19 26 52 25 28 37 45 49 64 6 7 9 13 29 8 39 43 46 47 12 48 56 11 24 57 62 22 60 16 14 21 31 34 44 61 10 18 20 63 65 66 68 1 5 38 40 51 0 2 30 50 54 58 35 41 3 17 32 33 36 55 59]
2024-02-23 16:32:59,852{GMT}	INFO	[jepsen worker 1] jepsen.util: 1	:invoke	:broadcast	69
2024-02-23 16:32:59,853{GMT}	INFO	[jepsen worker 1] jepsen.util: 1	:ok	:broadcast	69
2024-02-23 16:33:00,049{GMT}	INFO	[jepsen worker 2] jepsen.util: 2	:invoke	:read	nil
2024-02-23 16:33:00,050{GMT}	INFO	[jepsen worker 2] jepsen.util: 2	:ok	:read	[26 27 59 2 4 11 32 37 41 44 36 55 57 1 29 42 48 51 62 5 8 9 63 0 3 16 17 24 25 35 34 50 7 28 40 56 13 14 22 52 54 61 69 18 45 53 67 68 66 6 10 23 39 46 64 65 19 15 47 60 30 43 49 38 58 12 20 21 31 33]
2024-02-23 16:33:00,051{GMT}	INFO	[jepsen worker 3] jepsen.util: 3	:invoke	:read	nil
2024-02-23 16:33:00,051{GMT}	INFO	[jepsen worker 3] jepsen.util: 3	:ok	:read	[22 52 61 3 20 47 21 34 43 45 67 7 13 39 25 28 33 56 68 6 17 15 65 54 59 60 63 2 8 24 32 40 44 51 12 16 46 18 38 14 26 41 55 5 11 29 31 35 48 69 4 19 27 57 23 62 30 36 37 49 64 66 0 10 42 50 53 58 1 9]
2024-02-23 16:33:00,130{GMT}	INFO	[jepsen worker 4] jepsen.util: 4	:invoke	:read	nil
2024-02-23 16:33:00,131{GMT}	INFO	[jepsen worker 4] jepsen.util: 4	:ok	:read	[58 10 12 33 51 52 62 7 17 27 37 40 57 19 25 44 15 34 43 65 1 3 22 24 31 26 29 42 67 48 50 61 63 6 18 39 56 60 41 49 66 11 20 32 36 38 28 35 45 2 9 54 55 64 4 13 21 30 46 23 53 59 68 16 69 0 5 8 14 47]
2024-02-23 16:33:00,203{GMT}	INFO	[jepsen worker 0] jepsen.util: 0	:invoke	:read	nil
2024-02-23 16:33:00,204{GMT}	INFO	[jepsen worker 0] jepsen.util: 0	:ok	:read	[15 27 53 67 4 23 42 19 26 52 45 49 64 25 28 37 13 29 6 7 9 46 47 8 39 43 12 48 56 62 69 11 24 57 22 60 16 34 44 61 14 21 31 63 65 66 68 10 18 20 40 51 1 5 38 50 54 58 0 2 30 35 41 33 36 55 59 3 17 32]
2024-02-23 16:33:00,379{GMT}	INFO	[jepsen worker 0] jepsen.util: 0	:invoke	:broadcast	70
2024-02-23 16:33:00,381{GMT}	INFO	[jepsen worker 0] jepsen.util: 0	:ok	:broadcast	70
2024-02-23 16:33:00,537{GMT}	INFO	[jepsen worker 1] jepsen.util: 1	:invoke	:broadcast	71
2024-02-23 16:33:00,538{GMT}	INFO	[jepsen worker 1] jepsen.util: 1	:ok	:broadcast	71
2024-02-23 16:33:00,551{GMT}	INFO	[jepsen worker 2] jepsen.util: 2	:invoke	:broadcast	72
2024-02-23 16:33:00,552{GMT}	INFO	[jepsen worker 2] jepsen.util: 2	:ok	:broadcast	72
2024-02-23 16:33:00,636{GMT}	INFO	[jepsen worker 3] jepsen.util: 3	:invoke	:broadcast	73
2024-02-23 16:33:00,636{GMT}	INFO	[jepsen worker 3] jepsen.util: 3	:ok	:broadcast	73
2024-02-23 16:33:00,802{GMT}	INFO	[jepsen worker 4] jepsen.util: 4	:invoke	:broadcast	74
2024-02-23 16:33:00,803{GMT}	INFO	[jepsen worker 4] jepsen.util: 4	:ok	:broadcast	74
2024-02-23 16:33:00,858{GMT}	INFO	[jepsen worker 0] jepsen.util: 0	:invoke	:broadcast	75
2024-02-23 16:33:00,859{GMT}	INFO	[jepsen worker 0] jepsen.util: 0	:ok	:broadcast	75
2024-02-23 16:33:00,971{GMT}	INFO	[jepsen worker 0] jepsen.util: 0	:invoke	:broadcast	76
2024-02-23 16:33:00,972{GMT}	INFO	[jepsen worker 0] jepsen.util: 0	:ok	:broadcast	76
2024-02-23 16:33:01,143{GMT}	INFO	[jepsen worker 1] jepsen.util: 1	:invoke	:broadcast	77
2024-02-23 16:33:01,144{GMT}	INFO	[jepsen worker 1] jepsen.util: 1	:ok	:broadcast	77
2024-02-23 16:33:01,170{GMT}	INFO	[jepsen worker 2] jepsen.util: 2	:invoke	:read	nil
2024-02-23 16:33:01,171{GMT}	INFO	[jepsen worker 2] jepsen.util: 2	:ok	:read	[20 21 31 33 12 27 70 26 4 11 32 37 41 44 59 2 55 57 73 77 36 29 42 48 51 62 74 1 8 9 5 3 16 17 24 25 35 63 0 50 34 28 40 56 76 7 14 22 52 54 61 69 13 45 53 67 68 18 10 23 39 46 64 65 66 6 19 47 60 72 15 43 49 71 30 58 75 38]
2024-02-23 16:33:01,294{GMT}	INFO	[jepsen worker 3] jepsen.util: 3	:invoke	:read	nil
2024-02-23 16:33:01,295{GMT}	INFO	[jepsen worker 3] jepsen.util: 3	:ok	:read	[46 18 38 14 26 41 55 5 11 29 31 35 48 69 4 19 27 57 23 62 30 36 37 49 64 66 0 10 42 50 53 58 73 1 9 22 52 61 71 3 20 47 75 21 34 43 45 67 77 7 13 39 72 25 28 33 56 68 70 76 6 17 15 65 54 59 60 63 74 2 8 24 32 40 44 51 12 16]
2024-02-23 16:33:01,425{GMT}	INFO	[jepsen worker 4] jepsen.util: 4	:invoke	:read	nil
2024-02-23 16:33:01,426{GMT}	INFO	[jepsen worker 4] jepsen.util: 4	:ok	:read	[38 41 49 66 11 20 32 36 28 35 45 2 9 70 46 54 55 64 4 13 21 30 23 53 59 68 16 47 69 72 75 0 5 8 14 52 58 10 12 33 51 40 62 7 17 27 37 57 74 19 25 44 15 71 76 31 34 43 65 1 3 22 24 26 29 42 67 48 50 61 73 60 63 77 6 18 39 56]
2024-02-23 16:33:01,577{GMT}	INFO	[jepsen worker 0] jepsen.util: 0	:invoke	:read	nil
2024-02-23 16:33:01,578{GMT}	INFO	[jepsen worker 0] jepsen.util: 0	:ok	:read	[22 60 70 16 34 44 61 14 21 31 63 65 66 68 73 10 18 20 40 51 74 1 5 38 50 54 58 0 2 30 35 41 33 36 55 59 75 3 17 32 72 15 27 53 67 4 23 42 19 26 52 45 49 64 71 25 28 37 13 29 76 6 7 9 46 47 77 8 39 43 12 48 56 62 69 11 24 57]
2024-02-23 16:33:01,712{GMT}	INFO	[jepsen worker 0] jepsen.util: 0	:invoke	:broadcast	78
2024-02-23 16:33:01,713{GMT}	INFO	[jepsen worker 0] jepsen.util: 0	:ok	:broadcast	78
2024-02-23 16:33:01,831{GMT}	INFO	[jepsen worker 1] jepsen.util: 1	:invoke	:broadcast	79
2024-02-23 16:33:01,832{GMT}	INFO	[jepsen worker 1] jepsen.util: 1	:ok	:broadcast	79
2024-02-23 16:33:01,843{GMT}	INFO	[jepsen worker 2] jepsen.util: 2	:invoke	:read	nil
2024-02-23 16:33:01,844{GMT}	INFO	[jepsen worker 2] jepsen.util: 2	:ok	:read	[75 78 38 58 21 31 33 12 20 70 26 27 11 32 37 41 44 59 2 4 57 73 77 36 55 42 48 51 62 74 1 29 9 5 8 16 17 24 25 35 63 0 3 79 34 50 40 56 76 7 28 22 52 54 61 69 13 14 53 67 68 18 45 23 39 46 64 65 66 6 10 19 60 72 15 47 49 71 30 43]
2024-02-23 16:33:02,027{GMT}	INFO	[jepsen worker 3] jepsen.util: 3	:invoke	:read	nil
2024-02-23 16:33:02,028{GMT}	INFO	[jepsen worker 3] jepsen.util: 3	:ok	:read	[26 41 55 5 11 14 31 35 48 69 4 19 29 27 57 78 23 62 36 37 49 64 66 0 10 30 50 53 58 73 1 9 42 52 61 71 79 3 20 22 47 75 34 43 45 67 77 7 13 21 72 25 28 39 56 68 70 76 6 17 33 15 65 59 60 63 74 2 8 54 32 40 44 51 12 16 24 18 38 46]
2024-02-23 16:33:02,047{GMT}	INFO	[jepsen worker 4] jepsen.util: 4	:invoke	:read	nil
2024-02-23 16:33:02,048{GMT}	INFO	[jepsen worker 4] jepsen.util: 4	:ok	:read	[3 22 24 31 34 43 65 1 79 78 29 42 67 26 50 61 73 48 18 39 56 60 63 77 6 20 32 36 38 41 49 66 11 35 45 28 9 70 2 13 21 30 46 54 55 64 4 53 59 68 23 16 5 8 14 47 69 72 75 0 12 33 51 52 58 10 17 27 37 40 62 7 74 57 25 44 19 71 76 15]
2024-02-23 16:33:02,227{GMT}	INFO	[jepsen worker 0] jepsen.util: 0	:invoke	:read	nil
2024-02-23 16:33:02,229{GMT}	INFO	[jepsen worker 0] jepsen.util: 0	:ok	:read	[15 27 53 72 4 23 42 67 19 26 52 49 64 71 25 28 37 45 29 76 6 7 9 13 47 77 8 39 43 46 12 48 56 69 11 24 57 62 22 60 70 79 16 44 61 78 14 21 31 34 65 66 68 73 10 18 20 63 51 74 1 5 38 40 54 58 0 2 30 50 35 41 36 55 59 75 3 17 32 33]
2024-02-23 16:33:02,322{GMT}	INFO	[jepsen worker 0] jepsen.util: 0	:invoke	:read	nil
2024-02-23 16:33:02,323{GMT}	INFO	[jepsen worker 0] jepsen.util: 0	:ok	:read	[57 62 69 11 24 70 79 22 60 16 31 34 44 61 78 14 21 20 63 65 66 68 73 10 18 38 40 51 74 1 5 30 50 54 58 0 2 35 41 32 33 36 55 59 75 3 17 53 72 15 27 42 67 4 23 52 19 26 37 45 49 64 71 25 28 9 13 29 76 6 7 43 46 47 77 8 39 56 12 48]
2024-02-23 16:33:02,392{GMT}	INFO	[jepsen worker 1] jepsen.util: 1	:invoke	:read	nil
2024-02-23 16:33:02,394{GMT}	INFO	[jepsen worker 1] jepsen.util: 1	:ok	:read	[40 48 49 51 54 26 31 34 67 73 79 17 23 43 56 76 77 18 39 44 35 57 7 19 32 65 69 72 45 61 62 64 70 11 14 24 47 9 29 36 74 30 10 22 25 55 3 20 46 38 63 15 27 33 53 59 0 4 37 75 2 21 42 78 58 60 71 41 50 8 12 13 16 28 52 66 68 1 5 6]
2024-02-23 16:33:02,529{GMT}	INFO	[jepsen worker 2] jepsen.util: 2	:invoke	:broadcast	80
2024-02-23 16:33:02,530{GMT}	INFO	[jepsen worker 2] jepsen.util: 2	:ok	:broadcast	80
2024-02-23 16:33:02,683{GMT}	INFO	[jepsen worker 3] jepsen.util: 3	:invoke	:broadcast	81
2024-02-23 16:33:02,684{GMT}	INFO	[jepsen worker 3] jepsen.util: 3	:ok	:broadcast	81
2024-02-23 16:33:02,705{GMT}	INFO	[jepsen worker 4] jepsen.util: 4	:invoke	:read	nil
2024-02-23 16:33:02,706{GMT}	INFO	[jepsen worker 4] jepsen.util: 4	:ok	:read	[48 50 61 73 6 18 39 56 60 63 77 11 20 32 36 38 41 49 66 28 35 45 2 9 70 4 13 21 30 46 54 55 64 23 53 59 68 16 81 0 5 8 14 47 69 72 75 10 12 33 51 52 58 7 17 27 37 40 62 57 74 19 25 44 15 71 76 80 1 3 22 24 31 34 43 65 78 79 26 29 42 67]
2024-02-23 16:33:02,777{GMT}	INFO	[jepsen worker 0] jepsen.util: 0	:invoke	:read	nil
2024-02-23 16:33:02,778{GMT}	INFO	[jepsen worker 0] jepsen.util: 0	:ok	:read	[45 49 64 71 25 28 37 13 29 76 6 7 9 46 47 77 80 8 39 43 12 48 56 62 69 11 24 57 79 81 22 60 70 16 34 44 61 78 14 21 31 63 65 66 68 73 10 18 20 40 51 74 1 5 38 50 54 58 0 2 30 35 41 33 36 55 59 75 3 17 32 72 15 27 53 67 4 23 42 19 26 52]
2024-02-23 16:33:02,888{GMT}	INFO	[jepsen worker 0] jepsen.util: 0	:invoke	:broadcast	82
2024-02-23 16:33:02,889{GMT}	INFO	[jepsen worker 0] jepsen.util: 0	:ok	:broadcast	82
2024-02-23 16:33:02,935{GMT}	INFO	[jepsen worker 1] jepsen.util: 1	:invoke	:read	nil
2024-02-23 16:33:02,937{GMT}	INFO	[jepsen worker 1] jepsen.util: 1	:ok	:read	[9 29 36 47 74 10 22 25 30 3 20 46 55 15 27 33 38 63 0 4 37 53 59 2 21 42 75 58 60 71 78 8 12 13 41 50 68 1 5 6 16 28 52 66 80 54 26 31 34 40 48 49 51 67 73 79 17 23 43 82 18 39 44 56 76 77 7 19 32 35 57 45 61 62 65 69 72 11 14 24 64 70 81]
2024-02-23 16:33:03,105{GMT}	INFO	[jepsen worker 2] jepsen.util: 2	:invoke	:read	nil
2024-02-23 16:33:03,106{GMT}	INFO	[jepsen worker 2] jepsen.util: 2	:ok	:read	[26 27 70 44 59 2 4 11 32 37 41 36 55 57 73 77 74 1 29 42 48 51 62 5 8 9 35 63 0 3 16 17 24 25 79 34 50 82 7 28 40 56 76 69 13 14 22 52 54 61 18 45 53 67 68 80 65 66 6 10 23 39 46 64 19 81 15 47 60 72 30 43 49 71 38 58 75 78 12 20 21 31 33]
2024-02-23 16:33:03,247{GMT}	INFO	[jepsen worker 3] jepsen.util: 3	:invoke	:read	nil
2024-02-23 16:33:03,249{GMT}	INFO	[jepsen worker 3] jepsen.util: 3	:ok	:read	[52 61 71 79 3 20 22 47 75 34 43 45 67 77 7 13 21 80 72 25 28 39 56 68 70 76 6 17 33 15 65 82 59 60 63 74 2 8 54 32 40 44 51 12 16 24 18 38 46 26 41 55 5 11 14 31 35 48 69 81 4 19 29 27 57 78 23 62 36 37 49 64 66 0 10 30 50 53 58 73 1 9 42]
2024-02-23 16:33:03,367{GMT}	INFO	[jepsen worker 4] jepsen.util: 4	:invoke	:broadcast	83
2024-02-23 16:33:03,368{GMT}	INFO	[jepsen worker 4] jepsen.util: 4	:ok	:broadcast	83
2024-02-23 16:33:03,444{GMT}	INFO	[jepsen worker 0] jepsen.util: 0	:invoke	:read	nil
2024-02-23 16:33:03,445{GMT}	INFO	[jepsen worker 0] jepsen.util: 0	:ok	:read	[15 27 53 72 4 23 42 67 82 19 26 52 83 25 28 37 45 49 64 71 6 7 9 13 29 76 8 39 43 46 47 77 80 12 48 56 11 24 57 62 69 22 60 70 79 81 16 14 21 31 34 44 61 78 10 18 20 63 65 66 68 73 1 5 38 40 51 74 0 2 30 50 54 58 35 41 3 17 32 33 36 55 59 75]
2024-02-23 16:33:03,623{GMT}	INFO	[jepsen worker 0] jepsen.util: 0	:invoke	:read	nil
2024-02-23 16:33:03,624{GMT}	INFO	[jepsen worker 0] jepsen.util: 0	:ok	:read	[55 59 75 3 17 32 33 36 15 27 53 72 4 23 42 67 82 19 26 52 83 64 71 25 28 37 45 49 76 6 7 9 13 29 77 80 8 39 43 46 47 12 48 56 11 24 57 62 69 22 60 70 79 81 16 61 78 14 21 31 34 44 66 68 73 10 18 20 63 65 74 1 5 38 40 51 58 0 2 30 50 54 35 41]
2024-02-23 16:33:03,788{GMT}	INFO	[jepsen worker 1] jepsen.util: 1	:invoke	:read	nil
2024-02-23 16:33:03,789{GMT}	INFO	[jepsen worker 1] jepsen.util: 1	:ok	:read	[74 10 22 25 30 3 20 46 55 15 27 33 38 63 0 4 37 53 59 2 21 42 75 83 58 60 71 78 8 12 13 41 50 68 1 5 6 16 28 52 66 80 54 26 31 34 40 48 49 51 67 73 79 17 23 43 82 18 39 44 56 76 77 7 19 32 35 57 45 61 62 65 69 72 11 14 24 64 70 81 9 29 36 47]
2024-02-23 16:33:03,790{GMT}	INFO	[jepsen worker 2] jepsen.util: 2	:invoke	:read	nil
2024-02-23 16:33:03,791{GMT}	INFO	[jepsen worker 2] jepsen.util: 2	:ok	:read	[36 55 57 73 77 1 29 42 48 51 62 74 5 8 9 0 3 16 17 24 25 35 63 79 34 50 82 7 28 40 56 76 13 14 22 52 54 61 69 18 45 53 67 68 80 6 10 23 39 46 64 65 66 19 81 15 47 60 72 83 30 43 49 71 38 58 75 78 12 20 21 31 33 26 27 70 2 4 11 32 37 41 44 59]
2024-02-23 16:33:03,792{GMT}	INFO	[jepsen worker 3] jepsen.util: 3	:invoke	:broadcast	84
2024-02-23 16:33:03,792{GMT}	INFO	[jepsen worker 3] jepsen.util: 3	:ok	:broadcast	84
2024-02-23 16:33:03,884{GMT}	INFO	[jepsen worker 4] jepsen.util: 4	:invoke	:broadcast	85
2024-02-23 16:33:03,885{GMT}	INFO	[jepsen worker 4] jepsen.util: 4	:ok	:broadcast	85
2024-02-23 16:33:03,914{GMT}	INFO	[jepsen worker 0] jepsen.util: 0	:invoke	:broadcast	86
2024-02-23 16:33:03,916{GMT}	INFO	[jepsen worker 0] jepsen.util: 0	:ok	:broadcast	86
2024-02-23 16:33:03,971{GMT}	INFO	[jepsen worker 0] jepsen.util: 0	:invoke	:broadcast	87
2024-02-23 16:33:03,972{GMT}	INFO	[jepsen worker 0] jepsen.util: 0	:ok	:broadcast	87
2024-02-23 16:33:04,102{GMT}	INFO	[jepsen worker 1] jepsen.util: 1	:invoke	:read	nil
2024-02-23 16:33:04,103{GMT}	INFO	[jepsen worker 1] jepsen.util: 1	:ok	:read	[29 36 47 9 74 22 25 30 84 10 20 46 55 3 27 33 38 63 15 4 37 53 59 0 21 42 75 83 2 60 71 78 58 12 13 41 50 8 5 6 16 28 52 66 68 1 80 31 34 40 48 49 51 54 26 73 79 67 23 43 82 87 17 39 44 56 76 77 18 19 32 35 57 7 61 62 65 69 72 45 14 24 64 70 81 85 86 11]
2024-02-23 16:33:04,113{GMT}	INFO	[jepsen worker 2] jepsen.util: 2	:invoke	:read	nil
2024-02-23 16:33:04,115{GMT}	INFO	[jepsen worker 2] jepsen.util: 2	:ok	:read	[26 27 70 44 59 2 4 11 32 37 41 84 36 55 57 73 77 74 87 1 29 42 48 51 62 5 8 9 35 63 0 3 16 17 24 25 79 86 34 50 82 7 28 40 56 76 69 13 14 22 52 54 61 18 45 53 67 68 80 65 66 6 10 23 39 46 64 19 81 85 15 47 60 72 83 30 43 49 71 38 58 75 78 12 20 21 31 33]
2024-02-23 16:33:04,285{GMT}	INFO	[jepsen worker 3] jepsen.util: 3	:invoke	:read	nil
2024-02-23 16:33:04,287{GMT}	INFO	[jepsen worker 3] jepsen.util: 3	:ok	:read	[28 39 72 25 17 33 56 68 70 76 6 65 82 15 8 54 59 60 63 74 2 16 24 32 40 44 51 12 38 46 18 11 14 26 41 55 5 19 29 31 35 48 69 81 4 84 83 57 78 85 27 62 86 23 10 30 36 37 49 64 66 0 9 42 50 53 58 73 1 20 22 52 61 71 79 3 75 47 13 21 34 43 45 67 77 7 87 80]
2024-02-23 16:33:04,460{GMT}	INFO	[jepsen worker 4] jepsen.util: 4	:invoke	:broadcast	88
2024-02-23 16:33:04,461{GMT}	INFO	[jepsen worker 4] jepsen.util: 4	:ok	:broadcast	88
2024-02-23 16:33:04,619{GMT}	INFO	[jepsen worker 0] jepsen.util: 0	:invoke	:broadcast	89
2024-02-23 16:33:04,620{GMT}	INFO	[jepsen worker 0] jepsen.util: 0	:ok	:broadcast	89
2024-02-23 16:33:04,702{GMT}	INFO	[jepsen worker 0] jepsen.util: 0	:invoke	:read	nil
2024-02-23 16:33:04,704{GMT}	INFO	[jepsen worker 0] jepsen.util: 0	:ok	:read	[61 78 14 21 31 34 44 66 68 73 10 18 20 63 65 74 1 5 38 40 51 58 0 2 30 50 54 35 41 86 55 59 75 3 17 32 33 36 85 15 27 53 72 87 4 23 42 67 82 19 26 52 83 64 71 89 25 28 37 45 49 76 6 7 9 13 29 77 80 84 8 39 43 46 47 12 48 56 11 24 57 62 69 88 22 60 70 79 81 16]
2024-02-23 16:33:04,726{GMT}	INFO	[jepsen worker 1] jepsen.util: 1	:invoke	:broadcast	90
2024-02-23 16:33:04,727{GMT}	INFO	[jepsen worker 1] jepsen.util: 1	:ok	:broadcast	90
2024-02-23 16:33:04,743{GMT}	INFO	[jepsen worker 2] jepsen.util: 2	:invoke	:broadcast	91
2024-02-23 16:33:04,745{GMT}	INFO	[jepsen worker 2] jepsen.util: 2	:ok	:broadcast	91
2024-02-23 16:33:04,769{GMT}	INFO	[jepsen worker 3] jepsen.util: 3	:invoke	:read	nil
2024-02-23 16:33:04,770{GMT}	INFO	[jepsen worker 3] jepsen.util: 3	:ok	:read	[57 78 85 27 62 86 23 10 30 36 37 49 64 66 0 9 42 50 53 58 73 1 20 22 52 61 71 79 3 75 47 13 21 34 43 45 67 77 7 87 88 80 28 39 72 91 25 17 33 56 68 70 76 89 6 65 82 15 8 54 59 60 63 74 2 16 24 32 40 44 51 12 38 46 18 11 14 26 41 55 90 5 19 29 31 35 48 69 81 4 84 83]
2024-02-23 16:33:04,904{GMT}	INFO	[jepsen worker 4] jepsen.util: 4	:invoke	:broadcast	92
2024-02-23 16:33:04,905{GMT}	INFO	[jepsen worker 4] jepsen.util: 4	:ok	:broadcast	92
2024-02-23 16:33:04,911{GMT}	INFO	[jepsen worker 0] jepsen.util: 0	:invoke	:read	nil
2024-02-23 16:33:04,912{GMT}	INFO	[jepsen worker 0] jepsen.util: 0	:ok	:read	[28 37 45 49 64 71 89 25 7 9 13 29 76 6 39 43 46 47 77 80 84 8 48 56 92 12 24 57 62 69 11 60 70 79 81 88 22 16 21 31 34 44 61 78 14 18 20 63 65 66 68 73 10 90 5 38 40 51 74 1 2 30 50 54 58 0 41 86 35 17 32 33 36 55 59 75 3 85 27 53 72 15 23 42 67 82 87 4 26 52 83 91 19]
2024-02-23 16:33:05,002{GMT}	INFO	[jepsen worker 0] jepsen.util: 0	:invoke	:read	nil
2024-02-23 16:33:05,004{GMT}	INFO	[jepsen worker 0] jepsen.util: 0	:ok	:read	[41 86 35 17 32 33 36 55 59 75 3 85 27 53 72 15 23 42 67 82 87 4 26 52 83 91 19 28 37 45 49 64 71 89 25 7 9 13 29 76 6 39 43 46 47 77 80 84 8 48 56 92 12 24 57 62 69 11 60 70 79 81 88 22 16 21 31 34 44 61 78 14 18 20 63 65 66 68 73 10 90 5 38 40 51 74 1 2 30 50 54 58 0]
2024-02-23 16:33:05,165{GMT}	INFO	[jepsen worker 1] jepsen.util: 1	:invoke	:read	nil
2024-02-23 16:33:05,167{GMT}	INFO	[jepsen worker 1] jepsen.util: 1	:ok	:read	[17 23 43 82 87 77 18 39 44 56 76 7 19 32 35 57 72 45 61 62 65 69 81 85 86 11 14 24 64 70 9 29 36 47 74 91 92 10 22 25 30 84 3 20 46 55 90 88 15 27 33 38 63 0 4 37 53 59 2 21 42 75 83 58 60 71 78 89 8 12 13 41 50 52 66 68 1 5 6 16 28 80 49 51 54 26 31 34 40 48 67 73 79]
2024-02-23 16:33:05,219{GMT}	INFO	[jepsen worker 2] jepsen.util: 2	:invoke	:broadcast	93
2024-02-23 16:33:05,220{GMT}	INFO	[jepsen worker 2] jepsen.util: 2	:ok	:broadcast	93
2024-02-23 16:33:05,385{GMT}	INFO	[jepsen worker 3] jepsen.util: 3	:invoke	:broadcast	94
2024-02-23 16:33:05,386{GMT}	INFO	[jepsen worker 3] jepsen.util: 3	:ok	:broadcast	94
2024-02-23 16:33:05,504{GMT}	INFO	[jepsen worker 4] jepsen.util: 4	:invoke	:read	nil
2024-02-23 16:33:05,505{GMT}	INFO	[jepsen worker 4] jepsen.util: 4	:ok	:read	[36 38 41 49 66 11 20 32 83 89 28 35 45 2 9 70 30 46 54 55 64 4 13 21 68 23 53 59 16 81 14 47 69 72 75 0 5 8 82 92 51 52 58 84 10 12 33 37 40 62 87 7 17 27 57 74 85 19 25 44 80 86 88 15 71 76 24 31 34 43 65 1 3 22 78 79 67 91 26 29 42 73 94 48 50 61 56 60 63 77 90 6 18 39 93]
2024-02-23 16:33:05,569{GMT}	INFO	[jepsen worker 0] jepsen.util: 0	:invoke	:read	nil
2024-02-23 16:33:05,570{GMT}	INFO	[jepsen worker 0] jepsen.util: 0	:ok	:read	[56 92 12 48 57 62 69 11 24 70 79 81 88 94 22 60 16 31 34 44 61 78 14 21 20 63 65 66 68 73 10 18 90 38 40 51 74 1 5 30 50 54 58 0 2 86 35 41 32 33 36 55 59 75 3 17 85 53 72 15 27 42 67 82 87 4 23 52 83 91 19 26 37 45 49 64 71 89 25 28 93 9 13 29 76 6 7 43 46 47 77 80 84 8 39]
2024-02-23 16:33:05,634{GMT}	INFO	[jepsen worker 0] jepsen.util: 0	:invoke	:broadcast	95
2024-02-23 16:33:05,635{GMT}	INFO	[jepsen worker 0] jepsen.util: 0	:ok	:broadcast	95
2024-02-23 16:33:05,641{GMT}	INFO	[jepsen worker 1] jepsen.util: 1	:invoke	:read	nil
2024-02-23 16:33:05,641{GMT}	INFO	[jepsen worker 1] jepsen.util: 1	:ok	:read	[60 71 78 58 12 13 41 50 89 8 5 6 16 28 52 66 68 1 80 31 34 40 48 49 51 54 26 73 79 93 67 23 43 82 87 17 39 44 56 76 77 18 19 32 35 57 94 7 61 62 65 69 72 45 14 24 64 70 81 85 86 11 29 36 47 9 74 22 25 30 84 91 92 10 20 46 55 90 3 27 33 38 63 88 95 15 4 37 53 59 0 21 42 75 83 2]
2024-02-23 16:33:05,799{GMT}	INFO	[jepsen worker 2] jepsen.util: 2	:invoke	:broadcast	96
2024-02-23 16:33:05,800{GMT}	INFO	[jepsen worker 2] jepsen.util: 2	:ok	:broadcast	96
2024-02-23 16:33:05,836{GMT}	INFO	[jepsen worker 3] jepsen.util: 3	:invoke	:broadcast	97
2024-02-23 16:33:05,836{GMT}	INFO	[jepsen worker 3] jepsen.util: 3	:ok	:broadcast	97
2024-02-23 16:33:05,847{GMT}	INFO	[jepsen worker 4] jepsen.util: 4	:invoke	:broadcast	98
2024-02-23 16:33:05,849{GMT}	INFO	[jepsen worker 4] jepsen.util: 4	:ok	:broadcast	98
2024-02-23 16:33:05,934{GMT}	INFO	[jepsen worker 0] jepsen.util: 0	:invoke	:read	nil
2024-02-23 16:33:05,936{GMT}	INFO	[jepsen worker 0] jepsen.util: 0	:ok	:read	[59 75 3 17 32 33 36 55 85 15 27 53 72 98 4 23 42 67 82 87 19 26 52 83 91 71 89 25 28 37 45 49 64 93 6 7 9 13 29 76 80 84 8 39 43 46 47 77 12 48 56 92 95 11 24 57 62 69 94 22 60 70 79 81 88 16 78 14 21 31 34 44 61 68 73 10 18 20 63 65 66 90 1 5 38 40 51 74 96 97 0 2 30 50 54 58 35 41 86]
2024-02-23 16:33:05,971{GMT}	INFO	[jepsen worker 0] jepsen.util: 0	:invoke	:read	nil
2024-02-23 16:33:05,972{GMT}	INFO	[jepsen worker 0] jepsen.util: 0	:ok	:read	[47 77 80 84 8 39 43 46 95 12 48 56 92 69 11 24 57 62 81 88 94 22 60 70 79 16 44 61 78 14 21 31 34 65 66 68 73 10 18 20 63 90 51 74 1 5 38 40 54 58 96 97 0 2 30 50 35 41 86 36 55 59 75 3 17 32 33 85 98 15 27 53 72 82 87 4 23 42 67 91 19 26 52 83 49 64 71 89 25 28 37 45 93 29 76 6 7 9 13]
2024-02-23 16:33:06,071{GMT}	INFO	[jepsen worker 1] jepsen.util: 1	:invoke	:read	nil
2024-02-23 16:33:06,072{GMT}	INFO	[jepsen worker 1] jepsen.util: 1	:ok	:read	[3 20 46 55 90 96 95 15 27 33 38 63 88 0 4 37 53 59 2 21 42 75 83 58 60 71 78 8 12 13 41 50 89 66 68 1 5 6 16 28 52 80 51 54 26 31 34 40 48 49 67 73 79 93 17 23 43 82 87 97 18 39 44 56 76 77 7 19 32 35 57 94 98 45 61 62 65 69 72 85 86 11 14 24 64 70 81 9 29 36 47 74 92 10 22 25 30 84 91]
2024-02-23 16:33:06,135{GMT}	INFO	[jepsen worker 2] jepsen.util: 2	:invoke	:read	nil
2024-02-23 16:33:06,136{GMT}	INFO	[jepsen worker 2] jepsen.util: 2	:ok	:read	[11 32 37 41 44 59 2 4 84 57 73 77 36 55 42 48 51 62 74 87 1 29 9 98 5 8 16 17 24 25 35 63 0 3 91 79 86 82 34 50 40 56 76 89 7 28 22 52 54 61 69 90 13 14 53 67 68 80 88 95 18 45 23 39 46 64 65 66 6 10 85 19 81 60 72 83 15 47 49 71 30 43 75 78 92 93 94 38 58 21 31 33 12 20 70 96 97 26 27]
2024-02-23 16:33:06,162{GMT}	INFO	[jepsen worker 3] jepsen.util: 3	:invoke	:read	nil
2024-02-23 16:33:06,164{GMT}	INFO	[jepsen worker 3] jepsen.util: 3	:ok	:read	[81 4 19 29 31 35 48 69 93 95 83 84 94 27 57 78 85 23 62 86 66 0 10 30 36 37 49 64 92 96 1 9 42 50 53 58 73 3 20 22 52 61 71 79 47 75 77 7 13 21 34 43 45 67 80 87 88 25 28 39 72 91 89 6 17 33 56 68 70 76 15 65 82 98 2 8 54 59 60 63 74 12 16 24 32 40 44 51 18 38 46 97 5 11 14 26 41 55 90]
2024-02-23 16:33:06,277{GMT}	INFO	[jepsen worker 4] jepsen.util: 4	:invoke	:read	nil
2024-02-23 16:33:06,278{GMT}	INFO	[jepsen worker 4] jepsen.util: 4	:ok	:read	[89 28 35 45 98 2 9 70 30 46 54 55 64 4 13 21 95 68 96 97 23 53 59 16 81 14 47 69 72 75 0 5 8 82 92 51 52 58 84 10 12 33 37 40 62 87 7 17 27 57 74 85 19 25 44 80 86 88 15 71 76 24 31 34 43 65 1 3 22 78 79 67 91 26 29 42 73 94 48 50 61 56 60 63 77 90 6 18 39 93 36 38 41 49 66 11 20 32 83]
2024-02-23 16:33:06,397{GMT}	INFO	[jepsen worker 0] jepsen.util: 0	:invoke	:read	nil
2024-02-23 16:33:06,399{GMT}	INFO	[jepsen worker 0] jepsen.util: 0	:ok	:read	[48 56 92 95 12 24 57 62 69 11 60 70 79 81 88 94 22 16 21 31 34 44 61 78 14 18 20 63 65 66 68 73 10 90 5 38 40 51 74 1 2 30 50 54 58 96 97 0 41 86 35 17 32 33 36 55 59 75 3 85 27 53 72 98 15 23 42 67 82 87 4 26 52 83 91 19 28 37 45 49 64 71 89 25 93 7 9 13 29 76 6 39 43 46 47 77 80 84 8]
2024-02-23 16:33:06,460{GMT}	INFO	[jepsen worker 0] jepsen.util: 0	:invoke	:read	nil
2024-02-23 16:33:06,461{GMT}	INFO	[jepsen worker 0] jepsen.util: 0	:ok	:read	[87 4 23 42 67 82 19 26 52 83 91 64 71 89 25 28 37 45 49 93 76 6 7 9 13 29 77 80 84 8 39 43 46 47 12 48 56 92 95 11 24 57 62 69 88 94 22 60 70 79 81 16 61 78 14 21 31 34 44 66 68 73 10 18 20 63 65 90 74 1 5 38 40 51 58 96 97 0 2 30 50 54 35 41 86 55 59 75 3 17 32 33 36 85 15 27 53 72 98]
2024-02-23 16:33:06,490{GMT}	INFO	[jepsen worker 1] jepsen.util: 1	:invoke	:broadcast	99
2024-02-23 16:33:06,491{GMT}	INFO	[jepsen worker 1] jepsen.util: 1	:ok	:broadcast	99
2024-02-23 16:33:06,528{GMT}	INFO	[jepsen worker 2] jepsen.util: 2	:invoke	:broadcast	100
2024-02-23 16:33:06,529{GMT}	INFO	[jepsen worker 2] jepsen.util: 2	:ok	:broadcast	100
2024-02-23 16:33:06,671{GMT}	INFO	[jepsen worker 3] jepsen.util: 3	:invoke	:broadcast	101
2024-02-23 16:33:06,672{GMT}	INFO	[jepsen worker 3] jepsen.util: 3	:ok	:broadcast	101
2024-02-23 16:33:06,822{GMT}	INFO	[jepsen worker 4] jepsen.util: 4	:invoke	:broadcast	102
2024-02-23 16:33:06,822{GMT}	INFO	[jepsen worker 4] jepsen.util: 4	:ok	:broadcast	102
2024-02-23 16:33:06,922{GMT}	INFO	[jepsen worker 0] jepsen.util: 0	:invoke	:read	nil
2024-02-23 16:33:06,923{GMT}	INFO	[jepsen worker 0] jepsen.util: 0	:ok	:read	[49 64 71 89 25 28 37 45 93 29 76 6 7 9 13 47 77 80 84 8 39 43 46 95 12 48 56 92 69 11 24 57 62 81 88 94 102 22 60 70 79 16 44 61 78 14 21 31 34 65 66 68 73 10 18 20 63 90 51 74 1 5 38 40 54 58 96 97 0 2 30 50 35 41 86 36 55 59 75 3 17 32 33 85 99 98 15 27 53 72 82 87 100 4 23 42 67 91 101 19 26 52 83]
2024-02-23 16:33:06,977{GMT}	INFO	[jepsen worker 0] jepsen.util: 0	:invoke	:broadcast	103
2024-02-23 16:33:06,978{GMT}	INFO	[jepsen worker 0] jepsen.util: 0	:ok	:broadcast	103
2024-02-23 16:33:06,998{GMT}	INFO	[jepsen worker 1] jepsen.util: 1	:invoke	:broadcast	104
2024-02-23 16:33:06,999{GMT}	INFO	[jepsen worker 1] jepsen.util: 1	:ok	:broadcast	104
2024-02-23 16:33:07,148{GMT}	INFO	[jepsen worker 2] jepsen.util: 2	:invoke	:broadcast	105
2024-02-23 16:33:07,149{GMT}	INFO	[jepsen worker 2] jepsen.util: 2	:ok	:broadcast	105
2024-02-23 16:33:07,313{GMT}	INFO	[jepsen worker 3] jepsen.util: 3	:invoke	:read	nil
2024-02-23 16:33:07,314{GMT}	INFO	[jepsen worker 3] jepsen.util: 3	:ok	:read	[6 56 68 104 65 82 98 59 60 16 24 32 51 18 38 5 11 90 97 29 93 95 83 84 94 100 78 85 99 101 23 86 66 0 30 36 37 92 102 96 9 53 22 61 71 79 75 77 7 34 45 67 87 25 72 91 17 33 70 76 89 15 2 8 54 63 74 12 40 44 46 14 26 41 55 103 4 19 31 35 48 69 81 27 57 62 10 49 64 1 42 50 58 73 3 20 52 47 13 21 43 80 88 28 39 105]
2024-02-23 16:33:07,338{GMT}	INFO	[jepsen worker 4] jepsen.util: 4	:invoke	:read	nil
2024-02-23 16:33:07,339{GMT}	INFO	[jepsen worker 4] jepsen.util: 4	:ok	:read	[44 85 25 80 31 34 43 100 103 78 79 91 29 61 48 50 60 77 18 93 101 32 36 41 11 20 45 46 64 13 21 96 97 23 53 16 8 14 47 5 82 33 10 12 40 102 19 76 86 88 15 71 22 24 65 1 3 42 67 26 73 94 39 56 63 90 6 38 49 66 83 89 105 28 35 70 98 2 9 54 55 95 4 30 59 68 81 69 72 75 0 92 51 52 58 84 27 37 62 87 99 7 17 104 57 74]
2024-02-23 16:33:07,397{GMT}	INFO	[jepsen worker 0] jepsen.util: 0	:invoke	:broadcast	106
2024-02-23 16:33:07,399{GMT}	INFO	[jepsen worker 0] jepsen.util: 0	:ok	:broadcast	106
2024-02-23 16:33:07,498{GMT}	INFO	[jepsen worker 0] jepsen.util: 0	:invoke	:broadcast	107
2024-02-23 16:33:07,500{GMT}	INFO	[jepsen worker 0] jepsen.util: 0	:ok	:broadcast	107
2024-02-23 16:33:07,527{GMT}	INFO	[jepsen worker 1] jepsen.util: 1	:invoke	:read	nil
2024-02-23 16:33:07,528{GMT}	INFO	[jepsen worker 1] jepsen.util: 1	:ok	:read	[101 2 21 42 83 58 60 8 50 66 1 6 28 80 49 51 54 26 31 34 48 73 93 23 97 100 44 76 94 72 98 85 86 64 9 29 36 47 103 106 22 30 84 3 46 90 96 102 15 33 63 88 53 59 75 71 78 89 99 12 13 41 52 68 5 16 40 67 79 17 43 82 87 77 18 39 56 107 7 19 32 35 57 45 61 62 65 69 81 11 14 24 70 105 74 104 10 25 91 92 20 55 27 38 95 0 4 37]
2024-02-23 16:33:07,542{GMT}	INFO	[jepsen worker 2] jepsen.util: 2	:invoke	:read	nil
2024-02-23 16:33:07,544{GMT}	INFO	[jepsen worker 2] jepsen.util: 2	:ok	:read	[47 60 72 101 102 30 43 49 38 75 94 20 21 27 96 2 4 11 41 59 84 36 1 42 51 74 87 5 9 0 3 24 35 104 34 50 7 40 56 14 22 61 90 45 67 80 88 6 10 23 39 46 64 65 81 15 83 71 58 78 92 93 100 107 12 31 33 26 70 97 32 37 44 55 57 73 77 29 48 62 8 98 106 16 17 25 63 79 86 91 82 28 76 89 103 105 13 52 54 69 18 53 68 95 66 19 85 99]
2024-02-23 16:33:07,556{GMT}	INFO	[jepsen worker 3] jepsen.util: 3	:invoke	:broadcast	108
2024-02-23 16:33:07,556{GMT}	INFO	[jepsen worker 3] jepsen.util: 3	:ok	:broadcast	108
2024-02-23 16:33:07,728{GMT}	INFO	[jepsen worker 4] jepsen.util: 4	:invoke	:broadcast	109
2024-02-23 16:33:07,729{GMT}	INFO	[jepsen worker 4] jepsen.util: 4	:ok	:broadcast	109
2024-02-23 16:33:07,730{GMT}	INFO	[jepsen worker nemesis] jepsen.generator.interpreter: Waiting for recovery...
2024-02-23 16:33:17,738{GMT}	INFO	[jepsen worker 4] jepsen.util: 4	:invoke	:read	nil
2024-02-23 16:33:17,738{GMT}	INFO	[jepsen worker 1] jepsen.util: 1	:invoke	:read	nil
2024-02-23 16:33:17,738{GMT}	INFO	[jepsen worker 3] jepsen.util: 3	:invoke	:read	nil
2024-02-23 16:33:17,738{GMT}	INFO	[jepsen worker 2] jepsen.util: 2	:invoke	:read	nil
2024-02-23 16:33:17,739{GMT}	INFO	[jepsen worker 0] jepsen.util: 0	:invoke	:read	nil
2024-02-23 16:33:17,739{GMT}	INFO	[jepsen worker 4] jepsen.util: 4	:ok	:read	[11 20 32 36 41 45 13 21 46 64 23 53 96 97 16 5 8 14 47 82 10 12 33 40 19 102 108 15 71 76 86 88 1 3 22 24 65 26 42 67 73 94 90 6 39 56 63 49 66 38 83 28 35 89 105 2 9 70 98 4 30 54 55 95 59 68 109 81 0 69 72 75 92 51 52 58 84 99 7 17 27 37 62 87 57 74 104 25 44 85 106 80 103 107 31 34 43 78 79 100 29 91 48 50 61 77 18 60 93 101]
2024-02-23 16:33:17,739{GMT}	INFO	[jepsen worker 1] jepsen.util: 1	:ok	:read	[71 78 89 99 12 13 41 5 16 52 68 40 67 79 17 43 82 87 77 18 39 56 107 7 19 32 35 57 45 61 62 65 69 81 11 14 24 70 105 109 74 104 10 25 91 92 20 55 27 38 95 0 4 37 2 21 42 83 101 58 60 8 50 108 1 6 28 66 80 49 51 54 26 31 34 48 73 93 23 97 100 44 76 94 72 98 85 86 64 9 29 36 47 103 106 22 30 84 3 46 90 96 102 15 33 63 88 53 59 75]
2024-02-23 16:33:17,740{GMT}	INFO	[jepsen worker 3] jepsen.util: 3	:ok	:read	[59 60 98 16 24 32 51 18 38 5 11 90 97 106 29 93 95 83 84 94 100 78 85 99 101 23 86 0 30 36 37 66 92 102 9 53 96 22 61 71 79 75 7 34 45 67 77 87 25 72 91 109 17 33 70 76 89 15 2 8 54 63 74 12 40 44 46 14 26 41 55 4 19 31 35 48 69 81 103 27 57 62 10 49 64 1 42 50 58 73 3 20 52 47 108 13 21 43 80 88 28 39 105 6 56 68 104 65 82 107]
2024-02-23 16:33:17,740{GMT}	INFO	[jepsen worker 2] jepsen.util: 2	:ok	:read	[66 19 85 99 102 47 60 72 101 30 43 49 38 75 94 20 21 27 96 2 4 11 41 59 84 36 109 1 42 51 74 87 5 9 0 3 24 35 104 34 50 7 40 56 14 22 61 90 45 67 80 88 65 6 10 23 39 46 64 81 15 83 71 58 78 92 93 100 107 12 31 33 26 70 97 32 37 44 55 57 73 77 29 48 62 8 98 106 91 16 17 25 63 79 86 82 28 76 89 103 105 13 52 54 69 18 53 68 95 108]
2024-02-23 16:33:17,740{GMT}	INFO	[jepsen worker 0] jepsen.util: 0	:ok	:read	[69 22 60 81 88 94 106 16 34 44 103 10 66 68 1 40 74 2 30 54 58 107 109 86 59 75 3 17 36 85 99 15 27 53 100 42 67 82 87 52 83 101 71 64 6 76 105 39 43 46 47 77 84 12 48 56 92 95 11 24 57 62 70 79 102 14 21 31 61 78 108 18 20 63 65 73 90 5 38 51 104 0 50 96 97 35 41 32 33 55 72 98 4 23 19 26 91 89 25 28 37 45 49 93 7 9 13 29 8 80]
2024-02-23 16:33:17,770{GMT}	INFO	[jepsen test runner] jepsen.core: Run complete, writing
2024-02-23 16:33:17,884{GMT}	INFO	[jepsen node n0] maelstrom.db: Tearing down n0
2024-02-23 16:33:17,884{GMT}	INFO	[jepsen node n1] maelstrom.db: Tearing down n1
2024-02-23 16:33:17,884{GMT}	INFO	[jepsen node n2] maelstrom.db: Tearing down n2
2024-02-23 16:33:17,884{GMT}	INFO	[jepsen node n3] maelstrom.db: Tearing down n3
2024-02-23 16:33:17,884{GMT}	INFO	[jepsen node n4] maelstrom.db: Tearing down n4
2024-02-23 16:33:19,269{GMT}	INFO	[jepsen node n0] maelstrom.net: Shutting down Maelstrom network
2024-02-23 16:33:19,274{GMT}	INFO	[jepsen test runner] jepsen.core: Analyzing...
2024-02-23 16:33:19,702{GMT}	INFO	[jepsen test runner] jepsen.core: Analysis complete
2024-02-23 16:33:19,724{GMT}	INFO	[jepsen results] jepsen.store: Wrote /Users/danishsharma/go/src/gossip-glamers/multi_node_broadcast/store/broadcast/20240223T163245.129+0530/results.edn
2024-02-23 16:33:19,890{GMT}	INFO	[jepsen test runner] jepsen.core: {:perf {:latency-graph {:valid? true},
        :rate-graph {:valid? true},
        :valid? true},
 :timeline {:valid? true},
 :exceptions {:valid? true},
 :stats {:valid? true,
         :count 214,
         :ok-count 214,
         :fail-count 0,
         :info-count 0,
         :by-f {:broadcast {:valid? true,
                            :count 110,
                            :ok-count 110,
                            :fail-count 0,
                            :info-count 0},
                :read {:valid? true,
                       :count 104,
                       :ok-count 104,
                       :fail-count 0,
                       :info-count 0}}},
 :availability {:valid? true, :ok-fraction 1.0},
 :net {:all {:send-count 3638,
             :recv-count 3638,
             :msg-count 3638,
             :msgs-per-op 17.0},
       :clients {:send-count 448, :recv-count 448, :msg-count 448},
       :servers {:send-count 3190,
                 :recv-count 3190,
                 :msg-count 3190,
                 :msgs-per-op 14.906542},
       :valid? true},
 :workload {:worst-stale (),
            :duplicated-count 0,
            :valid? true,
            :lost-count 0,
            :lost (),
            :stable-count 110,
            :stale-count 0,
            :stale (),
            :never-read-count 0,
            :stable-latencies {0 0, 0.5 0, 0.95 0, 0.99 0, 1 0},
            :attempt-count 110,
            :never-read (),
            :duplicated {}},
 :valid? true}


Everything looks good! (`)
