2024-02-18 19:12:06,136{GMT}	INFO	[jepsen test runner] jepsen.core: Command line:
lein run test -w echo --bin /Users/danishsharma/go/src/gossip-glamers/echo/bin --node-count 1 --time-limit 10
2024-02-18 19:12:06,197{GMT}	INFO	[jepsen test runner] jepsen.core: Running test:
{:args []
 :remote
 #jepsen.control.retry.Remote{:remote #jepsen.control.scp.Remote{:cmd-remote #jepsen.control.sshj.SSHJRemote{:concurrency-limit 6,
                                                                                                             :conn-spec nil,
                                                                                                             :client nil,
                                                                                                             :semaphore nil},
                                                                 :conn-spec nil},
                              :conn nil}
 :log-net-send false
 :node-count 1
 :availability nil
 :max-txn-length 4
 :concurrency 1
 :db
 #object[maelstrom.db$db$reify__16142
         "0x4867e76b"
         "maelstrom.db$db$reify__16142@4867e76b"]
 :max-writes-per-key 16
 :leave-db-running? false
 :name "echo"
 :logging-json? false
 :start-time
 #object[org.joda.time.DateTime "0x4b48be5c" "2024-02-18T19:12:06.059+05:30"]
 :nemesis-interval 10
 :net
 #object[maelstrom.net$jepsen_net$reify__15251
         "0x3fe8d57a"
         "maelstrom.net$jepsen_net$reify__15251@3fe8d57a"]
 :client
 #object[maelstrom.workload.echo$client$reify__16863
         "0x36573ec5"
         "maelstrom.workload.echo$client$reify__16863@36573ec5"]
 :barrier
 #object[java.util.concurrent.CyclicBarrier
         "0x10c26161"
         "java.util.concurrent.CyclicBarrier@10c26161"]
 :log-stderr false
 :pure-generators true
 :ssh {:dummy? true}
 :rate 5
 :checker
 #object[jepsen.checker$compose$reify__11881
         "0x1ef6977b"
         "jepsen.checker$compose$reify__11881@1ef6977b"]
 :argv
 ("test"
  "-w"
  "echo"
  "--bin"
  "/Users/danishsharma/go/src/gossip-glamers/echo/bin"
  "--node-count"
  "1"
  "--time-limit"
  "10")
 :nemesis
 (jepsen.nemesis.ReflCompose
  {:fm {:start-partition 0,
        :stop-partition 0,
        :kill 1,
        :start 1,
        :pause 1,
        :resume 1},
   :nemeses [#unprintable "jepsen.nemesis.combined$partition_nemesis$reify__16416@674cd2da"
             #unprintable "jepsen.nemesis.combined$db_nemesis$reify__16397@686279e0"]})
 :nodes ["n0"]
 :test-count 1
 :latency {:mean 0, :dist :constant}
 :bin "/Users/danishsharma/go/src/gossip-glamers/echo/bin"
 :generator
 (jepsen.generator.TimeLimit
  {:limit 10000000000,
   :cutoff nil,
   :gen (jepsen.generator.Any
         {:gens [(jepsen.generator.OnThreads
                  {:f #{:nemesis},
                   :context-filter #object[jepsen.generator.context$make_thread_filter$lazy_filter__9167
                                           "0x60a3a0fa"
                                           "jepsen.generator.context$make_thread_filter$lazy_filter__9167@60a3a0fa"],
                   :gen nil})
                 (jepsen.generator.OnThreads
                  {:f #jepsen.generator.context.AllBut{:element :nemesis},
                   :context-filter #object[jepsen.generator.context$make_thread_filter$lazy_filter__9167
                                           "0x17734113"
                                           "jepsen.generator.context$make_thread_filter$lazy_filter__9167@17734113"],
                   :gen (jepsen.generator.Stagger
                         {:dt 400000000,
                          :next-time nil,
                          :gen (jepsen.generator.EachThread
                                {:fresh-gen #object[maelstrom.workload.echo$workload$fn__16882
                                                    "0x27aa700"
                                                    "maelstrom.workload.echo$workload$fn__16882@27aa700"],
                                 :context-filters #object[clojure.core$promise$reify__8591
                                                          "0xd15f98a"
                                                          {:status :pending,
                                                           :val nil}],
                                 :gens {}})})})]})})
 :log-net-recv false
 :os
 #object[maelstrom.net$jepsen_os$reify__15254
         "0x704c3ca2"
         "maelstrom.net$jepsen_os$reify__15254@704c3ca2"]
 :time-limit 10
 :workload :echo
 :consistency-models [:strict-serializable]
 :topology :grid}

2024-02-18 19:12:07,914{GMT}	INFO	[jepsen node n0] maelstrom.net: Starting Maelstrom network
2024-02-18 19:12:07,916{GMT}	INFO	[jepsen test runner] jepsen.db: Tearing down DB
2024-02-18 19:12:07,917{GMT}	INFO	[jepsen test runner] jepsen.db: Setting up DB
2024-02-18 19:12:07,919{GMT}	INFO	[jepsen node n0] maelstrom.service: Starting services: (lin-kv lin-tso lww-kv seq-kv)
2024-02-18 19:12:07,921{GMT}	INFO	[jepsen node n0] maelstrom.db: Setting up n0
2024-02-18 19:12:07,921{GMT}	INFO	[jepsen node n0] maelstrom.process: launching /Users/danishsharma/go/src/gossip-glamers/echo/bin []
2024-02-18 19:12:08,393{GMT}	INFO	[jepsen test runner] jepsen.core: Relative time begins now
2024-02-18 19:12:08,404{GMT}	INFO	[jepsen worker 0] jepsen.util: 0	:invoke	:echo	"Please echo 104"
2024-02-18 19:12:08,408{GMT}	INFO	[jepsen worker 0] jepsen.util: 0	:ok	:echo	{:echo "Please echo 104", :in_reply_to 1, :msg_id 1, :type "echo_ok"}
2024-02-18 19:12:08,725{GMT}	INFO	[jepsen worker 0] jepsen.util: 0	:invoke	:echo	"Please echo 88"
2024-02-18 19:12:08,726{GMT}	INFO	[jepsen worker 0] jepsen.util: 0	:ok	:echo	{:echo "Please echo 88", :in_reply_to 2, :msg_id 2, :type "echo_ok"}
2024-02-18 19:12:08,752{GMT}	INFO	[jepsen worker 0] jepsen.util: 0	:invoke	:echo	"Please echo 62"
2024-02-18 19:12:08,753{GMT}	INFO	[jepsen worker 0] jepsen.util: 0	:ok	:echo	{:echo "Please echo 62", :in_reply_to 3, :msg_id 3, :type "echo_ok"}
2024-02-18 19:12:09,076{GMT}	INFO	[jepsen worker 0] jepsen.util: 0	:invoke	:echo	"Please echo 67"
2024-02-18 19:12:09,078{GMT}	INFO	[jepsen worker 0] jepsen.util: 0	:ok	:echo	{:echo "Please echo 67", :in_reply_to 4, :msg_id 4, :type "echo_ok"}
2024-02-18 19:12:09,157{GMT}	INFO	[jepsen worker 0] jepsen.util: 0	:invoke	:echo	"Please echo 5"
2024-02-18 19:12:09,158{GMT}	INFO	[jepsen worker 0] jepsen.util: 0	:ok	:echo	{:echo "Please echo 5", :in_reply_to 5, :msg_id 5, :type "echo_ok"}
2024-02-18 19:12:09,237{GMT}	INFO	[jepsen worker 0] jepsen.util: 0	:invoke	:echo	"Please echo 53"
2024-02-18 19:12:09,239{GMT}	INFO	[jepsen worker 0] jepsen.util: 0	:ok	:echo	{:echo "Please echo 53", :in_reply_to 6, :msg_id 6, :type "echo_ok"}
2024-02-18 19:12:09,408{GMT}	INFO	[jepsen worker 0] jepsen.util: 0	:invoke	:echo	"Please echo 92"
2024-02-18 19:12:09,410{GMT}	INFO	[jepsen worker 0] jepsen.util: 0	:ok	:echo	{:echo "Please echo 92", :in_reply_to 7, :msg_id 7, :type "echo_ok"}
2024-02-18 19:12:09,629{GMT}	INFO	[jepsen worker 0] jepsen.util: 0	:invoke	:echo	"Please echo 49"
2024-02-18 19:12:09,630{GMT}	INFO	[jepsen worker 0] jepsen.util: 0	:ok	:echo	{:echo "Please echo 49", :in_reply_to 8, :msg_id 8, :type "echo_ok"}
2024-02-18 19:12:09,886{GMT}	INFO	[jepsen worker 0] jepsen.util: 0	:invoke	:echo	"Please echo 119"
2024-02-18 19:12:09,887{GMT}	INFO	[jepsen worker 0] jepsen.util: 0	:ok	:echo	{:echo "Please echo 119", :in_reply_to 9, :msg_id 9, :type "echo_ok"}
2024-02-18 19:12:10,069{GMT}	INFO	[jepsen worker 0] jepsen.util: 0	:invoke	:echo	"Please echo 31"
2024-02-18 19:12:10,070{GMT}	INFO	[jepsen worker 0] jepsen.util: 0	:ok	:echo	{:echo "Please echo 31", :in_reply_to 10, :msg_id 10, :type "echo_ok"}
2024-02-18 19:12:10,092{GMT}	INFO	[jepsen worker 0] jepsen.util: 0	:invoke	:echo	"Please echo 22"
2024-02-18 19:12:10,093{GMT}	INFO	[jepsen worker 0] jepsen.util: 0	:ok	:echo	{:echo "Please echo 22", :in_reply_to 11, :msg_id 11, :type "echo_ok"}
2024-02-18 19:12:10,463{GMT}	INFO	[jepsen worker 0] jepsen.util: 0	:invoke	:echo	"Please echo 107"
2024-02-18 19:12:10,464{GMT}	INFO	[jepsen worker 0] jepsen.util: 0	:ok	:echo	{:echo "Please echo 107", :in_reply_to 12, :msg_id 12, :type "echo_ok"}
2024-02-18 19:12:10,863{GMT}	INFO	[jepsen worker 0] jepsen.util: 0	:invoke	:echo	"Please echo 48"
2024-02-18 19:12:10,865{GMT}	INFO	[jepsen worker 0] jepsen.util: 0	:ok	:echo	{:echo "Please echo 48", :in_reply_to 13, :msg_id 13, :type "echo_ok"}
2024-02-18 19:12:11,235{GMT}	INFO	[jepsen worker 0] jepsen.util: 0	:invoke	:echo	"Please echo 122"
2024-02-18 19:12:11,236{GMT}	INFO	[jepsen worker 0] jepsen.util: 0	:ok	:echo	{:echo "Please echo 122", :in_reply_to 14, :msg_id 14, :type "echo_ok"}
2024-02-18 19:12:11,462{GMT}	INFO	[jepsen worker 0] jepsen.util: 0	:invoke	:echo	"Please echo 17"
2024-02-18 19:12:11,463{GMT}	INFO	[jepsen worker 0] jepsen.util: 0	:ok	:echo	{:echo "Please echo 17", :in_reply_to 15, :msg_id 15, :type "echo_ok"}
2024-02-18 19:12:11,500{GMT}	INFO	[jepsen worker 0] jepsen.util: 0	:invoke	:echo	"Please echo 48"
2024-02-18 19:12:11,501{GMT}	INFO	[jepsen worker 0] jepsen.util: 0	:ok	:echo	{:echo "Please echo 48", :in_reply_to 16, :msg_id 16, :type "echo_ok"}
2024-02-18 19:12:11,649{GMT}	INFO	[jepsen worker 0] jepsen.util: 0	:invoke	:echo	"Please echo 86"
2024-02-18 19:12:11,651{GMT}	INFO	[jepsen worker 0] jepsen.util: 0	:ok	:echo	{:echo "Please echo 86", :in_reply_to 17, :msg_id 17, :type "echo_ok"}
2024-02-18 19:12:12,003{GMT}	INFO	[jepsen worker 0] jepsen.util: 0	:invoke	:echo	"Please echo 51"
2024-02-18 19:12:12,005{GMT}	INFO	[jepsen worker 0] jepsen.util: 0	:ok	:echo	{:echo "Please echo 51", :in_reply_to 18, :msg_id 18, :type "echo_ok"}
2024-02-18 19:12:12,209{GMT}	INFO	[jepsen worker 0] jepsen.util: 0	:invoke	:echo	"Please echo 62"
2024-02-18 19:12:12,211{GMT}	INFO	[jepsen worker 0] jepsen.util: 0	:ok	:echo	{:echo "Please echo 62", :in_reply_to 19, :msg_id 19, :type "echo_ok"}
2024-02-18 19:12:12,266{GMT}	INFO	[jepsen worker 0] jepsen.util: 0	:invoke	:echo	"Please echo 67"
2024-02-18 19:12:12,267{GMT}	INFO	[jepsen worker 0] jepsen.util: 0	:ok	:echo	{:echo "Please echo 67", :in_reply_to 20, :msg_id 20, :type "echo_ok"}
2024-02-18 19:12:12,463{GMT}	INFO	[jepsen worker 0] jepsen.util: 0	:invoke	:echo	"Please echo 46"
2024-02-18 19:12:12,464{GMT}	INFO	[jepsen worker 0] jepsen.util: 0	:ok	:echo	{:echo "Please echo 46", :in_reply_to 21, :msg_id 21, :type "echo_ok"}
2024-02-18 19:12:12,589{GMT}	INFO	[jepsen worker 0] jepsen.util: 0	:invoke	:echo	"Please echo 18"
2024-02-18 19:12:12,590{GMT}	INFO	[jepsen worker 0] jepsen.util: 0	:ok	:echo	{:echo "Please echo 18", :in_reply_to 22, :msg_id 22, :type "echo_ok"}
2024-02-18 19:12:12,762{GMT}	INFO	[jepsen worker 0] jepsen.util: 0	:invoke	:echo	"Please echo 63"
2024-02-18 19:12:12,764{GMT}	INFO	[jepsen worker 0] jepsen.util: 0	:ok	:echo	{:echo "Please echo 63", :in_reply_to 23, :msg_id 23, :type "echo_ok"}
2024-02-18 19:12:12,950{GMT}	INFO	[jepsen worker 0] jepsen.util: 0	:invoke	:echo	"Please echo 90"
2024-02-18 19:12:12,951{GMT}	INFO	[jepsen worker 0] jepsen.util: 0	:ok	:echo	{:echo "Please echo 90", :in_reply_to 24, :msg_id 24, :type "echo_ok"}
2024-02-18 19:12:13,059{GMT}	INFO	[jepsen worker 0] jepsen.util: 0	:invoke	:echo	"Please echo 126"
2024-02-18 19:12:13,060{GMT}	INFO	[jepsen worker 0] jepsen.util: 0	:ok	:echo	{:echo "Please echo 126", :in_reply_to 25, :msg_id 25, :type "echo_ok"}
2024-02-18 19:12:13,069{GMT}	INFO	[jepsen worker 0] jepsen.util: 0	:invoke	:echo	"Please echo 74"
2024-02-18 19:12:13,070{GMT}	INFO	[jepsen worker 0] jepsen.util: 0	:ok	:echo	{:echo "Please echo 74", :in_reply_to 26, :msg_id 26, :type "echo_ok"}
2024-02-18 19:12:13,390{GMT}	INFO	[jepsen worker 0] jepsen.util: 0	:invoke	:echo	"Please echo 116"
2024-02-18 19:12:13,391{GMT}	INFO	[jepsen worker 0] jepsen.util: 0	:ok	:echo	{:echo "Please echo 116", :in_reply_to 27, :msg_id 27, :type "echo_ok"}
2024-02-18 19:12:13,507{GMT}	INFO	[jepsen worker 0] jepsen.util: 0	:invoke	:echo	"Please echo 127"
2024-02-18 19:12:13,508{GMT}	INFO	[jepsen worker 0] jepsen.util: 0	:ok	:echo	{:echo "Please echo 127", :in_reply_to 28, :msg_id 28, :type "echo_ok"}
2024-02-18 19:12:13,908{GMT}	INFO	[jepsen worker 0] jepsen.util: 0	:invoke	:echo	"Please echo 2"
2024-02-18 19:12:13,910{GMT}	INFO	[jepsen worker 0] jepsen.util: 0	:ok	:echo	{:echo "Please echo 2", :in_reply_to 29, :msg_id 29, :type "echo_ok"}
2024-02-18 19:12:14,103{GMT}	INFO	[jepsen worker 0] jepsen.util: 0	:invoke	:echo	"Please echo 44"
2024-02-18 19:12:14,105{GMT}	INFO	[jepsen worker 0] jepsen.util: 0	:ok	:echo	{:echo "Please echo 44", :in_reply_to 30, :msg_id 30, :type "echo_ok"}
2024-02-18 19:12:14,298{GMT}	INFO	[jepsen worker 0] jepsen.util: 0	:invoke	:echo	"Please echo 36"
2024-02-18 19:12:14,299{GMT}	INFO	[jepsen worker 0] jepsen.util: 0	:ok	:echo	{:echo "Please echo 36", :in_reply_to 31, :msg_id 31, :type "echo_ok"}
2024-02-18 19:12:14,330{GMT}	INFO	[jepsen worker 0] jepsen.util: 0	:invoke	:echo	"Please echo 9"
2024-02-18 19:12:14,331{GMT}	INFO	[jepsen worker 0] jepsen.util: 0	:ok	:echo	{:echo "Please echo 9", :in_reply_to 32, :msg_id 32, :type "echo_ok"}
2024-02-18 19:12:14,605{GMT}	INFO	[jepsen worker 0] jepsen.util: 0	:invoke	:echo	"Please echo 38"
2024-02-18 19:12:14,606{GMT}	INFO	[jepsen worker 0] jepsen.util: 0	:ok	:echo	{:echo "Please echo 38", :in_reply_to 33, :msg_id 33, :type "echo_ok"}
2024-02-18 19:12:14,895{GMT}	INFO	[jepsen worker 0] jepsen.util: 0	:invoke	:echo	"Please echo 45"
2024-02-18 19:12:14,896{GMT}	INFO	[jepsen worker 0] jepsen.util: 0	:ok	:echo	{:echo "Please echo 45", :in_reply_to 34, :msg_id 34, :type "echo_ok"}
2024-02-18 19:12:15,040{GMT}	INFO	[jepsen worker 0] jepsen.util: 0	:invoke	:echo	"Please echo 62"
2024-02-18 19:12:15,042{GMT}	INFO	[jepsen worker 0] jepsen.util: 0	:ok	:echo	{:echo "Please echo 62", :in_reply_to 35, :msg_id 35, :type "echo_ok"}
2024-02-18 19:12:15,116{GMT}	INFO	[jepsen worker 0] jepsen.util: 0	:invoke	:echo	"Please echo 58"
2024-02-18 19:12:15,117{GMT}	INFO	[jepsen worker 0] jepsen.util: 0	:ok	:echo	{:echo "Please echo 58", :in_reply_to 36, :msg_id 36, :type "echo_ok"}
2024-02-18 19:12:15,388{GMT}	INFO	[jepsen worker 0] jepsen.util: 0	:invoke	:echo	"Please echo 100"
2024-02-18 19:12:15,390{GMT}	INFO	[jepsen worker 0] jepsen.util: 0	:ok	:echo	{:echo "Please echo 100", :in_reply_to 37, :msg_id 37, :type "echo_ok"}
2024-02-18 19:12:15,479{GMT}	INFO	[jepsen worker 0] jepsen.util: 0	:invoke	:echo	"Please echo 122"
2024-02-18 19:12:15,480{GMT}	INFO	[jepsen worker 0] jepsen.util: 0	:ok	:echo	{:echo "Please echo 122", :in_reply_to 38, :msg_id 38, :type "echo_ok"}
2024-02-18 19:12:15,679{GMT}	INFO	[jepsen worker 0] jepsen.util: 0	:invoke	:echo	"Please echo 104"
2024-02-18 19:12:15,681{GMT}	INFO	[jepsen worker 0] jepsen.util: 0	:ok	:echo	{:echo "Please echo 104", :in_reply_to 39, :msg_id 39, :type "echo_ok"}
2024-02-18 19:12:15,688{GMT}	INFO	[jepsen worker 0] jepsen.util: 0	:invoke	:echo	"Please echo 2"
2024-02-18 19:12:15,689{GMT}	INFO	[jepsen worker 0] jepsen.util: 0	:ok	:echo	{:echo "Please echo 2", :in_reply_to 40, :msg_id 40, :type "echo_ok"}
2024-02-18 19:12:15,915{GMT}	INFO	[jepsen worker 0] jepsen.util: 0	:invoke	:echo	"Please echo 48"
2024-02-18 19:12:15,916{GMT}	INFO	[jepsen worker 0] jepsen.util: 0	:ok	:echo	{:echo "Please echo 48", :in_reply_to 41, :msg_id 41, :type "echo_ok"}
2024-02-18 19:12:16,242{GMT}	INFO	[jepsen worker 0] jepsen.util: 0	:invoke	:echo	"Please echo 119"
2024-02-18 19:12:16,243{GMT}	INFO	[jepsen worker 0] jepsen.util: 0	:ok	:echo	{:echo "Please echo 119", :in_reply_to 42, :msg_id 42, :type "echo_ok"}
2024-02-18 19:12:16,620{GMT}	INFO	[jepsen worker 0] jepsen.util: 0	:invoke	:echo	"Please echo 29"
2024-02-18 19:12:16,621{GMT}	INFO	[jepsen worker 0] jepsen.util: 0	:ok	:echo	{:echo "Please echo 29", :in_reply_to 43, :msg_id 43, :type "echo_ok"}
2024-02-18 19:12:16,791{GMT}	INFO	[jepsen worker 0] jepsen.util: 0	:invoke	:echo	"Please echo 29"
2024-02-18 19:12:16,792{GMT}	INFO	[jepsen worker 0] jepsen.util: 0	:ok	:echo	{:echo "Please echo 29", :in_reply_to 44, :msg_id 44, :type "echo_ok"}
2024-02-18 19:12:16,822{GMT}	INFO	[jepsen worker 0] jepsen.util: 0	:invoke	:echo	"Please echo 26"
2024-02-18 19:12:16,823{GMT}	INFO	[jepsen worker 0] jepsen.util: 0	:ok	:echo	{:echo "Please echo 26", :in_reply_to 45, :msg_id 45, :type "echo_ok"}
2024-02-18 19:12:17,120{GMT}	INFO	[jepsen worker 0] jepsen.util: 0	:invoke	:echo	"Please echo 49"
2024-02-18 19:12:17,121{GMT}	INFO	[jepsen worker 0] jepsen.util: 0	:ok	:echo	{:echo "Please echo 49", :in_reply_to 46, :msg_id 46, :type "echo_ok"}
2024-02-18 19:12:17,488{GMT}	INFO	[jepsen worker 0] jepsen.util: 0	:invoke	:echo	"Please echo 55"
2024-02-18 19:12:17,489{GMT}	INFO	[jepsen worker 0] jepsen.util: 0	:ok	:echo	{:echo "Please echo 55", :in_reply_to 47, :msg_id 47, :type "echo_ok"}
2024-02-18 19:12:17,526{GMT}	INFO	[jepsen worker 0] jepsen.util: 0	:invoke	:echo	"Please echo 87"
2024-02-18 19:12:17,527{GMT}	INFO	[jepsen worker 0] jepsen.util: 0	:ok	:echo	{:echo "Please echo 87", :in_reply_to 48, :msg_id 48, :type "echo_ok"}
2024-02-18 19:12:17,713{GMT}	INFO	[jepsen worker 0] jepsen.util: 0	:invoke	:echo	"Please echo 81"
2024-02-18 19:12:17,714{GMT}	INFO	[jepsen worker 0] jepsen.util: 0	:ok	:echo	{:echo "Please echo 81", :in_reply_to 49, :msg_id 49, :type "echo_ok"}
2024-02-18 19:12:17,932{GMT}	INFO	[jepsen worker 0] jepsen.util: 0	:invoke	:echo	"Please echo 84"
2024-02-18 19:12:17,933{GMT}	INFO	[jepsen worker 0] jepsen.util: 0	:ok	:echo	{:echo "Please echo 84", :in_reply_to 50, :msg_id 50, :type "echo_ok"}
2024-02-18 19:12:17,979{GMT}	INFO	[jepsen worker 0] jepsen.util: 0	:invoke	:echo	"Please echo 2"
2024-02-18 19:12:17,980{GMT}	INFO	[jepsen worker 0] jepsen.util: 0	:ok	:echo	{:echo "Please echo 2", :in_reply_to 51, :msg_id 51, :type "echo_ok"}
2024-02-18 19:12:18,126{GMT}	INFO	[jepsen worker 0] jepsen.util: 0	:invoke	:echo	"Please echo 109"
2024-02-18 19:12:18,127{GMT}	INFO	[jepsen worker 0] jepsen.util: 0	:ok	:echo	{:echo "Please echo 109", :in_reply_to 52, :msg_id 52, :type "echo_ok"}
2024-02-18 19:12:18,367{GMT}	INFO	[jepsen worker 0] jepsen.util: 0	:invoke	:echo	"Please echo 98"
2024-02-18 19:12:18,368{GMT}	INFO	[jepsen worker 0] jepsen.util: 0	:ok	:echo	{:echo "Please echo 98", :in_reply_to 53, :msg_id 53, :type "echo_ok"}
2024-02-18 19:12:18,399{GMT}	INFO	[jepsen test runner] jepsen.core: Run complete, writing
2024-02-18 19:12:18,546{GMT}	INFO	[jepsen node n0] maelstrom.db: Tearing down n0
2024-02-18 19:12:19,974{GMT}	INFO	[jepsen node n0] maelstrom.net: Shutting down Maelstrom network
2024-02-18 19:12:19,975{GMT}	INFO	[jepsen test runner] jepsen.core: Analyzing...
2024-02-18 19:12:20,098{GMT}	INFO	[jepsen test runner] jepsen.core: Analysis complete
2024-02-18 19:12:20,120{GMT}	INFO	[jepsen results] jepsen.store: Wrote /Users/danishsharma/go/src/gossip-glamers/echo/store/echo/20240218T191206.059+0530/results.edn
2024-02-18 19:12:20,209{GMT}	INFO	[jepsen test runner] jepsen.core: {:perf {:latency-graph {:valid? true},
        :rate-graph {:valid? true},
        :valid? true},
 :timeline {:valid? true},
 :exceptions {:valid? true},
 :stats {:valid? true,
         :count 53,
         :ok-count 53,
         :fail-count 0,
         :info-count 0,
         :by-f {:echo {:valid? true,
                       :count 53,
                       :ok-count 53,
                       :fail-count 0,
                       :info-count 0}}},
 :availability {:valid? true, :ok-fraction 1.0},
 :net {:all {:send-count 108,
             :recv-count 108,
             :msg-count 108,
             :msgs-per-op 2.037736},
       :clients {:send-count 108, :recv-count 108, :msg-count 108},
       :servers {:send-count 0,
                 :recv-count 0,
                 :msg-count 0,
                 :msgs-per-op 0.0},
       :valid? true},
 :workload {:valid? true, :errors ()},
 :valid? true}


Everything looks good! ヽ(‘ー`)ノ
