2024/02/23 19:20:26 Received {c3 n1 {"type":"init","node_id":"n1","node_ids":["n0","n1","n2","n3","n4"],"msg_id":1}}
2024/02/23 19:20:26 Node n1 initialized
2024/02/23 19:20:26 Sent {"src":"n1","dest":"c3","body":{"in_reply_to":1,"type":"init_ok"}}
2024/02/23 19:20:26 Received {c6 n1 {"type":"topology","topology":{"n0":["n3","n1"],"n1":["n4","n2","n0"],"n2":["n1"],"n3":["n0","n4"],"n4":["n1","n3"]},"msg_id":1}}
2024/02/23 19:20:26 Sent {"src":"n1","dest":"c6","body":{"in_reply_to":1,"type":"topology_ok"}}
2024/02/23 19:20:26 Received {n0 n1 {"message":0,"msg_id":1,"type":"broadcast"}}
2024/02/23 19:20:26 Sent {"src":"n1","dest":"n0","body":{"in_reply_to":1,"type":"broadcast_ok"}}
2024/02/23 19:20:26 Sent {"src":"n1","dest":"n4","body":{"message":0,"msg_id":1,"type":"broadcast"}}
2024/02/23 19:20:26 Sent {"src":"n1","dest":"n1","body":{"message":0,"msg_id":1,"type":"broadcast"}}
2024/02/23 19:20:26 Sent {"src":"n1","dest":"n2","body":{"message":0,"msg_id":1,"type":"broadcast"}}
2024/02/23 19:20:26 Sent {"src":"n1","dest":"n3","body":{"message":0,"msg_id":1,"type":"broadcast"}}
2024/02/23 19:20:26 Sent {"src":"n1","dest":"n0","body":{"message":0,"msg_id":1,"type":"broadcast"}}
2024/02/23 19:20:26 Received {n1 n1 {"message":0,"msg_id":1,"type":"broadcast"}}
2024/02/23 19:20:26 Received {n4 n1 {"message":0,"msg_id":1,"type":"broadcast"}}
2024/02/23 19:20:27 Received {n4 n1 {"message":3,"msg_id":1,"type":"broadcast"}}
2024/02/23 19:20:27 Sent {"src":"n1","dest":"n4","body":{"in_reply_to":1,"type":"broadcast_ok"}}
2024/02/23 19:20:27 Sent {"src":"n1","dest":"n4","body":{"message":3,"msg_id":1,"type":"broadcast"}}
2024/02/23 19:20:27 Sent {"src":"n1","dest":"n0","body":{"message":3,"msg_id":1,"type":"broadcast"}}
2024/02/23 19:20:27 Sent {"src":"n1","dest":"n1","body":{"message":3,"msg_id":1,"type":"broadcast"}}
2024/02/23 19:20:27 Sent {"src":"n1","dest":"n2","body":{"message":3,"msg_id":1,"type":"broadcast"}}
2024/02/23 19:20:27 Sent {"src":"n1","dest":"n3","body":{"message":3,"msg_id":1,"type":"broadcast"}}
2024/02/23 19:20:27 Received {n1 n1 {"message":3,"msg_id":1,"type":"broadcast"}}
2024/02/23 19:20:27 Received {n0 n1 {"message":3,"msg_id":1,"type":"broadcast"}}
2024/02/23 19:20:27 Received {n4 n1 {"message":4,"msg_id":2,"type":"broadcast"}}
2024/02/23 19:20:27 Sent {"src":"n1","dest":"n4","body":{"in_reply_to":2,"type":"broadcast_ok"}}
2024/02/23 19:20:27 Sent {"src":"n1","dest":"n2","body":{"message":4,"msg_id":2,"type":"broadcast"}}
2024/02/23 19:20:27 Sent {"src":"n1","dest":"n4","body":{"message":4,"msg_id":2,"type":"broadcast"}}
2024/02/23 19:20:27 Sent {"src":"n1","dest":"n3","body":{"message":4,"msg_id":2,"type":"broadcast"}}
2024/02/23 19:20:27 Sent {"src":"n1","dest":"n1","body":{"message":4,"msg_id":2,"type":"broadcast"}}
2024/02/23 19:20:27 Sent {"src":"n1","dest":"n0","body":{"message":4,"msg_id":2,"type":"broadcast"}}
2024/02/23 19:20:27 Received {n0 n1 {"message":4,"msg_id":2,"type":"broadcast"}}
2024/02/23 19:20:27 Received {n1 n1 {"message":4,"msg_id":2,"type":"broadcast"}}
2024/02/23 19:20:27 Received {c14 n1 {"type":"broadcast","message":5,"msg_id":1}}
2024/02/23 19:20:27 Sent {"src":"n1","dest":"c14","body":{"in_reply_to":1,"type":"broadcast_ok"}}
2024/02/23 19:20:27 Sent {"src":"n1","dest":"n4","body":{"message":5,"msg_id":1,"type":"broadcast"}}
2024/02/23 19:20:27 Sent {"src":"n1","dest":"n2","body":{"message":5,"msg_id":1,"type":"broadcast"}}
2024/02/23 19:20:27 Sent {"src":"n1","dest":"n3","body":{"message":5,"msg_id":1,"type":"broadcast"}}
2024/02/23 19:20:27 Sent {"src":"n1","dest":"n0","body":{"message":5,"msg_id":1,"type":"broadcast"}}
2024/02/23 19:20:27 Sent {"src":"n1","dest":"n1","body":{"message":5,"msg_id":1,"type":"broadcast"}}
2024/02/23 19:20:27 Received {n4 n1 {"in_reply_to":1,"type":"broadcast_ok"}}
2024/02/23 19:20:27 Ignoring reply to 1 with no callback
2024/02/23 19:20:27 Received {n1 n1 {"message":5,"msg_id":1,"type":"broadcast"}}
2024/02/23 19:20:27 Received {n0 n1 {"in_reply_to":1,"type":"broadcast_ok"}}
2024/02/23 19:20:27 Ignoring reply to 1 with no callback
2024/02/23 19:20:27 Received {n4 n1 {"message":5,"msg_id":1,"type":"broadcast"}}
2024/02/23 19:20:27 Received {n0 n1 {"message":5,"msg_id":1,"type":"broadcast"}}
2024/02/23 19:20:28 Received {n0 n1 {"message":7,"msg_id":4,"type":"broadcast"}}
2024/02/23 19:20:28 Sent {"src":"n1","dest":"n0","body":{"in_reply_to":4,"type":"broadcast_ok"}}
2024/02/23 19:20:28 Sent {"src":"n1","dest":"n0","body":{"message":7,"msg_id":4,"type":"broadcast"}}
2024/02/23 19:20:28 Sent {"src":"n1","dest":"n2","body":{"message":7,"msg_id":4,"type":"broadcast"}}
2024/02/23 19:20:28 Sent {"src":"n1","dest":"n1","body":{"message":7,"msg_id":4,"type":"broadcast"}}
2024/02/23 19:20:28 Sent {"src":"n1","dest":"n4","body":{"message":7,"msg_id":4,"type":"broadcast"}}
2024/02/23 19:20:28 Sent {"src":"n1","dest":"n3","body":{"message":7,"msg_id":4,"type":"broadcast"}}
2024/02/23 19:20:28 Received {n1 n1 {"message":7,"msg_id":4,"type":"broadcast"}}
2024/02/23 19:20:28 Received {n4 n1 {"message":7,"msg_id":4,"type":"broadcast"}}
2024/02/23 19:20:28 Received {c14 n1 {"type":"broadcast","message":8,"msg_id":2}}
2024/02/23 19:20:28 Sent {"src":"n1","dest":"c14","body":{"in_reply_to":2,"type":"broadcast_ok"}}
2024/02/23 19:20:28 Sent {"src":"n1","dest":"n0","body":{"message":8,"msg_id":2,"type":"broadcast"}}
2024/02/23 19:20:28 Sent {"src":"n1","dest":"n4","body":{"message":8,"msg_id":2,"type":"broadcast"}}
2024/02/23 19:20:28 Sent {"src":"n1","dest":"n3","body":{"message":8,"msg_id":2,"type":"broadcast"}}
2024/02/23 19:20:28 Sent {"src":"n1","dest":"n1","body":{"message":8,"msg_id":2,"type":"broadcast"}}
2024/02/23 19:20:28 Sent {"src":"n1","dest":"n2","body":{"message":8,"msg_id":2,"type":"broadcast"}}
2024/02/23 19:20:28 Received {n1 n1 {"message":8,"msg_id":2,"type":"broadcast"}}
2024/02/23 19:20:28 Received {n0 n1 {"in_reply_to":2,"type":"broadcast_ok"}}
2024/02/23 19:20:28 Ignoring reply to 2 with no callback
2024/02/23 19:20:28 Received {n4 n1 {"in_reply_to":2,"type":"broadcast_ok"}}
2024/02/23 19:20:28 Ignoring reply to 2 with no callback
2024/02/23 19:20:28 Received {n0 n1 {"message":8,"msg_id":2,"type":"broadcast"}}
2024/02/23 19:20:28 Received {n4 n1 {"message":8,"msg_id":2,"type":"broadcast"}}
2024/02/23 19:20:28 Received {c14 n1 {"type":"read","msg_id":3}}
2024/02/23 19:20:28 Sent {"src":"n1","dest":"c14","body":{"in_reply_to":3,"messages":[4,5,7,8,0,3],"type":"read_ok"}}
2024/02/23 19:20:29 Received {n0 n1 {"message":10,"msg_id":8,"type":"broadcast"}}
2024/02/23 19:20:29 Sent {"src":"n1","dest":"n0","body":{"in_reply_to":8,"type":"broadcast_ok"}}
2024/02/23 19:20:29 Sent {"src":"n1","dest":"n0","body":{"message":10,"msg_id":8,"type":"broadcast"}}
2024/02/23 19:20:29 Sent {"src":"n1","dest":"n3","body":{"message":10,"msg_id":8,"type":"broadcast"}}
2024/02/23 19:20:29 Sent {"src":"n1","dest":"n1","body":{"message":10,"msg_id":8,"type":"broadcast"}}
2024/02/23 19:20:29 Sent {"src":"n1","dest":"n2","body":{"message":10,"msg_id":8,"type":"broadcast"}}
2024/02/23 19:20:29 Sent {"src":"n1","dest":"n4","body":{"message":10,"msg_id":8,"type":"broadcast"}}
2024/02/23 19:20:29 Received {n1 n1 {"message":10,"msg_id":8,"type":"broadcast"}}
2024/02/23 19:20:29 Received {n4 n1 {"message":10,"msg_id":8,"type":"broadcast"}}
2024/02/23 19:20:29 Received {n0 n1 {"message":11,"msg_id":9,"type":"broadcast"}}
2024/02/23 19:20:29 Sent {"src":"n1","dest":"n1","body":{"message":11,"msg_id":9,"type":"broadcast"}}
2024/02/23 19:20:29 Sent {"src":"n1","dest":"n2","body":{"message":11,"msg_id":9,"type":"broadcast"}}
2024/02/23 19:20:29 Sent {"src":"n1","dest":"n0","body":{"in_reply_to":9,"type":"broadcast_ok"}}
2024/02/23 19:20:29 Sent {"src":"n1","dest":"n4","body":{"message":11,"msg_id":9,"type":"broadcast"}}
2024/02/23 19:20:29 Sent {"src":"n1","dest":"n3","body":{"message":11,"msg_id":9,"type":"broadcast"}}
2024/02/23 19:20:29 Sent {"src":"n1","dest":"n0","body":{"message":11,"msg_id":9,"type":"broadcast"}}
2024/02/23 19:20:29 Received {n1 n1 {"message":11,"msg_id":9,"type":"broadcast"}}
2024/02/23 19:20:29 Received {n4 n1 {"message":11,"msg_id":9,"type":"broadcast"}}
2024/02/23 19:20:29 Received {c14 n1 {"type":"read","msg_id":4}}
2024/02/23 19:20:29 Sent {"src":"n1","dest":"c14","body":{"in_reply_to":4,"messages":[11,0,3,4,5,7,8,10],"type":"read_ok"}}
2024/02/23 19:20:29 Received {n0 n1 {"message":12,"msg_id":10,"type":"broadcast"}}
2024/02/23 19:20:29 Sent {"src":"n1","dest":"n0","body":{"in_reply_to":10,"type":"broadcast_ok"}}
2024/02/23 19:20:29 Sent {"src":"n1","dest":"n0","body":{"message":12,"msg_id":10,"type":"broadcast"}}
2024/02/23 19:20:29 Sent {"src":"n1","dest":"n3","body":{"message":12,"msg_id":10,"type":"broadcast"}}
2024/02/23 19:20:29 Sent {"src":"n1","dest":"n1","body":{"message":12,"msg_id":10,"type":"broadcast"}}
2024/02/23 19:20:29 Sent {"src":"n1","dest":"n4","body":{"message":12,"msg_id":10,"type":"broadcast"}}
2024/02/23 19:20:29 Sent {"src":"n1","dest":"n2","body":{"message":12,"msg_id":10,"type":"broadcast"}}
2024/02/23 19:20:29 Received {n1 n1 {"message":12,"msg_id":10,"type":"broadcast"}}
2024/02/23 19:20:29 Received {n4 n1 {"message":12,"msg_id":10,"type":"broadcast"}}
2024/02/23 19:20:29 Received {n0 n1 {"message":13,"msg_id":11,"type":"broadcast"}}
2024/02/23 19:20:29 Sent {"src":"n1","dest":"n0","body":{"in_reply_to":11,"type":"broadcast_ok"}}
2024/02/23 19:20:29 Sent {"src":"n1","dest":"n3","body":{"message":13,"msg_id":11,"type":"broadcast"}}
2024/02/23 19:20:29 Sent {"src":"n1","dest":"n0","body":{"message":13,"msg_id":11,"type":"broadcast"}}
2024/02/23 19:20:29 Sent {"src":"n1","dest":"n1","body":{"message":13,"msg_id":11,"type":"broadcast"}}
2024/02/23 19:20:29 Sent {"src":"n1","dest":"n2","body":{"message":13,"msg_id":11,"type":"broadcast"}}
2024/02/23 19:20:29 Sent {"src":"n1","dest":"n4","body":{"message":13,"msg_id":11,"type":"broadcast"}}
2024/02/23 19:20:29 Received {n1 n1 {"message":13,"msg_id":11,"type":"broadcast"}}
2024/02/23 19:20:29 Received {n4 n1 {"message":13,"msg_id":11,"type":"broadcast"}}
2024/02/23 19:20:29 Received {c14 n1 {"type":"broadcast","message":14,"msg_id":5}}
2024/02/23 19:20:29 Sent {"src":"n1","dest":"c14","body":{"in_reply_to":5,"type":"broadcast_ok"}}
2024/02/23 19:20:29 Sent {"src":"n1","dest":"n4","body":{"message":14,"msg_id":5,"type":"broadcast"}}
2024/02/23 19:20:29 Sent {"src":"n1","dest":"n2","body":{"message":14,"msg_id":5,"type":"broadcast"}}
2024/02/23 19:20:29 Sent {"src":"n1","dest":"n0","body":{"message":14,"msg_id":5,"type":"broadcast"}}
2024/02/23 19:20:29 Sent {"src":"n1","dest":"n3","body":{"message":14,"msg_id":5,"type":"broadcast"}}
2024/02/23 19:20:29 Sent {"src":"n1","dest":"n1","body":{"message":14,"msg_id":5,"type":"broadcast"}}
2024/02/23 19:20:29 Received {n4 n1 {"message":14,"msg_id":5,"type":"broadcast"}}
2024/02/23 19:20:29 Received {n1 n1 {"message":14,"msg_id":5,"type":"broadcast"}}
2024/02/23 19:20:29 Received {n0 n1 {"in_reply_to":5,"type":"broadcast_ok"}}
2024/02/23 19:20:29 Ignoring reply to 5 with no callback
2024/02/23 19:20:29 Received {n4 n1 {"in_reply_to":5,"type":"broadcast_ok"}}
2024/02/23 19:20:29 Ignoring reply to 5 with no callback
2024/02/23 19:20:29 Received {n0 n1 {"message":14,"msg_id":5,"type":"broadcast"}}
2024/02/23 19:20:30 Received {c14 n1 {"type":"broadcast","message":16,"msg_id":6}}
2024/02/23 19:20:30 Sent {"src":"n1","dest":"c14","body":{"in_reply_to":6,"type":"broadcast_ok"}}
2024/02/23 19:20:30 Sent {"src":"n1","dest":"n0","body":{"message":16,"msg_id":6,"type":"broadcast"}}
2024/02/23 19:20:30 Sent {"src":"n1","dest":"n2","body":{"message":16,"msg_id":6,"type":"broadcast"}}
2024/02/23 19:20:30 Sent {"src":"n1","dest":"n1","body":{"message":16,"msg_id":6,"type":"broadcast"}}
2024/02/23 19:20:30 Sent {"src":"n1","dest":"n3","body":{"message":16,"msg_id":6,"type":"broadcast"}}
2024/02/23 19:20:30 Sent {"src":"n1","dest":"n4","body":{"message":16,"msg_id":6,"type":"broadcast"}}
2024/02/23 19:20:30 Received {n1 n1 {"message":16,"msg_id":6,"type":"broadcast"}}
2024/02/23 19:20:30 Received {n0 n1 {"message":16,"msg_id":6,"type":"broadcast"}}
2024/02/23 19:20:30 Received {n0 n1 {"in_reply_to":6,"type":"broadcast_ok"}}
2024/02/23 19:20:30 Ignoring reply to 6 with no callback
2024/02/23 19:20:30 Received {n4 n1 {"in_reply_to":6,"type":"broadcast_ok"}}
2024/02/23 19:20:30 Ignoring reply to 6 with no callback
2024/02/23 19:20:30 Received {n4 n1 {"message":16,"msg_id":6,"type":"broadcast"}}
2024/02/23 19:20:30 Received {n4 n1 {"message":18,"msg_id":7,"type":"broadcast"}}
2024/02/23 19:20:30 Sent {"src":"n1","dest":"n1","body":{"message":18,"msg_id":7,"type":"broadcast"}}
2024/02/23 19:20:30 Sent {"src":"n1","dest":"n4","body":{"in_reply_to":7,"type":"broadcast_ok"}}
2024/02/23 19:20:30 Sent {"src":"n1","dest":"n0","body":{"message":18,"msg_id":7,"type":"broadcast"}}
2024/02/23 19:20:30 Sent {"src":"n1","dest":"n4","body":{"message":18,"msg_id":7,"type":"broadcast"}}
2024/02/23 19:20:30 Sent {"src":"n1","dest":"n2","body":{"message":18,"msg_id":7,"type":"broadcast"}}
2024/02/23 19:20:30 Sent {"src":"n1","dest":"n3","body":{"message":18,"msg_id":7,"type":"broadcast"}}
2024/02/23 19:20:30 Received {n1 n1 {"message":18,"msg_id":7,"type":"broadcast"}}
2024/02/23 19:20:30 Received {n0 n1 {"message":18,"msg_id":7,"type":"broadcast"}}
2024/02/23 19:20:31 Received {n0 n1 {"message":19,"msg_id":15,"type":"broadcast"}}
2024/02/23 19:20:31 Sent {"src":"n1","dest":"n0","body":{"in_reply_to":15,"type":"broadcast_ok"}}
2024/02/23 19:20:31 Sent {"src":"n1","dest":"n0","body":{"message":19,"msg_id":15,"type":"broadcast"}}
2024/02/23 19:20:31 Sent {"src":"n1","dest":"n3","body":{"message":19,"msg_id":15,"type":"broadcast"}}
2024/02/23 19:20:31 Sent {"src":"n1","dest":"n1","body":{"message":19,"msg_id":15,"type":"broadcast"}}
2024/02/23 19:20:31 Sent {"src":"n1","dest":"n4","body":{"message":19,"msg_id":15,"type":"broadcast"}}
2024/02/23 19:20:31 Sent {"src":"n1","dest":"n2","body":{"message":19,"msg_id":15,"type":"broadcast"}}
2024/02/23 19:20:31 Received {n1 n1 {"message":19,"msg_id":15,"type":"broadcast"}}
2024/02/23 19:20:31 Received {n4 n1 {"message":19,"msg_id":15,"type":"broadcast"}}
2024/02/23 19:20:31 Received {c14 n1 {"type":"read","msg_id":7}}
2024/02/23 19:20:31 Sent {"src":"n1","dest":"c14","body":{"in_reply_to":7,"messages":[13,19,3,7,8,10,0,5,18,4,11,12,14,16],"type":"read_ok"}}
2024/02/23 19:20:31 Received {n0 n1 {"message":20,"msg_id":17,"type":"broadcast"}}
2024/02/23 19:20:31 Sent {"src":"n1","dest":"n0","body":{"in_reply_to":17,"type":"broadcast_ok"}}
2024/02/23 19:20:31 Sent {"src":"n1","dest":"n1","body":{"message":20,"msg_id":17,"type":"broadcast"}}
2024/02/23 19:20:31 Sent {"src":"n1","dest":"n2","body":{"message":20,"msg_id":17,"type":"broadcast"}}
2024/02/23 19:20:31 Sent {"src":"n1","dest":"n4","body":{"message":20,"msg_id":17,"type":"broadcast"}}
2024/02/23 19:20:31 Sent {"src":"n1","dest":"n0","body":{"message":20,"msg_id":17,"type":"broadcast"}}
2024/02/23 19:20:31 Sent {"src":"n1","dest":"n3","body":{"message":20,"msg_id":17,"type":"broadcast"}}
2024/02/23 19:20:31 Received {n1 n1 {"message":20,"msg_id":17,"type":"broadcast"}}
2024/02/23 19:20:31 Received {n4 n1 {"message":20,"msg_id":17,"type":"broadcast"}}
2024/02/23 19:20:31 Received {c14 n1 {"type":"read","msg_id":8}}
2024/02/23 19:20:31 Sent {"src":"n1","dest":"c14","body":{"in_reply_to":8,"messages":[13,19,3,7,8,10,20,0,5,4,11,12,14,16,18],"type":"read_ok"}}
2024/02/23 19:20:32 Received {n4 n1 {"message":23,"msg_id":9,"type":"broadcast"}}
2024/02/23 19:20:32 Sent {"src":"n1","dest":"n4","body":{"in_reply_to":9,"type":"broadcast_ok"}}
2024/02/23 19:20:32 Sent {"src":"n1","dest":"n4","body":{"message":23,"msg_id":9,"type":"broadcast"}}
2024/02/23 19:20:32 Sent {"src":"n1","dest":"n0","body":{"message":23,"msg_id":9,"type":"broadcast"}}
2024/02/23 19:20:32 Sent {"src":"n1","dest":"n2","body":{"message":23,"msg_id":9,"type":"broadcast"}}
2024/02/23 19:20:32 Sent {"src":"n1","dest":"n1","body":{"message":23,"msg_id":9,"type":"broadcast"}}
2024/02/23 19:20:32 Sent {"src":"n1","dest":"n3","body":{"message":23,"msg_id":9,"type":"broadcast"}}
2024/02/23 19:20:32 Received {n0 n1 {"message":23,"msg_id":9,"type":"broadcast"}}
2024/02/23 19:20:32 Received {n1 n1 {"message":23,"msg_id":9,"type":"broadcast"}}
2024/02/23 19:20:32 Received {c14 n1 {"type":"read","msg_id":9}}
2024/02/23 19:20:32 Sent {"src":"n1","dest":"c14","body":{"in_reply_to":9,"messages":[3,7,8,10,20,0,5,23,4,11,12,14,16,18,13,19],"type":"read_ok"}}
2024/02/23 19:20:32 Received {n0 n1 {"message":26,"msg_id":20,"type":"broadcast"}}
2024/02/23 19:20:32 Sent {"src":"n1","dest":"n1","body":{"message":26,"msg_id":20,"type":"broadcast"}}
2024/02/23 19:20:32 Sent {"src":"n1","dest":"n0","body":{"in_reply_to":20,"type":"broadcast_ok"}}
2024/02/23 19:20:32 Sent {"src":"n1","dest":"n4","body":{"message":26,"msg_id":20,"type":"broadcast"}}
2024/02/23 19:20:32 Sent {"src":"n1","dest":"n0","body":{"message":26,"msg_id":20,"type":"broadcast"}}
2024/02/23 19:20:32 Sent {"src":"n1","dest":"n2","body":{"message":26,"msg_id":20,"type":"broadcast"}}
2024/02/23 19:20:32 Sent {"src":"n1","dest":"n3","body":{"message":26,"msg_id":20,"type":"broadcast"}}
2024/02/23 19:20:32 Received {n1 n1 {"message":26,"msg_id":20,"type":"broadcast"}}
2024/02/23 19:20:32 Received {n4 n1 {"message":26,"msg_id":20,"type":"broadcast"}}
2024/02/23 19:20:32 Received {n0 n1 {"message":27,"msg_id":21,"type":"broadcast"}}
2024/02/23 19:20:32 Sent {"src":"n1","dest":"n0","body":{"in_reply_to":21,"type":"broadcast_ok"}}
2024/02/23 19:20:32 Sent {"src":"n1","dest":"n1","body":{"message":27,"msg_id":21,"type":"broadcast"}}
2024/02/23 19:20:32 Sent {"src":"n1","dest":"n2","body":{"message":27,"msg_id":21,"type":"broadcast"}}
2024/02/23 19:20:32 Sent {"src":"n1","dest":"n0","body":{"message":27,"msg_id":21,"type":"broadcast"}}
2024/02/23 19:20:32 Sent {"src":"n1","dest":"n4","body":{"message":27,"msg_id":21,"type":"broadcast"}}
2024/02/23 19:20:32 Sent {"src":"n1","dest":"n3","body":{"message":27,"msg_id":21,"type":"broadcast"}}
2024/02/23 19:20:32 Received {n1 n1 {"message":27,"msg_id":21,"type":"broadcast"}}
2024/02/23 19:20:32 Received {n4 n1 {"message":27,"msg_id":21,"type":"broadcast"}}
2024/02/23 19:20:32 Received {c14 n1 {"type":"read","msg_id":10}}
2024/02/23 19:20:32 Sent {"src":"n1","dest":"c14","body":{"in_reply_to":10,"messages":[4,11,12,14,16,18,27,13,19,26,3,7,8,10,20,0,5,23],"type":"read_ok"}}
2024/02/23 19:20:33 Received {c14 n1 {"type":"read","msg_id":11}}
2024/02/23 19:20:33 Sent {"src":"n1","dest":"c14","body":{"in_reply_to":11,"messages":[3,7,8,10,20,0,5,23,4,11,12,14,16,18,27,13,19,26],"type":"read_ok"}}
2024/02/23 19:20:34 Received {c14 n1 {"type":"read","msg_id":12}}
2024/02/23 19:20:34 Sent {"src":"n1","dest":"c14","body":{"in_reply_to":12,"messages":[23,0,5,12,14,16,18,27,4,11,26,13,19,8,10,20,3,7],"type":"read_ok"}}
2024/02/23 19:20:34 Received {n0 n1 {"message":30,"msg_id":25,"type":"broadcast"}}
2024/02/23 19:20:34 Sent {"src":"n1","dest":"n1","body":{"message":30,"msg_id":25,"type":"broadcast"}}
2024/02/23 19:20:34 Sent {"src":"n1","dest":"n3","body":{"message":30,"msg_id":25,"type":"broadcast"}}
2024/02/23 19:20:34 Sent {"src":"n1","dest":"n0","body":{"message":30,"msg_id":25,"type":"broadcast"}}
2024/02/23 19:20:34 Sent {"src":"n1","dest":"n2","body":{"message":30,"msg_id":25,"type":"broadcast"}}
2024/02/23 19:20:34 Sent {"src":"n1","dest":"n4","body":{"message":30,"msg_id":25,"type":"broadcast"}}
2024/02/23 19:20:34 Sent {"src":"n1","dest":"n0","body":{"in_reply_to":25,"type":"broadcast_ok"}}
2024/02/23 19:20:34 Received {n1 n1 {"message":30,"msg_id":25,"type":"broadcast"}}
2024/02/23 19:20:34 Received {n4 n1 {"message":30,"msg_id":25,"type":"broadcast"}}
2024/02/23 19:20:34 Received {n2 n1 {"message":30,"msg_id":25,"type":"broadcast"}}
2024/02/23 19:20:34 Received {n3 n1 {"message":30,"msg_id":25,"type":"broadcast"}}
2024/02/23 19:20:34 Received {n4 n1 {"message":31,"msg_id":12,"type":"broadcast"}}
2024/02/23 19:20:34 Sent {"src":"n1","dest":"n4","body":{"in_reply_to":12,"type":"broadcast_ok"}}
2024/02/23 19:20:34 Sent {"src":"n1","dest":"n4","body":{"message":31,"msg_id":12,"type":"broadcast"}}
2024/02/23 19:20:34 Sent {"src":"n1","dest":"n2","body":{"message":31,"msg_id":12,"type":"broadcast"}}
2024/02/23 19:20:34 Sent {"src":"n1","dest":"n0","body":{"message":31,"msg_id":12,"type":"broadcast"}}
2024/02/23 19:20:34 Sent {"src":"n1","dest":"n3","body":{"message":31,"msg_id":12,"type":"broadcast"}}
2024/02/23 19:20:34 Sent {"src":"n1","dest":"n1","body":{"message":31,"msg_id":12,"type":"broadcast"}}
2024/02/23 19:20:34 Received {n1 n1 {"message":31,"msg_id":12,"type":"broadcast"}}
2024/02/23 19:20:34 Received {n0 n1 {"message":31,"msg_id":12,"type":"broadcast"}}
2024/02/23 19:20:34 Received {n2 n1 {"message":31,"msg_id":12,"type":"broadcast"}}
2024/02/23 19:20:34 Received {n3 n1 {"message":31,"msg_id":12,"type":"broadcast"}}
2024/02/23 19:20:34 Received {n0 n1 {"message":32,"msg_id":27,"type":"broadcast"}}
2024/02/23 19:20:34 Sent {"src":"n1","dest":"n0","body":{"in_reply_to":27,"type":"broadcast_ok"}}
2024/02/23 19:20:34 Sent {"src":"n1","dest":"n1","body":{"message":32,"msg_id":27,"type":"broadcast"}}
2024/02/23 19:20:34 Sent {"src":"n1","dest":"n2","body":{"message":32,"msg_id":27,"type":"broadcast"}}
2024/02/23 19:20:34 Sent {"src":"n1","dest":"n4","body":{"message":32,"msg_id":27,"type":"broadcast"}}
2024/02/23 19:20:34 Sent {"src":"n1","dest":"n0","body":{"message":32,"msg_id":27,"type":"broadcast"}}
2024/02/23 19:20:34 Sent {"src":"n1","dest":"n3","body":{"message":32,"msg_id":27,"type":"broadcast"}}
2024/02/23 19:20:34 Received {n1 n1 {"message":32,"msg_id":27,"type":"broadcast"}}
2024/02/23 19:20:34 Received {n4 n1 {"message":32,"msg_id":27,"type":"broadcast"}}
2024/02/23 19:20:34 Received {n2 n1 {"message":32,"msg_id":27,"type":"broadcast"}}
2024/02/23 19:20:34 Received {n3 n1 {"message":32,"msg_id":27,"type":"broadcast"}}
2024/02/23 19:20:34 Received {c14 n1 {"type":"broadcast","message":33,"msg_id":13}}
2024/02/23 19:20:34 Sent {"src":"n1","dest":"c14","body":{"in_reply_to":13,"type":"broadcast_ok"}}
2024/02/23 19:20:34 Sent {"src":"n1","dest":"n4","body":{"message":33,"msg_id":13,"type":"broadcast"}}
2024/02/23 19:20:34 Sent {"src":"n1","dest":"n1","body":{"message":33,"msg_id":13,"type":"broadcast"}}
2024/02/23 19:20:34 Sent {"src":"n1","dest":"n3","body":{"message":33,"msg_id":13,"type":"broadcast"}}
2024/02/23 19:20:34 Sent {"src":"n1","dest":"n0","body":{"message":33,"msg_id":13,"type":"broadcast"}}
2024/02/23 19:20:34 Sent {"src":"n1","dest":"n2","body":{"message":33,"msg_id":13,"type":"broadcast"}}
2024/02/23 19:20:34 Received {n1 n1 {"message":33,"msg_id":13,"type":"broadcast"}}
2024/02/23 19:20:34 Received {n4 n1 {"in_reply_to":13,"type":"broadcast_ok"}}
2024/02/23 19:20:34 Ignoring reply to 13 with no callback
2024/02/23 19:20:34 Received {n3 n1 {"in_reply_to":13,"type":"broadcast_ok"}}
2024/02/23 19:20:34 Ignoring reply to 13 with no callback
2024/02/23 19:20:34 Received {n0 n1 {"in_reply_to":13,"type":"broadcast_ok"}}
2024/02/23 19:20:34 Ignoring reply to 13 with no callback
2024/02/23 19:20:34 Received {n3 n1 {"message":33,"msg_id":13,"type":"broadcast"}}
2024/02/23 19:20:34 Received {n0 n1 {"message":33,"msg_id":13,"type":"broadcast"}}
2024/02/23 19:20:34 Received {n4 n1 {"message":33,"msg_id":13,"type":"broadcast"}}
2024/02/23 19:20:34 Received {n2 n1 {"message":33,"msg_id":13,"type":"broadcast"}}
2024/02/23 19:20:34 Received {n2 n1 {"in_reply_to":13,"type":"broadcast_ok"}}
2024/02/23 19:20:34 Ignoring reply to 13 with no callback
2024/02/23 19:20:35 Received {n0 n1 {"message":34,"msg_id":28,"type":"broadcast"}}
2024/02/23 19:20:35 Sent {"src":"n1","dest":"n0","body":{"in_reply_to":28,"type":"broadcast_ok"}}
2024/02/23 19:20:35 Sent {"src":"n1","dest":"n2","body":{"message":34,"msg_id":28,"type":"broadcast"}}
2024/02/23 19:20:35 Sent {"src":"n1","dest":"n1","body":{"message":34,"msg_id":28,"type":"broadcast"}}
2024/02/23 19:20:35 Sent {"src":"n1","dest":"n0","body":{"message":34,"msg_id":28,"type":"broadcast"}}
2024/02/23 19:20:35 Sent {"src":"n1","dest":"n4","body":{"message":34,"msg_id":28,"type":"broadcast"}}
2024/02/23 19:20:35 Sent {"src":"n1","dest":"n3","body":{"message":34,"msg_id":28,"type":"broadcast"}}
2024/02/23 19:20:35 Received {n1 n1 {"message":34,"msg_id":28,"type":"broadcast"}}
2024/02/23 19:20:35 Received {n3 n1 {"message":34,"msg_id":28,"type":"broadcast"}}
2024/02/23 19:20:35 Received {n4 n1 {"message":34,"msg_id":28,"type":"broadcast"}}
2024/02/23 19:20:35 Received {n2 n1 {"message":34,"msg_id":28,"type":"broadcast"}}
2024/02/23 19:20:35 Received {c14 n1 {"type":"read","msg_id":14}}
2024/02/23 19:20:35 Sent {"src":"n1","dest":"c14","body":{"in_reply_to":14,"messages":[14,16,18,27,31,4,11,12,32,30,34,13,19,26,10,20,33,3,7,8,0,5,23],"type":"read_ok"}}
2024/02/23 19:20:35 Received {n2 n1 {"message":35,"msg_id":15,"type":"broadcast"}}
2024/02/23 19:20:35 Sent {"src":"n1","dest":"n2","body":{"in_reply_to":15,"type":"broadcast_ok"}}
2024/02/23 19:20:35 Sent {"src":"n1","dest":"n4","body":{"message":35,"msg_id":15,"type":"broadcast"}}
2024/02/23 19:20:35 Sent {"src":"n1","dest":"n0","body":{"message":35,"msg_id":15,"type":"broadcast"}}
2024/02/23 19:20:35 Sent {"src":"n1","dest":"n1","body":{"message":35,"msg_id":15,"type":"broadcast"}}
2024/02/23 19:20:35 Sent {"src":"n1","dest":"n3","body":{"message":35,"msg_id":15,"type":"broadcast"}}
2024/02/23 19:20:35 Sent {"src":"n1","dest":"n2","body":{"message":35,"msg_id":15,"type":"broadcast"}}
2024/02/23 19:20:35 Received {n4 n1 {"message":35,"msg_id":15,"type":"broadcast"}}
2024/02/23 19:20:35 Received {n3 n1 {"message":35,"msg_id":15,"type":"broadcast"}}
2024/02/23 19:20:35 Received {n1 n1 {"message":35,"msg_id":15,"type":"broadcast"}}
2024/02/23 19:20:35 Received {n0 n1 {"message":35,"msg_id":15,"type":"broadcast"}}
2024/02/23 19:20:35 Received {n3 n1 {"message":36,"msg_id":15,"type":"broadcast"}}
2024/02/23 19:20:35 Sent {"src":"n1","dest":"n1","body":{"message":36,"msg_id":15,"type":"broadcast"}}
2024/02/23 19:20:35 Sent {"src":"n1","dest":"n2","body":{"message":36,"msg_id":15,"type":"broadcast"}}
2024/02/23 19:20:35 Sent {"src":"n1","dest":"n3","body":{"in_reply_to":15,"type":"broadcast_ok"}}
2024/02/23 19:20:35 Sent {"src":"n1","dest":"n0","body":{"message":36,"msg_id":15,"type":"broadcast"}}
2024/02/23 19:20:35 Sent {"src":"n1","dest":"n3","body":{"message":36,"msg_id":15,"type":"broadcast"}}
2024/02/23 19:20:35 Sent {"src":"n1","dest":"n4","body":{"message":36,"msg_id":15,"type":"broadcast"}}
2024/02/23 19:20:35 Received {n1 n1 {"message":36,"msg_id":15,"type":"broadcast"}}
2024/02/23 19:20:35 Received {n2 n1 {"message":36,"msg_id":15,"type":"broadcast"}}
2024/02/23 19:20:35 Received {n0 n1 {"message":36,"msg_id":15,"type":"broadcast"}}
2024/02/23 19:20:35 Received {n4 n1 {"message":36,"msg_id":15,"type":"broadcast"}}
2024/02/23 19:20:35 Received {n4 n1 {"message":37,"msg_id":14,"type":"broadcast"}}
2024/02/23 19:20:35 Sent {"src":"n1","dest":"n4","body":{"in_reply_to":14,"type":"broadcast_ok"}}
2024/02/23 19:20:35 Sent {"src":"n1","dest":"n1","body":{"message":37,"msg_id":14,"type":"broadcast"}}
2024/02/23 19:20:35 Sent {"src":"n1","dest":"n4","body":{"message":37,"msg_id":14,"type":"broadcast"}}
2024/02/23 19:20:35 Sent {"src":"n1","dest":"n0","body":{"message":37,"msg_id":14,"type":"broadcast"}}
2024/02/23 19:20:35 Sent {"src":"n1","dest":"n3","body":{"message":37,"msg_id":14,"type":"broadcast"}}
2024/02/23 19:20:35 Sent {"src":"n1","dest":"n2","body":{"message":37,"msg_id":14,"type":"broadcast"}}
2024/02/23 19:20:35 Received {n0 n1 {"message":37,"msg_id":14,"type":"broadcast"}}
2024/02/23 19:20:35 Received {n1 n1 {"message":37,"msg_id":14,"type":"broadcast"}}
2024/02/23 19:20:35 Received {n3 n1 {"message":37,"msg_id":14,"type":"broadcast"}}
2024/02/23 19:20:35 Received {n2 n1 {"message":37,"msg_id":14,"type":"broadcast"}}
2024/02/23 19:20:35 Received {n0 n1 {"message":38,"msg_id":30,"type":"broadcast"}}
2024/02/23 19:20:35 Sent {"src":"n1","dest":"n1","body":{"message":38,"msg_id":30,"type":"broadcast"}}
2024/02/23 19:20:35 Sent {"src":"n1","dest":"n2","body":{"message":38,"msg_id":30,"type":"broadcast"}}
2024/02/23 19:20:35 Sent {"src":"n1","dest":"n0","body":{"in_reply_to":30,"type":"broadcast_ok"}}
2024/02/23 19:20:35 Sent {"src":"n1","dest":"n3","body":{"message":38,"msg_id":30,"type":"broadcast"}}
2024/02/23 19:20:35 Sent {"src":"n1","dest":"n4","body":{"message":38,"msg_id":30,"type":"broadcast"}}
2024/02/23 19:20:35 Sent {"src":"n1","dest":"n0","body":{"message":38,"msg_id":30,"type":"broadcast"}}
2024/02/23 19:20:35 Received {n3 n1 {"message":38,"msg_id":30,"type":"broadcast"}}
2024/02/23 19:20:35 Received {n1 n1 {"message":38,"msg_id":30,"type":"broadcast"}}
2024/02/23 19:20:35 Received {n4 n1 {"message":38,"msg_id":30,"type":"broadcast"}}
2024/02/23 19:20:35 Received {n2 n1 {"message":38,"msg_id":30,"type":"broadcast"}}
2024/02/23 19:20:35 Received {n0 n1 {"message":39,"msg_id":31,"type":"broadcast"}}
2024/02/23 19:20:35 Sent {"src":"n1","dest":"n0","body":{"in_reply_to":31,"type":"broadcast_ok"}}
2024/02/23 19:20:35 Sent {"src":"n1","dest":"n4","body":{"message":39,"msg_id":31,"type":"broadcast"}}
2024/02/23 19:20:35 Sent {"src":"n1","dest":"n0","body":{"message":39,"msg_id":31,"type":"broadcast"}}
2024/02/23 19:20:35 Sent {"src":"n1","dest":"n1","body":{"message":39,"msg_id":31,"type":"broadcast"}}
2024/02/23 19:20:35 Sent {"src":"n1","dest":"n3","body":{"message":39,"msg_id":31,"type":"broadcast"}}
2024/02/23 19:20:35 Sent {"src":"n1","dest":"n2","body":{"message":39,"msg_id":31,"type":"broadcast"}}
2024/02/23 19:20:35 Received {n4 n1 {"message":39,"msg_id":31,"type":"broadcast"}}
2024/02/23 19:20:35 Received {n1 n1 {"message":39,"msg_id":31,"type":"broadcast"}}
2024/02/23 19:20:35 Received {n3 n1 {"message":39,"msg_id":31,"type":"broadcast"}}
2024/02/23 19:20:35 Received {n2 n1 {"message":39,"msg_id":31,"type":"broadcast"}}
2024/02/23 19:20:35 Received {c14 n1 {"type":"read","msg_id":15}}
2024/02/23 19:20:35 Sent {"src":"n1","dest":"c14","body":{"in_reply_to":15,"messages":[0,23,4,14,18,38,13,30,34,35,37,3,8,10,20,33,5,32,39,11,12,16,27,31,19,26,7,36],"type":"read_ok"}}
2024/02/23 19:20:36 Received {n3 n1 {"message":40,"msg_id":16,"type":"broadcast"}}
2024/02/23 19:20:36 Sent {"src":"n1","dest":"n3","body":{"in_reply_to":16,"type":"broadcast_ok"}}
2024/02/23 19:20:36 Sent {"src":"n1","dest":"n4","body":{"message":40,"msg_id":16,"type":"broadcast"}}
2024/02/23 19:20:36 Sent {"src":"n1","dest":"n1","body":{"message":40,"msg_id":16,"type":"broadcast"}}
2024/02/23 19:20:36 Sent {"src":"n1","dest":"n0","body":{"message":40,"msg_id":16,"type":"broadcast"}}
2024/02/23 19:20:36 Sent {"src":"n1","dest":"n3","body":{"message":40,"msg_id":16,"type":"broadcast"}}
2024/02/23 19:20:36 Sent {"src":"n1","dest":"n2","body":{"message":40,"msg_id":16,"type":"broadcast"}}
2024/02/23 19:20:36 Received {n1 n1 {"message":40,"msg_id":16,"type":"broadcast"}}
2024/02/23 19:20:36 Received {n0 n1 {"message":40,"msg_id":16,"type":"broadcast"}}
2024/02/23 19:20:36 Received {n4 n1 {"message":40,"msg_id":16,"type":"broadcast"}}
2024/02/23 19:20:36 Received {n2 n1 {"message":40,"msg_id":16,"type":"broadcast"}}
2024/02/23 19:20:36 Received {n4 n1 {"message":41,"msg_id":15,"type":"broadcast"}}
2024/02/23 19:20:36 Sent {"src":"n1","dest":"n4","body":{"in_reply_to":15,"type":"broadcast_ok"}}
2024/02/23 19:20:36 Sent {"src":"n1","dest":"n0","body":{"message":41,"msg_id":15,"type":"broadcast"}}
2024/02/23 19:20:36 Sent {"src":"n1","dest":"n2","body":{"message":41,"msg_id":15,"type":"broadcast"}}
2024/02/23 19:20:36 Sent {"src":"n1","dest":"n1","body":{"message":41,"msg_id":15,"type":"broadcast"}}
2024/02/23 19:20:36 Sent {"src":"n1","dest":"n3","body":{"message":41,"msg_id":15,"type":"broadcast"}}
2024/02/23 19:20:36 Sent {"src":"n1","dest":"n4","body":{"message":41,"msg_id":15,"type":"broadcast"}}
2024/02/23 19:20:36 Received {n0 n1 {"message":41,"msg_id":15,"type":"broadcast"}}
2024/02/23 19:20:36 Received {n1 n1 {"message":41,"msg_id":15,"type":"broadcast"}}
2024/02/23 19:20:36 Received {n3 n1 {"message":41,"msg_id":15,"type":"broadcast"}}
2024/02/23 19:20:36 Received {n2 n1 {"message":41,"msg_id":15,"type":"broadcast"}}
2024/02/23 19:20:36 Received {n0 n1 {"message":42,"msg_id":32,"type":"broadcast"}}
2024/02/23 19:20:36 Sent {"src":"n1","dest":"n0","body":{"in_reply_to":32,"type":"broadcast_ok"}}
2024/02/23 19:20:36 Sent {"src":"n1","dest":"n4","body":{"message":42,"msg_id":32,"type":"broadcast"}}
2024/02/23 19:20:36 Sent {"src":"n1","dest":"n0","body":{"message":42,"msg_id":32,"type":"broadcast"}}
2024/02/23 19:20:36 Sent {"src":"n1","dest":"n1","body":{"message":42,"msg_id":32,"type":"broadcast"}}
2024/02/23 19:20:36 Sent {"src":"n1","dest":"n2","body":{"message":42,"msg_id":32,"type":"broadcast"}}
2024/02/23 19:20:36 Sent {"src":"n1","dest":"n3","body":{"message":42,"msg_id":32,"type":"broadcast"}}
2024/02/23 19:20:36 Received {n1 n1 {"message":42,"msg_id":32,"type":"broadcast"}}
2024/02/23 19:20:36 Received {n4 n1 {"message":42,"msg_id":32,"type":"broadcast"}}
2024/02/23 19:20:36 Received {n2 n1 {"message":42,"msg_id":32,"type":"broadcast"}}
2024/02/23 19:20:36 Received {n3 n1 {"message":42,"msg_id":32,"type":"broadcast"}}
2024/02/23 19:20:36 Received {c14 n1 {"type":"read","msg_id":16}}
2024/02/23 19:20:36 Sent {"src":"n1","dest":"c14","body":{"in_reply_to":16,"messages":[4,14,18,13,30,34,35,37,38,3,8,10,20,33,5,40,41,39,11,12,16,27,31,32,19,26,42,7,36,0,23],"type":"read_ok"}}
2024/02/23 19:20:36 Received {n3 n1 {"message":43,"msg_id":17,"type":"broadcast"}}
2024/02/23 19:20:36 Sent {"src":"n1","dest":"n3","body":{"in_reply_to":17,"type":"broadcast_ok"}}
2024/02/23 19:20:36 Sent {"src":"n1","dest":"n4","body":{"message":43,"msg_id":17,"type":"broadcast"}}
2024/02/23 19:20:36 Sent {"src":"n1","dest":"n2","body":{"message":43,"msg_id":17,"type":"broadcast"}}
2024/02/23 19:20:36 Sent {"src":"n1","dest":"n1","body":{"message":43,"msg_id":17,"type":"broadcast"}}
2024/02/23 19:20:36 Sent {"src":"n1","dest":"n0","body":{"message":43,"msg_id":17,"type":"broadcast"}}
2024/02/23 19:20:36 Sent {"src":"n1","dest":"n3","body":{"message":43,"msg_id":17,"type":"broadcast"}}
2024/02/23 19:20:36 Received {n1 n1 {"message":43,"msg_id":17,"type":"broadcast"}}
2024/02/23 19:20:36 Received {n4 n1 {"message":43,"msg_id":17,"type":"broadcast"}}
2024/02/23 19:20:36 Received {n2 n1 {"message":43,"msg_id":17,"type":"broadcast"}}
2024/02/23 19:20:36 Received {n0 n1 {"message":43,"msg_id":17,"type":"broadcast"}}
2024/02/23 19:20:37 Received {n0 n1 {"message":44,"msg_id":34,"type":"broadcast"}}
2024/02/23 19:20:37 Sent {"src":"n1","dest":"n1","body":{"message":44,"msg_id":34,"type":"broadcast"}}
2024/02/23 19:20:37 Sent {"src":"n1","dest":"n3","body":{"message":44,"msg_id":34,"type":"broadcast"}}
2024/02/23 19:20:37 Sent {"src":"n1","dest":"n0","body":{"message":44,"msg_id":34,"type":"broadcast"}}
2024/02/23 19:20:37 Sent {"src":"n1","dest":"n0","body":{"in_reply_to":34,"type":"broadcast_ok"}}
2024/02/23 19:20:37 Sent {"src":"n1","dest":"n4","body":{"message":44,"msg_id":34,"type":"broadcast"}}
2024/02/23 19:20:37 Sent {"src":"n1","dest":"n2","body":{"message":44,"msg_id":34,"type":"broadcast"}}
2024/02/23 19:20:37 Received {n1 n1 {"message":44,"msg_id":34,"type":"broadcast"}}
2024/02/23 19:20:37 Received {n2 n1 {"message":44,"msg_id":34,"type":"broadcast"}}
2024/02/23 19:20:37 Received {n4 n1 {"message":44,"msg_id":34,"type":"broadcast"}}
2024/02/23 19:20:37 Received {n3 n1 {"message":44,"msg_id":34,"type":"broadcast"}}
2024/02/23 19:20:37 Received {n0 n1 {"message":45,"msg_id":35,"type":"broadcast"}}
2024/02/23 19:20:37 Sent {"src":"n1","dest":"n0","body":{"in_reply_to":35,"type":"broadcast_ok"}}
2024/02/23 19:20:37 Sent {"src":"n1","dest":"n4","body":{"message":45,"msg_id":35,"type":"broadcast"}}
2024/02/23 19:20:37 Sent {"src":"n1","dest":"n0","body":{"message":45,"msg_id":35,"type":"broadcast"}}
2024/02/23 19:20:37 Sent {"src":"n1","dest":"n1","body":{"message":45,"msg_id":35,"type":"broadcast"}}
2024/02/23 19:20:37 Sent {"src":"n1","dest":"n2","body":{"message":45,"msg_id":35,"type":"broadcast"}}
2024/02/23 19:20:37 Sent {"src":"n1","dest":"n3","body":{"message":45,"msg_id":35,"type":"broadcast"}}
2024/02/23 19:20:37 Received {n1 n1 {"message":45,"msg_id":35,"type":"broadcast"}}
2024/02/23 19:20:37 Received {n2 n1 {"message":45,"msg_id":35,"type":"broadcast"}}
2024/02/23 19:20:37 Received {n4 n1 {"message":45,"msg_id":35,"type":"broadcast"}}
2024/02/23 19:20:37 Received {n3 n1 {"message":45,"msg_id":35,"type":"broadcast"}}
2024/02/23 19:20:37 Received {c14 n1 {"type":"read","msg_id":17}}
2024/02/23 19:20:37 Sent {"src":"n1","dest":"c14","body":{"in_reply_to":17,"messages":[42,19,26,7,36,0,23,18,4,14,34,35,37,38,13,30,10,20,33,43,3,8,41,44,5,40,16,27,31,32,39,45,11,12],"type":"read_ok"}}
2024/02/23 19:20:37 Received {n2 n1 {"message":46,"msg_id":18,"type":"broadcast"}}
2024/02/23 19:20:37 Sent {"src":"n1","dest":"n1","body":{"message":46,"msg_id":18,"type":"broadcast"}}
2024/02/23 19:20:37 Sent {"src":"n1","dest":"n2","body":{"message":46,"msg_id":18,"type":"broadcast"}}
2024/02/23 19:20:37 Sent {"src":"n1","dest":"n3","body":{"message":46,"msg_id":18,"type":"broadcast"}}
2024/02/23 19:20:37 Sent {"src":"n1","dest":"n2","body":{"in_reply_to":18,"type":"broadcast_ok"}}
2024/02/23 19:20:37 Sent {"src":"n1","dest":"n0","body":{"message":46,"msg_id":18,"type":"broadcast"}}
2024/02/23 19:20:37 Sent {"src":"n1","dest":"n4","body":{"message":46,"msg_id":18,"type":"broadcast"}}
2024/02/23 19:20:37 Received {n1 n1 {"message":46,"msg_id":18,"type":"broadcast"}}
2024/02/23 19:20:37 Received {n3 n1 {"message":46,"msg_id":18,"type":"broadcast"}}
2024/02/23 19:20:37 Received {n0 n1 {"message":46,"msg_id":18,"type":"broadcast"}}
2024/02/23 19:20:37 Received {n4 n1 {"message":46,"msg_id":18,"type":"broadcast"}}
2024/02/23 19:20:37 Received {n0 n1 {"message":47,"msg_id":36,"type":"broadcast"}}
2024/02/23 19:20:37 Sent {"src":"n1","dest":"n0","body":{"in_reply_to":36,"type":"broadcast_ok"}}
2024/02/23 19:20:37 Sent {"src":"n1","dest":"n4","body":{"message":47,"msg_id":36,"type":"broadcast"}}
2024/02/23 19:20:37 Sent {"src":"n1","dest":"n1","body":{"message":47,"msg_id":36,"type":"broadcast"}}
2024/02/23 19:20:37 Sent {"src":"n1","dest":"n3","body":{"message":47,"msg_id":36,"type":"broadcast"}}
2024/02/23 19:20:37 Sent {"src":"n1","dest":"n2","body":{"message":47,"msg_id":36,"type":"broadcast"}}
2024/02/23 19:20:37 Sent {"src":"n1","dest":"n0","body":{"message":47,"msg_id":36,"type":"broadcast"}}
2024/02/23 19:20:37 Received {n3 n1 {"message":47,"msg_id":36,"type":"broadcast"}}
2024/02/23 19:20:37 Received {n1 n1 {"message":47,"msg_id":36,"type":"broadcast"}}
2024/02/23 19:20:37 Received {n2 n1 {"message":47,"msg_id":36,"type":"broadcast"}}
2024/02/23 19:20:37 Received {n4 n1 {"message":47,"msg_id":36,"type":"broadcast"}}
2024/02/23 19:20:37 Received {c14 n1 {"type":"read","msg_id":18}}
2024/02/23 19:20:37 Sent {"src":"n1","dest":"c14","body":{"in_reply_to":18,"messages":[34,35,37,38,13,30,10,20,33,43,47,3,8,41,44,5,40,16,27,31,32,39,45,11,12,46,42,19,26,7,36,0,23,18,4,14],"type":"read_ok"}}
2024/02/23 19:20:38 Received {c14 n1 {"type":"read","msg_id":19}}
2024/02/23 19:20:38 Sent {"src":"n1","dest":"c14","body":{"in_reply_to":19,"messages":[5,40,41,44,45,11,12,16,27,31,32,39,46,19,26,42,7,36,0,23,4,14,18,13,30,34,35,37,38,3,8,10,20,33,43,47],"type":"read_ok"}}
2024/02/23 19:20:38 Received {n3 n1 {"message":48,"msg_id":20,"type":"broadcast"}}
2024/02/23 19:20:38 Sent {"src":"n1","dest":"n3","body":{"in_reply_to":20,"type":"broadcast_ok"}}
2024/02/23 19:20:38 Sent {"src":"n1","dest":"n4","body":{"message":48,"msg_id":20,"type":"broadcast"}}
2024/02/23 19:20:38 Sent {"src":"n1","dest":"n1","body":{"message":48,"msg_id":20,"type":"broadcast"}}
2024/02/23 19:20:38 Sent {"src":"n1","dest":"n3","body":{"message":48,"msg_id":20,"type":"broadcast"}}
2024/02/23 19:20:38 Sent {"src":"n1","dest":"n2","body":{"message":48,"msg_id":20,"type":"broadcast"}}
2024/02/23 19:20:38 Sent {"src":"n1","dest":"n0","body":{"message":48,"msg_id":20,"type":"broadcast"}}
2024/02/23 19:20:38 Received {n1 n1 {"message":48,"msg_id":20,"type":"broadcast"}}
2024/02/23 19:20:38 Received {n4 n1 {"message":48,"msg_id":20,"type":"broadcast"}}
2024/02/23 19:20:38 Received {n0 n1 {"message":48,"msg_id":20,"type":"broadcast"}}
2024/02/23 19:20:38 Received {n2 n1 {"message":48,"msg_id":20,"type":"broadcast"}}
2024/02/23 19:20:38 Received {n0 n1 {"message":49,"msg_id":40,"type":"broadcast"}}
2024/02/23 19:20:38 Sent {"src":"n1","dest":"n1","body":{"message":49,"msg_id":40,"type":"broadcast"}}
2024/02/23 19:20:38 Sent {"src":"n1","dest":"n0","body":{"in_reply_to":40,"type":"broadcast_ok"}}
2024/02/23 19:20:38 Sent {"src":"n1","dest":"n2","body":{"message":49,"msg_id":40,"type":"broadcast"}}
2024/02/23 19:20:38 Sent {"src":"n1","dest":"n0","body":{"message":49,"msg_id":40,"type":"broadcast"}}
2024/02/23 19:20:38 Sent {"src":"n1","dest":"n3","body":{"message":49,"msg_id":40,"type":"broadcast"}}
2024/02/23 19:20:38 Sent {"src":"n1","dest":"n4","body":{"message":49,"msg_id":40,"type":"broadcast"}}
2024/02/23 19:20:38 Received {n1 n1 {"message":49,"msg_id":40,"type":"broadcast"}}
2024/02/23 19:20:38 Received {n3 n1 {"message":49,"msg_id":40,"type":"broadcast"}}
2024/02/23 19:20:38 Received {n4 n1 {"message":49,"msg_id":40,"type":"broadcast"}}
2024/02/23 19:20:38 Received {n2 n1 {"message":49,"msg_id":40,"type":"broadcast"}}
2024/02/23 19:20:39 Received {c14 n1 {"type":"broadcast","message":50,"msg_id":20}}
2024/02/23 19:20:39 Sent {"src":"n1","dest":"c14","body":{"in_reply_to":20,"type":"broadcast_ok"}}
2024/02/23 19:20:39 Sent {"src":"n1","dest":"n1","body":{"message":50,"msg_id":20,"type":"broadcast"}}
2024/02/23 19:20:39 Sent {"src":"n1","dest":"n3","body":{"message":50,"msg_id":20,"type":"broadcast"}}
2024/02/23 19:20:39 Sent {"src":"n1","dest":"n0","body":{"message":50,"msg_id":20,"type":"broadcast"}}
2024/02/23 19:20:39 Sent {"src":"n1","dest":"n2","body":{"message":50,"msg_id":20,"type":"broadcast"}}
2024/02/23 19:20:39 Sent {"src":"n1","dest":"n4","body":{"message":50,"msg_id":20,"type":"broadcast"}}
2024/02/23 19:20:39 Received {n1 n1 {"message":50,"msg_id":20,"type":"broadcast"}}
2024/02/23 19:20:39 Received {n3 n1 {"message":50,"msg_id":20,"type":"broadcast"}}
2024/02/23 19:20:39 Received {n0 n1 {"in_reply_to":20,"type":"broadcast_ok"}}
2024/02/23 19:20:39 Ignoring reply to 20 with no callback
2024/02/23 19:20:39 Received {n3 n1 {"in_reply_to":20,"type":"broadcast_ok"}}
2024/02/23 19:20:39 Ignoring reply to 20 with no callback
2024/02/23 19:20:39 Received {n2 n1 {"message":50,"msg_id":20,"type":"broadcast"}}
2024/02/23 19:20:39 Received {n0 n1 {"message":50,"msg_id":20,"type":"broadcast"}}
2024/02/23 19:20:39 Received {n4 n1 {"in_reply_to":20,"type":"broadcast_ok"}}
2024/02/23 19:20:39 Ignoring reply to 20 with no callback
2024/02/23 19:20:39 Received {n2 n1 {"in_reply_to":20,"type":"broadcast_ok"}}
2024/02/23 19:20:39 Ignoring reply to 20 with no callback
2024/02/23 19:20:39 Received {n4 n1 {"message":50,"msg_id":20,"type":"broadcast"}}
2024/02/23 19:20:39 Received {n2 n1 {"message":51,"msg_id":21,"type":"broadcast"}}
2024/02/23 19:20:39 Sent {"src":"n1","dest":"n2","body":{"in_reply_to":21,"type":"broadcast_ok"}}
2024/02/23 19:20:39 Sent {"src":"n1","dest":"n4","body":{"message":51,"msg_id":21,"type":"broadcast"}}
2024/02/23 19:20:39 Sent {"src":"n1","dest":"n2","body":{"message":51,"msg_id":21,"type":"broadcast"}}
2024/02/23 19:20:39 Sent {"src":"n1","dest":"n3","body":{"message":51,"msg_id":21,"type":"broadcast"}}
2024/02/23 19:20:39 Sent {"src":"n1","dest":"n1","body":{"message":51,"msg_id":21,"type":"broadcast"}}
2024/02/23 19:20:39 Sent {"src":"n1","dest":"n0","body":{"message":51,"msg_id":21,"type":"broadcast"}}
2024/02/23 19:20:39 Received {n3 n1 {"message":51,"msg_id":21,"type":"broadcast"}}
2024/02/23 19:20:39 Received {n4 n1 {"message":51,"msg_id":21,"type":"broadcast"}}
2024/02/23 19:20:39 Received {n1 n1 {"message":51,"msg_id":21,"type":"broadcast"}}
2024/02/23 19:20:39 Received {n0 n1 {"message":51,"msg_id":21,"type":"broadcast"}}
2024/02/23 19:20:39 Received {n0 n1 {"message":52,"msg_id":43,"type":"broadcast"}}
2024/02/23 19:20:39 Sent {"src":"n1","dest":"n0","body":{"in_reply_to":43,"type":"broadcast_ok"}}
2024/02/23 19:20:39 Sent {"src":"n1","dest":"n2","body":{"message":52,"msg_id":43,"type":"broadcast"}}
2024/02/23 19:20:39 Sent {"src":"n1","dest":"n0","body":{"message":52,"msg_id":43,"type":"broadcast"}}
2024/02/23 19:20:39 Sent {"src":"n1","dest":"n4","body":{"message":52,"msg_id":43,"type":"broadcast"}}
2024/02/23 19:20:39 Sent {"src":"n1","dest":"n1","body":{"message":52,"msg_id":43,"type":"broadcast"}}
2024/02/23 19:20:39 Sent {"src":"n1","dest":"n3","body":{"message":52,"msg_id":43,"type":"broadcast"}}
2024/02/23 19:20:39 Received {n4 n1 {"message":52,"msg_id":43,"type":"broadcast"}}
2024/02/23 19:20:39 Received {n3 n1 {"message":52,"msg_id":43,"type":"broadcast"}}
2024/02/23 19:20:39 Received {n2 n1 {"message":52,"msg_id":43,"type":"broadcast"}}
2024/02/23 19:20:39 Received {n1 n1 {"message":52,"msg_id":43,"type":"broadcast"}}
2024/02/23 19:20:39 Received {c14 n1 {"type":"broadcast","message":53,"msg_id":21}}
2024/02/23 19:20:39 Sent {"src":"n1","dest":"c14","body":{"in_reply_to":21,"type":"broadcast_ok"}}
2024/02/23 19:20:39 Sent {"src":"n1","dest":"n4","body":{"message":53,"msg_id":21,"type":"broadcast"}}
2024/02/23 19:20:39 Sent {"src":"n1","dest":"n2","body":{"message":53,"msg_id":21,"type":"broadcast"}}
2024/02/23 19:20:39 Sent {"src":"n1","dest":"n0","body":{"message":53,"msg_id":21,"type":"broadcast"}}
2024/02/23 19:20:39 Sent {"src":"n1","dest":"n1","body":{"message":53,"msg_id":21,"type":"broadcast"}}
2024/02/23 19:20:39 Sent {"src":"n1","dest":"n3","body":{"message":53,"msg_id":21,"type":"broadcast"}}
2024/02/23 19:20:39 Received {n1 n1 {"message":53,"msg_id":21,"type":"broadcast"}}
2024/02/23 19:20:39 Received {n2 n1 {"in_reply_to":21,"type":"broadcast_ok"}}
2024/02/23 19:20:39 Ignoring reply to 21 with no callback
2024/02/23 19:20:39 Received {n2 n1 {"message":53,"msg_id":21,"type":"broadcast"}}
2024/02/23 19:20:39 Received {n4 n1 {"in_reply_to":21,"type":"broadcast_ok"}}
2024/02/23 19:20:39 Ignoring reply to 21 with no callback
2024/02/23 19:20:39 Received {n0 n1 {"message":53,"msg_id":21,"type":"broadcast"}}
2024/02/23 19:20:39 Received {n4 n1 {"message":53,"msg_id":21,"type":"broadcast"}}
2024/02/23 19:20:39 Received {n0 n1 {"in_reply_to":21,"type":"broadcast_ok"}}
2024/02/23 19:20:39 Ignoring reply to 21 with no callback
2024/02/23 19:20:39 Received {n3 n1 {"in_reply_to":21,"type":"broadcast_ok"}}
2024/02/23 19:20:39 Ignoring reply to 21 with no callback
2024/02/23 19:20:39 Received {n3 n1 {"message":53,"msg_id":21,"type":"broadcast"}}
2024/02/23 19:20:39 Received {n2 n1 {"message":54,"msg_id":22,"type":"broadcast"}}
2024/02/23 19:20:39 Sent {"src":"n1","dest":"n2","body":{"in_reply_to":22,"type":"broadcast_ok"}}
2024/02/23 19:20:39 Sent {"src":"n1","dest":"n4","body":{"message":54,"msg_id":22,"type":"broadcast"}}
2024/02/23 19:20:39 Sent {"src":"n1","dest":"n0","body":{"message":54,"msg_id":22,"type":"broadcast"}}
2024/02/23 19:20:39 Sent {"src":"n1","dest":"n1","body":{"message":54,"msg_id":22,"type":"broadcast"}}
2024/02/23 19:20:39 Sent {"src":"n1","dest":"n3","body":{"message":54,"msg_id":22,"type":"broadcast"}}
2024/02/23 19:20:39 Sent {"src":"n1","dest":"n2","body":{"message":54,"msg_id":22,"type":"broadcast"}}
2024/02/23 19:20:39 Received {n0 n1 {"message":54,"msg_id":22,"type":"broadcast"}}
2024/02/23 19:20:39 Received {n1 n1 {"message":54,"msg_id":22,"type":"broadcast"}}
2024/02/23 19:20:39 Received {n3 n1 {"message":54,"msg_id":22,"type":"broadcast"}}
2024/02/23 19:20:39 Received {n4 n1 {"message":54,"msg_id":22,"type":"broadcast"}}
2024/02/23 19:20:40 Received {n3 n1 {"message":55,"msg_id":22,"type":"broadcast"}}
2024/02/23 19:20:40 Sent {"src":"n1","dest":"n3","body":{"in_reply_to":22,"type":"broadcast_ok"}}
2024/02/23 19:20:40 Sent {"src":"n1","dest":"n4","body":{"message":55,"msg_id":22,"type":"broadcast"}}
2024/02/23 19:20:40 Sent {"src":"n1","dest":"n1","body":{"message":55,"msg_id":22,"type":"broadcast"}}
2024/02/23 19:20:40 Sent {"src":"n1","dest":"n0","body":{"message":55,"msg_id":22,"type":"broadcast"}}
2024/02/23 19:20:40 Sent {"src":"n1","dest":"n2","body":{"message":55,"msg_id":22,"type":"broadcast"}}
2024/02/23 19:20:40 Sent {"src":"n1","dest":"n3","body":{"message":55,"msg_id":22,"type":"broadcast"}}
2024/02/23 19:20:40 Received {n1 n1 {"message":55,"msg_id":22,"type":"broadcast"}}
2024/02/23 19:20:40 Received {n2 n1 {"message":55,"msg_id":22,"type":"broadcast"}}
2024/02/23 19:20:40 Received {n4 n1 {"message":55,"msg_id":22,"type":"broadcast"}}
2024/02/23 19:20:40 Received {n0 n1 {"message":55,"msg_id":22,"type":"broadcast"}}
2024/02/23 19:20:40 Received {c14 n1 {"type":"read","msg_id":22}}
2024/02/23 19:20:40 Sent {"src":"n1","dest":"c14","body":{"in_reply_to":22,"messages":[19,26,42,50,51,53,7,36,0,23,48,4,14,18,49,13,30,34,35,37,38,55,3,8,10,20,33,43,47,5,40,41,44,52,11,12,16,27,31,32,39,45,46,54],"type":"read_ok"}}
2024/02/23 19:20:40 Received {n2 n1 {"message":57,"msg_id":23,"type":"broadcast"}}
2024/02/23 19:20:40 Sent {"src":"n1","dest":"n2","body":{"in_reply_to":23,"type":"broadcast_ok"}}
2024/02/23 19:20:40 Sent {"src":"n1","dest":"n4","body":{"message":57,"msg_id":23,"type":"broadcast"}}
2024/02/23 19:20:40 Sent {"src":"n1","dest":"n2","body":{"message":57,"msg_id":23,"type":"broadcast"}}
2024/02/23 19:20:40 Sent {"src":"n1","dest":"n3","body":{"message":57,"msg_id":23,"type":"broadcast"}}
2024/02/23 19:20:40 Sent {"src":"n1","dest":"n0","body":{"message":57,"msg_id":23,"type":"broadcast"}}
2024/02/23 19:20:40 Sent {"src":"n1","dest":"n1","body":{"message":57,"msg_id":23,"type":"broadcast"}}
2024/02/23 19:20:40 Received {n3 n1 {"message":57,"msg_id":23,"type":"broadcast"}}
2024/02/23 19:20:40 Received {n1 n1 {"message":57,"msg_id":23,"type":"broadcast"}}
2024/02/23 19:20:40 Received {n3 n1 {"message":58,"msg_id":23,"type":"broadcast"}}
2024/02/23 19:20:40 Sent {"src":"n1","dest":"n3","body":{"in_reply_to":23,"type":"broadcast_ok"}}
2024/02/23 19:20:40 Sent {"src":"n1","dest":"n0","body":{"message":58,"msg_id":23,"type":"broadcast"}}
2024/02/23 19:20:40 Sent {"src":"n1","dest":"n1","body":{"message":58,"msg_id":23,"type":"broadcast"}}
2024/02/23 19:20:40 Sent {"src":"n1","dest":"n2","body":{"message":58,"msg_id":23,"type":"broadcast"}}
2024/02/23 19:20:40 Sent {"src":"n1","dest":"n4","body":{"message":58,"msg_id":23,"type":"broadcast"}}
2024/02/23 19:20:40 Sent {"src":"n1","dest":"n3","body":{"message":58,"msg_id":23,"type":"broadcast"}}
2024/02/23 19:20:40 Received {n2 n1 {"message":58,"msg_id":23,"type":"broadcast"}}
2024/02/23 19:20:40 Received {n1 n1 {"message":58,"msg_id":23,"type":"broadcast"}}
2024/02/23 19:20:40 Received {c14 n1 {"type":"broadcast","message":61,"msg_id":23}}
2024/02/23 19:20:40 Sent {"src":"n1","dest":"n1","body":{"message":61,"msg_id":23,"type":"broadcast"}}
2024/02/23 19:20:40 Sent {"src":"n1","dest":"c14","body":{"in_reply_to":23,"type":"broadcast_ok"}}
2024/02/23 19:20:40 Sent {"src":"n1","dest":"n2","body":{"message":61,"msg_id":23,"type":"broadcast"}}
2024/02/23 19:20:40 Sent {"src":"n1","dest":"n0","body":{"message":61,"msg_id":23,"type":"broadcast"}}
2024/02/23 19:20:40 Sent {"src":"n1","dest":"n3","body":{"message":61,"msg_id":23,"type":"broadcast"}}
2024/02/23 19:20:40 Sent {"src":"n1","dest":"n4","body":{"message":61,"msg_id":23,"type":"broadcast"}}
2024/02/23 19:20:40 Received {n1 n1 {"message":61,"msg_id":23,"type":"broadcast"}}
2024/02/23 19:20:40 Received {n3 n1 {"in_reply_to":23,"type":"broadcast_ok"}}
2024/02/23 19:20:40 Ignoring reply to 23 with no callback
2024/02/23 19:20:40 Received {n2 n1 {"in_reply_to":23,"type":"broadcast_ok"}}
2024/02/23 19:20:40 Ignoring reply to 23 with no callback
2024/02/23 19:20:40 Received {n3 n1 {"message":61,"msg_id":23,"type":"broadcast"}}
2024/02/23 19:20:40 Received {n2 n1 {"message":61,"msg_id":23,"type":"broadcast"}}
2024/02/23 19:20:41 Received {n3 n1 {"message":62,"msg_id":24,"type":"broadcast"}}
2024/02/23 19:20:41 Sent {"src":"n1","dest":"n3","body":{"in_reply_to":24,"type":"broadcast_ok"}}
2024/02/23 19:20:41 Sent {"src":"n1","dest":"n0","body":{"message":62,"msg_id":24,"type":"broadcast"}}
2024/02/23 19:20:41 Sent {"src":"n1","dest":"n4","body":{"message":62,"msg_id":24,"type":"broadcast"}}
2024/02/23 19:20:41 Sent {"src":"n1","dest":"n1","body":{"message":62,"msg_id":24,"type":"broadcast"}}
2024/02/23 19:20:41 Sent {"src":"n1","dest":"n2","body":{"message":62,"msg_id":24,"type":"broadcast"}}
2024/02/23 19:20:41 Sent {"src":"n1","dest":"n3","body":{"message":62,"msg_id":24,"type":"broadcast"}}
2024/02/23 19:20:41 Received {n1 n1 {"message":62,"msg_id":24,"type":"broadcast"}}
2024/02/23 19:20:41 Received {n2 n1 {"message":62,"msg_id":24,"type":"broadcast"}}
2024/02/23 19:20:41 Received {c14 n1 {"type":"read","msg_id":24}}
2024/02/23 19:20:41 Sent {"src":"n1","dest":"c14","body":{"in_reply_to":24,"messages":[34,35,37,38,55,13,30,10,20,33,43,47,3,8,41,44,52,61,5,40,16,27,31,32,39,45,11,12,62,46,54,42,50,51,53,58,19,26,7,36,48,0,23,18,49,57,4,14],"type":"read_ok"}}
2024/02/23 19:20:41 Received {n3 n1 {"message":64,"msg_id":25,"type":"broadcast"}}
2024/02/23 19:20:41 Sent {"src":"n1","dest":"n3","body":{"in_reply_to":25,"type":"broadcast_ok"}}
2024/02/23 19:20:41 Sent {"src":"n1","dest":"n1","body":{"message":64,"msg_id":25,"type":"broadcast"}}
2024/02/23 19:20:41 Sent {"src":"n1","dest":"n3","body":{"message":64,"msg_id":25,"type":"broadcast"}}
2024/02/23 19:20:41 Sent {"src":"n1","dest":"n4","body":{"message":64,"msg_id":25,"type":"broadcast"}}
2024/02/23 19:20:41 Sent {"src":"n1","dest":"n0","body":{"message":64,"msg_id":25,"type":"broadcast"}}
2024/02/23 19:20:41 Sent {"src":"n1","dest":"n2","body":{"message":64,"msg_id":25,"type":"broadcast"}}
2024/02/23 19:20:41 Received {n1 n1 {"message":64,"msg_id":25,"type":"broadcast"}}
2024/02/23 19:20:41 Received {n2 n1 {"message":64,"msg_id":25,"type":"broadcast"}}
2024/02/23 19:20:41 Received {c14 n1 {"type":"read","msg_id":25}}
2024/02/23 19:20:41 Sent {"src":"n1","dest":"c14","body":{"in_reply_to":25,"messages":[11,12,16,27,31,32,39,45,46,54,62,64,19,26,42,50,51,53,58,7,36,0,23,48,4,14,18,49,57,13,30,34,35,37,38,55,3,8,10,20,33,43,47,5,40,41,44,52,61],"type":"read_ok"}}
2024/02/23 19:20:42 Received {c14 n1 {"type":"broadcast","message":67,"msg_id":26}}
2024/02/23 19:20:42 Sent {"src":"n1","dest":"c14","body":{"in_reply_to":26,"type":"broadcast_ok"}}
2024/02/23 19:20:42 Sent {"src":"n1","dest":"n1","body":{"message":67,"msg_id":26,"type":"broadcast"}}
2024/02/23 19:20:42 Sent {"src":"n1","dest":"n0","body":{"message":67,"msg_id":26,"type":"broadcast"}}
2024/02/23 19:20:42 Sent {"src":"n1","dest":"n4","body":{"message":67,"msg_id":26,"type":"broadcast"}}
2024/02/23 19:20:42 Sent {"src":"n1","dest":"n3","body":{"message":67,"msg_id":26,"type":"broadcast"}}
2024/02/23 19:20:42 Sent {"src":"n1","dest":"n2","body":{"message":67,"msg_id":26,"type":"broadcast"}}
2024/02/23 19:20:42 Received {n1 n1 {"message":67,"msg_id":26,"type":"broadcast"}}
2024/02/23 19:20:42 Received {n3 n1 {"in_reply_to":26,"type":"broadcast_ok"}}
2024/02/23 19:20:42 Ignoring reply to 26 with no callback
2024/02/23 19:20:42 Received {n2 n1 {"message":67,"msg_id":26,"type":"broadcast"}}
2024/02/23 19:20:42 Received {n3 n1 {"message":67,"msg_id":26,"type":"broadcast"}}
2024/02/23 19:20:42 Received {n2 n1 {"in_reply_to":26,"type":"broadcast_ok"}}
2024/02/23 19:20:42 Ignoring reply to 26 with no callback
2024/02/23 19:20:42 Received {n2 n1 {"message":68,"msg_id":27,"type":"broadcast"}}
2024/02/23 19:20:42 Sent {"src":"n1","dest":"n1","body":{"message":68,"msg_id":27,"type":"broadcast"}}
2024/02/23 19:20:42 Sent {"src":"n1","dest":"n4","body":{"message":68,"msg_id":27,"type":"broadcast"}}
2024/02/23 19:20:42 Sent {"src":"n1","dest":"n0","body":{"message":68,"msg_id":27,"type":"broadcast"}}
2024/02/23 19:20:42 Sent {"src":"n1","dest":"n3","body":{"message":68,"msg_id":27,"type":"broadcast"}}
2024/02/23 19:20:42 Sent {"src":"n1","dest":"n2","body":{"message":68,"msg_id":27,"type":"broadcast"}}
2024/02/23 19:20:42 Sent {"src":"n1","dest":"n2","body":{"in_reply_to":27,"type":"broadcast_ok"}}
2024/02/23 19:20:42 Received {n1 n1 {"message":68,"msg_id":27,"type":"broadcast"}}
2024/02/23 19:20:42 Received {n3 n1 {"message":68,"msg_id":27,"type":"broadcast"}}
2024/02/23 19:20:42 Received {c14 n1 {"type":"read","msg_id":27}}
2024/02/23 19:20:42 Sent {"src":"n1","dest":"c14","body":{"in_reply_to":27,"messages":[11,12,16,27,31,32,39,45,46,54,62,64,19,26,42,50,51,53,58,7,36,0,23,48,4,14,18,49,57,67,13,30,34,35,37,38,55,3,8,10,20,33,43,47,5,40,41,44,52,61,68],"type":"read_ok"}}
2024/02/23 19:20:43 Received {c14 n1 {"type":"read","msg_id":28}}
2024/02/23 19:20:43 Sent {"src":"n1","dest":"c14","body":{"in_reply_to":28,"messages":[42,50,51,53,58,19,26,7,36,48,0,23,18,49,57,67,4,14,34,35,37,38,55,13,30,10,20,33,43,47,3,8,41,44,52,61,68,5,40,16,27,31,32,39,45,11,12,62,64,46,54],"type":"read_ok"}}
2024/02/23 19:20:43 Received {n2 n1 {"message":73,"msg_id":29,"type":"broadcast"}}
2024/02/23 19:20:43 Sent {"src":"n1","dest":"n2","body":{"in_reply_to":29,"type":"broadcast_ok"}}
2024/02/23 19:20:43 Sent {"src":"n1","dest":"n4","body":{"message":73,"msg_id":29,"type":"broadcast"}}
2024/02/23 19:20:43 Sent {"src":"n1","dest":"n0","body":{"message":73,"msg_id":29,"type":"broadcast"}}
2024/02/23 19:20:43 Sent {"src":"n1","dest":"n1","body":{"message":73,"msg_id":29,"type":"broadcast"}}
2024/02/23 19:20:43 Sent {"src":"n1","dest":"n3","body":{"message":73,"msg_id":29,"type":"broadcast"}}
2024/02/23 19:20:43 Sent {"src":"n1","dest":"n2","body":{"message":73,"msg_id":29,"type":"broadcast"}}
2024/02/23 19:20:43 Received {n1 n1 {"message":73,"msg_id":29,"type":"broadcast"}}
2024/02/23 19:20:43 Received {n3 n1 {"message":73,"msg_id":29,"type":"broadcast"}}
2024/02/23 19:20:43 Received {n3 n1 {"message":74,"msg_id":29,"type":"broadcast"}}
2024/02/23 19:20:43 Sent {"src":"n1","dest":"n3","body":{"in_reply_to":29,"type":"broadcast_ok"}}
2024/02/23 19:20:43 Sent {"src":"n1","dest":"n4","body":{"message":74,"msg_id":29,"type":"broadcast"}}
2024/02/23 19:20:43 Sent {"src":"n1","dest":"n2","body":{"message":74,"msg_id":29,"type":"broadcast"}}
2024/02/23 19:20:43 Sent {"src":"n1","dest":"n3","body":{"message":74,"msg_id":29,"type":"broadcast"}}
2024/02/23 19:20:43 Sent {"src":"n1","dest":"n0","body":{"message":74,"msg_id":29,"type":"broadcast"}}
2024/02/23 19:20:43 Sent {"src":"n1","dest":"n1","body":{"message":74,"msg_id":29,"type":"broadcast"}}
2024/02/23 19:20:43 Received {n2 n1 {"message":74,"msg_id":29,"type":"broadcast"}}
2024/02/23 19:20:43 Received {n1 n1 {"message":74,"msg_id":29,"type":"broadcast"}}
2024/02/23 19:20:44 Received {c14 n1 {"type":"broadcast","message":75,"msg_id":29}}
2024/02/23 19:20:44 Sent {"src":"n1","dest":"c14","body":{"in_reply_to":29,"type":"broadcast_ok"}}
2024/02/23 19:20:44 Sent {"src":"n1","dest":"n1","body":{"message":75,"msg_id":29,"type":"broadcast"}}
2024/02/23 19:20:44 Sent {"src":"n1","dest":"n3","body":{"message":75,"msg_id":29,"type":"broadcast"}}
2024/02/23 19:20:44 Sent {"src":"n1","dest":"n0","body":{"message":75,"msg_id":29,"type":"broadcast"}}
2024/02/23 19:20:44 Sent {"src":"n1","dest":"n2","body":{"message":75,"msg_id":29,"type":"broadcast"}}
2024/02/23 19:20:44 Sent {"src":"n1","dest":"n4","body":{"message":75,"msg_id":29,"type":"broadcast"}}
2024/02/23 19:20:44 Received {n1 n1 {"message":75,"msg_id":29,"type":"broadcast"}}
2024/02/23 19:20:44 Received {n3 n1 {"message":75,"msg_id":29,"type":"broadcast"}}
2024/02/23 19:20:44 Received {n2 n1 {"in_reply_to":29,"type":"broadcast_ok"}}
2024/02/23 19:20:44 Ignoring reply to 29 with no callback
2024/02/23 19:20:44 Received {n2 n1 {"message":75,"msg_id":29,"type":"broadcast"}}
2024/02/23 19:20:44 Received {n3 n1 {"in_reply_to":29,"type":"broadcast_ok"}}
2024/02/23 19:20:44 Ignoring reply to 29 with no callback
2024/02/23 19:20:44 Received {n2 n1 {"message":76,"msg_id":30,"type":"broadcast"}}
2024/02/23 19:20:44 Sent {"src":"n1","dest":"n2","body":{"in_reply_to":30,"type":"broadcast_ok"}}
2024/02/23 19:20:44 Sent {"src":"n1","dest":"n0","body":{"message":76,"msg_id":30,"type":"broadcast"}}
2024/02/23 19:20:44 Sent {"src":"n1","dest":"n4","body":{"message":76,"msg_id":30,"type":"broadcast"}}
2024/02/23 19:20:44 Sent {"src":"n1","dest":"n1","body":{"message":76,"msg_id":30,"type":"broadcast"}}
2024/02/23 19:20:44 Sent {"src":"n1","dest":"n3","body":{"message":76,"msg_id":30,"type":"broadcast"}}
2024/02/23 19:20:44 Sent {"src":"n1","dest":"n2","body":{"message":76,"msg_id":30,"type":"broadcast"}}
2024/02/23 19:20:44 Received {n3 n1 {"message":76,"msg_id":30,"type":"broadcast"}}
2024/02/23 19:20:44 Received {n1 n1 {"message":76,"msg_id":30,"type":"broadcast"}}
2024/02/23 19:20:44 Received {n3 n1 {"message":77,"msg_id":30,"type":"broadcast"}}
2024/02/23 19:20:44 Sent {"src":"n1","dest":"n3","body":{"in_reply_to":30,"type":"broadcast_ok"}}
2024/02/23 19:20:44 Sent {"src":"n1","dest":"n0","body":{"message":77,"msg_id":30,"type":"broadcast"}}
2024/02/23 19:20:44 Sent {"src":"n1","dest":"n3","body":{"message":77,"msg_id":30,"type":"broadcast"}}
2024/02/23 19:20:44 Sent {"src":"n1","dest":"n1","body":{"message":77,"msg_id":30,"type":"broadcast"}}
2024/02/23 19:20:44 Sent {"src":"n1","dest":"n4","body":{"message":77,"msg_id":30,"type":"broadcast"}}
2024/02/23 19:20:44 Sent {"src":"n1","dest":"n2","body":{"message":77,"msg_id":30,"type":"broadcast"}}
2024/02/23 19:20:44 Received {n1 n1 {"message":77,"msg_id":30,"type":"broadcast"}}
2024/02/23 19:20:44 Received {n2 n1 {"message":77,"msg_id":30,"type":"broadcast"}}
2024/02/23 19:20:44 Received {c14 n1 {"type":"broadcast","message":79,"msg_id":30}}
2024/02/23 19:20:44 Sent {"src":"n1","dest":"c14","body":{"in_reply_to":30,"type":"broadcast_ok"}}
2024/02/23 19:20:44 Sent {"src":"n1","dest":"n4","body":{"message":79,"msg_id":30,"type":"broadcast"}}
2024/02/23 19:20:44 Sent {"src":"n1","dest":"n0","body":{"message":79,"msg_id":30,"type":"broadcast"}}
2024/02/23 19:20:44 Sent {"src":"n1","dest":"n1","body":{"message":79,"msg_id":30,"type":"broadcast"}}
2024/02/23 19:20:44 Sent {"src":"n1","dest":"n2","body":{"message":79,"msg_id":30,"type":"broadcast"}}
2024/02/23 19:20:44 Sent {"src":"n1","dest":"n3","body":{"message":79,"msg_id":30,"type":"broadcast"}}
2024/02/23 19:20:44 Received {n1 n1 {"message":79,"msg_id":30,"type":"broadcast"}}
2024/02/23 19:20:44 Received {n2 n1 {"in_reply_to":30,"type":"broadcast_ok"}}
2024/02/23 19:20:44 Ignoring reply to 30 with no callback
2024/02/23 19:20:44 Received {n2 n1 {"message":79,"msg_id":30,"type":"broadcast"}}
2024/02/23 19:20:44 Received {n3 n1 {"message":79,"msg_id":30,"type":"broadcast"}}
2024/02/23 19:20:44 Received {n3 n1 {"in_reply_to":30,"type":"broadcast_ok"}}
2024/02/23 19:20:44 Ignoring reply to 30 with no callback
2024/02/23 19:20:45 Received {c14 n1 {"type":"read","msg_id":31}}
2024/02/23 19:20:45 Sent {"src":"n1","dest":"c14","body":{"in_reply_to":31,"messages":[48,75,77,14,49,57,73,30,35,37,10,33,47,40,41,44,61,76,12,16,31,32,54,36,0,23,4,18,67,13,34,38,55,79,3,8,20,43,5,52,68,64,11,27,39,45,46,62,58,19,26,42,50,51,53,7,74],"type":"read_ok"}}
2024/02/23 19:20:45 Received {n2 n1 {"message":82,"msg_id":32,"type":"broadcast"}}
2024/02/23 19:20:45 Sent {"src":"n1","dest":"n0","body":{"message":82,"msg_id":32,"type":"broadcast"}}
2024/02/23 19:20:45 Sent {"src":"n1","dest":"n2","body":{"in_reply_to":32,"type":"broadcast_ok"}}
2024/02/23 19:20:45 Sent {"src":"n1","dest":"n4","body":{"message":82,"msg_id":32,"type":"broadcast"}}
2024/02/23 19:20:45 Sent {"src":"n1","dest":"n3","body":{"message":82,"msg_id":32,"type":"broadcast"}}
2024/02/23 19:20:45 Sent {"src":"n1","dest":"n2","body":{"message":82,"msg_id":32,"type":"broadcast"}}
2024/02/23 19:20:45 Sent {"src":"n1","dest":"n1","body":{"message":82,"msg_id":32,"type":"broadcast"}}
2024/02/23 19:20:45 Received {n3 n1 {"message":82,"msg_id":32,"type":"broadcast"}}
2024/02/23 19:20:45 Received {n1 n1 {"message":82,"msg_id":32,"type":"broadcast"}}
2024/02/23 19:20:46 Received {n3 n1 {"message":83,"msg_id":32,"type":"broadcast"}}
2024/02/23 19:20:46 Sent {"src":"n1","dest":"n1","body":{"message":83,"msg_id":32,"type":"broadcast"}}
2024/02/23 19:20:46 Sent {"src":"n1","dest":"n3","body":{"in_reply_to":32,"type":"broadcast_ok"}}
2024/02/23 19:20:46 Sent {"src":"n1","dest":"n0","body":{"message":83,"msg_id":32,"type":"broadcast"}}
2024/02/23 19:20:46 Sent {"src":"n1","dest":"n3","body":{"message":83,"msg_id":32,"type":"broadcast"}}
2024/02/23 19:20:46 Sent {"src":"n1","dest":"n4","body":{"message":83,"msg_id":32,"type":"broadcast"}}
2024/02/23 19:20:46 Sent {"src":"n1","dest":"n2","body":{"message":83,"msg_id":32,"type":"broadcast"}}
2024/02/23 19:20:46 Received {n1 n1 {"message":83,"msg_id":32,"type":"broadcast"}}
2024/02/23 19:20:46 Received {n2 n1 {"message":83,"msg_id":32,"type":"broadcast"}}
2024/02/23 19:20:46 Received {c14 n1 {"type":"broadcast","message":86,"msg_id":32}}
2024/02/23 19:20:46 Sent {"src":"n1","dest":"c14","body":{"in_reply_to":32,"type":"broadcast_ok"}}
2024/02/23 19:20:46 Sent {"src":"n1","dest":"n4","body":{"message":86,"msg_id":32,"type":"broadcast"}}
2024/02/23 19:20:46 Sent {"src":"n1","dest":"n1","body":{"message":86,"msg_id":32,"type":"broadcast"}}
2024/02/23 19:20:46 Sent {"src":"n1","dest":"n2","body":{"message":86,"msg_id":32,"type":"broadcast"}}
2024/02/23 19:20:46 Sent {"src":"n1","dest":"n0","body":{"message":86,"msg_id":32,"type":"broadcast"}}
2024/02/23 19:20:46 Sent {"src":"n1","dest":"n3","body":{"message":86,"msg_id":32,"type":"broadcast"}}
2024/02/23 19:20:46 Received {n1 n1 {"message":86,"msg_id":32,"type":"broadcast"}}
2024/02/23 19:20:46 Received {n2 n1 {"in_reply_to":32,"type":"broadcast_ok"}}
2024/02/23 19:20:46 Ignoring reply to 32 with no callback
2024/02/23 19:20:46 Received {n3 n1 {"in_reply_to":32,"type":"broadcast_ok"}}
2024/02/23 19:20:46 Ignoring reply to 32 with no callback
2024/02/23 19:20:46 Received {n2 n1 {"message":86,"msg_id":32,"type":"broadcast"}}
2024/02/23 19:20:46 Received {n3 n1 {"message":86,"msg_id":32,"type":"broadcast"}}
2024/02/23 19:20:46 Received {n3 n1 {"message":87,"msg_id":33,"type":"broadcast"}}
2024/02/23 19:20:46 Sent {"src":"n1","dest":"n3","body":{"in_reply_to":33,"type":"broadcast_ok"}}
2024/02/23 19:20:46 Sent {"src":"n1","dest":"n4","body":{"message":87,"msg_id":33,"type":"broadcast"}}
2024/02/23 19:20:46 Sent {"src":"n1","dest":"n3","body":{"message":87,"msg_id":33,"type":"broadcast"}}
2024/02/23 19:20:46 Sent {"src":"n1","dest":"n1","body":{"message":87,"msg_id":33,"type":"broadcast"}}
2024/02/23 19:20:46 Sent {"src":"n1","dest":"n0","body":{"message":87,"msg_id":33,"type":"broadcast"}}
2024/02/23 19:20:46 Sent {"src":"n1","dest":"n2","body":{"message":87,"msg_id":33,"type":"broadcast"}}
2024/02/23 19:20:46 Received {n2 n1 {"message":87,"msg_id":33,"type":"broadcast"}}
2024/02/23 19:20:46 Received {n1 n1 {"message":87,"msg_id":33,"type":"broadcast"}}
2024/02/23 19:20:46 Received {c14 n1 {"type":"read","msg_id":33}}
2024/02/23 19:20:46 Sent {"src":"n1","dest":"c14","body":{"in_reply_to":33,"messages":[30,35,37,10,33,47,40,41,44,61,76,82,12,16,31,32,54,36,0,23,4,18,67,83,13,34,38,55,79,3,8,20,43,5,52,68,11,27,39,45,46,62,64,19,26,42,50,51,53,58,7,74,48,75,77,14,49,57,73,86,87],"type":"read_ok"}}
2024/02/23 19:20:56 Received {c14 n1 {"type":"read","msg_id":34}}
2024/02/23 19:20:56 Sent {"src":"n1","dest":"c14","body":{"in_reply_to":34,"messages":[57,73,86,87,14,49,37,30,35,47,10,33,44,61,76,82,40,41,31,32,54,12,16,36,0,23,67,83,4,18,38,55,79,13,34,20,43,3,8,68,5,52,39,45,46,62,64,11,27,42,50,51,53,58,19,26,7,74,77,48,75],"type":"read_ok"}}
