2024/02/19 00:41:47 Received {c0 n0 {"type":"init","node_id":"n0","node_ids":["n0"],"msg_id":1}}
2024/02/19 00:41:47 Node n0 initialized
2024/02/19 00:41:47 Sent {"src":"n0","dest":"c0","body":{"in_reply_to":1,"type":"init_ok"}}
2024/02/19 00:41:47 Received {c1 n0 {"type":"topology","topology":{"n0":[]},"msg_id":1}}
2024/02/19 00:41:47 Sent {"src":"n0","dest":"c1","body":{"in_reply_to":1,"type":"topology_ok"}}
2024/02/19 00:41:47 Received {c2 n0 {"type":"broadcast","message":0,"msg_id":1}}
2024/02/19 00:41:47 Sent {"src":"n0","dest":"c2","body":{"in_reply_to":1,"type":"broadcast_ok"}}
2024/02/19 00:41:47 Received {c2 n0 {"type":"broadcast","message":1,"msg_id":2}}
2024/02/19 00:41:47 Sent {"src":"n0","dest":"c2","body":{"in_reply_to":2,"type":"broadcast_ok"}}
2024/02/19 00:41:47 Received {c2 n0 {"type":"broadcast","message":2,"msg_id":3}}
2024/02/19 00:41:47 Sent {"src":"n0","dest":"c2","body":{"in_reply_to":3,"type":"broadcast_ok"}}
2024/02/19 00:41:47 Received {c2 n0 {"type":"read","msg_id":4}}
2024/02/19 00:41:47 Sent {"src":"n0","dest":"c2","body":{"in_reply_to":4,"message_ids":[0,1,2],"type":"read_ok"}}
2024/02/19 00:41:47 Received {c3 n0 {"type":"read","msg_id":1}}
2024/02/19 00:41:47 Sent {"src":"n0","dest":"c3","body":{"in_reply_to":1,"message_ids":[0,1,2],"type":"read_ok"}}
2024/02/19 00:41:47 Received {c4 n0 {"type":"broadcast","message":3,"msg_id":1}}
2024/02/19 00:41:47 Sent {"src":"n0","dest":"c4","body":{"in_reply_to":1,"type":"broadcast_ok"}}
2024/02/19 00:41:47 Received {c4 n0 {"type":"read","msg_id":2}}
2024/02/19 00:41:47 Sent {"src":"n0","dest":"c4","body":{"in_reply_to":2,"message_ids":[0,1,2,3],"type":"read_ok"}}
2024/02/19 00:41:47 Received {c5 n0 {"type":"read","msg_id":1}}
2024/02/19 00:41:47 Sent {"src":"n0","dest":"c5","body":{"in_reply_to":1,"message_ids":[0,1,2,3],"type":"read_ok"}}
2024/02/19 00:41:47 Received {c6 n0 {"type":"broadcast","message":4,"msg_id":1}}
2024/02/19 00:41:47 Sent {"src":"n0","dest":"c6","body":{"in_reply_to":1,"type":"broadcast_ok"}}
2024/02/19 00:41:48 Received {c6 n0 {"type":"broadcast","message":5,"msg_id":2}}
2024/02/19 00:41:48 Sent {"src":"n0","dest":"c6","body":{"in_reply_to":2,"type":"broadcast_ok"}}
2024/02/19 00:41:48 Received {c6 n0 {"type":"read","msg_id":3}}
2024/02/19 00:41:48 Sent {"src":"n0","dest":"c6","body":{"in_reply_to":3,"message_ids":[0,1,2,3,4,5],"type":"read_ok"}}
2024/02/19 00:41:48 Received {c7 n0 {"type":"read","msg_id":1}}
2024/02/19 00:41:48 Sent {"src":"n0","dest":"c7","body":{"in_reply_to":1,"message_ids":[0,1,2,3,4,5],"type":"read_ok"}}
2024/02/19 00:41:48 Received {c8 n0 {"type":"read","msg_id":1}}
2024/02/19 00:41:48 Sent {"src":"n0","dest":"c8","body":{"in_reply_to":1,"message_ids":[0,1,2,3,4,5],"type":"read_ok"}}
2024/02/19 00:41:48 Received {c9 n0 {"type":"read","msg_id":1}}
2024/02/19 00:41:48 Sent {"src":"n0","dest":"c9","body":{"in_reply_to":1,"message_ids":[0,1,2,3,4,5],"type":"read_ok"}}
2024/02/19 00:41:48 Received {c10 n0 {"type":"read","msg_id":1}}
2024/02/19 00:41:48 Sent {"src":"n0","dest":"c10","body":{"in_reply_to":1,"message_ids":[0,1,2,3,4,5],"type":"read_ok"}}
2024/02/19 00:41:48 Received {c11 n0 {"type":"broadcast","message":6,"msg_id":1}}
2024/02/19 00:41:48 Sent {"src":"n0","dest":"c11","body":{"in_reply_to":1,"type":"broadcast_ok"}}
2024/02/19 00:41:48 Received {c11 n0 {"type":"broadcast","message":7,"msg_id":2}}
2024/02/19 00:41:49 Sent {"src":"n0","dest":"c11","body":{"in_reply_to":2,"type":"broadcast_ok"}}
2024/02/19 00:41:49 Received {c11 n0 {"type":"read","msg_id":3}}
2024/02/19 00:41:49 Sent {"src":"n0","dest":"c11","body":{"in_reply_to":3,"message_ids":[0,1,2,3,4,5,6,7],"type":"read_ok"}}
2024/02/19 00:41:49 Received {c12 n0 {"type":"read","msg_id":1}}
2024/02/19 00:41:49 Sent {"src":"n0","dest":"c12","body":{"in_reply_to":1,"message_ids":[0,1,2,3,4,5,6,7],"type":"read_ok"}}
2024/02/19 00:41:49 Received {c13 n0 {"type":"read","msg_id":1}}
2024/02/19 00:41:49 Sent {"src":"n0","dest":"c13","body":{"in_reply_to":1,"message_ids":[0,1,2,3,4,5,6,7],"type":"read_ok"}}
2024/02/19 00:41:49 Received {c14 n0 {"type":"broadcast","message":8,"msg_id":1}}
2024/02/19 00:41:49 Sent {"src":"n0","dest":"c14","body":{"in_reply_to":1,"type":"broadcast_ok"}}
2024/02/19 00:41:49 Received {c14 n0 {"type":"broadcast","message":9,"msg_id":2}}
2024/02/19 00:41:49 Sent {"src":"n0","dest":"c14","body":{"in_reply_to":2,"type":"broadcast_ok"}}
2024/02/19 00:41:49 Received {c14 n0 {"type":"read","msg_id":3}}
2024/02/19 00:41:49 Sent {"src":"n0","dest":"c14","body":{"in_reply_to":3,"message_ids":[0,1,2,3,4,5,6,7,8,9],"type":"read_ok"}}
2024/02/19 00:41:49 Received {c15 n0 {"type":"broadcast","message":10,"msg_id":1}}
2024/02/19 00:41:49 Sent {"src":"n0","dest":"c15","body":{"in_reply_to":1,"type":"broadcast_ok"}}
2024/02/19 00:41:49 Received {c15 n0 {"type":"read","msg_id":2}}
2024/02/19 00:41:49 Sent {"src":"n0","dest":"c15","body":{"in_reply_to":2,"message_ids":[0,1,2,3,4,5,6,7,8,9,10],"type":"read_ok"}}
2024/02/19 00:41:50 Received {c16 n0 {"type":"read","msg_id":1}}
2024/02/19 00:41:50 Sent {"src":"n0","dest":"c16","body":{"in_reply_to":1,"message_ids":[0,1,2,3,4,5,6,7,8,9,10],"type":"read_ok"}}
2024/02/19 00:41:50 Received {c17 n0 {"type":"broadcast","message":11,"msg_id":1}}
2024/02/19 00:41:50 Sent {"src":"n0","dest":"c17","body":{"in_reply_to":1,"type":"broadcast_ok"}}
2024/02/19 00:41:50 Received {c17 n0 {"type":"broadcast","message":12,"msg_id":2}}
2024/02/19 00:41:50 Sent {"src":"n0","dest":"c17","body":{"in_reply_to":2,"type":"broadcast_ok"}}
2024/02/19 00:41:50 Received {c17 n0 {"type":"read","msg_id":3}}
2024/02/19 00:41:50 Sent {"src":"n0","dest":"c17","body":{"in_reply_to":3,"message_ids":[0,1,2,3,4,5,6,7,8,9,10,11,12],"type":"read_ok"}}
2024/02/19 00:41:50 Received {c18 n0 {"type":"broadcast","message":13,"msg_id":1}}
2024/02/19 00:41:50 Sent {"src":"n0","dest":"c18","body":{"in_reply_to":1,"type":"broadcast_ok"}}
2024/02/19 00:41:50 Received {c18 n0 {"type":"broadcast","message":14,"msg_id":2}}
2024/02/19 00:41:50 Sent {"src":"n0","dest":"c18","body":{"in_reply_to":2,"type":"broadcast_ok"}}
2024/02/19 00:41:50 Received {c18 n0 {"type":"broadcast","message":15,"msg_id":3}}
2024/02/19 00:41:50 Sent {"src":"n0","dest":"c18","body":{"in_reply_to":3,"type":"broadcast_ok"}}
2024/02/19 00:41:51 Received {c18 n0 {"type":"read","msg_id":4}}
2024/02/19 00:41:51 Sent {"src":"n0","dest":"c18","body":{"in_reply_to":4,"message_ids":[0,1,2,3,4,5,6,7,8,9,10,11,12,13,14,15],"type":"read_ok"}}
2024/02/19 00:41:51 Received {c19 n0 {"type":"broadcast","message":16,"msg_id":1}}
2024/02/19 00:41:51 Sent {"src":"n0","dest":"c19","body":{"in_reply_to":1,"type":"broadcast_ok"}}
2024/02/19 00:41:51 Received {c19 n0 {"type":"broadcast","message":17,"msg_id":2}}
2024/02/19 00:41:51 Sent {"src":"n0","dest":"c19","body":{"in_reply_to":2,"type":"broadcast_ok"}}
2024/02/19 00:41:51 Received {c19 n0 {"type":"broadcast","message":18,"msg_id":3}}
2024/02/19 00:41:51 Sent {"src":"n0","dest":"c19","body":{"in_reply_to":3,"type":"broadcast_ok"}}
2024/02/19 00:41:51 Received {c19 n0 {"type":"broadcast","message":19,"msg_id":4}}
2024/02/19 00:41:51 Sent {"src":"n0","dest":"c19","body":{"in_reply_to":4,"type":"broadcast_ok"}}
2024/02/19 00:41:51 Received {c19 n0 {"type":"read","msg_id":5}}
2024/02/19 00:41:51 Sent {"src":"n0","dest":"c19","body":{"in_reply_to":5,"message_ids":[0,1,2,3,4,5,6,7,8,9,10,11,12,13,14,15,16,17,18,19],"type":"read_ok"}}
2024/02/19 00:41:51 Received {c20 n0 {"type":"read","msg_id":1}}
2024/02/19 00:41:51 Sent {"src":"n0","dest":"c20","body":{"in_reply_to":1,"message_ids":[0,1,2,3,4,5,6,7,8,9,10,11,12,13,14,15,16,17,18,19],"type":"read_ok"}}
2024/02/19 00:41:51 Received {c21 n0 {"type":"broadcast","message":20,"msg_id":1}}
2024/02/19 00:41:51 Sent {"src":"n0","dest":"c21","body":{"in_reply_to":1,"type":"broadcast_ok"}}
2024/02/19 00:41:51 Received {c21 n0 {"type":"read","msg_id":2}}
2024/02/19 00:41:51 Sent {"src":"n0","dest":"c21","body":{"in_reply_to":2,"message_ids":[0,1,2,3,4,5,6,7,8,9,10,11,12,13,14,15,16,17,18,19,20],"type":"read_ok"}}
2024/02/19 00:41:51 Received {c22 n0 {"type":"broadcast","message":21,"msg_id":1}}
2024/02/19 00:41:51 Sent {"src":"n0","dest":"c22","body":{"in_reply_to":1,"type":"broadcast_ok"}}
2024/02/19 00:41:51 Received {c22 n0 {"type":"read","msg_id":2}}
2024/02/19 00:41:51 Sent {"src":"n0","dest":"c22","body":{"in_reply_to":2,"message_ids":[0,1,2,3,4,5,6,7,8,9,10,11,12,13,14,15,16,17,18,19,20,21],"type":"read_ok"}}
2024/02/19 00:41:52 Received {c23 n0 {"type":"read","msg_id":1}}
2024/02/19 00:41:52 Sent {"src":"n0","dest":"c23","body":{"in_reply_to":1,"message_ids":[0,1,2,3,4,5,6,7,8,9,10,11,12,13,14,15,16,17,18,19,20,21],"type":"read_ok"}}
2024/02/19 00:41:52 Received {c24 n0 {"type":"read","msg_id":1}}
2024/02/19 00:41:52 Sent {"src":"n0","dest":"c24","body":{"in_reply_to":1,"message_ids":[0,1,2,3,4,5,6,7,8,9,10,11,12,13,14,15,16,17,18,19,20,21],"type":"read_ok"}}
2024/02/19 00:41:52 Received {c25 n0 {"type":"broadcast","message":22,"msg_id":1}}
2024/02/19 00:41:52 Sent {"src":"n0","dest":"c25","body":{"in_reply_to":1,"type":"broadcast_ok"}}
2024/02/19 00:41:52 Received {c25 n0 {"type":"broadcast","message":23,"msg_id":2}}
2024/02/19 00:41:52 Sent {"src":"n0","dest":"c25","body":{"in_reply_to":2,"type":"broadcast_ok"}}
2024/02/19 00:41:52 Received {c25 n0 {"type":"read","msg_id":3}}
2024/02/19 00:41:52 Sent {"src":"n0","dest":"c25","body":{"in_reply_to":3,"message_ids":[0,1,2,3,4,5,6,7,8,9,10,11,12,13,14,15,16,17,18,19,20,21,22,23],"type":"read_ok"}}
2024/02/19 00:41:52 Received {c26 n0 {"type":"broadcast","message":24,"msg_id":1}}
2024/02/19 00:41:52 Sent {"src":"n0","dest":"c26","body":{"in_reply_to":1,"type":"broadcast_ok"}}
2024/02/19 00:41:52 Received {c26 n0 {"type":"read","msg_id":2}}
2024/02/19 00:41:52 Sent {"src":"n0","dest":"c26","body":{"in_reply_to":2,"message_ids":[0,1,2,3,4,5,6,7,8,9,10,11,12,13,14,15,16,17,18,19,20,21,22,23,24],"type":"read_ok"}}
2024/02/19 00:41:52 Received {c27 n0 {"type":"read","msg_id":1}}
2024/02/19 00:41:52 Sent {"src":"n0","dest":"c27","body":{"in_reply_to":1,"message_ids":[0,1,2,3,4,5,6,7,8,9,10,11,12,13,14,15,16,17,18,19,20,21,22,23,24],"type":"read_ok"}}
2024/02/19 00:41:53 Received {c28 n0 {"type":"broadcast","message":25,"msg_id":1}}
2024/02/19 00:41:53 Sent {"src":"n0","dest":"c28","body":{"in_reply_to":1,"type":"broadcast_ok"}}
2024/02/19 00:41:53 Received {c28 n0 {"type":"broadcast","message":26,"msg_id":2}}
2024/02/19 00:41:53 Sent {"src":"n0","dest":"c28","body":{"in_reply_to":2,"type":"broadcast_ok"}}
2024/02/19 00:41:53 Received {c28 n0 {"type":"read","msg_id":3}}
2024/02/19 00:41:53 Sent {"src":"n0","dest":"c28","body":{"in_reply_to":3,"message_ids":[0,1,2,3,4,5,6,7,8,9,10,11,12,13,14,15,16,17,18,19,20,21,22,23,24,25,26],"type":"read_ok"}}
2024/02/19 00:41:53 Received {c29 n0 {"type":"broadcast","message":27,"msg_id":1}}
2024/02/19 00:41:53 Sent {"src":"n0","dest":"c29","body":{"in_reply_to":1,"type":"broadcast_ok"}}
2024/02/19 00:41:53 Received {c29 n0 {"type":"broadcast","message":28,"msg_id":2}}
2024/02/19 00:41:53 Sent {"src":"n0","dest":"c29","body":{"in_reply_to":2,"type":"broadcast_ok"}}
