2024/02/23 16:30:51 Received {c4 n0 {"type":"init","node_id":"n0","node_ids":["n0","n1","n2","n3","n4"],"msg_id":1}}
2024/02/23 16:30:51 Node n0 initialized
2024/02/23 16:30:51 Sent {"src":"n0","dest":"c4","body":{"in_reply_to":1,"type":"init_ok"}}
2024/02/23 16:30:51 Received {c5 n0 {"type":"topology","topology":{"n0":["n3","n1"],"n1":["n4","n2","n0"],"n2":["n1"],"n3":["n0","n4"],"n4":["n1","n3"]},"msg_id":1}}
2024/02/23 16:30:51 Sent {"src":"n0","dest":"c5","body":{"in_reply_to":1,"type":"topology_ok"}}
2024/02/23 16:30:51 Received {c10 n0 {"type":"broadcast","message":0,"msg_id":1}}
2024/02/23 16:30:51 Sent {"src":"n0","dest":"c10","body":{"in_reply_to":1,"type":"broadcast_ok"}}
2024/02/23 16:30:51 Sent {"src":"n0","dest":"n4","body":{"message":0,"msg_id":1,"type":"broadcast"}}
2024/02/23 16:30:51 Sent {"src":"n0","dest":"n3","body":{"message":0,"msg_id":1,"type":"broadcast"}}
2024/02/23 16:30:51 Sent {"src":"n0","dest":"n4","body":{"message":0,"msg_id":1,"type":"broadcast"}}
2024/02/23 16:30:51 Sent {"src":"n0","dest":"n4","body":{"message":0,"msg_id":1,"type":"broadcast"}}
2024/02/23 16:30:51 Sent {"src":"n0","dest":"n4","body":{"message":0,"msg_id":1,"type":"broadcast"}}
2024/02/23 16:30:51 Received {n4 n0 {"in_reply_to":1,"type":"broadcast_ok"}}
2024/02/23 16:30:51 Ignoring reply to 1 with no callback
2024/02/23 16:30:51 Received {n3 n0 {"in_reply_to":1,"type":"broadcast_ok"}}
2024/02/23 16:30:51 Ignoring reply to 1 with no callback
2024/02/23 16:30:52 Received {c10 n0 {"type":"read","msg_id":2}}
2024/02/23 16:30:52 Sent {"src":"n0","dest":"c10","body":{"in_reply_to":2,"messages":[0],"type":"read_ok"}}
2024/02/23 16:30:52 Received {c10 n0 {"type":"broadcast","message":4,"msg_id":3}}
2024/02/23 16:30:52 Sent {"src":"n0","dest":"n4","body":{"message":4,"msg_id":3,"type":"broadcast"}}
2024/02/23 16:30:52 Sent {"src":"n0","dest":"n4","body":{"message":4,"msg_id":3,"type":"broadcast"}}
2024/02/23 16:30:52 Sent {"src":"n0","dest":"n4","body":{"message":4,"msg_id":3,"type":"broadcast"}}
2024/02/23 16:30:52 Sent {"src":"n0","dest":"n4","body":{"message":4,"msg_id":3,"type":"broadcast"}}
2024/02/23 16:30:52 Sent {"src":"n0","dest":"c10","body":{"in_reply_to":3,"type":"broadcast_ok"}}
2024/02/23 16:30:52 Sent {"src":"n0","dest":"n4","body":{"message":4,"msg_id":3,"type":"broadcast"}}
2024/02/23 16:30:52 Received {n4 n0 {"in_reply_to":3,"type":"broadcast_ok"}}
2024/02/23 16:30:52 Ignoring reply to 3 with no callback
2024/02/23 16:30:53 Received {c10 n0 {"type":"broadcast","message":8,"msg_id":4}}
2024/02/23 16:30:53 Sent {"src":"n0","dest":"c10","body":{"in_reply_to":4,"type":"broadcast_ok"}}
2024/02/23 16:30:53 Sent {"src":"n0","dest":"n4","body":{"message":8,"msg_id":4,"type":"broadcast"}}
2024/02/23 16:30:53 Sent {"src":"n0","dest":"n4","body":{"message":8,"msg_id":4,"type":"broadcast"}}
2024/02/23 16:30:53 Sent {"src":"n0","dest":"n4","body":{"message":8,"msg_id":4,"type":"broadcast"}}
2024/02/23 16:30:53 Sent {"src":"n0","dest":"n4","body":{"message":8,"msg_id":4,"type":"broadcast"}}
2024/02/23 16:30:53 Sent {"src":"n0","dest":"n4","body":{"message":8,"msg_id":4,"type":"broadcast"}}
2024/02/23 16:30:53 Received {n4 n0 {"in_reply_to":4,"type":"broadcast_ok"}}
2024/02/23 16:30:53 Ignoring reply to 4 with no callback
2024/02/23 16:30:53 Received {c10 n0 {"type":"broadcast","message":9,"msg_id":5}}
2024/02/23 16:30:53 Sent {"src":"n0","dest":"n4","body":{"message":9,"msg_id":5,"type":"broadcast"}}
2024/02/23 16:30:53 Sent {"src":"n0","dest":"c10","body":{"in_reply_to":5,"type":"broadcast_ok"}}
2024/02/23 16:30:53 Sent {"src":"n0","dest":"n4","body":{"message":9,"msg_id":5,"type":"broadcast"}}
2024/02/23 16:30:53 Sent {"src":"n0","dest":"n4","body":{"message":9,"msg_id":5,"type":"broadcast"}}
2024/02/23 16:30:53 Sent {"src":"n0","dest":"n4","body":{"message":9,"msg_id":5,"type":"broadcast"}}
2024/02/23 16:30:53 Sent {"src":"n0","dest":"n4","body":{"message":9,"msg_id":5,"type":"broadcast"}}
2024/02/23 16:30:53 Received {n4 n0 {"in_reply_to":5,"type":"broadcast_ok"}}
2024/02/23 16:30:53 Ignoring reply to 5 with no callback
2024/02/23 16:30:53 Received {c10 n0 {"type":"read","msg_id":6}}
2024/02/23 16:30:53 Sent {"src":"n0","dest":"c10","body":{"in_reply_to":6,"messages":[0,4,8,9],"type":"read_ok"}}
2024/02/23 16:30:53 Received {c10 n0 {"type":"read","msg_id":7}}
2024/02/23 16:30:53 Sent {"src":"n0","dest":"c10","body":{"in_reply_to":7,"messages":[0,4,8,9],"type":"read_ok"}}
2024/02/23 16:30:53 Received {c10 n0 {"type":"read","msg_id":8}}
2024/02/23 16:30:53 Sent {"src":"n0","dest":"c10","body":{"in_reply_to":8,"messages":[0,4,8,9],"type":"read_ok"}}
2024/02/23 16:30:54 Received {c10 n0 {"type":"broadcast","message":13,"msg_id":9}}
2024/02/23 16:30:54 Sent {"src":"n0","dest":"c10","body":{"in_reply_to":9,"type":"broadcast_ok"}}
2024/02/23 16:30:54 Sent {"src":"n0","dest":"n4","body":{"message":13,"msg_id":9,"type":"broadcast"}}
2024/02/23 16:30:54 Sent {"src":"n0","dest":"n4","body":{"message":13,"msg_id":9,"type":"broadcast"}}
2024/02/23 16:30:54 Sent {"src":"n0","dest":"n4","body":{"message":13,"msg_id":9,"type":"broadcast"}}
2024/02/23 16:30:54 Sent {"src":"n0","dest":"n4","body":{"message":13,"msg_id":9,"type":"broadcast"}}
2024/02/23 16:30:54 Sent {"src":"n0","dest":"n4","body":{"message":13,"msg_id":9,"type":"broadcast"}}
2024/02/23 16:30:54 Received {n4 n0 {"in_reply_to":9,"type":"broadcast_ok"}}
2024/02/23 16:30:54 Ignoring reply to 9 with no callback
2024/02/23 16:30:54 Received {c10 n0 {"type":"read","msg_id":10}}
2024/02/23 16:30:54 Sent {"src":"n0","dest":"c10","body":{"in_reply_to":10,"messages":[0,4,8,9,13],"type":"read_ok"}}
2024/02/23 16:30:54 Received {c10 n0 {"type":"broadcast","message":18,"msg_id":11}}
2024/02/23 16:30:54 Sent {"src":"n0","dest":"c10","body":{"in_reply_to":11,"type":"broadcast_ok"}}
2024/02/23 16:30:54 Sent {"src":"n0","dest":"n4","body":{"message":18,"msg_id":11,"type":"broadcast"}}
2024/02/23 16:30:54 Sent {"src":"n0","dest":"n4","body":{"message":18,"msg_id":11,"type":"broadcast"}}
2024/02/23 16:30:54 Sent {"src":"n0","dest":"n4","body":{"message":18,"msg_id":11,"type":"broadcast"}}
2024/02/23 16:30:54 Sent {"src":"n0","dest":"n4","body":{"message":18,"msg_id":11,"type":"broadcast"}}
2024/02/23 16:30:54 Sent {"src":"n0","dest":"n4","body":{"message":18,"msg_id":11,"type":"broadcast"}}
2024/02/23 16:30:54 Received {n4 n0 {"in_reply_to":11,"type":"broadcast_ok"}}
2024/02/23 16:30:54 Ignoring reply to 11 with no callback
2024/02/23 16:30:55 Received {c10 n0 {"type":"broadcast","message":23,"msg_id":12}}
2024/02/23 16:30:55 Sent {"src":"n0","dest":"c10","body":{"in_reply_to":12,"type":"broadcast_ok"}}
2024/02/23 16:30:55 Sent {"src":"n0","dest":"n4","body":{"message":23,"msg_id":12,"type":"broadcast"}}
2024/02/23 16:30:55 Sent {"src":"n0","dest":"n4","body":{"message":23,"msg_id":12,"type":"broadcast"}}
2024/02/23 16:30:55 Sent {"src":"n0","dest":"n4","body":{"message":23,"msg_id":12,"type":"broadcast"}}
2024/02/23 16:30:55 Sent {"src":"n0","dest":"n4","body":{"message":23,"msg_id":12,"type":"broadcast"}}
2024/02/23 16:30:55 Sent {"src":"n0","dest":"n4","body":{"message":23,"msg_id":12,"type":"broadcast"}}
2024/02/23 16:30:55 Received {n4 n0 {"in_reply_to":12,"type":"broadcast_ok"}}
2024/02/23 16:30:55 Ignoring reply to 12 with no callback
2024/02/23 16:30:55 Received {c10 n0 {"type":"broadcast","message":24,"msg_id":13}}
2024/02/23 16:30:55 Sent {"src":"n0","dest":"n3","body":{"message":24,"msg_id":13,"type":"broadcast"}}
2024/02/23 16:30:55 Sent {"src":"n0","dest":"n4","body":{"message":24,"msg_id":13,"type":"broadcast"}}
2024/02/23 16:30:55 Sent {"src":"n0","dest":"c10","body":{"in_reply_to":13,"type":"broadcast_ok"}}
2024/02/23 16:30:55 Sent {"src":"n0","dest":"n4","body":{"message":24,"msg_id":13,"type":"broadcast"}}
2024/02/23 16:30:55 Sent {"src":"n0","dest":"n4","body":{"message":24,"msg_id":13,"type":"broadcast"}}
2024/02/23 16:30:55 Sent {"src":"n0","dest":"n4","body":{"message":24,"msg_id":13,"type":"broadcast"}}
2024/02/23 16:30:55 Received {n3 n0 {"in_reply_to":13,"type":"broadcast_ok"}}
2024/02/23 16:30:55 Ignoring reply to 13 with no callback
2024/02/23 16:30:55 Received {n4 n0 {"in_reply_to":13,"type":"broadcast_ok"}}
2024/02/23 16:30:55 Ignoring reply to 13 with no callback
2024/02/23 16:30:55 Received {c10 n0 {"type":"broadcast","message":26,"msg_id":14}}
2024/02/23 16:30:55 Sent {"src":"n0","dest":"c10","body":{"in_reply_to":14,"type":"broadcast_ok"}}
2024/02/23 16:30:55 Sent {"src":"n0","dest":"n4","body":{"message":26,"msg_id":14,"type":"broadcast"}}
2024/02/23 16:30:55 Sent {"src":"n0","dest":"n4","body":{"message":26,"msg_id":14,"type":"broadcast"}}
2024/02/23 16:30:55 Sent {"src":"n0","dest":"n4","body":{"message":26,"msg_id":14,"type":"broadcast"}}
2024/02/23 16:30:55 Sent {"src":"n0","dest":"n4","body":{"message":26,"msg_id":14,"type":"broadcast"}}
2024/02/23 16:30:55 Sent {"src":"n0","dest":"n4","body":{"message":26,"msg_id":14,"type":"broadcast"}}
2024/02/23 16:30:55 Received {n4 n0 {"in_reply_to":14,"type":"broadcast_ok"}}
2024/02/23 16:30:55 Ignoring reply to 14 with no callback
2024/02/23 16:30:56 Received {c10 n0 {"type":"read","msg_id":15}}
2024/02/23 16:30:56 Sent {"src":"n0","dest":"c10","body":{"in_reply_to":15,"messages":[26,4,8,13,23,24,0,9,18],"type":"read_ok"}}
2024/02/23 16:30:56 Received {c10 n0 {"type":"broadcast","message":29,"msg_id":16}}
2024/02/23 16:30:56 Sent {"src":"n0","dest":"c10","body":{"in_reply_to":16,"type":"broadcast_ok"}}
2024/02/23 16:30:56 Sent {"src":"n0","dest":"n4","body":{"message":29,"msg_id":16,"type":"broadcast"}}
2024/02/23 16:30:56 Sent {"src":"n0","dest":"n4","body":{"message":29,"msg_id":16,"type":"broadcast"}}
2024/02/23 16:30:56 Sent {"src":"n0","dest":"n4","body":{"message":29,"msg_id":16,"type":"broadcast"}}
2024/02/23 16:30:56 Sent {"src":"n0","dest":"n4","body":{"message":29,"msg_id":16,"type":"broadcast"}}
2024/02/23 16:30:56 Sent {"src":"n0","dest":"n4","body":{"message":29,"msg_id":16,"type":"broadcast"}}
2024/02/23 16:30:56 Received {n4 n0 {"in_reply_to":16,"type":"broadcast_ok"}}
2024/02/23 16:30:56 Ignoring reply to 16 with no callback
2024/02/23 16:30:56 Received {c10 n0 {"type":"broadcast","message":30,"msg_id":17}}
2024/02/23 16:30:56 Sent {"src":"n0","dest":"c10","body":{"in_reply_to":17,"type":"broadcast_ok"}}
2024/02/23 16:30:56 Sent {"src":"n0","dest":"n4","body":{"message":30,"msg_id":17,"type":"broadcast"}}
2024/02/23 16:30:56 Sent {"src":"n0","dest":"n4","body":{"message":30,"msg_id":17,"type":"broadcast"}}
2024/02/23 16:30:56 Sent {"src":"n0","dest":"n4","body":{"message":30,"msg_id":17,"type":"broadcast"}}
2024/02/23 16:30:56 Sent {"src":"n0","dest":"n4","body":{"message":30,"msg_id":17,"type":"broadcast"}}
2024/02/23 16:30:56 Sent {"src":"n0","dest":"n4","body":{"message":30,"msg_id":17,"type":"broadcast"}}
2024/02/23 16:30:56 Received {n4 n0 {"in_reply_to":17,"type":"broadcast_ok"}}
2024/02/23 16:30:56 Ignoring reply to 17 with no callback
2024/02/23 16:30:57 Received {c10 n0 {"type":"broadcast","message":34,"msg_id":18}}
2024/02/23 16:30:57 Sent {"src":"n0","dest":"c10","body":{"in_reply_to":18,"type":"broadcast_ok"}}
2024/02/23 16:30:57 Sent {"src":"n0","dest":"n4","body":{"message":34,"msg_id":18,"type":"broadcast"}}
2024/02/23 16:30:57 Sent {"src":"n0","dest":"n4","body":{"message":34,"msg_id":18,"type":"broadcast"}}
2024/02/23 16:30:57 Sent {"src":"n0","dest":"n4","body":{"message":34,"msg_id":18,"type":"broadcast"}}
2024/02/23 16:30:57 Sent {"src":"n0","dest":"n4","body":{"message":34,"msg_id":18,"type":"broadcast"}}
2024/02/23 16:30:57 Sent {"src":"n0","dest":"n4","body":{"message":34,"msg_id":18,"type":"broadcast"}}
2024/02/23 16:30:57 Received {n4 n0 {"in_reply_to":18,"type":"broadcast_ok"}}
2024/02/23 16:30:57 Ignoring reply to 18 with no callback
2024/02/23 16:30:57 Received {c10 n0 {"type":"read","msg_id":19}}
2024/02/23 16:30:57 Sent {"src":"n0","dest":"c10","body":{"in_reply_to":19,"messages":[23,24,26,29,30,4,8,13,34,0,9,18],"type":"read_ok"}}
2024/02/23 16:30:58 Received {c10 n0 {"type":"read","msg_id":20}}
2024/02/23 16:30:58 Sent {"src":"n0","dest":"c10","body":{"in_reply_to":20,"messages":[13,23,24,26,29,30,4,8,34,18,0,9],"type":"read_ok"}}
2024/02/23 16:30:58 Received {c10 n0 {"type":"read","msg_id":21}}
2024/02/23 16:30:58 Sent {"src":"n0","dest":"c10","body":{"in_reply_to":21,"messages":[24,26,29,30,4,8,13,23,34,0,9,18],"type":"read_ok"}}
2024/02/23 16:30:58 Received {c10 n0 {"type":"broadcast","message":39,"msg_id":22}}
2024/02/23 16:30:58 Sent {"src":"n0","dest":"c10","body":{"in_reply_to":22,"type":"broadcast_ok"}}
2024/02/23 16:30:58 Sent {"src":"n0","dest":"n4","body":{"message":39,"msg_id":22,"type":"broadcast"}}
2024/02/23 16:30:58 Sent {"src":"n0","dest":"n4","body":{"message":39,"msg_id":22,"type":"broadcast"}}
2024/02/23 16:30:58 Sent {"src":"n0","dest":"n4","body":{"message":39,"msg_id":22,"type":"broadcast"}}
2024/02/23 16:30:58 Sent {"src":"n0","dest":"n4","body":{"message":39,"msg_id":22,"type":"broadcast"}}
2024/02/23 16:30:58 Sent {"src":"n0","dest":"n4","body":{"message":39,"msg_id":22,"type":"broadcast"}}
2024/02/23 16:30:58 Received {n4 n0 {"in_reply_to":22,"type":"broadcast_ok"}}
2024/02/23 16:30:58 Ignoring reply to 22 with no callback
2024/02/23 16:30:58 Received {c10 n0 {"type":"read","msg_id":23}}
2024/02/23 16:30:58 Sent {"src":"n0","dest":"c10","body":{"in_reply_to":23,"messages":[24,26,29,30,4,8,13,23,34,39,0,9,18],"type":"read_ok"}}
2024/02/23 16:30:59 Received {c10 n0 {"type":"read","msg_id":24}}
2024/02/23 16:30:59 Sent {"src":"n0","dest":"c10","body":{"in_reply_to":24,"messages":[0,9,18,29,30,4,8,13,23,24,26,34,39],"type":"read_ok"}}
2024/02/23 16:30:59 Received {c10 n0 {"type":"read","msg_id":25}}
2024/02/23 16:30:59 Sent {"src":"n0","dest":"c10","body":{"in_reply_to":25,"messages":[24,26,29,30,4,8,13,23,34,39,0,9,18],"type":"read_ok"}}
2024/02/23 16:30:59 Received {c10 n0 {"type":"read","msg_id":26}}
2024/02/23 16:30:59 Sent {"src":"n0","dest":"c10","body":{"in_reply_to":26,"messages":[4,8,13,23,24,26,29,30,34,39,0,9,18],"type":"read_ok"}}
2024/02/23 16:31:00 Received {c10 n0 {"type":"read","msg_id":27}}
2024/02/23 16:31:00 Sent {"src":"n0","dest":"c10","body":{"in_reply_to":27,"messages":[0,9,18,26,29,30,4,8,13,23,24,34,39],"type":"read_ok"}}
2024/02/23 16:31:00 Received {c10 n0 {"type":"read","msg_id":28}}
2024/02/23 16:31:00 Sent {"src":"n0","dest":"c10","body":{"in_reply_to":28,"messages":[0,9,18,4,8,13,23,24,26,29,30,34,39],"type":"read_ok"}}
2024/02/23 16:31:00 Received {c10 n0 {"type":"read","msg_id":29}}
2024/02/23 16:31:00 Sent {"src":"n0","dest":"c10","body":{"in_reply_to":29,"messages":[0,9,18,30,4,8,13,23,24,26,29,34,39],"type":"read_ok"}}
2024/02/23 16:31:01 Received {c10 n0 {"type":"read","msg_id":30}}
2024/02/23 16:31:01 Sent {"src":"n0","dest":"c10","body":{"in_reply_to":30,"messages":[0,9,18,23,24,26,29,30,4,8,13,34,39],"type":"read_ok"}}
2024/02/23 16:31:01 Received {c10 n0 {"type":"read","msg_id":31}}
2024/02/23 16:31:01 Sent {"src":"n0","dest":"c10","body":{"in_reply_to":31,"messages":[0,9,18,24,26,29,30,4,8,13,23,34,39],"type":"read_ok"}}
2024/02/23 16:31:02 Received {c10 n0 {"type":"read","msg_id":32}}
2024/02/23 16:31:02 Sent {"src":"n0","dest":"c10","body":{"in_reply_to":32,"messages":[0,9,18,26,29,30,4,8,13,23,24,34,39],"type":"read_ok"}}
2024/02/23 16:31:02 Received {c10 n0 {"type":"broadcast","message":52,"msg_id":33}}
2024/02/23 16:31:02 Sent {"src":"n0","dest":"c10","body":{"in_reply_to":33,"type":"broadcast_ok"}}
2024/02/23 16:31:02 Sent {"src":"n0","dest":"n4","body":{"message":52,"msg_id":33,"type":"broadcast"}}
2024/02/23 16:31:02 Sent {"src":"n0","dest":"n4","body":{"message":52,"msg_id":33,"type":"broadcast"}}
2024/02/23 16:31:02 Sent {"src":"n0","dest":"n4","body":{"message":52,"msg_id":33,"type":"broadcast"}}
2024/02/23 16:31:02 Sent {"src":"n0","dest":"n4","body":{"message":52,"msg_id":33,"type":"broadcast"}}
2024/02/23 16:31:02 Sent {"src":"n0","dest":"n4","body":{"message":52,"msg_id":33,"type":"broadcast"}}
2024/02/23 16:31:02 Received {n4 n0 {"in_reply_to":33,"type":"broadcast_ok"}}
2024/02/23 16:31:02 Ignoring reply to 33 with no callback
2024/02/23 16:31:02 Received {c10 n0 {"type":"read","msg_id":34}}
2024/02/23 16:31:02 Sent {"src":"n0","dest":"c10","body":{"in_reply_to":34,"messages":[13,29,8,18,52,9,23,24,26,30,34,39,4,0],"type":"read_ok"}}
2024/02/23 16:31:02 Received {c10 n0 {"type":"broadcast","message":56,"msg_id":35}}
2024/02/23 16:31:02 Sent {"src":"n0","dest":"c10","body":{"in_reply_to":35,"type":"broadcast_ok"}}
2024/02/23 16:31:02 Sent {"src":"n0","dest":"n4","body":{"message":56,"msg_id":35,"type":"broadcast"}}
2024/02/23 16:31:02 Sent {"src":"n0","dest":"n4","body":{"message":56,"msg_id":35,"type":"broadcast"}}
2024/02/23 16:31:02 Sent {"src":"n0","dest":"n4","body":{"message":56,"msg_id":35,"type":"broadcast"}}
2024/02/23 16:31:02 Sent {"src":"n0","dest":"n4","body":{"message":56,"msg_id":35,"type":"broadcast"}}
2024/02/23 16:31:02 Sent {"src":"n0","dest":"n4","body":{"message":56,"msg_id":35,"type":"broadcast"}}
2024/02/23 16:31:02 Received {n4 n0 {"in_reply_to":35,"type":"broadcast_ok"}}
2024/02/23 16:31:02 Ignoring reply to 35 with no callback
2024/02/23 16:31:03 Received {c10 n0 {"type":"broadcast","message":59,"msg_id":36}}
2024/02/23 16:31:03 Sent {"src":"n0","dest":"c10","body":{"in_reply_to":36,"type":"broadcast_ok"}}
2024/02/23 16:31:03 Sent {"src":"n0","dest":"n4","body":{"message":59,"msg_id":36,"type":"broadcast"}}
2024/02/23 16:31:03 Sent {"src":"n0","dest":"n4","body":{"message":59,"msg_id":36,"type":"broadcast"}}
2024/02/23 16:31:03 Sent {"src":"n0","dest":"n4","body":{"message":59,"msg_id":36,"type":"broadcast"}}
2024/02/23 16:31:03 Sent {"src":"n0","dest":"n4","body":{"message":59,"msg_id":36,"type":"broadcast"}}
2024/02/23 16:31:03 Sent {"src":"n0","dest":"n4","body":{"message":59,"msg_id":36,"type":"broadcast"}}
2024/02/23 16:31:03 Received {n4 n0 {"in_reply_to":36,"type":"broadcast_ok"}}
2024/02/23 16:31:03 Ignoring reply to 36 with no callback
2024/02/23 16:31:03 Received {c10 n0 {"type":"broadcast","message":60,"msg_id":37}}
2024/02/23 16:31:03 Sent {"src":"n0","dest":"c10","body":{"in_reply_to":37,"type":"broadcast_ok"}}
2024/02/23 16:31:03 Sent {"src":"n0","dest":"n4","body":{"message":60,"msg_id":37,"type":"broadcast"}}
2024/02/23 16:31:03 Sent {"src":"n0","dest":"n4","body":{"message":60,"msg_id":37,"type":"broadcast"}}
2024/02/23 16:31:03 Sent {"src":"n0","dest":"n4","body":{"message":60,"msg_id":37,"type":"broadcast"}}
2024/02/23 16:31:03 Sent {"src":"n0","dest":"n4","body":{"message":60,"msg_id":37,"type":"broadcast"}}
2024/02/23 16:31:03 Sent {"src":"n0","dest":"n4","body":{"message":60,"msg_id":37,"type":"broadcast"}}
2024/02/23 16:31:03 Received {n4 n0 {"in_reply_to":37,"type":"broadcast_ok"}}
2024/02/23 16:31:03 Ignoring reply to 37 with no callback
2024/02/23 16:31:04 Received {c10 n0 {"type":"broadcast","message":63,"msg_id":38}}
2024/02/23 16:31:04 Sent {"src":"n0","dest":"c10","body":{"in_reply_to":38,"type":"broadcast_ok"}}
2024/02/23 16:31:04 Sent {"src":"n0","dest":"n4","body":{"message":63,"msg_id":38,"type":"broadcast"}}
2024/02/23 16:31:04 Sent {"src":"n0","dest":"n4","body":{"message":63,"msg_id":38,"type":"broadcast"}}
2024/02/23 16:31:04 Sent {"src":"n0","dest":"n4","body":{"message":63,"msg_id":38,"type":"broadcast"}}
2024/02/23 16:31:04 Sent {"src":"n0","dest":"n4","body":{"message":63,"msg_id":38,"type":"broadcast"}}
2024/02/23 16:31:04 Sent {"src":"n0","dest":"n4","body":{"message":63,"msg_id":38,"type":"broadcast"}}
2024/02/23 16:31:04 Received {n4 n0 {"in_reply_to":38,"type":"broadcast_ok"}}
2024/02/23 16:31:04 Ignoring reply to 38 with no callback
2024/02/23 16:31:04 Received {c10 n0 {"type":"read","msg_id":39}}
2024/02/23 16:31:04 Sent {"src":"n0","dest":"c10","body":{"in_reply_to":39,"messages":[63,0,56,29,60,8,13,52,9,18,24,26,30,34,39,59,4,23],"type":"read_ok"}}
2024/02/23 16:31:04 Received {c10 n0 {"type":"broadcast","message":64,"msg_id":40}}
2024/02/23 16:31:04 Sent {"src":"n0","dest":"c10","body":{"in_reply_to":40,"type":"broadcast_ok"}}
2024/02/23 16:31:04 Sent {"src":"n0","dest":"n4","body":{"message":64,"msg_id":40,"type":"broadcast"}}
2024/02/23 16:31:04 Sent {"src":"n0","dest":"n4","body":{"message":64,"msg_id":40,"type":"broadcast"}}
2024/02/23 16:31:04 Sent {"src":"n0","dest":"n4","body":{"message":64,"msg_id":40,"type":"broadcast"}}
2024/02/23 16:31:04 Sent {"src":"n0","dest":"n4","body":{"message":64,"msg_id":40,"type":"broadcast"}}
2024/02/23 16:31:04 Sent {"src":"n0","dest":"n4","body":{"message":64,"msg_id":40,"type":"broadcast"}}
2024/02/23 16:31:04 Received {n4 n0 {"in_reply_to":40,"type":"broadcast_ok"}}
2024/02/23 16:31:04 Ignoring reply to 40 with no callback
2024/02/23 16:31:05 Received {c10 n0 {"type":"broadcast","message":65,"msg_id":41}}
2024/02/23 16:31:05 Sent {"src":"n0","dest":"c10","body":{"in_reply_to":41,"type":"broadcast_ok"}}
2024/02/23 16:31:05 Sent {"src":"n0","dest":"n4","body":{"message":65,"msg_id":41,"type":"broadcast"}}
2024/02/23 16:31:05 Sent {"src":"n0","dest":"n4","body":{"message":65,"msg_id":41,"type":"broadcast"}}
2024/02/23 16:31:05 Sent {"src":"n0","dest":"n4","body":{"message":65,"msg_id":41,"type":"broadcast"}}
2024/02/23 16:31:05 Sent {"src":"n0","dest":"n4","body":{"message":65,"msg_id":41,"type":"broadcast"}}
2024/02/23 16:31:05 Sent {"src":"n0","dest":"n4","body":{"message":65,"msg_id":41,"type":"broadcast"}}
2024/02/23 16:31:05 Received {n4 n0 {"in_reply_to":41,"type":"broadcast_ok"}}
2024/02/23 16:31:05 Ignoring reply to 41 with no callback
2024/02/23 16:31:05 Received {c10 n0 {"type":"read","msg_id":42}}
2024/02/23 16:31:05 Sent {"src":"n0","dest":"c10","body":{"in_reply_to":42,"messages":[60,65,8,13,29,9,18,52,26,30,34,39,59,4,23,24,64,0,56,63],"type":"read_ok"}}
2024/02/23 16:31:05 Received {c10 n0 {"type":"broadcast","message":66,"msg_id":43}}
2024/02/23 16:31:05 Sent {"src":"n0","dest":"c10","body":{"in_reply_to":43,"type":"broadcast_ok"}}
2024/02/23 16:31:05 Sent {"src":"n0","dest":"n4","body":{"message":66,"msg_id":43,"type":"broadcast"}}
2024/02/23 16:31:05 Sent {"src":"n0","dest":"n4","body":{"message":66,"msg_id":43,"type":"broadcast"}}
2024/02/23 16:31:05 Sent {"src":"n0","dest":"n4","body":{"message":66,"msg_id":43,"type":"broadcast"}}
2024/02/23 16:31:05 Sent {"src":"n0","dest":"n4","body":{"message":66,"msg_id":43,"type":"broadcast"}}
2024/02/23 16:31:05 Sent {"src":"n0","dest":"n4","body":{"message":66,"msg_id":43,"type":"broadcast"}}
2024/02/23 16:31:05 Received {n4 n0 {"in_reply_to":43,"type":"broadcast_ok"}}
2024/02/23 16:31:05 Ignoring reply to 43 with no callback
2024/02/23 16:31:06 Received {c10 n0 {"type":"read","msg_id":44}}
2024/02/23 16:31:06 Sent {"src":"n0","dest":"c10","body":{"in_reply_to":44,"messages":[9,18,52,30,34,39,59,4,23,24,26,64,0,56,63,66,65,8,13,29,60],"type":"read_ok"}}
2024/02/23 16:31:06 Received {c10 n0 {"type":"read","msg_id":45}}
2024/02/23 16:31:06 Sent {"src":"n0","dest":"c10","body":{"in_reply_to":45,"messages":[56,63,66,0,13,29,60,65,8,18,52,9,23,24,26,30,34,39,59,4,64],"type":"read_ok"}}
2024/02/23 16:31:07 Received {c10 n0 {"type":"read","msg_id":46}}
2024/02/23 16:31:07 Sent {"src":"n0","dest":"c10","body":{"in_reply_to":46,"messages":[29,60,65,8,13,52,9,18,24,26,30,34,39,59,4,23,64,63,66,0,56],"type":"read_ok"}}
2024/02/23 16:31:07 Received {c10 n0 {"type":"read","msg_id":47}}
2024/02/23 16:31:07 Sent {"src":"n0","dest":"c10","body":{"in_reply_to":47,"messages":[52,9,18,24,26,30,34,39,59,4,23,64,63,66,0,56,29,60,65,8,13],"type":"read_ok"}}
2024/02/23 16:31:07 Received {c10 n0 {"type":"read","msg_id":48}}
2024/02/23 16:31:07 Sent {"src":"n0","dest":"c10","body":{"in_reply_to":48,"messages":[0,56,63,66,8,13,29,60,65,9,18,52,39,59,4,23,24,26,30,34,64],"type":"read_ok"}}
2024/02/23 16:31:07 Received {c10 n0 {"type":"read","msg_id":49}}
2024/02/23 16:31:07 Sent {"src":"n0","dest":"c10","body":{"in_reply_to":49,"messages":[8,13,29,60,65,9,18,52,59,4,23,24,26,30,34,39,64,0,56,63,66],"type":"read_ok"}}
2024/02/23 16:31:08 Received {c10 n0 {"type":"broadcast","message":76,"msg_id":50}}
2024/02/23 16:31:08 Sent {"src":"n0","dest":"c10","body":{"in_reply_to":50,"type":"broadcast_ok"}}
2024/02/23 16:31:08 Sent {"src":"n0","dest":"n4","body":{"message":76,"msg_id":50,"type":"broadcast"}}
2024/02/23 16:31:08 Sent {"src":"n0","dest":"n4","body":{"message":76,"msg_id":50,"type":"broadcast"}}
2024/02/23 16:31:08 Sent {"src":"n0","dest":"n4","body":{"message":76,"msg_id":50,"type":"broadcast"}}
2024/02/23 16:31:08 Sent {"src":"n0","dest":"n4","body":{"message":76,"msg_id":50,"type":"broadcast"}}
2024/02/23 16:31:08 Sent {"src":"n0","dest":"n4","body":{"message":76,"msg_id":50,"type":"broadcast"}}
2024/02/23 16:31:08 Received {n4 n0 {"in_reply_to":50,"type":"broadcast_ok"}}
2024/02/23 16:31:08 Ignoring reply to 50 with no callback
2024/02/23 16:31:08 Received {c10 n0 {"type":"read","msg_id":51}}
2024/02/23 16:31:08 Sent {"src":"n0","dest":"c10","body":{"in_reply_to":51,"messages":[66,0,56,63,60,65,76,8,13,29,9,18,52,26,30,34,39,59,4,23,24,64],"type":"read_ok"}}
2024/02/23 16:31:09 Received {c10 n0 {"type":"broadcast","message":77,"msg_id":52}}
2024/02/23 16:31:09 Sent {"src":"n0","dest":"c10","body":{"in_reply_to":52,"type":"broadcast_ok"}}
2024/02/23 16:31:09 Sent {"src":"n0","dest":"n4","body":{"message":77,"msg_id":52,"type":"broadcast"}}
2024/02/23 16:31:09 Sent {"src":"n0","dest":"n4","body":{"message":77,"msg_id":52,"type":"broadcast"}}
2024/02/23 16:31:09 Sent {"src":"n0","dest":"n4","body":{"message":77,"msg_id":52,"type":"broadcast"}}
2024/02/23 16:31:09 Sent {"src":"n0","dest":"n4","body":{"message":77,"msg_id":52,"type":"broadcast"}}
2024/02/23 16:31:09 Sent {"src":"n0","dest":"n4","body":{"message":77,"msg_id":52,"type":"broadcast"}}
2024/02/23 16:31:09 Received {n4 n0 {"in_reply_to":52,"type":"broadcast_ok"}}
2024/02/23 16:31:09 Ignoring reply to 52 with no callback
2024/02/23 16:31:09 Received {c10 n0 {"type":"read","msg_id":53}}
2024/02/23 16:31:09 Sent {"src":"n0","dest":"c10","body":{"in_reply_to":53,"messages":[8,13,29,60,65,76,9,18,52,59,4,23,24,26,30,34,39,64,0,56,63,66,77],"type":"read_ok"}}
2024/02/23 16:31:09 Received {c10 n0 {"type":"read","msg_id":54}}
2024/02/23 16:31:09 Sent {"src":"n0","dest":"c10","body":{"in_reply_to":54,"messages":[52,9,18,24,26,30,34,39,59,4,23,64,63,66,77,0,56,29,60,65,76,8,13],"type":"read_ok"}}
2024/02/23 16:31:09 Received {c10 n0 {"type":"broadcast","message":80,"msg_id":55}}
2024/02/23 16:31:09 Sent {"src":"n0","dest":"c10","body":{"in_reply_to":55,"type":"broadcast_ok"}}
2024/02/23 16:31:09 Sent {"src":"n0","dest":"n4","body":{"message":80,"msg_id":55,"type":"broadcast"}}
2024/02/23 16:31:09 Sent {"src":"n0","dest":"n4","body":{"message":80,"msg_id":55,"type":"broadcast"}}
2024/02/23 16:31:09 Sent {"src":"n0","dest":"n4","body":{"message":80,"msg_id":55,"type":"broadcast"}}
2024/02/23 16:31:09 Sent {"src":"n0","dest":"n4","body":{"message":80,"msg_id":55,"type":"broadcast"}}
2024/02/23 16:31:09 Sent {"src":"n0","dest":"n4","body":{"message":80,"msg_id":55,"type":"broadcast"}}
2024/02/23 16:31:09 Received {n4 n0 {"in_reply_to":55,"type":"broadcast_ok"}}
2024/02/23 16:31:09 Ignoring reply to 55 with no callback
2024/02/23 16:31:10 Received {c10 n0 {"type":"broadcast","message":82,"msg_id":56}}
2024/02/23 16:31:10 Sent {"src":"n0","dest":"c10","body":{"in_reply_to":56,"type":"broadcast_ok"}}
2024/02/23 16:31:10 Sent {"src":"n0","dest":"n4","body":{"message":82,"msg_id":56,"type":"broadcast"}}
2024/02/23 16:31:10 Sent {"src":"n0","dest":"n4","body":{"message":82,"msg_id":56,"type":"broadcast"}}
2024/02/23 16:31:10 Sent {"src":"n0","dest":"n4","body":{"message":82,"msg_id":56,"type":"broadcast"}}
2024/02/23 16:31:10 Sent {"src":"n0","dest":"n4","body":{"message":82,"msg_id":56,"type":"broadcast"}}
2024/02/23 16:31:10 Sent {"src":"n0","dest":"n4","body":{"message":82,"msg_id":56,"type":"broadcast"}}
2024/02/23 16:31:10 Received {n4 n0 {"in_reply_to":56,"type":"broadcast_ok"}}
2024/02/23 16:31:10 Ignoring reply to 56 with no callback
2024/02/23 16:31:10 Received {c10 n0 {"type":"read","msg_id":57}}
2024/02/23 16:31:10 Sent {"src":"n0","dest":"c10","body":{"in_reply_to":57,"messages":[76,8,13,29,60,65,9,18,52,80,82,34,39,59,4,23,24,26,30,64,0,56,63,66,77],"type":"read_ok"}}
2024/02/23 16:31:11 Received {c10 n0 {"type":"read","msg_id":58}}
2024/02/23 16:31:11 Sent {"src":"n0","dest":"c10","body":{"in_reply_to":58,"messages":[18,52,80,82,9,23,24,26,30,34,39,59,4,64,56,63,66,77,0,13,29,60,65,76,8],"type":"read_ok"}}
2024/02/23 16:31:11 Received {c10 n0 {"type":"broadcast","message":84,"msg_id":59}}
2024/02/23 16:31:11 Sent {"src":"n0","dest":"c10","body":{"in_reply_to":59,"type":"broadcast_ok"}}
2024/02/23 16:31:11 Sent {"src":"n0","dest":"n4","body":{"message":84,"msg_id":59,"type":"broadcast"}}
2024/02/23 16:31:11 Sent {"src":"n0","dest":"n4","body":{"message":84,"msg_id":59,"type":"broadcast"}}
2024/02/23 16:31:11 Sent {"src":"n0","dest":"n4","body":{"message":84,"msg_id":59,"type":"broadcast"}}
2024/02/23 16:31:11 Sent {"src":"n0","dest":"n4","body":{"message":84,"msg_id":59,"type":"broadcast"}}
2024/02/23 16:31:11 Sent {"src":"n0","dest":"n4","body":{"message":84,"msg_id":59,"type":"broadcast"}}
2024/02/23 16:31:11 Received {n4 n0 {"in_reply_to":59,"type":"broadcast_ok"}}
2024/02/23 16:31:11 Ignoring reply to 59 with no callback
2024/02/23 16:31:21 Received {c10 n0 {"type":"read","msg_id":60}}
2024/02/23 16:31:21 Sent {"src":"n0","dest":"c10","body":{"in_reply_to":60,"messages":[39,59,4,23,24,26,30,34,64,84,0,56,63,66,77,8,13,29,60,65,76,9,18,52,80,82],"type":"read_ok"}}
