2024-02-19 00:49:33,868{GMT}	INFO	[jepsen test runner] jepsen.core: Test version a6ecf26472b81b804f34a302bd07c0bb804a8801 (plus uncommitted changes)
2024-02-19 00:49:33,869{GMT}	INFO	[jepsen test runner] jepsen.core: Command line:
lein run test -w broadcast --bin /Users/danishsharma/go/src/gossip-glamers/single_node_broadcast/bin --node-count 1 --time-limit 20 --rate 10
2024-02-19 00:49:33,950{GMT}	INFO	[jepsen test runner] jepsen.core: Running test:
{:args []
 :remote
 #jepsen.control.retry.Remote{:remote #jepsen.control.scp.Remote{:cmd-remote #jepsen.control.sshj.SSHJRemote{:concurrency-limit 6,
                                                                                                             :conn-spec nil,
                                                                                                             :client nil,
                                                                                                             :semaphore nil},
                                                                 :conn-spec nil},
                              :conn nil}
 :log-net-send false
 :node-count 1
 :availability nil
 :max-txn-length 4
 :concurrency 1
 :db
 #object[maelstrom.db$db$reify__16142
         "0x4b48be5c"
         "maelstrom.db$db$reify__16142@4b48be5c"]
 :max-writes-per-key 16
 :leave-db-running? false
 :name "broadcast"
 :logging-json? false
 :start-time
 #object[org.joda.time.DateTime "0x1ef6977b" "2024-02-19T00:49:33.760+05:30"]
 :nemesis-interval 10
 :net
 #object[maelstrom.net$jepsen_net$reify__15251
         "0x674cd2da"
         "maelstrom.net$jepsen_net$reify__15251@674cd2da"]
 :client
 #object[maelstrom.workload.broadcast$client$reify__16644
         "0x686279e0"
         "maelstrom.workload.broadcast$client$reify__16644@686279e0"]
 :barrier
 #object[java.util.concurrent.CyclicBarrier
         "0x6b28d4e4"
         "java.util.concurrent.CyclicBarrier@6b28d4e4"]
 :log-stderr false
 :pure-generators true
 :ssh {:dummy? true}
 :rate 10.0
 :checker
 #object[jepsen.checker$compose$reify__11881
         "0x41cfcbb5"
         "jepsen.checker$compose$reify__11881@41cfcbb5"]
 :argv
 ("test"
  "-w"
  "broadcast"
  "--bin"
  "/Users/danishsharma/go/src/gossip-glamers/single_node_broadcast/bin"
  "--node-count"
  "1"
  "--time-limit"
  "20"
  "--rate"
  "10")
 :nemesis
 (jepsen.nemesis.ReflCompose
  {:fm {:start-partition 0,
        :stop-partition 0,
        :kill 1,
        :start 1,
        :pause 1,
        :resume 1},
   :nemeses [#unprintable "jepsen.nemesis.combined$partition_nemesis$reify__16416@40941b54"
             #unprintable "jepsen.nemesis.combined$db_nemesis$reify__16397@3b42d7df"]})
 :nodes ["n0"]
 :test-count 1
 :latency {:mean 0, :dist :constant}
 :bin "/Users/danishsharma/go/src/gossip-glamers/single_node_broadcast/bin"
 :generator
 ((jepsen.generator.Synchronize
   {:gen (jepsen.generator.TimeLimit
          {:limit 20000000000,
           :cutoff nil,
           :gen (jepsen.generator.Any
                 {:gens [(jepsen.generator.OnThreads
                          {:f #{:nemesis},
                           :context-filter #object[jepsen.generator.context$make_thread_filter$lazy_filter__9167
                                                   "0x704c3ca2"
                                                   "jepsen.generator.context$make_thread_filter$lazy_filter__9167@704c3ca2"],
                           :gen nil})
                         (jepsen.generator.OnThreads
                          {:f #jepsen.generator.context.AllBut{:element :nemesis},
                           :context-filter #object[jepsen.generator.context$make_thread_filter$lazy_filter__9167
                                                   "0x7d3a9061"
                                                   "jepsen.generator.context$make_thread_filter$lazy_filter__9167@7d3a9061"],
                           :gen (jepsen.generator.Stagger
                                 {:dt 200000000,
                                  :next-time nil,
                                  :gen (jepsen.generator.Mix
                                        {:i 1,
                                         :gens [({:f :broadcast, :value 0}
                                                 {:f :broadcast, :value 1}
                                                 {:f :broadcast, :value 2}
                                                 {:f :broadcast, :value 3}
                                                 {:f :broadcast, :value 4}
                                                 {:f :broadcast, :value 5}
                                                 {:f :broadcast, :value 6}
                                                 {:f :broadcast, :value 7}
                                                 ...)
                                                ({:f :read}
                                                 {:f :read}
                                                 {:f :read}
                                                 {:f :read}
                                                 {:f :read}
                                                 {:f :read}
                                                 {:f :read}
                                                 {:f :read}
                                                 ...)]})})})]})})})
  (jepsen.generator.Synchronize
   {:gen (jepsen.generator.OnThreads
          {:f #{:nemesis},
           :context-filter #object[jepsen.generator.context$make_thread_filter$lazy_filter__9167
                                   "0x8d40f07"
                                   "jepsen.generator.context$make_thread_filter$lazy_filter__9167@8d40f07"],
           :gen ()})})
  (jepsen.generator.Synchronize
   {:gen {:type :log, :value "Waiting for recovery..."}})
  (jepsen.generator.Synchronize {:gen {:type :sleep, :value 10}})
  (jepsen.generator.Synchronize
   {:gen (jepsen.generator.OnThreads
          {:f #jepsen.generator.context.AllBut{:element :nemesis},
           :context-filter #object[jepsen.generator.context$make_thread_filter$lazy_filter__9167
                                   "0x196c8b93"
                                   "jepsen.generator.context$make_thread_filter$lazy_filter__9167@196c8b93"],
           :gen (jepsen.generator.EachThread
                 {:fresh-gen {:f :read, :final? true},
                  :context-filters #object[clojure.core$promise$reify__8591
                                           "0x307ca947"
                                           {:status :pending, :val nil}],
                  :gens {}})})}))
 :log-net-recv false
 :os
 #object[maelstrom.net$jepsen_os$reify__15254
         "0x61d1315b"
         "maelstrom.net$jepsen_os$reify__15254@61d1315b"]
 :time-limit 20
 :workload :broadcast
 :consistency-models [:strict-serializable]
 :topology :grid}

2024-02-19 00:49:36,135{GMT}	INFO	[jepsen node n0] maelstrom.net: Starting Maelstrom network
2024-02-19 00:49:36,136{GMT}	INFO	[jepsen test runner] jepsen.db: Tearing down DB
2024-02-19 00:49:36,139{GMT}	INFO	[jepsen test runner] jepsen.db: Setting up DB
2024-02-19 00:49:36,142{GMT}	INFO	[jepsen node n0] maelstrom.service: Starting services: (lin-kv lin-tso lww-kv seq-kv)
2024-02-19 00:49:36,144{GMT}	INFO	[jepsen node n0] maelstrom.db: Setting up n0
2024-02-19 00:49:36,144{GMT}	INFO	[jepsen node n0] maelstrom.process: launching /Users/danishsharma/go/src/gossip-glamers/single_node_broadcast/bin []
2024-02-19 00:49:36,620{GMT}	INFO	[jepsen test runner] jepsen.core: Relative time begins now
2024-02-19 00:49:36,634{GMT}	INFO	[jepsen worker 0] jepsen.util: 0	:invoke	:read	nil
2024-02-19 00:49:36,636{GMT}	INFO	[jepsen worker 0] jepsen.util: 0	:ok	:read	[]
2024-02-19 00:49:36,685{GMT}	INFO	[jepsen worker 0] jepsen.util: 0	:invoke	:read	nil
2024-02-19 00:49:36,686{GMT}	INFO	[jepsen worker 0] jepsen.util: 0	:ok	:read	[]
2024-02-19 00:49:36,706{GMT}	INFO	[jepsen worker 0] jepsen.util: 0	:invoke	:read	nil
2024-02-19 00:49:36,707{GMT}	INFO	[jepsen worker 0] jepsen.util: 0	:ok	:read	[]
2024-02-19 00:49:36,901{GMT}	INFO	[jepsen worker 0] jepsen.util: 0	:invoke	:broadcast	0
2024-02-19 00:49:36,903{GMT}	INFO	[jepsen worker 0] jepsen.util: 0	:ok	:broadcast	0
2024-02-19 00:49:37,027{GMT}	INFO	[jepsen worker 0] jepsen.util: 0	:invoke	:read	nil
2024-02-19 00:49:37,028{GMT}	INFO	[jepsen worker 0] jepsen.util: 0	:ok	:read	[0]
2024-02-19 00:49:37,169{GMT}	INFO	[jepsen worker 0] jepsen.util: 0	:invoke	:read	nil
2024-02-19 00:49:37,170{GMT}	INFO	[jepsen worker 0] jepsen.util: 0	:ok	:read	[0]
2024-02-19 00:49:37,318{GMT}	INFO	[jepsen worker 0] jepsen.util: 0	:invoke	:read	nil
2024-02-19 00:49:37,319{GMT}	INFO	[jepsen worker 0] jepsen.util: 0	:ok	:read	[0]
2024-02-19 00:49:37,343{GMT}	INFO	[jepsen worker 0] jepsen.util: 0	:invoke	:broadcast	1
2024-02-19 00:49:37,345{GMT}	INFO	[jepsen worker 0] jepsen.util: 0	:ok	:broadcast	1
2024-02-19 00:49:37,390{GMT}	INFO	[jepsen worker 0] jepsen.util: 0	:invoke	:read	nil
2024-02-19 00:49:37,391{GMT}	INFO	[jepsen worker 0] jepsen.util: 0	:ok	:read	[0 1]
2024-02-19 00:49:37,433{GMT}	INFO	[jepsen worker 0] jepsen.util: 0	:invoke	:read	nil
2024-02-19 00:49:37,434{GMT}	INFO	[jepsen worker 0] jepsen.util: 0	:ok	:read	[0 1]
2024-02-19 00:49:37,569{GMT}	INFO	[jepsen worker 0] jepsen.util: 0	:invoke	:broadcast	2
2024-02-19 00:49:37,570{GMT}	INFO	[jepsen worker 0] jepsen.util: 0	:ok	:broadcast	2
2024-02-19 00:49:37,612{GMT}	INFO	[jepsen worker 0] jepsen.util: 0	:invoke	:broadcast	3
2024-02-19 00:49:37,614{GMT}	INFO	[jepsen worker 0] jepsen.util: 0	:ok	:broadcast	3
2024-02-19 00:49:37,781{GMT}	INFO	[jepsen worker 0] jepsen.util: 0	:invoke	:read	nil
2024-02-19 00:49:37,782{GMT}	INFO	[jepsen worker 0] jepsen.util: 0	:ok	:read	[0 1 2 3]
2024-02-19 00:49:37,826{GMT}	INFO	[jepsen worker 0] jepsen.util: 0	:invoke	:read	nil
2024-02-19 00:49:37,827{GMT}	INFO	[jepsen worker 0] jepsen.util: 0	:ok	:read	[0 1 2 3]
2024-02-19 00:49:37,946{GMT}	INFO	[jepsen worker 0] jepsen.util: 0	:invoke	:broadcast	4
2024-02-19 00:49:37,947{GMT}	INFO	[jepsen worker 0] jepsen.util: 0	:ok	:broadcast	4
2024-02-19 00:49:37,970{GMT}	INFO	[jepsen worker 0] jepsen.util: 0	:invoke	:broadcast	5
2024-02-19 00:49:37,971{GMT}	INFO	[jepsen worker 0] jepsen.util: 0	:ok	:broadcast	5
2024-02-19 00:49:38,101{GMT}	INFO	[jepsen worker 0] jepsen.util: 0	:invoke	:read	nil
2024-02-19 00:49:38,102{GMT}	INFO	[jepsen worker 0] jepsen.util: 0	:ok	:read	[0 1 2 3 4 5]
2024-02-19 00:49:38,292{GMT}	INFO	[jepsen worker 0] jepsen.util: 0	:invoke	:broadcast	6
2024-02-19 00:49:38,293{GMT}	INFO	[jepsen worker 0] jepsen.util: 0	:ok	:broadcast	6
2024-02-19 00:49:38,414{GMT}	INFO	[jepsen worker 0] jepsen.util: 0	:invoke	:read	nil
2024-02-19 00:49:38,415{GMT}	INFO	[jepsen worker 0] jepsen.util: 0	:ok	:read	[0 1 2 3 4 5 6]
2024-02-19 00:49:38,598{GMT}	INFO	[jepsen worker 0] jepsen.util: 0	:invoke	:broadcast	7
2024-02-19 00:49:38,599{GMT}	INFO	[jepsen worker 0] jepsen.util: 0	:ok	:broadcast	7
2024-02-19 00:49:38,718{GMT}	INFO	[jepsen worker 0] jepsen.util: 0	:invoke	:read	nil
2024-02-19 00:49:38,720{GMT}	INFO	[jepsen worker 0] jepsen.util: 0	:ok	:read	[0 1 2 3 4 5 6 7]
2024-02-19 00:49:38,828{GMT}	INFO	[jepsen worker 0] jepsen.util: 0	:invoke	:broadcast	8
2024-02-19 00:49:38,830{GMT}	INFO	[jepsen worker 0] jepsen.util: 0	:ok	:broadcast	8
2024-02-19 00:49:39,024{GMT}	INFO	[jepsen worker 0] jepsen.util: 0	:invoke	:read	nil
2024-02-19 00:49:39,025{GMT}	INFO	[jepsen worker 0] jepsen.util: 0	:ok	:read	[0 1 2 3 4 5 6 7 8]
2024-02-19 00:49:39,031{GMT}	INFO	[jepsen worker 0] jepsen.util: 0	:invoke	:read	nil
2024-02-19 00:49:39,032{GMT}	INFO	[jepsen worker 0] jepsen.util: 0	:ok	:read	[0 1 2 3 4 5 6 7 8]
2024-02-19 00:49:39,202{GMT}	INFO	[jepsen worker 0] jepsen.util: 0	:invoke	:broadcast	9
2024-02-19 00:49:39,203{GMT}	INFO	[jepsen worker 0] jepsen.util: 0	:ok	:broadcast	9
2024-02-19 00:49:39,306{GMT}	INFO	[jepsen worker 0] jepsen.util: 0	:invoke	:broadcast	10
2024-02-19 00:49:39,307{GMT}	INFO	[jepsen worker 0] jepsen.util: 0	:ok	:broadcast	10
2024-02-19 00:49:39,340{GMT}	INFO	[jepsen worker 0] jepsen.util: 0	:invoke	:read	nil
2024-02-19 00:49:39,342{GMT}	INFO	[jepsen worker 0] jepsen.util: 0	:ok	:read	[0 1 2 3 4 5 6 7 8 9 10]
2024-02-19 00:49:39,540{GMT}	INFO	[jepsen worker 0] jepsen.util: 0	:invoke	:read	nil
2024-02-19 00:49:39,541{GMT}	INFO	[jepsen worker 0] jepsen.util: 0	:ok	:read	[0 1 2 3 4 5 6 7 8 9 10]
2024-02-19 00:49:39,602{GMT}	INFO	[jepsen worker 0] jepsen.util: 0	:invoke	:read	nil
2024-02-19 00:49:39,603{GMT}	INFO	[jepsen worker 0] jepsen.util: 0	:ok	:read	[0 1 2 3 4 5 6 7 8 9 10]
2024-02-19 00:49:39,760{GMT}	INFO	[jepsen worker 0] jepsen.util: 0	:invoke	:broadcast	11
2024-02-19 00:49:39,761{GMT}	INFO	[jepsen worker 0] jepsen.util: 0	:ok	:broadcast	11
2024-02-19 00:49:39,877{GMT}	INFO	[jepsen worker 0] jepsen.util: 0	:invoke	:read	nil
2024-02-19 00:49:39,878{GMT}	INFO	[jepsen worker 0] jepsen.util: 0	:ok	:read	[0 1 2 3 4 5 6 7 8 9 10 11]
2024-02-19 00:49:40,072{GMT}	INFO	[jepsen worker 0] jepsen.util: 0	:invoke	:read	nil
2024-02-19 00:49:40,073{GMT}	INFO	[jepsen worker 0] jepsen.util: 0	:ok	:read	[0 1 2 3 4 5 6 7 8 9 10 11]
2024-02-19 00:49:40,267{GMT}	INFO	[jepsen worker 0] jepsen.util: 0	:invoke	:broadcast	12
2024-02-19 00:49:40,269{GMT}	INFO	[jepsen worker 0] jepsen.util: 0	:ok	:broadcast	12
2024-02-19 00:49:40,414{GMT}	INFO	[jepsen worker 0] jepsen.util: 0	:invoke	:broadcast	13
2024-02-19 00:49:40,416{GMT}	INFO	[jepsen worker 0] jepsen.util: 0	:ok	:broadcast	13
2024-02-19 00:49:40,591{GMT}	INFO	[jepsen worker 0] jepsen.util: 0	:invoke	:broadcast	14
2024-02-19 00:49:40,593{GMT}	INFO	[jepsen worker 0] jepsen.util: 0	:ok	:broadcast	14
2024-02-19 00:49:40,621{GMT}	INFO	[jepsen worker 0] jepsen.util: 0	:invoke	:read	nil
2024-02-19 00:49:40,623{GMT}	INFO	[jepsen worker 0] jepsen.util: 0	:ok	:read	[0 1 2 3 4 5 6 7 8 9 10 11 12 13 14]
2024-02-19 00:49:40,737{GMT}	INFO	[jepsen worker 0] jepsen.util: 0	:invoke	:broadcast	15
2024-02-19 00:49:40,738{GMT}	INFO	[jepsen worker 0] jepsen.util: 0	:ok	:broadcast	15
2024-02-19 00:49:40,770{GMT}	INFO	[jepsen worker 0] jepsen.util: 0	:invoke	:broadcast	16
2024-02-19 00:49:40,772{GMT}	INFO	[jepsen worker 0] jepsen.util: 0	:ok	:broadcast	16
2024-02-19 00:49:40,885{GMT}	INFO	[jepsen worker 0] jepsen.util: 0	:invoke	:broadcast	17
2024-02-19 00:49:40,887{GMT}	INFO	[jepsen worker 0] jepsen.util: 0	:ok	:broadcast	17
2024-02-19 00:49:41,037{GMT}	INFO	[jepsen worker 0] jepsen.util: 0	:invoke	:read	nil
2024-02-19 00:49:41,042{GMT}	INFO	[jepsen worker 0] jepsen.util: 0	:ok	:read	[0 1 2 3 4 5 6 7 8 9 10 11 12 13 14 15 16 17]
2024-02-19 00:49:41,076{GMT}	INFO	[jepsen worker 0] jepsen.util: 0	:invoke	:broadcast	18
2024-02-19 00:49:41,083{GMT}	INFO	[jepsen worker 0] jepsen.util: 0	:ok	:broadcast	18
2024-02-19 00:49:41,083{GMT}	INFO	[jepsen worker 0] jepsen.util: 0	:invoke	:broadcast	19
2024-02-19 00:49:41,084{GMT}	INFO	[jepsen worker 0] jepsen.util: 0	:ok	:broadcast	19
2024-02-19 00:49:41,102{GMT}	INFO	[jepsen worker 0] jepsen.util: 0	:invoke	:broadcast	20
2024-02-19 00:49:41,103{GMT}	INFO	[jepsen worker 0] jepsen.util: 0	:ok	:broadcast	20
2024-02-19 00:49:41,111{GMT}	INFO	[jepsen worker 0] jepsen.util: 0	:invoke	:read	nil
2024-02-19 00:49:41,112{GMT}	INFO	[jepsen worker 0] jepsen.util: 0	:ok	:read	[0 1 2 3 4 5 6 7 8 9 10 11 12 13 14 15 16 17 18 19 20]
2024-02-19 00:49:41,169{GMT}	INFO	[jepsen worker 0] jepsen.util: 0	:invoke	:broadcast	21
2024-02-19 00:49:41,170{GMT}	INFO	[jepsen worker 0] jepsen.util: 0	:ok	:broadcast	21
2024-02-19 00:49:41,171{GMT}	INFO	[jepsen worker 0] jepsen.util: 0	:invoke	:broadcast	22
2024-02-19 00:49:41,172{GMT}	INFO	[jepsen worker 0] jepsen.util: 0	:ok	:broadcast	22
2024-02-19 00:49:41,250{GMT}	INFO	[jepsen worker 0] jepsen.util: 0	:invoke	:broadcast	23
2024-02-19 00:49:41,252{GMT}	INFO	[jepsen worker 0] jepsen.util: 0	:ok	:broadcast	23
2024-02-19 00:49:41,345{GMT}	INFO	[jepsen worker 0] jepsen.util: 0	:invoke	:read	nil
2024-02-19 00:49:41,347{GMT}	INFO	[jepsen worker 0] jepsen.util: 0	:ok	:read	[0 1 2 3 4 5 6 7 8 9 10 11 12 13 14 15 16 17 18 19 20 21 22 23]
2024-02-19 00:49:41,466{GMT}	INFO	[jepsen worker 0] jepsen.util: 0	:invoke	:broadcast	24
2024-02-19 00:49:41,468{GMT}	INFO	[jepsen worker 0] jepsen.util: 0	:ok	:broadcast	24
2024-02-19 00:49:41,644{GMT}	INFO	[jepsen worker 0] jepsen.util: 0	:invoke	:broadcast	25
2024-02-19 00:49:41,646{GMT}	INFO	[jepsen worker 0] jepsen.util: 0	:ok	:broadcast	25
2024-02-19 00:49:41,845{GMT}	INFO	[jepsen worker 0] jepsen.util: 0	:invoke	:read	nil
2024-02-19 00:49:41,847{GMT}	INFO	[jepsen worker 0] jepsen.util: 0	:ok	:read	[0 1 2 3 4 5 6 7 8 9 10 11 12 13 14 15 16 17 18 19 20 21 22 23 24 25]
2024-02-19 00:49:41,913{GMT}	INFO	[jepsen worker 0] jepsen.util: 0	:invoke	:read	nil
2024-02-19 00:49:41,915{GMT}	INFO	[jepsen worker 0] jepsen.util: 0	:ok	:read	[0 1 2 3 4 5 6 7 8 9 10 11 12 13 14 15 16 17 18 19 20 21 22 23 24 25]
2024-02-19 00:49:42,095{GMT}	INFO	[jepsen worker 0] jepsen.util: 0	:invoke	:broadcast	26
2024-02-19 00:49:42,096{GMT}	INFO	[jepsen worker 0] jepsen.util: 0	:ok	:broadcast	26
2024-02-19 00:49:42,190{GMT}	INFO	[jepsen worker 0] jepsen.util: 0	:invoke	:read	nil
2024-02-19 00:49:42,191{GMT}	INFO	[jepsen worker 0] jepsen.util: 0	:ok	:read	[0 1 2 3 4 5 6 7 8 9 10 11 12 13 14 15 16 17 18 19 20 21 22 23 24 25 26]
2024-02-19 00:49:42,391{GMT}	INFO	[jepsen worker 0] jepsen.util: 0	:invoke	:broadcast	27
2024-02-19 00:49:42,392{GMT}	INFO	[jepsen worker 0] jepsen.util: 0	:ok	:broadcast	27
2024-02-19 00:49:42,540{GMT}	INFO	[jepsen worker 0] jepsen.util: 0	:invoke	:read	nil
2024-02-19 00:49:42,542{GMT}	INFO	[jepsen worker 0] jepsen.util: 0	:ok	:read	[0 1 2 3 4 5 6 7 8 9 10 11 12 13 14 15 16 17 18 19 20 21 22 23 24 25 26 27]
2024-02-19 00:49:42,638{GMT}	INFO	[jepsen worker 0] jepsen.util: 0	:invoke	:read	nil
2024-02-19 00:49:42,639{GMT}	INFO	[jepsen worker 0] jepsen.util: 0	:ok	:read	[0 1 2 3 4 5 6 7 8 9 10 11 12 13 14 15 16 17 18 19 20 21 22 23 24 25 26 27]
2024-02-19 00:49:42,639{GMT}	INFO	[jepsen worker 0] jepsen.util: 0	:invoke	:read	nil
2024-02-19 00:49:42,640{GMT}	INFO	[jepsen worker 0] jepsen.util: 0	:ok	:read	[0 1 2 3 4 5 6 7 8 9 10 11 12 13 14 15 16 17 18 19 20 21 22 23 24 25 26 27]
2024-02-19 00:49:42,665{GMT}	INFO	[jepsen worker 0] jepsen.util: 0	:invoke	:read	nil
2024-02-19 00:49:42,666{GMT}	INFO	[jepsen worker 0] jepsen.util: 0	:ok	:read	[0 1 2 3 4 5 6 7 8 9 10 11 12 13 14 15 16 17 18 19 20 21 22 23 24 25 26 27]
2024-02-19 00:49:42,671{GMT}	INFO	[jepsen worker 0] jepsen.util: 0	:invoke	:read	nil
2024-02-19 00:49:42,673{GMT}	INFO	[jepsen worker 0] jepsen.util: 0	:ok	:read	[0 1 2 3 4 5 6 7 8 9 10 11 12 13 14 15 16 17 18 19 20 21 22 23 24 25 26 27]
2024-02-19 00:49:42,687{GMT}	INFO	[jepsen worker 0] jepsen.util: 0	:invoke	:read	nil
2024-02-19 00:49:42,688{GMT}	INFO	[jepsen worker 0] jepsen.util: 0	:ok	:read	[0 1 2 3 4 5 6 7 8 9 10 11 12 13 14 15 16 17 18 19 20 21 22 23 24 25 26 27]
2024-02-19 00:49:42,782{GMT}	INFO	[jepsen worker 0] jepsen.util: 0	:invoke	:broadcast	28
2024-02-19 00:49:42,784{GMT}	INFO	[jepsen worker 0] jepsen.util: 0	:ok	:broadcast	28
2024-02-19 00:49:42,929{GMT}	INFO	[jepsen worker 0] jepsen.util: 0	:invoke	:read	nil
2024-02-19 00:49:42,930{GMT}	INFO	[jepsen worker 0] jepsen.util: 0	:ok	:read	[0 1 2 3 4 5 6 7 8 9 10 11 12 13 14 15 16 17 18 19 20 21 22 23 24 25 26 27 28]
2024-02-19 00:49:43,012{GMT}	INFO	[jepsen worker 0] jepsen.util: 0	:invoke	:read	nil
2024-02-19 00:49:43,013{GMT}	INFO	[jepsen worker 0] jepsen.util: 0	:ok	:read	[0 1 2 3 4 5 6 7 8 9 10 11 12 13 14 15 16 17 18 19 20 21 22 23 24 25 26 27 28]
2024-02-19 00:49:43,128{GMT}	INFO	[jepsen worker 0] jepsen.util: 0	:invoke	:broadcast	29
2024-02-19 00:49:43,129{GMT}	INFO	[jepsen worker 0] jepsen.util: 0	:ok	:broadcast	29
2024-02-19 00:49:43,226{GMT}	INFO	[jepsen worker 0] jepsen.util: 0	:invoke	:read	nil
2024-02-19 00:49:43,238{GMT}	INFO	[jepsen worker 0] jepsen.util: 0	:ok	:read	[0 1 2 3 4 5 6 7 8 9 10 11 12 13 14 15 16 17 18 19 20 21 22 23 24 25 26 27 28 29]
2024-02-19 00:49:43,375{GMT}	INFO	[jepsen worker 0] jepsen.util: 0	:invoke	:broadcast	30
2024-02-19 00:49:43,376{GMT}	INFO	[jepsen worker 0] jepsen.util: 0	:ok	:broadcast	30
2024-02-19 00:49:43,467{GMT}	INFO	[jepsen worker 0] jepsen.util: 0	:invoke	:read	nil
2024-02-19 00:49:43,468{GMT}	INFO	[jepsen worker 0] jepsen.util: 0	:ok	:read	[0 1 2 3 4 5 6 7 8 9 10 11 12 13 14 15 16 17 18 19 20 21 22 23 24 25 26 27 28 29 30]
2024-02-19 00:49:43,598{GMT}	INFO	[jepsen worker 0] jepsen.util: 0	:invoke	:read	nil
2024-02-19 00:49:43,599{GMT}	INFO	[jepsen worker 0] jepsen.util: 0	:ok	:read	[0 1 2 3 4 5 6 7 8 9 10 11 12 13 14 15 16 17 18 19 20 21 22 23 24 25 26 27 28 29 30]
2024-02-19 00:49:43,701{GMT}	INFO	[jepsen worker 0] jepsen.util: 0	:invoke	:read	nil
2024-02-19 00:49:43,703{GMT}	INFO	[jepsen worker 0] jepsen.util: 0	:ok	:read	[0 1 2 3 4 5 6 7 8 9 10 11 12 13 14 15 16 17 18 19 20 21 22 23 24 25 26 27 28 29 30]
2024-02-19 00:49:43,862{GMT}	INFO	[jepsen worker 0] jepsen.util: 0	:invoke	:read	nil
2024-02-19 00:49:43,864{GMT}	INFO	[jepsen worker 0] jepsen.util: 0	:ok	:read	[0 1 2 3 4 5 6 7 8 9 10 11 12 13 14 15 16 17 18 19 20 21 22 23 24 25 26 27 28 29 30]
2024-02-19 00:49:43,919{GMT}	INFO	[jepsen worker 0] jepsen.util: 0	:invoke	:read	nil
2024-02-19 00:49:43,920{GMT}	INFO	[jepsen worker 0] jepsen.util: 0	:ok	:read	[0 1 2 3 4 5 6 7 8 9 10 11 12 13 14 15 16 17 18 19 20 21 22 23 24 25 26 27 28 29 30]
2024-02-19 00:49:44,095{GMT}	INFO	[jepsen worker 0] jepsen.util: 0	:invoke	:read	nil
2024-02-19 00:49:44,096{GMT}	INFO	[jepsen worker 0] jepsen.util: 0	:ok	:read	[0 1 2 3 4 5 6 7 8 9 10 11 12 13 14 15 16 17 18 19 20 21 22 23 24 25 26 27 28 29 30]
2024-02-19 00:49:44,103{GMT}	INFO	[jepsen worker 0] jepsen.util: 0	:invoke	:broadcast	31
2024-02-19 00:49:44,104{GMT}	INFO	[jepsen worker 0] jepsen.util: 0	:ok	:broadcast	31
2024-02-19 00:49:44,292{GMT}	INFO	[jepsen worker 0] jepsen.util: 0	:invoke	:broadcast	32
2024-02-19 00:49:44,293{GMT}	INFO	[jepsen worker 0] jepsen.util: 0	:ok	:broadcast	32
2024-02-19 00:49:44,313{GMT}	INFO	[jepsen worker 0] jepsen.util: 0	:invoke	:broadcast	33
2024-02-19 00:49:44,314{GMT}	INFO	[jepsen worker 0] jepsen.util: 0	:ok	:broadcast	33
2024-02-19 00:49:44,438{GMT}	INFO	[jepsen worker 0] jepsen.util: 0	:invoke	:broadcast	34
2024-02-19 00:49:44,439{GMT}	INFO	[jepsen worker 0] jepsen.util: 0	:ok	:broadcast	34
2024-02-19 00:49:44,491{GMT}	INFO	[jepsen worker 0] jepsen.util: 0	:invoke	:broadcast	35
2024-02-19 00:49:44,492{GMT}	INFO	[jepsen worker 0] jepsen.util: 0	:ok	:broadcast	35
2024-02-19 00:49:44,594{GMT}	INFO	[jepsen worker 0] jepsen.util: 0	:invoke	:broadcast	36
2024-02-19 00:49:44,595{GMT}	INFO	[jepsen worker 0] jepsen.util: 0	:ok	:broadcast	36
2024-02-19 00:49:44,737{GMT}	INFO	[jepsen worker 0] jepsen.util: 0	:invoke	:broadcast	37
2024-02-19 00:49:44,737{GMT}	INFO	[jepsen worker 0] jepsen.util: 0	:ok	:broadcast	37
2024-02-19 00:49:44,872{GMT}	INFO	[jepsen worker 0] jepsen.util: 0	:invoke	:read	nil
2024-02-19 00:49:44,874{GMT}	INFO	[jepsen worker 0] jepsen.util: 0	:ok	:read	[0 1 2 3 4 5 6 7 8 9 10 11 12 13 14 15 16 17 18 19 20 21 22 23 24 25 26 27 28 29 30 31 32 33 34 35 36 37]
2024-02-19 00:49:45,022{GMT}	INFO	[jepsen worker 0] jepsen.util: 0	:invoke	:broadcast	38
2024-02-19 00:49:45,024{GMT}	INFO	[jepsen worker 0] jepsen.util: 0	:ok	:broadcast	38
2024-02-19 00:49:45,179{GMT}	INFO	[jepsen worker 0] jepsen.util: 0	:invoke	:read	nil
2024-02-19 00:49:45,182{GMT}	INFO	[jepsen worker 0] jepsen.util: 0	:ok	:read	[0 1 2 3 4 5 6 7 8 9 10 11 12 13 14 15 16 17 18 19 20 21 22 23 24 25 26 27 28 29 30 31 32 33 34 35 36 37 38]
2024-02-19 00:49:45,372{GMT}	INFO	[jepsen worker 0] jepsen.util: 0	:invoke	:broadcast	39
2024-02-19 00:49:45,374{GMT}	INFO	[jepsen worker 0] jepsen.util: 0	:ok	:broadcast	39
2024-02-19 00:49:45,541{GMT}	INFO	[jepsen worker 0] jepsen.util: 0	:invoke	:read	nil
2024-02-19 00:49:45,542{GMT}	INFO	[jepsen worker 0] jepsen.util: 0	:ok	:read	[0 1 2 3 4 5 6 7 8 9 10 11 12 13 14 15 16 17 18 19 20 21 22 23 24 25 26 27 28 29 30 31 32 33 34 35 36 37 38 39]
2024-02-19 00:49:45,562{GMT}	INFO	[jepsen worker 0] jepsen.util: 0	:invoke	:read	nil
2024-02-19 00:49:45,563{GMT}	INFO	[jepsen worker 0] jepsen.util: 0	:ok	:read	[0 1 2 3 4 5 6 7 8 9 10 11 12 13 14 15 16 17 18 19 20 21 22 23 24 25 26 27 28 29 30 31 32 33 34 35 36 37 38 39]
2024-02-19 00:49:45,641{GMT}	INFO	[jepsen worker 0] jepsen.util: 0	:invoke	:read	nil
2024-02-19 00:49:45,642{GMT}	INFO	[jepsen worker 0] jepsen.util: 0	:ok	:read	[0 1 2 3 4 5 6 7 8 9 10 11 12 13 14 15 16 17 18 19 20 21 22 23 24 25 26 27 28 29 30 31 32 33 34 35 36 37 38 39]
2024-02-19 00:49:45,736{GMT}	INFO	[jepsen worker 0] jepsen.util: 0	:invoke	:read	nil
2024-02-19 00:49:45,737{GMT}	INFO	[jepsen worker 0] jepsen.util: 0	:ok	:read	[0 1 2 3 4 5 6 7 8 9 10 11 12 13 14 15 16 17 18 19 20 21 22 23 24 25 26 27 28 29 30 31 32 33 34 35 36 37 38 39]
2024-02-19 00:49:45,836{GMT}	INFO	[jepsen worker 0] jepsen.util: 0	:invoke	:broadcast	40
2024-02-19 00:49:45,837{GMT}	INFO	[jepsen worker 0] jepsen.util: 0	:ok	:broadcast	40
2024-02-19 00:49:46,018{GMT}	INFO	[jepsen worker 0] jepsen.util: 0	:invoke	:broadcast	41
2024-02-19 00:49:46,019{GMT}	INFO	[jepsen worker 0] jepsen.util: 0	:ok	:broadcast	41
2024-02-19 00:49:46,051{GMT}	INFO	[jepsen worker 0] jepsen.util: 0	:invoke	:broadcast	42
2024-02-19 00:49:46,052{GMT}	INFO	[jepsen worker 0] jepsen.util: 0	:ok	:broadcast	42
2024-02-19 00:49:46,076{GMT}	INFO	[jepsen worker 0] jepsen.util: 0	:invoke	:read	nil
2024-02-19 00:49:46,077{GMT}	INFO	[jepsen worker 0] jepsen.util: 0	:ok	:read	[0 1 2 3 4 5 6 7 8 9 10 11 12 13 14 15 16 17 18 19 20 21 22 23 24 25 26 27 28 29 30 31 32 33 34 35 36 37 38 39 40 41 42]
2024-02-19 00:49:46,165{GMT}	INFO	[jepsen worker 0] jepsen.util: 0	:invoke	:broadcast	43
2024-02-19 00:49:46,167{GMT}	INFO	[jepsen worker 0] jepsen.util: 0	:ok	:broadcast	43
2024-02-19 00:49:46,237{GMT}	INFO	[jepsen worker 0] jepsen.util: 0	:invoke	:broadcast	44
2024-02-19 00:49:46,238{GMT}	INFO	[jepsen worker 0] jepsen.util: 0	:ok	:broadcast	44
2024-02-19 00:49:46,262{GMT}	INFO	[jepsen worker 0] jepsen.util: 0	:invoke	:read	nil
2024-02-19 00:49:46,264{GMT}	INFO	[jepsen worker 0] jepsen.util: 0	:ok	:read	[0 1 2 3 4 5 6 7 8 9 10 11 12 13 14 15 16 17 18 19 20 21 22 23 24 25 26 27 28 29 30 31 32 33 34 35 36 37 38 39 40 41 42 43 44]
2024-02-19 00:49:46,330{GMT}	INFO	[jepsen worker 0] jepsen.util: 0	:invoke	:read	nil
2024-02-19 00:49:46,331{GMT}	INFO	[jepsen worker 0] jepsen.util: 0	:ok	:read	[0 1 2 3 4 5 6 7 8 9 10 11 12 13 14 15 16 17 18 19 20 21 22 23 24 25 26 27 28 29 30 31 32 33 34 35 36 37 38 39 40 41 42 43 44]
2024-02-19 00:49:46,418{GMT}	INFO	[jepsen worker 0] jepsen.util: 0	:invoke	:read	nil
2024-02-19 00:49:46,419{GMT}	INFO	[jepsen worker 0] jepsen.util: 0	:ok	:read	[0 1 2 3 4 5 6 7 8 9 10 11 12 13 14 15 16 17 18 19 20 21 22 23 24 25 26 27 28 29 30 31 32 33 34 35 36 37 38 39 40 41 42 43 44]
2024-02-19 00:49:46,562{GMT}	INFO	[jepsen worker 0] jepsen.util: 0	:invoke	:broadcast	45
2024-02-19 00:49:46,563{GMT}	INFO	[jepsen worker 0] jepsen.util: 0	:ok	:broadcast	45
2024-02-19 00:49:46,642{GMT}	INFO	[jepsen worker 0] jepsen.util: 0	:invoke	:read	nil
2024-02-19 00:49:46,643{GMT}	INFO	[jepsen worker 0] jepsen.util: 0	:ok	:read	[0 1 2 3 4 5 6 7 8 9 10 11 12 13 14 15 16 17 18 19 20 21 22 23 24 25 26 27 28 29 30 31 32 33 34 35 36 37 38 39 40 41 42 43 44 45]
2024-02-19 00:49:46,645{GMT}	INFO	[jepsen worker 0] jepsen.util: 0	:invoke	:read	nil
2024-02-19 00:49:46,646{GMT}	INFO	[jepsen worker 0] jepsen.util: 0	:ok	:read	[0 1 2 3 4 5 6 7 8 9 10 11 12 13 14 15 16 17 18 19 20 21 22 23 24 25 26 27 28 29 30 31 32 33 34 35 36 37 38 39 40 41 42 43 44 45]
2024-02-19 00:49:46,806{GMT}	INFO	[jepsen worker 0] jepsen.util: 0	:invoke	:read	nil
2024-02-19 00:49:46,806{GMT}	INFO	[jepsen worker 0] jepsen.util: 0	:ok	:read	[0 1 2 3 4 5 6 7 8 9 10 11 12 13 14 15 16 17 18 19 20 21 22 23 24 25 26 27 28 29 30 31 32 33 34 35 36 37 38 39 40 41 42 43 44 45]
2024-02-19 00:49:46,907{GMT}	INFO	[jepsen worker 0] jepsen.util: 0	:invoke	:broadcast	46
2024-02-19 00:49:46,908{GMT}	INFO	[jepsen worker 0] jepsen.util: 0	:ok	:broadcast	46
2024-02-19 00:49:47,054{GMT}	INFO	[jepsen worker 0] jepsen.util: 0	:invoke	:broadcast	47
2024-02-19 00:49:47,055{GMT}	INFO	[jepsen worker 0] jepsen.util: 0	:ok	:broadcast	47
2024-02-19 00:49:47,134{GMT}	INFO	[jepsen worker 0] jepsen.util: 0	:invoke	:read	nil
2024-02-19 00:49:47,136{GMT}	INFO	[jepsen worker 0] jepsen.util: 0	:ok	:read	[0 1 2 3 4 5 6 7 8 9 10 11 12 13 14 15 16 17 18 19 20 21 22 23 24 25 26 27 28 29 30 31 32 33 34 35 36 37 38 39 40 41 42 43 44 45 46 47]
2024-02-19 00:49:47,155{GMT}	INFO	[jepsen worker 0] jepsen.util: 0	:invoke	:broadcast	48
2024-02-19 00:49:47,157{GMT}	INFO	[jepsen worker 0] jepsen.util: 0	:ok	:broadcast	48
2024-02-19 00:49:47,172{GMT}	INFO	[jepsen worker 0] jepsen.util: 0	:invoke	:read	nil
2024-02-19 00:49:47,175{GMT}	INFO	[jepsen worker 0] jepsen.util: 0	:ok	:read	[0 1 2 3 4 5 6 7 8 9 10 11 12 13 14 15 16 17 18 19 20 21 22 23 24 25 26 27 28 29 30 31 32 33 34 35 36 37 38 39 40 41 42 43 44 45 46 47 48]
2024-02-19 00:49:47,246{GMT}	INFO	[jepsen worker 0] jepsen.util: 0	:invoke	:read	nil
2024-02-19 00:49:47,247{GMT}	INFO	[jepsen worker 0] jepsen.util: 0	:ok	:read	[0 1 2 3 4 5 6 7 8 9 10 11 12 13 14 15 16 17 18 19 20 21 22 23 24 25 26 27 28 29 30 31 32 33 34 35 36 37 38 39 40 41 42 43 44 45 46 47 48]
2024-02-19 00:49:47,265{GMT}	INFO	[jepsen worker 0] jepsen.util: 0	:invoke	:broadcast	49
2024-02-19 00:49:47,266{GMT}	INFO	[jepsen worker 0] jepsen.util: 0	:ok	:broadcast	49
2024-02-19 00:49:47,282{GMT}	INFO	[jepsen worker 0] jepsen.util: 0	:invoke	:broadcast	50
2024-02-19 00:49:47,283{GMT}	INFO	[jepsen worker 0] jepsen.util: 0	:ok	:broadcast	50
2024-02-19 00:49:47,472{GMT}	INFO	[jepsen worker 0] jepsen.util: 0	:invoke	:read	nil
2024-02-19 00:49:47,473{GMT}	INFO	[jepsen worker 0] jepsen.util: 0	:ok	:read	[0 1 2 3 4 5 6 7 8 9 10 11 12 13 14 15 16 17 18 19 20 21 22 23 24 25 26 27 28 29 30 31 32 33 34 35 36 37 38 39 40 41 42 43 44 45 46 47 48 49 50]
2024-02-19 00:49:47,674{GMT}	INFO	[jepsen worker 0] jepsen.util: 0	:invoke	:broadcast	51
2024-02-19 00:49:47,675{GMT}	INFO	[jepsen worker 0] jepsen.util: 0	:ok	:broadcast	51
2024-02-19 00:49:47,733{GMT}	INFO	[jepsen worker 0] jepsen.util: 0	:invoke	:read	nil
2024-02-19 00:49:47,735{GMT}	INFO	[jepsen worker 0] jepsen.util: 0	:ok	:read	[0 1 2 3 4 5 6 7 8 9 10 11 12 13 14 15 16 17 18 19 20 21 22 23 24 25 26 27 28 29 30 31 32 33 34 35 36 37 38 39 40 41 42 43 44 45 46 47 48 49 50 51]
2024-02-19 00:49:47,833{GMT}	INFO	[jepsen worker 0] jepsen.util: 0	:invoke	:broadcast	52
2024-02-19 00:49:47,835{GMT}	INFO	[jepsen worker 0] jepsen.util: 0	:ok	:broadcast	52
2024-02-19 00:49:48,002{GMT}	INFO	[jepsen worker 0] jepsen.util: 0	:invoke	:read	nil
2024-02-19 00:49:48,007{GMT}	INFO	[jepsen worker 0] jepsen.util: 0	:ok	:read	[0 1 2 3 4 5 6 7 8 9 10 11 12 13 14 15 16 17 18 19 20 21 22 23 24 25 26 27 28 29 30 31 32 33 34 35 36 37 38 39 40 41 42 43 44 45 46 47 48 49 50 51 52]
2024-02-19 00:49:48,195{GMT}	INFO	[jepsen worker 0] jepsen.util: 0	:invoke	:broadcast	53
2024-02-19 00:49:48,196{GMT}	INFO	[jepsen worker 0] jepsen.util: 0	:ok	:broadcast	53
2024-02-19 00:49:48,326{GMT}	INFO	[jepsen worker 0] jepsen.util: 0	:invoke	:read	nil
2024-02-19 00:49:48,326{GMT}	INFO	[jepsen worker 0] jepsen.util: 0	:ok	:read	[0 1 2 3 4 5 6 7 8 9 10 11 12 13 14 15 16 17 18 19 20 21 22 23 24 25 26 27 28 29 30 31 32 33 34 35 36 37 38 39 40 41 42 43 44 45 46 47 48 49 50 51 52 53]
2024-02-19 00:49:48,336{GMT}	INFO	[jepsen worker 0] jepsen.util: 0	:invoke	:read	nil
2024-02-19 00:49:48,337{GMT}	INFO	[jepsen worker 0] jepsen.util: 0	:ok	:read	[0 1 2 3 4 5 6 7 8 9 10 11 12 13 14 15 16 17 18 19 20 21 22 23 24 25 26 27 28 29 30 31 32 33 34 35 36 37 38 39 40 41 42 43 44 45 46 47 48 49 50 51 52 53]
2024-02-19 00:49:48,501{GMT}	INFO	[jepsen worker 0] jepsen.util: 0	:invoke	:read	nil
2024-02-19 00:49:48,502{GMT}	INFO	[jepsen worker 0] jepsen.util: 0	:ok	:read	[0 1 2 3 4 5 6 7 8 9 10 11 12 13 14 15 16 17 18 19 20 21 22 23 24 25 26 27 28 29 30 31 32 33 34 35 36 37 38 39 40 41 42 43 44 45 46 47 48 49 50 51 52 53]
2024-02-19 00:49:48,690{GMT}	INFO	[jepsen worker 0] jepsen.util: 0	:invoke	:broadcast	54
2024-02-19 00:49:48,691{GMT}	INFO	[jepsen worker 0] jepsen.util: 0	:ok	:broadcast	54
2024-02-19 00:49:48,774{GMT}	INFO	[jepsen worker 0] jepsen.util: 0	:invoke	:read	nil
2024-02-19 00:49:48,774{GMT}	INFO	[jepsen worker 0] jepsen.util: 0	:ok	:read	[0 1 2 3 4 5 6 7 8 9 10 11 12 13 14 15 16 17 18 19 20 21 22 23 24 25 26 27 28 29 30 31 32 33 34 35 36 37 38 39 40 41 42 43 44 45 46 47 48 49 50 51 52 53 54]
2024-02-19 00:49:48,934{GMT}	INFO	[jepsen worker 0] jepsen.util: 0	:invoke	:broadcast	55
2024-02-19 00:49:48,935{GMT}	INFO	[jepsen worker 0] jepsen.util: 0	:ok	:broadcast	55
2024-02-19 00:49:48,955{GMT}	INFO	[jepsen worker 0] jepsen.util: 0	:invoke	:read	nil
2024-02-19 00:49:48,956{GMT}	INFO	[jepsen worker 0] jepsen.util: 0	:ok	:read	[0 1 2 3 4 5 6 7 8 9 10 11 12 13 14 15 16 17 18 19 20 21 22 23 24 25 26 27 28 29 30 31 32 33 34 35 36 37 38 39 40 41 42 43 44 45 46 47 48 49 50 51 52 53 54 55]
2024-02-19 00:49:49,046{GMT}	INFO	[jepsen worker 0] jepsen.util: 0	:invoke	:broadcast	56
2024-02-19 00:49:49,047{GMT}	INFO	[jepsen worker 0] jepsen.util: 0	:ok	:broadcast	56
2024-02-19 00:49:49,108{GMT}	INFO	[jepsen worker 0] jepsen.util: 0	:invoke	:broadcast	57
2024-02-19 00:49:49,108{GMT}	INFO	[jepsen worker 0] jepsen.util: 0	:ok	:broadcast	57
2024-02-19 00:49:49,250{GMT}	INFO	[jepsen worker 0] jepsen.util: 0	:invoke	:broadcast	58
2024-02-19 00:49:49,252{GMT}	INFO	[jepsen worker 0] jepsen.util: 0	:ok	:broadcast	58
2024-02-19 00:49:49,402{GMT}	INFO	[jepsen worker 0] jepsen.util: 0	:invoke	:broadcast	59
2024-02-19 00:49:49,404{GMT}	INFO	[jepsen worker 0] jepsen.util: 0	:ok	:broadcast	59
2024-02-19 00:49:49,442{GMT}	INFO	[jepsen worker 0] jepsen.util: 0	:invoke	:broadcast	60
2024-02-19 00:49:49,444{GMT}	INFO	[jepsen worker 0] jepsen.util: 0	:ok	:broadcast	60
2024-02-19 00:49:49,532{GMT}	INFO	[jepsen worker 0] jepsen.util: 0	:invoke	:read	nil
2024-02-19 00:49:49,533{GMT}	INFO	[jepsen worker 0] jepsen.util: 0	:ok	:read	[0 1 2 3 4 5 6 7 8 9 10 11 12 13 14 15 16 17 18 19 20 21 22 23 24 25 26 27 28 29 30 31 32 33 34 35 36 37 38 39 40 41 42 43 44 45 46 47 48 49 50 51 52 53 54 55 56 57 58 59 60]
2024-02-19 00:49:49,683{GMT}	INFO	[jepsen worker 0] jepsen.util: 0	:invoke	:read	nil
2024-02-19 00:49:49,685{GMT}	INFO	[jepsen worker 0] jepsen.util: 0	:ok	:read	[0 1 2 3 4 5 6 7 8 9 10 11 12 13 14 15 16 17 18 19 20 21 22 23 24 25 26 27 28 29 30 31 32 33 34 35 36 37 38 39 40 41 42 43 44 45 46 47 48 49 50 51 52 53 54 55 56 57 58 59 60]
2024-02-19 00:49:49,746{GMT}	INFO	[jepsen worker 0] jepsen.util: 0	:invoke	:read	nil
2024-02-19 00:49:49,748{GMT}	INFO	[jepsen worker 0] jepsen.util: 0	:ok	:read	[0 1 2 3 4 5 6 7 8 9 10 11 12 13 14 15 16 17 18 19 20 21 22 23 24 25 26 27 28 29 30 31 32 33 34 35 36 37 38 39 40 41 42 43 44 45 46 47 48 49 50 51 52 53 54 55 56 57 58 59 60]
2024-02-19 00:49:49,911{GMT}	INFO	[jepsen worker 0] jepsen.util: 0	:invoke	:read	nil
2024-02-19 00:49:49,912{GMT}	INFO	[jepsen worker 0] jepsen.util: 0	:ok	:read	[0 1 2 3 4 5 6 7 8 9 10 11 12 13 14 15 16 17 18 19 20 21 22 23 24 25 26 27 28 29 30 31 32 33 34 35 36 37 38 39 40 41 42 43 44 45 46 47 48 49 50 51 52 53 54 55 56 57 58 59 60]
2024-02-19 00:49:50,045{GMT}	INFO	[jepsen worker 0] jepsen.util: 0	:invoke	:read	nil
2024-02-19 00:49:50,046{GMT}	INFO	[jepsen worker 0] jepsen.util: 0	:ok	:read	[0 1 2 3 4 5 6 7 8 9 10 11 12 13 14 15 16 17 18 19 20 21 22 23 24 25 26 27 28 29 30 31 32 33 34 35 36 37 38 39 40 41 42 43 44 45 46 47 48 49 50 51 52 53 54 55 56 57 58 59 60]
2024-02-19 00:49:50,206{GMT}	INFO	[jepsen worker 0] jepsen.util: 0	:invoke	:read	nil
2024-02-19 00:49:50,207{GMT}	INFO	[jepsen worker 0] jepsen.util: 0	:ok	:read	[0 1 2 3 4 5 6 7 8 9 10 11 12 13 14 15 16 17 18 19 20 21 22 23 24 25 26 27 28 29 30 31 32 33 34 35 36 37 38 39 40 41 42 43 44 45 46 47 48 49 50 51 52 53 54 55 56 57 58 59 60]
2024-02-19 00:49:50,354{GMT}	INFO	[jepsen worker 0] jepsen.util: 0	:invoke	:broadcast	61
2024-02-19 00:49:50,355{GMT}	INFO	[jepsen worker 0] jepsen.util: 0	:ok	:broadcast	61
2024-02-19 00:49:50,519{GMT}	INFO	[jepsen worker 0] jepsen.util: 0	:invoke	:read	nil
2024-02-19 00:49:50,520{GMT}	INFO	[jepsen worker 0] jepsen.util: 0	:ok	:read	[0 1 2 3 4 5 6 7 8 9 10 11 12 13 14 15 16 17 18 19 20 21 22 23 24 25 26 27 28 29 30 31 32 33 34 35 36 37 38 39 40 41 42 43 44 45 46 47 48 49 50 51 52 53 54 55 56 57 58 59 60 61]
2024-02-19 00:49:50,634{GMT}	INFO	[jepsen worker 0] jepsen.util: 0	:invoke	:broadcast	62
2024-02-19 00:49:50,635{GMT}	INFO	[jepsen worker 0] jepsen.util: 0	:ok	:broadcast	62
2024-02-19 00:49:50,810{GMT}	INFO	[jepsen worker 0] jepsen.util: 0	:invoke	:read	nil
2024-02-19 00:49:50,812{GMT}	INFO	[jepsen worker 0] jepsen.util: 0	:ok	:read	[0 1 2 3 4 5 6 7 8 9 10 11 12 13 14 15 16 17 18 19 20 21 22 23 24 25 26 27 28 29 30 31 32 33 34 35 36 37 38 39 40 41 42 43 44 45 46 47 48 49 50 51 52 53 54 55 56 57 58 59 60 61 62]
2024-02-19 00:49:50,905{GMT}	INFO	[jepsen worker 0] jepsen.util: 0	:invoke	:read	nil
2024-02-19 00:49:50,907{GMT}	INFO	[jepsen worker 0] jepsen.util: 0	:ok	:read	[0 1 2 3 4 5 6 7 8 9 10 11 12 13 14 15 16 17 18 19 20 21 22 23 24 25 26 27 28 29 30 31 32 33 34 35 36 37 38 39 40 41 42 43 44 45 46 47 48 49 50 51 52 53 54 55 56 57 58 59 60 61 62]
2024-02-19 00:49:51,070{GMT}	INFO	[jepsen worker 0] jepsen.util: 0	:invoke	:broadcast	63
2024-02-19 00:49:51,071{GMT}	INFO	[jepsen worker 0] jepsen.util: 0	:ok	:broadcast	63
2024-02-19 00:49:51,178{GMT}	INFO	[jepsen worker 0] jepsen.util: 0	:invoke	:read	nil
2024-02-19 00:49:51,179{GMT}	INFO	[jepsen worker 0] jepsen.util: 0	:ok	:read	[0 1 2 3 4 5 6 7 8 9 10 11 12 13 14 15 16 17 18 19 20 21 22 23 24 25 26 27 28 29 30 31 32 33 34 35 36 37 38 39 40 41 42 43 44 45 46 47 48 49 50 51 52 53 54 55 56 57 58 59 60 61 62 63]
2024-02-19 00:49:51,324{GMT}	INFO	[jepsen worker 0] jepsen.util: 0	:invoke	:broadcast	64
2024-02-19 00:49:51,325{GMT}	INFO	[jepsen worker 0] jepsen.util: 0	:ok	:broadcast	64
2024-02-19 00:49:51,366{GMT}	INFO	[jepsen worker 0] jepsen.util: 0	:invoke	:read	nil
2024-02-19 00:49:51,368{GMT}	INFO	[jepsen worker 0] jepsen.util: 0	:ok	:read	[0 1 2 3 4 5 6 7 8 9 10 11 12 13 14 15 16 17 18 19 20 21 22 23 24 25 26 27 28 29 30 31 32 33 34 35 36 37 38 39 40 41 42 43 44 45 46 47 48 49 50 51 52 53 54 55 56 57 58 59 60 61 62 63 64]
2024-02-19 00:49:51,386{GMT}	INFO	[jepsen worker 0] jepsen.util: 0	:invoke	:broadcast	65
2024-02-19 00:49:51,387{GMT}	INFO	[jepsen worker 0] jepsen.util: 0	:ok	:broadcast	65
2024-02-19 00:49:51,583{GMT}	INFO	[jepsen worker 0] jepsen.util: 0	:invoke	:broadcast	66
2024-02-19 00:49:51,584{GMT}	INFO	[jepsen worker 0] jepsen.util: 0	:ok	:broadcast	66
2024-02-19 00:49:51,592{GMT}	INFO	[jepsen worker 0] jepsen.util: 0	:invoke	:broadcast	67
2024-02-19 00:49:51,593{GMT}	INFO	[jepsen worker 0] jepsen.util: 0	:ok	:broadcast	67
2024-02-19 00:49:51,792{GMT}	INFO	[jepsen worker 0] jepsen.util: 0	:invoke	:broadcast	68
2024-02-19 00:49:51,793{GMT}	INFO	[jepsen worker 0] jepsen.util: 0	:ok	:broadcast	68
2024-02-19 00:49:51,960{GMT}	INFO	[jepsen worker 0] jepsen.util: 0	:invoke	:broadcast	69
2024-02-19 00:49:51,962{GMT}	INFO	[jepsen worker 0] jepsen.util: 0	:ok	:broadcast	69
2024-02-19 00:49:52,090{GMT}	INFO	[jepsen worker 0] jepsen.util: 0	:invoke	:broadcast	70
2024-02-19 00:49:52,092{GMT}	INFO	[jepsen worker 0] jepsen.util: 0	:ok	:broadcast	70
2024-02-19 00:49:52,121{GMT}	INFO	[jepsen worker 0] jepsen.util: 0	:invoke	:read	nil
2024-02-19 00:49:52,122{GMT}	INFO	[jepsen worker 0] jepsen.util: 0	:ok	:read	[0 1 2 3 4 5 6 7 8 9 10 11 12 13 14 15 16 17 18 19 20 21 22 23 24 25 26 27 28 29 30 31 32 33 34 35 36 37 38 39 40 41 42 43 44 45 46 47 48 49 50 51 52 53 54 55 56 57 58 59 60 61 62 63 64 65 66 67 68 69 70]
2024-02-19 00:49:52,312{GMT}	INFO	[jepsen worker 0] jepsen.util: 0	:invoke	:broadcast	71
2024-02-19 00:49:52,314{GMT}	INFO	[jepsen worker 0] jepsen.util: 0	:ok	:broadcast	71
2024-02-19 00:49:52,466{GMT}	INFO	[jepsen worker 0] jepsen.util: 0	:invoke	:read	nil
2024-02-19 00:49:52,467{GMT}	INFO	[jepsen worker 0] jepsen.util: 0	:ok	:read	[0 1 2 3 4 5 6 7 8 9 10 11 12 13 14 15 16 17 18 19 20 21 22 23 24 25 26 27 28 29 30 31 32 33 34 35 36 37 38 39 40 41 42 43 44 45 46 47 48 49 50 51 52 53 54 55 56 57 58 59 60 61 62 63 64 65 66 67 68 69 70 71]
2024-02-19 00:49:52,603{GMT}	INFO	[jepsen worker 0] jepsen.util: 0	:invoke	:broadcast	72
2024-02-19 00:49:52,604{GMT}	INFO	[jepsen worker 0] jepsen.util: 0	:ok	:broadcast	72
2024-02-19 00:49:52,662{GMT}	INFO	[jepsen worker 0] jepsen.util: 0	:invoke	:read	nil
2024-02-19 00:49:52,663{GMT}	INFO	[jepsen worker 0] jepsen.util: 0	:ok	:read	[0 1 2 3 4 5 6 7 8 9 10 11 12 13 14 15 16 17 18 19 20 21 22 23 24 25 26 27 28 29 30 31 32 33 34 35 36 37 38 39 40 41 42 43 44 45 46 47 48 49 50 51 52 53 54 55 56 57 58 59 60 61 62 63 64 65 66 67 68 69 70 71 72]
2024-02-19 00:49:52,800{GMT}	INFO	[jepsen worker 0] jepsen.util: 0	:invoke	:broadcast	73
2024-02-19 00:49:52,801{GMT}	INFO	[jepsen worker 0] jepsen.util: 0	:ok	:broadcast	73
2024-02-19 00:49:52,948{GMT}	INFO	[jepsen worker 0] jepsen.util: 0	:invoke	:broadcast	74
2024-02-19 00:49:52,949{GMT}	INFO	[jepsen worker 0] jepsen.util: 0	:ok	:broadcast	74
2024-02-19 00:49:52,994{GMT}	INFO	[jepsen worker 0] jepsen.util: 0	:invoke	:read	nil
2024-02-19 00:49:52,995{GMT}	INFO	[jepsen worker 0] jepsen.util: 0	:ok	:read	[0 1 2 3 4 5 6 7 8 9 10 11 12 13 14 15 16 17 18 19 20 21 22 23 24 25 26 27 28 29 30 31 32 33 34 35 36 37 38 39 40 41 42 43 44 45 46 47 48 49 50 51 52 53 54 55 56 57 58 59 60 61 62 63 64 65 66 67 68 69 70 71 72 73 74]
2024-02-19 00:49:53,138{GMT}	INFO	[jepsen worker 0] jepsen.util: 0	:invoke	:broadcast	75
2024-02-19 00:49:53,139{GMT}	INFO	[jepsen worker 0] jepsen.util: 0	:ok	:broadcast	75
2024-02-19 00:49:53,373{GMT}	INFO	[jepsen worker 0] jepsen.util: 0	:invoke	:read	nil
2024-02-19 00:49:53,493{GMT}	INFO	[jepsen worker 0] jepsen.util: 0	:ok	:read	[0 1 2 3 4 5 6 7 8 9 10 11 12 13 14 15 16 17 18 19 20 21 22 23 24 25 26 27 28 29 30 31 32 33 34 35 36 37 38 39 40 41 42 43 44 45 46 47 48 49 50 51 52 53 54 55 56 57 58 59 60 61 62 63 64 65 66 67 68 69 70 71 72 73 74 75]
2024-02-19 00:49:53,511{GMT}	INFO	[jepsen worker 0] jepsen.util: 0	:invoke	:broadcast	76
2024-02-19 00:49:53,604{GMT}	INFO	[jepsen worker 0] jepsen.util: 0	:ok	:broadcast	76
2024-02-19 00:49:53,659{GMT}	INFO	[jepsen worker 0] jepsen.util: 0	:invoke	:read	nil
2024-02-19 00:49:53,685{GMT}	INFO	[jepsen worker 0] jepsen.util: 0	:ok	:read	[0 1 2 3 4 5 6 7 8 9 10 11 12 13 14 15 16 17 18 19 20 21 22 23 24 25 26 27 28 29 30 31 32 33 34 35 36 37 38 39 40 41 42 43 44 45 46 47 48 49 50 51 52 53 54 55 56 57 58 59 60 61 62 63 64 65 66 67 68 69 70 71 72 73 74 75 76]
2024-02-19 00:49:53,769{GMT}	INFO	[jepsen worker 0] jepsen.util: 0	:invoke	:broadcast	77
2024-02-19 00:49:53,771{GMT}	INFO	[jepsen worker 0] jepsen.util: 0	:ok	:broadcast	77
2024-02-19 00:49:53,887{GMT}	INFO	[jepsen worker 0] jepsen.util: 0	:invoke	:read	nil
2024-02-19 00:49:53,888{GMT}	INFO	[jepsen worker 0] jepsen.util: 0	:ok	:read	[0 1 2 3 4 5 6 7 8 9 10 11 12 13 14 15 16 17 18 19 20 21 22 23 24 25 26 27 28 29 30 31 32 33 34 35 36 37 38 39 40 41 42 43 44 45 46 47 48 49 50 51 52 53 54 55 56 57 58 59 60 61 62 63 64 65 66 67 68 69 70 71 72 73 74 75 76 77]
2024-02-19 00:49:53,913{GMT}	INFO	[jepsen worker 0] jepsen.util: 0	:invoke	:broadcast	78
2024-02-19 00:49:53,913{GMT}	INFO	[jepsen worker 0] jepsen.util: 0	:ok	:broadcast	78
2024-02-19 00:49:53,976{GMT}	INFO	[jepsen worker 0] jepsen.util: 0	:invoke	:broadcast	79
2024-02-19 00:49:53,977{GMT}	INFO	[jepsen worker 0] jepsen.util: 0	:ok	:broadcast	79
2024-02-19 00:49:54,176{GMT}	INFO	[jepsen worker 0] jepsen.util: 0	:invoke	:read	nil
2024-02-19 00:49:54,177{GMT}	INFO	[jepsen worker 0] jepsen.util: 0	:ok	:read	[0 1 2 3 4 5 6 7 8 9 10 11 12 13 14 15 16 17 18 19 20 21 22 23 24 25 26 27 28 29 30 31 32 33 34 35 36 37 38 39 40 41 42 43 44 45 46 47 48 49 50 51 52 53 54 55 56 57 58 59 60 61 62 63 64 65 66 67 68 69 70 71 72 73 74 75 76 77 78 79]
2024-02-19 00:49:54,344{GMT}	INFO	[jepsen worker 0] jepsen.util: 0	:invoke	:broadcast	80
2024-02-19 00:49:54,345{GMT}	INFO	[jepsen worker 0] jepsen.util: 0	:ok	:broadcast	80
2024-02-19 00:49:54,444{GMT}	INFO	[jepsen worker 0] jepsen.util: 0	:invoke	:broadcast	81
2024-02-19 00:49:54,444{GMT}	INFO	[jepsen worker 0] jepsen.util: 0	:ok	:broadcast	81
2024-02-19 00:49:54,506{GMT}	INFO	[jepsen worker 0] jepsen.util: 0	:invoke	:broadcast	82
2024-02-19 00:49:54,507{GMT}	INFO	[jepsen worker 0] jepsen.util: 0	:ok	:broadcast	82
2024-02-19 00:49:54,676{GMT}	INFO	[jepsen worker 0] jepsen.util: 0	:invoke	:read	nil
2024-02-19 00:49:54,677{GMT}	INFO	[jepsen worker 0] jepsen.util: 0	:ok	:read	[0 1 2 3 4 5 6 7 8 9 10 11 12 13 14 15 16 17 18 19 20 21 22 23 24 25 26 27 28 29 30 31 32 33 34 35 36 37 38 39 40 41 42 43 44 45 46 47 48 49 50 51 52 53 54 55 56 57 58 59 60 61 62 63 64 65 66 67 68 69 70 71 72 73 74 75 76 77 78 79 80 81 82]
2024-02-19 00:49:54,861{GMT}	INFO	[jepsen worker 0] jepsen.util: 0	:invoke	:broadcast	83
2024-02-19 00:49:54,883{GMT}	INFO	[jepsen worker 0] jepsen.util: 0	:ok	:broadcast	83
2024-02-19 00:49:54,955{GMT}	INFO	[jepsen worker 0] jepsen.util: 0	:invoke	:broadcast	84
2024-02-19 00:49:54,956{GMT}	INFO	[jepsen worker 0] jepsen.util: 0	:ok	:broadcast	84
2024-02-19 00:49:54,968{GMT}	INFO	[jepsen worker 0] jepsen.util: 0	:invoke	:broadcast	85
2024-02-19 00:49:54,968{GMT}	INFO	[jepsen worker 0] jepsen.util: 0	:ok	:broadcast	85
2024-02-19 00:49:54,987{GMT}	INFO	[jepsen worker 0] jepsen.util: 0	:invoke	:broadcast	86
2024-02-19 00:49:54,988{GMT}	INFO	[jepsen worker 0] jepsen.util: 0	:ok	:broadcast	86
2024-02-19 00:49:55,064{GMT}	INFO	[jepsen worker 0] jepsen.util: 0	:invoke	:read	nil
2024-02-19 00:49:55,065{GMT}	INFO	[jepsen worker 0] jepsen.util: 0	:ok	:read	[0 1 2 3 4 5 6 7 8 9 10 11 12 13 14 15 16 17 18 19 20 21 22 23 24 25 26 27 28 29 30 31 32 33 34 35 36 37 38 39 40 41 42 43 44 45 46 47 48 49 50 51 52 53 54 55 56 57 58 59 60 61 62 63 64 65 66 67 68 69 70 71 72 73 74 75 76 77 78 79 80 81 82 83 84 85 86]
2024-02-19 00:49:55,123{GMT}	INFO	[jepsen worker 0] jepsen.util: 0	:invoke	:broadcast	87
2024-02-19 00:49:55,123{GMT}	INFO	[jepsen worker 0] jepsen.util: 0	:ok	:broadcast	87
2024-02-19 00:49:55,303{GMT}	INFO	[jepsen worker 0] jepsen.util: 0	:invoke	:broadcast	88
2024-02-19 00:49:55,304{GMT}	INFO	[jepsen worker 0] jepsen.util: 0	:ok	:broadcast	88
2024-02-19 00:49:55,496{GMT}	INFO	[jepsen worker 0] jepsen.util: 0	:invoke	:broadcast	89
2024-02-19 00:49:55,497{GMT}	INFO	[jepsen worker 0] jepsen.util: 0	:ok	:broadcast	89
2024-02-19 00:49:55,694{GMT}	INFO	[jepsen worker 0] jepsen.util: 0	:invoke	:broadcast	90
2024-02-19 00:49:55,694{GMT}	INFO	[jepsen worker 0] jepsen.util: 0	:ok	:broadcast	90
2024-02-19 00:49:55,708{GMT}	INFO	[jepsen worker 0] jepsen.util: 0	:invoke	:broadcast	91
2024-02-19 00:49:55,708{GMT}	INFO	[jepsen worker 0] jepsen.util: 0	:ok	:broadcast	91
2024-02-19 00:49:55,844{GMT}	INFO	[jepsen worker 0] jepsen.util: 0	:invoke	:read	nil
2024-02-19 00:49:55,845{GMT}	INFO	[jepsen worker 0] jepsen.util: 0	:ok	:read	[0 1 2 3 4 5 6 7 8 9 10 11 12 13 14 15 16 17 18 19 20 21 22 23 24 25 26 27 28 29 30 31 32 33 34 35 36 37 38 39 40 41 42 43 44 45 46 47 48 49 50 51 52 53 54 55 56 57 58 59 60 61 62 63 64 65 66 67 68 69 70 71 72 73 74 75 76 77 78 79 80 81 82 83 84 85 86 87 88 89 90 91]
2024-02-19 00:49:55,884{GMT}	INFO	[jepsen worker 0] jepsen.util: 0	:invoke	:broadcast	92
2024-02-19 00:49:55,885{GMT}	INFO	[jepsen worker 0] jepsen.util: 0	:ok	:broadcast	92
2024-02-19 00:49:55,953{GMT}	INFO	[jepsen worker 0] jepsen.util: 0	:invoke	:read	nil
2024-02-19 00:49:55,954{GMT}	INFO	[jepsen worker 0] jepsen.util: 0	:ok	:read	[0 1 2 3 4 5 6 7 8 9 10 11 12 13 14 15 16 17 18 19 20 21 22 23 24 25 26 27 28 29 30 31 32 33 34 35 36 37 38 39 40 41 42 43 44 45 46 47 48 49 50 51 52 53 54 55 56 57 58 59 60 61 62 63 64 65 66 67 68 69 70 71 72 73 74 75 76 77 78 79 80 81 82 83 84 85 86 87 88 89 90 91 92]
2024-02-19 00:49:55,978{GMT}	INFO	[jepsen worker 0] jepsen.util: 0	:invoke	:broadcast	93
2024-02-19 00:49:55,979{GMT}	INFO	[jepsen worker 0] jepsen.util: 0	:ok	:broadcast	93
2024-02-19 00:49:56,172{GMT}	INFO	[jepsen worker 0] jepsen.util: 0	:invoke	:read	nil
2024-02-19 00:49:56,173{GMT}	INFO	[jepsen worker 0] jepsen.util: 0	:ok	:read	[0 1 2 3 4 5 6 7 8 9 10 11 12 13 14 15 16 17 18 19 20 21 22 23 24 25 26 27 28 29 30 31 32 33 34 35 36 37 38 39 40 41 42 43 44 45 46 47 48 49 50 51 52 53 54 55 56 57 58 59 60 61 62 63 64 65 66 67 68 69 70 71 72 73 74 75 76 77 78 79 80 81 82 83 84 85 86 87 88 89 90 91 92 93]
2024-02-19 00:49:56,325{GMT}	INFO	[jepsen worker 0] jepsen.util: 0	:invoke	:read	nil
2024-02-19 00:49:56,326{GMT}	INFO	[jepsen worker 0] jepsen.util: 0	:ok	:read	[0 1 2 3 4 5 6 7 8 9 10 11 12 13 14 15 16 17 18 19 20 21 22 23 24 25 26 27 28 29 30 31 32 33 34 35 36 37 38 39 40 41 42 43 44 45 46 47 48 49 50 51 52 53 54 55 56 57 58 59 60 61 62 63 64 65 66 67 68 69 70 71 72 73 74 75 76 77 78 79 80 81 82 83 84 85 86 87 88 89 90 91 92 93]
2024-02-19 00:49:56,468{GMT}	INFO	[jepsen worker 0] jepsen.util: 0	:invoke	:read	nil
2024-02-19 00:49:56,469{GMT}	INFO	[jepsen worker 0] jepsen.util: 0	:ok	:read	[0 1 2 3 4 5 6 7 8 9 10 11 12 13 14 15 16 17 18 19 20 21 22 23 24 25 26 27 28 29 30 31 32 33 34 35 36 37 38 39 40 41 42 43 44 45 46 47 48 49 50 51 52 53 54 55 56 57 58 59 60 61 62 63 64 65 66 67 68 69 70 71 72 73 74 75 76 77 78 79 80 81 82 83 84 85 86 87 88 89 90 91 92 93]
2024-02-19 00:49:56,539{GMT}	INFO	[jepsen worker 0] jepsen.util: 0	:invoke	:broadcast	94
2024-02-19 00:49:56,540{GMT}	INFO	[jepsen worker 0] jepsen.util: 0	:ok	:broadcast	94
2024-02-19 00:49:56,545{GMT}	INFO	[jepsen worker 0] jepsen.util: 0	:invoke	:broadcast	95
2024-02-19 00:49:56,546{GMT}	INFO	[jepsen worker 0] jepsen.util: 0	:ok	:broadcast	95
2024-02-19 00:49:56,547{GMT}	INFO	[jepsen worker 0] jepsen.generator.interpreter: Waiting for recovery...
2024-02-19 00:50:06,553{GMT}	INFO	[jepsen worker 0] jepsen.util: 0	:invoke	:read	nil
2024-02-19 00:50:06,555{GMT}	INFO	[jepsen worker 0] jepsen.util: 0	:ok	:read	[0 1 2 3 4 5 6 7 8 9 10 11 12 13 14 15 16 17 18 19 20 21 22 23 24 25 26 27 28 29 30 31 32 33 34 35 36 37 38 39 40 41 42 43 44 45 46 47 48 49 50 51 52 53 54 55 56 57 58 59 60 61 62 63 64 65 66 67 68 69 70 71 72 73 74 75 76 77 78 79 80 81 82 83 84 85 86 87 88 89 90 91 92 93 94 95]
2024-02-19 00:50:06,589{GMT}	INFO	[jepsen test runner] jepsen.core: Run complete, writing
2024-02-19 00:50:06,837{GMT}	INFO	[jepsen node n0] maelstrom.db: Tearing down n0
2024-02-19 00:50:08,274{GMT}	INFO	[jepsen node n0] maelstrom.net: Shutting down Maelstrom network
2024-02-19 00:50:08,274{GMT}	INFO	[jepsen test runner] jepsen.core: Analyzing...
2024-02-19 00:50:08,517{GMT}	INFO	[jepsen test runner] jepsen.core: Analysis complete
2024-02-19 00:50:08,566{GMT}	INFO	[jepsen results] jepsen.store: Wrote /Users/danishsharma/go/src/gossip-glamers/single_node_broadcast/store/broadcast/20240219T004933.760+0530/results.edn
2024-02-19 00:50:08,745{GMT}	INFO	[jepsen test runner] jepsen.core: {:perf {:latency-graph {:valid? true},
        :rate-graph {:valid? true},
        :valid? true},
 :timeline {:valid? true},
 :exceptions {:valid? true},
 :stats {:valid? true,
         :count 189,
         :ok-count 189,
         :fail-count 0,
         :info-count 0,
         :by-f {:broadcast {:valid? true,
                            :count 96,
                            :ok-count 96,
                            :fail-count 0,
                            :info-count 0},
                :read {:valid? true,
                       :count 93,
                       :ok-count 93,
                       :fail-count 0,
                       :info-count 0}}},
 :availability {:valid? true, :ok-fraction 1.0},
 :net {:all {:send-count 382,
             :recv-count 382,
             :msg-count 382,
             :msgs-per-op 2.021164},
       :clients {:send-count 382, :recv-count 382, :msg-count 382},
       :servers {:send-count 0,
                 :recv-count 0,
                 :msg-count 0,
                 :msgs-per-op 0.0},
       :valid? true},
 :workload {:worst-stale (),
            :duplicated-count 0,
            :valid? true,
            :lost-count 0,
            :lost (),
            :stable-count 96,
            :stale-count 0,
            :stale (),
            :never-read-count 0,
            :stable-latencies {0 0, 0.5 0, 0.95 0, 0.99 0, 1 0},
            :attempt-count 96,
            :never-read (),
            :duplicated {}},
 :valid? true}


Everything looks good! (`)
