2024-02-19 00:41:44,703{GMT}	INFO	[jepsen test runner] jepsen.core: Test version a6ecf26472b81b804f34a302bd07c0bb804a8801 (plus uncommitted changes)
2024-02-19 00:41:44,703{GMT}	INFO	[jepsen test runner] jepsen.core: Command line:
lein run test -w broadcast --bin /Users/danishsharma/go/src/gossip-glamers/single_node_broadcast/bin --node-count 1 --time-limit 20 --rate 10
2024-02-19 00:41:44,782{GMT}	INFO	[jepsen test runner] jepsen.core: Running test:
{:args []
 :remote
 #jepsen.control.retry.Remote{:remote #jepsen.control.scp.Remote{:cmd-remote #jepsen.control.sshj.SSHJRemote{:concurrency-limit 6,
                                                                                                             :conn-spec nil,
                                                                                                             :client nil,
                                                                                                             :semaphore nil},
                                                                 :conn-spec nil},
                              :conn nil}
 :log-net-send false
 :node-count 1
 :availability nil
 :max-txn-length 4
 :concurrency 1
 :db
 #object[maelstrom.db$db$reify__16142
         "0x4b48be5c"
         "maelstrom.db$db$reify__16142@4b48be5c"]
 :max-writes-per-key 16
 :leave-db-running? false
 :name "broadcast"
 :logging-json? false
 :start-time
 #object[org.joda.time.DateTime "0x1ef6977b" "2024-02-19T00:41:44.608+05:30"]
 :nemesis-interval 10
 :net
 #object[maelstrom.net$jepsen_net$reify__15251
         "0x674cd2da"
         "maelstrom.net$jepsen_net$reify__15251@674cd2da"]
 :client
 #object[maelstrom.workload.broadcast$client$reify__16644
         "0x686279e0"
         "maelstrom.workload.broadcast$client$reify__16644@686279e0"]
 :barrier
 #object[java.util.concurrent.CyclicBarrier
         "0x6b28d4e4"
         "java.util.concurrent.CyclicBarrier@6b28d4e4"]
 :log-stderr false
 :pure-generators true
 :ssh {:dummy? true}
 :rate 10.0
 :checker
 #object[jepsen.checker$compose$reify__11881
         "0x41cfcbb5"
         "jepsen.checker$compose$reify__11881@41cfcbb5"]
 :argv
 ("test"
  "-w"
  "broadcast"
  "--bin"
  "/Users/danishsharma/go/src/gossip-glamers/single_node_broadcast/bin"
  "--node-count"
  "1"
  "--time-limit"
  "20"
  "--rate"
  "10")
 :nemesis
 (jepsen.nemesis.ReflCompose
  {:fm {:start-partition 0,
        :stop-partition 0,
        :kill 1,
        :start 1,
        :pause 1,
        :resume 1},
   :nemeses [#unprintable "jepsen.nemesis.combined$partition_nemesis$reify__16416@40941b54"
             #unprintable "jepsen.nemesis.combined$db_nemesis$reify__16397@3b42d7df"]})
 :nodes ["n0"]
 :test-count 1
 :latency {:mean 0, :dist :constant}
 :bin "/Users/danishsharma/go/src/gossip-glamers/single_node_broadcast/bin"
 :generator
 ((jepsen.generator.Synchronize
   {:gen (jepsen.generator.TimeLimit
          {:limit 20000000000,
           :cutoff nil,
           :gen (jepsen.generator.Any
                 {:gens [(jepsen.generator.OnThreads
                          {:f #{:nemesis},
                           :context-filter #object[jepsen.generator.context$make_thread_filter$lazy_filter__9167
                                                   "0x704c3ca2"
                                                   "jepsen.generator.context$make_thread_filter$lazy_filter__9167@704c3ca2"],
                           :gen nil})
                         (jepsen.generator.OnThreads
                          {:f #jepsen.generator.context.AllBut{:element :nemesis},
                           :context-filter #object[jepsen.generator.context$make_thread_filter$lazy_filter__9167
                                                   "0x7d3a9061"
                                                   "jepsen.generator.context$make_thread_filter$lazy_filter__9167@7d3a9061"],
                           :gen (jepsen.generator.Stagger
                                 {:dt 200000000,
                                  :next-time nil,
                                  :gen (jepsen.generator.Mix
                                        {:i 0,
                                         :gens [({:f :broadcast, :value 0}
                                                 {:f :broadcast, :value 1}
                                                 {:f :broadcast, :value 2}
                                                 {:f :broadcast, :value 3}
                                                 {:f :broadcast, :value 4}
                                                 {:f :broadcast, :value 5}
                                                 {:f :broadcast, :value 6}
                                                 {:f :broadcast, :value 7}
                                                 ...)
                                                ({:f :read}
                                                 {:f :read}
                                                 {:f :read}
                                                 {:f :read}
                                                 {:f :read}
                                                 {:f :read}
                                                 {:f :read}
                                                 {:f :read}
                                                 ...)]})})})]})})})
  (jepsen.generator.Synchronize
   {:gen (jepsen.generator.OnThreads
          {:f #{:nemesis},
           :context-filter #object[jepsen.generator.context$make_thread_filter$lazy_filter__9167
                                   "0x8d40f07"
                                   "jepsen.generator.context$make_thread_filter$lazy_filter__9167@8d40f07"],
           :gen ()})})
  (jepsen.generator.Synchronize
   {:gen {:type :log, :value "Waiting for recovery..."}})
  (jepsen.generator.Synchronize {:gen {:type :sleep, :value 10}})
  (jepsen.generator.Synchronize
   {:gen (jepsen.generator.OnThreads
          {:f #jepsen.generator.context.AllBut{:element :nemesis},
           :context-filter #object[jepsen.generator.context$make_thread_filter$lazy_filter__9167
                                   "0x196c8b93"
                                   "jepsen.generator.context$make_thread_filter$lazy_filter__9167@196c8b93"],
           :gen (jepsen.generator.EachThread
                 {:fresh-gen {:f :read, :final? true},
                  :context-filters #object[clojure.core$promise$reify__8591
                                           "0x307ca947"
                                           {:status :pending, :val nil}],
                  :gens {}})})}))
 :log-net-recv false
 :os
 #object[maelstrom.net$jepsen_os$reify__15254
         "0x61d1315b"
         "maelstrom.net$jepsen_os$reify__15254@61d1315b"]
 :time-limit 20
 :workload :broadcast
 :consistency-models [:strict-serializable]
 :topology :grid}

2024-02-19 00:41:46,936{GMT}	INFO	[jepsen node n0] maelstrom.net: Starting Maelstrom network
2024-02-19 00:41:46,938{GMT}	INFO	[jepsen test runner] jepsen.db: Tearing down DB
2024-02-19 00:41:46,941{GMT}	INFO	[jepsen test runner] jepsen.db: Setting up DB
2024-02-19 00:41:46,946{GMT}	INFO	[jepsen node n0] maelstrom.service: Starting services: (lin-kv lin-tso lww-kv seq-kv)
2024-02-19 00:41:46,949{GMT}	INFO	[jepsen node n0] maelstrom.db: Setting up n0
2024-02-19 00:41:46,950{GMT}	INFO	[jepsen node n0] maelstrom.process: launching /Users/danishsharma/go/src/gossip-glamers/single_node_broadcast/bin []
2024-02-19 00:41:47,402{GMT}	INFO	[jepsen test runner] jepsen.core: Relative time begins now
2024-02-19 00:41:47,417{GMT}	INFO	[jepsen worker 0] jepsen.util: 0	:invoke	:broadcast	0
2024-02-19 00:41:47,419{GMT}	INFO	[jepsen worker 0] jepsen.util: 0	:ok	:broadcast	0
2024-02-19 00:41:47,508{GMT}	INFO	[jepsen worker 0] jepsen.util: 0	:invoke	:broadcast	1
2024-02-19 00:41:47,510{GMT}	INFO	[jepsen worker 0] jepsen.util: 0	:ok	:broadcast	1
2024-02-19 00:41:47,520{GMT}	INFO	[jepsen worker 0] jepsen.util: 0	:invoke	:broadcast	2
2024-02-19 00:41:47,522{GMT}	INFO	[jepsen worker 0] jepsen.util: 0	:ok	:broadcast	2
2024-02-19 00:41:47,551{GMT}	INFO	[jepsen worker 0] jepsen.util: 0	:invoke	:read	nil
2024-02-19 00:41:47,568{GMT}	WARN	[jepsen worker 0] jepsen.generator.interpreter: Process 0 crashed
clojure.lang.ExceptionInfo: Malformed RPC response. Maelstrom sent node n0 the following request:

{:type "read", :msg_id 4}

And expected a response of the form:

{:type (eq "read_ok"),
 :messages [Any],
 {:k :msg_id} Int,
 :in_reply_to Int}

... but instead received

{:in_reply_to 4, :message_ids [0 1 2], :type "read_ok"}

This is malformed because:

{:messages missing-required-key, :message_ids disallowed-key}

See doc/protocol.md for more guidance.
	at slingshot.support$stack_trace.invoke(support.clj:201)
	at maelstrom.client$check_body.invokeStatic(client.clj:188)
	at maelstrom.client$check_body.invoke(client.clj:181)
	at maelstrom.workload.broadcast$fn__16576$read__16577.invoke(broadcast.clj:34)
	at maelstrom.workload.broadcast$fn__16576$read__16577.invoke(broadcast.clj:34)
	at maelstrom.workload.broadcast$client$reify__16644.invoke_BANG_(broadcast.clj:207)
	at jepsen.client.Validate.invoke_BANG_(client.clj:83)
	at jepsen.generator.interpreter.ClientWorker.invoke_BANG_(interpreter.clj:65)
	at jepsen.generator.interpreter$spawn_worker$fn__12908$fn__12909.invoke(interpreter.clj:140)
	at jepsen.generator.interpreter$spawn_worker$fn__12908.invoke(interpreter.clj:123)
	at clojure.core$binding_conveyor_fn$fn__5823.invoke(core.clj:2047)
	at clojure.lang.AFn.call(AFn.java:18)
	at java.base/java.util.concurrent.FutureTask.run(FutureTask.java:317)
	at java.base/java.util.concurrent.ThreadPoolExecutor.runWorker(ThreadPoolExecutor.java:1144)
	at java.base/java.util.concurrent.ThreadPoolExecutor$Worker.run(ThreadPoolExecutor.java:642)
	at java.base/java.lang.Thread.run(Thread.java:1583)
2024-02-19 00:41:47,656{GMT}	INFO	[jepsen worker 0] jepsen.util: 1	:invoke	:read	nil
2024-02-19 00:41:47,666{GMT}	WARN	[jepsen worker 0] jepsen.generator.interpreter: Process 1 crashed
clojure.lang.ExceptionInfo: Malformed RPC response. Maelstrom sent node n0 the following request:

{:type "read", :msg_id 1}

And expected a response of the form:

{:type (eq "read_ok"),
 :messages [Any],
 {:k :msg_id} Int,
 :in_reply_to Int}

... but instead received

{:in_reply_to 1, :message_ids [0 1 2], :type "read_ok"}

This is malformed because:

{:messages missing-required-key, :message_ids disallowed-key}

See doc/protocol.md for more guidance.
	at slingshot.support$stack_trace.invoke(support.clj:201)
	at maelstrom.client$check_body.invokeStatic(client.clj:188)
	at maelstrom.client$check_body.invoke(client.clj:181)
	at maelstrom.workload.broadcast$fn__16576$read__16577.invoke(broadcast.clj:34)
	at maelstrom.workload.broadcast$fn__16576$read__16577.invoke(broadcast.clj:34)
	at maelstrom.workload.broadcast$client$reify__16644.invoke_BANG_(broadcast.clj:207)
	at jepsen.client.Validate.invoke_BANG_(client.clj:83)
	at jepsen.generator.interpreter.ClientWorker.invoke_BANG_(interpreter.clj:65)
	at jepsen.generator.interpreter$spawn_worker$fn__12908$fn__12909.invoke(interpreter.clj:140)
	at jepsen.generator.interpreter$spawn_worker$fn__12908.invoke(interpreter.clj:123)
	at clojure.core$binding_conveyor_fn$fn__5823.invoke(core.clj:2047)
	at clojure.lang.AFn.call(AFn.java:18)
	at java.base/java.util.concurrent.FutureTask.run(FutureTask.java:317)
	at java.base/java.util.concurrent.ThreadPoolExecutor.runWorker(ThreadPoolExecutor.java:1144)
	at java.base/java.util.concurrent.ThreadPoolExecutor$Worker.run(ThreadPoolExecutor.java:642)
	at java.base/java.lang.Thread.run(Thread.java:1583)
2024-02-19 00:41:47,684{GMT}	INFO	[jepsen worker 0] jepsen.util: 2	:invoke	:broadcast	3
2024-02-19 00:41:47,687{GMT}	INFO	[jepsen worker 0] jepsen.util: 2	:ok	:broadcast	3
2024-02-19 00:41:47,787{GMT}	INFO	[jepsen worker 0] jepsen.util: 2	:invoke	:read	nil
2024-02-19 00:41:47,797{GMT}	WARN	[jepsen worker 0] jepsen.generator.interpreter: Process 2 crashed
clojure.lang.ExceptionInfo: Malformed RPC response. Maelstrom sent node n0 the following request:

{:type "read", :msg_id 2}

And expected a response of the form:

{:type (eq "read_ok"),
 :messages [Any],
 {:k :msg_id} Int,
 :in_reply_to Int}

... but instead received

{:in_reply_to 2, :message_ids [0 1 2 3], :type "read_ok"}

This is malformed because:

{:messages missing-required-key, :message_ids disallowed-key}

See doc/protocol.md for more guidance.
	at slingshot.support$stack_trace.invoke(support.clj:201)
	at maelstrom.client$check_body.invokeStatic(client.clj:188)
	at maelstrom.client$check_body.invoke(client.clj:181)
	at maelstrom.workload.broadcast$fn__16576$read__16577.invoke(broadcast.clj:34)
	at maelstrom.workload.broadcast$fn__16576$read__16577.invoke(broadcast.clj:34)
	at maelstrom.workload.broadcast$client$reify__16644.invoke_BANG_(broadcast.clj:207)
	at jepsen.client.Validate.invoke_BANG_(client.clj:83)
	at jepsen.generator.interpreter.ClientWorker.invoke_BANG_(interpreter.clj:65)
	at jepsen.generator.interpreter$spawn_worker$fn__12908$fn__12909.invoke(interpreter.clj:140)
	at jepsen.generator.interpreter$spawn_worker$fn__12908.invoke(interpreter.clj:123)
	at clojure.core$binding_conveyor_fn$fn__5823.invoke(core.clj:2047)
	at clojure.lang.AFn.call(AFn.java:18)
	at java.base/java.util.concurrent.FutureTask.run(FutureTask.java:317)
	at java.base/java.util.concurrent.ThreadPoolExecutor.runWorker(ThreadPoolExecutor.java:1144)
	at java.base/java.util.concurrent.ThreadPoolExecutor$Worker.run(ThreadPoolExecutor.java:642)
	at java.base/java.lang.Thread.run(Thread.java:1583)
2024-02-19 00:41:47,845{GMT}	INFO	[jepsen worker 0] jepsen.util: 3	:invoke	:read	nil
2024-02-19 00:41:47,853{GMT}	WARN	[jepsen worker 0] jepsen.generator.interpreter: Process 3 crashed
clojure.lang.ExceptionInfo: Malformed RPC response. Maelstrom sent node n0 the following request:

{:type "read", :msg_id 1}

And expected a response of the form:

{:type (eq "read_ok"),
 :messages [Any],
 {:k :msg_id} Int,
 :in_reply_to Int}

... but instead received

{:in_reply_to 1, :message_ids [0 1 2 3], :type "read_ok"}

This is malformed because:

{:messages missing-required-key, :message_ids disallowed-key}

See doc/protocol.md for more guidance.
	at slingshot.support$stack_trace.invoke(support.clj:201)
	at maelstrom.client$check_body.invokeStatic(client.clj:188)
	at maelstrom.client$check_body.invoke(client.clj:181)
	at maelstrom.workload.broadcast$fn__16576$read__16577.invoke(broadcast.clj:34)
	at maelstrom.workload.broadcast$fn__16576$read__16577.invoke(broadcast.clj:34)
	at maelstrom.workload.broadcast$client$reify__16644.invoke_BANG_(broadcast.clj:207)
	at jepsen.client.Validate.invoke_BANG_(client.clj:83)
	at jepsen.generator.interpreter.ClientWorker.invoke_BANG_(interpreter.clj:65)
	at jepsen.generator.interpreter$spawn_worker$fn__12908$fn__12909.invoke(interpreter.clj:140)
	at jepsen.generator.interpreter$spawn_worker$fn__12908.invoke(interpreter.clj:123)
	at clojure.core$binding_conveyor_fn$fn__5823.invoke(core.clj:2047)
	at clojure.lang.AFn.call(AFn.java:18)
	at java.base/java.util.concurrent.FutureTask.run(FutureTask.java:317)
	at java.base/java.util.concurrent.ThreadPoolExecutor.runWorker(ThreadPoolExecutor.java:1144)
	at java.base/java.util.concurrent.ThreadPoolExecutor$Worker.run(ThreadPoolExecutor.java:642)
	at java.base/java.lang.Thread.run(Thread.java:1583)
2024-02-19 00:41:47,989{GMT}	INFO	[jepsen worker 0] jepsen.util: 4	:invoke	:broadcast	4
2024-02-19 00:41:47,990{GMT}	INFO	[jepsen worker 0] jepsen.util: 4	:ok	:broadcast	4
2024-02-19 00:41:48,184{GMT}	INFO	[jepsen worker 0] jepsen.util: 4	:invoke	:broadcast	5
2024-02-19 00:41:48,185{GMT}	INFO	[jepsen worker 0] jepsen.util: 4	:ok	:broadcast	5
2024-02-19 00:41:48,359{GMT}	INFO	[jepsen worker 0] jepsen.util: 4	:invoke	:read	nil
2024-02-19 00:41:48,364{GMT}	WARN	[jepsen worker 0] jepsen.generator.interpreter: Process 4 crashed
clojure.lang.ExceptionInfo: Malformed RPC response. Maelstrom sent node n0 the following request:

{:type "read", :msg_id 3}

And expected a response of the form:

{:type (eq "read_ok"),
 :messages [Any],
 {:k :msg_id} Int,
 :in_reply_to Int}

... but instead received

{:in_reply_to 3, :message_ids [0 1 2 3 4 5], :type "read_ok"}

This is malformed because:

{:messages missing-required-key, :message_ids disallowed-key}

See doc/protocol.md for more guidance.
	at slingshot.support$stack_trace.invoke(support.clj:201)
	at maelstrom.client$check_body.invokeStatic(client.clj:188)
	at maelstrom.client$check_body.invoke(client.clj:181)
	at maelstrom.workload.broadcast$fn__16576$read__16577.invoke(broadcast.clj:34)
	at maelstrom.workload.broadcast$fn__16576$read__16577.invoke(broadcast.clj:34)
	at maelstrom.workload.broadcast$client$reify__16644.invoke_BANG_(broadcast.clj:207)
	at jepsen.client.Validate.invoke_BANG_(client.clj:83)
	at jepsen.generator.interpreter.ClientWorker.invoke_BANG_(interpreter.clj:65)
	at jepsen.generator.interpreter$spawn_worker$fn__12908$fn__12909.invoke(interpreter.clj:140)
	at jepsen.generator.interpreter$spawn_worker$fn__12908.invoke(interpreter.clj:123)
	at clojure.core$binding_conveyor_fn$fn__5823.invoke(core.clj:2047)
	at clojure.lang.AFn.call(AFn.java:18)
	at java.base/java.util.concurrent.FutureTask.run(FutureTask.java:317)
	at java.base/java.util.concurrent.ThreadPoolExecutor.runWorker(ThreadPoolExecutor.java:1144)
	at java.base/java.util.concurrent.ThreadPoolExecutor$Worker.run(ThreadPoolExecutor.java:642)
	at java.base/java.lang.Thread.run(Thread.java:1583)
2024-02-19 00:41:48,425{GMT}	INFO	[jepsen worker 0] jepsen.util: 5	:invoke	:read	nil
2024-02-19 00:41:48,431{GMT}	WARN	[jepsen worker 0] jepsen.generator.interpreter: Process 5 crashed
clojure.lang.ExceptionInfo: Malformed RPC response. Maelstrom sent node n0 the following request:

{:type "read", :msg_id 1}

And expected a response of the form:

{:type (eq "read_ok"),
 :messages [Any],
 {:k :msg_id} Int,
 :in_reply_to Int}

... but instead received

{:in_reply_to 1, :message_ids [0 1 2 3 4 5], :type "read_ok"}

This is malformed because:

{:messages missing-required-key, :message_ids disallowed-key}

See doc/protocol.md for more guidance.
	at slingshot.support$stack_trace.invoke(support.clj:201)
	at maelstrom.client$check_body.invokeStatic(client.clj:188)
	at maelstrom.client$check_body.invoke(client.clj:181)
	at maelstrom.workload.broadcast$fn__16576$read__16577.invoke(broadcast.clj:34)
	at maelstrom.workload.broadcast$fn__16576$read__16577.invoke(broadcast.clj:34)
	at maelstrom.workload.broadcast$client$reify__16644.invoke_BANG_(broadcast.clj:207)
	at jepsen.client.Validate.invoke_BANG_(client.clj:83)
	at jepsen.generator.interpreter.ClientWorker.invoke_BANG_(interpreter.clj:65)
	at jepsen.generator.interpreter$spawn_worker$fn__12908$fn__12909.invoke(interpreter.clj:140)
	at jepsen.generator.interpreter$spawn_worker$fn__12908.invoke(interpreter.clj:123)
	at clojure.core$binding_conveyor_fn$fn__5823.invoke(core.clj:2047)
	at clojure.lang.AFn.call(AFn.java:18)
	at java.base/java.util.concurrent.FutureTask.run(FutureTask.java:317)
	at java.base/java.util.concurrent.ThreadPoolExecutor.runWorker(ThreadPoolExecutor.java:1144)
	at java.base/java.util.concurrent.ThreadPoolExecutor$Worker.run(ThreadPoolExecutor.java:642)
	at java.base/java.lang.Thread.run(Thread.java:1583)
2024-02-19 00:41:48,500{GMT}	INFO	[jepsen worker 0] jepsen.util: 6	:invoke	:read	nil
2024-02-19 00:41:48,506{GMT}	WARN	[jepsen worker 0] jepsen.generator.interpreter: Process 6 crashed
clojure.lang.ExceptionInfo: Malformed RPC response. Maelstrom sent node n0 the following request:

{:type "read", :msg_id 1}

And expected a response of the form:

{:type (eq "read_ok"),
 :messages [Any],
 {:k :msg_id} Int,
 :in_reply_to Int}

... but instead received

{:in_reply_to 1, :message_ids [0 1 2 3 4 5], :type "read_ok"}

This is malformed because:

{:messages missing-required-key, :message_ids disallowed-key}

See doc/protocol.md for more guidance.
	at slingshot.support$stack_trace.invoke(support.clj:201)
	at maelstrom.client$check_body.invokeStatic(client.clj:188)
	at maelstrom.client$check_body.invoke(client.clj:181)
	at maelstrom.workload.broadcast$fn__16576$read__16577.invoke(broadcast.clj:34)
	at maelstrom.workload.broadcast$fn__16576$read__16577.invoke(broadcast.clj:34)
	at maelstrom.workload.broadcast$client$reify__16644.invoke_BANG_(broadcast.clj:207)
	at jepsen.client.Validate.invoke_BANG_(client.clj:83)
	at jepsen.generator.interpreter.ClientWorker.invoke_BANG_(interpreter.clj:65)
	at jepsen.generator.interpreter$spawn_worker$fn__12908$fn__12909.invoke(interpreter.clj:140)
	at jepsen.generator.interpreter$spawn_worker$fn__12908.invoke(interpreter.clj:123)
	at clojure.core$binding_conveyor_fn$fn__5823.invoke(core.clj:2047)
	at clojure.lang.AFn.call(AFn.java:18)
	at java.base/java.util.concurrent.FutureTask.run(FutureTask.java:317)
	at java.base/java.util.concurrent.ThreadPoolExecutor.runWorker(ThreadPoolExecutor.java:1144)
	at java.base/java.util.concurrent.ThreadPoolExecutor$Worker.run(ThreadPoolExecutor.java:642)
	at java.base/java.lang.Thread.run(Thread.java:1583)
2024-02-19 00:41:48,581{GMT}	INFO	[jepsen worker 0] jepsen.util: 7	:invoke	:read	nil
2024-02-19 00:41:48,588{GMT}	WARN	[jepsen worker 0] jepsen.generator.interpreter: Process 7 crashed
clojure.lang.ExceptionInfo: Malformed RPC response. Maelstrom sent node n0 the following request:

{:type "read", :msg_id 1}

And expected a response of the form:

{:type (eq "read_ok"),
 :messages [Any],
 {:k :msg_id} Int,
 :in_reply_to Int}

... but instead received

{:in_reply_to 1, :message_ids [0 1 2 3 4 5], :type "read_ok"}

This is malformed because:

{:messages missing-required-key, :message_ids disallowed-key}

See doc/protocol.md for more guidance.
	at slingshot.support$stack_trace.invoke(support.clj:201)
	at maelstrom.client$check_body.invokeStatic(client.clj:188)
	at maelstrom.client$check_body.invoke(client.clj:181)
	at maelstrom.workload.broadcast$fn__16576$read__16577.invoke(broadcast.clj:34)
	at maelstrom.workload.broadcast$fn__16576$read__16577.invoke(broadcast.clj:34)
	at maelstrom.workload.broadcast$client$reify__16644.invoke_BANG_(broadcast.clj:207)
	at jepsen.client.Validate.invoke_BANG_(client.clj:83)
	at jepsen.generator.interpreter.ClientWorker.invoke_BANG_(interpreter.clj:65)
	at jepsen.generator.interpreter$spawn_worker$fn__12908$fn__12909.invoke(interpreter.clj:140)
	at jepsen.generator.interpreter$spawn_worker$fn__12908.invoke(interpreter.clj:123)
	at clojure.core$binding_conveyor_fn$fn__5823.invoke(core.clj:2047)
	at clojure.lang.AFn.call(AFn.java:18)
	at java.base/java.util.concurrent.FutureTask.run(FutureTask.java:317)
	at java.base/java.util.concurrent.ThreadPoolExecutor.runWorker(ThreadPoolExecutor.java:1144)
	at java.base/java.util.concurrent.ThreadPoolExecutor$Worker.run(ThreadPoolExecutor.java:642)
	at java.base/java.lang.Thread.run(Thread.java:1583)
2024-02-19 00:41:48,777{GMT}	INFO	[jepsen worker 0] jepsen.util: 8	:invoke	:read	nil
2024-02-19 00:41:48,783{GMT}	WARN	[jepsen worker 0] jepsen.generator.interpreter: Process 8 crashed
clojure.lang.ExceptionInfo: Malformed RPC response. Maelstrom sent node n0 the following request:

{:type "read", :msg_id 1}

And expected a response of the form:

{:type (eq "read_ok"),
 :messages [Any],
 {:k :msg_id} Int,
 :in_reply_to Int}

... but instead received

{:in_reply_to 1, :message_ids [0 1 2 3 4 5], :type "read_ok"}

This is malformed because:

{:messages missing-required-key, :message_ids disallowed-key}

See doc/protocol.md for more guidance.
	at slingshot.support$stack_trace.invoke(support.clj:201)
	at maelstrom.client$check_body.invokeStatic(client.clj:188)
	at maelstrom.client$check_body.invoke(client.clj:181)
	at maelstrom.workload.broadcast$fn__16576$read__16577.invoke(broadcast.clj:34)
	at maelstrom.workload.broadcast$fn__16576$read__16577.invoke(broadcast.clj:34)
	at maelstrom.workload.broadcast$client$reify__16644.invoke_BANG_(broadcast.clj:207)
	at jepsen.client.Validate.invoke_BANG_(client.clj:83)
	at jepsen.generator.interpreter.ClientWorker.invoke_BANG_(interpreter.clj:65)
	at jepsen.generator.interpreter$spawn_worker$fn__12908$fn__12909.invoke(interpreter.clj:140)
	at jepsen.generator.interpreter$spawn_worker$fn__12908.invoke(interpreter.clj:123)
	at clojure.core$binding_conveyor_fn$fn__5823.invoke(core.clj:2047)
	at clojure.lang.AFn.call(AFn.java:18)
	at java.base/java.util.concurrent.FutureTask.run(FutureTask.java:317)
	at java.base/java.util.concurrent.ThreadPoolExecutor.runWorker(ThreadPoolExecutor.java:1144)
	at java.base/java.util.concurrent.ThreadPoolExecutor$Worker.run(ThreadPoolExecutor.java:642)
	at java.base/java.lang.Thread.run(Thread.java:1583)
2024-02-19 00:41:48,959{GMT}	INFO	[jepsen worker 0] jepsen.util: 9	:invoke	:broadcast	6
2024-02-19 00:41:48,960{GMT}	INFO	[jepsen worker 0] jepsen.util: 9	:ok	:broadcast	6
2024-02-19 00:41:48,999{GMT}	INFO	[jepsen worker 0] jepsen.util: 9	:invoke	:broadcast	7
2024-02-19 00:41:49,000{GMT}	INFO	[jepsen worker 0] jepsen.util: 9	:ok	:broadcast	7
2024-02-19 00:41:49,044{GMT}	INFO	[jepsen worker 0] jepsen.util: 9	:invoke	:read	nil
2024-02-19 00:41:49,049{GMT}	WARN	[jepsen worker 0] jepsen.generator.interpreter: Process 9 crashed
clojure.lang.ExceptionInfo: Malformed RPC response. Maelstrom sent node n0 the following request:

{:type "read", :msg_id 3}

And expected a response of the form:

{:type (eq "read_ok"),
 :messages [Any],
 {:k :msg_id} Int,
 :in_reply_to Int}

... but instead received

{:in_reply_to 3, :message_ids [0 1 2 3 4 5 6 7], :type "read_ok"}

This is malformed because:

{:messages missing-required-key, :message_ids disallowed-key}

See doc/protocol.md for more guidance.
	at slingshot.support$stack_trace.invoke(support.clj:201)
	at maelstrom.client$check_body.invokeStatic(client.clj:188)
	at maelstrom.client$check_body.invoke(client.clj:181)
	at maelstrom.workload.broadcast$fn__16576$read__16577.invoke(broadcast.clj:34)
	at maelstrom.workload.broadcast$fn__16576$read__16577.invoke(broadcast.clj:34)
	at maelstrom.workload.broadcast$client$reify__16644.invoke_BANG_(broadcast.clj:207)
	at jepsen.client.Validate.invoke_BANG_(client.clj:83)
	at jepsen.generator.interpreter.ClientWorker.invoke_BANG_(interpreter.clj:65)
	at jepsen.generator.interpreter$spawn_worker$fn__12908$fn__12909.invoke(interpreter.clj:140)
	at jepsen.generator.interpreter$spawn_worker$fn__12908.invoke(interpreter.clj:123)
	at clojure.core$binding_conveyor_fn$fn__5823.invoke(core.clj:2047)
	at clojure.lang.AFn.call(AFn.java:18)
	at java.base/java.util.concurrent.FutureTask.run(FutureTask.java:317)
	at java.base/java.util.concurrent.ThreadPoolExecutor.runWorker(ThreadPoolExecutor.java:1144)
	at java.base/java.util.concurrent.ThreadPoolExecutor$Worker.run(ThreadPoolExecutor.java:642)
	at java.base/java.lang.Thread.run(Thread.java:1583)
2024-02-19 00:41:49,222{GMT}	INFO	[jepsen worker 0] jepsen.util: 10	:invoke	:read	nil
2024-02-19 00:41:49,226{GMT}	WARN	[jepsen worker 0] jepsen.generator.interpreter: Process 10 crashed
clojure.lang.ExceptionInfo: Malformed RPC response. Maelstrom sent node n0 the following request:

{:type "read", :msg_id 1}

And expected a response of the form:

{:type (eq "read_ok"),
 :messages [Any],
 {:k :msg_id} Int,
 :in_reply_to Int}

... but instead received

{:in_reply_to 1, :message_ids [0 1 2 3 4 5 6 7], :type "read_ok"}

This is malformed because:

{:messages missing-required-key, :message_ids disallowed-key}

See doc/protocol.md for more guidance.
	at slingshot.support$stack_trace.invoke(support.clj:201)
	at maelstrom.client$check_body.invokeStatic(client.clj:188)
	at maelstrom.client$check_body.invoke(client.clj:181)
	at maelstrom.workload.broadcast$fn__16576$read__16577.invoke(broadcast.clj:34)
	at maelstrom.workload.broadcast$fn__16576$read__16577.invoke(broadcast.clj:34)
	at maelstrom.workload.broadcast$client$reify__16644.invoke_BANG_(broadcast.clj:207)
	at jepsen.client.Validate.invoke_BANG_(client.clj:83)
	at jepsen.generator.interpreter.ClientWorker.invoke_BANG_(interpreter.clj:65)
	at jepsen.generator.interpreter$spawn_worker$fn__12908$fn__12909.invoke(interpreter.clj:140)
	at jepsen.generator.interpreter$spawn_worker$fn__12908.invoke(interpreter.clj:123)
	at clojure.core$binding_conveyor_fn$fn__5823.invoke(core.clj:2047)
	at clojure.lang.AFn.call(AFn.java:18)
	at java.base/java.util.concurrent.FutureTask.run(FutureTask.java:317)
	at java.base/java.util.concurrent.ThreadPoolExecutor.runWorker(ThreadPoolExecutor.java:1144)
	at java.base/java.util.concurrent.ThreadPoolExecutor$Worker.run(ThreadPoolExecutor.java:642)
	at java.base/java.lang.Thread.run(Thread.java:1583)
2024-02-19 00:41:49,372{GMT}	INFO	[jepsen worker 0] jepsen.util: 11	:invoke	:read	nil
2024-02-19 00:41:49,377{GMT}	WARN	[jepsen worker 0] jepsen.generator.interpreter: Process 11 crashed
clojure.lang.ExceptionInfo: Malformed RPC response. Maelstrom sent node n0 the following request:

{:type "read", :msg_id 1}

And expected a response of the form:

{:type (eq "read_ok"),
 :messages [Any],
 {:k :msg_id} Int,
 :in_reply_to Int}

... but instead received

{:in_reply_to 1, :message_ids [0 1 2 3 4 5 6 7], :type "read_ok"}

This is malformed because:

{:messages missing-required-key, :message_ids disallowed-key}

See doc/protocol.md for more guidance.
	at slingshot.support$stack_trace.invoke(support.clj:201)
	at maelstrom.client$check_body.invokeStatic(client.clj:188)
	at maelstrom.client$check_body.invoke(client.clj:181)
	at maelstrom.workload.broadcast$fn__16576$read__16577.invoke(broadcast.clj:34)
	at maelstrom.workload.broadcast$fn__16576$read__16577.invoke(broadcast.clj:34)
	at maelstrom.workload.broadcast$client$reify__16644.invoke_BANG_(broadcast.clj:207)
	at jepsen.client.Validate.invoke_BANG_(client.clj:83)
	at jepsen.generator.interpreter.ClientWorker.invoke_BANG_(interpreter.clj:65)
	at jepsen.generator.interpreter$spawn_worker$fn__12908$fn__12909.invoke(interpreter.clj:140)
	at jepsen.generator.interpreter$spawn_worker$fn__12908.invoke(interpreter.clj:123)
	at clojure.core$binding_conveyor_fn$fn__5823.invoke(core.clj:2047)
	at clojure.lang.AFn.call(AFn.java:18)
	at java.base/java.util.concurrent.FutureTask.run(FutureTask.java:317)
	at java.base/java.util.concurrent.ThreadPoolExecutor.runWorker(ThreadPoolExecutor.java:1144)
	at java.base/java.util.concurrent.ThreadPoolExecutor$Worker.run(ThreadPoolExecutor.java:642)
	at java.base/java.lang.Thread.run(Thread.java:1583)
2024-02-19 00:41:49,377{GMT}	INFO	[jepsen worker 0] jepsen.util: 12	:invoke	:broadcast	8
2024-02-19 00:41:49,378{GMT}	INFO	[jepsen worker 0] jepsen.util: 12	:ok	:broadcast	8
2024-02-19 00:41:49,466{GMT}	INFO	[jepsen worker 0] jepsen.util: 12	:invoke	:broadcast	9
2024-02-19 00:41:49,467{GMT}	INFO	[jepsen worker 0] jepsen.util: 12	:ok	:broadcast	9
2024-02-19 00:41:49,653{GMT}	INFO	[jepsen worker 0] jepsen.util: 12	:invoke	:read	nil
2024-02-19 00:41:49,659{GMT}	WARN	[jepsen worker 0] jepsen.generator.interpreter: Process 12 crashed
clojure.lang.ExceptionInfo: Malformed RPC response. Maelstrom sent node n0 the following request:

{:type "read", :msg_id 3}

And expected a response of the form:

{:type (eq "read_ok"),
 :messages [Any],
 {:k :msg_id} Int,
 :in_reply_to Int}

... but instead received

{:in_reply_to 3, :message_ids [0 1 2 3 4 5 6 7 8 9], :type "read_ok"}

This is malformed because:

{:messages missing-required-key, :message_ids disallowed-key}

See doc/protocol.md for more guidance.
	at slingshot.support$stack_trace.invoke(support.clj:201)
	at maelstrom.client$check_body.invokeStatic(client.clj:188)
	at maelstrom.client$check_body.invoke(client.clj:181)
	at maelstrom.workload.broadcast$fn__16576$read__16577.invoke(broadcast.clj:34)
	at maelstrom.workload.broadcast$fn__16576$read__16577.invoke(broadcast.clj:34)
	at maelstrom.workload.broadcast$client$reify__16644.invoke_BANG_(broadcast.clj:207)
	at jepsen.client.Validate.invoke_BANG_(client.clj:83)
	at jepsen.generator.interpreter.ClientWorker.invoke_BANG_(interpreter.clj:65)
	at jepsen.generator.interpreter$spawn_worker$fn__12908$fn__12909.invoke(interpreter.clj:140)
	at jepsen.generator.interpreter$spawn_worker$fn__12908.invoke(interpreter.clj:123)
	at clojure.core$binding_conveyor_fn$fn__5823.invoke(core.clj:2047)
	at clojure.lang.AFn.call(AFn.java:18)
	at java.base/java.util.concurrent.FutureTask.run(FutureTask.java:317)
	at java.base/java.util.concurrent.ThreadPoolExecutor.runWorker(ThreadPoolExecutor.java:1144)
	at java.base/java.util.concurrent.ThreadPoolExecutor$Worker.run(ThreadPoolExecutor.java:642)
	at java.base/java.lang.Thread.run(Thread.java:1583)
2024-02-19 00:41:49,818{GMT}	INFO	[jepsen worker 0] jepsen.util: 13	:invoke	:broadcast	10
2024-02-19 00:41:49,819{GMT}	INFO	[jepsen worker 0] jepsen.util: 13	:ok	:broadcast	10
2024-02-19 00:41:49,917{GMT}	INFO	[jepsen worker 0] jepsen.util: 13	:invoke	:read	nil
2024-02-19 00:41:49,924{GMT}	WARN	[jepsen worker 0] jepsen.generator.interpreter: Process 13 crashed
clojure.lang.ExceptionInfo: Malformed RPC response. Maelstrom sent node n0 the following request:

{:type "read", :msg_id 2}

And expected a response of the form:

{:type (eq "read_ok"),
 :messages [Any],
 {:k :msg_id} Int,
 :in_reply_to Int}

... but instead received

{:in_reply_to 2, :message_ids [0 1 2 3 4 5 6 7 8 9 10], :type "read_ok"}

This is malformed because:

{:messages missing-required-key, :message_ids disallowed-key}

See doc/protocol.md for more guidance.
	at slingshot.support$stack_trace.invoke(support.clj:201)
	at maelstrom.client$check_body.invokeStatic(client.clj:188)
	at maelstrom.client$check_body.invoke(client.clj:181)
	at maelstrom.workload.broadcast$fn__16576$read__16577.invoke(broadcast.clj:34)
	at maelstrom.workload.broadcast$fn__16576$read__16577.invoke(broadcast.clj:34)
	at maelstrom.workload.broadcast$client$reify__16644.invoke_BANG_(broadcast.clj:207)
	at jepsen.client.Validate.invoke_BANG_(client.clj:83)
	at jepsen.generator.interpreter.ClientWorker.invoke_BANG_(interpreter.clj:65)
	at jepsen.generator.interpreter$spawn_worker$fn__12908$fn__12909.invoke(interpreter.clj:140)
	at jepsen.generator.interpreter$spawn_worker$fn__12908.invoke(interpreter.clj:123)
	at clojure.core$binding_conveyor_fn$fn__5823.invoke(core.clj:2047)
	at clojure.lang.AFn.call(AFn.java:18)
	at java.base/java.util.concurrent.FutureTask.run(FutureTask.java:317)
	at java.base/java.util.concurrent.ThreadPoolExecutor.runWorker(ThreadPoolExecutor.java:1144)
	at java.base/java.util.concurrent.ThreadPoolExecutor$Worker.run(ThreadPoolExecutor.java:642)
	at java.base/java.lang.Thread.run(Thread.java:1583)
2024-02-19 00:41:50,049{GMT}	INFO	[jepsen worker 0] jepsen.util: 14	:invoke	:read	nil
2024-02-19 00:41:50,057{GMT}	WARN	[jepsen worker 0] jepsen.generator.interpreter: Process 14 crashed
clojure.lang.ExceptionInfo: Malformed RPC response. Maelstrom sent node n0 the following request:

{:type "read", :msg_id 1}

And expected a response of the form:

{:type (eq "read_ok"),
 :messages [Any],
 {:k :msg_id} Int,
 :in_reply_to Int}

... but instead received

{:in_reply_to 1, :message_ids [0 1 2 3 4 5 6 7 8 9 10], :type "read_ok"}

This is malformed because:

{:messages missing-required-key, :message_ids disallowed-key}

See doc/protocol.md for more guidance.
	at slingshot.support$stack_trace.invoke(support.clj:201)
	at maelstrom.client$check_body.invokeStatic(client.clj:188)
	at maelstrom.client$check_body.invoke(client.clj:181)
	at maelstrom.workload.broadcast$fn__16576$read__16577.invoke(broadcast.clj:34)
	at maelstrom.workload.broadcast$fn__16576$read__16577.invoke(broadcast.clj:34)
	at maelstrom.workload.broadcast$client$reify__16644.invoke_BANG_(broadcast.clj:207)
	at jepsen.client.Validate.invoke_BANG_(client.clj:83)
	at jepsen.generator.interpreter.ClientWorker.invoke_BANG_(interpreter.clj:65)
	at jepsen.generator.interpreter$spawn_worker$fn__12908$fn__12909.invoke(interpreter.clj:140)
	at jepsen.generator.interpreter$spawn_worker$fn__12908.invoke(interpreter.clj:123)
	at clojure.core$binding_conveyor_fn$fn__5823.invoke(core.clj:2047)
	at clojure.lang.AFn.call(AFn.java:18)
	at java.base/java.util.concurrent.FutureTask.run(FutureTask.java:317)
	at java.base/java.util.concurrent.ThreadPoolExecutor.runWorker(ThreadPoolExecutor.java:1144)
	at java.base/java.util.concurrent.ThreadPoolExecutor$Worker.run(ThreadPoolExecutor.java:642)
	at java.base/java.lang.Thread.run(Thread.java:1583)
2024-02-19 00:41:50,120{GMT}	INFO	[jepsen worker 0] jepsen.util: 15	:invoke	:broadcast	11
2024-02-19 00:41:50,121{GMT}	INFO	[jepsen worker 0] jepsen.util: 15	:ok	:broadcast	11
2024-02-19 00:41:50,243{GMT}	INFO	[jepsen worker 0] jepsen.util: 15	:invoke	:broadcast	12
2024-02-19 00:41:50,245{GMT}	INFO	[jepsen worker 0] jepsen.util: 15	:ok	:broadcast	12
2024-02-19 00:41:50,419{GMT}	INFO	[jepsen worker 0] jepsen.util: 15	:invoke	:read	nil
2024-02-19 00:41:50,425{GMT}	WARN	[jepsen worker 0] jepsen.generator.interpreter: Process 15 crashed
clojure.lang.ExceptionInfo: Malformed RPC response. Maelstrom sent node n0 the following request:

{:type "read", :msg_id 3}

And expected a response of the form:

{:type (eq "read_ok"),
 :messages [Any],
 {:k :msg_id} Int,
 :in_reply_to Int}

... but instead received

{:in_reply_to 3,
 :message_ids [0 1 2 3 4 5 6 7 8 9 10 11 12],
 :type "read_ok"}

This is malformed because:

{:messages missing-required-key, :message_ids disallowed-key}

See doc/protocol.md for more guidance.
	at slingshot.support$stack_trace.invoke(support.clj:201)
	at maelstrom.client$check_body.invokeStatic(client.clj:188)
	at maelstrom.client$check_body.invoke(client.clj:181)
	at maelstrom.workload.broadcast$fn__16576$read__16577.invoke(broadcast.clj:34)
	at maelstrom.workload.broadcast$fn__16576$read__16577.invoke(broadcast.clj:34)
	at maelstrom.workload.broadcast$client$reify__16644.invoke_BANG_(broadcast.clj:207)
	at jepsen.client.Validate.invoke_BANG_(client.clj:83)
	at jepsen.generator.interpreter.ClientWorker.invoke_BANG_(interpreter.clj:65)
	at jepsen.generator.interpreter$spawn_worker$fn__12908$fn__12909.invoke(interpreter.clj:140)
	at jepsen.generator.interpreter$spawn_worker$fn__12908.invoke(interpreter.clj:123)
	at clojure.core$binding_conveyor_fn$fn__5823.invoke(core.clj:2047)
	at clojure.lang.AFn.call(AFn.java:18)
	at java.base/java.util.concurrent.FutureTask.run(FutureTask.java:317)
	at java.base/java.util.concurrent.ThreadPoolExecutor.runWorker(ThreadPoolExecutor.java:1144)
	at java.base/java.util.concurrent.ThreadPoolExecutor$Worker.run(ThreadPoolExecutor.java:642)
	at java.base/java.lang.Thread.run(Thread.java:1583)
2024-02-19 00:41:50,513{GMT}	INFO	[jepsen worker 0] jepsen.util: 16	:invoke	:broadcast	13
2024-02-19 00:41:50,514{GMT}	INFO	[jepsen worker 0] jepsen.util: 16	:ok	:broadcast	13
2024-02-19 00:41:50,644{GMT}	INFO	[jepsen worker 0] jepsen.util: 16	:invoke	:broadcast	14
2024-02-19 00:41:50,645{GMT}	INFO	[jepsen worker 0] jepsen.util: 16	:ok	:broadcast	14
2024-02-19 00:41:50,825{GMT}	INFO	[jepsen worker 0] jepsen.util: 16	:invoke	:broadcast	15
2024-02-19 00:41:50,826{GMT}	INFO	[jepsen worker 0] jepsen.util: 16	:ok	:broadcast	15
2024-02-19 00:41:51,008{GMT}	INFO	[jepsen worker 0] jepsen.util: 16	:invoke	:read	nil
2024-02-19 00:41:51,013{GMT}	WARN	[jepsen worker 0] jepsen.generator.interpreter: Process 16 crashed
clojure.lang.ExceptionInfo: Malformed RPC response. Maelstrom sent node n0 the following request:

{:type "read", :msg_id 4}

And expected a response of the form:

{:type (eq "read_ok"),
 :messages [Any],
 {:k :msg_id} Int,
 :in_reply_to Int}

... but instead received

{:in_reply_to 4,
 :message_ids [0 1 2 3 4 5 6 7 8 9 10 11 12 13 14 15],
 :type "read_ok"}

This is malformed because:

{:messages missing-required-key, :message_ids disallowed-key}

See doc/protocol.md for more guidance.
	at slingshot.support$stack_trace.invoke(support.clj:201)
	at maelstrom.client$check_body.invokeStatic(client.clj:188)
	at maelstrom.client$check_body.invoke(client.clj:181)
	at maelstrom.workload.broadcast$fn__16576$read__16577.invoke(broadcast.clj:34)
	at maelstrom.workload.broadcast$fn__16576$read__16577.invoke(broadcast.clj:34)
	at maelstrom.workload.broadcast$client$reify__16644.invoke_BANG_(broadcast.clj:207)
	at jepsen.client.Validate.invoke_BANG_(client.clj:83)
	at jepsen.generator.interpreter.ClientWorker.invoke_BANG_(interpreter.clj:65)
	at jepsen.generator.interpreter$spawn_worker$fn__12908$fn__12909.invoke(interpreter.clj:140)
	at jepsen.generator.interpreter$spawn_worker$fn__12908.invoke(interpreter.clj:123)
	at clojure.core$binding_conveyor_fn$fn__5823.invoke(core.clj:2047)
	at clojure.lang.AFn.call(AFn.java:18)
	at java.base/java.util.concurrent.FutureTask.run(FutureTask.java:317)
	at java.base/java.util.concurrent.ThreadPoolExecutor.runWorker(ThreadPoolExecutor.java:1144)
	at java.base/java.util.concurrent.ThreadPoolExecutor$Worker.run(ThreadPoolExecutor.java:642)
	at java.base/java.lang.Thread.run(Thread.java:1583)
2024-02-19 00:41:51,070{GMT}	INFO	[jepsen worker 0] jepsen.util: 17	:invoke	:broadcast	16
2024-02-19 00:41:51,071{GMT}	INFO	[jepsen worker 0] jepsen.util: 17	:ok	:broadcast	16
2024-02-19 00:41:51,072{GMT}	INFO	[jepsen worker 0] jepsen.util: 17	:invoke	:broadcast	17
2024-02-19 00:41:51,074{GMT}	INFO	[jepsen worker 0] jepsen.util: 17	:ok	:broadcast	17
2024-02-19 00:41:51,111{GMT}	INFO	[jepsen worker 0] jepsen.util: 17	:invoke	:broadcast	18
2024-02-19 00:41:51,112{GMT}	INFO	[jepsen worker 0] jepsen.util: 17	:ok	:broadcast	18
2024-02-19 00:41:51,276{GMT}	INFO	[jepsen worker 0] jepsen.util: 17	:invoke	:broadcast	19
2024-02-19 00:41:51,277{GMT}	INFO	[jepsen worker 0] jepsen.util: 17	:ok	:broadcast	19
2024-02-19 00:41:51,377{GMT}	INFO	[jepsen worker 0] jepsen.util: 17	:invoke	:read	nil
2024-02-19 00:41:51,388{GMT}	WARN	[jepsen worker 0] jepsen.generator.interpreter: Process 17 crashed
clojure.lang.ExceptionInfo: Malformed RPC response. Maelstrom sent node n0 the following request:

{:type "read", :msg_id 5}

And expected a response of the form:

{:type (eq "read_ok"),
 :messages [Any],
 {:k :msg_id} Int,
 :in_reply_to Int}

... but instead received

{:in_reply_to 5,
 :message_ids [0 1 2 3 4 5 6 7 8 9 10 11 12 13 14 15 16 17 18 19],
 :type "read_ok"}

This is malformed because:

{:messages missing-required-key, :message_ids disallowed-key}

See doc/protocol.md for more guidance.
	at slingshot.support$stack_trace.invoke(support.clj:201)
	at maelstrom.client$check_body.invokeStatic(client.clj:188)
	at maelstrom.client$check_body.invoke(client.clj:181)
	at maelstrom.workload.broadcast$fn__16576$read__16577.invoke(broadcast.clj:34)
	at maelstrom.workload.broadcast$fn__16576$read__16577.invoke(broadcast.clj:34)
	at maelstrom.workload.broadcast$client$reify__16644.invoke_BANG_(broadcast.clj:207)
	at jepsen.client.Validate.invoke_BANG_(client.clj:83)
	at jepsen.generator.interpreter.ClientWorker.invoke_BANG_(interpreter.clj:65)
	at jepsen.generator.interpreter$spawn_worker$fn__12908$fn__12909.invoke(interpreter.clj:140)
	at jepsen.generator.interpreter$spawn_worker$fn__12908.invoke(interpreter.clj:123)
	at clojure.core$binding_conveyor_fn$fn__5823.invoke(core.clj:2047)
	at clojure.lang.AFn.call(AFn.java:18)
	at java.base/java.util.concurrent.FutureTask.run(FutureTask.java:317)
	at java.base/java.util.concurrent.ThreadPoolExecutor.runWorker(ThreadPoolExecutor.java:1144)
	at java.base/java.util.concurrent.ThreadPoolExecutor$Worker.run(ThreadPoolExecutor.java:642)
	at java.base/java.lang.Thread.run(Thread.java:1583)
2024-02-19 00:41:51,535{GMT}	INFO	[jepsen worker 0] jepsen.util: 18	:invoke	:read	nil
2024-02-19 00:41:51,541{GMT}	WARN	[jepsen worker 0] jepsen.generator.interpreter: Process 18 crashed
clojure.lang.ExceptionInfo: Malformed RPC response. Maelstrom sent node n0 the following request:

{:type "read", :msg_id 1}

And expected a response of the form:

{:type (eq "read_ok"),
 :messages [Any],
 {:k :msg_id} Int,
 :in_reply_to Int}

... but instead received

{:in_reply_to 1,
 :message_ids [0 1 2 3 4 5 6 7 8 9 10 11 12 13 14 15 16 17 18 19],
 :type "read_ok"}

This is malformed because:

{:messages missing-required-key, :message_ids disallowed-key}

See doc/protocol.md for more guidance.
	at slingshot.support$stack_trace.invoke(support.clj:201)
	at maelstrom.client$check_body.invokeStatic(client.clj:188)
	at maelstrom.client$check_body.invoke(client.clj:181)
	at maelstrom.workload.broadcast$fn__16576$read__16577.invoke(broadcast.clj:34)
	at maelstrom.workload.broadcast$fn__16576$read__16577.invoke(broadcast.clj:34)
	at maelstrom.workload.broadcast$client$reify__16644.invoke_BANG_(broadcast.clj:207)
	at jepsen.client.Validate.invoke_BANG_(client.clj:83)
	at jepsen.generator.interpreter.ClientWorker.invoke_BANG_(interpreter.clj:65)
	at jepsen.generator.interpreter$spawn_worker$fn__12908$fn__12909.invoke(interpreter.clj:140)
	at jepsen.generator.interpreter$spawn_worker$fn__12908.invoke(interpreter.clj:123)
	at clojure.core$binding_conveyor_fn$fn__5823.invoke(core.clj:2047)
	at clojure.lang.AFn.call(AFn.java:18)
	at java.base/java.util.concurrent.FutureTask.run(FutureTask.java:317)
	at java.base/java.util.concurrent.ThreadPoolExecutor.runWorker(ThreadPoolExecutor.java:1144)
	at java.base/java.util.concurrent.ThreadPoolExecutor$Worker.run(ThreadPoolExecutor.java:642)
	at java.base/java.lang.Thread.run(Thread.java:1583)
2024-02-19 00:41:51,671{GMT}	INFO	[jepsen worker 0] jepsen.util: 19	:invoke	:broadcast	20
2024-02-19 00:41:51,673{GMT}	INFO	[jepsen worker 0] jepsen.util: 19	:ok	:broadcast	20
2024-02-19 00:41:51,770{GMT}	INFO	[jepsen worker 0] jepsen.util: 19	:invoke	:read	nil
2024-02-19 00:41:51,777{GMT}	WARN	[jepsen worker 0] jepsen.generator.interpreter: Process 19 crashed
clojure.lang.ExceptionInfo: Malformed RPC response. Maelstrom sent node n0 the following request:

{:type "read", :msg_id 2}

And expected a response of the form:

{:type (eq "read_ok"),
 :messages [Any],
 {:k :msg_id} Int,
 :in_reply_to Int}

... but instead received

{:in_reply_to 2,
 :message_ids [0 1 2 3 4 5 6 7 8 9 10 11 12 13 14 15 16 17 18 19 20],
 :type "read_ok"}

This is malformed because:

{:messages missing-required-key, :message_ids disallowed-key}

See doc/protocol.md for more guidance.
	at slingshot.support$stack_trace.invoke(support.clj:201)
	at maelstrom.client$check_body.invokeStatic(client.clj:188)
	at maelstrom.client$check_body.invoke(client.clj:181)
	at maelstrom.workload.broadcast$fn__16576$read__16577.invoke(broadcast.clj:34)
	at maelstrom.workload.broadcast$fn__16576$read__16577.invoke(broadcast.clj:34)
	at maelstrom.workload.broadcast$client$reify__16644.invoke_BANG_(broadcast.clj:207)
	at jepsen.client.Validate.invoke_BANG_(client.clj:83)
	at jepsen.generator.interpreter.ClientWorker.invoke_BANG_(interpreter.clj:65)
	at jepsen.generator.interpreter$spawn_worker$fn__12908$fn__12909.invoke(interpreter.clj:140)
	at jepsen.generator.interpreter$spawn_worker$fn__12908.invoke(interpreter.clj:123)
	at clojure.core$binding_conveyor_fn$fn__5823.invoke(core.clj:2047)
	at clojure.lang.AFn.call(AFn.java:18)
	at java.base/java.util.concurrent.FutureTask.run(FutureTask.java:317)
	at java.base/java.util.concurrent.ThreadPoolExecutor.runWorker(ThreadPoolExecutor.java:1144)
	at java.base/java.util.concurrent.ThreadPoolExecutor$Worker.run(ThreadPoolExecutor.java:642)
	at java.base/java.lang.Thread.run(Thread.java:1583)
2024-02-19 00:41:51,866{GMT}	INFO	[jepsen worker 0] jepsen.util: 20	:invoke	:broadcast	21
2024-02-19 00:41:51,867{GMT}	INFO	[jepsen worker 0] jepsen.util: 20	:ok	:broadcast	21
2024-02-19 00:41:51,987{GMT}	INFO	[jepsen worker 0] jepsen.util: 20	:invoke	:read	nil
2024-02-19 00:41:51,994{GMT}	WARN	[jepsen worker 0] jepsen.generator.interpreter: Process 20 crashed
clojure.lang.ExceptionInfo: Malformed RPC response. Maelstrom sent node n0 the following request:

{:type "read", :msg_id 2}

And expected a response of the form:

{:type (eq "read_ok"),
 :messages [Any],
 {:k :msg_id} Int,
 :in_reply_to Int}

... but instead received

{:in_reply_to 2,
 :message_ids
 [0 1 2 3 4 5 6 7 8 9 10 11 12 13 14 15 16 17 18 19 20 21],
 :type "read_ok"}

This is malformed because:

{:messages missing-required-key, :message_ids disallowed-key}

See doc/protocol.md for more guidance.
	at slingshot.support$stack_trace.invoke(support.clj:201)
	at maelstrom.client$check_body.invokeStatic(client.clj:188)
	at maelstrom.client$check_body.invoke(client.clj:181)
	at maelstrom.workload.broadcast$fn__16576$read__16577.invoke(broadcast.clj:34)
	at maelstrom.workload.broadcast$fn__16576$read__16577.invoke(broadcast.clj:34)
	at maelstrom.workload.broadcast$client$reify__16644.invoke_BANG_(broadcast.clj:207)
	at jepsen.client.Validate.invoke_BANG_(client.clj:83)
	at jepsen.generator.interpreter.ClientWorker.invoke_BANG_(interpreter.clj:65)
	at jepsen.generator.interpreter$spawn_worker$fn__12908$fn__12909.invoke(interpreter.clj:140)
	at jepsen.generator.interpreter$spawn_worker$fn__12908.invoke(interpreter.clj:123)
	at clojure.core$binding_conveyor_fn$fn__5823.invoke(core.clj:2047)
	at clojure.lang.AFn.call(AFn.java:18)
	at java.base/java.util.concurrent.FutureTask.run(FutureTask.java:317)
	at java.base/java.util.concurrent.ThreadPoolExecutor.runWorker(ThreadPoolExecutor.java:1144)
	at java.base/java.util.concurrent.ThreadPoolExecutor$Worker.run(ThreadPoolExecutor.java:642)
	at java.base/java.lang.Thread.run(Thread.java:1583)
2024-02-19 00:41:52,142{GMT}	INFO	[jepsen worker 0] jepsen.util: 21	:invoke	:read	nil
2024-02-19 00:41:52,151{GMT}	WARN	[jepsen worker 0] jepsen.generator.interpreter: Process 21 crashed
clojure.lang.ExceptionInfo: Malformed RPC response. Maelstrom sent node n0 the following request:

{:type "read", :msg_id 1}

And expected a response of the form:

{:type (eq "read_ok"),
 :messages [Any],
 {:k :msg_id} Int,
 :in_reply_to Int}

... but instead received

{:in_reply_to 1,
 :message_ids
 [0 1 2 3 4 5 6 7 8 9 10 11 12 13 14 15 16 17 18 19 20 21],
 :type "read_ok"}

This is malformed because:

{:messages missing-required-key, :message_ids disallowed-key}

See doc/protocol.md for more guidance.
	at slingshot.support$stack_trace.invoke(support.clj:201)
	at maelstrom.client$check_body.invokeStatic(client.clj:188)
	at maelstrom.client$check_body.invoke(client.clj:181)
	at maelstrom.workload.broadcast$fn__16576$read__16577.invoke(broadcast.clj:34)
	at maelstrom.workload.broadcast$fn__16576$read__16577.invoke(broadcast.clj:34)
	at maelstrom.workload.broadcast$client$reify__16644.invoke_BANG_(broadcast.clj:207)
	at jepsen.client.Validate.invoke_BANG_(client.clj:83)
	at jepsen.generator.interpreter.ClientWorker.invoke_BANG_(interpreter.clj:65)
	at jepsen.generator.interpreter$spawn_worker$fn__12908$fn__12909.invoke(interpreter.clj:140)
	at jepsen.generator.interpreter$spawn_worker$fn__12908.invoke(interpreter.clj:123)
	at clojure.core$binding_conveyor_fn$fn__5823.invoke(core.clj:2047)
	at clojure.lang.AFn.call(AFn.java:18)
	at java.base/java.util.concurrent.FutureTask.run(FutureTask.java:317)
	at java.base/java.util.concurrent.ThreadPoolExecutor.runWorker(ThreadPoolExecutor.java:1144)
	at java.base/java.util.concurrent.ThreadPoolExecutor$Worker.run(ThreadPoolExecutor.java:642)
	at java.base/java.lang.Thread.run(Thread.java:1583)
2024-02-19 00:41:52,217{GMT}	INFO	[jepsen worker 0] jepsen.util: 22	:invoke	:read	nil
2024-02-19 00:41:52,225{GMT}	WARN	[jepsen worker 0] jepsen.generator.interpreter: Process 22 crashed
clojure.lang.ExceptionInfo: Malformed RPC response. Maelstrom sent node n0 the following request:

{:type "read", :msg_id 1}

And expected a response of the form:

{:type (eq "read_ok"),
 :messages [Any],
 {:k :msg_id} Int,
 :in_reply_to Int}

... but instead received

{:in_reply_to 1,
 :message_ids
 [0 1 2 3 4 5 6 7 8 9 10 11 12 13 14 15 16 17 18 19 20 21],
 :type "read_ok"}

This is malformed because:

{:messages missing-required-key, :message_ids disallowed-key}

See doc/protocol.md for more guidance.
	at slingshot.support$stack_trace.invoke(support.clj:201)
	at maelstrom.client$check_body.invokeStatic(client.clj:188)
	at maelstrom.client$check_body.invoke(client.clj:181)
	at maelstrom.workload.broadcast$fn__16576$read__16577.invoke(broadcast.clj:34)
	at maelstrom.workload.broadcast$fn__16576$read__16577.invoke(broadcast.clj:34)
	at maelstrom.workload.broadcast$client$reify__16644.invoke_BANG_(broadcast.clj:207)
	at jepsen.client.Validate.invoke_BANG_(client.clj:83)
	at jepsen.generator.interpreter.ClientWorker.invoke_BANG_(interpreter.clj:65)
	at jepsen.generator.interpreter$spawn_worker$fn__12908$fn__12909.invoke(interpreter.clj:140)
	at jepsen.generator.interpreter$spawn_worker$fn__12908.invoke(interpreter.clj:123)
	at clojure.core$binding_conveyor_fn$fn__5823.invoke(core.clj:2047)
	at clojure.lang.AFn.call(AFn.java:18)
	at java.base/java.util.concurrent.FutureTask.run(FutureTask.java:317)
	at java.base/java.util.concurrent.ThreadPoolExecutor.runWorker(ThreadPoolExecutor.java:1144)
	at java.base/java.util.concurrent.ThreadPoolExecutor$Worker.run(ThreadPoolExecutor.java:642)
	at java.base/java.lang.Thread.run(Thread.java:1583)
2024-02-19 00:41:52,392{GMT}	INFO	[jepsen worker 0] jepsen.util: 23	:invoke	:broadcast	22
2024-02-19 00:41:52,393{GMT}	INFO	[jepsen worker 0] jepsen.util: 23	:ok	:broadcast	22
2024-02-19 00:41:52,529{GMT}	INFO	[jepsen worker 0] jepsen.util: 23	:invoke	:broadcast	23
2024-02-19 00:41:52,530{GMT}	INFO	[jepsen worker 0] jepsen.util: 23	:ok	:broadcast	23
2024-02-19 00:41:52,561{GMT}	INFO	[jepsen worker 0] jepsen.util: 23	:invoke	:read	nil
2024-02-19 00:41:52,572{GMT}	WARN	[jepsen worker 0] jepsen.generator.interpreter: Process 23 crashed
clojure.lang.ExceptionInfo: Malformed RPC response. Maelstrom sent node n0 the following request:

{:type "read", :msg_id 3}

And expected a response of the form:

{:type (eq "read_ok"),
 :messages [Any],
 {:k :msg_id} Int,
 :in_reply_to Int}

... but instead received

{:in_reply_to 3,
 :message_ids
 [0 1 2 3 4 5 6 7 8 9 10 11 12 13 14 15 16 17 18 19 20 21 22 23],
 :type "read_ok"}

This is malformed because:

{:messages missing-required-key, :message_ids disallowed-key}

See doc/protocol.md for more guidance.
	at slingshot.support$stack_trace.invoke(support.clj:201)
	at maelstrom.client$check_body.invokeStatic(client.clj:188)
	at maelstrom.client$check_body.invoke(client.clj:181)
	at maelstrom.workload.broadcast$fn__16576$read__16577.invoke(broadcast.clj:34)
	at maelstrom.workload.broadcast$fn__16576$read__16577.invoke(broadcast.clj:34)
	at maelstrom.workload.broadcast$client$reify__16644.invoke_BANG_(broadcast.clj:207)
	at jepsen.client.Validate.invoke_BANG_(client.clj:83)
	at jepsen.generator.interpreter.ClientWorker.invoke_BANG_(interpreter.clj:65)
	at jepsen.generator.interpreter$spawn_worker$fn__12908$fn__12909.invoke(interpreter.clj:140)
	at jepsen.generator.interpreter$spawn_worker$fn__12908.invoke(interpreter.clj:123)
	at clojure.core$binding_conveyor_fn$fn__5823.invoke(core.clj:2047)
	at clojure.lang.AFn.call(AFn.java:18)
	at java.base/java.util.concurrent.FutureTask.run(FutureTask.java:317)
	at java.base/java.util.concurrent.ThreadPoolExecutor.runWorker(ThreadPoolExecutor.java:1144)
	at java.base/java.util.concurrent.ThreadPoolExecutor$Worker.run(ThreadPoolExecutor.java:642)
	at java.base/java.lang.Thread.run(Thread.java:1583)
2024-02-19 00:41:52,586{GMT}	INFO	[jepsen worker 0] jepsen.util: 24	:invoke	:broadcast	24
2024-02-19 00:41:52,587{GMT}	INFO	[jepsen worker 0] jepsen.util: 24	:ok	:broadcast	24
2024-02-19 00:41:52,781{GMT}	INFO	[jepsen worker 0] jepsen.util: 24	:invoke	:read	nil
2024-02-19 00:41:52,790{GMT}	WARN	[jepsen worker 0] jepsen.generator.interpreter: Process 24 crashed
clojure.lang.ExceptionInfo: Malformed RPC response. Maelstrom sent node n0 the following request:

{:type "read", :msg_id 2}

And expected a response of the form:

{:type (eq "read_ok"),
 :messages [Any],
 {:k :msg_id} Int,
 :in_reply_to Int}

... but instead received

{:in_reply_to 2,
 :message_ids
 [0 1 2 3 4 5 6 7 8 9 10 11 12 13 14 15 16 17 18 19 20 21 22 23 24],
 :type "read_ok"}

This is malformed because:

{:messages missing-required-key, :message_ids disallowed-key}

See doc/protocol.md for more guidance.
	at slingshot.support$stack_trace.invoke(support.clj:201)
	at maelstrom.client$check_body.invokeStatic(client.clj:188)
	at maelstrom.client$check_body.invoke(client.clj:181)
	at maelstrom.workload.broadcast$fn__16576$read__16577.invoke(broadcast.clj:34)
	at maelstrom.workload.broadcast$fn__16576$read__16577.invoke(broadcast.clj:34)
	at maelstrom.workload.broadcast$client$reify__16644.invoke_BANG_(broadcast.clj:207)
	at jepsen.client.Validate.invoke_BANG_(client.clj:83)
	at jepsen.generator.interpreter.ClientWorker.invoke_BANG_(interpreter.clj:65)
	at jepsen.generator.interpreter$spawn_worker$fn__12908$fn__12909.invoke(interpreter.clj:140)
	at jepsen.generator.interpreter$spawn_worker$fn__12908.invoke(interpreter.clj:123)
	at clojure.core$binding_conveyor_fn$fn__5823.invoke(core.clj:2047)
	at clojure.lang.AFn.call(AFn.java:18)
	at java.base/java.util.concurrent.FutureTask.run(FutureTask.java:317)
	at java.base/java.util.concurrent.ThreadPoolExecutor.runWorker(ThreadPoolExecutor.java:1144)
	at java.base/java.util.concurrent.ThreadPoolExecutor$Worker.run(ThreadPoolExecutor.java:642)
	at java.base/java.lang.Thread.run(Thread.java:1583)
2024-02-19 00:41:52,981{GMT}	INFO	[jepsen worker 0] jepsen.util: 25	:invoke	:read	nil
2024-02-19 00:41:52,988{GMT}	WARN	[jepsen worker 0] jepsen.generator.interpreter: Process 25 crashed
clojure.lang.ExceptionInfo: Malformed RPC response. Maelstrom sent node n0 the following request:

{:type "read", :msg_id 1}

And expected a response of the form:

{:type (eq "read_ok"),
 :messages [Any],
 {:k :msg_id} Int,
 :in_reply_to Int}

... but instead received

{:in_reply_to 1,
 :message_ids
 [0 1 2 3 4 5 6 7 8 9 10 11 12 13 14 15 16 17 18 19 20 21 22 23 24],
 :type "read_ok"}

This is malformed because:

{:messages missing-required-key, :message_ids disallowed-key}

See doc/protocol.md for more guidance.
	at slingshot.support$stack_trace.invoke(support.clj:201)
	at maelstrom.client$check_body.invokeStatic(client.clj:188)
	at maelstrom.client$check_body.invoke(client.clj:181)
	at maelstrom.workload.broadcast$fn__16576$read__16577.invoke(broadcast.clj:34)
	at maelstrom.workload.broadcast$fn__16576$read__16577.invoke(broadcast.clj:34)
	at maelstrom.workload.broadcast$client$reify__16644.invoke_BANG_(broadcast.clj:207)
	at jepsen.client.Validate.invoke_BANG_(client.clj:83)
	at jepsen.generator.interpreter.ClientWorker.invoke_BANG_(interpreter.clj:65)
	at jepsen.generator.interpreter$spawn_worker$fn__12908$fn__12909.invoke(interpreter.clj:140)
	at jepsen.generator.interpreter$spawn_worker$fn__12908.invoke(interpreter.clj:123)
	at clojure.core$binding_conveyor_fn$fn__5823.invoke(core.clj:2047)
	at clojure.lang.AFn.call(AFn.java:18)
	at java.base/java.util.concurrent.FutureTask.run(FutureTask.java:317)
	at java.base/java.util.concurrent.ThreadPoolExecutor.runWorker(ThreadPoolExecutor.java:1144)
	at java.base/java.util.concurrent.ThreadPoolExecutor$Worker.run(ThreadPoolExecutor.java:642)
	at java.base/java.lang.Thread.run(Thread.java:1583)
2024-02-19 00:41:53,121{GMT}	INFO	[jepsen worker 0] jepsen.util: 26	:invoke	:broadcast	25
2024-02-19 00:41:53,123{GMT}	INFO	[jepsen worker 0] jepsen.util: 26	:ok	:broadcast	25
2024-02-19 00:41:53,172{GMT}	INFO	[jepsen worker 0] jepsen.util: 26	:invoke	:broadcast	26
2024-02-19 00:41:53,174{GMT}	INFO	[jepsen worker 0] jepsen.util: 26	:ok	:broadcast	26
2024-02-19 00:41:53,232{GMT}	INFO	[jepsen worker 0] jepsen.util: 26	:invoke	:read	nil
2024-02-19 00:41:53,242{GMT}	WARN	[jepsen worker 0] jepsen.generator.interpreter: Process 26 crashed
clojure.lang.ExceptionInfo: Malformed RPC response. Maelstrom sent node n0 the following request:

{:type "read", :msg_id 3}

And expected a response of the form:

{:type (eq "read_ok"),
 :messages [Any],
 {:k :msg_id} Int,
 :in_reply_to Int}

... but instead received

{:in_reply_to 3,
 :message_ids
 [0
  1
  2
  3
  4
  5
  6
  7
  8
  9
  10
  11
  12
  13
  14
  15
  16
  17
  18
  19
  20
  21
  22
  23
  24
  25
  26],
 :type "read_ok"}

This is malformed because:

{:messages missing-required-key, :message_ids disallowed-key}

See doc/protocol.md for more guidance.
	at slingshot.support$stack_trace.invoke(support.clj:201)
	at maelstrom.client$check_body.invokeStatic(client.clj:188)
	at maelstrom.client$check_body.invoke(client.clj:181)
	at maelstrom.workload.broadcast$fn__16576$read__16577.invoke(broadcast.clj:34)
	at maelstrom.workload.broadcast$fn__16576$read__16577.invoke(broadcast.clj:34)
	at maelstrom.workload.broadcast$client$reify__16644.invoke_BANG_(broadcast.clj:207)
	at jepsen.client.Validate.invoke_BANG_(client.clj:83)
	at jepsen.generator.interpreter.ClientWorker.invoke_BANG_(interpreter.clj:65)
	at jepsen.generator.interpreter$spawn_worker$fn__12908$fn__12909.invoke(interpreter.clj:140)
	at jepsen.generator.interpreter$spawn_worker$fn__12908.invoke(interpreter.clj:123)
	at clojure.core$binding_conveyor_fn$fn__5823.invoke(core.clj:2047)
	at clojure.lang.AFn.call(AFn.java:18)
	at java.base/java.util.concurrent.FutureTask.run(FutureTask.java:317)
	at java.base/java.util.concurrent.ThreadPoolExecutor.runWorker(ThreadPoolExecutor.java:1144)
	at java.base/java.util.concurrent.ThreadPoolExecutor$Worker.run(ThreadPoolExecutor.java:642)
	at java.base/java.lang.Thread.run(Thread.java:1583)
2024-02-19 00:41:53,365{GMT}	INFO	[jepsen worker 0] jepsen.util: 27	:invoke	:broadcast	27
2024-02-19 00:41:53,367{GMT}	INFO	[jepsen worker 0] jepsen.util: 27	:ok	:broadcast	27
2024-02-19 00:41:53,444{GMT}	INFO	[jepsen worker 0] jepsen.util: 27	:invoke	:broadcast	28
2024-02-19 00:41:53,445{GMT}	INFO	[jepsen worker 0] jepsen.util: 27	:ok	:broadcast	28
2024-02-19 00:41:53,466{GMT}	INFO	[Jepsen shutdown hook] jepsen.core: Downloading DB logs before JVM shutdown...
