2024-02-23 16:30:49,373{GMT}	INFO	[jepsen test runner] jepsen.core: Test version a6ecf26472b81b804f34a302bd07c0bb804a8801 (plus uncommitted changes)
2024-02-23 16:30:49,374{GMT}	INFO	[jepsen test runner] jepsen.core: Command line:
lein run test -w broadcast --bin /Users/danishsharma/go/src/gossip-glamers/multi_node_broadcast/bin --node-count 5 --time-limit 20 --rate 10
2024-02-23 16:30:49,450{GMT}	INFO	[jepsen test runner] jepsen.core: Running test:
{:args []
 :remote
 #jepsen.control.retry.Remote{:remote #jepsen.control.scp.Remote{:cmd-remote #jepsen.control.sshj.SSHJRemote{:concurrency-limit 6,
                                                                                                             :conn-spec nil,
                                                                                                             :client nil,
                                                                                                             :semaphore nil},
                                                                 :conn-spec nil},
                              :conn nil}
 :log-net-send false
 :node-count 5
 :availability nil
 :max-txn-length 4
 :concurrency 5
 :db
 #object[maelstrom.db$db$reify__16142
         "0x3fe8d57a"
         "maelstrom.db$db$reify__16142@3fe8d57a"]
 :max-writes-per-key 16
 :leave-db-running? false
 :name "broadcast"
 :logging-json? false
 :start-time
 #object[org.joda.time.DateTime "0x674cd2da" "2024-02-23T16:30:49.294+05:30"]
 :nemesis-interval 10
 :net
 #object[maelstrom.net$jepsen_net$reify__15251
         "0x686279e0"
         "maelstrom.net$jepsen_net$reify__15251@686279e0"]
 :client
 #object[maelstrom.workload.broadcast$client$reify__16644
         "0x6b28d4e4"
         "maelstrom.workload.broadcast$client$reify__16644@6b28d4e4"]
 :barrier
 #object[java.util.concurrent.CyclicBarrier
         "0x41cfcbb5"
         "java.util.concurrent.CyclicBarrier@41cfcbb5"]
 :log-stderr false
 :pure-generators true
 :ssh {:dummy? true}
 :rate 10.0
 :checker
 #object[jepsen.checker$compose$reify__11881
         "0x40941b54"
         "jepsen.checker$compose$reify__11881@40941b54"]
 :argv
 ("test"
  "-w"
  "broadcast"
  "--bin"
  "/Users/danishsharma/go/src/gossip-glamers/multi_node_broadcast/bin"
  "--node-count"
  "5"
  "--time-limit"
  "20"
  "--rate"
  "10")
 :nemesis
 (jepsen.nemesis.ReflCompose
  {:fm {:start-partition 0,
        :stop-partition 0,
        :kill 1,
        :start 1,
        :pause 1,
        :resume 1},
   :nemeses [#unprintable "jepsen.nemesis.combined$partition_nemesis$reify__16416@3b42d7df"
             #unprintable "jepsen.nemesis.combined$db_nemesis$reify__16397@1660bba7"]})
 :nodes ["n0" "n1" "n2" "n3" "n4"]
 :test-count 1
 :latency {:mean 0, :dist :constant}
 :bin "/Users/danishsharma/go/src/gossip-glamers/multi_node_broadcast/bin"
 :generator
 ((jepsen.generator.Synchronize
   {:gen (jepsen.generator.TimeLimit
          {:limit 20000000000,
           :cutoff nil,
           :gen (jepsen.generator.Any
                 {:gens [(jepsen.generator.OnThreads
                          {:f #{:nemesis},
                           :context-filter #object[jepsen.generator.context$make_thread_filter$lazy_filter__9167
                                                   "0x7d3a9061"
                                                   "jepsen.generator.context$make_thread_filter$lazy_filter__9167@7d3a9061"],
                           :gen nil})
                         (jepsen.generator.OnThreads
                          {:f #jepsen.generator.context.AllBut{:element :nemesis},
                           :context-filter #object[jepsen.generator.context$make_thread_filter$lazy_filter__9167
                                                   "0x2a2f7a61"
                                                   "jepsen.generator.context$make_thread_filter$lazy_filter__9167@2a2f7a61"],
                           :gen (jepsen.generator.Stagger
                                 {:dt 200000000,
                                  :next-time nil,
                                  :gen (jepsen.generator.Mix
                                        {:i 0,
                                         :gens [({:f :broadcast, :value 0}
                                                 {:f :broadcast, :value 1}
                                                 {:f :broadcast, :value 2}
                                                 {:f :broadcast, :value 3}
                                                 {:f :broadcast, :value 4}
                                                 {:f :broadcast, :value 5}
                                                 {:f :broadcast, :value 6}
                                                 {:f :broadcast, :value 7}
                                                 ...)
                                                ({:f :read}
                                                 {:f :read}
                                                 {:f :read}
                                                 {:f :read}
                                                 {:f :read}
                                                 {:f :read}
                                                 {:f :read}
                                                 {:f :read}
                                                 ...)]})})})]})})})
  (jepsen.generator.Synchronize
   {:gen (jepsen.generator.OnThreads
          {:f #{:nemesis},
           :context-filter #object[jepsen.generator.context$make_thread_filter$lazy_filter__9167
                                   "0x196c8b93"
                                   "jepsen.generator.context$make_thread_filter$lazy_filter__9167@196c8b93"],
           :gen ()})})
  (jepsen.generator.Synchronize
   {:gen {:type :log, :value "Waiting for recovery..."}})
  (jepsen.generator.Synchronize {:gen {:type :sleep, :value 10}})
  (jepsen.generator.Synchronize
   {:gen (jepsen.generator.OnThreads
          {:f #jepsen.generator.context.AllBut{:element :nemesis},
           :context-filter #object[jepsen.generator.context$make_thread_filter$lazy_filter__9167
                                   "0x307ca947"
                                   "jepsen.generator.context$make_thread_filter$lazy_filter__9167@307ca947"],
           :gen (jepsen.generator.EachThread
                 {:fresh-gen {:f :read, :final? true},
                  :context-filters #object[clojure.core$promise$reify__8591
                                           "0x61d1315b"
                                           {:status :pending, :val nil}],
                  :gens {}})})}))
 :log-net-recv false
 :os
 #object[maelstrom.net$jepsen_os$reify__15254
         "0x49d5b651"
         "maelstrom.net$jepsen_os$reify__15254@49d5b651"]
 :time-limit 20
 :workload :broadcast
 :consistency-models [:strict-serializable]
 :topology :grid}

2024-02-23 16:30:51,233{GMT}	INFO	[jepsen node n0] maelstrom.net: Starting Maelstrom network
2024-02-23 16:30:51,234{GMT}	INFO	[jepsen test runner] jepsen.db: Tearing down DB
2024-02-23 16:30:51,236{GMT}	INFO	[jepsen test runner] jepsen.db: Setting up DB
2024-02-23 16:30:51,237{GMT}	INFO	[jepsen node n2] maelstrom.db: Setting up n2
2024-02-23 16:30:51,237{GMT}	INFO	[jepsen node n3] maelstrom.db: Setting up n3
2024-02-23 16:30:51,237{GMT}	INFO	[jepsen node n1] maelstrom.db: Setting up n1
2024-02-23 16:30:51,237{GMT}	INFO	[jepsen node n4] maelstrom.db: Setting up n4
2024-02-23 16:30:51,238{GMT}	INFO	[jepsen node n3] maelstrom.process: launching /Users/danishsharma/go/src/gossip-glamers/multi_node_broadcast/bin []
2024-02-23 16:30:51,238{GMT}	INFO	[jepsen node n2] maelstrom.process: launching /Users/danishsharma/go/src/gossip-glamers/multi_node_broadcast/bin []
2024-02-23 16:30:51,238{GMT}	INFO	[jepsen node n4] maelstrom.process: launching /Users/danishsharma/go/src/gossip-glamers/multi_node_broadcast/bin []
2024-02-23 16:30:51,238{GMT}	INFO	[jepsen node n1] maelstrom.process: launching /Users/danishsharma/go/src/gossip-glamers/multi_node_broadcast/bin []
2024-02-23 16:30:51,239{GMT}	INFO	[jepsen node n0] maelstrom.service: Starting services: (lin-kv lin-tso lww-kv seq-kv)
2024-02-23 16:30:51,240{GMT}	INFO	[jepsen node n0] maelstrom.db: Setting up n0
2024-02-23 16:30:51,241{GMT}	INFO	[jepsen node n0] maelstrom.process: launching /Users/danishsharma/go/src/gossip-glamers/multi_node_broadcast/bin []
2024-02-23 16:30:51,828{GMT}	INFO	[jepsen test runner] jepsen.core: Relative time begins now
2024-02-23 16:30:51,856{GMT}	INFO	[jepsen worker 0] jepsen.util: 0	:invoke	:broadcast	0
2024-02-23 16:30:51,874{GMT}	INFO	[jepsen worker 0] jepsen.util: 0	:ok	:broadcast	0
2024-02-23 16:30:51,931{GMT}	INFO	[jepsen worker 1] jepsen.util: 1	:invoke	:broadcast	1
2024-02-23 16:30:51,937{GMT}	INFO	[jepsen worker 1] jepsen.util: 1	:ok	:broadcast	1
2024-02-23 16:30:51,970{GMT}	INFO	[jepsen worker 2] jepsen.util: 2	:invoke	:broadcast	2
2024-02-23 16:30:51,973{GMT}	INFO	[jepsen worker 2] jepsen.util: 2	:ok	:broadcast	2
2024-02-23 16:30:52,141{GMT}	INFO	[jepsen worker 3] jepsen.util: 3	:invoke	:broadcast	3
2024-02-23 16:30:52,144{GMT}	INFO	[jepsen worker 3] jepsen.util: 3	:ok	:broadcast	3
2024-02-23 16:30:52,236{GMT}	INFO	[jepsen worker 4] jepsen.util: 4	:invoke	:read	nil
2024-02-23 16:30:52,239{GMT}	INFO	[jepsen worker 4] jepsen.util: 4	:ok	:read	[1 2 3 0]
2024-02-23 16:30:52,396{GMT}	INFO	[jepsen worker 0] jepsen.util: 0	:invoke	:read	nil
2024-02-23 16:30:52,398{GMT}	INFO	[jepsen worker 0] jepsen.util: 0	:ok	:read	[0]
2024-02-23 16:30:52,526{GMT}	INFO	[jepsen worker 0] jepsen.util: 0	:invoke	:broadcast	4
2024-02-23 16:30:52,530{GMT}	INFO	[jepsen worker 0] jepsen.util: 0	:ok	:broadcast	4
2024-02-23 16:30:52,720{GMT}	INFO	[jepsen worker 1] jepsen.util: 1	:invoke	:read	nil
2024-02-23 16:30:52,722{GMT}	INFO	[jepsen worker 1] jepsen.util: 1	:ok	:read	[1]
2024-02-23 16:30:52,791{GMT}	INFO	[jepsen worker 2] jepsen.util: 2	:invoke	:broadcast	5
2024-02-23 16:30:52,793{GMT}	INFO	[jepsen worker 2] jepsen.util: 2	:ok	:broadcast	5
2024-02-23 16:30:52,899{GMT}	INFO	[jepsen worker 3] jepsen.util: 3	:invoke	:broadcast	6
2024-02-23 16:30:52,901{GMT}	INFO	[jepsen worker 3] jepsen.util: 3	:ok	:broadcast	6
2024-02-23 16:30:52,919{GMT}	INFO	[jepsen worker 4] jepsen.util: 4	:invoke	:broadcast	7
2024-02-23 16:30:52,920{GMT}	INFO	[jepsen worker 4] jepsen.util: 4	:ok	:broadcast	7
2024-02-23 16:30:53,019{GMT}	INFO	[jepsen worker 0] jepsen.util: 0	:invoke	:broadcast	8
2024-02-23 16:30:53,021{GMT}	INFO	[jepsen worker 0] jepsen.util: 0	:ok	:broadcast	8
2024-02-23 16:30:53,063{GMT}	INFO	[jepsen worker 0] jepsen.util: 0	:invoke	:broadcast	9
2024-02-23 16:30:53,066{GMT}	INFO	[jepsen worker 0] jepsen.util: 0	:ok	:broadcast	9
2024-02-23 16:30:53,091{GMT}	INFO	[jepsen worker 1] jepsen.util: 1	:invoke	:read	nil
2024-02-23 16:30:53,093{GMT}	INFO	[jepsen worker 1] jepsen.util: 1	:ok	:read	[1]
2024-02-23 16:30:53,136{GMT}	INFO	[jepsen worker 2] jepsen.util: 2	:invoke	:read	nil
2024-02-23 16:30:53,138{GMT}	INFO	[jepsen worker 2] jepsen.util: 2	:ok	:read	[2 5 8]
2024-02-23 16:30:53,213{GMT}	INFO	[jepsen worker 3] jepsen.util: 3	:invoke	:read	nil
2024-02-23 16:30:53,215{GMT}	INFO	[jepsen worker 3] jepsen.util: 3	:ok	:read	[0 3 6]
2024-02-23 16:30:53,227{GMT}	INFO	[jepsen worker 4] jepsen.util: 4	:invoke	:broadcast	10
2024-02-23 16:30:53,228{GMT}	INFO	[jepsen worker 4] jepsen.util: 4	:ok	:broadcast	10
2024-02-23 16:30:53,326{GMT}	INFO	[jepsen worker 0] jepsen.util: 0	:invoke	:read	nil
2024-02-23 16:30:53,328{GMT}	INFO	[jepsen worker 0] jepsen.util: 0	:ok	:read	[0 4 8 9]
2024-02-23 16:30:53,514{GMT}	INFO	[jepsen worker 0] jepsen.util: 0	:invoke	:read	nil
2024-02-23 16:30:53,515{GMT}	INFO	[jepsen worker 0] jepsen.util: 0	:ok	:read	[0 4 8 9]
2024-02-23 16:30:53,638{GMT}	INFO	[jepsen worker 1] jepsen.util: 1	:invoke	:read	nil
2024-02-23 16:30:53,639{GMT}	INFO	[jepsen worker 1] jepsen.util: 1	:ok	:read	[1]
2024-02-23 16:30:53,645{GMT}	INFO	[jepsen worker 2] jepsen.util: 2	:invoke	:broadcast	11
2024-02-23 16:30:53,646{GMT}	INFO	[jepsen worker 2] jepsen.util: 2	:ok	:broadcast	11
2024-02-23 16:30:53,809{GMT}	INFO	[jepsen worker 3] jepsen.util: 3	:invoke	:broadcast	12
2024-02-23 16:30:53,811{GMT}	INFO	[jepsen worker 3] jepsen.util: 3	:ok	:broadcast	12
2024-02-23 16:30:53,871{GMT}	INFO	[jepsen worker 4] jepsen.util: 4	:invoke	:read	nil
2024-02-23 16:30:53,873{GMT}	INFO	[jepsen worker 4] jepsen.util: 4	:ok	:read	[1 2 5 6 7 8 12 0 3 4 9 10 11]
2024-02-23 16:30:53,997{GMT}	INFO	[jepsen worker 0] jepsen.util: 0	:invoke	:read	nil
2024-02-23 16:30:53,998{GMT}	INFO	[jepsen worker 0] jepsen.util: 0	:ok	:read	[0 4 8 9]
2024-02-23 16:30:54,052{GMT}	INFO	[jepsen worker 0] jepsen.util: 0	:invoke	:broadcast	13
2024-02-23 16:30:54,054{GMT}	INFO	[jepsen worker 0] jepsen.util: 0	:ok	:broadcast	13
2024-02-23 16:30:54,249{GMT}	INFO	[jepsen worker 1] jepsen.util: 1	:invoke	:broadcast	14
2024-02-23 16:30:54,250{GMT}	INFO	[jepsen worker 1] jepsen.util: 1	:ok	:broadcast	14
2024-02-23 16:30:54,414{GMT}	INFO	[jepsen worker 2] jepsen.util: 2	:invoke	:broadcast	15
2024-02-23 16:30:54,415{GMT}	INFO	[jepsen worker 2] jepsen.util: 2	:ok	:broadcast	15
2024-02-23 16:30:54,576{GMT}	INFO	[jepsen worker 3] jepsen.util: 3	:invoke	:broadcast	16
2024-02-23 16:30:54,578{GMT}	INFO	[jepsen worker 3] jepsen.util: 3	:ok	:broadcast	16
2024-02-23 16:30:54,641{GMT}	INFO	[jepsen worker 4] jepsen.util: 4	:invoke	:broadcast	17
2024-02-23 16:30:54,643{GMT}	INFO	[jepsen worker 4] jepsen.util: 4	:ok	:broadcast	17
2024-02-23 16:30:54,747{GMT}	INFO	[jepsen worker 0] jepsen.util: 0	:invoke	:read	nil
2024-02-23 16:30:54,748{GMT}	INFO	[jepsen worker 0] jepsen.util: 0	:ok	:read	[0 4 8 9 13]
2024-02-23 16:30:54,887{GMT}	INFO	[jepsen worker 0] jepsen.util: 0	:invoke	:broadcast	18
2024-02-23 16:30:54,888{GMT}	INFO	[jepsen worker 0] jepsen.util: 0	:ok	:broadcast	18
2024-02-23 16:30:54,909{GMT}	INFO	[jepsen worker 1] jepsen.util: 1	:invoke	:broadcast	19
2024-02-23 16:30:54,911{GMT}	INFO	[jepsen worker 1] jepsen.util: 1	:ok	:broadcast	19
2024-02-23 16:30:55,105{GMT}	INFO	[jepsen worker 2] jepsen.util: 2	:invoke	:broadcast	20
2024-02-23 16:30:55,106{GMT}	INFO	[jepsen worker 2] jepsen.util: 2	:ok	:broadcast	20
2024-02-23 16:30:55,152{GMT}	INFO	[jepsen worker 3] jepsen.util: 3	:invoke	:broadcast	21
2024-02-23 16:30:55,154{GMT}	INFO	[jepsen worker 3] jepsen.util: 3	:ok	:broadcast	21
2024-02-23 16:30:55,335{GMT}	INFO	[jepsen worker 4] jepsen.util: 4	:invoke	:broadcast	22
2024-02-23 16:30:55,337{GMT}	INFO	[jepsen worker 4] jepsen.util: 4	:ok	:broadcast	22
2024-02-23 16:30:55,340{GMT}	INFO	[jepsen worker 0] jepsen.util: 0	:invoke	:broadcast	23
2024-02-23 16:30:55,342{GMT}	INFO	[jepsen worker 0] jepsen.util: 0	:ok	:broadcast	23
2024-02-23 16:30:55,419{GMT}	INFO	[jepsen worker 0] jepsen.util: 0	:invoke	:broadcast	24
2024-02-23 16:30:55,420{GMT}	INFO	[jepsen worker 0] jepsen.util: 0	:ok	:broadcast	24
2024-02-23 16:30:55,547{GMT}	INFO	[jepsen worker 1] jepsen.util: 1	:invoke	:read	nil
2024-02-23 16:30:55,550{GMT}	INFO	[jepsen worker 1] jepsen.util: 1	:ok	:read	[1 14 19]
2024-02-23 16:30:55,652{GMT}	INFO	[jepsen worker 2] jepsen.util: 2	:invoke	:read	nil
2024-02-23 16:30:55,654{GMT}	INFO	[jepsen worker 2] jepsen.util: 2	:ok	:read	[5 8 11 15 20 2]
2024-02-23 16:30:55,802{GMT}	INFO	[jepsen worker 3] jepsen.util: 3	:invoke	:broadcast	25
2024-02-23 16:30:55,804{GMT}	INFO	[jepsen worker 3] jepsen.util: 3	:ok	:broadcast	25
2024-02-23 16:30:55,841{GMT}	INFO	[jepsen worker 4] jepsen.util: 4	:invoke	:read	nil
2024-02-23 16:30:55,843{GMT}	INFO	[jepsen worker 4] jepsen.util: 4	:ok	:read	[4 9 10 13 15 23 8 21 22 25 0 3 11 14 17 18 24 19 1 2 5 6 7 12 16 20]
2024-02-23 16:30:55,997{GMT}	INFO	[jepsen worker 0] jepsen.util: 0	:invoke	:broadcast	26
2024-02-23 16:30:55,998{GMT}	INFO	[jepsen worker 0] jepsen.util: 0	:ok	:broadcast	26
2024-02-23 16:30:56,126{GMT}	INFO	[jepsen worker 0] jepsen.util: 0	:invoke	:read	nil
2024-02-23 16:30:56,128{GMT}	INFO	[jepsen worker 0] jepsen.util: 0	:ok	:read	[26 4 8 13 23 24 0 9 18]
2024-02-23 16:30:56,136{GMT}	INFO	[jepsen worker 1] jepsen.util: 1	:invoke	:broadcast	27
2024-02-23 16:30:56,137{GMT}	INFO	[jepsen worker 1] jepsen.util: 1	:ok	:broadcast	27
2024-02-23 16:30:56,297{GMT}	INFO	[jepsen worker 2] jepsen.util: 2	:invoke	:read	nil
2024-02-23 16:30:56,298{GMT}	INFO	[jepsen worker 2] jepsen.util: 2	:ok	:read	[20 2 5 8 11 15]
2024-02-23 16:30:56,385{GMT}	INFO	[jepsen worker 3] jepsen.util: 3	:invoke	:broadcast	28
2024-02-23 16:30:56,386{GMT}	INFO	[jepsen worker 3] jepsen.util: 3	:ok	:broadcast	28
2024-02-23 16:30:56,472{GMT}	INFO	[jepsen worker 4] jepsen.util: 4	:invoke	:read	nil
2024-02-23 16:30:56,473{GMT}	INFO	[jepsen worker 4] jepsen.util: 4	:ok	:read	[13 15 23 28 22 0 3 11 12 26 1 5 6 7 4 9 10 8 21 25 27 14 17 18 24 2 16 19 20]
2024-02-23 16:30:56,602{GMT}	INFO	[jepsen worker 0] jepsen.util: 0	:invoke	:broadcast	29
2024-02-23 16:30:56,604{GMT}	INFO	[jepsen worker 0] jepsen.util: 0	:ok	:broadcast	29
2024-02-23 16:30:56,768{GMT}	INFO	[jepsen worker 0] jepsen.util: 0	:invoke	:broadcast	30
2024-02-23 16:30:56,770{GMT}	INFO	[jepsen worker 0] jepsen.util: 0	:ok	:broadcast	30
2024-02-23 16:30:56,952{GMT}	INFO	[jepsen worker 1] jepsen.util: 1	:invoke	:broadcast	31
2024-02-23 16:30:56,954{GMT}	INFO	[jepsen worker 1] jepsen.util: 1	:ok	:broadcast	31
2024-02-23 16:30:57,118{GMT}	INFO	[jepsen worker 2] jepsen.util: 2	:invoke	:broadcast	32
2024-02-23 16:30:57,120{GMT}	INFO	[jepsen worker 2] jepsen.util: 2	:ok	:broadcast	32
2024-02-23 16:30:57,284{GMT}	INFO	[jepsen worker 3] jepsen.util: 3	:invoke	:broadcast	33
2024-02-23 16:30:57,285{GMT}	INFO	[jepsen worker 3] jepsen.util: 3	:ok	:broadcast	33
2024-02-23 16:30:57,299{GMT}	INFO	[jepsen worker 4] jepsen.util: 4	:invoke	:read	nil
2024-02-23 16:30:57,301{GMT}	INFO	[jepsen worker 4] jepsen.util: 4	:ok	:read	[0 3 11 31 33 32 1 5 6 7 12 26 4 9 10 8 21 25 27 14 17 18 24 30 2 16 19 20 13 15 23 28 29 22]
2024-02-23 16:30:57,403{GMT}	INFO	[jepsen worker 0] jepsen.util: 0	:invoke	:broadcast	34
2024-02-23 16:30:57,404{GMT}	INFO	[jepsen worker 0] jepsen.util: 0	:ok	:broadcast	34
2024-02-23 16:30:57,473{GMT}	INFO	[jepsen worker 0] jepsen.util: 0	:invoke	:read	nil
2024-02-23 16:30:57,475{GMT}	INFO	[jepsen worker 0] jepsen.util: 0	:ok	:read	[23 24 26 29 30 4 8 13 34 0 9 18]
2024-02-23 16:30:57,620{GMT}	INFO	[jepsen worker 1] jepsen.util: 1	:invoke	:read	nil
2024-02-23 16:30:57,621{GMT}	INFO	[jepsen worker 1] jepsen.util: 1	:ok	:read	[1 14 19 27 31]
2024-02-23 16:30:57,633{GMT}	INFO	[jepsen worker 2] jepsen.util: 2	:invoke	:broadcast	35
2024-02-23 16:30:57,634{GMT}	INFO	[jepsen worker 2] jepsen.util: 2	:ok	:broadcast	35
2024-02-23 16:30:57,832{GMT}	INFO	[jepsen worker 3] jepsen.util: 3	:invoke	:read	nil
2024-02-23 16:30:57,834{GMT}	INFO	[jepsen worker 3] jepsen.util: 3	:ok	:read	[6 19 21 25 33 28 0 3 12 16 24 26 27]
2024-02-23 16:30:57,947{GMT}	INFO	[jepsen worker 4] jepsen.util: 4	:invoke	:broadcast	36
2024-02-23 16:30:57,948{GMT}	INFO	[jepsen worker 4] jepsen.util: 4	:ok	:broadcast	36
2024-02-23 16:30:58,046{GMT}	INFO	[jepsen worker 0] jepsen.util: 0	:invoke	:read	nil
2024-02-23 16:30:58,046{GMT}	INFO	[jepsen worker 0] jepsen.util: 0	:ok	:read	[13 23 24 26 29 30 4 8 34 18 0 9]
2024-02-23 16:30:58,176{GMT}	INFO	[jepsen worker 0] jepsen.util: 0	:invoke	:read	nil
2024-02-23 16:30:58,177{GMT}	INFO	[jepsen worker 0] jepsen.util: 0	:ok	:read	[24 26 29 30 4 8 13 23 34 0 9 18]
2024-02-23 16:30:58,280{GMT}	INFO	[jepsen worker 1] jepsen.util: 1	:invoke	:read	nil
2024-02-23 16:30:58,281{GMT}	INFO	[jepsen worker 1] jepsen.util: 1	:ok	:read	[31 1 14 19 27]
2024-02-23 16:30:58,330{GMT}	INFO	[jepsen worker 2] jepsen.util: 2	:invoke	:broadcast	37
2024-02-23 16:30:58,330{GMT}	INFO	[jepsen worker 2] jepsen.util: 2	:ok	:broadcast	37
2024-02-23 16:30:58,485{GMT}	INFO	[jepsen worker 3] jepsen.util: 3	:invoke	:broadcast	38
2024-02-23 16:30:58,486{GMT}	INFO	[jepsen worker 3] jepsen.util: 3	:ok	:broadcast	38
2024-02-23 16:30:58,646{GMT}	INFO	[jepsen worker 4] jepsen.util: 4	:invoke	:read	nil
2024-02-23 16:30:58,647{GMT}	INFO	[jepsen worker 4] jepsen.util: 4	:ok	:read	[21 25 27 8 17 18 24 30 14 16 19 20 34 2 15 23 28 29 36 13 35 38 22 3 11 31 33 37 0 5 6 7 12 26 32 1 9 10 4]
2024-02-23 16:30:58,785{GMT}	INFO	[jepsen worker 0] jepsen.util: 0	:invoke	:broadcast	39
2024-02-23 16:30:58,786{GMT}	INFO	[jepsen worker 0] jepsen.util: 0	:ok	:broadcast	39
2024-02-23 16:30:58,947{GMT}	INFO	[jepsen worker 0] jepsen.util: 0	:invoke	:read	nil
2024-02-23 16:30:58,949{GMT}	INFO	[jepsen worker 0] jepsen.util: 0	:ok	:read	[24 26 29 30 4 8 13 23 34 39 0 9 18]
2024-02-23 16:30:58,988{GMT}	INFO	[jepsen worker 1] jepsen.util: 1	:invoke	:broadcast	40
2024-02-23 16:30:58,989{GMT}	INFO	[jepsen worker 1] jepsen.util: 1	:ok	:broadcast	40
2024-02-23 16:30:59,147{GMT}	INFO	[jepsen worker 2] jepsen.util: 2	:invoke	:read	nil
2024-02-23 16:30:59,148{GMT}	INFO	[jepsen worker 2] jepsen.util: 2	:ok	:read	[8 20 37 2 11 15 32 34 35 5]
2024-02-23 16:30:59,335{GMT}	INFO	[jepsen worker 3] jepsen.util: 3	:invoke	:read	nil
2024-02-23 16:30:59,336{GMT}	INFO	[jepsen worker 3] jepsen.util: 3	:ok	:read	[21 33 0 3 26 27 28 6 19 25 38 12 16 24]
2024-02-23 16:30:59,363{GMT}	INFO	[jepsen worker 4] jepsen.util: 4	:invoke	:read	nil
2024-02-23 16:30:59,365{GMT}	INFO	[jepsen worker 4] jepsen.util: 4	:ok	:read	[14 17 18 24 30 39 2 16 19 20 34 36 13 15 23 28 29 22 35 38 37 0 3 11 31 33 26 32 1 5 6 7 12 4 9 10 8 21 25 27 40]
2024-02-23 16:30:59,489{GMT}	INFO	[jepsen worker 0] jepsen.util: 0	:invoke	:read	nil
2024-02-23 16:30:59,490{GMT}	INFO	[jepsen worker 0] jepsen.util: 0	:ok	:read	[0 9 18 29 30 4 8 13 23 24 26 34 39]
2024-02-23 16:30:59,579{GMT}	INFO	[jepsen worker 0] jepsen.util: 0	:invoke	:read	nil
2024-02-23 16:30:59,580{GMT}	INFO	[jepsen worker 0] jepsen.util: 0	:ok	:read	[24 26 29 30 4 8 13 23 34 39 0 9 18]
2024-02-23 16:30:59,718{GMT}	INFO	[jepsen worker 1] jepsen.util: 1	:invoke	:broadcast	41
2024-02-23 16:30:59,719{GMT}	INFO	[jepsen worker 1] jepsen.util: 1	:ok	:broadcast	41
2024-02-23 16:30:59,820{GMT}	INFO	[jepsen worker 2] jepsen.util: 2	:invoke	:read	nil
2024-02-23 16:30:59,821{GMT}	INFO	[jepsen worker 2] jepsen.util: 2	:ok	:read	[5 11 15 32 34 35 2 8 20 37]
2024-02-23 16:30:59,919{GMT}	INFO	[jepsen worker 3] jepsen.util: 3	:invoke	:broadcast	42
2024-02-23 16:30:59,920{GMT}	INFO	[jepsen worker 3] jepsen.util: 3	:ok	:broadcast	42
2024-02-23 16:30:59,963{GMT}	INFO	[jepsen worker 4] jepsen.util: 4	:invoke	:read	nil
2024-02-23 16:30:59,965{GMT}	INFO	[jepsen worker 4] jepsen.util: 4	:ok	:read	[18 24 30 42 14 17 19 20 34 39 2 16 23 28 29 36 13 15 38 22 35 11 31 33 37 0 3 6 7 12 26 32 1 5 10 4 9 25 27 40 41 8 21]
2024-02-23 16:30:59,985{GMT}	INFO	[jepsen worker 0] jepsen.util: 0	:invoke	:read	nil
2024-02-23 16:30:59,986{GMT}	INFO	[jepsen worker 0] jepsen.util: 0	:ok	:read	[4 8 13 23 24 26 29 30 34 39 0 9 18]
2024-02-23 16:31:00,168{GMT}	INFO	[jepsen worker 0] jepsen.util: 0	:invoke	:read	nil
2024-02-23 16:31:00,169{GMT}	INFO	[jepsen worker 0] jepsen.util: 0	:ok	:read	[0 9 18 26 29 30 4 8 13 23 24 34 39]
2024-02-23 16:31:00,348{GMT}	INFO	[jepsen worker 1] jepsen.util: 1	:invoke	:broadcast	43
2024-02-23 16:31:00,349{GMT}	INFO	[jepsen worker 1] jepsen.util: 1	:ok	:broadcast	43
2024-02-23 16:31:00,469{GMT}	INFO	[jepsen worker 2] jepsen.util: 2	:invoke	:read	nil
2024-02-23 16:31:00,471{GMT}	INFO	[jepsen worker 2] jepsen.util: 2	:ok	:read	[8 20 37 2 11 15 32 34 35 5]
2024-02-23 16:31:00,633{GMT}	INFO	[jepsen worker 3] jepsen.util: 3	:invoke	:broadcast	44
2024-02-23 16:31:00,635{GMT}	INFO	[jepsen worker 3] jepsen.util: 3	:ok	:broadcast	44
2024-02-23 16:31:00,809{GMT}	INFO	[jepsen worker 4] jepsen.util: 4	:invoke	:broadcast	45
2024-02-23 16:31:00,810{GMT}	INFO	[jepsen worker 4] jepsen.util: 4	:ok	:broadcast	45
2024-02-23 16:31:00,873{GMT}	INFO	[jepsen worker 0] jepsen.util: 0	:invoke	:read	nil
2024-02-23 16:31:00,874{GMT}	INFO	[jepsen worker 0] jepsen.util: 0	:ok	:read	[0 9 18 4 8 13 23 24 26 29 30 34 39]
2024-02-23 16:31:00,935{GMT}	INFO	[jepsen worker 0] jepsen.util: 0	:invoke	:read	nil
2024-02-23 16:31:00,937{GMT}	INFO	[jepsen worker 0] jepsen.util: 0	:ok	:read	[0 9 18 30 4 8 13 23 24 26 29 34 39]
2024-02-23 16:31:00,955{GMT}	INFO	[jepsen worker 1] jepsen.util: 1	:invoke	:broadcast	46
2024-02-23 16:31:00,956{GMT}	INFO	[jepsen worker 1] jepsen.util: 1	:ok	:broadcast	46
2024-02-23 16:31:01,076{GMT}	INFO	[jepsen worker 2] jepsen.util: 2	:invoke	:broadcast	47
2024-02-23 16:31:01,078{GMT}	INFO	[jepsen worker 2] jepsen.util: 2	:ok	:broadcast	47
2024-02-23 16:31:01,146{GMT}	INFO	[jepsen worker 3] jepsen.util: 3	:invoke	:broadcast	48
2024-02-23 16:31:01,147{GMT}	INFO	[jepsen worker 3] jepsen.util: 3	:ok	:broadcast	48
2024-02-23 16:31:01,303{GMT}	INFO	[jepsen worker 4] jepsen.util: 4	:invoke	:broadcast	49
2024-02-23 16:31:01,305{GMT}	INFO	[jepsen worker 4] jepsen.util: 4	:ok	:broadcast	49
2024-02-23 16:31:01,419{GMT}	INFO	[jepsen worker 0] jepsen.util: 0	:invoke	:read	nil
2024-02-23 16:31:01,420{GMT}	INFO	[jepsen worker 0] jepsen.util: 0	:ok	:read	[0 9 18 23 24 26 29 30 4 8 13 34 39]
2024-02-23 16:31:01,433{GMT}	INFO	[jepsen worker 0] jepsen.util: 0	:invoke	:read	nil
2024-02-23 16:31:01,434{GMT}	INFO	[jepsen worker 0] jepsen.util: 0	:ok	:read	[0 9 18 24 26 29 30 4 8 13 23 34 39]
2024-02-23 16:31:01,593{GMT}	INFO	[jepsen worker 1] jepsen.util: 1	:invoke	:broadcast	50
2024-02-23 16:31:01,593{GMT}	INFO	[jepsen worker 1] jepsen.util: 1	:ok	:broadcast	50
2024-02-23 16:31:01,718{GMT}	INFO	[jepsen worker 2] jepsen.util: 2	:invoke	:read	nil
2024-02-23 16:31:01,719{GMT}	INFO	[jepsen worker 2] jepsen.util: 2	:ok	:read	[47 5 11 15 32 34 35 2 8 20 37]
2024-02-23 16:31:01,841{GMT}	INFO	[jepsen worker 3] jepsen.util: 3	:invoke	:broadcast	51
2024-02-23 16:31:01,842{GMT}	INFO	[jepsen worker 3] jepsen.util: 3	:ok	:broadcast	51
2024-02-23 16:31:02,002{GMT}	INFO	[jepsen worker 4] jepsen.util: 4	:invoke	:read	nil
2024-02-23 16:31:02,003{GMT}	INFO	[jepsen worker 4] jepsen.util: 4	:ok	:read	[10 45 4 9 25 27 40 41 8 21 18 24 30 42 14 17 19 20 34 39 46 50 2 16 23 28 29 36 48 51 13 15 38 43 49 22 35 11 31 33 37 44 47 0 3 6 7 12 26 32 1 5]
2024-02-23 16:31:02,122{GMT}	INFO	[jepsen worker 0] jepsen.util: 0	:invoke	:read	nil
2024-02-23 16:31:02,123{GMT}	INFO	[jepsen worker 0] jepsen.util: 0	:ok	:read	[0 9 18 26 29 30 4 8 13 23 24 34 39]
2024-02-23 16:31:02,126{GMT}	INFO	[jepsen worker 0] jepsen.util: 0	:invoke	:broadcast	52
2024-02-23 16:31:02,127{GMT}	INFO	[jepsen worker 0] jepsen.util: 0	:ok	:broadcast	52
2024-02-23 16:31:02,285{GMT}	INFO	[jepsen worker 1] jepsen.util: 1	:invoke	:broadcast	53
2024-02-23 16:31:02,286{GMT}	INFO	[jepsen worker 1] jepsen.util: 1	:ok	:broadcast	53
2024-02-23 16:31:02,291{GMT}	INFO	[jepsen worker 2] jepsen.util: 2	:invoke	:broadcast	54
2024-02-23 16:31:02,291{GMT}	INFO	[jepsen worker 2] jepsen.util: 2	:ok	:broadcast	54
2024-02-23 16:31:02,465{GMT}	INFO	[jepsen worker 3] jepsen.util: 3	:invoke	:read	nil
2024-02-23 16:31:02,466{GMT}	INFO	[jepsen worker 3] jepsen.util: 3	:ok	:read	[0 3 26 27 28 48 6 19 25 38 44 12 16 24 42 21 33 51]
2024-02-23 16:31:02,547{GMT}	INFO	[jepsen worker 4] jepsen.util: 4	:invoke	:broadcast	55
2024-02-23 16:31:02,548{GMT}	INFO	[jepsen worker 4] jepsen.util: 4	:ok	:broadcast	55
2024-02-23 16:31:02,705{GMT}	INFO	[jepsen worker 0] jepsen.util: 0	:invoke	:read	nil
2024-02-23 16:31:02,705{GMT}	INFO	[jepsen worker 0] jepsen.util: 0	:ok	:read	[13 29 8 18 52 9 23 24 26 30 34 39 4 0]
2024-02-23 16:31:02,793{GMT}	INFO	[jepsen worker 0] jepsen.util: 0	:invoke	:broadcast	56
2024-02-23 16:31:02,795{GMT}	INFO	[jepsen worker 0] jepsen.util: 0	:ok	:broadcast	56
2024-02-23 16:31:02,972{GMT}	INFO	[jepsen worker 1] jepsen.util: 1	:invoke	:broadcast	57
2024-02-23 16:31:02,974{GMT}	INFO	[jepsen worker 1] jepsen.util: 1	:ok	:broadcast	57
2024-02-23 16:31:03,139{GMT}	INFO	[jepsen worker 2] jepsen.util: 2	:invoke	:broadcast	58
2024-02-23 16:31:03,140{GMT}	INFO	[jepsen worker 2] jepsen.util: 2	:ok	:broadcast	58
2024-02-23 16:31:03,269{GMT}	INFO	[jepsen worker 3] jepsen.util: 3	:invoke	:read	nil
2024-02-23 16:31:03,271{GMT}	INFO	[jepsen worker 3] jepsen.util: 3	:ok	:read	[21 33 51 27 28 48 0 3 26 38 44 6 19 25 42 12 16 24]
2024-02-23 16:31:03,418{GMT}	INFO	[jepsen worker 4] jepsen.util: 4	:invoke	:read	nil
2024-02-23 16:31:03,420{GMT}	INFO	[jepsen worker 4] jepsen.util: 4	:ok	:read	[39 16 20 34 15 28 36 22 38 58 47 11 31 33 7 32 4 25 40 41 57 17 24 30 50 55 56 2 19 46 48 51 53 13 23 29 35 43 49 44 52 0 3 37 12 26 1 5 6 9 10 45 54 8 21 27 14 18 42]
2024-02-23 16:31:03,562{GMT}	INFO	[jepsen worker 0] jepsen.util: 0	:invoke	:broadcast	59
2024-02-23 16:31:03,563{GMT}	INFO	[jepsen worker 0] jepsen.util: 0	:ok	:broadcast	59
2024-02-23 16:31:03,675{GMT}	INFO	[jepsen worker 0] jepsen.util: 0	:invoke	:broadcast	60
2024-02-23 16:31:03,677{GMT}	INFO	[jepsen worker 0] jepsen.util: 0	:ok	:broadcast	60
2024-02-23 16:31:03,685{GMT}	INFO	[jepsen worker 1] jepsen.util: 1	:invoke	:broadcast	61
2024-02-23 16:31:03,686{GMT}	INFO	[jepsen worker 1] jepsen.util: 1	:ok	:broadcast	61
2024-02-23 16:31:03,861{GMT}	INFO	[jepsen worker 2] jepsen.util: 2	:invoke	:read	nil
2024-02-23 16:31:03,862{GMT}	INFO	[jepsen worker 2] jepsen.util: 2	:ok	:read	[11 15 32 34 35 47 58 5 8 20 37 54 2]
2024-02-23 16:31:04,060{GMT}	INFO	[jepsen worker 3] jepsen.util: 3	:invoke	:broadcast	62
2024-02-23 16:31:04,060{GMT}	INFO	[jepsen worker 3] jepsen.util: 3	:ok	:broadcast	62
2024-02-23 16:31:04,160{GMT}	INFO	[jepsen worker 4] jepsen.util: 4	:invoke	:read	nil
2024-02-23 16:31:04,161{GMT}	INFO	[jepsen worker 4] jepsen.util: 4	:ok	:read	[9 10 45 61 62 8 21 27 54 14 18 42 16 20 34 39 60 15 28 36 22 38 58 11 31 33 47 7 32 4 25 40 41 17 24 30 57 2 19 46 50 55 56 13 23 29 48 51 53 35 43 49 0 3 37 44 52 59 1 5 6 12 26]
2024-02-23 16:31:04,336{GMT}	INFO	[jepsen worker 0] jepsen.util: 0	:invoke	:broadcast	63
2024-02-23 16:31:04,337{GMT}	INFO	[jepsen worker 0] jepsen.util: 0	:ok	:broadcast	63
2024-02-23 16:31:04,339{GMT}	INFO	[jepsen worker 0] jepsen.util: 0	:invoke	:read	nil
2024-02-23 16:31:04,340{GMT}	INFO	[jepsen worker 0] jepsen.util: 0	:ok	:read	[63 0 56 29 60 8 13 52 9 18 24 26 30 34 39 59 4 23]
2024-02-23 16:31:04,526{GMT}	INFO	[jepsen worker 1] jepsen.util: 1	:invoke	:read	nil
2024-02-23 16:31:04,527{GMT}	INFO	[jepsen worker 1] jepsen.util: 1	:ok	:read	[1 19 46 53 61 50 57 14 27 31 40 41 43]
2024-02-23 16:31:04,720{GMT}	INFO	[jepsen worker 2] jepsen.util: 2	:invoke	:read	nil
2024-02-23 16:31:04,721{GMT}	INFO	[jepsen worker 2] jepsen.util: 2	:ok	:read	[5 11 15 32 34 35 47 58 2 8 20 37 54]
2024-02-23 16:31:04,870{GMT}	INFO	[jepsen worker 3] jepsen.util: 3	:invoke	:read	nil
2024-02-23 16:31:04,871{GMT}	INFO	[jepsen worker 3] jepsen.util: 3	:ok	:read	[6 19 25 38 44 12 16 24 42 21 33 51 62 0 3 26 27 28 48]
2024-02-23 16:31:04,946{GMT}	INFO	[jepsen worker 4] jepsen.util: 4	:invoke	:read	nil
2024-02-23 16:31:04,947{GMT}	INFO	[jepsen worker 4] jepsen.util: 4	:ok	:read	[35 43 49 0 3 37 44 52 59 1 5 6 12 26 9 10 45 61 62 8 21 27 54 14 18 42 16 20 34 39 60 15 28 36 22 38 58 11 31 33 47 7 32 63 4 25 40 41 17 24 30 57 2 19 46 50 55 56 13 23 29 48 51 53]
2024-02-23 16:31:04,998{GMT}	INFO	[jepsen worker 0] jepsen.util: 0	:invoke	:broadcast	64
2024-02-23 16:31:04,999{GMT}	INFO	[jepsen worker 0] jepsen.util: 0	:ok	:broadcast	64
2024-02-23 16:31:05,015{GMT}	INFO	[jepsen worker 0] jepsen.util: 0	:invoke	:broadcast	65
2024-02-23 16:31:05,016{GMT}	INFO	[jepsen worker 0] jepsen.util: 0	:ok	:broadcast	65
2024-02-23 16:31:05,170{GMT}	INFO	[jepsen worker 1] jepsen.util: 1	:invoke	:read	nil
2024-02-23 16:31:05,171{GMT}	INFO	[jepsen worker 1] jepsen.util: 1	:ok	:read	[27 31 40 41 43 50 57 14 19 46 53 61 1]
2024-02-23 16:31:05,361{GMT}	INFO	[jepsen worker 2] jepsen.util: 2	:invoke	:read	nil
2024-02-23 16:31:05,362{GMT}	INFO	[jepsen worker 2] jepsen.util: 2	:ok	:read	[11 15 32 34 35 47 58 5 8 20 37 54 2]
2024-02-23 16:31:05,472{GMT}	INFO	[jepsen worker 3] jepsen.util: 3	:invoke	:read	nil
2024-02-23 16:31:05,473{GMT}	INFO	[jepsen worker 3] jepsen.util: 3	:ok	:read	[42 12 16 24 62 21 33 51 27 28 48 0 3 26 38 44 6 19 25]
2024-02-23 16:31:05,485{GMT}	INFO	[jepsen worker 4] jepsen.util: 4	:invoke	:read	nil
2024-02-23 16:31:05,486{GMT}	INFO	[jepsen worker 4] jepsen.util: 4	:ok	:read	[65 35 43 49 44 52 59 0 3 37 12 26 1 5 6 61 62 9 10 45 54 8 21 27 14 18 42 39 60 16 20 34 15 28 36 22 38 58 47 11 31 33 64 7 32 63 4 25 40 41 57 17 24 30 50 55 56 2 19 46 48 51 53 13 23 29]
2024-02-23 16:31:05,652{GMT}	INFO	[jepsen worker 0] jepsen.util: 0	:invoke	:read	nil
2024-02-23 16:31:05,653{GMT}	INFO	[jepsen worker 0] jepsen.util: 0	:ok	:read	[60 65 8 13 29 9 18 52 26 30 34 39 59 4 23 24 64 0 56 63]
2024-02-23 16:31:05,772{GMT}	INFO	[jepsen worker 0] jepsen.util: 0	:invoke	:broadcast	66
2024-02-23 16:31:05,773{GMT}	INFO	[jepsen worker 0] jepsen.util: 0	:ok	:broadcast	66
2024-02-23 16:31:05,955{GMT}	INFO	[jepsen worker 1] jepsen.util: 1	:invoke	:broadcast	67
2024-02-23 16:31:05,955{GMT}	INFO	[jepsen worker 1] jepsen.util: 1	:ok	:broadcast	67
2024-02-23 16:31:05,976{GMT}	INFO	[jepsen worker 2] jepsen.util: 2	:invoke	:broadcast	68
2024-02-23 16:31:05,977{GMT}	INFO	[jepsen worker 2] jepsen.util: 2	:ok	:broadcast	68
2024-02-23 16:31:05,982{GMT}	INFO	[jepsen worker 3] jepsen.util: 3	:invoke	:broadcast	69
2024-02-23 16:31:05,982{GMT}	INFO	[jepsen worker 3] jepsen.util: 3	:ok	:broadcast	69
2024-02-23 16:31:06,185{GMT}	INFO	[jepsen worker 4] jepsen.util: 4	:invoke	:broadcast	70
2024-02-23 16:31:06,186{GMT}	INFO	[jepsen worker 4] jepsen.util: 4	:ok	:broadcast	70
2024-02-23 16:31:06,311{GMT}	INFO	[jepsen worker 0] jepsen.util: 0	:invoke	:read	nil
2024-02-23 16:31:06,312{GMT}	INFO	[jepsen worker 0] jepsen.util: 0	:ok	:read	[9 18 52 30 34 39 59 4 23 24 26 64 0 56 63 66 65 8 13 29 60]
2024-02-23 16:31:06,361{GMT}	INFO	[jepsen worker 0] jepsen.util: 0	:invoke	:read	nil
2024-02-23 16:31:06,362{GMT}	INFO	[jepsen worker 0] jepsen.util: 0	:ok	:read	[56 63 66 0 13 29 60 65 8 18 52 9 23 24 26 30 34 39 59 4 64]
2024-02-23 16:31:06,472{GMT}	INFO	[jepsen worker 1] jepsen.util: 1	:invoke	:broadcast	71
2024-02-23 16:31:06,473{GMT}	INFO	[jepsen worker 1] jepsen.util: 1	:ok	:broadcast	71
2024-02-23 16:31:06,639{GMT}	INFO	[jepsen worker 2] jepsen.util: 2	:invoke	:read	nil
2024-02-23 16:31:06,640{GMT}	INFO	[jepsen worker 2] jepsen.util: 2	:ok	:read	[5 32 58 8 20 37 68 11 15 34 35 47 2 54]
2024-02-23 16:31:06,776{GMT}	INFO	[jepsen worker 3] jepsen.util: 3	:invoke	:broadcast	72
2024-02-23 16:31:06,778{GMT}	INFO	[jepsen worker 3] jepsen.util: 3	:ok	:broadcast	72
2024-02-23 16:31:06,916{GMT}	INFO	[jepsen worker 4] jepsen.util: 4	:invoke	:broadcast	73
2024-02-23 16:31:06,918{GMT}	INFO	[jepsen worker 4] jepsen.util: 4	:ok	:broadcast	73
2024-02-23 16:31:07,108{GMT}	INFO	[jepsen worker 0] jepsen.util: 0	:invoke	:read	nil
2024-02-23 16:31:07,109{GMT}	INFO	[jepsen worker 0] jepsen.util: 0	:ok	:read	[29 60 65 8 13 52 9 18 24 26 30 34 39 59 4 23 64 63 66 0 56]
2024-02-23 16:31:07,218{GMT}	INFO	[jepsen worker 0] jepsen.util: 0	:invoke	:read	nil
2024-02-23 16:31:07,219{GMT}	INFO	[jepsen worker 0] jepsen.util: 0	:ok	:read	[52 9 18 24 26 30 34 39 59 4 23 64 63 66 0 56 29 60 65 8 13]
2024-02-23 16:31:07,413{GMT}	INFO	[jepsen worker 1] jepsen.util: 1	:invoke	:read	nil
2024-02-23 16:31:07,414{GMT}	INFO	[jepsen worker 1] jepsen.util: 1	:ok	:read	[71 41 43 67 1 19 46 53 61 14 27 31 40 50 57]
2024-02-23 16:31:07,498{GMT}	INFO	[jepsen worker 2] jepsen.util: 2	:invoke	:read	nil
2024-02-23 16:31:07,499{GMT}	INFO	[jepsen worker 2] jepsen.util: 2	:ok	:read	[11 15 34 35 47 2 54 5 32 58 8 20 37 68]
2024-02-23 16:31:07,584{GMT}	INFO	[jepsen worker 3] jepsen.util: 3	:invoke	:read	nil
2024-02-23 16:31:07,585{GMT}	INFO	[jepsen worker 3] jepsen.util: 3	:ok	:read	[72 6 19 25 38 44 69 12 16 24 42 21 33 51 62 0 3 26 27 28 48]
2024-02-23 16:31:07,688{GMT}	INFO	[jepsen worker 4] jepsen.util: 4	:invoke	:broadcast	74
2024-02-23 16:31:07,689{GMT}	INFO	[jepsen worker 4] jepsen.util: 4	:ok	:broadcast	74
2024-02-23 16:31:07,792{GMT}	INFO	[jepsen worker 0] jepsen.util: 0	:invoke	:read	nil
2024-02-23 16:31:07,794{GMT}	INFO	[jepsen worker 0] jepsen.util: 0	:ok	:read	[0 56 63 66 8 13 29 60 65 9 18 52 39 59 4 23 24 26 30 34 64]
2024-02-23 16:31:07,837{GMT}	INFO	[jepsen worker 0] jepsen.util: 0	:invoke	:read	nil
2024-02-23 16:31:07,838{GMT}	INFO	[jepsen worker 0] jepsen.util: 0	:ok	:read	[8 13 29 60 65 9 18 52 59 4 23 24 26 30 34 39 64 0 56 63 66]
2024-02-23 16:31:07,909{GMT}	INFO	[jepsen worker 1] jepsen.util: 1	:invoke	:read	nil
2024-02-23 16:31:07,911{GMT}	INFO	[jepsen worker 1] jepsen.util: 1	:ok	:read	[41 43 67 1 19 46 53 61 14 27 31 40 50 57 71]
2024-02-23 16:31:08,005{GMT}	INFO	[jepsen worker 2] jepsen.util: 2	:invoke	:broadcast	75
2024-02-23 16:31:08,006{GMT}	INFO	[jepsen worker 2] jepsen.util: 2	:ok	:broadcast	75
2024-02-23 16:31:08,102{GMT}	INFO	[jepsen worker 3] jepsen.util: 3	:invoke	:read	nil
2024-02-23 16:31:08,103{GMT}	INFO	[jepsen worker 3] jepsen.util: 3	:ok	:read	[62 21 33 51 27 28 48 0 3 26 38 44 69 72 6 19 25 42 12 16 24]
2024-02-23 16:31:08,205{GMT}	INFO	[jepsen worker 4] jepsen.util: 4	:invoke	:read	nil
2024-02-23 16:31:08,206{GMT}	INFO	[jepsen worker 4] jepsen.util: 4	:ok	:read	[30 57 68 74 17 24 46 50 55 56 2 19 29 48 51 53 13 23 49 65 69 71 35 43 37 44 52 59 0 3 6 12 26 66 1 5 45 61 62 9 10 27 54 8 21 42 73 14 18 34 39 60 16 20 36 15 28 58 22 38 33 47 70 11 31 63 64 67 7 32 4 75 41 72 25 40]
2024-02-23 16:31:08,267{GMT}	INFO	[jepsen worker 0] jepsen.util: 0	:invoke	:broadcast	76
2024-02-23 16:31:08,268{GMT}	INFO	[jepsen worker 0] jepsen.util: 0	:ok	:broadcast	76
2024-02-23 16:31:08,464{GMT}	INFO	[jepsen worker 0] jepsen.util: 0	:invoke	:read	nil
2024-02-23 16:31:08,466{GMT}	INFO	[jepsen worker 0] jepsen.util: 0	:ok	:read	[66 0 56 63 60 65 76 8 13 29 9 18 52 26 30 34 39 59 4 23 24 64]
2024-02-23 16:31:08,541{GMT}	INFO	[jepsen worker 1] jepsen.util: 1	:invoke	:read	nil
2024-02-23 16:31:08,542{GMT}	INFO	[jepsen worker 1] jepsen.util: 1	:ok	:read	[14 27 31 40 50 57 71 41 43 67 1 19 46 53 61]
2024-02-23 16:31:08,642{GMT}	INFO	[jepsen worker 2] jepsen.util: 2	:invoke	:read	nil
2024-02-23 16:31:08,643{GMT}	INFO	[jepsen worker 2] jepsen.util: 2	:ok	:read	[11 15 34 35 47 2 54 5 32 58 75 8 20 37 68]
2024-02-23 16:31:08,793{GMT}	INFO	[jepsen worker 3] jepsen.util: 3	:invoke	:read	nil
2024-02-23 16:31:08,794{GMT}	INFO	[jepsen worker 3] jepsen.util: 3	:ok	:read	[21 33 51 62 28 48 0 3 26 27 44 69 72 6 19 25 38 12 16 24 42]
2024-02-23 16:31:08,899{GMT}	INFO	[jepsen worker 4] jepsen.util: 4	:invoke	:read	nil
2024-02-23 16:31:08,900{GMT}	INFO	[jepsen worker 4] jepsen.util: 4	:ok	:read	[0 3 37 44 52 59 1 5 6 12 26 66 9 10 45 61 62 76 8 21 27 54 14 18 42 73 16 20 34 39 60 15 28 36 22 38 58 11 31 33 47 70 7 32 63 64 67 4 75 25 40 41 72 17 24 30 57 68 74 2 19 46 50 55 56 13 23 29 48 51 53 35 43 49 65 69 71]
2024-02-23 16:31:09,030{GMT}	INFO	[jepsen worker 0] jepsen.util: 0	:invoke	:broadcast	77
2024-02-23 16:31:09,031{GMT}	INFO	[jepsen worker 0] jepsen.util: 0	:ok	:broadcast	77
2024-02-23 16:31:09,116{GMT}	INFO	[jepsen worker 0] jepsen.util: 0	:invoke	:read	nil
2024-02-23 16:31:09,117{GMT}	INFO	[jepsen worker 0] jepsen.util: 0	:ok	:read	[8 13 29 60 65 76 9 18 52 59 4 23 24 26 30 34 39 64 0 56 63 66 77]
2024-02-23 16:31:09,152{GMT}	INFO	[jepsen worker 1] jepsen.util: 1	:invoke	:broadcast	78
2024-02-23 16:31:09,158{GMT}	INFO	[jepsen worker 1] jepsen.util: 1	:ok	:broadcast	78
2024-02-23 16:31:09,202{GMT}	INFO	[jepsen worker 2] jepsen.util: 2	:invoke	:read	nil
2024-02-23 16:31:09,203{GMT}	INFO	[jepsen worker 2] jepsen.util: 2	:ok	:read	[5 32 58 75 8 20 37 68 11 15 34 35 47 2 54]
2024-02-23 16:31:09,352{GMT}	INFO	[jepsen worker 3] jepsen.util: 3	:invoke	:broadcast	79
2024-02-23 16:31:09,353{GMT}	INFO	[jepsen worker 3] jepsen.util: 3	:ok	:broadcast	79
2024-02-23 16:31:09,518{GMT}	INFO	[jepsen worker 4] jepsen.util: 4	:invoke	:read	nil
2024-02-23 16:31:09,519{GMT}	INFO	[jepsen worker 4] jepsen.util: 4	:ok	:read	[22 38 58 78 11 31 33 47 70 7 32 63 64 67 4 75 25 40 41 72 74 17 24 30 57 68 56 2 19 46 50 55 53 13 23 29 48 51 71 35 43 49 65 69 59 0 3 37 44 52 66 1 5 6 12 26 76 9 10 45 61 62 8 21 27 54 79 14 18 42 73 16 20 34 39 60 15 28 36 77]
2024-02-23 16:31:09,519{GMT}	INFO	[jepsen worker 0] jepsen.util: 0	:invoke	:read	nil
2024-02-23 16:31:09,520{GMT}	INFO	[jepsen worker 0] jepsen.util: 0	:ok	:read	[52 9 18 24 26 30 34 39 59 4 23 64 63 66 77 0 56 29 60 65 76 8 13]
2024-02-23 16:31:09,697{GMT}	INFO	[jepsen worker 0] jepsen.util: 0	:invoke	:broadcast	80
2024-02-23 16:31:09,698{GMT}	INFO	[jepsen worker 0] jepsen.util: 0	:ok	:broadcast	80
2024-02-23 16:31:09,802{GMT}	INFO	[jepsen worker 1] jepsen.util: 1	:invoke	:read	nil
2024-02-23 16:31:09,803{GMT}	INFO	[jepsen worker 1] jepsen.util: 1	:ok	:read	[71 43 67 78 41 19 46 53 61 1 27 31 40 50 57 14]
2024-02-23 16:31:09,969{GMT}	INFO	[jepsen worker 2] jepsen.util: 2	:invoke	:read	nil
2024-02-23 16:31:09,970{GMT}	INFO	[jepsen worker 2] jepsen.util: 2	:ok	:read	[8 20 37 68 47 11 15 34 35 2 54 5 32 58 75]
2024-02-23 16:31:10,032{GMT}	INFO	[jepsen worker 3] jepsen.util: 3	:invoke	:broadcast	81
2024-02-23 16:31:10,033{GMT}	INFO	[jepsen worker 3] jepsen.util: 3	:ok	:broadcast	81
2024-02-23 16:31:10,154{GMT}	INFO	[jepsen worker 4] jepsen.util: 4	:invoke	:read	nil
2024-02-23 16:31:10,155{GMT}	INFO	[jepsen worker 4] jepsen.util: 4	:ok	:read	[35 43 49 65 69 71 0 3 37 44 52 59 1 5 6 12 26 66 81 9 10 45 61 62 76 8 21 27 54 79 14 18 42 73 16 20 34 39 60 15 28 36 77 22 38 58 11 31 33 47 70 78 7 32 63 64 67 4 75 25 40 41 72 80 17 24 30 57 68 74 2 19 46 50 55 56 13 23 29 48 51 53]
2024-02-23 16:31:10,343{GMT}	INFO	[jepsen worker 0] jepsen.util: 0	:invoke	:broadcast	82
2024-02-23 16:31:10,345{GMT}	INFO	[jepsen worker 0] jepsen.util: 0	:ok	:broadcast	82
2024-02-23 16:31:10,415{GMT}	INFO	[jepsen worker 0] jepsen.util: 0	:invoke	:read	nil
2024-02-23 16:31:10,416{GMT}	INFO	[jepsen worker 0] jepsen.util: 0	:ok	:read	[76 8 13 29 60 65 9 18 52 80 82 34 39 59 4 23 24 26 30 64 0 56 63 66 77]
2024-02-23 16:31:10,552{GMT}	INFO	[jepsen worker 1] jepsen.util: 1	:invoke	:broadcast	83
2024-02-23 16:31:10,553{GMT}	INFO	[jepsen worker 1] jepsen.util: 1	:ok	:broadcast	83
2024-02-23 16:31:10,736{GMT}	INFO	[jepsen worker 2] jepsen.util: 2	:invoke	:read	nil
2024-02-23 16:31:10,738{GMT}	INFO	[jepsen worker 2] jepsen.util: 2	:ok	:read	[5 32 58 75 8 20 37 68 11 15 34 35 47 2 54]
2024-02-23 16:31:10,902{GMT}	INFO	[jepsen worker 3] jepsen.util: 3	:invoke	:read	nil
2024-02-23 16:31:10,903{GMT}	INFO	[jepsen worker 3] jepsen.util: 3	:ok	:read	[21 33 51 62 0 3 26 27 28 48 79 81 6 19 25 38 44 69 72 83 12 16 24 42]
2024-02-23 16:31:11,054{GMT}	INFO	[jepsen worker 4] jepsen.util: 4	:invoke	:read	nil
2024-02-23 16:31:11,055{GMT}	INFO	[jepsen worker 4] jepsen.util: 4	:ok	:read	[19 46 50 55 56 2 23 29 48 51 53 82 83 13 43 49 65 69 71 35 3 37 44 52 59 0 5 6 12 26 66 1 10 45 61 62 76 81 9 21 27 54 79 8 18 42 73 14 20 34 39 60 16 28 36 77 15 38 58 22 31 33 47 70 78 11 32 63 64 67 7 75 4 40 41 72 25 24 30 57 68 74 80 17]
2024-02-23 16:31:11,161{GMT}	INFO	[jepsen worker 0] jepsen.util: 0	:invoke	:read	nil
2024-02-23 16:31:11,162{GMT}	INFO	[jepsen worker 0] jepsen.util: 0	:ok	:read	[18 52 80 82 9 23 24 26 30 34 39 59 4 64 56 63 66 77 0 13 29 60 65 76 8]
2024-02-23 16:31:11,292{GMT}	INFO	[jepsen worker 0] jepsen.util: 0	:invoke	:broadcast	84
2024-02-23 16:31:11,293{GMT}	INFO	[jepsen worker 0] jepsen.util: 0	:ok	:broadcast	84
2024-02-23 16:31:11,382{GMT}	INFO	[jepsen worker 1] jepsen.util: 1	:invoke	:read	nil
2024-02-23 16:31:11,383{GMT}	INFO	[jepsen worker 1] jepsen.util: 1	:ok	:read	[1 19 46 53 61 14 27 31 40 50 57 83 71 41 43 67 78]
2024-02-23 16:31:11,560{GMT}	INFO	[jepsen worker 2] jepsen.util: 2	:invoke	:broadcast	85
2024-02-23 16:31:11,561{GMT}	INFO	[jepsen worker 2] jepsen.util: 2	:ok	:broadcast	85
2024-02-23 16:31:11,714{GMT}	INFO	[jepsen worker 3] jepsen.util: 3	:invoke	:read	nil
2024-02-23 16:31:11,715{GMT}	INFO	[jepsen worker 3] jepsen.util: 3	:ok	:read	[21 33 51 62 0 3 26 27 28 48 79 6 19 25 38 44 69 72 81 83 12 16 24 42]
2024-02-23 16:31:11,752{GMT}	INFO	[jepsen worker 4] jepsen.util: 4	:invoke	:read	nil
2024-02-23 16:31:11,753{GMT}	INFO	[jepsen worker 4] jepsen.util: 4	:ok	:read	[85 11 31 33 47 70 78 7 32 63 64 67 4 75 25 40 41 72 80 17 24 30 57 68 74 2 19 46 50 55 56 82 83 13 23 29 48 51 53 35 43 49 65 69 71 0 3 37 44 52 59 1 5 6 12 26 66 81 9 10 45 61 62 76 8 21 27 54 79 14 18 42 73 84 16 20 34 39 60 15 28 36 77 22 38 58]
2024-02-23 16:31:11,753{GMT}	INFO	[jepsen worker nemesis] jepsen.generator.interpreter: Waiting for recovery...
2024-02-23 16:31:21,760{GMT}	INFO	[jepsen worker 4] jepsen.util: 4	:invoke	:read	nil
2024-02-23 16:31:21,760{GMT}	INFO	[jepsen worker 0] jepsen.util: 0	:invoke	:read	nil
2024-02-23 16:31:21,760{GMT}	INFO	[jepsen worker 1] jepsen.util: 1	:invoke	:read	nil
2024-02-23 16:31:21,760{GMT}	INFO	[jepsen worker 2] jepsen.util: 2	:invoke	:read	nil
2024-02-23 16:31:21,761{GMT}	INFO	[jepsen worker 3] jepsen.util: 3	:invoke	:read	nil
2024-02-23 16:31:21,762{GMT}	INFO	[jepsen worker 1] jepsen.util: 1	:ok	:read	[46 53 61 1 19 31 40 50 57 83 14 27 71 67 78 41 43]
2024-02-23 16:31:21,762{GMT}	INFO	[jepsen worker 0] jepsen.util: 0	:ok	:read	[39 59 4 23 24 26 30 34 64 84 0 56 63 66 77 8 13 29 60 65 76 9 18 52 80 82]
2024-02-23 16:31:21,762{GMT}	INFO	[jepsen worker 2] jepsen.util: 2	:ok	:read	[2 54 58 75 5 32 37 68 8 20 34 35 47 85 11 15]
2024-02-23 16:31:21,762{GMT}	INFO	[jepsen worker 4] jepsen.util: 4	:ok	:read	[16 20 34 39 60 15 28 36 77 22 38 58 78 85 11 31 33 47 70 7 32 63 64 67 4 75 25 40 41 72 74 80 17 24 30 57 68 56 2 19 46 50 55 53 82 83 13 23 29 48 51 71 35 43 49 65 69 59 0 3 37 44 52 66 1 5 6 12 26 76 81 9 10 45 61 62 8 21 27 54 79 14 18 42 73 84]
2024-02-23 16:31:21,762{GMT}	INFO	[jepsen worker 3] jepsen.util: 3	:ok	:read	[25 38 44 69 72 81 6 19 83 24 42 12 16 51 62 21 33 26 27 28 48 79 0 3]
2024-02-23 16:31:21,818{GMT}	INFO	[jepsen test runner] jepsen.core: Run complete, writing
2024-02-23 16:31:21,999{GMT}	INFO	[jepsen node n1] maelstrom.db: Tearing down n1
2024-02-23 16:31:21,999{GMT}	INFO	[jepsen node n0] maelstrom.db: Tearing down n0
2024-02-23 16:31:21,999{GMT}	INFO	[jepsen node n2] maelstrom.db: Tearing down n2
2024-02-23 16:31:21,999{GMT}	INFO	[jepsen node n3] maelstrom.db: Tearing down n3
2024-02-23 16:31:22,000{GMT}	INFO	[jepsen node n4] maelstrom.db: Tearing down n4
2024-02-23 16:31:23,332{GMT}	INFO	[jepsen node n0] maelstrom.net: Shutting down Maelstrom network
2024-02-23 16:31:23,337{GMT}	INFO	[jepsen test runner] jepsen.core: Analyzing...
2024-02-23 16:31:23,561{GMT}	INFO	[jepsen test runner] jepsen.core: Analysis complete
2024-02-23 16:31:23,583{GMT}	INFO	[jepsen results] jepsen.store: Wrote /Users/danishsharma/go/src/gossip-glamers/multi_node_broadcast/store/broadcast/20240223T163049.294+0530/results.edn
2024-02-23 16:31:23,726{GMT}	INFO	[jepsen test runner] jepsen.core: {:perf {:latency-graph {:valid? true},
        :rate-graph {:valid? true},
        :valid? true},
 :timeline {:valid? true},
 :exceptions {:valid? true},
 :stats {:valid? true,
         :count 184,
         :ok-count 184,
         :fail-count 0,
         :info-count 0,
         :by-f {:broadcast {:valid? true,
                            :count 86,
                            :ok-count 86,
                            :fail-count 0,
                            :info-count 0},
                :read {:valid? true,
                       :count 98,
                       :ok-count 98,
                       :fail-count 0,
                       :info-count 0}}},
 :availability {:valid? true, :ok-fraction 1.0},
 :net {:all {:send-count 1316,
             :recv-count 1316,
             :msg-count 1316,
             :msgs-per-op 7.152174},
       :clients {:send-count 388, :recv-count 388, :msg-count 388},
       :servers {:send-count 928,
                 :recv-count 928,
                 :msg-count 928,
                 :msgs-per-op 5.0434785},
       :valid? true},
 :workload {:worst-stale ({:element 0,
                           :outcome :stable,
                           :stable-latency 29885,
                           :lost-latency nil,
                           :known #jepsen.history.Op{:index 1,
                                                     :time 47153407,
                                                     :type :ok,
                                                     :process 0,
                                                     :f :add,
                                                     :value 0},
                           :last-absent #jepsen.history.Op{:index 361,
                                                           :time 29932812365,
                                                           :type :invoke,
                                                           :process 2,
                                                           :f :read,
                                                           :value nil,
                                                           :final? true}}
                          {:element 3,
                           :outcome :stable,
                           :stable-latency 29615,
                           :lost-latency nil,
                           :known #jepsen.history.Op{:index 7,
                                                     :time 316825345,
                                                     :type :ok,
                                                     :process 3,
                                                     :f :add,
                                                     :value 3},
                           :last-absent #jepsen.history.Op{:index 361,
                                                           :time 29932812365,
                                                           :type :invoke,
                                                           :process 2,
                                                           :f :read,
                                                           :value nil,
                                                           :final? true}}
                          {:element 6,
                           :outcome :stable,
                           :stable-latency 28858,
                           :lost-latency nil,
                           :known #jepsen.history.Op{:index 19,
                                                     :time 1074279464,
                                                     :type :ok,
                                                     :process 3,
                                                     :f :add,
                                                     :value 6},
                           :last-absent #jepsen.history.Op{:index 361,
                                                           :time 29932812365,
                                                           :type :invoke,
                                                           :process 2,
                                                           :f :read,
                                                           :value nil,
                                                           :final? true}}
                          {:element 12,
                           :outcome :stable,
                           :stable-latency 27949,
                           :lost-latency nil,
                           :known #jepsen.history.Op{:index 43,
                                                     :time 1983408211,
                                                     :type :ok,
                                                     :process 3,
                                                     :f :add,
                                                     :value 12},
                           :last-absent #jepsen.history.Op{:index 361,
                                                           :time 29932812365,
                                                           :type :invoke,
                                                           :process 2,
                                                           :f :read,
                                                           :value nil,
                                                           :final? true}}
                          {:element 16,
                           :outcome :stable,
                           :stable-latency 27181,
                           :lost-latency nil,
                           :known #jepsen.history.Op{:index 55,
                                                     :time 2750911200,
                                                     :type :ok,
                                                     :process 3,
                                                     :f :add,
                                                     :value 16},
                           :last-absent #jepsen.history.Op{:index 361,
                                                           :time 29932812365,
                                                           :type :invoke,
                                                           :process 2,
                                                           :f :read,
                                                           :value nil,
                                                           :final? true}}
                          {:element 19,
                           :outcome :stable,
                           :stable-latency 26849,
                           :lost-latency nil,
                           :known #jepsen.history.Op{:index 63,
                                                     :time 3083585918,
                                                     :type :ok,
                                                     :process 1,
                                                     :f :add,
                                                     :value 19},
                           :last-absent #jepsen.history.Op{:index 361,
                                                           :time 29932812365,
                                                           :type :invoke,
                                                           :process 2,
                                                           :f :read,
                                                           :value nil,
                                                           :final? true}}
                          {:element 21,
                           :outcome :stable,
                           :stable-latency 26606,
                           :lost-latency nil,
                           :known #jepsen.history.Op{:index 67,
                                                     :time 3326500786,
                                                     :type :ok,
                                                     :process 3,
                                                     :f :add,
                                                     :value 21},
                           :last-absent #jepsen.history.Op{:index 361,
                                                           :time 29932812365,
                                                           :type :invoke,
                                                           :process 2,
                                                           :f :read,
                                                           :value nil,
                                                           :final? true}}
                          {:element 24,
                           :outcome :stable,
                           :stable-latency 26339,
                           :lost-latency nil,
                           :known #jepsen.history.Op{:index 73,
                                                     :time 3593017444,
                                                     :type :ok,
                                                     :process 0,
                                                     :f :add,
                                                     :value 24},
                           :last-absent #jepsen.history.Op{:index 361,
                                                           :time 29932812365,
                                                           :type :invoke,
                                                           :process 2,
                                                           :f :read,
                                                           :value nil,
                                                           :final? true}}),
            :duplicated-count 0,
            :valid? false,
            :lost-count 62,
            :lost (1
                   2
                   4
                   5
                   7
                   8
                   9
                   10
                   11
                   13
                   14
                   15
                   17
                   18
                   20
                   22
                   23
                   29
                   30
                   31
                   32
                   34
                   35
                   36
                   37
                   39
                   40
                   41
                   43
                   45
                   46
                   47
                   49
                   50
                   52
                   53
                   54
                   55
                   56
                   57
                   58
                   59
                   60
                   61
                   63
                   64
                   65
                   66
                   67
                   68
                   70
                   71
                   73
                   74
                   75
                   76
                   77
                   78
                   80
                   82
                   84
                   85),
            :stable-count 24,
            :stale-count 24,
            :stale (0
                    3
                    6
                    12
                    16
                    19
                    21
                    24
                    25
                    26
                    27
                    28
                    33
                    38
                    42
                    44
                    48
                    51
                    62
                    69
                    72
                    79
                    81
                    83),
            :never-read-count 0,
            :stable-latencies {0 11206,
                               0.5 25373,
                               0.95 29615,
                               0.99 29885,
                               1 29885},
            :attempt-count 86,
            :lost-latencies {0 10199,
                             0.5 20803,
                             0.95 28966,
                             0.99 29819,
                             1 29819},
            :never-read (),
            :duplicated {}},
 :valid? false}


Analysis invalid! ( 
