2024-02-18 19:14:26,526{GMT}	INFO	[jepsen test runner] jepsen.core: Command line:
lein run test -w echo --bin /Users/danishsharma/go/src/gossip-glamers/echo/bin --node-count 1 --time-limit 10
2024-02-18 19:14:26,574{GMT}	INFO	[jepsen test runner] jepsen.core: Running test:
{:args []
 :remote
 #jepsen.control.retry.Remote{:remote #jepsen.control.scp.Remote{:cmd-remote #jepsen.control.sshj.SSHJRemote{:concurrency-limit 6,
                                                                                                             :conn-spec nil,
                                                                                                             :client nil,
                                                                                                             :semaphore nil},
                                                                 :conn-spec nil},
                              :conn nil}
 :log-net-send false
 :node-count 1
 :availability nil
 :max-txn-length 4
 :concurrency 1
 :db
 #object[maelstrom.db$db$reify__16142
         "0x4867e76b"
         "maelstrom.db$db$reify__16142@4867e76b"]
 :max-writes-per-key 16
 :leave-db-running? false
 :name "echo"
 :logging-json? false
 :start-time
 #object[org.joda.time.DateTime "0x4b48be5c" "2024-02-18T19:14:26.487+05:30"]
 :nemesis-interval 10
 :net
 #object[maelstrom.net$jepsen_net$reify__15251
         "0x3fe8d57a"
         "maelstrom.net$jepsen_net$reify__15251@3fe8d57a"]
 :client
 #object[maelstrom.workload.echo$client$reify__16863
         "0x36573ec5"
         "maelstrom.workload.echo$client$reify__16863@36573ec5"]
 :barrier
 #object[java.util.concurrent.CyclicBarrier
         "0x10c26161"
         "java.util.concurrent.CyclicBarrier@10c26161"]
 :log-stderr false
 :pure-generators true
 :ssh {:dummy? true}
 :rate 5
 :checker
 #object[jepsen.checker$compose$reify__11881
         "0x1ef6977b"
         "jepsen.checker$compose$reify__11881@1ef6977b"]
 :argv
 ("test"
  "-w"
  "echo"
  "--bin"
  "/Users/danishsharma/go/src/gossip-glamers/echo/bin"
  "--node-count"
  "1"
  "--time-limit"
  "10")
 :nemesis
 (jepsen.nemesis.ReflCompose
  {:fm {:start-partition 0,
        :stop-partition 0,
        :kill 1,
        :start 1,
        :pause 1,
        :resume 1},
   :nemeses [#unprintable "jepsen.nemesis.combined$partition_nemesis$reify__16416@674cd2da"
             #unprintable "jepsen.nemesis.combined$db_nemesis$reify__16397@686279e0"]})
 :nodes ["n0"]
 :test-count 1
 :latency {:mean 0, :dist :constant}
 :bin "/Users/danishsharma/go/src/gossip-glamers/echo/bin"
 :generator
 (jepsen.generator.TimeLimit
  {:limit 10000000000,
   :cutoff nil,
   :gen (jepsen.generator.Any
         {:gens [(jepsen.generator.OnThreads
                  {:f #{:nemesis},
                   :context-filter #object[jepsen.generator.context$make_thread_filter$lazy_filter__9167
                                           "0x60a3a0fa"
                                           "jepsen.generator.context$make_thread_filter$lazy_filter__9167@60a3a0fa"],
                   :gen nil})
                 (jepsen.generator.OnThreads
                  {:f #jepsen.generator.context.AllBut{:element :nemesis},
                   :context-filter #object[jepsen.generator.context$make_thread_filter$lazy_filter__9167
                                           "0x17734113"
                                           "jepsen.generator.context$make_thread_filter$lazy_filter__9167@17734113"],
                   :gen (jepsen.generator.Stagger
                         {:dt 400000000,
                          :next-time nil,
                          :gen (jepsen.generator.EachThread
                                {:fresh-gen #object[maelstrom.workload.echo$workload$fn__16882
                                                    "0x27aa700"
                                                    "maelstrom.workload.echo$workload$fn__16882@27aa700"],
                                 :context-filters #object[clojure.core$promise$reify__8591
                                                          "0xd15f98a"
                                                          {:status :pending,
                                                           :val nil}],
                                 :gens {}})})})]})})
 :log-net-recv false
 :os
 #object[maelstrom.net$jepsen_os$reify__15254
         "0x704c3ca2"
         "maelstrom.net$jepsen_os$reify__15254@704c3ca2"]
 :time-limit 10
 :workload :echo
 :consistency-models [:strict-serializable]
 :topology :grid}

2024-02-18 19:14:28,516{GMT}	INFO	[jepsen node n0] maelstrom.net: Starting Maelstrom network
2024-02-18 19:14:28,518{GMT}	INFO	[jepsen test runner] jepsen.db: Tearing down DB
2024-02-18 19:14:28,520{GMT}	INFO	[jepsen test runner] jepsen.db: Setting up DB
2024-02-18 19:14:28,524{GMT}	INFO	[jepsen node n0] maelstrom.service: Starting services: (lin-kv lin-tso lww-kv seq-kv)
2024-02-18 19:14:28,526{GMT}	INFO	[jepsen node n0] maelstrom.db: Setting up n0
2024-02-18 19:14:28,527{GMT}	INFO	[jepsen node n0] maelstrom.process: launching /Users/danishsharma/go/src/gossip-glamers/echo/bin []
2024-02-18 19:14:29,093{GMT}	INFO	[jepsen test runner] jepsen.core: Relative time begins now
2024-02-18 19:14:29,108{GMT}	INFO	[jepsen worker 0] jepsen.util: 0	:invoke	:echo	"Please echo 3"
2024-02-18 19:14:29,115{GMT}	INFO	[jepsen worker 0] jepsen.util: 0	:ok	:echo	{:echo "Please echo 3", :in_reply_to 1, :msg_id 1, :type "echo_ok"}
2024-02-18 19:14:29,500{GMT}	INFO	[jepsen worker 0] jepsen.util: 0	:invoke	:echo	"Please echo 57"
2024-02-18 19:14:29,501{GMT}	INFO	[jepsen worker 0] jepsen.util: 0	:ok	:echo	{:echo "Please echo 57", :in_reply_to 2, :msg_id 2, :type "echo_ok"}
2024-02-18 19:14:29,740{GMT}	INFO	[jepsen worker 0] jepsen.util: 0	:invoke	:echo	"Please echo 48"
2024-02-18 19:14:29,741{GMT}	INFO	[jepsen worker 0] jepsen.util: 0	:ok	:echo	{:echo "Please echo 48", :in_reply_to 3, :msg_id 3, :type "echo_ok"}
2024-02-18 19:14:30,044{GMT}	INFO	[jepsen worker 0] jepsen.util: 0	:invoke	:echo	"Please echo 11"
2024-02-18 19:14:30,046{GMT}	INFO	[jepsen worker 0] jepsen.util: 0	:ok	:echo	{:echo "Please echo 11", :in_reply_to 4, :msg_id 4, :type "echo_ok"}
2024-02-18 19:14:30,351{GMT}	INFO	[jepsen worker 0] jepsen.util: 0	:invoke	:echo	"Please echo 60"
2024-02-18 19:14:30,353{GMT}	INFO	[jepsen worker 0] jepsen.util: 0	:ok	:echo	{:echo "Please echo 60", :in_reply_to 5, :msg_id 5, :type "echo_ok"}
2024-02-18 19:14:30,650{GMT}	INFO	[jepsen worker 0] jepsen.util: 0	:invoke	:echo	"Please echo 62"
2024-02-18 19:14:30,652{GMT}	INFO	[jepsen worker 0] jepsen.util: 0	:ok	:echo	{:echo "Please echo 62", :in_reply_to 6, :msg_id 6, :type "echo_ok"}
2024-02-18 19:14:30,835{GMT}	INFO	[jepsen worker 0] jepsen.util: 0	:invoke	:echo	"Please echo 65"
2024-02-18 19:14:30,836{GMT}	INFO	[jepsen worker 0] jepsen.util: 0	:ok	:echo	{:echo "Please echo 65", :in_reply_to 7, :msg_id 7, :type "echo_ok"}
2024-02-18 19:14:30,887{GMT}	INFO	[jepsen worker 0] jepsen.util: 0	:invoke	:echo	"Please echo 71"
2024-02-18 19:14:30,888{GMT}	INFO	[jepsen worker 0] jepsen.util: 0	:ok	:echo	{:echo "Please echo 71", :in_reply_to 8, :msg_id 8, :type "echo_ok"}
2024-02-18 19:14:31,226{GMT}	INFO	[jepsen worker 0] jepsen.util: 0	:invoke	:echo	"Please echo 66"
2024-02-18 19:14:31,227{GMT}	INFO	[jepsen worker 0] jepsen.util: 0	:ok	:echo	{:echo "Please echo 66", :in_reply_to 9, :msg_id 9, :type "echo_ok"}
2024-02-18 19:14:31,413{GMT}	INFO	[jepsen worker 0] jepsen.util: 0	:invoke	:echo	"Please echo 48"
2024-02-18 19:14:31,415{GMT}	INFO	[jepsen worker 0] jepsen.util: 0	:ok	:echo	{:echo "Please echo 48", :in_reply_to 10, :msg_id 10, :type "echo_ok"}
2024-02-18 19:14:31,554{GMT}	INFO	[jepsen worker 0] jepsen.util: 0	:invoke	:echo	"Please echo 12"
2024-02-18 19:14:31,555{GMT}	INFO	[jepsen worker 0] jepsen.util: 0	:ok	:echo	{:echo "Please echo 12", :in_reply_to 11, :msg_id 11, :type "echo_ok"}
2024-02-18 19:14:31,946{GMT}	INFO	[jepsen worker 0] jepsen.util: 0	:invoke	:echo	"Please echo 59"
2024-02-18 19:14:31,947{GMT}	INFO	[jepsen worker 0] jepsen.util: 0	:ok	:echo	{:echo "Please echo 59", :in_reply_to 12, :msg_id 12, :type "echo_ok"}
2024-02-18 19:14:32,094{GMT}	INFO	[jepsen worker 0] jepsen.util: 0	:invoke	:echo	"Please echo 77"
2024-02-18 19:14:32,095{GMT}	INFO	[jepsen worker 0] jepsen.util: 0	:ok	:echo	{:echo "Please echo 77", :in_reply_to 13, :msg_id 13, :type "echo_ok"}
2024-02-18 19:14:32,386{GMT}	INFO	[jepsen worker 0] jepsen.util: 0	:invoke	:echo	"Please echo 120"
2024-02-18 19:14:32,387{GMT}	INFO	[jepsen worker 0] jepsen.util: 0	:ok	:echo	{:echo "Please echo 120", :in_reply_to 14, :msg_id 14, :type "echo_ok"}
2024-02-18 19:14:32,554{GMT}	INFO	[jepsen worker 0] jepsen.util: 0	:invoke	:echo	"Please echo 97"
2024-02-18 19:14:32,564{GMT}	INFO	[jepsen worker 0] jepsen.util: 0	:ok	:echo	{:echo "Please echo 97", :in_reply_to 15, :msg_id 15, :type "echo_ok"}
2024-02-18 19:14:32,803{GMT}	INFO	[jepsen worker 0] jepsen.util: 0	:invoke	:echo	"Please echo 63"
2024-02-18 19:14:32,804{GMT}	INFO	[jepsen worker 0] jepsen.util: 0	:ok	:echo	{:echo "Please echo 63", :in_reply_to 16, :msg_id 16, :type "echo_ok"}
2024-02-18 19:14:33,176{GMT}	INFO	[jepsen worker 0] jepsen.util: 0	:invoke	:echo	"Please echo 18"
2024-02-18 19:14:33,177{GMT}	INFO	[jepsen worker 0] jepsen.util: 0	:ok	:echo	{:echo "Please echo 18", :in_reply_to 17, :msg_id 17, :type "echo_ok"}
2024-02-18 19:14:33,270{GMT}	INFO	[jepsen worker 0] jepsen.util: 0	:invoke	:echo	"Please echo 75"
2024-02-18 19:14:33,271{GMT}	INFO	[jepsen worker 0] jepsen.util: 0	:ok	:echo	{:echo "Please echo 75", :in_reply_to 18, :msg_id 18, :type "echo_ok"}
2024-02-18 19:14:33,348{GMT}	INFO	[jepsen worker 0] jepsen.util: 0	:invoke	:echo	"Please echo 91"
2024-02-18 19:14:33,351{GMT}	INFO	[jepsen worker 0] jepsen.util: 0	:ok	:echo	{:echo "Please echo 91", :in_reply_to 19, :msg_id 19, :type "echo_ok"}
2024-02-18 19:14:33,663{GMT}	INFO	[jepsen worker 0] jepsen.util: 0	:invoke	:echo	"Please echo 10"
2024-02-18 19:14:33,664{GMT}	INFO	[jepsen worker 0] jepsen.util: 0	:ok	:echo	{:echo "Please echo 10", :in_reply_to 20, :msg_id 20, :type "echo_ok"}
2024-02-18 19:14:33,713{GMT}	INFO	[jepsen worker 0] jepsen.util: 0	:invoke	:echo	"Please echo 92"
2024-02-18 19:14:33,715{GMT}	INFO	[jepsen worker 0] jepsen.util: 0	:ok	:echo	{:echo "Please echo 92", :in_reply_to 21, :msg_id 21, :type "echo_ok"}
2024-02-18 19:14:34,086{GMT}	INFO	[jepsen worker 0] jepsen.util: 0	:invoke	:echo	"Please echo 52"
2024-02-18 19:14:34,093{GMT}	INFO	[jepsen worker 0] jepsen.util: 0	:ok	:echo	{:echo "Please echo 52", :in_reply_to 22, :msg_id 22, :type "echo_ok"}
2024-02-18 19:14:34,247{GMT}	INFO	[jepsen worker 0] jepsen.util: 0	:invoke	:echo	"Please echo 29"
2024-02-18 19:14:34,248{GMT}	INFO	[jepsen worker 0] jepsen.util: 0	:ok	:echo	{:echo "Please echo 29", :in_reply_to 23, :msg_id 23, :type "echo_ok"}
2024-02-18 19:14:34,287{GMT}	INFO	[jepsen worker 0] jepsen.util: 0	:invoke	:echo	"Please echo 91"
2024-02-18 19:14:34,289{GMT}	INFO	[jepsen worker 0] jepsen.util: 0	:ok	:echo	{:echo "Please echo 91", :in_reply_to 24, :msg_id 24, :type "echo_ok"}
2024-02-18 19:14:34,623{GMT}	INFO	[jepsen worker 0] jepsen.util: 0	:invoke	:echo	"Please echo 20"
2024-02-18 19:14:34,624{GMT}	INFO	[jepsen worker 0] jepsen.util: 0	:ok	:echo	{:echo "Please echo 20", :in_reply_to 25, :msg_id 25, :type "echo_ok"}
2024-02-18 19:14:34,738{GMT}	INFO	[jepsen worker 0] jepsen.util: 0	:invoke	:echo	"Please echo 61"
2024-02-18 19:14:34,740{GMT}	INFO	[jepsen worker 0] jepsen.util: 0	:ok	:echo	{:echo "Please echo 61", :in_reply_to 26, :msg_id 26, :type "echo_ok"}
2024-02-18 19:14:35,003{GMT}	INFO	[jepsen worker 0] jepsen.util: 0	:invoke	:echo	"Please echo 22"
2024-02-18 19:14:35,005{GMT}	INFO	[jepsen worker 0] jepsen.util: 0	:ok	:echo	{:echo "Please echo 22", :in_reply_to 27, :msg_id 27, :type "echo_ok"}
2024-02-18 19:14:35,200{GMT}	INFO	[jepsen worker 0] jepsen.util: 0	:invoke	:echo	"Please echo 20"
2024-02-18 19:14:35,201{GMT}	INFO	[jepsen worker 0] jepsen.util: 0	:ok	:echo	{:echo "Please echo 20", :in_reply_to 28, :msg_id 28, :type "echo_ok"}
2024-02-18 19:14:35,439{GMT}	INFO	[jepsen worker 0] jepsen.util: 0	:invoke	:echo	"Please echo 116"
2024-02-18 19:14:35,441{GMT}	INFO	[jepsen worker 0] jepsen.util: 0	:ok	:echo	{:echo "Please echo 116", :in_reply_to 29, :msg_id 29, :type "echo_ok"}
2024-02-18 19:14:35,799{GMT}	INFO	[jepsen worker 0] jepsen.util: 0	:invoke	:echo	"Please echo 107"
2024-02-18 19:14:35,804{GMT}	INFO	[jepsen worker 0] jepsen.util: 0	:ok	:echo	{:echo "Please echo 107", :in_reply_to 30, :msg_id 30, :type "echo_ok"}
2024-02-18 19:14:35,920{GMT}	INFO	[jepsen worker 0] jepsen.util: 0	:invoke	:echo	"Please echo 68"
2024-02-18 19:14:35,921{GMT}	INFO	[jepsen worker 0] jepsen.util: 0	:ok	:echo	{:echo "Please echo 68", :in_reply_to 31, :msg_id 31, :type "echo_ok"}
2024-02-18 19:14:35,954{GMT}	INFO	[jepsen worker 0] jepsen.util: 0	:invoke	:echo	"Please echo 30"
2024-02-18 19:14:35,955{GMT}	INFO	[jepsen worker 0] jepsen.util: 0	:ok	:echo	{:echo "Please echo 30", :in_reply_to 32, :msg_id 32, :type "echo_ok"}
2024-02-18 19:14:35,978{GMT}	INFO	[jepsen worker 0] jepsen.util: 0	:invoke	:echo	"Please echo 85"
2024-02-18 19:14:35,979{GMT}	INFO	[jepsen worker 0] jepsen.util: 0	:ok	:echo	{:echo "Please echo 85", :in_reply_to 33, :msg_id 33, :type "echo_ok"}
2024-02-18 19:14:36,248{GMT}	INFO	[jepsen worker 0] jepsen.util: 0	:invoke	:echo	"Please echo 60"
2024-02-18 19:14:36,249{GMT}	INFO	[jepsen worker 0] jepsen.util: 0	:ok	:echo	{:echo "Please echo 60", :in_reply_to 34, :msg_id 34, :type "echo_ok"}
2024-02-18 19:14:36,265{GMT}	INFO	[jepsen worker 0] jepsen.util: 0	:invoke	:echo	"Please echo 59"
2024-02-18 19:14:36,267{GMT}	INFO	[jepsen worker 0] jepsen.util: 0	:ok	:echo	{:echo "Please echo 59", :in_reply_to 35, :msg_id 35, :type "echo_ok"}
2024-02-18 19:14:36,499{GMT}	INFO	[jepsen worker 0] jepsen.util: 0	:invoke	:echo	"Please echo 70"
2024-02-18 19:14:36,500{GMT}	INFO	[jepsen worker 0] jepsen.util: 0	:ok	:echo	{:echo "Please echo 70", :in_reply_to 36, :msg_id 36, :type "echo_ok"}
2024-02-18 19:14:36,846{GMT}	INFO	[jepsen worker 0] jepsen.util: 0	:invoke	:echo	"Please echo 126"
2024-02-18 19:14:36,847{GMT}	INFO	[jepsen worker 0] jepsen.util: 0	:ok	:echo	{:echo "Please echo 126", :in_reply_to 37, :msg_id 37, :type "echo_ok"}
2024-02-18 19:14:36,966{GMT}	INFO	[jepsen worker 0] jepsen.util: 0	:invoke	:echo	"Please echo 41"
2024-02-18 19:14:36,967{GMT}	INFO	[jepsen worker 0] jepsen.util: 0	:ok	:echo	{:echo "Please echo 41", :in_reply_to 38, :msg_id 38, :type "echo_ok"}
2024-02-18 19:14:37,138{GMT}	INFO	[jepsen worker 0] jepsen.util: 0	:invoke	:echo	"Please echo 53"
2024-02-18 19:14:37,140{GMT}	INFO	[jepsen worker 0] jepsen.util: 0	:ok	:echo	{:echo "Please echo 53", :in_reply_to 39, :msg_id 39, :type "echo_ok"}
2024-02-18 19:14:37,315{GMT}	INFO	[jepsen worker 0] jepsen.util: 0	:invoke	:echo	"Please echo 61"
2024-02-18 19:14:37,316{GMT}	INFO	[jepsen worker 0] jepsen.util: 0	:ok	:echo	{:echo "Please echo 61", :in_reply_to 40, :msg_id 40, :type "echo_ok"}
2024-02-18 19:14:37,487{GMT}	INFO	[jepsen worker 0] jepsen.util: 0	:invoke	:echo	"Please echo 43"
2024-02-18 19:14:37,488{GMT}	INFO	[jepsen worker 0] jepsen.util: 0	:ok	:echo	{:echo "Please echo 43", :in_reply_to 41, :msg_id 41, :type "echo_ok"}
2024-02-18 19:14:37,759{GMT}	INFO	[jepsen worker 0] jepsen.util: 0	:invoke	:echo	"Please echo 34"
2024-02-18 19:14:37,760{GMT}	INFO	[jepsen worker 0] jepsen.util: 0	:ok	:echo	{:echo "Please echo 34", :in_reply_to 42, :msg_id 42, :type "echo_ok"}
2024-02-18 19:14:37,819{GMT}	INFO	[jepsen worker 0] jepsen.util: 0	:invoke	:echo	"Please echo 25"
2024-02-18 19:14:37,820{GMT}	INFO	[jepsen worker 0] jepsen.util: 0	:ok	:echo	{:echo "Please echo 25", :in_reply_to 43, :msg_id 43, :type "echo_ok"}
2024-02-18 19:14:37,900{GMT}	INFO	[jepsen worker 0] jepsen.util: 0	:invoke	:echo	"Please echo 27"
2024-02-18 19:14:37,901{GMT}	INFO	[jepsen worker 0] jepsen.util: 0	:ok	:echo	{:echo "Please echo 27", :in_reply_to 44, :msg_id 44, :type "echo_ok"}
2024-02-18 19:14:38,061{GMT}	INFO	[jepsen worker 0] jepsen.util: 0	:invoke	:echo	"Please echo 2"
2024-02-18 19:14:38,062{GMT}	INFO	[jepsen worker 0] jepsen.util: 0	:ok	:echo	{:echo "Please echo 2", :in_reply_to 45, :msg_id 45, :type "echo_ok"}
2024-02-18 19:14:38,290{GMT}	INFO	[jepsen worker 0] jepsen.util: 0	:invoke	:echo	"Please echo 46"
2024-02-18 19:14:38,291{GMT}	INFO	[jepsen worker 0] jepsen.util: 0	:ok	:echo	{:echo "Please echo 46", :in_reply_to 46, :msg_id 46, :type "echo_ok"}
2024-02-18 19:14:38,564{GMT}	INFO	[jepsen worker 0] jepsen.util: 0	:invoke	:echo	"Please echo 15"
2024-02-18 19:14:38,565{GMT}	INFO	[jepsen worker 0] jepsen.util: 0	:ok	:echo	{:echo "Please echo 15", :in_reply_to 47, :msg_id 47, :type "echo_ok"}
2024-02-18 19:14:38,859{GMT}	INFO	[jepsen worker 0] jepsen.util: 0	:invoke	:echo	"Please echo 85"
2024-02-18 19:14:38,861{GMT}	INFO	[jepsen worker 0] jepsen.util: 0	:ok	:echo	{:echo "Please echo 85", :in_reply_to 48, :msg_id 48, :type "echo_ok"}
2024-02-18 19:14:38,892{GMT}	INFO	[jepsen test runner] jepsen.core: Run complete, writing
2024-02-18 19:14:39,097{GMT}	INFO	[jepsen node n0] maelstrom.db: Tearing down n0
2024-02-18 19:14:40,570{GMT}	INFO	[jepsen node n0] maelstrom.net: Shutting down Maelstrom network
2024-02-18 19:14:40,571{GMT}	INFO	[jepsen test runner] jepsen.core: Analyzing...
2024-02-18 19:14:40,753{GMT}	INFO	[jepsen test runner] jepsen.core: Analysis complete
2024-02-18 19:14:40,778{GMT}	INFO	[jepsen results] jepsen.store: Wrote /Users/danishsharma/go/src/gossip-glamers/echo/store/echo/20240218T191426.487+0530/results.edn
2024-02-18 19:14:40,868{GMT}	INFO	[jepsen test runner] jepsen.core: {:perf {:latency-graph {:valid? true},
        :rate-graph {:valid? true},
        :valid? true},
 :timeline {:valid? true},
 :exceptions {:valid? true},
 :stats {:valid? true,
         :count 48,
         :ok-count 48,
         :fail-count 0,
         :info-count 0,
         :by-f {:echo {:valid? true,
                       :count 48,
                       :ok-count 48,
                       :fail-count 0,
                       :info-count 0}}},
 :availability {:valid? true, :ok-fraction 1.0},
 :net {:all {:send-count 98,
             :recv-count 98,
             :msg-count 98,
             :msgs-per-op 2.0416667},
       :clients {:send-count 98, :recv-count 98, :msg-count 98},
       :servers {:send-count 0,
                 :recv-count 0,
                 :msg-count 0,
                 :msgs-per-op 0.0},
       :valid? true},
 :workload {:valid? true, :errors ()},
 :valid? true}


Everything looks good! ヽ(‘ー`)ノ
