2024/02/25 18:59:24 Received {c17 n1 {"type":"init","node_id":"n1","node_ids":["n0","n1","n2","n3","n4","n5","n6","n7","n8","n9","n10","n11","n12","n13","n14","n15","n16","n17","n18","n19","n20","n21","n22","n23","n24"],"msg_id":1}}
2024/02/25 18:59:24 Node n1 initialized
2024/02/25 18:59:24 Sent {"src":"n1","dest":"c17","body":{"in_reply_to":1,"type":"init_ok"}}
2024/02/25 18:59:25 Received {c26 n1 {"type":"topology","topology":{"n2":["n7","n3","n1"],"n21":["n16","n22","n20"],"n23":["n18","n24","n22"],"n5":["n10","n0","n6"],"n8":["n13","n3","n9","n7"],"n6":["n11","n1","n7","n5"],"n19":["n24","n14","n18"],"n14":["n19","n9","n13"],"n17":["n22","n12","n18","n16"],"n1":["n6","n2","n0"],"n24":["n19","n23"],"n4":["n9","n3"],"n0":["n5","n1"],"n18":["n23","n13","n19","n17"],"n9":["n14","n4","n8"],"n10":["n15","n5","n11"],"n22":["n17","n23","n21"],"n15":["n20","n10","n16"],"n13":["n18","n8","n14","n12"],"n3":["n8","n4","n2"],"n12":["n17","n7","n13","n11"],"n11":["n16","n6","n12","n10"],"n16":["n21","n11","n17","n15"],"n7":["n12","n2","n8","n6"],"n20":["n15","n21"]},"msg_id":1}}
2024/02/25 18:59:25 Sent {"src":"n1","dest":"c26","body":{"in_reply_to":1,"type":"topology_ok"}}
2024/02/25 18:59:25 Received {c51 n1 {"type":"read","msg_id":1}}
2024/02/25 18:59:25 Sent {"src":"n1","dest":"c51","body":{"in_reply_to":1,"messages":[],"type":"read_ok"}}
2024/02/25 18:59:25 Received {c51 n1 {"type":"broadcast","message":13,"msg_id":2}}
2024/02/25 18:59:25 Sent {"src":"n1","dest":"c51","body":{"in_reply_to":2,"type":"broadcast_ok"}}
2024/02/25 18:59:25 Sent {"src":"n1","dest":"n12","body":{"messages":[13],"msg_id":1,"type":"broadcast"}}
2024/02/25 18:59:25 Received {n12 n1 {"in_reply_to":1,"type":"broadcast_ok"}}
2024/02/25 18:59:25 Received {c51 n1 {"type":"read","msg_id":3}}
2024/02/25 18:59:25 Sent {"src":"n1","dest":"c51","body":{"in_reply_to":3,"messages":[13],"type":"read_ok"}}
2024/02/25 18:59:25 Received {c51 n1 {"type":"read","msg_id":4}}
2024/02/25 18:59:25 Sent {"src":"n1","dest":"c51","body":{"in_reply_to":4,"messages":[13],"type":"read_ok"}}
2024/02/25 18:59:25 Received {c51 n1 {"type":"broadcast","message":47,"msg_id":5}}
2024/02/25 18:59:25 Sent {"src":"n1","dest":"c51","body":{"in_reply_to":5,"type":"broadcast_ok"}}
2024/02/25 18:59:25 Sent {"src":"n1","dest":"n12","body":{"messages":[47],"msg_id":2,"type":"broadcast"}}
2024/02/25 18:59:26 Received {n12 n1 {"messages":[9,20,3,16,2,15,7,14,17,4,18,10,19,5,0,11,12,8,6,1,39],"msg_id":9,"type":"broadcast"}}
2024/02/25 18:59:26 Sent {"src":"n1","dest":"n12","body":{"in_reply_to":9,"type":"broadcast_ok"}}
2024/02/25 18:59:26 Received {n12 n1 {"in_reply_to":2,"type":"broadcast_ok"}}
2024/02/25 18:59:26 Received {c51 n1 {"type":"read","msg_id":6}}
2024/02/25 18:59:26 Sent {"src":"n1","dest":"c51","body":{"in_reply_to":6,"messages":[16,17,5,6,1,47,9,15,7,19,11,13,20,2,18,12,39,3,14,4,10,0,8],"type":"read_ok"}}
2024/02/25 18:59:26 Received {c51 n1 {"type":"read","msg_id":7}}
2024/02/25 18:59:26 Sent {"src":"n1","dest":"c51","body":{"in_reply_to":7,"messages":[3,14,4,10,0,8,16,17,5,6,1,47,9,15,7,19,11,13,20,2,18,12,39],"type":"read_ok"}}
2024/02/25 18:59:26 Received {c51 n1 {"type":"broadcast","message":71,"msg_id":8}}
2024/02/25 18:59:26 Sent {"src":"n1","dest":"c51","body":{"in_reply_to":8,"type":"broadcast_ok"}}
2024/02/25 18:59:26 Sent {"src":"n1","dest":"n12","body":{"messages":[71],"msg_id":3,"type":"broadcast"}}
2024/02/25 18:59:26 Received {n12 n1 {"messages":[35,27,45,24,32,43,31,37,30,48,36,28,29,46,21,38,22,23,40,25,42,33,26,41,44,34,64],"msg_id":43,"type":"broadcast"}}
2024/02/25 18:59:26 Sent {"src":"n1","dest":"n12","body":{"in_reply_to":43,"type":"broadcast_ok"}}
2024/02/25 18:59:26 Received {n12 n1 {"in_reply_to":3,"type":"broadcast_ok"}}
2024/02/25 18:59:26 Received {c51 n1 {"type":"read","msg_id":9}}
2024/02/25 18:59:26 Sent {"src":"n1","dest":"c51","body":{"in_reply_to":9,"messages":[12,28,41,2,18,32,43,31,30,21,22,3,27,25,44,42,6,71,48,47,15,39,35,40,13,20,10,0,8,24,37,36,14,4,26,5,1,29,64,16,17,19,11,45,46,38,23,9,7,33,34],"type":"read_ok"}}
2024/02/25 18:59:26 Received {c51 n1 {"type":"read","msg_id":10}}
2024/02/25 18:59:26 Sent {"src":"n1","dest":"c51","body":{"in_reply_to":10,"messages":[2,18,12,28,41,22,3,27,32,43,31,30,21,25,44,6,71,42,47,15,48,13,20,39,35,40,36,14,4,10,0,8,24,37,26,16,17,5,1,29,64,23,9,7,19,11,45,46,38,33,34],"type":"read_ok"}}
2024/02/25 18:59:26 Received {c51 n1 {"type":"read","msg_id":11}}
2024/02/25 18:59:26 Sent {"src":"n1","dest":"c51","body":{"in_reply_to":11,"messages":[3,27,32,43,31,30,21,22,25,44,6,71,42,47,15,48,13,20,39,35,40,14,4,10,0,8,24,37,36,26,16,17,5,1,29,64,9,7,19,11,45,46,38,23,33,34,2,18,12,28,41],"type":"read_ok"}}
2024/02/25 18:59:27 Received {n12 n1 {"messages":[55,67,50,61,73,75,56,60,51,62,72,57,68,59,69,52,65,49,63,70,53,58,54,66],"msg_id":60,"type":"broadcast"}}
2024/02/25 18:59:27 Sent {"src":"n1","dest":"n12","body":{"in_reply_to":60,"type":"broadcast_ok"}}
2024/02/25 18:59:27 Received {c51 n1 {"type":"broadcast","message":103,"msg_id":12}}
2024/02/25 18:59:27 Sent {"src":"n1","dest":"c51","body":{"in_reply_to":12,"type":"broadcast_ok"}}
2024/02/25 18:59:27 Sent {"src":"n1","dest":"n12","body":{"messages":[103],"msg_id":4,"type":"broadcast"}}
2024/02/25 18:59:27 Received {n12 n1 {"messages":[74,88,78,79,87,81,90,83,92,86,76,85,89,91,84,80,77,82,109],"msg_id":79,"type":"broadcast"}}
2024/02/25 18:59:27 Received {c51 n1 {"type":"broadcast","message":116,"msg_id":13}}
2024/02/25 18:59:27 Sent {"src":"n1","dest":"n12","body":{"in_reply_to":79,"type":"broadcast_ok"}}
2024/02/25 18:59:27 Sent {"src":"n1","dest":"c51","body":{"in_reply_to":13,"type":"broadcast_ok"}}
2024/02/25 18:59:27 Received {n12 n1 {"in_reply_to":4,"type":"broadcast_ok"}}
2024/02/25 18:59:27 Received {c51 n1 {"type":"broadcast","message":131,"msg_id":14}}
2024/02/25 18:59:27 Sent {"src":"n1","dest":"c51","body":{"in_reply_to":14,"type":"broadcast_ok"}}
2024/02/25 18:59:27 Sent {"src":"n1","dest":"n12","body":{"messages":[116,131],"msg_id":5,"type":"broadcast"}}
2024/02/25 18:59:28 Received {n12 n1 {"messages":[106,112,100,111,101,93,104,95,107,94,105,98,102,96,108,110,97,99,122,136],"msg_id":105,"type":"broadcast"}}
2024/02/25 18:59:28 Sent {"src":"n1","dest":"n12","body":{"in_reply_to":105,"type":"broadcast_ok"}}
2024/02/25 18:59:28 Received {n12 n1 {"in_reply_to":5,"type":"broadcast_ok"}}
2024/02/25 18:59:28 Received {c51 n1 {"type":"read","msg_id":15}}
2024/02/25 18:59:28 Sent {"src":"n1","dest":"c51","body":{"in_reply_to":15,"messages":[102,99,33,34,50,116,2,41,79,89,21,25,78,27,32,43,31,112,55,75,60,49,15,65,13,70,85,14,87,104,9,7,11,58,18,28,72,53,22,51,73,66,77,95,106,105,20,52,54,81,26,74,122,29,64,86,19,111,12,103,107,97,3,30,44,68,76,109,48,83,39,35,40,92,136,8,37,36,88,62,101,17,1,67,56,63,90,45,46,38,23,61,82,57,110,6,71,42,100,94,98,108,47,91,84,80,59,131,69,93,4,10,0,24,16,5,96],"type":"read_ok"}}
2024/02/25 18:59:28 Received {c51 n1 {"type":"read","msg_id":16}}
2024/02/25 18:59:28 Sent {"src":"n1","dest":"c51","body":{"in_reply_to":16,"messages":[16,5,96,33,34,50,116,102,99,2,41,79,89,27,32,43,31,21,25,78,55,75,60,49,112,15,65,13,70,85,14,87,104,9,7,11,58,18,28,72,53,22,51,73,66,77,95,20,52,54,81,106,105,26,74,122,29,64,86,19,111,12,3,30,44,68,103,107,97,76,109,48,83,39,35,40,8,37,36,88,92,136,17,1,67,56,62,101,45,46,38,23,63,90,61,82,57,110,6,71,42,108,47,91,84,80,100,94,98,59,131,4,10,0,24,69,93],"type":"read_ok"}}
2024/02/25 18:59:28 Received {n12 n1 {"messages":[126,114,133,127,117,118,132,120,134,130,125,121,135,119,123,137,115,129,113,128,124,145],"msg_id":140,"type":"broadcast"}}
2024/02/25 18:59:28 Sent {"src":"n1","dest":"n12","body":{"in_reply_to":140,"type":"broadcast_ok"}}
2024/02/25 18:59:28 Received {c51 n1 {"type":"broadcast","message":164,"msg_id":17}}
2024/02/25 18:59:28 Sent {"src":"n1","dest":"c51","body":{"in_reply_to":17,"type":"broadcast_ok"}}
2024/02/25 18:59:28 Received {c51 n1 {"type":"broadcast","message":165,"msg_id":18}}
2024/02/25 18:59:28 Sent {"src":"n1","dest":"c51","body":{"in_reply_to":18,"type":"broadcast_ok"}}
2024/02/25 18:59:28 Received {c51 n1 {"type":"read","msg_id":19}}
2024/02/25 18:59:28 Sent {"src":"n1","dest":"c51","body":{"in_reply_to":19,"messages":[13,70,85,14,87,134,129,104,120,9,7,11,58,126,121,123,18,28,72,53,22,51,73,66,77,95,106,105,20,52,54,81,26,74,122,29,64,86,132,19,111,115,12,117,119,103,107,97,3,30,44,68,76,109,48,83,137,39,35,40,127,92,136,125,8,37,36,88,62,101,17,1,67,56,63,90,114,118,45,46,38,23,124,61,82,57,110,6,71,42,135,100,94,98,108,47,91,84,80,59,131,164,165,69,93,4,10,0,24,16,5,96,102,99,133,130,33,34,50,116,145,2,41,79,89,21,25,78,27,32,43,31,112,113,128,55,75,60,49,15,65],"type":"read_ok"}}
2024/02/25 18:59:28 Sent {"src":"n1","dest":"n12","body":{"messages":[164,165],"msg_id":6,"type":"broadcast"}}
2024/02/25 18:59:29 Received {n12 n1 {"messages":[143,140,151,158,138,149,154,142,141,152,153,147,146,148,144,155,139,150],"msg_id":165,"type":"broadcast"}}
2024/02/25 18:59:29 Sent {"src":"n1","dest":"n12","body":{"in_reply_to":165,"type":"broadcast_ok"}}
2024/02/25 18:59:29 Received {n12 n1 {"in_reply_to":6,"type":"broadcast_ok"}}
2024/02/25 18:59:29 Received {c51 n1 {"type":"read","msg_id":20}}
2024/02/25 18:59:29 Sent {"src":"n1","dest":"c51","body":{"in_reply_to":20,"messages":[26,74,122,29,64,86,132,148,19,111,115,12,117,119,3,30,44,68,103,107,97,76,109,48,83,137,39,35,40,127,8,37,36,88,92,136,125,17,1,67,56,62,101,45,46,38,23,63,90,114,118,124,149,141,153,61,82,57,110,138,6,71,42,135,47,91,84,80,100,94,98,108,140,59,131,164,165,4,10,0,24,69,93,142,150,16,5,96,151,33,34,50,116,102,99,133,130,145,2,41,79,89,146,27,32,43,31,21,25,78,55,75,60,49,112,113,128,147,15,65,158,13,70,85,14,87,134,129,104,9,7,11,58,120,152,18,28,72,53,126,121,123,155,22,51,144,73,66,77,95,143,154,139,20,52,54,81,106,105],"type":"read_ok"}}
2024/02/25 18:59:29 Received {n12 n1 {"messages":[156,172,168,166,175,157,169,160,159,163,177,170,161,176,167,174,171,162,173,197],"msg_id":172,"type":"broadcast"}}
2024/02/25 18:59:29 Sent {"src":"n1","dest":"n12","body":{"in_reply_to":172,"type":"broadcast_ok"}}
2024/02/25 18:59:29 Received {c51 n1 {"type":"read","msg_id":21}}
2024/02/25 18:59:29 Sent {"src":"n1","dest":"c51","body":{"in_reply_to":21,"messages":[62,101,17,1,67,56,63,90,114,118,45,46,38,23,166,163,124,149,141,153,61,82,177,171,57,110,138,176,6,71,42,135,100,94,98,108,47,91,84,80,140,59,131,164,165,69,93,142,150,4,10,0,24,161,162,16,5,96,151,102,99,133,130,33,34,50,116,145,159,146,2,41,79,89,21,25,78,27,32,43,31,112,113,128,147,55,75,60,49,157,15,65,158,168,13,70,85,169,14,87,134,129,104,120,152,9,7,11,58,126,121,123,155,18,28,72,53,173,22,51,170,144,143,154,139,156,73,66,77,95,106,105,174,20,52,54,81,26,74,122,148,29,64,86,132,19,111,115,160,12,117,119,175,103,107,97,3,30,44,68,76,109,48,83,137,167,39,35,40,127,92,136,125,172,8,37,36,88,197],"type":"read_ok"}}
2024/02/25 18:59:29 Received {c51 n1 {"type":"broadcast","message":205,"msg_id":22}}
2024/02/25 18:59:29 Sent {"src":"n1","dest":"c51","body":{"in_reply_to":22,"type":"broadcast_ok"}}
2024/02/25 18:59:29 Received {c51 n1 {"type":"broadcast","message":216,"msg_id":23}}
2024/02/25 18:59:29 Sent {"src":"n1","dest":"c51","body":{"in_reply_to":23,"type":"broadcast_ok"}}
2024/02/25 18:59:29 Sent {"src":"n1","dest":"n12","body":{"messages":[205,216],"msg_id":7,"type":"broadcast"}}
2024/02/25 18:59:30 Received {n12 n1 {"messages":[186,180,182,195,179,183,178,192,190,191,185,189,193,181,194,188,187,184,196,208],"msg_id":199,"type":"broadcast"}}
2024/02/25 18:59:30 Sent {"src":"n1","dest":"n12","body":{"in_reply_to":199,"type":"broadcast_ok"}}
2024/02/25 18:59:30 Received {n12 n1 {"in_reply_to":7,"type":"broadcast_ok"}}
2024/02/25 18:59:30 Received {c51 n1 {"type":"broadcast","message":234,"msg_id":24}}
2024/02/25 18:59:30 Sent {"src":"n1","dest":"c51","body":{"in_reply_to":24,"type":"broadcast_ok"}}
2024/02/25 18:59:30 Sent {"src":"n1","dest":"n12","body":{"messages":[234],"msg_id":8,"type":"broadcast"}}
2024/02/25 18:59:30 Received {n12 n1 {"messages":[212,223,201,214,204,215,209,206,198,210,203,207,199,211,200,202,213,242],"msg_id":224,"type":"broadcast"}}
2024/02/25 18:59:30 Sent {"src":"n1","dest":"n12","body":{"in_reply_to":224,"type":"broadcast_ok"}}
2024/02/25 18:59:30 Received {n12 n1 {"in_reply_to":8,"type":"broadcast_ok"}}
2024/02/25 18:59:30 Received {c51 n1 {"type":"read","msg_id":25}}
2024/02/25 18:59:30 Sent {"src":"n1","dest":"c51","body":{"in_reply_to":25,"messages":[209,88,92,197,234,208,1,67,62,101,153,166,163,199,45,90,118,141,177,110,176,6,71,135,91,84,98,201,59,164,150,180,4,0,69,93,162,192,16,5,96,151,133,130,145,159,33,34,116,99,41,79,78,31,147,60,216,194,15,65,157,213,186,195,13,70,85,14,87,134,129,120,152,11,58,155,18,28,72,143,66,77,174,54,81,26,74,193,148,178,86,19,111,160,242,191,117,30,68,198,76,109,214,83,137,167,196,39,127,125,172,205,8,37,36,136,17,56,223,114,124,149,46,38,23,63,61,82,190,184,200,57,138,171,183,42,182,187,108,140,47,80,100,94,131,165,179,181,10,24,142,161,203,50,102,146,2,89,21,25,185,27,32,43,112,113,128,55,75,49,158,168,188,169,207,104,9,7,126,121,123,53,173,22,51,170,144,210,202,154,139,156,73,95,106,105,20,52,212,122,189,204,29,64,132,215,115,211,12,119,175,97,3,44,103,107,206,48,35,40],"type":"read_ok"}}
2024/02/25 18:59:30 Received {c51 n1 {"type":"read","msg_id":26}}
2024/02/25 18:59:30 Sent {"src":"n1","dest":"c51","body":{"in_reply_to":26,"messages":[154,139,156,73,95,106,105,20,52,212,122,189,204,29,64,132,215,115,211,12,119,175,97,3,44,103,107,206,48,35,40,209,88,92,197,234,208,1,67,62,101,153,166,163,199,45,90,118,141,177,110,176,6,71,135,91,84,98,201,59,164,150,180,4,0,69,93,162,192,16,5,96,151,133,130,145,159,33,34,116,99,41,79,78,31,147,60,216,194,15,65,157,213,186,195,13,70,85,14,87,134,129,120,152,11,58,155,18,28,72,143,66,77,174,54,81,26,74,193,148,178,86,19,111,160,242,191,117,30,68,198,76,109,214,83,137,167,196,39,127,125,172,205,8,37,36,136,17,56,223,114,124,149,46,38,23,63,61,82,190,184,200,57,138,171,183,42,182,187,108,140,47,80,100,94,131,165,179,181,10,24,142,161,203,50,102,146,2,89,21,25,185,27,32,43,112,113,128,55,75,49,158,168,188,169,207,104,9,7,126,121,123,53,173,22,51,170,144,210,202],"type":"read_ok"}}
2024/02/25 18:59:31 Received {n12 n1 {"messages":[221,239,230,232,227,229,236,217,237,220,238,235,240,241,228,245,222,225,244,224,243,218,231,233,219,226],"msg_id":250,"type":"broadcast"}}
2024/02/25 18:59:31 Sent {"src":"n1","dest":"n12","body":{"in_reply_to":250,"type":"broadcast_ok"}}
2024/02/25 18:59:31 Received {c51 n1 {"type":"read","msg_id":27}}
2024/02/25 18:59:31 Sent {"src":"n1","dest":"c51","body":{"in_reply_to":27,"messages":[168,188,158,169,207,104,7,9,126,121,123,173,53,51,170,22,210,202,144,95,154,139,156,236,73,52,106,105,226,20,212,221,122,64,132,189,204,215,29,211,115,119,175,12,44,103,107,97,222,3,218,206,48,40,35,92,197,234,209,220,88,67,62,101,208,1,90,118,141,153,166,163,199,45,233,177,176,235,240,110,71,135,6,84,98,201,228,91,164,227,225,59,0,69,93,150,180,237,4,5,96,151,162,192,16,34,116,99,133,130,145,159,33,229,79,41,78,31,147,216,194,60,65,157,213,219,15,70,85,186,195,13,87,134,129,14,58,120,152,11,28,72,155,245,18,77,143,230,66,81,174,54,74,193,232,26,148,178,86,111,160,242,19,191,117,68,198,244,30,109,214,76,137,167,196,83,127,243,231,39,37,36,136,125,172,205,8,56,223,17,38,23,63,114,124,149,46,82,241,61,138,171,183,190,184,200,217,57,182,187,42,80,100,94,108,140,47,165,179,181,224,131,24,142,10,203,161,102,50,89,146,2,32,43,21,25,185,239,27,75,49,112,113,128,238,55],"type":"read_ok"}}
2024/02/25 18:59:31 Received {n12 n1 {"messages":[255,260,262,253,247,257,246,250,249,259,254,251,248,258,252,256],"msg_id":278,"type":"broadcast"}}
2024/02/25 18:59:31 Received {c51 n1 {"type":"broadcast","message":282,"msg_id":28}}
2024/02/25 18:59:31 Sent {"src":"n1","dest":"n12","body":{"in_reply_to":278,"type":"broadcast_ok"}}
2024/02/25 18:59:31 Sent {"src":"n1","dest":"c51","body":{"in_reply_to":28,"type":"broadcast_ok"}}
2024/02/25 18:59:31 Received {c51 n1 {"type":"read","msg_id":29}}
2024/02/25 18:59:31 Sent {"src":"n1","dest":"c51","body":{"in_reply_to":29,"messages":[104,9,7,123,173,259,53,126,121,22,51,170,144,210,202,139,156,236,73,95,154,105,226,20,52,106,122,212,221,189,204,215,29,64,132,115,211,12,119,175,107,97,222,3,44,103,206,218,48,282,35,40,234,209,220,88,92,197,101,208,1,67,62,141,153,166,163,199,45,90,118,233,177,240,110,176,235,6,71,135,201,228,91,84,98,225,260,59,164,227,93,150,180,237,4,0,69,151,162,192,16,5,96,99,133,130,145,159,33,34,116,229,41,79,31,78,256,194,254,60,147,216,213,219,257,15,65,157,186,195,13,70,85,129,14,87,134,152,11,58,120,155,245,18,28,72,250,249,230,66,77,143,54,81,174,232,26,74,193,253,86,148,178,242,248,19,111,160,117,191,244,30,68,198,76,109,214,196,83,137,167,231,39,127,243,136,125,172,205,8,37,36,258,17,56,223,63,114,124,149,46,38,23,61,82,241,183,190,184,200,217,57,138,171,42,182,187,94,108,140,255,247,47,80,100,181,224,131,165,179,252,10,24,142,161,203,50,102,262,2,89,146,21,25,185,239,27,32,43,112,113,128,238,55,75,49,158,168,188,169,246,207,251],"type":"read_ok"}}
2024/02/25 18:59:31 Sent {"src":"n1","dest":"n12","body":{"messages":[282],"msg_id":9,"type":"broadcast"}}
2024/02/25 18:59:32 Received {n12 n1 {"messages":[266,271,268,278,272,273,267,270,280,276,263,261,274,269,265,277,264,275,279,289,300],"msg_id":291,"type":"broadcast"}}
2024/02/25 18:59:32 Received {c51 n1 {"type":"read","msg_id":30}}
2024/02/25 18:59:32 Sent {"src":"n1","dest":"n12","body":{"in_reply_to":291,"type":"broadcast_ok"}}
2024/02/25 18:59:32 Sent {"src":"n1","dest":"c51","body":{"in_reply_to":30,"messages":[261,3,44,103,107,97,222,263,206,218,48,282,280,35,40,277,88,92,197,234,209,220,1,67,62,101,208,279,199,45,90,118,141,153,166,163,233,177,266,110,176,235,240,6,71,135,91,84,98,201,228,59,164,227,225,260,264,272,4,0,69,93,150,180,237,16,5,96,151,162,192,159,33,34,116,99,133,130,145,229,41,79,31,78,256,60,147,216,194,254,15,65,157,213,219,257,13,70,85,186,195,276,14,87,134,129,275,11,58,120,152,18,28,72,155,245,250,249,274,66,77,143,230,54,81,174,26,74,193,232,86,148,178,253,19,111,160,242,248,117,191,270,30,68,198,244,76,109,214,300,83,137,167,196,39,127,243,231,8,37,36,136,125,172,205,17,56,223,258,46,38,23,63,114,124,149,61,82,241,278,217,57,138,171,183,190,184,200,269,42,182,187,247,47,80,100,94,108,140,255,131,165,179,181,224,10,24,142,252,161,203,50,102,2,89,146,262,27,32,43,21,25,185,239,55,75,49,112,113,128,238,158,168,188,169,246,207,251,267,289,104,9,7,53,126,121,123,173,259,22,51,170,144,210,202,73,95,154,139,156,236,20,52,106,105,226,122,212,221,265,29,64,132,189,204,215,115,211,271,12,119,175,268,273],"type":"read_ok"}}
2024/02/25 18:59:32 Received {n12 n1 {"in_reply_to":9,"type":"broadcast_ok"}}
2024/02/25 18:59:32 Received {c51 n1 {"type":"broadcast","message":320,"msg_id":31}}
2024/02/25 18:59:32 Sent {"src":"n1","dest":"c51","body":{"in_reply_to":31,"type":"broadcast_ok"}}
2024/02/25 18:59:32 Sent {"src":"n1","dest":"n12","body":{"messages":[320],"msg_id":10,"type":"broadcast"}}
2024/02/25 18:59:32 Received {n12 n1 {"messages":[302,293,291,286,296,284,295,297,283,301,290,288,299,287,298,281,294,285,292,314,328],"msg_id":326,"type":"broadcast"}}
2024/02/25 18:59:32 Sent {"src":"n1","dest":"n12","body":{"in_reply_to":326,"type":"broadcast_ok"}}
2024/02/25 18:59:32 Received {n12 n1 {"in_reply_to":10,"type":"broadcast_ok"}}
2024/02/25 18:59:32 Received {c51 n1 {"type":"broadcast","message":335,"msg_id":32}}
2024/02/25 18:59:32 Sent {"src":"n1","dest":"c51","body":{"in_reply_to":32,"type":"broadcast_ok"}}
2024/02/25 18:59:32 Received {c51 n1 {"type":"broadcast","message":351,"msg_id":33}}
2024/02/25 18:59:32 Sent {"src":"n1","dest":"c51","body":{"in_reply_to":33,"type":"broadcast_ok"}}
2024/02/25 18:59:32 Sent {"src":"n1","dest":"n12","body":{"messages":[335,351],"msg_id":11,"type":"broadcast"}}
2024/02/25 18:59:33 Received {n12 n1 {"messages":[303,326,316,305,325,309,308,322,321,307,319,312,327,313,329,311,324,317,318,306,310,323,315,304,344],"msg_id":337,"type":"broadcast"}}
2024/02/25 18:59:33 Sent {"src":"n1","dest":"n12","body":{"in_reply_to":337,"type":"broadcast_ok"}}
2024/02/25 18:59:33 Received {n12 n1 {"in_reply_to":11,"type":"broadcast_ok"}}
2024/02/25 18:59:33 Received {c51 n1 {"type":"broadcast","message":362,"msg_id":34}}
2024/02/25 18:59:33 Sent {"src":"n1","dest":"c51","body":{"in_reply_to":34,"type":"broadcast_ok"}}
2024/02/25 18:59:33 Sent {"src":"n1","dest":"n12","body":{"messages":[362],"msg_id":12,"type":"broadcast"}}
2024/02/25 18:59:33 Received {n12 n1 {"messages":[332,341,331,348,330,337,340,349,336,334,342,346,345,347,339,333,350,338,343,356],"msg_id":379,"type":"broadcast"}}
2024/02/25 18:59:33 Received {c51 n1 {"type":"broadcast","message":374,"msg_id":35}}
2024/02/25 18:59:33 Sent {"src":"n1","dest":"n12","body":{"in_reply_to":379,"type":"broadcast_ok"}}
2024/02/25 18:59:33 Sent {"src":"n1","dest":"c51","body":{"in_reply_to":35,"type":"broadcast_ok"}}
2024/02/25 18:59:33 Received {n12 n1 {"in_reply_to":12,"type":"broadcast_ok"}}
2024/02/25 18:59:33 Received {c51 n1 {"type":"broadcast","message":391,"msg_id":36}}
2024/02/25 18:59:33 Sent {"src":"n1","dest":"c51","body":{"in_reply_to":36,"type":"broadcast_ok"}}
2024/02/25 18:59:33 Sent {"src":"n1","dest":"n12","body":{"messages":[374,391],"msg_id":13,"type":"broadcast"}}
2024/02/25 18:59:34 Received {n12 n1 {"messages":[360,370,358,371,359,354,364,361,369,355,365,366,352,363,367,373,353,372,357,368],"msg_id":386,"type":"broadcast"}}
2024/02/25 18:59:34 Received {c51 n1 {"type":"read","msg_id":37}}
2024/02/25 18:59:34 Sent {"src":"n1","dest":"n12","body":{"in_reply_to":386,"type":"broadcast_ok"}}
2024/02/25 18:59:34 Sent {"src":"n1","dest":"c51","body":{"in_reply_to":37,"messages":[284,295,344,35,40,277,320,296,349,220,337,88,92,197,234,209,279,322,304,1,67,62,101,208,166,163,199,45,90,118,141,153,233,319,367,177,266,325,338,110,176,235,240,303,6,71,135,336,91,84,98,201,228,264,59,164,227,225,260,180,237,272,4,0,69,93,150,292,354,192,16,5,96,151,162,130,145,159,33,34,116,99,133,229,348,350,41,79,340,391,360,31,78,256,311,60,147,216,194,254,257,288,310,15,65,157,213,219,352,276,286,323,13,70,85,186,195,369,308,14,87,134,129,275,347,373,11,58,120,152,368,297,294,18,28,72,155,245,250,283,333,249,274,66,77,143,230,54,81,174,365,26,74,193,232,305,356,86,148,178,253,326,362,332,19,111,160,242,248,117,191,270,293,309,30,68,198,244,302,76,109,214,300,83,137,167,196,331,334,39,127,243,231,306,172,205,341,8,37,36,136,125,330,17,56,223,258,328,124,149,372,46,38,23,63,114,61,82,241,278,184,200,217,57,138,171,183,190,269,290,357,42,182,187,313,317,140,255,247,47,80,100,94,108,131,165,179,181,224,353,10,24,142,252,318,342,161,203,287,314,321,50,102,329,2,89,146,262,327,185,239,324,27,32,43,21,25,128,238,281,55,75,49,112,113,158,168,188,298,169,246,335,207,251,267,289,366,104,312,315,345,370,9,7,316,259,307,361,53,126,121,123,173,22,51,170,299,364,144,210,202,236,351,358,73,95,154,139,156,301,285,346,20,52,106,105,226,355,363,343,122,212,221,265,291,215,29,64,132,189,204,115,211,271,339,371,359,12,119,175,268,273,222,263,261,3,44,103,107,97,206,218,374,48,282,280],"type":"read_ok"}}
2024/02/25 18:59:34 Received {n12 n1 {"in_reply_to":13,"type":"broadcast_ok"}}
2024/02/25 18:59:34 Received {c51 n1 {"type":"broadcast","message":417,"msg_id":38}}
2024/02/25 18:59:34 Sent {"src":"n1","dest":"c51","body":{"in_reply_to":38,"type":"broadcast_ok"}}
2024/02/25 18:59:34 Sent {"src":"n1","dest":"n12","body":{"messages":[417],"msg_id":14,"type":"broadcast"}}
2024/02/25 18:59:34 Received {n12 n1 {"messages":[387,397,376,378,389,390,379,393,377,384,375,386,381,383,396,382,395,380,394,388,385,392,424],"msg_id":432,"type":"broadcast"}}
2024/02/25 18:59:34 Sent {"src":"n1","dest":"n12","body":{"in_reply_to":432,"type":"broadcast_ok"}}
2024/02/25 18:59:34 Received {n12 n1 {"in_reply_to":14,"type":"broadcast_ok"}}
2024/02/25 18:59:34 Received {c51 n1 {"type":"broadcast","message":431,"msg_id":39}}
2024/02/25 18:59:34 Sent {"src":"n1","dest":"c51","body":{"in_reply_to":39,"type":"broadcast_ok"}}
2024/02/25 18:59:34 Received {c51 n1 {"type":"broadcast","message":446,"msg_id":40}}
2024/02/25 18:59:34 Sent {"src":"n1","dest":"c51","body":{"in_reply_to":40,"type":"broadcast_ok"}}
2024/02/25 18:59:34 Sent {"src":"n1","dest":"n12","body":{"messages":[431,446],"msg_id":15,"type":"broadcast"}}
2024/02/25 18:59:35 Received {n12 n1 {"messages":[398,414,409,411,404,421,412,419,401,403,420,399,415,416,402,410,405,425,423,422,406,407,400,418,413,408],"msg_id":446,"type":"broadcast"}}
2024/02/25 18:59:35 Sent {"src":"n1","dest":"n12","body":{"in_reply_to":446,"type":"broadcast_ok"}}
2024/02/25 18:59:35 Received {n12 n1 {"in_reply_to":15,"type":"broadcast_ok"}}
2024/02/25 18:59:35 Received {c51 n1 {"type":"broadcast","message":459,"msg_id":41}}
2024/02/25 18:59:35 Sent {"src":"n1","dest":"c51","body":{"in_reply_to":41,"type":"broadcast_ok"}}
2024/02/25 18:59:35 Sent {"src":"n1","dest":"n12","body":{"messages":[459],"msg_id":16,"type":"broadcast"}}
2024/02/25 18:59:35 Received {n12 n1 {"messages":[445,452,440,436,427,442,433,430,437,438,429,444,426,441,432,447,428,443,439,434,435,462],"msg_id":480,"type":"broadcast"}}
2024/02/25 18:59:35 Received {c51 n1 {"type":"broadcast","message":472,"msg_id":42}}
2024/02/25 18:59:35 Sent {"src":"n1","dest":"n12","body":{"in_reply_to":480,"type":"broadcast_ok"}}
2024/02/25 18:59:35 Sent {"src":"n1","dest":"c51","body":{"in_reply_to":42,"type":"broadcast_ok"}}
2024/02/25 18:59:35 Received {n12 n1 {"in_reply_to":16,"type":"broadcast_ok"}}
2024/02/25 18:59:35 Received {c51 n1 {"type":"broadcast","message":485,"msg_id":43}}
2024/02/25 18:59:35 Sent {"src":"n1","dest":"c51","body":{"in_reply_to":43,"type":"broadcast_ok"}}
2024/02/25 18:59:35 Received {c51 n1 {"type":"broadcast","message":500,"msg_id":44}}
2024/02/25 18:59:35 Sent {"src":"n1","dest":"c51","body":{"in_reply_to":44,"type":"broadcast_ok"}}
2024/02/25 18:59:35 Sent {"src":"n1","dest":"n12","body":{"messages":[472,485,500],"msg_id":17,"type":"broadcast"}}
2024/02/25 18:59:36 Received {n12 n1 {"messages":[456,468,466,469,450,457,458,449,460,451,454,461,463,453,464,455,467,465,448,470],"msg_id":497,"type":"broadcast"}}
2024/02/25 18:59:36 Sent {"src":"n1","dest":"n12","body":{"in_reply_to":497,"type":"broadcast_ok"}}
2024/02/25 18:59:36 Received {n12 n1 {"in_reply_to":17,"type":"broadcast_ok"}}
2024/02/25 18:59:36 Received {c51 n1 {"type":"read","msg_id":45}}
2024/02/25 18:59:36 Sent {"src":"n1","dest":"c51","body":{"in_reply_to":45,"messages":[183,184,200,217,269,290,138,313,317,398,470,42,140,255,381,100,165,181,414,131,318,353,461,142,203,457,463,161,380,102,89,329,2,185,239,43,112,298,158,335,251,427,207,312,345,370,366,104,7,123,173,307,361,422,126,403,210,95,139,236,73,105,346,355,363,20,221,265,343,408,122,132,393,385,445,64,418,455,211,175,273,359,12,222,263,44,218,206,388,320,284,295,344,349,35,209,197,304,459,279,118,141,153,166,163,199,319,90,338,429,325,240,235,71,135,6,84,201,91,227,225,260,264,423,164,0,180,237,354,4,5,151,16,145,229,350,34,340,391,454,41,311,31,216,194,254,430,147,157,213,219,257,310,352,65,70,85,186,276,323,404,13,129,275,134,373,347,368,120,72,155,297,294,28,432,401,249,143,230,442,66,81,54,193,232,444,26,148,86,242,248,362,160,293,309,447,270,68,30,300,431,214,196,453,167,243,306,331,421,420,425,434,127,36,125,172,205,330,8,258,223,38,63,149,46,278,241,171,190,357,57,187,182,80,94,108,247,456,47,224,179,24,252,376,10,314,321,342,287,378,406,50,262,327,440,467,146,32,21,25,324,27,75,49,113,128,238,281,402,55,188,387,168,246,390,426,169,289,386,441,267,315,316,9,121,259,462,53,51,170,299,364,449,22,202,397,409,419,144,156,351,358,377,154,106,226,301,285,416,485,460,52,451,291,212,189,204,215,415,29,271,339,371,115,268,411,450,119,103,107,97,261,392,3,382,413,465,374,282,280,428,48,277,296,40,92,234,220,337,383,452,88,67,62,101,208,322,1,233,367,45,266,438,177,176,303,389,110,228,336,98,437,59,93,150,272,292,69,162,192,446,436,464,96,116,99,133,130,159,348,33,360,395,410,79,256,78,379,60,288,15,286,369,394,195,87,308,375,448,14,468,58,152,11,245,424,18,283,333,412,458,250,407,274,77,365,469,174,305,74,253,326,356,433,500,178,111,332,399,19,191,384,405,117,244,302,400,198,109,472,76,137,83,231,334,39,136,341,443,37,56,328,417,435,17,114,124,372,466,23,82,396,439,61],"type":"read_ok"}}
2024/02/25 18:59:36 Received {c51 n1 {"type":"read","msg_id":46}}
2024/02/25 18:59:36 Sent {"src":"n1","dest":"c51","body":{"in_reply_to":46,"messages":[227,225,260,264,423,164,0,180,237,354,4,5,151,16,145,229,350,34,340,391,454,41,311,31,216,194,254,430,147,157,213,219,257,310,352,65,70,85,186,276,323,404,13,129,275,134,373,347,368,120,72,155,297,294,28,432,401,249,143,230,442,66,81,54,193,232,444,26,148,86,242,248,362,160,293,309,447,270,68,30,300,431,214,196,453,167,243,306,331,421,420,425,434,127,36,125,172,205,330,8,258,223,38,63,149,46,278,241,171,190,357,57,187,182,80,94,108,247,456,47,224,179,24,252,376,10,314,321,342,287,378,406,50,262,327,440,467,146,32,21,25,324,27,75,49,113,128,238,281,402,55,188,387,168,246,390,426,169,289,386,441,267,315,316,9,121,259,462,53,51,170,299,364,449,22,202,397,409,419,144,156,351,358,377,154,106,226,301,285,416,485,460,52,451,291,212,189,204,215,415,29,271,339,371,115,268,411,450,119,103,107,97,261,392,3,382,413,465,374,282,280,428,48,277,296,40,92,234,220,337,383,452,88,67,62,101,208,322,1,233,367,45,266,438,177,176,303,389,110,228,336,98,437,59,93,150,272,292,69,162,192,446,436,464,96,116,99,133,130,159,348,33,360,395,410,79,256,78,379,60,288,15,286,369,394,195,87,308,375,448,14,468,58,152,11,245,424,18,283,333,412,458,250,407,274,77,365,469,174,305,74,253,326,356,433,500,178,111,332,399,19,191,384,405,117,244,302,400,198,109,472,76,137,83,231,334,39,136,341,443,37,56,328,417,435,17,114,124,372,466,23,82,396,439,61,183,184,200,217,269,290,138,313,317,398,470,42,140,255,381,100,165,181,414,131,318,353,461,142,203,457,463,161,380,102,89,329,2,185,239,43,112,298,158,335,251,427,207,312,345,370,366,104,7,123,173,307,361,422,126,403,210,95,139,236,73,105,346,355,363,20,221,265,343,408,122,132,393,385,445,64,418,455,211,175,273,359,12,222,263,44,218,206,388,320,284,295,344,349,35,209,197,304,459,279,118,141,153,166,163,199,319,90,338,429,325,240,235,71,135,6,84,201,91],"type":"read_ok"}}
2024/02/25 18:59:36 Received {c51 n1 {"type":"broadcast","message":527,"msg_id":47}}
2024/02/25 18:59:36 Sent {"src":"n1","dest":"c51","body":{"in_reply_to":47,"type":"broadcast_ok"}}
2024/02/25 18:59:36 Sent {"src":"n1","dest":"n12","body":{"messages":[527],"msg_id":18,"type":"broadcast"}}
2024/02/25 18:59:36 Received {n12 n1 {"messages":[483,496,507,477,490,482,494,473,487,501,486,476,489,471,498,499,493,478,491,475,488,480,492,481,484,479,495,497,474,519],"msg_id":508,"type":"broadcast"}}
2024/02/25 18:59:36 Sent {"src":"n1","dest":"n12","body":{"in_reply_to":508,"type":"broadcast_ok"}}
2024/02/25 18:59:36 Received {n12 n1 {"in_reply_to":18,"type":"broadcast_ok"}}
2024/02/25 18:59:36 Received {c51 n1 {"type":"broadcast","message":543,"msg_id":48}}
2024/02/25 18:59:36 Sent {"src":"n1","dest":"c51","body":{"in_reply_to":48,"type":"broadcast_ok"}}
2024/02/25 18:59:36 Sent {"src":"n1","dest":"n12","body":{"messages":[543],"msg_id":19,"type":"broadcast"}}
2024/02/25 18:59:37 Received {n12 n1 {"messages":[522,512,524,514,503,516,533,526,505,517,508,502,520,510,523,504,511,506,518,525,513,515,509,521],"msg_id":533,"type":"broadcast"}}
2024/02/25 18:59:37 Received {c51 n1 {"type":"broadcast","message":553,"msg_id":49}}
2024/02/25 18:59:37 Sent {"src":"n1","dest":"n12","body":{"in_reply_to":533,"type":"broadcast_ok"}}
2024/02/25 18:59:37 Sent {"src":"n1","dest":"c51","body":{"in_reply_to":49,"type":"broadcast_ok"}}
2024/02/25 18:59:37 Received {n12 n1 {"in_reply_to":19,"type":"broadcast_ok"}}
2024/02/25 18:59:37 Received {c51 n1 {"type":"broadcast","message":569,"msg_id":50}}
2024/02/25 18:59:37 Sent {"src":"n1","dest":"c51","body":{"in_reply_to":50,"type":"broadcast_ok"}}
2024/02/25 18:59:37 Sent {"src":"n1","dest":"n12","body":{"messages":[553,569],"msg_id":20,"type":"broadcast"}}
2024/02/25 18:59:37 Received {n12 n1 {"messages":[550,536,540,530,537,551,528,545,542,534,539,531,548,538,544,535,529,546,532,549,547,541,562,573],"msg_id":554,"type":"broadcast"}}
2024/02/25 18:59:37 Received {c51 n1 {"type":"read","msg_id":51}}
2024/02/25 18:59:37 Sent {"src":"n1","dest":"n12","body":{"in_reply_to":554,"type":"broadcast_ok"}}
2024/02/25 18:59:37 Sent {"src":"n1","dest":"c51","body":{"in_reply_to":51,"messages":[117,191,384,405,521,198,244,302,400,499,76,109,472,83,137,39,231,334,550,37,136,341,443,17,56,328,417,435,23,114,124,372,466,61,82,396,439,138,183,184,200,217,269,290,42,313,317,398,470,504,100,140,255,381,533,523,131,165,181,414,142,318,353,461,477,161,203,457,463,102,380,526,539,2,89,329,546,43,185,239,112,510,158,298,335,548,207,251,427,562,104,312,345,370,366,494,7,516,126,123,173,307,361,422,487,536,534,210,403,73,95,139,236,515,20,105,346,355,363,122,221,265,343,408,514,64,132,393,385,445,211,418,455,519,518,12,175,273,359,483,44,222,263,206,218,388,35,320,284,295,344,349,541,197,209,535,279,304,459,319,90,118,141,153,166,163,199,497,325,338,429,235,240,6,71,135,91,84,201,522,164,227,225,260,264,423,492,4,0,180,237,354,475,16,5,151,480,34,145,229,350,41,340,391,454,31,311,147,216,194,254,430,65,157,213,219,257,310,352,525,13,70,85,186,276,323,404,529,134,129,275,496,347,373,120,368,524,28,72,155,297,294,481,401,432,249,66,143,230,442,54,81,484,513,26,193,232,444,86,148,490,489,488,512,160,242,248,362,502,270,293,309,447,482,537,30,68,479,214,300,431,167,196,453,434,127,243,306,331,421,420,425,531,573,8,36,125,172,205,330,511,223,258,46,38,63,149,505,241,278,473,57,171,190,357,182,187,538,47,80,94,108,247,456,179,224,474,10,24,252,376,545,547,287,314,321,342,50,378,406,146,262,327,440,467,27,32,21,25,324,402,55,75,49,113,128,238,281,168,188,387,169,246,390,426,498,267,289,386,441,315,9,316,53,121,259,462,22,51,170,299,364,449,528,144,202,397,409,419,501,549,154,156,351,358,377,540,460,52,106,226,301,285,416,485,451,212,291,553,29,189,204,215,415,115,271,339,371,119,268,411,450,506,509,569,3,103,107,97,261,392,374,382,413,465,48,282,280,428,543,40,277,296,527,88,92,234,220,337,383,452,544,1,67,62,101,208,322,476,45,233,367,177,266,438,507,110,176,303,389,478,551,98,228,336,493,59,437,542,69,93,150,272,292,96,162,192,446,436,464,33,116,99,133,130,159,348,79,360,395,410,78,256,60,379,495,15,288,195,286,369,394,14,87,308,375,448,468,11,58,152,530,18,245,424,508,250,283,333,412,458,274,407,486,491,520,77,174,365,469,74,305,503,178,253,326,356,433,500,517,19,111,332,399,471,532],"type":"read_ok"}}
2024/02/25 18:59:37 Received {n12 n1 {"in_reply_to":20,"type":"broadcast_ok"}}
2024/02/25 18:59:37 Received {c51 n1 {"type":"broadcast","message":592,"msg_id":52}}
2024/02/25 18:59:37 Sent {"src":"n1","dest":"c51","body":{"in_reply_to":52,"type":"broadcast_ok"}}
2024/02/25 18:59:37 Sent {"src":"n1","dest":"n12","body":{"messages":[592],"msg_id":21,"type":"broadcast"}}
2024/02/25 18:59:38 Received {n12 n1 {"messages":[564,556,555,559,560,558,571,552,568,567,566,561,554,565,574,557,570,572,563],"msg_id":597,"type":"broadcast"}}
2024/02/25 18:59:38 Received {c51 n1 {"type":"broadcast","message":606,"msg_id":53}}
2024/02/25 18:59:38 Sent {"src":"n1","dest":"n12","body":{"in_reply_to":597,"type":"broadcast_ok"}}
2024/02/25 18:59:38 Sent {"src":"n1","dest":"c51","body":{"in_reply_to":53,"type":"broadcast_ok"}}
2024/02/25 18:59:38 Received {n12 n1 {"in_reply_to":21,"type":"broadcast_ok"}}
2024/02/25 18:59:38 Received {c51 n1 {"type":"read","msg_id":54}}
2024/02/25 18:59:38 Sent {"src":"n1","dest":"c51","body":{"in_reply_to":54,"messages":[172,205,330,511,573,8,36,125,223,258,149,505,46,38,63,241,278,473,357,566,57,171,190,182,187,538,108,247,456,47,80,94,179,224,474,376,545,547,10,24,252,342,552,606,287,314,321,557,50,378,406,440,467,146,262,327,25,324,570,27,32,21,113,128,238,281,402,55,75,49,168,188,387,426,498,169,246,390,441,267,289,386,315,9,316,462,574,53,121,259,299,364,449,528,22,51,170,409,419,501,549,144,202,397,358,377,540,154,156,351,301,285,416,485,460,52,106,226,451,212,291,553,215,415,29,189,204,371,115,271,339,450,506,509,569,119,268,411,97,261,392,3,103,107,465,374,382,413,428,543,48,282,280,527,40,277,296,220,337,383,452,88,92,234,101,208,322,476,544,1,67,62,45,233,367,507,177,266,438,389,478,551,110,176,303,493,98,228,336,59,437,542,272,292,69,93,150,446,436,464,96,162,192,133,130,159,348,571,33,116,99,410,79,360,395,78,256,60,379,495,15,288,394,195,286,369,375,448,14,87,308,468,530,11,58,152,508,18,245,424,412,458,250,283,333,491,520,274,407,486,77,174,365,469,74,305,503,356,433,500,517,178,253,326,399,471,532,19,111,332,405,521,117,191,384,400,499,198,244,302,555,76,109,472,83,137,550,39,231,334,443,37,136,341,417,435,17,56,328,372,466,23,114,124,439,61,82,396,200,217,269,290,138,183,184,398,470,504,42,313,317,381,533,523,565,100,140,255,414,592,131,165,181,461,477,142,318,353,463,161,203,457,539,559,102,380,526,546,2,89,329,43,185,239,112,510,158,298,335,548,562,207,251,427,370,366,494,104,312,345,7,307,361,422,487,516,126,123,173,536,534,210,403,236,515,561,73,95,139,355,363,20,105,346,343,408,514,122,221,265,385,445,556,64,132,393,519,518,211,418,455,359,483,12,175,273,44,222,263,206,218,388,295,344,349,541,35,320,284,197,209,535,279,304,459,153,166,163,199,319,90,118,141,497,325,338,429,235,240,6,71,135,522,91,84,201,260,264,423,492,558,164,227,225,237,354,475,4,0,180,480,16,5,151,350,34,145,229,454,41,340,391,31,311,254,430,147,216,194,219,257,310,352,564,65,157,213,186,276,323,404,525,13,70,85,529,496,134,129,275,347,373,560,120,368,524,297,294,481,554,28,72,155,567,401,432,568,249,442,66,143,230,513,563,54,81,484,444,26,193,232,489,488,512,86,148,490,362,502,160,242,248,447,482,537,270,293,309,30,68,479,572,214,300,431,167,196,453,331,421,420,425,434,127,243,306,531],"type":"read_ok"}}
2024/02/25 18:59:38 Received {c51 n1 {"type":"read","msg_id":55}}
2024/02/25 18:59:38 Sent {"src":"n1","dest":"c51","body":{"in_reply_to":55,"messages":[347,373,120,368,524,560,294,481,554,28,72,155,297,401,432,568,567,249,66,143,230,442,563,54,81,484,513,26,193,232,444,488,512,86,148,490,489,502,160,242,248,362,482,537,270,293,309,447,30,68,479,214,300,431,572,167,196,453,421,420,425,434,127,243,306,331,531,205,330,511,573,8,36,125,172,223,258,505,46,38,63,149,241,278,473,566,57,171,190,357,182,187,538,247,456,47,80,94,108,179,224,474,545,547,10,24,252,376,552,606,287,314,321,342,50,378,406,557,467,146,262,327,440,324,570,27,32,21,25,128,238,281,402,55,75,49,113,168,188,387,498,169,246,390,426,267,289,386,441,315,9,316,574,53,121,259,462,364,449,528,22,51,170,299,419,501,549,144,202,397,409,377,540,154,156,351,358,285,416,485,460,52,106,226,301,451,212,291,553,415,29,189,204,215,115,271,339,371,506,509,569,119,268,411,450,261,392,3,103,107,97,374,382,413,465,543,48,282,280,428,40,277,296,527,337,383,452,88,92,234,220,208,322,476,544,1,67,62,101,45,233,367,177,266,438,507,478,551,110,176,303,389,98,228,336,493,59,437,542,292,69,93,150,272,436,464,96,162,192,446,130,159,348,571,33,116,99,133,79,360,395,410,78,256,60,379,495,15,288,195,286,369,394,448,14,87,308,375,468,11,58,152,530,18,245,424,508,458,250,283,333,412,520,274,407,486,491,77,174,365,469,74,305,503,433,500,517,178,253,326,356,471,532,19,111,332,399,521,117,191,384,405,499,198,244,302,400,76,109,472,555,83,137,39,231,334,550,37,136,341,443,435,17,56,328,417,466,23,114,124,372,61,82,396,439,217,269,290,138,183,184,200,470,504,42,313,317,398,533,523,565,100,140,255,381,592,131,165,181,414,477,142,318,353,461,161,203,457,463,559,102,380,526,539,2,89,329,546,43,185,239,112,510,158,298,335,548,207,251,427,562,366,494,104,312,345,370,7,361,422,487,516,126,123,173,307,536,534,210,403,515,561,73,95,139,236,363,20,105,346,355,408,514,122,221,265,343,445,556,64,132,393,385,518,211,418,455,519,483,12,175,273,359,44,222,263,206,218,388,344,349,541,35,320,284,295,197,209,535,279,304,459,166,163,199,319,90,118,141,153,497,325,338,429,235,240,6,71,135,91,84,201,522,264,423,492,558,164,227,225,260,354,475,4,0,180,237,16,5,151,480,34,145,229,350,41,340,391,454,31,311,430,147,216,194,254,257,310,352,564,65,157,213,219,276,323,404,525,13,70,85,186,529,134,129,275,496],"type":"read_ok"}}
2024/02/25 18:59:38 Sent {"src":"n1","dest":"n12","body":{"messages":[606],"msg_id":22,"type":"broadcast"}}
2024/02/25 18:59:38 Received {n12 n1 {"messages":[587,600,578,575,588,584,582,595,583,581,594,598,597,577,586,591,585,599,579,590,580,593,596,576,589,610],"msg_id":604,"type":"broadcast"}}
2024/02/25 18:59:38 Sent {"src":"n1","dest":"n12","body":{"in_reply_to":604,"type":"broadcast_ok"}}
2024/02/25 18:59:38 Received {n12 n1 {"in_reply_to":22,"type":"broadcast_ok"}}
2024/02/25 18:59:38 Received {c51 n1 {"type":"read","msg_id":56}}
2024/02/25 18:59:38 Sent {"src":"n1","dest":"c51","body":{"in_reply_to":56,"messages":[260,264,423,492,558,164,227,225,237,354,475,4,0,180,480,16,5,151,350,575,34,145,229,454,41,340,391,31,311,254,430,577,147,216,194,219,257,310,352,564,65,157,213,186,276,323,404,525,13,70,85,529,496,134,129,275,347,373,560,120,368,524,297,294,481,554,28,72,155,567,597,401,432,568,249,442,66,143,230,513,563,54,81,484,444,26,193,232,489,488,512,86,148,490,362,502,160,242,248,447,482,537,270,293,309,30,68,479,572,214,300,431,167,196,453,331,421,420,425,434,127,243,306,531,172,205,330,511,573,8,36,125,223,258,149,505,46,38,63,241,278,473,357,566,583,57,171,190,182,187,538,108,247,456,47,80,94,179,224,474,376,545,547,10,24,252,342,552,606,287,314,321,557,50,378,406,440,467,594,146,262,327,25,324,570,27,32,21,113,128,238,281,402,55,75,49,168,188,387,426,498,169,246,390,441,267,289,386,315,9,316,595,462,574,53,121,259,299,364,449,528,589,22,51,170,409,419,501,549,144,202,397,358,377,540,154,156,351,301,285,416,485,460,52,106,226,451,598,212,291,553,215,415,579,29,189,204,371,115,271,339,450,506,509,569,119,268,411,97,261,392,599,576,3,103,107,465,374,382,413,428,543,48,282,280,527,40,277,296,220,337,383,452,88,92,234,101,208,322,476,544,1,67,62,45,233,367,507,177,266,438,389,478,551,110,176,303,493,98,228,336,59,437,542,272,292,69,93,150,446,436,464,96,162,192,133,130,159,348,571,33,116,99,410,79,360,395,78,256,591,60,379,495,15,288,394,195,286,369,375,448,585,14,87,308,468,530,11,58,152,508,18,245,424,412,458,584,250,283,333,491,520,274,407,486,77,174,365,469,600,74,305,503,356,433,500,517,178,253,326,399,471,532,610,19,111,332,405,521,581,117,191,384,400,499,198,244,302,555,76,109,472,83,137,550,590,39,231,334,443,587,37,136,341,417,435,17,56,328,372,466,23,114,124,439,61,82,396,200,217,269,290,138,183,184,398,470,504,582,596,42,313,317,381,533,523,565,100,140,255,414,592,131,165,181,461,477,142,318,353,463,161,203,457,539,559,102,380,526,546,2,89,329,593,43,185,239,112,510,158,298,335,548,562,207,251,427,370,366,494,104,312,345,7,307,361,422,487,516,126,123,173,536,534,210,403,580,236,515,561,73,95,139,355,363,20,105,346,343,408,514,586,122,221,265,385,445,556,64,132,393,519,518,211,418,455,359,483,12,175,273,44,222,263,206,218,388,295,344,349,541,35,320,284,197,209,535,279,304,459,153,166,163,199,319,90,118,141,497,578,588,325,338,429,235,240,6,71,135,522,91,84,201],"type":"read_ok"}}
2024/02/25 18:59:39 Received {n12 n1 {"messages":[602,614,615,624,618,607,619,601,613,609,611,617,605,612,604,616,603,608,638],"msg_id":648,"type":"broadcast"}}
2024/02/25 18:59:39 Received {c51 n1 {"type":"broadcast","message":646,"msg_id":57}}
2024/02/25 18:59:39 Sent {"src":"n1","dest":"n12","body":{"in_reply_to":648,"type":"broadcast_ok"}}
2024/02/25 18:59:39 Sent {"src":"n1","dest":"c51","body":{"in_reply_to":57,"type":"broadcast_ok"}}
2024/02/25 18:59:39 Received {c51 n1 {"type":"broadcast","message":659,"msg_id":58}}
2024/02/25 18:59:39 Sent {"src":"n1","dest":"c51","body":{"in_reply_to":58,"type":"broadcast_ok"}}
2024/02/25 18:59:39 Sent {"src":"n1","dest":"n12","body":{"messages":[646,659],"msg_id":23,"type":"broadcast"}}
2024/02/25 18:59:39 Received {n12 n1 {"messages":[629,644,642,636,620,622,637,627,641,623,631,625,639,626,640,630,633,634,621,632,628,643,635,668],"msg_id":651,"type":"broadcast"}}
2024/02/25 18:59:39 Sent {"src":"n1","dest":"n12","body":{"in_reply_to":651,"type":"broadcast_ok"}}
2024/02/25 18:59:39 Received {n12 n1 {"in_reply_to":23,"type":"broadcast_ok"}}
2024/02/25 18:59:39 Received {c51 n1 {"type":"read","msg_id":59}}
2024/02/25 18:59:39 Sent {"src":"n1","dest":"c51","body":{"in_reply_to":59,"messages":[167,196,453,420,425,434,127,243,306,331,421,531,627,330,511,573,8,36,125,172,205,223,258,631,46,38,63,149,505,241,278,473,583,634,57,171,190,357,566,182,187,538,668,456,47,80,94,108,247,179,224,474,613,547,10,24,252,376,545,606,287,314,321,342,552,625,50,378,406,557,646,594,633,146,262,327,440,467,570,27,32,21,25,324,238,281,402,55,75,49,113,128,602,168,188,387,636,169,246,390,426,498,267,289,386,441,315,9,316,595,611,53,121,259,462,574,449,528,589,22,51,170,299,364,501,549,616,144,202,397,409,419,540,154,156,351,358,377,416,485,460,52,106,226,301,285,451,212,291,553,598,579,29,189,204,215,415,115,271,339,371,637,509,569,119,268,411,450,506,392,599,576,3,103,107,97,261,374,382,413,465,48,282,280,428,543,40,277,296,527,383,452,88,92,234,220,337,322,476,544,1,67,62,101,208,45,233,367,177,266,438,507,551,110,176,303,389,478,628,98,228,336,493,59,437,542,69,93,150,272,292,464,96,162,192,446,436,159,348,571,33,116,99,133,130,79,360,395,410,78,256,60,379,495,591,15,288,195,286,369,394,585,14,87,308,375,448,468,615,11,58,152,530,18,245,424,508,584,607,250,283,333,412,458,274,407,486,491,520,77,174,365,469,608,74,305,503,600,632,500,517,178,253,326,356,433,532,610,19,111,332,399,471,581,117,191,384,405,521,198,244,302,400,499,620,76,109,472,555,609,83,137,39,231,334,550,590,659,626,37,136,341,443,587,635,17,56,328,417,435,619,23,114,124,372,466,61,82,396,439,269,290,138,183,184,200,217,504,582,596,42,313,317,398,470,523,565,639,100,140,255,381,533,638,131,165,181,414,592,142,318,353,461,477,603,161,203,457,463,614,102,380,526,539,559,2,89,329,546,630,43,185,239,593,112,510,158,298,604,335,548,207,251,427,562,622,494,104,312,345,370,366,7,422,487,516,126,123,173,307,361,536,534,210,403,580,601,621,561,73,95,139,236,515,20,105,346,355,363,514,586,122,221,265,343,408,556,64,132,393,385,445,211,418,455,519,518,12,175,273,359,483,44,222,263,206,218,388,624,349,541,642,35,320,284,295,344,197,209,535,279,304,459,163,199,319,90,118,141,153,166,497,578,588,325,338,429,644,235,240,629,6,71,135,91,84,201,522,423,492,558,164,227,225,260,264,475,4,0,180,237,354,16,5,151,480,34,145,229,350,575,41,340,391,454,643,31,311,640,577,147,216,194,254,430,310,352,564,65,157,213,219,257,323,404,525,13,70,85,186,276,529,134,129,275,496,347,373,617,120,368,524,560,481,554,28,72,155,297,294,612,401,432,568,567,597,249,66,143,230,442,605,618,54,81,484,513,563,26,193,232,444,512,86,148,490,489,488,160,242,248,362,502,537,270,293,309,447,482,30,68,479,623,214,300,431,572,641],"type":"read_ok"}}
2024/02/25 18:59:39 Received {c51 n1 {"type":"broadcast","message":689,"msg_id":60}}
2024/02/25 18:59:39 Sent {"src":"n1","dest":"c51","body":{"in_reply_to":60,"type":"broadcast_ok"}}
2024/02/25 18:59:39 Sent {"src":"n1","dest":"n12","body":{"messages":[689],"msg_id":24,"type":"broadcast"}}
2024/02/25 18:59:40 Received {n12 n1 {"messages":[652,664,656,648,661,660,655,667,653,665,654,666,647,645,658,651,663,649,650,662,657],"msg_id":676,"type":"broadcast"}}
2024/02/25 18:59:40 Sent {"src":"n1","dest":"n12","body":{"in_reply_to":676,"type":"broadcast_ok"}}
2024/02/25 18:59:40 Received {n12 n1 {"in_reply_to":24,"type":"broadcast_ok"}}
2024/02/25 18:59:40 Received {c51 n1 {"type":"broadcast","message":700,"msg_id":61}}
2024/02/25 18:59:40 Sent {"src":"n1","dest":"c51","body":{"in_reply_to":61,"type":"broadcast_ok"}}
2024/02/25 18:59:40 Sent {"src":"n1","dest":"n12","body":{"messages":[700],"msg_id":25,"type":"broadcast"}}
2024/02/25 18:59:40 Received {n12 n1 {"messages":[675,679,685,684,673,671,682,670,681,669,680,676,687,688,672,683,674,677,678,686,706],"msg_id":706,"type":"broadcast"}}
2024/02/25 18:59:40 Received {c51 n1 {"type":"broadcast","message":711,"msg_id":62}}
2024/02/25 18:59:40 Sent {"src":"n1","dest":"n12","body":{"in_reply_to":706,"type":"broadcast_ok"}}
2024/02/25 18:59:40 Sent {"src":"n1","dest":"c51","body":{"in_reply_to":62,"type":"broadcast_ok"}}
2024/02/25 18:59:40 Received {n12 n1 {"in_reply_to":25,"type":"broadcast_ok"}}
2024/02/25 18:59:40 Received {c51 n1 {"type":"read","msg_id":63}}
2024/02/25 18:59:40 Sent {"src":"n1","dest":"c51","body":{"in_reply_to":63,"messages":[68,479,30,300,431,572,641,623,214,196,453,660,687,167,243,306,331,421,420,425,434,127,627,711,531,36,125,172,205,330,511,573,8,258,645,223,38,63,149,505,631,46,278,473,241,171,190,357,566,583,634,672,57,187,538,668,182,80,94,108,247,456,47,224,474,613,179,24,252,376,545,547,678,10,314,321,342,552,606,650,287,378,406,557,646,625,50,262,327,440,467,594,633,146,32,21,25,324,570,27,75,49,113,128,238,281,402,55,669,602,188,387,636,168,246,390,426,498,675,671,169,289,386,441,267,315,316,595,9,121,259,462,574,611,53,51,170,299,364,449,528,589,22,202,397,409,419,501,549,616,144,156,351,358,377,540,682,154,106,226,301,285,416,485,460,52,451,291,553,598,212,189,204,215,415,579,683,29,271,339,371,637,674,115,268,411,450,506,509,569,119,103,107,97,261,392,599,576,3,382,413,465,688,374,282,280,428,543,48,277,296,527,40,92,234,220,337,383,452,685,88,670,67,62,101,208,322,476,544,1,233,367,45,266,438,507,177,176,303,389,478,551,655,110,679,628,228,336,493,98,437,542,658,59,93,150,272,292,69,162,192,446,436,464,96,116,99,133,130,159,348,571,33,686,664,360,395,410,79,256,78,379,495,591,666,60,288,654,684,15,286,369,394,195,87,308,375,448,585,14,615,676,468,58,152,530,11,245,424,508,18,283,333,412,458,584,607,250,407,486,491,520,274,77,365,469,608,174,305,503,600,632,74,253,326,356,433,500,517,178,111,332,399,471,532,610,19,191,384,405,521,581,648,117,244,302,400,499,198,109,472,555,609,620,76,137,83,231,334,550,590,39,136,341,443,587,659,626,37,56,328,417,435,635,652,17,114,124,372,466,619,23,82,396,439,61,183,184,200,217,269,290,706,138,313,317,398,470,504,582,596,42,140,255,381,533,523,565,639,100,165,181,414,592,638,689,131,318,353,461,477,142,203,457,463,614,603,161,380,526,539,559,102,89,329,546,630,2,185,239,593,43,510,112,298,604,651,158,548,673,335,251,427,562,622,207,312,345,370,366,494,104,649,7,123,173,307,361,422,487,516,126,536,534,403,580,601,621,210,95,139,236,515,561,73,105,346,355,363,661,20,221,265,343,408,514,586,122,132,393,385,445,556,64,418,455,519,518,211,175,273,359,483,662,700,12,222,263,44,218,206,624,388,320,284,295,344,349,541,642,35,209,535,197,304,459,279,118,141,153,166,163,199,319,90,578,588,497,338,429,644,656,325,240,629,235,71,135,667,6,84,201,522,91,227,225,260,264,423,492,558,164,0,180,237,354,475,665,4,5,151,480,653,16,145,229,350,575,663,34,340,391,454,643,657,41,311,640,31,216,194,254,430,577,147,157,213,219,257,310,352,564,65,70,85,186,276,323,404,525,13,529,129,275,496,134,373,617,347,368,524,560,120,72,155,297,294,481,554,677,28,432,568,567,597,612,401,647,249,143,230,442,605,66,81,484,513,563,618,680,54,193,232,444,26,148,490,489,488,512,86,242,248,362,502,681,160,293,309,447,482,537,270],"type":"read_ok"}}
2024/02/25 18:59:40 Sent {"src":"n1","dest":"n12","body":{"messages":[711],"msg_id":26,"type":"broadcast"}}
2024/02/25 18:59:41 Received {n12 n1 {"messages":[699,698,692,690,702,693,705,694,708,703,695,707,696,709,701,704,691,697],"msg_id":721,"type":"broadcast"}}
2024/02/25 18:59:41 Sent {"src":"n1","dest":"n12","body":{"in_reply_to":721,"type":"broadcast_ok"}}
2024/02/25 18:59:41 Received {n12 n1 {"in_reply_to":26,"type":"broadcast_ok"}}
2024/02/25 18:59:41 Received {c51 n1 {"type":"read","msg_id":64}}
2024/02/25 18:59:41 Sent {"src":"n1","dest":"c51","body":{"in_reply_to":64,"messages":[86,148,490,489,488,512,160,242,248,362,502,681,270,293,309,447,482,537,709,30,68,479,214,300,431,572,641,623,167,196,453,660,687,434,127,243,306,331,421,420,425,531,627,711,573,8,36,125,172,205,330,511,692,703,223,258,645,696,46,38,63,149,505,631,241,278,473,672,57,171,190,357,566,583,634,699,182,187,538,668,47,80,94,108,247,456,179,224,474,613,10,24,252,376,545,547,678,287,314,321,342,552,606,650,50,378,406,557,646,625,695,146,262,327,440,467,594,633,707,27,32,21,25,324,570,402,55,75,49,113,128,238,281,602,669,168,188,387,636,702,169,246,390,426,498,675,671,267,289,386,441,315,9,316,595,53,121,259,462,574,611,589,22,51,170,299,364,449,528,616,144,202,397,409,419,501,549,154,156,351,358,377,540,682,460,52,106,226,301,285,416,485,451,212,291,553,598,29,189,204,215,415,579,683,115,271,339,371,637,674,119,268,411,450,506,509,569,576,3,103,107,97,261,392,599,374,382,413,465,688,48,282,280,428,543,40,277,296,527,685,88,92,234,220,337,383,452,670,544,1,67,62,101,208,322,476,45,233,367,177,266,438,507,110,176,303,389,478,551,655,628,679,98,228,336,493,59,437,542,658,69,93,150,272,292,96,162,192,446,436,464,571,33,116,99,133,130,159,348,664,686,79,360,395,410,78,256,60,379,495,591,666,15,288,654,684,195,286,369,394,14,87,308,375,448,585,468,615,676,11,58,152,530,18,245,424,508,250,283,333,412,458,584,607,274,407,486,491,520,691,77,174,365,469,608,74,305,503,600,632,178,253,326,356,433,500,517,19,111,332,399,471,532,610,117,191,384,405,521,581,648,198,244,302,400,499,76,109,472,555,609,620,83,137,39,231,334,550,590,701,37,136,341,443,587,659,626,17,56,328,417,435,635,652,23,114,124,372,466,619,61,82,396,439,697,706,138,183,184,200,217,269,290,596,42,313,317,398,470,504,582,639,100,140,255,381,533,523,565,708,131,165,181,414,592,638,689,142,318,353,461,477,690,161,203,457,463,614,603,102,380,526,539,559,2,89,329,546,630,698,43,185,239,593,112,510,158,298,604,651,335,548,673,704,207,251,427,562,622,104,312,345,370,366,494,7,649,516,126,123,173,307,361,422,487,536,534,210,403,580,601,621,694,73,95,139,236,515,561,20,105,346,355,363,661,122,221,265,343,408,514,586,64,132,393,385,445,556,693,211,418,455,519,518,12,175,273,359,483,662,700,44,222,263,206,218,388,624,642,35,320,284,295,344,349,541,197,209,535,279,304,459,319,90,118,141,153,166,163,199,497,578,588,325,338,429,644,656,705,235,240,629,6,71,135,667,91,84,201,522,558,164,227,225,260,264,423,492,4,0,180,237,354,475,665,16,5,151,480,653,34,145,229,350,575,663,41,340,391,454,643,657,31,311,640,147,216,194,254,430,577,564,65,157,213,219,257,310,352,525,13,70,85,186,276,323,404,529,134,129,275,496,347,373,617,120,368,524,560,677,28,72,155,297,294,481,554,401,432,568,567,597,612,249,647,66,143,230,442,605,54,81,484,513,563,618,680,26,193,232,444],"type":"read_ok"}}
2024/02/25 18:59:41 Received {c51 n1 {"type":"broadcast","message":734,"msg_id":65}}
2024/02/25 18:59:41 Sent {"src":"n1","dest":"c51","body":{"in_reply_to":65,"type":"broadcast_ok"}}
2024/02/25 18:59:41 Sent {"src":"n1","dest":"n12","body":{"messages":[734],"msg_id":27,"type":"broadcast"}}
2024/02/25 18:59:41 Received {n12 n1 {"messages":[723,722,717,713,716,726,714,718,728,727,720,719,710,712,724,715,725,721,742],"msg_id":758,"type":"broadcast"}}
2024/02/25 18:59:41 Received {c51 n1 {"type":"broadcast","message":753,"msg_id":66}}
2024/02/25 18:59:41 Sent {"src":"n1","dest":"c51","body":{"in_reply_to":66,"type":"broadcast_ok"}}
2024/02/25 18:59:41 Sent {"src":"n1","dest":"n12","body":{"in_reply_to":758,"type":"broadcast_ok"}}
2024/02/25 18:59:41 Received {n12 n1 {"in_reply_to":27,"type":"broadcast_ok"}}
2024/02/25 18:59:41 Received {c51 n1 {"type":"broadcast","message":767,"msg_id":67}}
2024/02/25 18:59:41 Sent {"src":"n1","dest":"c51","body":{"in_reply_to":67,"type":"broadcast_ok"}}
2024/02/25 18:59:41 Sent {"src":"n1","dest":"n12","body":{"messages":[753,767],"msg_id":28,"type":"broadcast"}}
2024/02/25 18:59:42 Received {n12 n1 {"messages":[749,739,732,746,748,735,738,737,730,744,741,733,740,751,731,745,747,729,743,736,750],"msg_id":772,"type":"broadcast"}}
2024/02/25 18:59:42 Received {c51 n1 {"type":"read","msg_id":68}}
2024/02/25 18:59:42 Sent {"src":"n1","dest":"n12","body":{"in_reply_to":772,"type":"broadcast_ok"}}
2024/02/25 18:59:42 Sent {"src":"n1","dest":"c51","body":{"in_reply_to":68,"messages":[123,173,307,361,422,487,516,126,536,534,403,580,601,621,694,723,210,95,139,236,515,561,73,105,346,355,363,661,20,221,265,343,408,514,586,122,132,393,385,445,556,693,64,418,455,519,518,211,175,273,359,483,662,700,12,222,263,44,218,206,624,388,320,284,295,344,349,541,642,35,209,535,197,304,459,279,118,141,153,166,163,199,319,90,578,588,497,338,429,644,656,705,325,240,629,724,235,71,135,667,6,84,201,522,767,91,227,225,260,264,423,492,558,164,0,180,237,354,475,665,4,5,151,480,653,16,145,229,350,575,663,34,340,391,454,643,657,41,311,640,31,216,194,254,430,577,713,147,157,213,219,257,310,352,564,65,70,85,186,276,323,404,525,13,529,129,275,496,134,373,617,347,368,524,560,120,72,155,297,294,481,554,677,28,432,568,567,597,612,401,647,249,143,230,442,605,66,81,484,513,563,618,680,54,193,232,444,26,148,490,489,488,512,86,242,248,362,502,681,160,293,309,447,482,537,709,270,68,479,30,300,431,572,641,623,214,196,453,660,687,167,243,306,331,421,420,425,434,127,627,711,531,36,125,172,205,330,511,573,8,703,728,692,258,645,696,223,38,63,149,505,631,46,278,473,241,171,190,357,566,583,634,672,57,699,187,538,668,182,80,94,108,247,456,47,224,474,613,179,24,252,376,545,547,678,10,314,321,342,552,606,650,287,378,406,557,646,625,50,262,327,440,467,594,633,695,146,707,32,21,25,324,570,27,75,49,113,128,238,281,402,55,669,602,188,387,636,727,168,246,390,426,498,675,671,702,169,720,289,386,441,717,267,315,316,595,9,121,259,462,574,611,53,51,170,299,364,449,528,589,22,202,397,409,419,501,549,616,144,156,351,358,377,540,682,154,106,226,301,285,416,485,460,52,451,291,553,598,212,189,204,215,415,579,683,29,271,339,371,637,674,716,115,268,411,450,506,509,569,119,103,107,97,261,392,599,576,3,715,382,413,465,688,374,282,280,428,543,48,277,296,527,742,40,92,234,220,337,383,452,685,88,670,67,62,101,208,322,476,544,1,233,367,45,266,438,507,177,176,303,389,478,551,655,110,679,628,228,336,493,98,437,542,658,59,93,150,272,292,714,69,162,192,446,436,464,96,116,99,133,130,159,348,571,33,686,664,360,395,410,79,256,734,78,379,495,591,666,60,288,654,684,15,286,369,394,725,195,87,308,375,448,585,14,615,676,468,58,152,530,11,245,424,508,18,283,333,412,458,584,607,250,407,486,491,520,691,726,274,77,365,469,608,174,305,503,600,632,74,253,326,356,433,500,517,178,111,332,399,471,532,610,19,191,384,405,521,581,648,117,244,302,400,499,198,109,472,555,609,620,76,137,83,231,334,550,590,701,39,136,341,443,587,659,626,37,56,328,417,435,635,652,719,17,114,124,372,466,619,753,23,82,396,439,697,61,183,184,200,217,269,290,706,138,721,313,317,398,470,504,582,596,42,140,255,381,533,523,565,639,100,165,181,414,592,638,689,708,131,318,353,461,477,690,710,142,203,457,463,614,603,722,161,380,526,539,559,102,89,329,546,630,698,2,185,239,593,43,510,112,298,604,651,158,548,673,704,335,251,427,562,622,718,207,312,345,370,366,494,104,649,712,7],"type":"read_ok"}}
2024/02/25 18:59:42 Received {n12 n1 {"in_reply_to":28,"type":"broadcast_ok"}}
2024/02/25 18:59:42 Received {c51 n1 {"type":"read","msg_id":69}}
2024/02/25 18:59:42 Sent {"src":"n1","dest":"c51","body":{"in_reply_to":69,"messages":[700,12,175,273,359,483,662,44,222,263,744,206,218,388,624,541,642,35,320,284,295,344,349,197,209,535,279,304,459,199,319,90,118,141,153,166,163,497,578,588,741,325,338,429,644,656,705,235,240,629,724,746,6,71,135,667,91,84,201,522,767,492,558,164,227,225,260,264,423,665,4,0,180,237,354,475,16,5,151,480,653,34,145,229,350,575,663,41,340,391,454,643,657,31,311,640,713,147,216,194,254,430,577,352,564,65,157,213,219,257,310,743,404,525,13,70,85,186,276,323,529,134,129,275,496,347,373,617,120,368,524,560,554,677,28,72,155,297,294,481,736,401,432,568,567,597,612,249,647,66,143,230,442,605,680,739,54,81,484,513,563,618,26,193,232,444,86,148,490,489,488,512,160,242,248,362,502,681,709,270,293,309,447,482,537,30,68,479,214,300,431,572,641,623,167,196,453,660,687,425,434,127,243,306,331,421,420,531,627,711,511,573,8,36,125,172,205,330,692,703,728,223,258,645,696,748,730,46,38,63,149,505,631,241,278,473,634,672,57,171,190,357,566,583,699,182,187,538,668,47,80,94,108,247,456,179,224,474,613,678,10,24,252,376,545,547,650,287,314,321,342,552,606,50,378,406,557,646,625,633,695,146,262,327,440,467,594,707,27,32,21,25,324,570,281,402,55,75,49,113,128,238,602,669,168,188,387,636,727,671,702,169,246,390,426,498,675,720,267,289,386,441,717,315,9,316,595,749,737,733,53,121,259,462,574,611,528,589,22,51,170,299,364,449,549,616,144,202,397,409,419,501,682,154,156,351,358,377,540,485,460,52,106,226,301,285,416,451,212,291,553,598,683,29,189,204,215,415,579,716,115,271,339,371,637,674,569,119,268,411,450,506,509,599,576,3,103,107,97,261,392,715,374,382,413,465,688,48,282,280,428,543,40,277,296,527,742,452,685,88,92,234,220,337,383,670,476,544,1,67,62,101,208,322,732,731,45,233,367,177,266,438,507,655,110,176,303,389,478,551,628,679,98,228,336,493,59,437,542,658,729,69,93,150,272,292,714,96,162,192,446,436,464,348,571,33,116,99,133,130,159,664,686,745,79,360,395,410,78,256,734,60,379,495,591,666,15,288,654,684,195,286,369,394,725,14,87,308,375,448,585,468,615,676,11,58,152,530,738,18,245,424,508,607,250,283,333,412,458,584,726,274,407,486,491,520,691,77,174,365,469,608,74,305,503,600,632,517,178,253,326,356,433,500,610,19,111,332,399,471,532,648,117,191,384,405,521,581,198,244,302,400,499,751,76,109,472,555,609,620,83,137,740,39,231,334,550,590,701,626,37,136,341,443,587,659,652,719,17,56,328,417,435,635,753,23,114,124,372,466,619,61,82,396,439,697,290,706,138,183,184,200,217,269,721,582,596,42,313,317,398,470,504,565,639,100,140,255,381,533,523,689,708,131,165,181,414,592,638,710,142,318,353,461,477,690,722,161,203,457,463,614,603,102,380,526,539,559,750,2,89,329,546,630,698,43,185,239,593,112,510,158,298,604,651,747,335,548,673,704,207,251,427,562,622,718,104,312,345,370,366,494,7,649,712,487,516,126,123,173,307,361,422,536,534,723,210,403,580,601,621,694,735,73,95,139,236,515,561,20,105,346,355,363,661,586,122,221,265,343,408,514,693,64,132,393,385,445,556,211,418,455,519,518],"type":"read_ok"}}
2024/02/25 18:59:42 Received {n12 n1 {"messages":[757,772,752,765,762,754,756,771,769,776,770,759,768,773,766,764,760,775,758,774,761,777,755,763],"msg_id":808,"type":"broadcast"}}
2024/02/25 18:59:42 Sent {"src":"n1","dest":"n12","body":{"in_reply_to":808,"type":"broadcast_ok"}}
2024/02/25 18:59:42 Received {c51 n1 {"type":"read","msg_id":70}}
2024/02/25 18:59:42 Sent {"src":"n1","dest":"c51","body":{"in_reply_to":70,"messages":[198,244,302,400,499,751,76,109,472,555,609,620,83,137,740,39,231,334,550,590,701,626,37,136,341,443,587,659,652,719,17,56,328,417,435,635,753,23,114,124,372,466,619,61,82,396,439,697,290,706,138,183,184,200,217,269,721,770,582,596,42,313,317,398,470,504,565,639,100,140,255,381,533,523,689,708,131,165,181,414,592,638,710,142,318,353,461,477,690,722,161,203,457,463,614,603,102,380,526,539,559,763,750,758,2,89,329,546,630,698,43,185,239,593,112,510,158,298,604,651,747,335,548,673,704,207,251,427,562,622,718,104,312,345,370,366,494,7,649,712,487,516,126,123,173,307,361,422,536,534,723,764,210,403,580,601,621,694,735,73,95,139,236,515,561,20,105,346,355,363,661,586,122,221,265,343,408,514,693,64,132,393,385,445,556,211,418,455,519,518,755,700,12,175,273,359,483,662,44,222,263,744,206,218,388,624,541,642,35,320,284,295,344,349,773,197,209,535,279,304,459,199,319,90,118,141,153,166,163,497,578,588,741,325,338,429,644,656,705,235,240,629,724,746,6,71,135,667,91,84,201,522,767,492,558,164,227,225,260,264,423,665,4,0,180,237,354,475,16,5,151,480,653,34,145,229,350,575,663,41,340,391,454,643,657,31,311,640,713,147,216,194,254,430,577,352,564,65,157,213,219,257,310,743,404,525,13,70,85,186,276,323,529,134,129,275,496,762,347,373,617,120,368,524,560,554,677,28,72,155,297,294,481,769,736,401,432,568,567,597,612,249,647,66,143,230,442,605,759,680,739,54,81,484,513,563,618,26,193,232,444,760,86,148,490,489,488,512,160,242,248,362,502,681,709,270,293,309,447,482,537,30,68,479,757,214,300,431,572,641,623,167,196,453,660,687,425,434,127,243,306,331,421,420,531,627,711,511,573,8,36,125,172,205,330,692,703,728,761,223,258,645,696,748,730,46,38,63,149,505,631,241,278,473,774,634,672,57,171,190,357,566,583,699,182,187,538,668,47,80,94,108,247,456,179,224,474,613,678,10,24,252,376,545,547,650,287,314,321,342,552,606,50,378,406,557,646,625,633,695,146,262,327,440,467,594,707,27,32,21,25,324,570,281,402,55,75,49,113,128,238,602,669,752,771,168,188,387,636,727,671,702,169,246,390,426,498,675,720,267,289,386,441,717,315,756,9,316,595,749,737,733,53,121,259,462,574,611,528,589,22,51,170,299,364,449,549,616,144,202,397,409,419,501,682,154,156,351,358,377,540,485,460,52,106,226,301,285,416,451,212,291,553,598,765,683,29,189,204,215,415,579,716,115,271,339,371,637,674,569,119,268,411,450,506,509,599,576,3,103,107,97,261,392,715,754,374,382,413,465,688,48,282,280,428,543,40,277,296,527,742,772,452,685,88,92,234,220,337,383,670,476,544,1,67,62,101,208,322,732,731,45,233,367,177,266,438,507,768,655,110,176,303,389,478,551,628,679,98,228,336,493,59,437,542,658,729,69,93,150,272,292,714,96,162,192,446,436,464,348,571,33,116,99,133,130,159,664,686,745,775,79,360,395,410,776,78,256,734,60,379,495,591,666,15,288,654,684,195,286,369,394,725,777,14,87,308,375,448,585,468,615,676,11,58,152,530,738,18,245,424,508,607,766,250,283,333,412,458,584,726,274,407,486,491,520,691,77,174,365,469,608,74,305,503,600,632,517,178,253,326,356,433,500,610,19,111,332,399,471,532,648,117,191,384,405,521,581],"type":"read_ok"}}
2024/02/25 18:59:43 Received {n12 n1 {"messages":[779,789,786,783,788,781,784,790,792,785,780,793,778,791,787,782,809],"msg_id":835,"type":"broadcast"}}
2024/02/25 18:59:43 Received {c51 n1 {"type":"read","msg_id":71}}
2024/02/25 18:59:43 Sent {"src":"n1","dest":"n12","body":{"in_reply_to":835,"type":"broadcast_ok"}}
2024/02/25 18:59:43 Sent {"src":"n1","dest":"c51","body":{"in_reply_to":71,"messages":[403,580,601,621,694,723,764,210,95,139,236,515,561,735,73,105,346,355,363,661,20,221,265,343,408,514,586,122,132,393,385,445,556,693,785,64,782,418,455,519,518,755,211,175,273,359,483,662,700,12,222,263,744,44,218,206,624,388,320,284,295,344,349,541,642,35,773,209,535,197,304,459,279,118,141,153,166,163,199,319,90,578,588,497,338,429,644,656,705,741,325,240,629,724,746,235,71,135,667,6,84,201,522,767,790,91,227,225,260,264,423,492,558,164,0,180,237,354,475,665,4,5,151,480,653,781,16,145,229,350,575,663,34,340,391,454,643,657,809,41,311,640,31,216,194,254,430,577,713,147,157,213,219,257,310,352,564,65,743,70,85,186,276,323,404,525,13,529,129,275,496,762,134,373,617,347,368,524,560,120,72,155,297,294,481,554,677,28,769,432,568,567,597,612,736,787,401,647,249,143,230,442,605,759,66,81,484,513,563,618,680,739,54,193,232,444,26,148,490,489,488,512,760,86,242,248,362,502,681,160,293,309,447,482,537,709,270,68,479,30,300,431,572,641,623,757,784,214,196,453,660,687,167,243,306,331,421,420,425,434,127,627,711,531,36,125,172,205,330,511,573,8,703,728,761,692,258,645,696,748,730,223,38,63,149,505,631,46,278,473,774,241,171,190,357,566,583,634,672,57,699,187,538,668,182,80,94,108,247,456,47,224,474,613,179,24,252,376,545,547,678,10,314,321,342,552,606,650,780,287,793,378,406,557,646,625,50,262,327,440,467,594,633,695,146,707,32,21,25,324,570,27,75,49,113,128,238,281,402,55,669,752,771,602,188,387,636,727,168,246,390,426,498,675,671,702,169,720,289,386,441,717,267,756,315,316,595,749,737,9,121,259,462,574,611,733,53,51,170,299,364,449,528,589,22,778,202,397,409,419,501,549,616,144,156,351,358,377,540,682,154,106,226,301,285,416,485,460,52,451,291,553,598,765,212,189,204,215,415,579,683,29,271,339,371,637,674,716,779,115,268,411,450,506,509,569,119,103,107,97,261,392,599,576,3,754,715,382,413,465,688,374,282,280,428,543,789,783,48,277,296,527,742,772,40,92,234,220,337,383,452,685,88,670,67,62,101,208,322,476,544,1,731,732,233,367,45,266,438,507,768,177,176,303,389,478,551,655,110,679,628,228,336,493,98,437,542,658,729,59,93,150,272,292,714,69,162,192,446,436,464,96,116,99,133,130,159,348,571,33,686,745,775,664,360,395,410,776,79,256,734,78,379,495,591,666,786,60,288,654,684,792,15,286,369,394,725,195,87,308,375,448,585,777,788,14,615,676,468,58,152,530,738,11,245,424,508,18,283,333,412,458,584,607,766,250,407,486,491,520,691,726,274,77,365,469,608,174,305,503,600,632,74,253,326,356,433,500,517,178,111,332,399,471,532,610,19,191,384,405,521,581,648,117,244,302,400,499,751,198,109,472,555,609,620,76,137,83,231,334,550,590,701,740,39,136,341,443,587,659,626,37,56,328,417,435,635,652,719,17,114,124,372,466,619,753,23,82,396,439,697,61,183,184,200,217,269,290,706,138,770,721,313,317,398,470,504,582,596,42,140,255,381,533,523,565,639,100,165,181,414,592,638,689,708,131,318,353,461,477,690,710,142,203,457,463,614,603,722,161,380,526,539,559,763,102,89,329,546,630,698,750,758,2,185,239,593,43,510,112,298,604,651,747,158,548,673,704,335,251,427,562,622,718,207,312,345,370,366,494,104,649,712,791,7,123,173,307,361,422,487,516,126,536,534],"type":"read_ok"}}
2024/02/25 18:59:43 Received {c51 n1 {"type":"broadcast","message":834,"msg_id":72}}
2024/02/25 18:59:43 Sent {"src":"n1","dest":"c51","body":{"in_reply_to":72,"type":"broadcast_ok"}}
2024/02/25 18:59:43 Sent {"src":"n1","dest":"n12","body":{"messages":[834],"msg_id":29,"type":"broadcast"}}
2024/02/25 18:59:43 Received {n12 n1 {"messages":[812,798,811,800,813,807,805,804,801,815,797,810,795,808,794,803,806,802,796,814,799,822],"msg_id":849,"type":"broadcast"}}
2024/02/25 18:59:43 Received {c51 n1 {"type":"read","msg_id":73}}
2024/02/25 18:59:43 Sent {"src":"n1","dest":"n12","body":{"in_reply_to":849,"type":"broadcast_ok"}}
2024/02/25 18:59:43 Sent {"src":"n1","dest":"c51","body":{"in_reply_to":73,"messages":[543,789,783,48,282,280,428,742,772,40,277,296,527,337,383,452,685,88,92,234,220,670,208,322,476,544,1,67,62,101,732,731,45,233,367,768,177,266,438,507,478,551,655,110,176,303,389,628,679,98,228,336,493,729,59,437,542,658,292,714,69,93,150,272,436,464,814,96,162,192,446,130,159,348,571,33,116,99,133,801,664,686,745,775,776,79,360,395,410,78,256,734,666,786,800,60,379,495,591,792,15,288,654,684,725,195,286,369,394,448,585,777,788,14,87,308,375,796,468,615,676,804,738,11,58,152,530,18,245,424,508,458,584,607,766,250,283,333,412,520,691,726,274,407,486,491,77,811,174,365,469,608,632,74,305,503,600,433,500,517,178,253,326,356,471,532,610,805,19,111,332,399,521,581,648,117,191,384,405,499,751,198,244,302,400,609,620,76,109,472,555,83,137,590,701,740,39,231,334,550,587,659,626,37,136,341,443,435,635,652,719,17,56,328,417,466,619,753,23,114,124,372,697,61,82,396,439,217,269,290,706,138,183,184,200,721,770,470,504,582,596,42,313,317,398,533,523,565,639,100,140,255,381,794,592,638,689,708,131,165,181,414,477,690,710,142,318,353,461,614,603,722,161,203,457,463,559,763,102,380,526,539,630,698,750,758,2,89,329,546,43,185,239,593,112,510,747,158,298,604,651,335,548,673,704,622,718,207,251,427,562,366,494,104,312,345,370,7,649,712,791,361,422,487,516,126,123,173,307,536,810,534,621,694,723,764,210,403,580,601,803,515,561,735,73,95,139,236,363,661,20,105,346,355,408,514,586,798,122,221,265,343,802,445,556,693,785,64,132,393,385,782,518,755,211,418,455,519,483,662,700,12,175,273,359,44,222,263,744,206,218,822,388,624,344,349,541,642,35,320,284,295,773,812,197,209,535,279,304,459,166,163,199,319,90,118,141,153,497,578,588,797,656,705,741,325,338,429,644,746,235,240,629,724,6,71,135,667,767,790,91,84,201,522,264,423,492,558,164,227,225,260,354,475,665,4,0,180,237,653,781,16,5,151,480,575,663,34,145,229,350,643,657,809,41,340,391,454,31,311,640,807,430,577,713,147,216,194,254,257,310,352,564,65,157,213,219,743,276,323,404,525,13,70,85,186,529,762,134,129,275,496,347,373,617,799,120,368,524,560,294,481,554,677,28,72,155,297,769,597,612,736,787,401,432,568,567,249,647,605,759,815,66,143,230,442,563,618,680,739,54,81,484,513,26,193,232,444,488,512,760,86,148,490,489,502,681,160,242,248,362,482,537,709,795,270,293,309,447,30,68,479,641,623,757,784,214,300,431,572,687,167,196,453,660,421,420,425,434,127,243,306,331,531,627,711,205,330,511,573,8,36,125,172,692,703,728,761,748,730,223,258,645,696,505,631,808,46,38,63,149,241,278,473,774,566,583,634,672,57,171,190,357,699,182,187,538,668,247,456,47,80,94,108,806,179,224,474,613,545,547,678,10,24,252,376,552,606,650,780,287,314,321,342,793,646,625,50,378,406,557,467,594,633,695,146,262,327,440,707,324,570,27,32,21,25,128,238,281,402,55,75,49,113,602,669,752,771,727,168,188,387,636,498,675,671,702,169,246,390,426,720,717,834,267,289,386,441,315,756,813,737,9,316,595,749,574,611,733,53,121,259,462,364,449,528,589,22,51,170,299,778,419,501,549,616,144,202,397,409,377,540,682,154,156,351,358,285,416,485,460,52,106,226,301,451,765,212,291,553,598,415,579,683,29,189,204,215,637,674,716,779,115,271,339,371,506,509,569,119,268,411,450,261,392,599,576,3,103,107,97,715,754,688,374,382,413,465],"type":"read_ok"}}
2024/02/25 18:59:43 Received {n12 n1 {"in_reply_to":29,"type":"broadcast_ok"}}
2024/02/25 18:59:43 Received {c51 n1 {"type":"broadcast","message":858,"msg_id":74}}
2024/02/25 18:59:43 Sent {"src":"n1","dest":"c51","body":{"in_reply_to":74,"type":"broadcast_ok"}}
2024/02/25 18:59:43 Sent {"src":"n1","dest":"n12","body":{"messages":[858],"msg_id":30,"type":"broadcast"}}
2024/02/25 18:59:44 Received {n12 n1 {"messages":[837,816,830,827,836,819,824,838,823,840,839,826,842,828,843,829,817,831,825,841,821,820,835,818,832,833,863],"msg_id":870,"type":"broadcast"}}
2024/02/25 18:59:44 Sent {"src":"n1","dest":"n12","body":{"in_reply_to":870,"type":"broadcast_ok"}}
2024/02/25 18:59:44 Received {n12 n1 {"in_reply_to":30,"type":"broadcast_ok"}}
2024/02/25 18:59:44 Received {c51 n1 {"type":"read","msg_id":75}}
2024/02/25 18:59:44 Sent {"src":"n1","dest":"c51","body":{"in_reply_to":75,"messages":[201,767,260,264,423,492,4,653,781,151,480,575,663,34,350,643,657,340,391,454,311,640,577,713,254,352,65,213,743,276,323,404,525,529,762,496,347,373,617,120,294,769,432,568,567,647,605,66,442,563,680,513,26,193,232,444,490,489,681,160,242,248,362,482,537,709,270,447,30,757,214,300,425,434,127,243,306,331,627,711,330,511,573,8,36,125,692,761,223,645,631,808,63,149,278,57,171,357,837,842,187,80,94,108,806,179,224,474,613,545,678,838,10,650,287,793,646,839,406,557,467,594,633,440,707,324,32,402,752,168,188,636,498,675,702,390,717,834,289,813,595,818,53,733,170,449,589,778,419,501,682,351,285,485,460,52,765,598,579,683,215,716,779,115,271,339,268,411,450,715,3,107,97,261,374,465,688,783,282,280,428,543,277,742,772,670,234,220,337,383,1,101,322,731,45,233,367,507,829,551,863,176,303,389,478,98,336,542,658,714,69,93,272,292,464,814,96,162,446,436,130,159,664,745,33,116,99,133,775,776,79,786,800,60,379,495,591,15,288,654,777,87,375,468,676,804,11,530,18,508,607,250,283,333,412,691,811,174,469,608,305,433,500,517,178,253,356,471,532,610,805,111,399,816,648,191,384,499,198,302,824,76,109,555,609,83,137,701,740,39,231,37,136,443,719,832,466,619,124,396,217,269,290,138,183,200,721,470,582,42,317,533,523,565,639,381,794,638,131,414,710,826,142,353,461,614,603,722,161,457,559,763,102,630,698,758,89,546,747,158,604,673,704,718,207,251,427,366,494,104,7,791,487,516,126,123,307,536,810,835,764,580,601,95,139,236,355,408,514,586,798,122,265,802,445,64,132,393,782,755,211,418,455,519,662,175,263,744,218,821,624,344,642,35,284,295,858,197,209,279,166,163,319,118,497,797,741,6,71,667,831,91,84,522,790,825,164,227,225,558,354,475,665,0,180,237,16,5,827,145,229,809,41,31,807,430,147,216,194,257,310,564,157,219,13,70,85,186,134,129,275,799,368,524,560,481,554,677,28,72,155,297,597,612,736,787,401,249,759,815,143,230,618,739,54,81,484,823,488,512,760,86,148,502,795,293,309,68,479,641,623,784,431,572,687,167,196,453,660,421,420,531,205,172,703,728,748,730,258,696,505,46,38,241,473,774,566,583,634,672,190,699,182,538,668,247,456,47,547,24,252,376,552,606,780,314,321,342,625,50,378,695,146,262,327,570,27,21,25,128,238,281,55,75,49,113,602,669,771,727,387,671,169,246,426,720,267,386,441,315,756,9,316,749,737,611,841,121,259,462,574,528,833,22,51,299,364,549,616,144,202,397,409,377,540,154,156,358,416,106,226,301,451,840,212,291,553,415,29,189,204,637,674,371,506,509,569,119,754,103,392,599,576,382,413,48,789,40,296,527,88,92,452,685,544,732,67,62,208,476,177,266,438,768,110,655,836,628,679,228,493,59,437,729,150,192,348,571,686,801,360,395,410,78,256,734,666,792,684,725,828,195,286,369,394,448,585,788,14,308,796,615,738,58,152,245,424,458,584,766,520,726,274,407,486,491,77,819,365,632,74,503,600,326,19,332,521,581,117,405,751,244,400,472,620,843,590,334,550,587,659,626,341,435,635,652,17,56,328,417,753,23,114,372,697,61,82,439,706,184,770,504,596,313,398,100,140,255,592,689,708,165,181,477,690,318,203,463,380,526,539,750,2,329,43,185,239,593,112,510,298,651,335,548,820,622,562,312,345,370,649,712,361,422,173,534,621,694,723,210,403,803,830,515,561,735,73,363,661,20,105,346,221,343,556,693,785,385,518,483,700,12,273,359,44,222,206,822,388,349,541,320,773,812,535,817,304,459,199,90,141,153,578,588,656,705,325,338,429,644,746,235,240,629,724,135],"type":"read_ok"}}
2024/02/25 18:59:44 Received {c51 n1 {"type":"broadcast","message":876,"msg_id":76}}
2024/02/25 18:59:44 Sent {"src":"n1","dest":"c51","body":{"in_reply_to":76,"type":"broadcast_ok"}}
2024/02/25 18:59:44 Sent {"src":"n1","dest":"n12","body":{"messages":[876],"msg_id":31,"type":"broadcast"}}
2024/02/25 18:59:44 Received {n12 n1 {"messages":[853,861,855,848,860,850,856,852,849,864,845,857,859,846,862,854,847,844,851,871],"msg_id":907,"type":"broadcast"}}
2024/02/25 18:59:44 Sent {"src":"n1","dest":"n12","body":{"in_reply_to":907,"type":"broadcast_ok"}}
2024/02/25 18:59:44 Received {n12 n1 {"in_reply_to":31,"type":"broadcast_ok"}}
2024/02/25 18:59:44 Received {c51 n1 {"type":"broadcast","message":891,"msg_id":77}}
2024/02/25 18:59:44 Sent {"src":"n1","dest":"c51","body":{"in_reply_to":77,"type":"broadcast_ok"}}
2024/02/25 18:59:44 Received {c51 n1 {"type":"broadcast","message":904,"msg_id":78}}
2024/02/25 18:59:44 Sent {"src":"n1","dest":"c51","body":{"in_reply_to":78,"type":"broadcast_ok"}}
2024/02/25 18:59:44 Sent {"src":"n1","dest":"n12","body":{"messages":[891,904],"msg_id":32,"type":"broadcast"}}
2024/02/25 18:59:45 Received {n12 n1 {"messages":[874,883,868,878,869,879,873,877,866,875,867,870,865,872,894],"msg_id":924,"type":"broadcast"}}
2024/02/25 18:59:45 Sent {"src":"n1","dest":"n12","body":{"in_reply_to":924,"type":"broadcast_ok"}}
2024/02/25 18:59:45 Received {n12 n1 {"in_reply_to":32,"type":"broadcast_ok"}}
2024/02/25 18:59:45 Received {n12 n1 {"messages":[898,886,900,885,902,903,896,892,889,905,888,899,881,884,895,887,897,880,893,890,901,882],"msg_id":953,"type":"broadcast"}}
2024/02/25 18:59:45 Sent {"src":"n1","dest":"n12","body":{"in_reply_to":953,"type":"broadcast_ok"}}
2024/02/25 18:59:46 Received {n12 n1 {"messages":[906],"msg_id":964,"type":"broadcast"}}
2024/02/25 18:59:46 Sent {"src":"n1","dest":"n12","body":{"in_reply_to":964,"type":"broadcast_ok"}}
2024/02/25 18:59:55 Received {c51 n1 {"type":"read","msg_id":79}}
2024/02/25 18:59:55 Sent {"src":"n1","dest":"c51","body":{"in_reply_to":79,"messages":[768,900,177,266,438,893,110,655,836,628,679,228,493,59,437,729,150,192,875,801,348,571,686,867,870,360,395,410,874,78,256,734,666,684,792,394,725,828,195,286,369,585,788,14,308,448,615,796,58,152,738,245,424,458,584,766,491,520,726,274,407,486,77,886,365,819,890,632,74,503,600,326,19,332,872,581,117,405,521,244,400,751,472,620,843,334,550,590,626,905,341,587,659,417,435,635,652,17,56,328,753,23,114,372,697,61,82,439,850,184,706,770,596,313,398,504,100,140,255,689,708,895,165,181,592,318,477,690,203,463,887,380,526,539,2,329,750,593,43,185,239,112,510,298,651,335,548,820,562,622,312,345,370,649,712,853,173,361,422,534,694,723,803,830,844,210,403,621,735,73,515,561,363,661,20,105,346,221,343,785,894,385,556,693,518,483,700,12,273,359,44,222,206,822,388,773,812,320,349,541,535,817,304,459,199,578,588,899,90,141,153,644,656,705,325,338,429,724,746,235,240,629,135,201,767,492,260,264,423,4,781,151,480,653,663,34,350,575,643,657,340,391,454,311,640,254,577,713,743,65,213,352,525,529,864,276,323,404,496,762,347,373,617,120,294,769,432,568,567,647,66,442,605,513,563,680,444,897,26,193,232,490,489,362,681,160,242,248,537,709,270,447,482,30,848,214,300,757,331,425,434,127,243,306,627,711,330,511,573,8,36,125,761,692,223,645,859,808,63,149,631,278,880,57,171,357,187,837,842,108,80,94,613,806,179,224,474,545,678,838,10,650,287,793,557,646,839,406,440,467,594,633,707,324,32,402,752,636,168,188,702,390,498,675,717,834,289,813,595,818,878,53,733,847,778,170,449,589,419,501,891,351,682,852,285,485,460,52,598,765,873,215,579,683,716,779,115,271,339,854,268,411,450,261,715,902,3,107,97,374,465,688,543,783,282,280,428,869,277,742,772,383,670,234,220,337,731,1,101,322,45,233,367,507,829,478,551,863,892,176,303,389,885,98,336,884,542,658,292,714,69,93,272,436,464,814,96,162,446,133,130,159,664,745,33,116,99,775,79,776,591,786,800,889,60,379,495,15,288,654,87,375,777,468,676,804,11,530,18,508,412,607,250,283,333,691,811,174,469,608,305,433,500,517,178,253,356,532,610,805,816,111,399,471,191,384,648,198,302,499,609,824,76,109,555,83,137,740,39,231,701,37,136,443,719,832,124,466,619,396,217,269,290,721,138,183,200,582,42,317,470,565,639,794,381,533,523,856,131,414,638,710,826,142,353,461,603,722,161,457,614,102,559,763,698,758,865,901,89,546,630,906,904,158,604,747,673,704,871,718,207,251,427,104,366,494,7,791,882,487,516,536,810,883,126,123,307,835,903,580,601,764,95,139,236,355,514,586,798,802,122,265,408,445,782,868,64,132,393,519,755,211,418,455,175,662,263,744,218,821,624,344,642,858,35,284,295,197,209,279,319,497,797,118,166,163,741,846,6,71,667,790,831,91,84,522,558,825,857,164,227,225,354,475,665,0,180,237,879,16,5,855,145,229,827,41,809,31,807,430,147,216,194,310,564,849,862,157,219,257,186,13,70,85,134,129,275,799,368,524,560,297,481,554,677,28,72,155,736,787,401,597,612,249,815,881,143,230,759,618,739,823,54,81,484,512,760,86,148,488,502,293,309,795,68,479,866,623,784,431,572,641,660,687,167,196,453,421,420,531,172,205,703,728,730,896,258,696,748,861,46,38,505,774,241,473,634,672,699,190,566,583,898,182,538,668,247,456,47,376,547,24,252,342,552,606,780,314,321,625,50,378,695,146,262,327,25,570,27,21,113,128,238,281,55,75,49,771,602,669,727,387,671,720,888,169,246,426,441,267,386,315,756,737,9,316,749,574,611,841,121,259,462,364,528,833,22,51,299,409,549,616,144,202,397,377,540,154,156,358,301,416,106,226,451,840,212,291,553,415,876,29,189,204,860,851,371,637,674,569,877,119,506,509,576,754,103,392,599,382,413,48,789,40,296,527,685,845,88,92,452,476,544,732,67,62,208],"type":"read_ok"}}
