2024/02/25 18:59:24 Received {c9 n10 {"type":"init","node_id":"n10","node_ids":["n0","n1","n2","n3","n4","n5","n6","n7","n8","n9","n10","n11","n12","n13","n14","n15","n16","n17","n18","n19","n20","n21","n22","n23","n24"],"msg_id":1}}
2024/02/25 18:59:24 Node n10 initialized
2024/02/25 18:59:24 Sent {"src":"n10","dest":"c9","body":{"in_reply_to":1,"type":"init_ok"}}
2024/02/25 18:59:25 Received {c35 n10 {"type":"topology","topology":{"n2":["n7","n3","n1"],"n21":["n16","n22","n20"],"n23":["n18","n24","n22"],"n5":["n10","n0","n6"],"n8":["n13","n3","n9","n7"],"n6":["n11","n1","n7","n5"],"n19":["n24","n14","n18"],"n14":["n19","n9","n13"],"n17":["n22","n12","n18","n16"],"n1":["n6","n2","n0"],"n24":["n19","n23"],"n4":["n9","n3"],"n0":["n5","n1"],"n18":["n23","n13","n19","n17"],"n9":["n14","n4","n8"],"n10":["n15","n5","n11"],"n22":["n17","n23","n21"],"n15":["n20","n10","n16"],"n13":["n18","n8","n14","n12"],"n3":["n8","n4","n2"],"n12":["n17","n7","n13","n11"],"n11":["n16","n6","n12","n10"],"n16":["n21","n11","n17","n15"],"n7":["n12","n2","n8","n6"],"n20":["n15","n21"]},"msg_id":1}}
2024/02/25 18:59:25 Sent {"src":"n10","dest":"c35","body":{"in_reply_to":1,"type":"topology_ok"}}
2024/02/25 18:59:25 Received {c60 n10 {"type":"broadcast","message":4,"msg_id":1}}
2024/02/25 18:59:25 Sent {"src":"n10","dest":"c60","body":{"in_reply_to":1,"type":"broadcast_ok"}}
2024/02/25 18:59:25 Received {c60 n10 {"type":"broadcast","message":18,"msg_id":2}}
2024/02/25 18:59:25 Sent {"src":"n10","dest":"c60","body":{"in_reply_to":2,"type":"broadcast_ok"}}
2024/02/25 18:59:25 Sent {"src":"n10","dest":"n12","body":{"messages":[4,18],"msg_id":1,"type":"broadcast"}}
2024/02/25 18:59:25 Received {n12 n10 {"in_reply_to":1,"type":"broadcast_ok"}}
2024/02/25 18:59:25 Received {c60 n10 {"type":"broadcast","message":37,"msg_id":3}}
2024/02/25 18:59:25 Sent {"src":"n10","dest":"c60","body":{"in_reply_to":3,"type":"broadcast_ok"}}
2024/02/25 18:59:25 Sent {"src":"n10","dest":"n12","body":{"messages":[37],"msg_id":2,"type":"broadcast"}}
2024/02/25 18:59:26 Received {n12 n10 {"messages":[9,20,3,16,2,15,7,14,17,10,19,5,0,11,12,8,6,13,1,39],"msg_id":10,"type":"broadcast"}}
2024/02/25 18:59:26 Received {c60 n10 {"type":"read","msg_id":4}}
2024/02/25 18:59:26 Sent {"src":"n10","dest":"n12","body":{"in_reply_to":10,"type":"broadcast_ok"}}
2024/02/25 18:59:26 Sent {"src":"n10","dest":"c60","body":{"in_reply_to":4,"messages":[2,7,17,10,19,37,5,8,6,9,20,15,12,13,39,1,4,18,3,16,14,0,11],"type":"read_ok"}}
2024/02/25 18:59:26 Received {n12 n10 {"in_reply_to":2,"type":"broadcast_ok"}}
2024/02/25 18:59:26 Received {c60 n10 {"type":"broadcast","message":63,"msg_id":5}}
2024/02/25 18:59:26 Sent {"src":"n10","dest":"c60","body":{"in_reply_to":5,"type":"broadcast_ok"}}
2024/02/25 18:59:26 Sent {"src":"n10","dest":"n12","body":{"messages":[63],"msg_id":3,"type":"broadcast"}}
2024/02/25 18:59:26 Received {n12 n10 {"messages":[35,27,45,24,32,43,31,30,48,36,28,29,46,21,38,22,23,40,25,42,33,26,41,44,47,34,64],"msg_id":30,"type":"broadcast"}}
2024/02/25 18:59:26 Received {c60 n10 {"type":"read","msg_id":6}}
2024/02/25 18:59:26 Sent {"src":"n10","dest":"n12","body":{"in_reply_to":30,"type":"broadcast_ok"}}
2024/02/25 18:59:26 Sent {"src":"n10","dest":"c60","body":{"in_reply_to":6,"messages":[23,40,42,20,13,45,24,30,25,16,11,1,35,48,43,41,47,2,17,10,27,32,38,37,5,8,6,36,46,22,9,15,12,39,29,31,21,26,4,18,3,14,0,34,7,19,33,63,28,44,64],"type":"read_ok"}}
2024/02/25 18:59:26 Received {n12 n10 {"in_reply_to":3,"type":"broadcast_ok"}}
2024/02/25 18:59:26 Received {c60 n10 {"type":"read","msg_id":7}}
2024/02/25 18:59:26 Sent {"src":"n10","dest":"c60","body":{"in_reply_to":7,"messages":[9,15,12,39,29,46,22,4,18,3,14,0,31,21,26,34,7,19,33,63,28,44,64,20,13,45,24,30,23,40,42,16,11,1,35,48,25,2,17,10,27,32,43,41,47,37,5,8,6,36,38],"type":"read_ok"}}
2024/02/25 18:59:27 Received {n12 n10 {"messages":[55,67,50,61,73,75,56,60,51,62,72,57,68,59,69,52,65,49,70,53,58,54,66,71],"msg_id":59,"type":"broadcast"}}
2024/02/25 18:59:27 Received {c60 n10 {"type":"broadcast","message":95,"msg_id":8}}
2024/02/25 18:59:27 Sent {"src":"n10","dest":"n12","body":{"in_reply_to":59,"type":"broadcast_ok"}}
2024/02/25 18:59:27 Sent {"src":"n10","dest":"c60","body":{"in_reply_to":8,"type":"broadcast_ok"}}
2024/02/25 18:59:27 Received {c60 n10 {"type":"broadcast","message":107,"msg_id":9}}
2024/02/25 18:59:27 Sent {"src":"n10","dest":"c60","body":{"in_reply_to":9,"type":"broadcast_ok"}}
2024/02/25 18:59:27 Sent {"src":"n10","dest":"n12","body":{"messages":[95,107],"msg_id":4,"type":"broadcast"}}
2024/02/25 18:59:27 Received {n12 n10 {"messages":[74,88,78,79,87,81,90,83,92,86,76,85,89,91,84,80,77,82,109],"msg_id":90,"type":"broadcast"}}
2024/02/25 18:59:27 Sent {"src":"n10","dest":"n12","body":{"in_reply_to":90,"type":"broadcast_ok"}}
2024/02/25 18:59:27 Received {n12 n10 {"in_reply_to":4,"type":"broadcast_ok"}}
2024/02/25 18:59:27 Received {c60 n10 {"type":"read","msg_id":10}}
2024/02/25 18:59:27 Sent {"src":"n10","dest":"c60","body":{"in_reply_to":10,"messages":[42,23,40,48,73,70,53,66,86,16,35,41,89,84,2,27,6,57,69,74,37,8,22,72,58,54,78,109,9,12,0,26,34,79,85,4,3,19,33,45,24,30,61,59,87,20,13,80,25,55,50,75,68,71,11,1,88,82,32,43,47,60,62,83,17,10,38,76,5,36,29,46,67,15,39,31,21,56,107,81,77,18,14,52,65,90,92,91,7,51,44,64,49,95,63,28],"type":"read_ok"}}
2024/02/25 18:59:27 Received {c60 n10 {"type":"read","msg_id":11}}
2024/02/25 18:59:27 Sent {"src":"n10","dest":"c60","body":{"in_reply_to":11,"messages":[5,36,38,76,15,39,29,46,67,81,77,18,14,31,21,56,107,91,7,51,52,65,90,92,63,28,44,64,49,95,23,40,42,66,86,16,35,48,73,70,53,2,27,41,89,84,37,8,6,57,69,74,78,109,9,12,22,72,58,54,85,4,3,0,26,34,79,19,33,59,87,20,13,45,24,30,61,80,68,71,11,1,25,55,50,75,88,82,62,83,17,10,32,43,47,60],"type":"read_ok"}}
2024/02/25 18:59:28 Received {n12 n10 {"messages":[106,112,100,111,101,93,104,94,105,98,102,96,108,103,110,97,99,122,136],"msg_id":97,"type":"broadcast"}}
2024/02/25 18:59:28 Sent {"src":"n10","dest":"n12","body":{"in_reply_to":97,"type":"broadcast_ok"}}
2024/02/25 18:59:28 Received {c60 n10 {"type":"read","msg_id":12}}
2024/02/25 18:59:28 Sent {"src":"n10","dest":"c60","body":{"in_reply_to":12,"messages":[44,64,49,95,136,23,42,73,53,86,96,27,84,93,37,8,69,103,9,72,78,109,94,0,26,85,100,110,13,45,30,61,106,101,71,82,105,17,10,32,43,47,99,39,29,46,21,107,77,7,52,65,92,63,28,40,104,16,35,48,70,66,2,41,89,6,57,74,12,22,58,54,4,3,34,79,19,33,112,102,97,122,20,24,59,87,80,88,11,1,25,55,50,75,68,60,62,83,5,36,38,76,98,15,67,111,18,14,31,56,81,51,90,91,108],"type":"read_ok"}}
2024/02/25 18:59:28 Received {n12 n10 {"messages":[126,114,133,127,117,118,132,120,134,130,116,131,125,121,135,119,123,137,115,129,113,128,124,145],"msg_id":139,"type":"broadcast"}}
2024/02/25 18:59:28 Received {c60 n10 {"type":"read","msg_id":13}}
2024/02/25 18:59:28 Sent {"src":"n10","dest":"n12","body":{"in_reply_to":139,"type":"broadcast_ok"}}
2024/02/25 18:59:28 Sent {"src":"n10","dest":"c60","body":{"in_reply_to":13,"messages":[66,16,35,48,70,2,41,89,130,6,57,74,113,129,12,22,58,54,4,3,34,79,97,122,19,33,112,102,80,125,20,24,59,87,50,75,68,88,11,1,25,55,114,60,62,83,124,98,5,36,38,76,15,67,111,81,18,14,31,56,51,90,91,108,136,44,64,49,95,23,42,135,120,116,73,53,86,96,27,84,93,134,128,145,37,8,69,103,94,132,9,72,78,109,0,26,85,100,110,126,119,123,106,101,13,45,30,61,71,82,105,133,47,99,117,17,10,32,43,39,29,46,131,21,107,77,127,137,7,52,65,92,63,28,118,121,40,104,115],"type":"read_ok"}}
2024/02/25 18:59:28 Received {c60 n10 {"type":"broadcast","message":169,"msg_id":14}}
2024/02/25 18:59:28 Sent {"src":"n10","dest":"c60","body":{"in_reply_to":14,"type":"broadcast_ok"}}
2024/02/25 18:59:28 Sent {"src":"n10","dest":"n12","body":{"messages":[169],"msg_id":5,"type":"broadcast"}}
2024/02/25 18:59:29 Received {n12 n10 {"messages":[143,140,151,158,138,149,154,142,141,152,153,147,146,148,144,155,139,150],"msg_id":157,"type":"broadcast"}}
2024/02/25 18:59:29 Sent {"src":"n10","dest":"n12","body":{"in_reply_to":157,"type":"broadcast_ok"}}
2024/02/25 18:59:29 Received {n12 n10 {"in_reply_to":5,"type":"broadcast_ok"}}
2024/02/25 18:59:29 Received {c60 n10 {"type":"broadcast","message":183,"msg_id":15}}
2024/02/25 18:59:29 Sent {"src":"n10","dest":"c60","body":{"in_reply_to":15,"type":"broadcast_ok"}}
2024/02/25 18:59:29 Received {c60 n10 {"type":"read","msg_id":16}}
2024/02/25 18:59:29 Sent {"src":"n10","dest":"c60","body":{"in_reply_to":16,"messages":[14,31,56,81,153,18,90,91,108,138,51,64,49,95,136,44,42,135,23,53,86,96,120,116,73,84,93,154,141,27,8,69,103,134,128,145,37,72,78,109,94,132,9,26,85,148,0,110,126,119,151,100,123,45,30,61,106,101,13,82,105,133,71,10,32,43,47,99,117,17,29,46,155,150,39,107,77,127,131,143,144,21,52,65,92,137,7,28,118,121,149,63,104,115,40,35,48,70,66,16,41,89,130,2,57,74,113,6,22,58,54,129,140,12,3,34,79,158,4,33,112,102,97,122,142,19,146,24,59,87,80,125,169,20,1,25,55,50,75,68,88,11,147,114,62,83,124,139,183,60,36,38,76,98,5,67,111,152,15],"type":"read_ok"}}
2024/02/25 18:59:29 Sent {"src":"n10","dest":"n12","body":{"messages":[183],"msg_id":6,"type":"broadcast"}}
2024/02/25 18:59:29 Received {n12 n10 {"messages":[156,172,168,166,175,157,160,159,163,177,170,164,165,161,176,167,174,171,162,173,197],"msg_id":170,"type":"broadcast"}}
2024/02/25 18:59:29 Sent {"src":"n10","dest":"n12","body":{"in_reply_to":170,"type":"broadcast_ok"}}
2024/02/25 18:59:29 Received {n12 n10 {"in_reply_to":6,"type":"broadcast_ok"}}
2024/02/25 18:59:29 Received {c60 n10 {"type":"read","msg_id":17}}
2024/02/25 18:59:29 Sent {"src":"n10","dest":"c60","body":{"in_reply_to":17,"messages":[6,57,74,113,12,22,58,54,129,140,161,4,3,34,79,158,167,159,19,33,112,102,97,122,142,146,156,20,24,59,87,80,125,169,163,88,11,1,25,55,50,75,68,114,147,175,60,62,83,124,139,183,160,5,36,38,76,98,15,67,111,152,173,18,14,31,56,81,153,197,51,90,91,108,138,44,64,49,95,136,174,23,42,135,168,73,53,86,96,120,116,172,166,27,84,93,154,141,165,37,8,69,103,134,128,145,9,72,78,109,94,132,0,26,85,148,100,110,126,119,151,176,123,13,45,30,61,106,101,71,82,105,133,177,164,157,17,10,32,43,47,99,117,39,29,46,155,150,21,107,77,127,131,143,144,7,52,65,92,137,162,63,28,118,121,149,40,104,115,16,35,48,70,66,170,2,41,89,130,171],"type":"read_ok"}}
2024/02/25 18:59:30 Received {n12 n10 {"messages":[186,180,182,195,179,178,192,190,191,185,189,193,181,194,188,187,184,196,208],"msg_id":195,"type":"broadcast"}}
2024/02/25 18:59:30 Received {c60 n10 {"type":"read","msg_id":18}}
2024/02/25 18:59:30 Sent {"src":"n10","dest":"n12","body":{"in_reply_to":195,"type":"broadcast_ok"}}
2024/02/25 18:59:30 Sent {"src":"n10","dest":"c60","body":{"in_reply_to":18,"messages":[140,161,12,22,58,54,129,167,4,3,34,79,158,122,142,159,19,33,112,102,97,146,125,169,156,20,24,59,87,80,163,75,68,88,11,1,25,55,50,114,147,175,183,160,60,62,83,124,139,5,36,38,76,98,15,67,111,152,173,153,197,18,14,31,56,81,51,90,91,108,138,174,44,64,49,95,136,23,42,135,116,172,168,73,53,86,96,120,166,27,84,93,154,141,128,145,165,37,8,69,103,134,132,9,72,78,109,94,0,26,85,148,176,100,110,126,119,151,123,101,13,45,30,61,106,164,71,82,105,133,177,99,117,157,17,10,32,43,47,39,29,46,155,150,143,144,21,107,77,127,131,162,7,52,65,92,137,63,28,118,121,149,40,104,115,170,16,35,48,70,66,2,41,89,130,171,6,57,74,113],"type":"read_ok"}}
2024/02/25 18:59:30 Received {c60 n10 {"type":"broadcast","message":241,"msg_id":19}}
2024/02/25 18:59:30 Sent {"src":"n10","dest":"c60","body":{"in_reply_to":19,"type":"broadcast_ok"}}
2024/02/25 18:59:30 Sent {"src":"n10","dest":"n12","body":{"messages":[241],"msg_id":7,"type":"broadcast"}}
2024/02/25 18:59:30 Received {n12 n10 {"messages":[212,223,201,214,204,215,209,205,216,206,198,210,203,207,199,211,200,202,213,242],"msg_id":233,"type":"broadcast"}}
2024/02/25 18:59:30 Sent {"src":"n10","dest":"n12","body":{"in_reply_to":233,"type":"broadcast_ok"}}
2024/02/25 18:59:30 Received {n12 n10 {"in_reply_to":7,"type":"broadcast_ok"}}
2024/02/25 18:59:30 Received {c60 n10 {"type":"read","msg_id":20}}
2024/02/25 18:59:30 Sent {"src":"n10","dest":"c60","body":{"in_reply_to":20,"messages":[39,150,178,107,127,143,52,65,92,137,200,149,211,186,204,209,16,35,48,66,170,130,171,57,74,12,22,54,140,4,34,158,167,185,19,33,112,97,142,159,182,187,215,146,87,80,125,156,50,68,175,83,124,183,160,36,76,67,111,173,18,31,56,81,153,197,91,44,64,49,95,174,23,42,135,53,86,96,168,166,193,93,154,141,196,201,8,103,145,184,241,72,78,132,188,148,214,100,151,206,106,101,71,189,17,10,43,99,117,29,46,155,21,77,131,144,7,162,63,28,118,121,191,40,104,115,199,70,198,2,41,89,223,6,113,58,129,161,3,79,192,102,122,202,190,203,207,210,20,24,59,169,163,179,208,88,11,1,25,55,75,114,147,60,62,139,5,38,98,15,152,216,213,14,51,90,108,138,136,194,180,195,212,73,120,116,172,27,84,37,69,134,128,165,9,109,94,0,26,85,110,126,119,176,242,123,13,45,30,61,181,205,82,105,133,177,164,157,32,47],"type":"read_ok"}}
2024/02/25 18:59:30 Received {c60 n10 {"type":"read","msg_id":21}}
2024/02/25 18:59:30 Sent {"src":"n10","dest":"c60","body":{"in_reply_to":21,"messages":[138,51,90,108,136,194,180,195,212,172,73,120,116,27,84,128,165,37,69,134,9,109,94,0,26,85,176,242,110,126,119,123,61,181,13,45,30,133,177,164,205,82,105,47,157,32,150,39,127,143,178,107,137,200,52,65,92,149,211,186,204,209,66,170,16,35,48,130,171,57,74,54,140,12,22,158,167,4,34,97,142,159,182,185,19,33,112,187,215,146,156,87,80,125,50,68,175,124,183,160,83,36,76,67,111,173,81,153,197,18,31,56,91,95,174,44,64,49,23,42,135,168,166,193,53,86,96,196,201,93,154,141,184,241,8,103,145,188,72,78,132,148,214,100,151,206,106,101,189,71,43,99,117,17,10,155,29,46,131,144,21,77,7,162,121,191,63,28,118,199,40,104,115,70,198,223,2,41,89,113,6,129,161,58,79,192,3,102,122,202,190,203,207,169,163,179,208,210,20,24,59,55,75,88,11,1,25,114,147,139,60,62,5,38,98,213,15,152,216,14],"type":"read_ok"}}
2024/02/25 18:59:31 Received {n12 n10 {"messages":[221,239,230,232,227,229,236,217,237,220,238,235,240,228,245,234,222,225,244,224,243,218,231,233,219,226],"msg_id":251,"type":"broadcast"}}
2024/02/25 18:59:31 Sent {"src":"n10","dest":"n12","body":{"in_reply_to":251,"type":"broadcast_ok"}}
2024/02/25 18:59:31 Received {c60 n10 {"type":"broadcast","message":274,"msg_id":22}}
2024/02/25 18:59:31 Sent {"src":"n10","dest":"c60","body":{"in_reply_to":22,"type":"broadcast_ok"}}
2024/02/25 18:59:31 Sent {"src":"n10","dest":"n12","body":{"messages":[274],"msg_id":8,"type":"broadcast"}}
2024/02/25 18:59:31 Received {n12 n10 {"messages":[255,260,262,253,247,257,246,250,249,259,254,251,248,258,252,256],"msg_id":274,"type":"broadcast"}}
2024/02/25 18:59:31 Sent {"src":"n10","dest":"n12","body":{"in_reply_to":274,"type":"broadcast_ok"}}
2024/02/25 18:59:31 Received {n12 n10 {"in_reply_to":8,"type":"broadcast_ok"}}
2024/02/25 18:59:31 Received {c60 n10 {"type":"broadcast","message":287,"msg_id":23}}
2024/02/25 18:59:31 Sent {"src":"n10","dest":"c60","body":{"in_reply_to":23,"type":"broadcast_ok"}}
2024/02/25 18:59:31 Received {c60 n10 {"type":"broadcast","message":298,"msg_id":24}}
2024/02/25 18:59:31 Sent {"src":"n10","dest":"c60","body":{"in_reply_to":24,"type":"broadcast_ok"}}
2024/02/25 18:59:31 Sent {"src":"n10","dest":"n12","body":{"messages":[287,298],"msg_id":9,"type":"broadcast"}}
2024/02/25 18:59:32 Received {n12 n10 {"messages":[266,271,268,278,272,273,267,270,280,276,263,261,269,265,277,264,275,279,289,300],"msg_id":312,"type":"broadcast"}}
2024/02/25 18:59:32 Sent {"src":"n10","dest":"n12","body":{"in_reply_to":312,"type":"broadcast_ok"}}
2024/02/25 18:59:32 Received {n12 n10 {"in_reply_to":9,"type":"broadcast_ok"}}
2024/02/25 18:59:32 Received {c60 n10 {"type":"read","msg_id":25}}
2024/02/25 18:59:32 Sent {"src":"n10","dest":"c60","body":{"in_reply_to":25,"messages":[87,80,125,156,227,240,233,300,50,68,175,235,269,83,124,183,160,36,76,257,67,111,173,18,31,56,81,153,197,264,91,237,44,64,49,95,174,23,42,135,53,86,96,168,166,193,238,93,154,141,196,201,261,8,103,145,184,241,219,72,78,132,188,217,245,148,214,231,100,151,243,206,266,106,101,271,278,71,189,17,10,43,99,117,250,272,29,46,155,230,222,244,298,21,77,131,144,232,260,279,7,162,239,228,255,246,276,277,63,28,118,121,191,247,40,104,115,199,70,198,274,2,41,89,223,6,113,58,129,161,236,251,3,79,192,102,122,202,190,203,207,262,248,20,24,59,169,163,179,208,210,11,1,25,55,75,88,114,147,268,267,60,62,139,249,5,38,98,270,15,152,216,213,14,51,90,108,138,136,194,265,180,195,212,73,120,116,172,254,27,84,37,69,134,128,165,287,9,109,94,0,26,85,258,110,126,119,176,242,252,273,123,253,13,45,30,61,181,221,82,105,133,177,164,205,229,289,32,47,157,220,263,39,150,234,225,256,107,127,143,178,226,52,65,92,137,200,149,211,280,186,204,209,16,35,48,66,170,275,130,171,259,57,74,218,12,22,54,140,224,4,34,158,167,19,33,112,97,142,159,182,185,187,215,146],"type":"read_ok"}}
2024/02/25 18:59:32 Received {c60 n10 {"type":"read","msg_id":26}}
2024/02/25 18:59:32 Sent {"src":"n10","dest":"c60","body":{"in_reply_to":26,"messages":[44,64,49,95,174,23,42,135,53,86,96,168,166,193,238,93,154,141,196,201,261,8,103,145,184,241,219,72,78,132,188,217,245,148,214,231,100,151,243,206,266,106,101,271,278,71,189,17,10,43,99,117,250,272,29,46,155,230,222,244,298,21,77,131,144,232,260,279,277,7,162,239,228,255,246,276,63,28,118,121,191,247,40,104,115,199,70,198,274,2,41,89,223,6,113,58,129,161,236,251,3,79,192,102,122,202,190,203,207,262,248,210,20,24,59,169,163,179,208,147,11,1,25,55,75,88,114,268,267,60,62,139,249,5,38,98,270,15,152,216,213,14,51,90,108,138,136,194,265,180,195,212,73,120,116,172,254,27,84,37,69,134,128,165,287,9,109,94,0,26,85,258,110,126,119,176,242,252,273,123,253,13,45,30,61,181,221,289,82,105,133,177,164,205,229,32,47,157,220,263,39,150,234,225,256,107,127,143,178,226,52,65,92,137,200,149,211,280,186,204,209,16,35,48,66,170,275,130,171,259,57,74,218,12,22,54,140,224,4,34,158,167,185,19,33,112,97,142,159,182,187,215,146,300,87,80,125,156,227,240,233,50,68,175,235,269,83,124,183,160,36,76,257,67,111,173,18,31,56,81,153,197,264,91,237],"type":"read_ok"}}
2024/02/25 18:59:32 Received {n12 n10 {"messages":[302,293,291,286,296,284,295,297,283,301,290,288,299,282,281,294,285,292,314,328],"msg_id":315,"type":"broadcast"}}
2024/02/25 18:59:32 Sent {"src":"n10","dest":"n12","body":{"in_reply_to":315,"type":"broadcast_ok"}}
2024/02/25 18:59:32 Received {c60 n10 {"type":"broadcast","message":342,"msg_id":27}}
2024/02/25 18:59:32 Sent {"src":"n10","dest":"c60","body":{"in_reply_to":27,"type":"broadcast_ok"}}
2024/02/25 18:59:32 Sent {"src":"n10","dest":"n12","body":{"messages":[342],"msg_id":10,"type":"broadcast"}}
2024/02/25 18:59:33 Received {n12 n10 {"messages":[303,326,316,305,325,309,308,322,321,307,319,312,327,313,329,311,324,317,320,318,306,310,323,315,304,344],"msg_id":343,"type":"broadcast"}}
2024/02/25 18:59:33 Received {c60 n10 {"type":"broadcast","message":355,"msg_id":28}}
2024/02/25 18:59:33 Sent {"src":"n10","dest":"n12","body":{"in_reply_to":343,"type":"broadcast_ok"}}
2024/02/25 18:59:33 Sent {"src":"n10","dest":"c60","body":{"in_reply_to":28,"type":"broadcast_ok"}}
2024/02/25 18:59:33 Received {n12 n10 {"in_reply_to":10,"type":"broadcast_ok"}}
2024/02/25 18:59:33 Received {c60 n10 {"type":"broadcast","message":365,"msg_id":29}}
2024/02/25 18:59:33 Sent {"src":"n10","dest":"c60","body":{"in_reply_to":29,"type":"broadcast_ok"}}
2024/02/25 18:59:33 Sent {"src":"n10","dest":"n12","body":{"messages":[355,365],"msg_id":11,"type":"broadcast"}}
2024/02/25 18:59:33 Received {n12 n10 {"messages":[332,341,331,348,330,337,340,349,336,334,346,345,347,335,351,339,333,350,338,343,356],"msg_id":375,"type":"broadcast"}}
2024/02/25 18:59:33 Sent {"src":"n10","dest":"n12","body":{"in_reply_to":375,"type":"broadcast_ok"}}
2024/02/25 18:59:33 Received {n12 n10 {"in_reply_to":11,"type":"broadcast_ok"}}
2024/02/25 18:59:33 Received {c60 n10 {"type":"broadcast","message":380,"msg_id":30}}
2024/02/25 18:59:33 Sent {"src":"n10","dest":"c60","body":{"in_reply_to":30,"type":"broadcast_ok"}}
2024/02/25 18:59:33 Received {c60 n10 {"type":"broadcast","message":394,"msg_id":31}}
2024/02/25 18:59:33 Sent {"src":"n10","dest":"c60","body":{"in_reply_to":31,"type":"broadcast_ok"}}
2024/02/25 18:59:33 Sent {"src":"n10","dest":"n12","body":{"messages":[380,394],"msg_id":12,"type":"broadcast"}}
2024/02/25 18:59:34 Received {n12 n10 {"messages":[360,370,358,371,359,354,364,361,369,362,366,352,363,367,373,353,372,357,368],"msg_id":387,"type":"broadcast"}}
2024/02/25 18:59:34 Sent {"src":"n10","dest":"n12","body":{"in_reply_to":387,"type":"broadcast_ok"}}
2024/02/25 18:59:34 Received {n12 n10 {"in_reply_to":12,"type":"broadcast_ok"}}
2024/02/25 18:59:34 Received {c60 n10 {"type":"read","msg_id":32}}
2024/02/25 18:59:34 Sent {"src":"n10","dest":"c60","body":{"in_reply_to":32,"messages":[4,34,158,167,299,327,19,33,112,97,142,159,182,185,187,215,146,317,310,365,373,87,80,125,156,227,240,233,300,296,292,318,330,50,68,175,235,269,343,83,124,183,160,345,36,76,257,67,111,173,313,18,31,56,81,153,197,264,325,91,237,304,337,370,366,44,64,49,95,174,286,23,42,135,53,86,96,168,166,193,238,314,372,93,154,141,196,201,261,355,352,8,103,145,184,241,219,328,311,72,78,132,188,217,245,295,148,214,231,288,326,356,359,100,151,243,206,266,354,106,101,271,278,71,189,17,10,43,99,117,282,360,353,250,272,283,347,29,46,155,230,222,244,298,297,21,77,131,144,232,260,279,7,162,239,228,255,246,276,277,63,28,118,121,191,247,316,338,40,104,115,199,285,70,198,274,336,2,41,89,223,291,6,113,58,129,161,236,251,302,284,290,339,358,3,79,192,293,294,380,102,122,202,305,190,203,207,262,248,364,20,24,59,169,163,179,208,210,334,11,1,25,55,75,88,114,147,268,267,323,341,60,62,139,249,321,5,38,98,270,303,15,152,216,213,307,14,51,90,108,138,136,194,265,350,180,195,212,73,120,116,172,254,27,84,332,37,69,134,128,165,287,309,9,109,94,333,0,26,85,258,346,110,126,119,176,242,252,273,312,371,123,253,363,13,45,30,61,181,221,301,319,348,340,362,82,105,133,177,164,205,229,289,32,47,157,315,220,263,357,39,150,234,225,256,324,107,127,143,178,226,351,394,52,65,92,137,200,281,308,349,335,149,211,280,367,186,204,209,16,35,48,66,170,275,320,361,369,368,130,171,259,342,329,306,344,57,74,218,322,331,12,22,54,140,224],"type":"read_ok"}}
2024/02/25 18:59:34 Received {c60 n10 {"type":"read","msg_id":33}}
2024/02/25 18:59:34 Sent {"src":"n10","dest":"c60","body":{"in_reply_to":33,"messages":[79,192,293,294,380,3,122,202,305,102,203,207,262,248,364,190,24,59,169,163,179,208,210,20,334,1,25,55,75,88,114,147,11,267,323,341,268,62,139,249,321,60,38,98,270,303,5,152,216,213,307,15,14,90,108,138,51,194,265,350,136,195,212,180,120,116,172,254,73,84,332,27,69,134,128,165,287,309,37,109,94,333,9,26,85,258,346,0,126,119,176,242,252,273,312,110,371,253,363,123,45,30,61,181,221,301,319,13,340,362,348,105,133,177,164,205,229,289,82,47,157,315,32,263,357,220,150,234,225,256,324,39,127,143,178,226,351,394,107,65,92,137,200,281,308,349,52,335,211,280,367,149,204,209,186,35,48,66,170,275,320,361,16,368,369,171,259,342,329,306,344,130,74,218,322,331,57,22,54,140,224,12,34,158,167,299,327,4,33,112,97,142,159,182,185,19,215,187,317,310,365,373,146,80,125,156,227,240,233,300,87,292,318,330,296,68,175,235,269,343,50,124,183,160,345,83,76,257,36,111,173,313,67,31,56,81,153,197,264,325,18,237,304,337,370,366,91,64,49,95,174,286,44,42,135,23,86,96,168,166,193,238,314,53,372,154,141,196,201,261,355,352,93,103,145,184,241,219,328,311,8,78,132,188,217,245,295,72,214,231,288,326,356,359,148,151,243,100,266,354,206,101,271,278,106,189,71,10,43,99,117,282,360,353,17,272,283,347,250,46,155,230,222,244,298,297,29,77,131,144,232,260,279,21,162,239,228,255,246,276,277,7,28,118,121,191,247,316,338,63,104,115,199,285,40,198,274,336,70,41,89,223,291,2,113,6,129,161,236,251,302,284,290,58,358,339],"type":"read_ok"}}
2024/02/25 18:59:34 Received {n12 n10 {"messages":[387,397,376,378,389,390,379,393,377,384,374,391,375,386,381,383,396,382,395,388,385,392,424],"msg_id":417,"type":"broadcast"}}
2024/02/25 18:59:34 Sent {"src":"n10","dest":"n12","body":{"in_reply_to":417,"type":"broadcast_ok"}}
2024/02/25 18:59:34 Received {c60 n10 {"type":"broadcast","message":437,"msg_id":34}}
2024/02/25 18:59:34 Sent {"src":"n10","dest":"c60","body":{"in_reply_to":34,"type":"broadcast_ok"}}
2024/02/25 18:59:34 Sent {"src":"n10","dest":"n12","body":{"messages":[437],"msg_id":13,"type":"broadcast"}}
2024/02/25 18:59:35 Received {n12 n10 {"messages":[398,414,409,411,404,421,412,419,401,403,420,399,415,416,402,410,405,425,423,422,406,407,400,418,413,417,408],"msg_id":434,"type":"broadcast"}}
2024/02/25 18:59:35 Received {c60 n10 {"type":"broadcast","message":451,"msg_id":35}}
2024/02/25 18:59:35 Sent {"src":"n10","dest":"n12","body":{"in_reply_to":434,"type":"broadcast_ok"}}
2024/02/25 18:59:35 Sent {"src":"n10","dest":"c60","body":{"in_reply_to":35,"type":"broadcast_ok"}}
2024/02/25 18:59:35 Received {n12 n10 {"in_reply_to":13,"type":"broadcast_ok"}}
2024/02/25 18:59:35 Received {c60 n10 {"type":"read","msg_id":36}}
2024/02/25 18:59:35 Sent {"src":"n10","dest":"c60","body":{"in_reply_to":36,"messages":[238,96,168,372,261,352,93,154,196,201,241,8,145,184,72,188,217,375,326,359,148,231,288,100,151,243,416,409,206,374,106,101,189,390,117,17,10,43,99,250,272,347,222,244,298,29,155,232,279,437,21,77,131,144,228,255,277,191,247,338,63,396,40,104,198,336,404,41,89,393,302,129,161,358,380,79,192,293,102,305,248,364,190,262,20,163,210,334,88,114,1,25,268,267,341,321,60,62,249,5,38,98,270,213,14,51,376,136,413,116,172,254,332,69,134,128,309,109,94,0,26,258,242,273,312,110,126,119,176,363,398,181,319,13,45,340,362,205,229,82,177,32,421,220,263,150,234,351,394,143,178,308,349,65,211,412,403,209,320,368,397,414,35,48,66,170,451,344,130,171,259,342,74,218,322,22,140,299,327,378,142,159,182,185,19,33,112,97,373,410,310,365,240,87,125,156,318,330,50,406,345,124,183,160,76,388,313,423,153,197,264,31,370,366,91,337,174,44,64,49,42,417,166,193,314,53,86,387,141,355,425,219,328,311,103,381,392,400,78,132,245,295,356,214,266,354,402,271,278,71,282,360,353,283,297,46,230,391,260,411,276,422,7,162,239,246,316,28,118,121,285,115,199,379,70,274,291,2,223,6,113,399,251,284,290,58,236,339,294,3,122,202,384,203,207,208,420,408,24,59,169,179,75,147,11,55,323,139,303,383,15,152,216,307,377,405,90,108,138,194,265,350,180,195,212,73,120,27,84,37,165,287,9,333,85,346,419,252,371,123,253,221,301,30,61,415,348,386,164,289,105,133,395,47,157,315,357,389,256,324,39,225,226,107,127,200,281,52,92,137,335,149,280,367,186,204,382,16,275,361,369,329,306,57,331,424,418,224,12,54,4,34,158,167,187,215,385,146,317,227,233,300,80,296,292,343,68,175,235,269,401,83,36,257,67,111,173,407,325,18,56,81,237,304,286,95,23,135],"type":"read_ok"}}
2024/02/25 18:59:35 Sent {"src":"n10","dest":"n12","body":{"messages":[451],"msg_id":14,"type":"broadcast"}}
2024/02/25 18:59:35 Received {n12 n10 {"messages":[445,452,440,436,427,442,433,430,438,431,446,429,444,426,441,432,447,428,443,439,434,435,462],"msg_id":471,"type":"broadcast"}}
2024/02/25 18:59:35 Received {c60 n10 {"type":"broadcast","message":478,"msg_id":37}}
2024/02/25 18:59:35 Sent {"src":"n10","dest":"n12","body":{"in_reply_to":471,"type":"broadcast_ok"}}
2024/02/25 18:59:35 Sent {"src":"n10","dest":"c60","body":{"in_reply_to":37,"type":"broadcast_ok"}}
2024/02/25 18:59:35 Received {n12 n10 {"in_reply_to":14,"type":"broadcast_ok"}}
2024/02/25 18:59:35 Received {c60 n10 {"type":"broadcast","message":491,"msg_id":38}}
2024/02/25 18:59:35 Sent {"src":"n10","dest":"c60","body":{"in_reply_to":38,"type":"broadcast_ok"}}
2024/02/25 18:59:35 Sent {"src":"n10","dest":"n12","body":{"messages":[478,491],"msg_id":15,"type":"broadcast"}}
2024/02/25 18:59:36 Received {n12 n10 {"messages":[456,468,466,469,450,457,458,449,460,454,461,459,463,453,464,455,467,465,448,470],"msg_id":501,"type":"broadcast"}}
2024/02/25 18:59:36 Received {c60 n10 {"type":"broadcast","message":505,"msg_id":39}}
2024/02/25 18:59:36 Sent {"src":"n10","dest":"n12","body":{"in_reply_to":501,"type":"broadcast_ok"}}
2024/02/25 18:59:36 Sent {"src":"n10","dest":"c60","body":{"in_reply_to":39,"type":"broadcast_ok"}}
2024/02/25 18:59:36 Received {n12 n10 {"in_reply_to":15,"type":"broadcast_ok"}}
2024/02/25 18:59:36 Received {c60 n10 {"type":"broadcast","message":517,"msg_id":40}}
2024/02/25 18:59:36 Sent {"src":"n10","dest":"c60","body":{"in_reply_to":40,"type":"broadcast_ok"}}
2024/02/25 18:59:36 Sent {"src":"n10","dest":"n12","body":{"messages":[505,517],"msg_id":16,"type":"broadcast"}}
2024/02/25 18:59:36 Received {n12 n10 {"messages":[483,496,507,477,490,482,494,473,487,501,486,476,489,471,498,499,493,475,488,480,492,481,472,485,500,484,479,495,497,474,519],"msg_id":516,"type":"broadcast"}}
2024/02/25 18:59:36 Received {c60 n10 {"type":"broadcast","message":531,"msg_id":41}}
2024/02/25 18:59:36 Sent {"src":"n10","dest":"n12","body":{"in_reply_to":516,"type":"broadcast_ok"}}
2024/02/25 18:59:36 Sent {"src":"n10","dest":"c60","body":{"in_reply_to":41,"type":"broadcast_ok"}}
2024/02/25 18:59:36 Received {n12 n10 {"in_reply_to":16,"type":"broadcast_ok"}}
2024/02/25 18:59:36 Received {c60 n10 {"type":"broadcast","message":548,"msg_id":42}}
2024/02/25 18:59:36 Sent {"src":"n10","dest":"c60","body":{"in_reply_to":42,"type":"broadcast_ok"}}
2024/02/25 18:59:36 Sent {"src":"n10","dest":"n12","body":{"messages":[531,548],"msg_id":17,"type":"broadcast"}}
2024/02/25 18:59:37 Received {n12 n10 {"messages":[522,512,524,514,503,516,533,526,508,502,527,520,510,523,504,511,506,518,525,513,515,509,521],"msg_id":552,"type":"broadcast"}}
2024/02/25 18:59:37 Sent {"src":"n10","dest":"n12","body":{"in_reply_to":552,"type":"broadcast_ok"}}
2024/02/25 18:59:37 Received {n12 n10 {"in_reply_to":17,"type":"broadcast_ok"}}
2024/02/25 18:59:37 Received {c60 n10 {"type":"read","msg_id":43}}
2024/02/25 18:59:37 Sent {"src":"n10","dest":"c60","body":{"in_reply_to":43,"messages":[32,220,263,421,459,509,150,234,435,143,178,351,394,482,506,65,308,349,211,209,412,403,453,483,397,414,35,48,66,170,320,368,451,444,473,518,130,171,259,342,344,74,218,322,22,140,476,299,327,378,433,182,185,19,33,112,97,142,159,474,523,310,365,373,410,447,87,125,156,240,318,330,50,406,470,124,183,160,345,76,388,313,423,432,31,153,197,264,91,337,370,366,44,64,49,174,42,417,520,53,86,166,193,314,387,141,355,425,103,219,328,311,400,446,78,132,245,295,381,392,214,356,458,266,354,271,278,402,525,71,516,282,360,353,283,46,230,297,391,260,411,486,485,7,162,239,246,276,422,28,118,121,316,450,115,199,285,460,70,274,379,2,223,291,480,6,113,399,463,439,496,58,236,251,284,290,339,507,3,294,548,122,202,203,207,384,408,511,24,59,169,179,208,420,11,55,75,147,323,502,139,431,503,303,457,15,152,216,307,383,377,405,90,108,138,489,194,265,350,180,195,212,73,120,462,490,487,27,84,512,37,165,287,9,333,438,85,346,419,442,252,371,123,253,415,493,30,61,221,301,348,386,479,105,133,164,289,395,484,47,157,315,499,357,389,461,39,225,256,324,107,127,226,492,500,52,92,137,200,281,335,149,280,367,427,186,204,382,426,16,275,361,369,464,329,306,510,57,331,424,418,12,54,224,505,513,4,34,158,167,508,187,215,385,481,146,317,501,80,227,233,300,296,292,68,175,235,269,343,519,83,401,36,257,531,67,111,173,407,466,18,56,81,325,237,304,95,286,23,135,96,168,238,372,514,93,154,196,201,261,352,8,145,184,241,72,188,217,375,148,231,288,326,359,100,151,243,416,206,374,409,106,101,428,478,189,390,17,10,43,99,117,429,515,250,272,347,436,517,495,29,155,222,244,298,437,21,77,131,144,232,279,228,255,277,454,471,63,191,247,338,488,40,104,396,198,336,443,41,89,404,393,455,129,161,302,358,441,468,79,192,293,380,475,533,102,305,467,190,262,248,364,448,477,20,163,210,334,504,341,430,1,25,88,114,268,267,60,62,249,321,526,527,5,38,98,270,522,213,445,465,14,497,51,376,136,413,494,472,116,172,254,469,449,332,452,440,491,456,521,69,134,128,309,498,109,94,0,26,258,312,110,126,119,176,242,273,363,398,434,13,45,181,319,340,362,82,177,205,229,524],"type":"read_ok"}}
2024/02/25 18:59:37 Received {c60 n10 {"type":"broadcast","message":572,"msg_id":44}}
2024/02/25 18:59:37 Sent {"src":"n10","dest":"c60","body":{"in_reply_to":44,"type":"broadcast_ok"}}
2024/02/25 18:59:37 Sent {"src":"n10","dest":"n12","body":{"messages":[572],"msg_id":18,"type":"broadcast"}}
2024/02/25 18:59:37 Received {n12 n10 {"messages":[550,536,540,530,537,551,528,545,542,534,539,538,544,543,535,529,546,532,549,547,541,562,573],"msg_id":564,"type":"broadcast"}}
2024/02/25 18:59:37 Sent {"src":"n10","dest":"n12","body":{"in_reply_to":564,"type":"broadcast_ok"}}
2024/02/25 18:59:37 Received {n12 n10 {"in_reply_to":18,"type":"broadcast_ok"}}
2024/02/25 18:59:37 Received {c60 n10 {"type":"read","msg_id":45}}
2024/02/25 18:59:37 Sent {"src":"n10","dest":"c60","body":{"in_reply_to":45,"messages":[498,572,69,134,128,309,109,94,0,26,258,242,273,312,110,126,119,176,363,398,340,362,434,13,45,181,319,524,82,177,205,229,32,509,220,263,421,459,150,234,435,482,506,143,178,351,394,65,308,349,530,211,573,483,209,412,403,453,320,368,397,414,35,48,66,170,451,444,473,518,344,130,171,259,342,74,218,322,22,140,476,540,299,327,378,433,142,159,182,185,19,33,112,97,474,523,535,447,310,365,373,410,318,330,87,125,156,240,50,406,470,562,124,183,160,345,76,388,313,423,432,541,31,153,197,264,91,337,370,366,44,64,49,174,42,417,520,545,314,387,53,86,166,193,141,355,425,103,219,328,311,381,392,400,446,78,132,245,295,542,214,356,458,266,354,271,278,402,525,71,516,282,360,353,283,46,230,297,391,260,411,486,276,422,485,532,7,162,239,246,450,28,118,121,316,115,199,285,460,70,274,379,2,223,291,480,6,113,399,463,290,339,439,496,58,236,251,284,507,3,294,548,122,202,546,203,207,384,208,420,408,511,24,59,169,179,323,502,549,11,55,75,147,139,431,503,303,457,383,544,15,152,216,307,377,405,90,108,138,489,194,265,350,180,195,212,487,73,120,462,490,27,84,512,547,37,165,287,9,333,438,85,346,419,442,252,371,123,253,551,348,386,415,493,30,61,221,301,395,484,479,105,133,164,289,47,157,315,499,357,389,461,39,225,256,324,107,127,226,281,335,492,500,52,92,137,200,149,280,367,427,536,186,204,382,426,464,16,275,361,369,329,306,510,529,57,331,424,418,513,12,54,224,505,508,4,34,158,167,187,215,385,481,146,317,501,296,292,80,227,233,300,343,519,68,175,235,269,83,401,36,257,531,466,67,111,173,407,18,56,81,325,237,304,95,286,23,135,514,96,168,238,372,261,352,93,154,196,201,8,145,184,241,72,188,217,375,359,148,231,288,326,100,151,243,416,206,374,409,106,101,428,478,189,390,117,429,17,10,43,99,517,495,515,250,272,347,436,298,29,155,222,244,232,279,437,21,77,131,144,471,228,255,277,454,488,63,191,247,338,40,104,396,198,336,443,41,89,404,393,441,468,455,129,161,302,358,475,533,79,192,293,380,102,305,467,539,448,477,190,262,248,364,504,20,163,210,334,268,267,341,430,1,25,88,114,550,534,543,526,527,537,528,60,62,249,321,522,5,38,98,270,213,445,465,14,497,538,51,376,136,413,494,472,449,116,172,254,469,456,521,332,452,440,491],"type":"read_ok"}}
2024/02/25 18:59:37 Received {c60 n10 {"type":"broadcast","message":597,"msg_id":46}}
2024/02/25 18:59:37 Sent {"src":"n10","dest":"c60","body":{"in_reply_to":46,"type":"broadcast_ok"}}
2024/02/25 18:59:37 Sent {"src":"n10","dest":"n12","body":{"messages":[597],"msg_id":19,"type":"broadcast"}}
2024/02/25 18:59:38 Received {n12 n10 {"messages":[564,556,555,559,560,558,571,553,569,552,568,567,566,561,554,565,574,557,570,563],"msg_id":587,"type":"broadcast"}}
2024/02/25 18:59:38 Sent {"src":"n10","dest":"n12","body":{"in_reply_to":587,"type":"broadcast_ok"}}
2024/02/25 18:59:38 Received {n12 n10 {"in_reply_to":19,"type":"broadcast_ok"}}
2024/02/25 18:59:38 Received {c60 n10 {"type":"read","msg_id":47}}
2024/02/25 18:59:38 Sent {"src":"n10","dest":"c60","body":{"in_reply_to":47,"messages":[202,546,122,207,384,203,59,169,179,208,420,408,511,24,55,75,147,323,502,549,11,431,503,139,457,303,152,216,307,383,544,15,405,377,108,138,489,90,265,350,194,195,212,180,120,462,490,487,73,84,512,547,553,27,165,287,37,333,438,9,346,419,442,85,371,252,253,551,564,123,61,221,301,348,386,415,493,30,133,164,289,395,484,479,105,157,315,499,47,389,461,357,225,256,324,39,127,226,107,92,137,200,281,335,492,500,52,280,367,427,149,204,382,426,536,186,275,361,369,464,16,306,510,529,329,331,424,418,57,54,224,505,513,12,34,158,167,508,4,215,385,481,187,317,501,559,146,227,233,300,296,292,80,175,235,269,343,519,68,401,83,257,531,36,111,173,407,466,67,56,81,325,18,304,237,286,95,135,23,168,238,372,514,96,154,196,201,261,352,93,145,184,241,567,8,188,217,375,72,231,288,326,359,558,148,151,243,416,554,100,374,409,568,206,101,428,478,106,390,189,10,43,99,117,429,17,272,347,436,517,495,515,250,155,222,244,298,29,77,131,144,232,279,437,21,255,277,454,471,228,191,247,338,488,63,104,396,561,40,336,443,198,89,404,571,41,393,161,302,358,441,468,455,129,192,293,380,475,533,79,305,467,539,102,262,248,364,448,477,190,163,210,334,504,566,20,25,88,114,268,267,341,430,1,534,543,550,62,249,321,526,527,537,528,60,38,98,270,522,570,5,445,465,213,497,538,14,376,51,413,136,472,494,172,254,469,449,116,452,440,491,456,521,332,134,128,309,498,572,69,94,109,26,258,0,126,119,176,242,273,312,569,110,398,363,45,181,319,340,362,434,555,13,177,205,229,524,82,32,263,421,459,509,220,234,435,150,178,351,394,482,506,143,308,349,530,65,573,211,412,403,453,483,209,48,66,170,320,368,397,414,35,444,473,518,451,171,259,342,344,130,218,322,74,140,476,540,22,327,378,433,556,299,33,112,97,142,159,182,185,19,523,535,474,365,373,410,447,310,125,156,240,318,330,87,406,470,562,50,183,160,345,124,388,557,76,423,432,541,313,153,197,264,31,337,370,366,91,64,49,174,44,417,520,545,42,86,166,193,314,387,53,355,425,141,219,328,311,597,103,132,245,295,381,392,400,446,78,542,356,458,560,214,354,563,266,278,402,525,271,516,71,360,353,282,574,283,230,297,391,46,411,486,260,162,239,246,276,422,485,532,7,118,121,316,450,28,199,285,460,115,274,379,552,70,223,291,480,2,113,399,463,6,236,251,284,290,339,439,496,58,507,294,548,565,3],"type":"read_ok"}}
2024/02/25 18:59:38 Received {n12 n10 {"messages":[587,600,578,575,588,584,582,595,583,581,594,598,592,577,586,591,585,599,579,590,580,593,596,576,589,610],"msg_id":605,"type":"broadcast"}}
2024/02/25 18:59:38 Received {c60 n10 {"type":"broadcast","message":622,"msg_id":48}}
2024/02/25 18:59:38 Sent {"src":"n10","dest":"n12","body":{"in_reply_to":605,"type":"broadcast_ok"}}
2024/02/25 18:59:38 Sent {"src":"n10","dest":"c60","body":{"in_reply_to":48,"type":"broadcast_ok"}}
2024/02/25 18:59:38 Received {c60 n10 {"type":"broadcast","message":637,"msg_id":49}}
2024/02/25 18:59:38 Sent {"src":"n10","dest":"c60","body":{"in_reply_to":49,"type":"broadcast_ok"}}
2024/02/25 18:59:38 Sent {"src":"n10","dest":"n12","body":{"messages":[622,637],"msg_id":20,"type":"broadcast"}}
2024/02/25 18:59:39 Received {n12 n10 {"messages":[602,614,615,624,618,607,619,601,613,606,609,611,617,605,612,604,616,603,608,638],"msg_id":636,"type":"broadcast"}}
2024/02/25 18:59:39 Sent {"src":"n10","dest":"n12","body":{"in_reply_to":636,"type":"broadcast_ok"}}
2024/02/25 18:59:39 Received {n12 n10 {"in_reply_to":20,"type":"broadcast_ok"}}
2024/02/25 18:59:39 Received {c60 n10 {"type":"broadcast","message":654,"msg_id":50}}
2024/02/25 18:59:39 Sent {"src":"n10","dest":"c60","body":{"in_reply_to":50,"type":"broadcast_ok"}}
2024/02/25 18:59:39 Received {c60 n10 {"type":"broadcast","message":666,"msg_id":51}}
2024/02/25 18:59:39 Sent {"src":"n10","dest":"c60","body":{"in_reply_to":51,"type":"broadcast_ok"}}
2024/02/25 18:59:39 Sent {"src":"n10","dest":"n12","body":{"messages":[654,666],"msg_id":21,"type":"broadcast"}}
2024/02/25 18:59:39 Received {n12 n10 {"messages":[629,644,642,636,620,627,641,623,631,625,639,626,640,630,633,634,621,632,628,643,635,668],"msg_id":658,"type":"broadcast"}}
2024/02/25 18:59:39 Sent {"src":"n10","dest":"n12","body":{"in_reply_to":658,"type":"broadcast_ok"}}
2024/02/25 18:59:39 Received {n12 n10 {"in_reply_to":21,"type":"broadcast_ok"}}
2024/02/25 18:59:39 Received {c60 n10 {"type":"read","msg_id":52}}
2024/02/25 18:59:39 Sent {"src":"n10","dest":"c60","body":{"in_reply_to":52,"messages":[357,389,461,324,39,225,256,585,107,127,226,200,281,335,492,500,52,92,137,427,640,149,280,367,426,536,625,186,204,382,369,464,16,275,361,529,329,306,510,418,57,331,424,505,513,605,12,54,224,167,508,4,34,158,481,187,215,385,559,619,635,146,317,501,300,296,292,598,80,227,233,269,343,519,628,68,175,235,83,401,36,257,531,407,466,610,67,111,173,325,18,56,81,237,304,95,286,594,23,135,626,372,514,612,96,168,238,201,261,352,622,623,93,154,196,241,567,8,145,184,375,599,603,72,188,217,326,359,558,638,148,231,288,416,554,100,151,243,568,206,374,409,478,106,101,428,189,390,99,117,429,17,10,43,436,517,495,515,593,250,272,347,627,244,298,577,29,155,222,144,232,279,437,666,21,77,131,454,471,228,255,277,338,488,578,63,191,247,561,40,104,396,198,336,443,571,41,89,404,393,358,441,468,455,630,129,161,302,380,475,533,601,606,79,192,293,539,102,305,467,364,448,477,190,262,248,334,504,566,20,163,210,114,268,267,341,430,1,25,88,550,534,543,321,526,527,537,528,60,62,249,270,522,570,5,38,98,213,445,465,14,497,538,51,376,136,413,494,472,469,449,116,172,254,491,456,521,583,668,332,452,440,309,498,572,69,134,128,109,94,617,0,26,258,176,242,273,312,569,110,126,119,586,363,398,319,340,362,434,555,13,45,181,229,524,82,177,205,32,575,459,509,220,263,421,615,150,234,435,394,482,506,143,178,351,530,609,65,308,349,211,573,654,453,483,209,412,403,170,320,368,397,414,35,48,66,518,451,444,473,342,344,644,130,171,259,74,218,322,540,642,22,140,476,433,556,299,327,378,97,142,159,182,185,19,33,112,607,474,523,535,410,447,631,310,365,373,240,318,330,604,87,125,156,562,50,406,470,345,124,183,160,76,388,557,541,313,423,432,264,31,153,197,366,91,337,370,174,639,44,64,49,545,42,417,520,193,314,387,576,53,86,166,632,141,355,425,311,597,103,219,328,295,381,392,400,446,78,132,245,589,614,608,542,600,595,560,581,634,621,214,356,458,580,602,266,354,563,525,271,278,402,71,516,590,282,360,353,283,574,391,46,230,297,260,411,486,246,276,422,485,532,7,162,239,316,450,643,28,118,121,460,115,199,285,552,579,618,70,274,379,480,641,2,223,291,463,636,6,113,399,284,290,339,439,496,58,236,251,507,629,565,633,3,294,548,122,202,546,596,203,207,384,179,208,420,408,511,24,59,169,147,323,502,549,587,11,55,75,592,139,431,503,303,457,307,383,544,15,152,216,377,405,489,90,108,138,613,194,265,350,180,195,212,490,487,582,73,120,462,547,553,27,84,512,616,37,165,287,611,9,333,438,442,624,85,346,419,252,371,588,564,591,637,620,123,253,551,301,348,386,415,493,30,61,221,584,289,395,484,479,105,133,164,499,47,157,315],"type":"read_ok"}}
2024/02/25 18:59:40 Received {n12 n10 {"messages":[652,664,656,648,661,660,655,667,646,659,653,665,647,645,658,651,663,649,650,662,657],"msg_id":674,"type":"broadcast"}}
2024/02/25 18:59:40 Received {c60 n10 {"type":"broadcast","message":693,"msg_id":53}}
2024/02/25 18:59:40 Sent {"src":"n10","dest":"n12","body":{"in_reply_to":674,"type":"broadcast_ok"}}
2024/02/25 18:59:40 Sent {"src":"n10","dest":"c60","body":{"in_reply_to":53,"type":"broadcast_ok"}}
2024/02/25 18:59:40 Received {c60 n10 {"type":"broadcast","message":705,"msg_id":54}}
2024/02/25 18:59:40 Sent {"src":"n10","dest":"c60","body":{"in_reply_to":54,"type":"broadcast_ok"}}
2024/02/25 18:59:40 Sent {"src":"n10","dest":"n12","body":{"messages":[693,705],"msg_id":22,"type":"broadcast"}}
2024/02/25 18:59:40 Received {n12 n10 {"messages":[675,679,685,684,673,671,682,670,681,669,680,676,687,688,672,683,689,674,677,678,686,706],"msg_id":702,"type":"broadcast"}}
2024/02/25 18:59:40 Sent {"src":"n10","dest":"n12","body":{"in_reply_to":702,"type":"broadcast_ok"}}
2024/02/25 18:59:40 Received {n12 n10 {"in_reply_to":22,"type":"broadcast_ok"}}
2024/02/25 18:59:40 Received {c60 n10 {"type":"read","msg_id":55}}
2024/02/25 18:59:40 Sent {"src":"n10","dest":"c60","body":{"in_reply_to":55,"messages":[511,24,59,169,179,208,420,408,693,706,587,11,55,75,147,323,502,549,139,431,503,592,303,457,663,15,152,216,307,383,544,647,377,405,676,90,108,138,489,650,194,265,350,613,180,195,212,656,73,120,462,490,487,582,27,84,512,547,553,687,37,165,287,616,9,333,438,611,685,85,346,419,442,624,665,252,371,588,651,123,253,551,564,591,637,620,493,30,61,221,301,348,386,415,584,105,133,164,289,395,484,479,47,157,315,499,357,389,461,39,225,256,324,107,127,226,585,500,52,92,137,200,281,335,492,149,280,367,427,640,652,186,204,382,426,536,625,16,275,361,369,464,329,306,510,529,57,331,424,418,12,54,224,505,513,605,679,4,34,158,167,508,187,215,385,481,657,146,317,501,559,619,635,661,689,80,227,233,300,296,292,598,68,175,235,269,343,519,628,83,401,36,257,531,67,111,173,407,466,610,18,56,81,325,237,304,95,286,594,23,135,626,675,96,168,238,372,514,612,623,93,154,196,201,261,352,622,688,8,145,184,241,567,72,188,217,375,599,603,645,682,148,231,288,326,359,558,638,100,151,243,416,554,206,374,409,568,106,101,428,478,669,189,390,17,10,43,99,117,429,593,250,272,347,436,517,495,515,627,29,155,222,244,298,577,666,21,77,131,144,232,279,437,677,686,228,255,277,454,471,63,191,247,338,488,578,40,104,396,561,660,198,336,443,41,89,404,571,670,393,630,129,161,302,358,441,468,455,606,79,192,293,380,475,533,601,102,305,467,539,705,190,262,248,364,448,477,20,163,210,334,504,566,430,1,25,88,114,268,267,341,550,534,543,528,60,62,249,321,526,527,537,5,38,98,270,522,570,662,213,445,465,683,14,497,538,51,376,136,413,494,472,655,659,116,172,254,469,449,668,332,452,440,491,456,521,583,69,134,128,309,498,572,109,94,0,26,258,617,569,110,126,119,176,242,273,312,586,673,363,398,555,13,45,181,319,340,362,434,82,177,205,229,524,32,575,220,263,421,459,509,150,234,435,615,143,178,351,394,482,506,65,308,349,530,609,211,573,654,209,412,403,453,483,648,414,35,48,66,170,320,368,397,451,444,473,518,671,130,171,259,342,344,644,674,74,218,322,22,140,476,540,642,299,327,378,433,556,649,672,185,19,33,112,97,142,159,182,474,523,535,607,684,310,365,373,410,447,631,87,125,156,240,318,330,604,50,406,470,562,124,183,160,345,76,388,557,313,423,432,541,31,153,197,264,91,337,370,366,44,64,49,174,639,42,417,520,545,664,53,86,166,193,314,387,576,141,355,425,632,103,219,328,311,597,646,446,78,132,245,295,381,392,400,542,600,595,589,614,608,214,356,458,560,581,634,621,266,354,563,580,602,271,278,402,525,71,516,658,282,360,353,590,283,574,46,230,297,391,260,411,486,532,7,162,239,246,276,422,485,680,28,118,121,316,450,643,115,199,285,460,70,274,379,552,579,618,2,223,291,480,641,6,113,399,463,636,667,496,58,236,251,284,290,339,439,507,629,3,294,548,565,633,681,122,202,546,653,678,203,207,384,596],"type":"read_ok"}}
2024/02/25 18:59:40 Received {c60 n10 {"type":"read","msg_id":56}}
2024/02/25 18:59:40 Sent {"src":"n10","dest":"c60","body":{"in_reply_to":56,"messages":[559,619,635,661,657,146,317,501,300,296,292,598,689,80,227,233,269,343,519,628,68,175,235,83,401,36,257,531,407,466,610,67,111,173,325,18,56,81,237,304,95,286,594,675,23,135,626,372,514,612,96,168,238,201,261,352,622,623,93,154,196,688,241,567,8,145,184,375,599,603,645,72,188,217,326,359,558,638,682,148,231,288,416,554,100,151,243,568,206,374,409,478,669,106,101,428,189,390,99,117,429,17,10,43,436,517,495,515,593,250,272,347,627,244,298,577,29,155,222,144,232,279,437,666,21,77,131,677,686,454,471,228,255,277,338,488,578,63,191,247,561,660,40,104,396,198,336,443,571,670,41,89,404,393,358,441,468,455,630,129,161,302,380,475,533,601,606,79,192,293,539,705,102,305,467,364,448,477,190,262,248,334,504,566,20,163,210,114,268,267,341,430,1,25,88,550,534,543,321,526,527,537,528,60,62,249,270,522,570,662,5,38,98,683,213,445,465,14,497,538,51,376,136,413,659,494,472,655,469,449,116,172,254,491,456,521,583,668,332,452,440,309,498,572,69,134,128,109,94,617,0,26,258,176,242,273,312,569,110,126,119,586,673,363,398,319,340,362,434,555,13,45,181,229,524,82,177,205,32,575,459,509,220,263,421,615,150,234,435,394,482,506,143,178,351,530,609,65,308,349,211,573,654,453,483,648,209,412,403,170,320,368,397,414,35,48,66,518,671,451,444,473,342,344,644,674,130,171,259,74,218,322,540,642,22,140,476,433,556,649,672,299,327,378,97,142,159,182,185,19,33,112,607,684,474,523,535,410,447,631,310,365,373,240,318,330,604,87,125,156,562,50,406,470,345,124,183,160,76,388,557,541,313,423,432,264,31,153,197,366,91,337,370,174,639,44,64,49,545,42,417,520,193,314,387,576,664,53,86,166,632,141,355,425,311,597,646,103,219,328,295,381,392,400,446,78,132,245,589,614,608,542,600,595,560,581,634,621,214,356,458,580,602,266,354,563,525,271,278,402,71,516,658,590,282,360,353,283,574,391,46,230,297,260,411,486,246,276,422,485,532,7,162,239,680,316,450,643,28,118,121,460,115,199,285,552,579,618,70,274,379,480,641,2,223,291,463,636,667,6,113,399,284,290,339,439,496,58,236,251,507,629,565,633,681,3,294,548,653,678,122,202,546,596,203,207,384,179,208,420,408,511,24,59,169,693,706,147,323,502,549,587,11,55,75,592,139,431,503,303,457,663,307,383,544,647,15,152,216,377,405,676,489,650,90,108,138,613,194,265,350,656,180,195,212,490,487,582,73,120,462,547,553,687,27,84,512,616,37,165,287,611,685,9,333,438,442,624,665,85,346,419,252,371,588,564,591,637,620,651,123,253,551,301,348,386,415,493,30,61,221,584,289,395,484,479,105,133,164,499,47,157,315,357,389,461,324,39,225,256,585,107,127,226,200,281,335,492,500,52,92,137,427,640,652,149,280,367,426,536,625,186,204,382,369,464,16,275,361,529,329,306,510,418,57,331,424,505,513,605,679,12,54,224,167,508,4,34,158,481,187,215,385],"type":"read_ok"}}
2024/02/25 18:59:41 Received {n12 n10 {"messages":[699,698,692,690,702,700,694,708,703,695,707,696,709,701,704,691,697],"msg_id":732,"type":"broadcast"}}
2024/02/25 18:59:41 Sent {"src":"n10","dest":"n12","body":{"in_reply_to":732,"type":"broadcast_ok"}}
2024/02/25 18:59:41 Received {c60 n10 {"type":"read","msg_id":57}}
2024/02/25 18:59:41 Sent {"src":"n10","dest":"c60","body":{"in_reply_to":57,"messages":[29,155,222,244,298,577,437,666,21,77,131,144,232,279,677,686,228,255,277,454,471,63,191,247,338,488,578,40,104,396,561,660,198,336,443,41,89,404,571,670,393,455,630,129,161,302,358,441,468,701,704,601,606,79,192,293,380,475,533,700,102,305,467,539,705,190,262,248,364,448,477,696,20,163,210,334,504,566,341,430,1,25,88,114,268,267,550,534,543,537,528,60,62,249,321,526,527,662,5,38,98,270,522,570,213,445,465,683,14,497,538,692,51,376,136,413,494,472,655,659,116,172,254,469,449,583,668,332,452,440,491,456,521,707,69,134,128,309,498,572,109,94,0,26,258,617,312,569,110,126,119,176,242,273,586,673,363,398,434,555,13,45,181,319,340,362,82,177,205,229,524,32,575,697,220,263,421,459,509,150,234,435,615,143,178,351,394,482,506,65,308,349,530,609,211,573,654,209,412,403,453,483,648,397,414,35,48,66,170,320,368,451,444,473,518,671,709,674,130,171,259,342,344,644,74,218,322,22,140,476,540,642,672,299,327,378,433,556,649,182,185,19,33,112,97,142,159,474,523,535,607,684,310,365,373,410,447,631,604,87,125,156,240,318,330,50,406,470,562,124,183,160,345,76,388,557,703,313,423,432,541,31,153,197,264,91,337,370,366,44,64,49,174,639,42,417,520,545,576,664,53,86,166,193,314,387,141,355,425,632,103,219,328,311,597,646,400,446,78,132,245,295,381,392,542,600,595,589,614,608,621,698,214,356,458,560,581,634,266,354,563,580,602,271,278,402,525,71,516,658,282,360,353,590,283,574,690,46,230,297,391,260,411,486,485,532,7,162,239,246,276,422,680,28,118,121,316,450,643,115,199,285,460,70,274,379,552,579,618,2,223,291,480,641,702,6,113,399,463,636,667,439,496,58,236,251,284,290,339,507,629,695,3,294,548,565,633,681,122,202,546,653,678,203,207,384,596,408,511,24,59,169,179,208,420,693,706,549,587,11,55,75,147,323,502,139,431,503,592,303,457,663,647,15,152,216,307,383,544,377,405,676,90,108,138,489,650,194,265,350,613,180,195,212,656,73,120,462,490,487,582,27,84,512,547,553,687,37,165,287,616,9,333,438,611,685,85,346,419,442,624,665,252,371,588,620,651,123,253,551,564,591,637,415,493,30,61,221,301,348,386,584,479,105,133,164,289,395,484,47,157,315,499,357,389,461,39,225,256,324,107,127,226,585,492,500,52,92,137,200,281,335,699,149,280,367,427,640,652,186,204,382,426,536,625,16,275,361,369,464,329,306,510,529,57,331,424,418,679,12,54,224,505,513,605,4,34,158,167,508,187,215,385,481,661,657,146,317,501,559,619,635,694,691,598,689,80,227,233,300,296,292,628,68,175,235,269,343,519,83,401,36,257,531,67,111,173,407,466,610,18,56,81,325,237,304,95,286,594,23,135,626,675,96,168,238,372,514,612,622,623,93,154,196,201,261,352,688,8,145,184,241,567,645,72,188,217,375,599,603,638,682,148,231,288,326,359,558,708,100,151,243,416,554,206,374,409,568,106,101,428,478,669,189,390,17,10,43,99,117,429,515,593,250,272,347,436,517,495,627],"type":"read_ok"}}
2024/02/25 18:59:41 Received {n12 n10 {"messages":[723,722,717,713,716,726,714,718,728,727,720,711,719,710,712,724,715,725,721,742],"msg_id":751,"type":"broadcast"}}
2024/02/25 18:59:41 Sent {"src":"n10","dest":"n12","body":{"in_reply_to":751,"type":"broadcast_ok"}}
2024/02/25 18:59:41 Received {c60 n10 {"type":"broadcast","message":758,"msg_id":58}}
2024/02/25 18:59:41 Sent {"src":"n10","dest":"c60","body":{"in_reply_to":58,"type":"broadcast_ok"}}
2024/02/25 18:59:41 Received {c60 n10 {"type":"broadcast","message":774,"msg_id":59}}
2024/02/25 18:59:41 Sent {"src":"n10","dest":"c60","body":{"in_reply_to":59,"type":"broadcast_ok"}}
2024/02/25 18:59:41 Sent {"src":"n10","dest":"n12","body":{"messages":[758,774],"msg_id":23,"type":"broadcast"}}
2024/02/25 18:59:42 Received {n12 n10 {"messages":[749,739,732,746,748,735,738,737,730,744,741,733,734,740,751,731,745,747,729,743,736,750],"msg_id":771,"type":"broadcast"}}
2024/02/25 18:59:42 Sent {"src":"n10","dest":"n12","body":{"in_reply_to":771,"type":"broadcast_ok"}}
2024/02/25 18:59:42 Received {n12 n10 {"in_reply_to":23,"type":"broadcast_ok"}}
2024/02/25 18:59:42 Received {c60 n10 {"type":"read","msg_id":60}}
2024/02/25 18:59:42 Sent {"src":"n10","dest":"c60","body":{"in_reply_to":60,"messages":[329,306,510,529,729,57,331,424,418,605,679,735,12,54,224,505,513,4,34,158,167,508,187,215,385,481,635,661,657,146,317,501,559,619,694,691,292,598,689,80,227,233,300,296,718,519,628,68,175,235,269,343,83,401,36,257,531,742,610,67,111,173,407,466,18,56,81,325,237,304,95,286,594,23,135,626,675,724,612,726,96,168,238,372,514,352,622,623,93,154,196,201,261,688,8,145,184,241,567,603,645,72,188,217,375,599,558,638,682,148,231,288,326,359,708,100,151,243,416,554,748,206,374,409,568,728,106,101,428,478,669,189,390,429,17,10,43,99,117,495,515,593,250,272,347,436,517,627,577,732,29,155,222,244,298,279,437,666,21,77,131,144,232,677,686,737,228,255,277,454,471,578,744,63,191,247,338,488,40,104,396,561,660,198,336,443,710,41,89,404,571,670,393,715,733,468,455,630,129,161,302,358,441,701,704,533,601,606,79,192,293,380,475,700,102,305,467,539,705,477,711,190,262,248,364,448,566,696,716,20,163,210,334,504,736,267,341,430,1,25,88,114,268,550,534,543,527,537,528,60,62,249,321,526,570,662,5,38,98,270,522,213,445,465,683,14,497,538,692,749,51,376,136,413,494,472,655,659,116,172,254,469,449,521,583,668,332,452,440,491,456,707,720,572,69,134,128,309,498,109,94,750,0,26,258,617,273,312,569,110,126,119,176,242,586,673,363,398,739,362,434,555,13,45,181,319,340,82,177,205,229,524,32,575,697,220,263,421,459,509,150,234,435,615,721,506,143,178,351,394,482,746,65,308,349,530,609,211,573,654,648,714,209,412,403,453,483,368,397,414,35,48,66,170,320,709,722,451,444,473,518,671,644,674,717,130,171,259,342,344,712,74,218,322,22,140,476,540,642,649,672,299,327,378,433,556,159,182,185,19,33,112,97,142,474,523,535,607,684,631,310,365,373,410,447,330,604,87,125,156,240,318,50,406,470,562,124,183,160,345,774,76,388,557,703,313,423,432,541,31,153,197,264,91,337,370,366,44,64,49,174,639,42,417,520,545,387,576,664,53,86,166,193,314,141,355,425,632,646,103,219,328,311,597,392,400,446,78,132,245,295,381,608,713,542,600,595,589,614,634,621,698,214,356,458,560,581,266,354,563,580,602,271,278,402,525,71,516,658,282,360,353,590,283,574,690,758,46,230,297,391,751,260,411,486,422,485,532,7,162,239,246,276,680,740,643,28,118,121,316,450,115,199,285,460,618,743,70,274,379,552,579,2,223,291,480,641,667,702,6,113,399,463,636,339,439,496,58,236,251,284,290,507,629,695,681,3,294,548,565,633,723,725,734,122,202,546,653,678,203,207,384,596,420,408,511,24,59,169,179,208,693,706,502,549,587,11,55,75,147,323,719,139,431,503,592,730,303,457,663,544,647,15,152,216,307,383,377,405,676,90,108,138,489,650,194,265,350,613,180,195,212,656,582,73,120,462,490,487,687,27,84,512,547,553,37,165,287,616,747,9,333,438,611,685,665,738,85,346,419,442,624,252,371,588,637,620,651,123,253,551,564,591,741,386,415,493,30,61,221,301,348,584,727,484,479,105,133,164,289,395,47,157,315,499,357,389,461,39,225,256,324,107,127,226,585,745,335,492,500,52,92,137,200,281,652,699,149,280,367,427,640,625,731,186,204,382,426,536,16,275,361,369,464],"type":"read_ok"}}
2024/02/25 18:59:42 Received {n12 n10 {"messages":[757,772,752,765,762,754,756,771,769,776,770,759,753,767,768,773,766,764,760,775,761,777,755,763],"msg_id":797,"type":"broadcast"}}
2024/02/25 18:59:42 Received {c60 n10 {"type":"broadcast","message":795,"msg_id":61}}
2024/02/25 18:59:42 Sent {"src":"n10","dest":"n12","body":{"in_reply_to":797,"type":"broadcast_ok"}}
2024/02/25 18:59:42 Sent {"src":"n10","dest":"c60","body":{"in_reply_to":61,"type":"broadcast_ok"}}
2024/02/25 18:59:42 Received {c60 n10 {"type":"broadcast","message":808,"msg_id":62}}
2024/02/25 18:59:42 Sent {"src":"n10","dest":"c60","body":{"in_reply_to":62,"type":"broadcast_ok"}}
2024/02/25 18:59:42 Sent {"src":"n10","dest":"n12","body":{"messages":[795,808],"msg_id":24,"type":"broadcast"}}
2024/02/25 18:59:43 Received {n12 n10 {"messages":[779,789,786,783,788,781,784,790,792,785,780,793,778,791,787,782,809],"msg_id":833,"type":"broadcast"}}
2024/02/25 18:59:43 Received {c60 n10 {"type":"broadcast","message":821,"msg_id":63}}
2024/02/25 18:59:43 Sent {"src":"n10","dest":"n12","body":{"in_reply_to":833,"type":"broadcast_ok"}}
2024/02/25 18:59:43 Sent {"src":"n10","dest":"c60","body":{"in_reply_to":63,"type":"broadcast_ok"}}
2024/02/25 18:59:43 Received {n12 n10 {"in_reply_to":24,"type":"broadcast_ok"}}
2024/02/25 18:59:43 Received {c60 n10 {"type":"read","msg_id":64}}
2024/02/25 18:59:43 Sent {"src":"n10","dest":"c60","body":{"in_reply_to":64,"messages":[192,293,380,475,533,601,606,79,700,305,467,539,705,759,753,102,262,248,364,448,477,711,785,190,163,210,334,504,566,696,716,20,773,736,25,88,114,268,267,341,430,1,534,543,775,550,62,249,321,526,527,537,528,60,38,98,270,522,570,662,770,5,788,445,465,683,213,497,538,692,749,14,376,51,413,136,472,655,659,494,172,254,469,449,116,452,440,491,456,521,583,668,332,720,707,134,128,309,498,572,790,69,94,750,787,109,26,258,617,0,126,119,176,242,273,312,569,110,673,586,398,739,821,363,45,181,319,340,362,434,555,13,756,177,205,229,524,769,82,575,697,32,263,421,459,509,780,220,234,435,615,721,150,178,351,394,482,506,143,308,349,530,609,746,65,573,654,211,412,403,453,483,648,714,209,48,66,170,320,368,397,414,35,444,473,518,671,709,722,451,171,259,342,344,644,674,717,130,712,218,322,74,140,476,540,642,779,22,327,378,433,556,649,672,299,33,112,97,142,159,182,185,19,523,535,607,684,474,365,373,410,447,631,310,125,156,240,318,330,604,87,406,470,562,50,183,160,345,774,124,388,557,703,76,423,432,541,313,153,197,264,31,337,370,366,91,64,49,174,639,781,44,417,520,545,42,86,166,193,314,387,576,664,53,355,425,632,141,219,328,311,597,646,103,132,245,295,381,392,400,446,78,600,595,589,614,608,713,763,542,782,356,458,560,581,634,621,698,214,768,354,563,580,602,266,278,402,525,776,271,516,658,71,360,353,590,282,574,690,758,283,230,297,391,751,764,46,411,486,260,162,239,246,276,422,485,532,7,740,783,680,118,121,316,450,643,28,199,285,460,115,274,379,552,579,618,743,70,223,291,480,641,2,113,399,463,636,667,702,752,6,778,236,251,284,290,339,439,496,58,629,695,507,294,548,565,633,681,3,202,546,653,678,723,725,734,122,207,384,596,777,203,59,169,179,208,420,408,511,24,706,693,55,75,147,323,502,549,587,11,719,431,503,592,730,139,457,663,303,152,216,307,383,544,647,15,405,676,377,108,138,489,650,754,90,265,350,613,789,194,195,212,656,761,784,180,120,462,490,487,582,73,84,512,547,553,687,27,165,287,616,747,37,333,438,611,685,9,346,419,442,624,665,738,771,85,371,588,252,253,551,564,591,637,620,651,123,766,741,61,221,301,348,386,415,493,30,727,584,133,164,289,395,484,479,105,157,315,499,757,792,47,389,461,357,225,256,324,39,127,226,585,745,107,92,137,200,281,335,492,500,52,280,367,427,640,652,699,767,149,204,382,426,536,625,731,186,275,361,369,464,16,306,510,529,729,329,331,424,418,57,54,224,505,513,605,679,735,12,760,34,158,167,508,4,215,385,481,187,317,501,559,619,635,661,657,146,691,694,227,233,300,296,292,598,689,80,718,175,235,269,343,519,628,809,68,401,83,257,531,742,36,111,173,407,466,610,67,56,81,325,18,304,237,286,594,95,135,626,675,724,23,168,238,372,514,612,726,96,154,196,201,261,352,622,623,93,688,145,184,241,567,808,793,8,188,217,375,599,603,645,72,231,288,326,359,558,638,682,148,708,151,243,416,554,100,374,409,568,728,748,206,101,428,478,669,755,106,390,189,10,43,99,117,429,765,17,272,347,436,517,495,515,593,250,627,155,222,244,298,577,732,29,77,131,144,232,279,437,666,21,686,677,255,277,454,471,737,762,795,228,786,191,247,338,488,578,744,63,104,396,561,660,40,336,443,710,772,198,89,404,571,670,41,715,733,791,393,161,302,358,441,468,455,630,129,704,701],"type":"read_ok"}}
2024/02/25 18:59:43 Received {c60 n10 {"type":"read","msg_id":65}}
2024/02/25 18:59:43 Sent {"src":"n10","dest":"c60","body":{"in_reply_to":65,"messages":[746,65,308,349,530,609,211,573,654,648,714,209,412,403,453,483,368,397,414,35,48,66,170,320,709,722,451,444,473,518,671,644,674,717,130,171,259,342,344,712,74,218,322,779,22,140,476,540,642,649,672,299,327,378,433,556,159,182,185,19,33,112,97,142,474,523,535,607,684,631,310,365,373,410,447,330,604,87,125,156,240,318,50,406,470,562,124,183,160,345,774,76,388,557,703,313,423,432,541,31,153,197,264,91,337,370,366,781,44,64,49,174,639,42,417,520,545,387,576,664,53,86,166,193,314,141,355,425,632,646,103,219,328,311,597,392,400,446,78,132,245,295,381,608,713,763,542,600,595,589,614,782,634,621,698,214,356,458,560,581,768,266,354,563,580,602,271,278,402,525,776,71,516,658,282,360,353,590,283,574,690,758,764,46,230,297,391,751,260,411,486,422,485,532,7,162,239,246,276,680,740,783,643,28,118,121,316,450,115,199,285,460,618,743,70,274,379,552,579,2,223,291,480,641,667,702,752,6,113,399,463,636,778,339,439,496,58,236,251,284,290,507,629,695,681,3,294,548,565,633,723,725,734,122,202,546,653,678,203,207,384,596,777,420,408,511,24,59,169,179,208,693,706,502,549,587,11,55,75,147,323,719,139,431,503,592,730,303,457,663,544,647,15,152,216,307,383,377,405,676,754,90,108,138,489,650,194,265,350,613,789,784,180,195,212,656,761,582,73,120,462,490,487,687,27,84,512,547,553,37,165,287,616,747,9,333,438,611,685,665,738,771,85,346,419,442,624,252,371,588,637,620,651,123,253,551,564,591,741,766,386,415,493,30,61,221,301,348,584,727,484,479,105,133,164,289,395,792,47,157,315,499,757,357,389,461,39,225,256,324,107,127,226,585,745,335,492,500,52,92,137,200,281,652,699,767,149,280,367,427,640,625,731,186,204,382,426,536,16,275,361,369,464,329,306,510,529,729,57,331,424,418,605,679,735,12,54,224,505,513,760,4,34,158,167,508,187,215,385,481,635,661,657,146,317,501,559,619,694,691,292,598,689,80,227,233,300,296,718,519,628,809,68,175,235,269,343,83,401,36,257,531,742,610,67,111,173,407,466,18,56,81,325,237,304,95,286,594,23,135,626,675,724,612,726,96,168,238,372,514,352,622,623,93,154,196,201,261,688,808,793,8,145,184,241,567,603,645,72,188,217,375,599,558,638,682,148,231,288,326,359,708,100,151,243,416,554,748,206,374,409,568,728,755,106,101,428,478,669,189,390,429,765,17,10,43,99,117,495,515,593,250,272,347,436,517,627,577,732,29,155,222,244,298,279,437,666,21,77,131,144,232,677,686,737,762,795,228,255,277,454,471,786,578,744,63,191,247,338,488,40,104,396,561,660,198,336,443,710,772,41,89,404,571,670,393,715,733,791,468,455,630,129,161,302,358,441,701,704,533,601,606,79,192,293,380,475,700,759,753,102,305,467,539,705,477,711,785,190,262,248,364,448,566,696,716,20,163,210,334,504,736,773,267,341,430,1,25,88,114,268,550,534,543,775,527,537,528,60,62,249,321,526,570,662,770,5,38,98,270,522,788,213,445,465,683,14,497,538,692,749,51,376,136,413,494,472,655,659,116,172,254,469,449,521,583,668,332,452,440,491,456,707,720,572,790,69,134,128,309,498,109,94,750,787,0,26,258,617,273,312,569,110,126,119,176,242,586,673,363,398,739,821,362,434,555,13,45,181,319,340,756,769,82,177,205,229,524,32,575,697,780,220,263,421,459,509,150,234,435,615,721,506,143,178,351,394,482],"type":"read_ok"}}
2024/02/25 18:59:43 Sent {"src":"n10","dest":"n12","body":{"messages":[821],"msg_id":25,"type":"broadcast"}}
2024/02/25 18:59:43 Received {n12 n10 {"messages":[812,798,811,800,813,807,805,804,801,815,797,810,794,803,806,802,796,814,799,822],"msg_id":851,"type":"broadcast"}}
2024/02/25 18:59:43 Sent {"src":"n10","dest":"n12","body":{"in_reply_to":851,"type":"broadcast_ok"}}
2024/02/25 18:59:43 Received {n12 n10 {"in_reply_to":25,"type":"broadcast_ok"}}
2024/02/25 18:59:43 Received {c60 n10 {"type":"read","msg_id":66}}
2024/02/25 18:59:43 Sent {"src":"n10","dest":"c60","body":{"in_reply_to":66,"messages":[275,361,369,464,16,306,510,529,729,329,331,424,418,57,54,224,505,513,605,679,735,12,760,34,158,167,508,4,215,385,481,187,317,501,559,619,635,661,657,146,691,694,227,233,300,296,292,598,689,80,718,175,235,269,343,519,628,809,68,401,794,83,257,531,742,36,111,173,407,466,610,67,56,81,325,18,304,237,286,594,95,135,626,675,724,23,168,238,372,514,612,726,96,154,196,201,261,352,622,623,93,814,688,145,184,241,567,808,793,8,188,217,375,599,603,645,810,72,799,231,288,326,359,558,638,682,148,708,151,243,416,554,100,374,409,568,728,748,206,101,428,478,669,755,106,390,189,10,43,99,117,429,765,17,272,347,436,517,495,515,593,250,627,155,222,244,298,577,732,29,77,131,144,232,279,437,666,21,686,677,255,277,454,471,737,762,795,228,786,191,247,338,488,578,744,63,104,396,561,660,40,336,443,710,772,803,198,89,404,571,670,41,715,733,791,393,161,302,358,441,468,455,630,129,704,701,192,293,380,475,533,601,606,79,700,305,467,539,705,759,753,812,102,262,248,364,448,477,711,785,190,163,210,334,504,566,696,716,20,773,805,736,25,88,114,268,267,341,430,1,534,543,775,550,62,249,321,526,527,537,528,60,38,98,270,522,570,662,770,5,788,445,465,683,213,497,538,692,749,14,376,800,51,413,136,472,655,659,815,494,172,254,469,449,116,452,440,491,456,521,583,668,332,720,707,134,128,309,498,572,790,69,94,750,787,109,26,258,617,0,126,119,176,242,273,312,569,110,673,586,398,739,821,363,45,181,319,340,362,434,555,13,756,177,205,229,524,769,82,575,697,32,263,421,459,509,780,220,234,435,615,721,150,178,351,394,482,506,143,308,349,530,609,746,801,65,573,654,211,412,403,453,483,648,714,209,48,66,170,320,368,397,414,35,444,473,518,671,709,722,451,171,259,342,344,644,674,717,130,712,218,322,74,140,476,540,642,779,22,327,378,433,556,649,672,299,33,112,97,142,159,182,185,19,523,535,607,684,474,365,373,410,447,631,310,125,156,240,318,330,604,87,406,470,562,50,183,160,345,774,124,388,557,703,76,423,432,541,313,153,197,264,796,31,337,370,366,91,64,49,174,639,781,44,417,520,545,813,42,86,166,193,314,387,576,664,53,355,425,632,141,219,328,311,597,646,103,132,245,295,381,392,400,446,78,600,595,589,614,608,713,763,542,782,356,458,560,581,634,621,698,214,768,354,563,580,602,266,278,402,525,776,271,516,658,71,360,353,590,282,574,690,758,283,230,297,391,751,764,46,411,486,260,162,239,246,276,422,485,532,7,740,783,804,806,680,118,121,316,450,643,28,199,285,460,115,274,379,552,579,618,743,70,223,291,480,641,2,113,399,463,636,667,702,752,6,778,236,251,284,290,339,439,496,58,629,695,797,507,294,548,565,633,681,3,202,546,653,678,723,725,734,122,207,384,596,777,203,59,169,179,208,420,408,511,24,706,693,55,75,147,323,502,549,587,11,822,719,431,503,592,730,139,457,663,303,152,216,307,383,544,647,15,405,676,377,108,138,489,650,754,90,265,350,613,789,194,195,212,656,761,784,180,120,462,490,487,582,73,84,512,547,553,687,27,165,287,616,747,807,37,333,438,611,685,9,346,419,442,624,665,738,771,85,371,588,252,253,551,564,591,637,620,651,123,766,741,61,221,301,348,386,415,493,30,727,584,133,164,289,395,484,479,798,105,157,315,499,757,792,802,47,389,461,357,225,256,324,39,127,226,585,745,107,92,137,200,281,335,492,500,52,280,367,427,640,652,699,767,149,811,204,382,426,536,625,731,186],"type":"read_ok"}}
2024/02/25 18:59:43 Received {c60 n10 {"type":"read","msg_id":67}}
2024/02/25 18:59:43 Sent {"src":"n10","dest":"c60","body":{"in_reply_to":67,"messages":[408,511,24,59,169,179,208,420,693,706,549,587,11,55,75,147,323,502,719,822,139,431,503,592,730,303,457,663,647,15,152,216,307,383,544,377,405,676,90,108,138,489,650,754,194,265,350,613,789,180,195,212,656,761,784,73,120,462,490,487,582,27,84,512,547,553,687,37,165,287,616,747,807,9,333,438,611,685,738,771,85,346,419,442,624,665,252,371,588,620,651,123,253,551,564,591,637,741,766,415,493,30,61,221,301,348,386,584,727,479,798,105,133,164,289,395,484,802,47,157,315,499,757,792,357,389,461,39,225,256,324,107,127,226,585,745,492,500,52,92,137,200,281,335,699,767,149,280,367,427,640,652,811,731,186,204,382,426,536,625,16,275,361,369,464,329,306,510,529,729,57,331,424,418,679,735,12,54,224,505,513,605,760,4,34,158,167,508,187,215,385,481,661,657,146,317,501,559,619,635,694,691,598,689,80,227,233,300,296,292,718,628,809,68,175,235,269,343,519,83,401,794,36,257,531,742,67,111,173,407,466,610,18,56,81,325,237,304,95,286,594,23,135,626,675,724,726,96,168,238,372,514,612,622,623,93,154,196,201,261,352,688,814,793,8,145,184,241,567,808,645,810,72,188,217,375,599,603,799,638,682,148,231,288,326,359,558,708,100,151,243,416,554,206,374,409,568,728,748,106,101,428,478,669,755,189,390,765,17,10,43,99,117,429,515,593,250,272,347,436,517,495,627,732,29,155,222,244,298,577,437,666,21,77,131,144,232,279,677,686,762,795,228,255,277,454,471,737,786,744,63,191,247,338,488,578,40,104,396,561,660,198,336,443,710,772,803,41,89,404,571,670,393,715,733,791,455,630,129,161,302,358,441,468,701,704,601,606,79,192,293,380,475,533,700,753,812,102,305,467,539,705,759,711,785,190,262,248,364,448,477,696,716,20,163,210,334,504,566,736,773,805,341,430,1,25,88,114,268,267,550,534,543,775,537,528,60,62,249,321,526,527,662,770,5,38,98,270,522,570,788,213,445,465,683,14,497,538,692,749,51,376,800,136,413,494,472,655,659,815,116,172,254,469,449,583,668,332,452,440,491,456,521,707,720,790,69,134,128,309,498,572,109,94,750,787,0,26,258,617,312,569,110,126,119,176,242,273,586,673,363,398,739,821,434,555,13,45,181,319,340,362,756,82,177,205,229,524,769,32,575,697,220,263,421,459,509,780,150,234,435,615,721,143,178,351,394,482,506,801,65,308,349,530,609,746,211,573,654,714,209,412,403,453,483,648,397,414,35,48,66,170,320,368,722,451,444,473,518,671,709,674,717,130,171,259,342,344,644,712,74,218,322,22,140,476,540,642,779,672,299,327,378,433,556,649,182,185,19,33,112,97,142,159,474,523,535,607,684,310,365,373,410,447,631,604,87,125,156,240,318,330,50,406,470,562,124,183,160,345,774,76,388,557,703,313,423,432,541,31,153,197,264,796,91,337,370,366,44,64,49,174,639,781,42,417,520,545,813,576,664,53,86,166,193,314,387,141,355,425,632,103,219,328,311,597,646,400,446,78,132,245,295,381,392,713,763,542,600,595,589,614,608,782,621,698,214,356,458,560,581,634,768,266,354,563,580,602,271,278,402,525,776,71,516,658,282,360,353,590,283,574,690,758,46,230,297,391,751,764,260,411,486,485,532,7,162,239,246,276,422,680,740,783,804,806,28,118,121,316,450,643,115,199,285,460,743,70,274,379,552,579,618,2,223,291,480,641,702,752,6,113,399,463,636,667,778,439,496,58,236,251,284,290,339,507,629,695,797,3,294,548,565,633,681,725,734,122,202,546,653,678,723,203,207,384,596,777],"type":"read_ok"}}
2024/02/25 18:59:44 Received {n12 n10 {"messages":[837,816,830,827,836,819,834,824,838,823,840,839,826,842,828,843,829,817,831,825,841,820,835,818,832,833,863],"msg_id":876,"type":"broadcast"}}
2024/02/25 18:59:44 Sent {"src":"n10","dest":"n12","body":{"in_reply_to":876,"type":"broadcast_ok"}}
2024/02/25 18:59:44 Received {c60 n10 {"type":"broadcast","message":870,"msg_id":68}}
2024/02/25 18:59:44 Sent {"src":"n10","dest":"c60","body":{"in_reply_to":68,"type":"broadcast_ok"}}
2024/02/25 18:59:44 Sent {"src":"n10","dest":"n12","body":{"messages":[870],"msg_id":26,"type":"broadcast"}}
2024/02/25 18:59:44 Received {n12 n10 {"messages":[853,861,855,848,860,850,856,852,849,864,845,857,858,859,846,862,854,847,844,851,871],"msg_id":906,"type":"broadcast"}}
2024/02/25 18:59:44 Received {c60 n10 {"type":"broadcast","message":881,"msg_id":69}}
2024/02/25 18:59:44 Sent {"src":"n10","dest":"n12","body":{"in_reply_to":906,"type":"broadcast_ok"}}
2024/02/25 18:59:44 Sent {"src":"n10","dest":"c60","body":{"in_reply_to":69,"type":"broadcast_ok"}}
2024/02/25 18:59:44 Received {n12 n10 {"in_reply_to":26,"type":"broadcast_ok"}}
2024/02/25 18:59:44 Received {c60 n10 {"type":"read","msg_id":70}}
2024/02/25 18:59:44 Sent {"src":"n10","dest":"c60","body":{"in_reply_to":70,"messages":[175,343,519,809,401,794,819,36,742,67,111,610,81,237,304,95,286,594,23,626,675,724,372,612,855,814,93,154,196,261,352,688,8,145,808,793,188,217,599,645,799,148,288,708,100,554,374,728,748,428,669,99,117,250,347,517,495,515,860,732,222,666,21,131,144,232,279,686,228,255,454,737,191,247,578,396,561,660,443,847,715,630,302,468,704,79,293,380,533,700,812,705,785,190,262,364,448,696,210,504,736,773,1,88,268,267,775,528,249,321,527,38,270,522,570,14,692,749,51,820,116,254,469,862,583,668,332,440,491,456,521,707,69,134,128,498,109,94,258,312,126,119,176,273,673,398,434,555,177,205,524,32,697,220,263,421,780,150,234,435,615,143,351,482,308,530,746,654,856,714,412,403,397,414,48,444,671,709,344,644,712,74,322,22,140,540,642,299,327,556,182,185,33,474,523,607,684,447,631,240,318,330,406,160,345,774,703,832,423,197,264,337,370,49,174,42,417,520,664,53,193,314,387,355,425,328,311,646,400,446,132,295,713,542,589,608,782,560,768,266,354,563,602,271,402,776,516,282,360,574,758,870,881,46,230,391,751,764,818,411,845,485,7,162,239,246,276,740,804,806,118,643,115,831,70,274,379,552,579,618,2,291,641,6,399,463,667,778,439,496,236,290,339,797,3,294,725,203,207,706,854,169,179,208,420,408,693,587,323,822,139,817,303,663,544,377,676,841,108,489,754,194,265,613,789,180,212,656,761,784,834,73,487,582,27,84,553,687,165,616,827,611,685,85,346,419,624,665,771,830,123,551,591,620,741,766,386,415,727,105,133,164,395,47,792,802,843,357,389,461,107,52,92,137,200,281,492,149,280,640,186,204,382,848,16,275,369,329,510,529,729,331,424,850,12,54,513,863,4,34,158,167,508,838,187,215,146,501,661,694,691,80,227,296,598,68,235,269,628,83,853,257,531,840,173,407,466,18,56,325,842,135,96,168,238,514,726,201,622,623,184,241,567,72,375,603,810,231,326,359,558,638,682,151,243,416,824,833,206,409,568,106,101,478,755,189,390,765,17,10,43,429,272,436,593,627,828,29,155,244,298,577,437,77,677,762,795,277,471,786,744,63,338,488,40,104,198,336,710,772,803,41,89,404,571,670,393,733,791,823,455,129,161,358,441,701,601,606,192,475,753,102,305,467,539,759,711,248,477,716,20,163,334,566,805,341,430,25,114,550,534,543,537,60,62,526,662,770,5,98,788,213,445,465,683,497,538,376,800,136,413,494,472,655,659,815,172,449,452,720,790,309,572,750,787,0,26,617,569,110,242,586,363,739,821,13,45,181,319,340,362,756,82,229,769,575,459,509,721,849,178,394,506,801,65,349,609,211,573,209,453,483,648,35,66,170,320,368,722,451,473,518,674,717,130,171,259,342,218,476,779,871,672,378,433,649,19,112,97,142,159,535,310,365,373,410,604,87,125,156,50,470,562,124,183,76,388,557,851,313,432,541,31,153,796,839,91,366,44,64,639,781,545,813,576,86,166,141,632,103,219,597,78,245,381,392,763,600,595,614,621,698,214,356,458,581,634,580,864,857,278,525,71,658,353,590,846,283,690,297,260,486,532,422,680,783,28,121,316,450,199,285,460,743,223,480,702,752,113,636,58,251,284,507,629,695,548,565,633,681,734,122,202,546,653,678,723,384,596,777,24,59,511,549,11,55,75,147,502,719,826,431,503,592,730,858,457,15,152,216,307,383,647,405,90,138,650,350,195,859,120,462,490,512,547,37,287,747,807,829,9,333,438,835,442,738,252,371,588,253,564,637,651,584,825,30,61,221,301,348,493,844,289,484,479,798,157,315,499,757,816,39,225,256,324,127,226,585,745,836,335,500,852,367,427,652,699,767,811,426,536,625,731,361,464,306,57,418,224,505,605,679,735,760,385,481,837,317,559,619,635,657,233,300,292,689,718,861],"type":"read_ok"}}
2024/02/25 18:59:44 Sent {"src":"n10","dest":"n12","body":{"messages":[881],"msg_id":27,"type":"broadcast"}}
2024/02/25 18:59:45 Received {n12 n10 {"messages":[874,883,868,878,869,879,873,877,866,875,867,876,865,872,894],"msg_id":923,"type":"broadcast"}}
2024/02/25 18:59:45 Sent {"src":"n10","dest":"n12","body":{"in_reply_to":923,"type":"broadcast_ok"}}
2024/02/25 18:59:45 Received {n12 n10 {"in_reply_to":27,"type":"broadcast_ok"}}
2024/02/25 18:59:45 Received {n12 n10 {"messages":[898,886,900,885,902,903,896,891,904,892,889,905,888,899,884,895,887,897,880,893,890,901,882],"msg_id":954,"type":"broadcast"}}
2024/02/25 18:59:45 Sent {"src":"n10","dest":"n12","body":{"in_reply_to":954,"type":"broadcast_ok"}}
2024/02/25 18:59:46 Received {n12 n10 {"messages":[906],"msg_id":976,"type":"broadcast"}}
2024/02/25 18:59:46 Sent {"src":"n10","dest":"n12","body":{"in_reply_to":976,"type":"broadcast_ok"}}
2024/02/25 18:59:55 Received {c60 n10 {"type":"read","msg_id":71}}
2024/02/25 18:59:55 Sent {"src":"n10","dest":"c60","body":{"in_reply_to":71,"messages":[76,388,557,851,313,432,541,31,153,796,839,91,366,44,64,639,781,545,813,576,86,166,141,632,103,219,597,392,78,245,381,763,600,595,614,634,621,698,214,356,458,581,580,864,857,278,525,71,658,353,590,846,885,283,690,297,260,486,422,532,680,783,875,28,121,316,450,199,285,460,743,223,480,113,636,702,752,58,251,284,507,629,695,681,548,565,633,723,734,122,202,546,653,678,384,596,777,24,59,511,502,549,11,55,75,147,719,826,431,503,592,730,858,457,647,15,152,216,307,383,405,90,138,650,350,195,859,120,462,490,512,547,37,287,747,807,829,879,9,333,438,835,874,442,738,252,371,588,253,564,637,651,493,584,825,30,61,221,301,348,844,289,484,479,798,157,315,499,757,816,39,225,256,324,902,127,226,585,745,836,335,500,852,811,367,427,652,699,767,426,536,625,731,361,464,886,306,891,57,418,760,224,505,605,679,735,385,481,837,317,559,619,635,657,861,233,300,292,689,718,175,343,519,809,890,401,794,819,889,36,742,67,111,610,81,237,304,95,286,594,23,626,675,724,372,612,855,688,814,93,154,196,261,352,8,145,808,793,887,188,217,599,645,799,148,288,708,100,554,374,728,748,428,669,99,117,860,250,347,517,495,515,222,732,666,686,21,131,144,232,279,228,255,454,737,191,247,578,396,561,660,904,443,847,894,905,715,302,468,630,704,79,293,380,533,700,705,812,884,190,262,364,448,785,210,504,696,736,773,1,88,268,267,775,249,321,527,528,38,270,522,570,897,14,692,749,51,820,116,254,469,862,583,668,707,332,440,491,456,521,69,134,128,498,109,94,898,258,673,895,126,119,176,273,312,398,434,555,177,205,524,32,697,220,263,421,780,150,234,435,615,143,351,482,308,530,746,654,856,412,403,714,709,48,397,414,444,671,344,644,712,74,322,22,140,540,642,299,327,556,899,607,684,33,182,185,474,523,447,631,240,318,330,406,160,345,774,703,832,423,882,197,264,876,337,370,49,174,42,417,520,387,664,53,193,314,355,425,883,646,328,311,400,446,132,295,608,713,542,589,782,560,768,266,354,563,602,271,402,776,516,282,360,574,758,870,818,881,46,230,391,751,764,411,845,485,740,804,7,162,239,246,276,806,878,118,643,867,115,618,831,70,274,379,552,579,2,291,641,903,6,399,463,667,778,339,439,496,236,290,797,3,294,725,203,207,693,706,854,169,179,208,420,408,587,323,822,139,817,303,663,544,377,676,841,896,108,489,754,194,265,613,789,834,180,212,656,761,784,73,487,582,27,84,553,687,873,165,616,827,611,685,771,85,346,419,624,665,830,766,123,551,591,620,741,386,415,727,105,133,164,395,47,792,802,843,900,357,389,461,107,492,52,92,137,200,281,149,280,640,869,888,186,204,382,848,16,275,369,877,906,329,510,529,729,892,331,424,850,12,54,513,863,838,4,34,158,167,508,187,215,146,501,661,694,691,80,227,296,598,68,235,269,628,83,853,257,531,840,173,407,466,18,56,325,842,135,96,168,238,514,726,201,622,623,901,184,241,567,72,375,603,810,682,231,326,359,558,638,151,243,416,824,833,206,409,568,893,106,101,478,755,189,390,17,10,43,429,765,272,436,593,627,828,29,155,244,298,577,77,437,677,277,471,762,795,786,63,338,488,744,40,104,198,336,710,772,803,872,41,89,404,571,670,393,733,791,823,701,129,161,358,441,455,192,475,601,606,753,102,305,467,539,759,248,477,711,868,805,20,163,334,566,716,534,543,25,114,341,430,550,60,62,526,537,5,98,662,770,788,213,445,465,683,497,538,866,376,800,136,413,865,494,472,655,659,815,172,449,452,720,309,572,790,750,787,0,26,617,110,242,569,586,363,739,821,362,756,13,45,181,319,340,82,229,769,575,459,509,721,849,178,394,506,65,349,609,801,880,211,573,209,453,483,648,451,473,518,35,66,170,320,368,722,717,130,171,259,342,674,218,476,779,871,378,433,649,672,535,19,112,97,142,159,310,365,373,410,87,125,156,604,50,470,562,124,183],"type":"read_ok"}}
