2024/02/25 18:59:24 Received {c12 n11 {"type":"init","node_id":"n11","node_ids":["n0","n1","n2","n3","n4","n5","n6","n7","n8","n9","n10","n11","n12","n13","n14","n15","n16","n17","n18","n19","n20","n21","n22","n23","n24"],"msg_id":1}}
2024/02/25 18:59:24 Node n11 initialized
2024/02/25 18:59:24 Sent {"src":"n11","dest":"c12","body":{"in_reply_to":1,"type":"init_ok"}}
2024/02/25 18:59:25 Received {c36 n11 {"type":"topology","topology":{"n2":["n7","n3","n1"],"n21":["n16","n22","n20"],"n23":["n18","n24","n22"],"n5":["n10","n0","n6"],"n8":["n13","n3","n9","n7"],"n6":["n11","n1","n7","n5"],"n19":["n24","n14","n18"],"n14":["n19","n9","n13"],"n17":["n22","n12","n18","n16"],"n1":["n6","n2","n0"],"n24":["n19","n23"],"n4":["n9","n3"],"n0":["n5","n1"],"n18":["n23","n13","n19","n17"],"n9":["n14","n4","n8"],"n10":["n15","n5","n11"],"n22":["n17","n23","n21"],"n15":["n20","n10","n16"],"n13":["n18","n8","n14","n12"],"n3":["n8","n4","n2"],"n12":["n17","n7","n13","n11"],"n11":["n16","n6","n12","n10"],"n16":["n21","n11","n17","n15"],"n7":["n12","n2","n8","n6"],"n20":["n15","n21"]},"msg_id":1}}
2024/02/25 18:59:25 Sent {"src":"n11","dest":"c36","body":{"in_reply_to":1,"type":"topology_ok"}}
2024/02/25 18:59:25 Received {c61 n11 {"type":"read","msg_id":1}}
2024/02/25 18:59:25 Sent {"src":"n11","dest":"c61","body":{"in_reply_to":1,"messages":[],"type":"read_ok"}}
2024/02/25 18:59:25 Received {c61 n11 {"type":"broadcast","message":19,"msg_id":2}}
2024/02/25 18:59:25 Sent {"src":"n11","dest":"c61","body":{"in_reply_to":2,"type":"broadcast_ok"}}
2024/02/25 18:59:25 Sent {"src":"n11","dest":"n12","body":{"messages":[19],"msg_id":1,"type":"broadcast"}}
2024/02/25 18:59:25 Received {n12 n11 {"in_reply_to":1,"type":"broadcast_ok"}}
2024/02/25 18:59:25 Received {c61 n11 {"type":"broadcast","message":38,"msg_id":3}}
2024/02/25 18:59:25 Sent {"src":"n11","dest":"c61","body":{"in_reply_to":3,"type":"broadcast_ok"}}
2024/02/25 18:59:25 Sent {"src":"n11","dest":"n12","body":{"messages":[38],"msg_id":2,"type":"broadcast"}}
2024/02/25 18:59:26 Received {n12 n11 {"messages":[9,20,3,16,2,15,7,14,17,4,18,10,5,0,11,12,8,6,13,1,39],"msg_id":12,"type":"broadcast"}}
2024/02/25 18:59:26 Received {c61 n11 {"type":"read","msg_id":4}}
2024/02/25 18:59:26 Sent {"src":"n11","dest":"n12","body":{"in_reply_to":12,"type":"broadcast_ok"}}
2024/02/25 18:59:26 Sent {"src":"n11","dest":"c61","body":{"in_reply_to":4,"messages":[3,14,17,18,12,6,1,38,39,16,15,0,13,9,2,7,10,5,19,4,11,8,20],"type":"read_ok"}}
2024/02/25 18:59:26 Received {n12 n11 {"in_reply_to":2,"type":"broadcast_ok"}}
2024/02/25 18:59:26 Received {c61 n11 {"type":"read","msg_id":5}}
2024/02/25 18:59:26 Sent {"src":"n11","dest":"c61","body":{"in_reply_to":5,"messages":[3,14,17,18,12,6,1,38,39,16,15,0,13,9,2,7,10,5,19,4,11,8,20],"type":"read_ok"}}
2024/02/25 18:59:26 Received {n12 n11 {"messages":[35,27,45,24,32,43,31,37,30,48,36,28,29,46,21,22,23,40,25,42,33,26,41,44,47,34,64],"msg_id":42,"type":"broadcast"}}
2024/02/25 18:59:26 Received {c61 n11 {"type":"read","msg_id":6}}
2024/02/25 18:59:26 Sent {"src":"n11","dest":"n12","body":{"in_reply_to":42,"type":"broadcast_ok"}}
2024/02/25 18:59:26 Sent {"src":"n11","dest":"c61","body":{"in_reply_to":6,"messages":[10,35,46,23,25,19,8,31,37,29,41,34,4,14,17,30,40,42,44,3,45,43,64,16,7,5,36,21,22,26,2,11,24,28,20,18,12,6,1,39,32,38,15,0,13,27,48,33,47,9],"type":"read_ok"}}
2024/02/25 18:59:26 Received {c61 n11 {"type":"read","msg_id":7}}
2024/02/25 18:59:26 Sent {"src":"n11","dest":"c61","body":{"in_reply_to":7,"messages":[1,39,32,38,18,12,6,27,48,33,47,9,15,0,13,23,25,19,10,35,46,29,41,34,4,8,31,37,40,42,44,3,14,17,30,16,45,43,64,21,22,26,2,7,5,36,20,11,24,28],"type":"read_ok"}}
2024/02/25 18:59:27 Received {n12 n11 {"messages":[55,67,50,61,73,75,56,60,51,62,72,57,68,59,69,52,65,49,63,70,53,58,54,66,71],"msg_id":72,"type":"broadcast"}}
2024/02/25 18:59:27 Received {c61 n11 {"type":"broadcast","message":96,"msg_id":8}}
2024/02/25 18:59:27 Sent {"src":"n11","dest":"n12","body":{"in_reply_to":72,"type":"broadcast_ok"}}
2024/02/25 18:59:27 Sent {"src":"n11","dest":"c61","body":{"in_reply_to":8,"type":"broadcast_ok"}}
2024/02/25 18:59:27 Received {c61 n11 {"type":"broadcast","message":108,"msg_id":9}}
2024/02/25 18:59:27 Sent {"src":"n11","dest":"c61","body":{"in_reply_to":9,"type":"broadcast_ok"}}
2024/02/25 18:59:27 Sent {"src":"n11","dest":"n12","body":{"messages":[96,108],"msg_id":3,"type":"broadcast"}}
2024/02/25 18:59:27 Received {n12 n11 {"messages":[74,88,78,79,87,81,90,83,92,86,76,85,89,91,84,80,77,82,109],"msg_id":82,"type":"broadcast"}}
2024/02/25 18:59:27 Sent {"src":"n11","dest":"n12","body":{"in_reply_to":82,"type":"broadcast_ok"}}
2024/02/25 18:59:27 Received {n12 n11 {"in_reply_to":3,"type":"broadcast_ok"}}
2024/02/25 18:59:27 Received {c61 n11 {"type":"broadcast","message":121,"msg_id":10}}
2024/02/25 18:59:27 Sent {"src":"n11","dest":"c61","body":{"in_reply_to":10,"type":"broadcast_ok"}}
2024/02/25 18:59:27 Received {c61 n11 {"type":"broadcast","message":135,"msg_id":11}}
2024/02/25 18:59:27 Sent {"src":"n11","dest":"c61","body":{"in_reply_to":11,"type":"broadcast_ok"}}
2024/02/25 18:59:27 Sent {"src":"n11","dest":"n12","body":{"messages":[121,135],"msg_id":4,"type":"broadcast"}}
2024/02/25 18:59:28 Received {n12 n11 {"messages":[106,112,100,111,101,93,104,95,107,94,105,98,102,103,110,97,99,122,136],"msg_id":100,"type":"broadcast"}}
2024/02/25 18:59:28 Sent {"src":"n11","dest":"n12","body":{"in_reply_to":100,"type":"broadcast_ok"}}
2024/02/25 18:59:28 Received {n12 n11 {"in_reply_to":4,"type":"broadcast_ok"}}
2024/02/25 18:59:28 Received {c61 n11 {"type":"read","msg_id":12}}
2024/02/25 18:59:28 Sent {"src":"n11","dest":"c61","body":{"in_reply_to":12,"messages":[53,84,94,136,2,26,101,12,39,73,88,121,19,10,82,4,8,31,41,76,77,111,50,71,7,5,36,80,102,20,24,28,72,89,38,32,55,87,100,15,47,66,35,23,97,34,51,59,49,54,78,79,44,75,103,99,45,64,65,112,122,22,74,105,11,70,6,1,61,81,91,135,93,110,0,13,27,48,33,56,58,60,85,37,3,14,42,57,63,86,16,43,67,92,95,107,21,108,83,96,18,90,109,9,46,25,68,69,106,29,62,98,17,30,40,52,104],"type":"read_ok"}}
2024/02/25 18:59:28 Received {n12 n11 {"messages":[126,114,133,127,117,118,132,120,134,130,116,131,125,119,123,137,115,129,113,128,124,145],"msg_id":132,"type":"broadcast"}}
2024/02/25 18:59:28 Received {c61 n11 {"type":"read","msg_id":13}}
2024/02/25 18:59:28 Sent {"src":"n11","dest":"n12","body":{"in_reply_to":132,"type":"broadcast_ok"}}
2024/02/25 18:59:28 Sent {"src":"n11","dest":"c61","body":{"in_reply_to":13,"messages":[118,50,71,134,102,133,7,5,36,80,89,20,24,28,72,100,132,38,32,55,87,127,119,15,47,66,126,35,23,54,78,79,97,34,51,59,49,44,75,103,99,122,129,45,64,65,112,22,74,105,11,70,91,135,93,6,1,61,81,33,56,58,110,0,13,27,48,60,85,37,63,86,114,3,14,42,57,95,107,130,16,43,67,92,21,108,83,96,18,90,109,117,9,106,120,113,46,25,68,69,29,62,98,137,104,17,30,40,52,53,84,94,136,145,2,26,101,123,116,125,128,124,12,39,73,88,121,131,19,10,82,76,77,111,115,4,8,31,41],"type":"read_ok"}}
2024/02/25 18:59:28 Received {c61 n11 {"type":"read","msg_id":14}}
2024/02/25 18:59:28 Sent {"src":"n11","dest":"c61","body":{"in_reply_to":14,"messages":[60,85,37,3,14,42,57,63,86,114,16,43,67,92,95,107,130,21,108,83,96,18,90,109,117,9,46,25,68,69,106,120,113,29,62,98,137,17,30,40,52,104,53,84,94,136,2,26,101,123,145,116,125,12,39,73,88,128,124,121,131,19,10,82,4,8,31,41,76,77,111,115,118,50,71,134,7,5,36,80,102,133,20,24,28,72,89,38,32,55,87,100,132,15,47,66,126,127,119,35,23,34,51,59,49,54,78,79,97,44,75,103,99,45,64,65,112,122,129,22,74,105,11,70,6,1,61,81,91,135,93,0,13,27,48,33,56,58,110],"type":"read_ok"}}
2024/02/25 18:59:29 Received {n12 n11 {"messages":[143,140,151,158,138,149,154,142,141,152,153,147,146,148,144,155,139,150],"msg_id":166,"type":"broadcast"}}
2024/02/25 18:59:29 Sent {"src":"n11","dest":"n12","body":{"in_reply_to":166,"type":"broadcast_ok"}}
2024/02/25 18:59:29 Received {c61 n11 {"type":"broadcast","message":184,"msg_id":15}}
2024/02/25 18:59:29 Sent {"src":"n11","dest":"c61","body":{"in_reply_to":15,"type":"broadcast_ok"}}
2024/02/25 18:59:29 Received {c61 n11 {"type":"broadcast","message":196,"msg_id":16}}
2024/02/25 18:59:29 Sent {"src":"n11","dest":"c61","body":{"in_reply_to":16,"type":"broadcast_ok"}}
2024/02/25 18:59:29 Sent {"src":"n11","dest":"n12","body":{"messages":[184,196],"msg_id":5,"type":"broadcast"}}
2024/02/25 18:59:29 Received {n12 n11 {"messages":[156,172,168,166,175,157,169,160,159,163,177,170,164,165,161,176,167,174,171,162,173,197],"msg_id":183,"type":"broadcast"}}
2024/02/25 18:59:29 Sent {"src":"n11","dest":"n12","body":{"in_reply_to":183,"type":"broadcast_ok"}}
2024/02/25 18:59:29 Received {n12 n11 {"in_reply_to":5,"type":"broadcast_ok"}}
2024/02/25 18:59:29 Received {c61 n11 {"type":"broadcast","message":207,"msg_id":17}}
2024/02/25 18:59:29 Sent {"src":"n11","dest":"c61","body":{"in_reply_to":17,"type":"broadcast_ok"}}
2024/02/25 18:59:29 Sent {"src":"n11","dest":"n12","body":{"messages":[207],"msg_id":6,"type":"broadcast"}}
2024/02/25 18:59:30 Received {n12 n11 {"messages":[186,180,182,195,179,183,178,192,190,191,185,189,193,181,194,188,187,208],"msg_id":202,"type":"broadcast"}}
2024/02/25 18:59:30 Received {c61 n11 {"type":"broadcast","message":222,"msg_id":18}}
2024/02/25 18:59:30 Sent {"src":"n11","dest":"n12","body":{"in_reply_to":202,"type":"broadcast_ok"}}
2024/02/25 18:59:30 Sent {"src":"n11","dest":"c61","body":{"in_reply_to":18,"type":"broadcast_ok"}}
2024/02/25 18:59:30 Received {n12 n11 {"in_reply_to":6,"type":"broadcast_ok"}}
2024/02/25 18:59:30 Received {c61 n11 {"type":"read","msg_id":19}}
2024/02/25 18:59:30 Sent {"src":"n11","dest":"c61","body":{"in_reply_to":19,"messages":[178,44,75,103,99,184,161,159,186,45,64,65,112,122,129,157,207,22,74,105,140,147,175,183,11,70,152,144,180,93,143,6,1,61,81,91,135,58,110,0,13,27,48,33,56,164,173,60,85,169,162,179,222,37,168,160,185,114,171,3,14,42,57,63,86,194,130,177,16,43,67,92,95,107,190,21,108,83,96,148,192,197,18,90,109,117,156,172,9,196,195,113,188,46,25,68,69,106,120,29,62,98,137,146,165,17,30,40,52,104,166,53,84,94,136,182,2,26,101,123,145,174,116,125,154,167,149,170,12,39,73,88,128,124,176,181,121,131,193,187,189,19,10,82,138,155,191,111,115,4,8,31,41,76,77,141,118,151,50,71,134,7,5,36,80,102,133,20,24,28,72,89,150,139,163,38,32,55,87,100,132,153,15,47,66,126,127,119,35,23,79,97,34,51,59,49,54,78,158,142,208],"type":"read_ok"}}
2024/02/25 18:59:30 Sent {"src":"n11","dest":"n12","body":{"messages":[222],"msg_id":7,"type":"broadcast"}}
2024/02/25 18:59:30 Received {n12 n11 {"messages":[212,223,201,214,204,215,209,205,216,206,198,210,203,199,211,200,202,213,242],"msg_id":235,"type":"broadcast"}}
2024/02/25 18:59:30 Sent {"src":"n11","dest":"n12","body":{"in_reply_to":235,"type":"broadcast_ok"}}
2024/02/25 18:59:30 Received {n12 n11 {"in_reply_to":7,"type":"broadcast_ok"}}
2024/02/25 18:59:30 Received {c61 n11 {"type":"broadcast","message":250,"msg_id":20}}
2024/02/25 18:59:30 Sent {"src":"n11","dest":"c61","body":{"in_reply_to":20,"type":"broadcast_ok"}}
2024/02/25 18:59:30 Sent {"src":"n11","dest":"n12","body":{"messages":[250],"msg_id":8,"type":"broadcast"}}
2024/02/25 18:59:31 Received {n12 n11 {"messages":[221,239,230,232,227,229,236,217,237,220,238,235,240,241,228,245,234,225,244,224,243,218,231,233,219,226],"msg_id":259,"type":"broadcast"}}
2024/02/25 18:59:31 Received {c61 n11 {"type":"broadcast","message":261,"msg_id":21}}
2024/02/25 18:59:31 Sent {"src":"n11","dest":"n12","body":{"in_reply_to":259,"type":"broadcast_ok"}}
2024/02/25 18:59:31 Sent {"src":"n11","dest":"c61","body":{"in_reply_to":21,"type":"broadcast_ok"}}
2024/02/25 18:59:31 Received {n12 n11 {"in_reply_to":8,"type":"broadcast_ok"}}
2024/02/25 18:59:31 Received {c61 n11 {"type":"read","msg_id":22}}
2024/02/25 18:59:31 Sent {"src":"n11","dest":"c61","body":{"in_reply_to":22,"messages":[195,68,106,120,188,62,98,146,165,221,30,166,225,53,84,136,182,210,2,145,174,215,209,261,116,241,39,73,88,124,170,176,181,187,216,228,19,10,82,189,41,76,115,141,201,50,71,7,36,133,20,150,38,55,100,139,163,15,66,127,119,153,35,242,51,49,54,79,97,158,142,44,184,178,45,65,112,122,129,159,22,74,105,183,204,70,152,227,6,81,135,143,0,56,58,110,164,169,179,229,37,168,185,57,63,86,171,194,43,92,95,130,177,21,108,83,231,96,148,90,156,200,9,196,46,25,69,113,240,29,137,202,232,17,40,52,104,94,26,101,123,220,125,154,167,12,128,149,198,199,239,236,121,131,193,213,250,226,138,155,191,4,8,31,77,111,234,118,151,134,212,5,80,102,24,28,72,89,32,87,132,211,230,217,47,126,206,243,23,235,34,59,78,208,75,103,99,161,205,64,186,203,237,140,147,175,157,207,11,144,180,238,1,61,91,93,13,27,48,33,173,60,85,162,222,223,244,160,3,14,42,114,16,67,107,190,214,218,192,219,233,18,109,117,172,197,245,224],"type":"read_ok"}}
2024/02/25 18:59:31 Sent {"src":"n11","dest":"n12","body":{"messages":[261],"msg_id":9,"type":"broadcast"}}
2024/02/25 18:59:31 Received {n12 n11 {"messages":[255,260,262,253,247,257,246,249,259,254,251,248,258,252,256],"msg_id":273,"type":"broadcast"}}
2024/02/25 18:59:31 Sent {"src":"n11","dest":"n12","body":{"in_reply_to":273,"type":"broadcast_ok"}}
2024/02/25 18:59:31 Received {n12 n11 {"in_reply_to":9,"type":"broadcast_ok"}}
2024/02/25 18:59:31 Received {c61 n11 {"type":"broadcast","message":288,"msg_id":23}}
2024/02/25 18:59:31 Sent {"src":"n11","dest":"c61","body":{"in_reply_to":23,"type":"broadcast_ok"}}
2024/02/25 18:59:31 Received {c61 n11 {"type":"broadcast","message":299,"msg_id":24}}
2024/02/25 18:59:31 Sent {"src":"n11","dest":"c61","body":{"in_reply_to":24,"type":"broadcast_ok"}}
2024/02/25 18:59:31 Sent {"src":"n11","dest":"n12","body":{"messages":[288,299],"msg_id":10,"type":"broadcast"}}
2024/02/25 18:59:32 Received {n12 n11 {"messages":[266,271,268,278,272,273,267,270,280,276,263,274,269,265,277,264,275,279,289,300],"msg_id":306,"type":"broadcast"}}
2024/02/25 18:59:32 Sent {"src":"n11","dest":"n12","body":{"in_reply_to":306,"type":"broadcast_ok"}}
2024/02/25 18:59:32 Received {n12 n11 {"in_reply_to":10,"type":"broadcast_ok"}}
2024/02/25 18:59:32 Received {c61 n11 {"type":"broadcast","message":313,"msg_id":25}}
2024/02/25 18:59:32 Sent {"src":"n11","dest":"c61","body":{"in_reply_to":25,"type":"broadcast_ok"}}
2024/02/25 18:59:32 Received {c61 n11 {"type":"read","msg_id":26}}
2024/02/25 18:59:32 Sent {"src":"n11","dest":"c61","body":{"in_reply_to":26,"messages":[15,66,127,119,153,279,35,242,252,248,51,49,54,79,97,158,142,44,184,178,300,45,65,112,122,129,159,246,22,74,105,183,204,70,152,227,6,81,135,143,269,0,56,58,110,164,260,169,179,229,37,168,185,57,63,86,171,194,43,92,95,130,177,288,263,21,108,83,231,262,278,96,148,90,156,200,9,196,46,25,69,113,240,29,137,202,232,17,40,52,104,272,94,266,26,101,123,220,125,154,167,258,275,12,128,149,198,199,239,236,121,131,193,213,250,226,138,155,191,4,8,31,77,111,234,118,151,255,259,134,212,5,80,102,253,24,28,72,89,273,32,87,132,211,230,217,257,47,126,206,243,23,235,34,59,78,208,75,103,99,161,205,64,186,203,237,277,140,147,175,157,207,11,144,180,238,1,61,91,93,13,27,48,33,173,274,264,60,85,162,222,223,244,160,3,14,42,114,280,16,67,107,190,214,218,192,219,289,233,18,109,117,172,197,245,224,271,195,68,106,120,188,249,62,98,146,165,221,254,276,30,166,225,53,84,136,182,210,2,145,174,215,209,261,270,116,241,39,73,88,124,170,176,181,187,216,228,267,19,10,82,189,41,76,115,141,201,247,251,268,313,50,71,256,299,7,36,133,20,150,38,55,100,139,163,265],"type":"read_ok"}}
2024/02/25 18:59:32 Sent {"src":"n11","dest":"n12","body":{"messages":[313],"msg_id":11,"type":"broadcast"}}
2024/02/25 18:59:32 Received {n12 n11 {"messages":[302,293,291,286,296,284,295,297,283,301,290,287,298,282,281,294,285,292,314,328],"msg_id":332,"type":"broadcast"}}
2024/02/25 18:59:32 Sent {"src":"n11","dest":"n12","body":{"in_reply_to":332,"type":"broadcast_ok"}}
2024/02/25 18:59:32 Received {n12 n11 {"in_reply_to":11,"type":"broadcast_ok"}}
2024/02/25 18:59:32 Received {c61 n11 {"type":"broadcast","message":343,"msg_id":27}}
2024/02/25 18:59:32 Sent {"src":"n11","dest":"c61","body":{"in_reply_to":27,"type":"broadcast_ok"}}
2024/02/25 18:59:32 Sent {"src":"n11","dest":"n12","body":{"messages":[343],"msg_id":12,"type":"broadcast"}}
2024/02/25 18:59:33 Received {n12 n11 {"messages":[303,326,316,305,325,309,308,322,321,307,319,312,327,329,311,324,317,320,318,306,310,323,315,304,344],"msg_id":359,"type":"broadcast"}}
2024/02/25 18:59:33 Received {c61 n11 {"type":"read","msg_id":28}}
2024/02/25 18:59:33 Sent {"src":"n11","dest":"n12","body":{"in_reply_to":359,"type":"broadcast_ok"}}
2024/02/25 18:59:33 Sent {"src":"n11","dest":"c61","body":{"in_reply_to":28,"messages":[138,155,191,234,319,4,8,31,77,111,118,151,255,259,134,212,325,5,80,102,253,297,24,28,72,89,291,217,257,273,32,87,132,211,230,47,126,206,243,23,235,34,59,78,208,286,75,103,99,161,205,290,64,186,203,237,277,301,140,147,175,157,207,343,11,144,180,238,282,1,61,91,93,274,264,314,13,27,48,33,173,320,344,244,60,85,162,222,223,160,305,317,3,14,42,114,280,218,284,281,16,67,107,190,214,192,219,289,329,245,224,233,18,109,117,172,197,271,195,68,106,120,188,249,254,276,62,98,146,165,221,30,166,225,53,84,136,182,210,261,270,315,2,145,174,215,209,116,241,283,321,176,181,318,39,73,88,124,170,187,216,228,267,19,10,82,189,292,309,41,76,115,141,201,247,251,268,313,287,50,71,256,299,302,7,36,133,294,20,150,293,265,298,38,55,100,139,163,279,304,15,66,127,119,153,35,242,252,324,158,142,248,51,49,54,79,97,295,44,184,178,159,246,300,45,65,112,122,129,322,22,74,105,183,204,70,152,227,308,307,323,6,81,135,143,269,260,0,56,58,110,164,169,179,229,328,37,168,185,296,306,326,316,57,63,86,171,194,288,263,43,92,95,130,177,278,21,108,83,231,262,96,148,90,156,200,303,9,196,312,46,25,69,113,240,310,29,137,202,232,327,17,40,52,104,272,94,266,26,101,123,220,311,125,154,167,258,275,239,236,12,128,149,198,199,226,285,121,131,193,213,250],"type":"read_ok"}}
2024/02/25 18:59:33 Received {n12 n11 {"in_reply_to":12,"type":"broadcast_ok"}}
2024/02/25 18:59:33 Received {c61 n11 {"type":"broadcast","message":366,"msg_id":29}}
2024/02/25 18:59:33 Sent {"src":"n11","dest":"c61","body":{"in_reply_to":29,"type":"broadcast_ok"}}
2024/02/25 18:59:33 Sent {"src":"n11","dest":"n12","body":{"messages":[366],"msg_id":13,"type":"broadcast"}}
2024/02/25 18:59:33 Received {n12 n11 {"messages":[332,341,331,348,330,337,340,349,336,334,342,346,345,347,335,351,339,333,350,338,356],"msg_id":367,"type":"broadcast"}}
2024/02/25 18:59:33 Sent {"src":"n11","dest":"n12","body":{"in_reply_to":367,"type":"broadcast_ok"}}
2024/02/25 18:59:33 Received {n12 n11 {"in_reply_to":13,"type":"broadcast_ok"}}
2024/02/25 18:59:33 Received {c61 n11 {"type":"broadcast","message":381,"msg_id":30}}
2024/02/25 18:59:33 Sent {"src":"n11","dest":"c61","body":{"in_reply_to":30,"type":"broadcast_ok"}}
2024/02/25 18:59:33 Received {c61 n11 {"type":"read","msg_id":31}}
2024/02/25 18:59:33 Sent {"src":"n11","dest":"c61","body":{"in_reply_to":31,"messages":[253,297,5,80,102,89,291,24,28,72,211,230,217,257,273,32,87,132,243,47,126,206,23,235,208,286,34,59,78,161,205,75,103,99,237,277,290,64,186,203,157,207,301,140,147,175,238,282,343,11,144,180,93,1,61,91,33,173,274,264,314,13,27,48,381,320,344,339,222,223,244,340,60,85,162,160,305,345,114,280,317,3,14,42,190,214,218,284,281,16,67,107,332,329,337,192,219,289,172,197,245,224,233,18,109,117,271,195,188,249,366,68,106,120,165,221,254,276,62,98,146,351,30,166,225,182,210,348,53,84,136,215,209,261,270,315,2,145,174,331,346,321,116,241,283,124,170,176,181,318,39,73,88,267,187,216,228,189,292,19,10,82,141,201,309,41,76,115,313,247,251,268,299,302,287,50,71,256,294,7,36,133,20,150,293,139,163,265,298,38,55,100,119,153,279,304,15,66,127,324,35,242,252,79,97,158,142,248,51,49,54,295,342,350,44,184,178,122,129,159,246,300,45,65,112,183,204,322,22,74,105,308,307,70,152,227,143,269,323,6,81,135,110,164,260,0,56,58,328,169,179,229,296,306,347,37,168,185,171,194,326,316,341,57,63,86,130,177,288,263,43,92,95,231,262,278,335,338,21,108,83,96,148,303,90,156,200,9,196,113,240,312,46,25,69,232,327,310,330,333,29,137,202,104,272,17,40,52,94,266,220,26,101,123,258,275,311,349,125,154,167,198,199,239,236,334,12,128,149,213,250,226,285,356,121,131,193,336,138,155,191,77,111,234,319,4,8,31,259,118,151,255,134,212,325],"type":"read_ok"}}
2024/02/25 18:59:33 Sent {"src":"n11","dest":"n12","body":{"messages":[381],"msg_id":14,"type":"broadcast"}}
2024/02/25 18:59:34 Received {n12 n11 {"messages":[360,370,358,371,359,354,364,361,369,355,365,362,352,363,367,373,353,372,357,368],"msg_id":394,"type":"broadcast"}}
2024/02/25 18:59:34 Sent {"src":"n11","dest":"n12","body":{"in_reply_to":394,"type":"broadcast_ok"}}
2024/02/25 18:59:34 Received {n12 n11 {"in_reply_to":14,"type":"broadcast_ok"}}
2024/02/25 18:59:34 Received {c61 n11 {"type":"read","msg_id":32}}
2024/02/25 18:59:34 Sent {"src":"n11","dest":"c61","body":{"in_reply_to":32,"messages":[356,121,131,193,213,250,226,285,363,138,155,191,336,364,357,4,8,31,77,111,234,319,118,151,255,259,134,212,325,365,368,5,80,102,253,297,367,24,28,72,89,291,273,32,87,132,211,230,217,257,354,47,126,206,243,23,235,360,34,59,78,208,286,75,103,99,161,205,64,186,203,237,277,290,359,140,147,175,157,207,301,11,144,180,238,282,343,1,61,91,93,314,13,27,48,33,173,274,264,320,344,339,381,358,372,60,85,162,222,223,244,340,160,305,345,3,14,42,114,280,317,281,16,67,107,190,214,218,284,332,192,219,289,329,337,233,18,109,117,172,197,245,224,271,195,371,68,106,120,188,249,366,62,98,146,165,221,254,276,30,166,225,351,53,84,136,182,210,348,315,2,145,174,215,209,261,270,331,346,116,241,283,321,353,318,39,73,88,124,170,176,181,187,216,228,267,362,19,10,82,189,292,41,76,115,141,201,309,247,251,268,313,50,71,256,299,302,287,373,7,36,133,294,20,150,293,38,55,100,139,163,265,298,361,15,66,127,119,153,279,304,35,242,252,324,248,51,49,54,79,97,158,142,295,342,350,44,184,178,300,45,65,112,122,129,159,246,22,74,105,183,204,322,70,152,227,308,307,370,352,6,81,135,143,269,323,0,56,58,110,164,260,169,179,229,328,37,168,185,296,306,347,341,57,63,86,171,194,326,316,43,92,95,130,177,288,263,338,21,108,83,231,262,278,335,96,148,355,90,156,200,303,9,196,369,46,25,69,113,240,312,333,29,137,202,232,327,310,330,17,40,52,104,272,94,266,26,101,123,220,125,154,167,258,275,311,349,334,12,128,149,198,199,239,236],"type":"read_ok"}}
2024/02/25 18:59:34 Received {c61 n11 {"type":"broadcast","message":423,"msg_id":33}}
2024/02/25 18:59:34 Sent {"src":"n11","dest":"c61","body":{"in_reply_to":33,"type":"broadcast_ok"}}
2024/02/25 18:59:34 Sent {"src":"n11","dest":"n12","body":{"messages":[423],"msg_id":15,"type":"broadcast"}}
2024/02/25 18:59:34 Received {n12 n11 {"messages":[387,397,376,378,389,390,379,393,377,384,374,391,375,386,383,396,382,395,380,394,388,385,392,424],"msg_id":423,"type":"broadcast"}}
2024/02/25 18:59:34 Sent {"src":"n11","dest":"n12","body":{"in_reply_to":423,"type":"broadcast_ok"}}
2024/02/25 18:59:34 Received {n12 n11 {"in_reply_to":15,"type":"broadcast_ok"}}
2024/02/25 18:59:34 Received {c61 n11 {"type":"read","msg_id":34}}
2024/02/25 18:59:34 Sent {"src":"n11","dest":"c61","body":{"in_reply_to":34,"messages":[192,219,289,329,337,18,109,117,172,197,245,224,233,271,195,371,68,106,120,188,249,366,62,98,146,165,221,254,276,395,30,166,225,351,378,53,84,136,182,210,348,389,2,145,174,215,209,261,270,315,331,346,116,241,283,321,353,394,39,73,88,124,170,176,181,318,377,187,216,228,267,362,19,10,82,189,292,41,76,115,141,201,309,247,251,268,313,50,71,256,299,302,287,373,380,7,36,133,294,20,150,293,38,55,100,139,163,265,298,376,15,66,127,119,153,279,304,361,35,242,252,324,385,51,49,54,79,97,158,142,248,295,342,350,44,184,178,45,65,112,122,129,159,246,300,22,74,105,183,204,322,70,152,227,308,307,370,352,6,81,135,143,269,323,0,56,58,110,164,260,169,179,229,328,37,168,185,296,306,347,390,57,63,86,171,194,326,316,341,43,92,95,130,177,288,263,21,108,83,231,262,278,335,338,96,148,355,393,90,156,200,303,9,196,369,46,25,69,113,240,312,392,29,137,202,232,327,310,330,333,397,388,17,40,52,104,272,94,266,384,374,26,101,123,220,125,154,167,258,275,311,349,12,128,149,198,199,239,236,334,121,131,193,213,250,226,285,356,363,138,155,191,336,364,357,4,8,31,77,111,234,319,118,151,255,259,396,424,134,212,325,365,368,5,80,102,253,297,367,382,24,28,72,89,291,32,87,132,211,230,217,257,273,354,386,383,47,126,206,243,23,235,360,379,34,59,78,208,286,75,103,99,161,205,387,375,64,186,203,237,277,290,359,140,147,175,157,207,301,11,144,180,238,282,343,1,61,91,93,13,27,48,33,173,274,264,314,320,344,339,381,358,60,85,162,222,223,244,340,372,160,305,345,3,14,42,114,280,317,16,67,107,190,214,218,284,281,332,391,423],"type":"read_ok"}}
2024/02/25 18:59:35 Received {n12 n11 {"messages":[398,414,409,411,404,421,412,419,401,403,420,399,415,416,402,410,405,425,422,406,407,400,418,413,417,408],"msg_id":449,"type":"broadcast"}}
2024/02/25 18:59:35 Received {c61 n11 {"type":"read","msg_id":35}}
2024/02/25 18:59:35 Sent {"src":"n11","dest":"n12","body":{"in_reply_to":449,"type":"broadcast_ok"}}
2024/02/25 18:59:35 Sent {"src":"n11","dest":"c61","body":{"in_reply_to":35,"messages":[167,258,125,154,198,334,12,128,226,285,356,131,363,191,364,420,138,234,4,259,396,118,151,365,134,325,253,367,5,80,72,89,291,398,28,132,230,217,257,32,87,354,386,243,126,23,235,286,412,419,99,75,237,186,157,207,301,147,238,343,93,1,61,33,173,264,27,339,320,344,162,222,244,60,345,160,305,42,114,280,399,3,107,218,284,16,67,332,423,329,403,197,245,233,18,109,271,195,371,120,68,106,254,395,62,421,225,166,136,182,210,215,315,2,145,346,321,353,394,116,409,170,181,267,422,216,228,82,115,76,268,247,251,299,380,50,425,7,36,293,404,150,163,265,376,38,55,119,153,361,15,66,385,252,324,158,49,295,178,184,246,300,416,112,129,105,204,352,70,227,269,323,411,81,143,56,260,179,405,296,316,341,86,171,43,231,21,83,355,196,418,69,113,240,312,46,25,232,310,333,388,52,104,272,17,384,94,26,101,275,311,349,149,199,239,236,193,213,250,121,336,357,155,31,77,111,319,8,255,424,413,212,368,102,297,382,24,211,273,383,206,47,401,400,360,379,78,208,34,59,161,205,387,375,103,203,277,290,359,64,175,140,180,282,11,144,91,48,274,314,13,381,358,223,340,372,85,317,14,190,214,281,391,289,337,192,219,117,172,224,188,249,366,146,165,221,276,98,351,378,30,348,389,53,84,174,209,261,270,331,283,241,88,124,176,318,377,408,39,73,187,362,189,292,19,10,141,201,309,41,313,256,302,287,373,71,133,294,20,100,139,298,127,279,304,417,35,242,54,79,97,142,248,51,350,342,44,122,159,45,65,183,322,22,74,307,370,152,308,6,135,110,164,0,58,328,169,229,185,306,347,390,37,168,194,326,414,407,57,63,130,177,288,263,402,92,95,278,335,338,415,108,262,393,406,96,148,200,303,90,156,9,369,392,202,327,330,29,137,410,397,40,374,266,123,220],"type":"read_ok"}}
2024/02/25 18:59:35 Received {c61 n11 {"type":"read","msg_id":36}}
2024/02/25 18:59:35 Sent {"src":"n11","dest":"c61","body":{"in_reply_to":36,"messages":[91,48,274,314,13,381,358,223,340,372,85,317,14,190,214,281,391,289,337,192,219,117,172,224,188,249,366,146,165,221,276,98,351,378,30,348,389,53,84,174,209,261,270,331,283,241,88,124,176,318,377,408,39,73,187,362,189,292,19,10,141,201,309,41,313,256,302,287,373,71,133,294,20,100,139,298,127,279,304,417,35,242,54,79,97,142,248,51,350,342,44,122,159,45,65,183,322,22,74,307,370,152,308,6,135,110,164,0,58,328,169,229,185,306,347,390,37,168,194,326,414,407,57,63,130,177,288,263,402,92,95,278,335,338,415,108,262,393,406,96,148,200,303,90,156,9,369,392,202,327,330,29,137,410,397,40,374,266,123,220,167,258,125,154,198,334,12,128,226,285,356,131,363,191,364,420,138,234,4,259,396,118,151,365,134,325,253,367,5,80,72,89,291,398,28,132,230,217,257,32,87,354,386,243,126,23,235,286,412,419,99,75,237,186,157,207,301,147,238,343,93,1,61,33,173,264,27,339,320,344,162,222,244,60,345,160,305,42,114,280,399,3,107,218,284,16,67,332,423,329,403,197,245,233,18,109,271,195,371,120,68,106,254,395,62,421,225,166,136,182,210,215,315,2,145,346,321,353,394,116,409,170,181,267,422,216,228,82,115,76,268,247,251,299,380,50,425,7,36,293,404,150,163,265,376,38,55,119,153,361,15,66,385,252,324,158,49,295,178,184,246,300,416,112,129,105,204,352,70,227,269,323,411,81,143,56,260,179,405,296,316,341,86,171,43,231,21,83,355,196,418,69,113,240,312,46,25,232,310,333,388,52,104,272,17,384,94,26,101,275,311,349,149,199,239,236,193,213,250,121,336,357,155,31,77,111,319,8,255,424,413,212,368,102,297,382,24,211,273,383,206,47,401,400,360,379,78,208,34,59,161,205,387,375,103,203,277,290,359,64,175,140,180,282,11,144],"type":"read_ok"}}
2024/02/25 18:59:35 Received {n12 n11 {"messages":[445,452,440,436,427,442,433,430,437,438,431,446,429,444,426,441,432,447,428,443,439,434,435,462],"msg_id":459,"type":"broadcast"}}
2024/02/25 18:59:35 Sent {"src":"n11","dest":"n12","body":{"in_reply_to":459,"type":"broadcast_ok"}}
2024/02/25 18:59:35 Received {c61 n11 {"type":"broadcast","message":479,"msg_id":37}}
2024/02/25 18:59:35 Sent {"src":"n11","dest":"c61","body":{"in_reply_to":37,"type":"broadcast_ok"}}
2024/02/25 18:59:35 Received {c61 n11 {"type":"read","msg_id":38}}
2024/02/25 18:59:35 Sent {"src":"n11","dest":"c61","body":{"in_reply_to":38,"messages":[51,54,79,97,142,248,342,350,44,45,65,122,159,22,74,183,322,152,308,307,370,435,6,135,0,58,110,164,169,229,328,37,168,185,306,347,390,462,57,63,194,326,414,407,444,92,95,130,177,288,263,402,108,262,278,335,338,415,96,148,393,406,90,156,200,303,452,9,369,436,392,29,137,202,327,330,397,410,40,266,374,431,123,220,125,154,167,258,12,128,198,334,131,226,285,356,363,138,191,364,420,4,234,427,118,151,259,396,134,325,365,5,80,253,367,28,72,89,291,398,32,87,132,230,217,257,354,386,126,243,23,235,440,286,412,419,75,99,186,237,147,157,207,301,238,343,1,61,93,27,33,173,264,320,344,339,60,162,222,244,160,305,345,3,42,114,280,399,16,67,107,218,284,332,423,439,329,403,18,109,197,245,233,271,195,371,433,68,106,120,62,254,395,421,166,225,447,136,182,210,2,145,215,315,346,116,321,353,394,170,181,409,216,228,267,422,82,76,115,426,247,251,268,50,299,380,7,36,425,150,293,404,38,55,163,265,376,15,66,119,153,361,252,324,385,437,49,158,295,184,178,112,129,246,300,416,479,105,204,70,227,352,81,143,269,323,411,56,260,432,179,405,443,296,86,171,316,341,43,428,21,83,231,355,196,418,46,25,69,113,240,312,442,232,310,333,388,17,52,104,272,94,384,26,101,275,311,349,149,199,239,236,121,193,213,250,446,155,336,357,441,8,31,77,111,319,445,255,424,212,368,413,102,297,382,24,211,273,383,47,206,429,360,379,401,400,34,59,78,208,103,161,205,387,375,64,203,277,290,359,140,175,11,144,180,282,91,13,48,274,314,381,358,85,223,340,372,14,317,190,214,281,391,192,219,289,337,434,117,172,224,188,249,366,98,146,165,221,276,30,351,378,53,84,348,389,174,209,261,270,331,241,283,39,73,88,124,176,318,377,408,187,362,19,10,189,292,41,141,201,309,430,313,71,256,302,287,373,133,294,20,438,100,139,298,127,279,304,35,242,417],"type":"read_ok"}}
2024/02/25 18:59:35 Sent {"src":"n11","dest":"n12","body":{"messages":[479],"msg_id":16,"type":"broadcast"}}
2024/02/25 18:59:36 Received {n12 n11 {"messages":[456,468,466,469,450,457,458,449,460,451,454,461,459,463,453,464,455,467,465,448,470],"msg_id":498,"type":"broadcast"}}
2024/02/25 18:59:36 Received {c61 n11 {"type":"broadcast","message":506,"msg_id":39}}
2024/02/25 18:59:36 Sent {"src":"n11","dest":"n12","body":{"in_reply_to":498,"type":"broadcast_ok"}}
2024/02/25 18:59:36 Sent {"src":"n11","dest":"c61","body":{"in_reply_to":39,"type":"broadcast_ok"}}
2024/02/25 18:59:36 Received {n12 n11 {"in_reply_to":16,"type":"broadcast_ok"}}
2024/02/25 18:59:36 Received {c61 n11 {"type":"broadcast","message":518,"msg_id":40}}
2024/02/25 18:59:36 Sent {"src":"n11","dest":"c61","body":{"in_reply_to":40,"type":"broadcast_ok"}}
2024/02/25 18:59:36 Sent {"src":"n11","dest":"n12","body":{"messages":[506,518],"msg_id":17,"type":"broadcast"}}
2024/02/25 18:59:36 Received {n12 n11 {"messages":[483,496,507,477,490,482,494,473,487,501,486,476,489,471,498,499,493,478,491,475,488,480,492,481,472,485,500,484,495,497,474,519],"msg_id":523,"type":"broadcast"}}
2024/02/25 18:59:36 Received {c61 n11 {"type":"broadcast","message":532,"msg_id":41}}
2024/02/25 18:59:36 Sent {"src":"n11","dest":"n12","body":{"in_reply_to":523,"type":"broadcast_ok"}}
2024/02/25 18:59:36 Sent {"src":"n11","dest":"c61","body":{"in_reply_to":41,"type":"broadcast_ok"}}
2024/02/25 18:59:36 Received {n12 n11 {"in_reply_to":17,"type":"broadcast_ok"}}
2024/02/25 18:59:36 Received {c61 n11 {"type":"broadcast","message":549,"msg_id":42}}
2024/02/25 18:59:36 Sent {"src":"n11","dest":"c61","body":{"in_reply_to":42,"type":"broadcast_ok"}}
2024/02/25 18:59:36 Sent {"src":"n11","dest":"n12","body":{"messages":[532,549],"msg_id":18,"type":"broadcast"}}
2024/02/25 18:59:37 Received {n12 n11 {"messages":[522,512,524,514,503,516,533,526,505,517,508,502,527,520,510,523,504,511,525,513,515,509,521],"msg_id":531,"type":"broadcast"}}
2024/02/25 18:59:37 Sent {"src":"n11","dest":"n12","body":{"in_reply_to":531,"type":"broadcast_ok"}}
2024/02/25 18:59:37 Received {n12 n11 {"in_reply_to":18,"type":"broadcast_ok"}}
2024/02/25 18:59:37 Received {c61 n11 {"type":"broadcast","message":561,"msg_id":43}}
2024/02/25 18:59:37 Sent {"src":"n11","dest":"c61","body":{"in_reply_to":43,"type":"broadcast_ok"}}
2024/02/25 18:59:37 Received {c61 n11 {"type":"read","msg_id":44}}
2024/02/25 18:59:37 Sent {"src":"n11","dest":"c61","body":{"in_reply_to":44,"messages":[398,450,28,72,89,291,217,257,354,386,32,87,132,230,453,126,243,455,486,23,235,440,524,286,412,419,476,75,99,456,483,186,237,472,518,477,147,157,207,301,238,343,481,448,519,1,61,93,459,320,344,339,27,33,173,264,457,60,162,222,244,160,305,345,496,399,500,514,3,42,114,280,284,332,16,67,107,218,423,439,329,403,233,271,490,526,18,109,197,245,195,371,433,489,68,106,120,549,62,254,395,421,495,525,166,225,447,482,136,182,210,346,2,145,215,315,116,321,353,394,170,181,409,449,504,216,228,267,422,82,76,115,426,247,251,268,50,299,380,7,36,425,150,293,404,376,38,55,163,265,361,15,66,119,153,252,324,385,437,49,158,295,184,178,520,416,479,112,129,246,300,105,204,70,227,352,411,498,81,143,269,323,56,260,432,179,405,443,485,296,464,509,86,171,316,341,43,428,21,83,231,355,196,418,240,312,442,46,25,69,113,516,508,232,310,333,388,17,52,104,272,94,384,26,101,521,470,517,275,311,349,465,460,532,149,199,239,236,446,505,121,193,213,250,155,336,357,441,319,445,461,471,8,31,77,111,255,424,488,212,368,413,527,102,297,382,487,24,512,211,273,383,503,47,206,429,501,507,360,379,401,400,561,34,59,78,208,375,497,103,161,205,387,359,64,203,277,290,140,175,463,511,11,144,180,282,91,466,484,381,358,13,48,274,314,85,223,340,372,14,317,451,190,214,281,391,434,192,219,289,337,117,172,224,491,188,249,366,474,276,467,98,146,165,221,30,351,378,458,53,84,348,389,331,174,209,261,270,499,513,241,283,454,494,176,318,377,408,39,73,88,124,468,187,362,475,19,10,189,292,430,522,515,41,141,201,309,313,373,71,256,302,287,133,294,20,438,100,139,298,127,279,304,473,35,242,417,506,142,248,342,350,51,54,79,97,44,45,65,122,159,469,22,74,183,322,435,510,152,308,307,370,6,135,523,0,58,110,164,169,229,328,347,390,462,37,168,185,306,414,407,444,480,57,63,194,326,288,263,402,493,92,95,130,177,338,415,108,262,278,335,96,148,393,406,452,90,156,200,303,9,369,436,392,330,397,410,29,137,202,327,40,266,374,431,533,123,220,478,125,154,167,258,12,128,198,334,363,131,226,285,356,502,138,191,364,420,4,234,427,492,118,151,259,396,134,325,365,5,80,253,367],"type":"read_ok"}}
2024/02/25 18:59:37 Sent {"src":"n11","dest":"n12","body":{"messages":[561],"msg_id":19,"type":"broadcast"}}
2024/02/25 18:59:37 Received {n12 n11 {"messages":[550,536,540,530,537,551,528,545,542,534,539,531,548,538,544,543,535,529,546,547,541,562,573],"msg_id":565,"type":"broadcast"}}
2024/02/25 18:59:37 Sent {"src":"n11","dest":"n12","body":{"in_reply_to":565,"type":"broadcast_ok"}}
2024/02/25 18:59:37 Received {n12 n11 {"in_reply_to":19,"type":"broadcast_ok"}}
2024/02/25 18:59:37 Received {c61 n11 {"type":"broadcast","message":585,"msg_id":45}}
2024/02/25 18:59:37 Sent {"src":"n11","dest":"c61","body":{"in_reply_to":45,"type":"broadcast_ok"}}
2024/02/25 18:59:37 Received {c61 n11 {"type":"read","msg_id":46}}
2024/02/25 18:59:37 Sent {"src":"n11","dest":"c61","body":{"in_reply_to":46,"messages":[170,181,409,216,228,267,422,449,504,536,82,542,76,115,426,551,247,251,268,528,50,299,380,7,36,425,150,293,404,38,55,163,265,376,15,66,119,153,361,252,324,385,437,540,49,158,295,184,178,520,112,129,246,300,416,479,105,204,70,227,352,81,143,269,323,411,498,56,260,432,179,405,443,485,296,529,86,171,316,341,464,509,537,43,428,21,83,231,355,196,418,562,46,25,69,113,240,312,442,232,310,333,388,516,508,17,52,104,272,94,384,26,101,521,275,311,349,465,470,517,149,199,239,236,460,532,121,193,213,250,446,505,585,155,336,357,441,8,31,77,111,319,445,461,471,255,424,488,212,368,413,527,102,297,382,487,531,538,24,512,211,273,383,503,47,206,429,501,360,379,401,400,507,34,59,78,208,561,103,161,205,387,375,497,64,203,277,290,359,140,175,463,11,144,180,282,511,91,466,484,550,13,48,274,314,381,358,85,223,340,372,544,14,317,451,190,214,281,391,192,219,289,337,434,543,117,172,224,491,188,249,366,474,98,146,165,221,276,467,30,351,378,458,53,84,348,389,174,209,261,270,331,241,283,454,494,499,513,39,73,88,124,176,318,377,408,468,187,362,19,10,189,292,475,546,41,141,201,309,430,522,515,313,541,71,256,302,287,373,133,294,20,438,100,139,298,127,279,304,473,548,35,242,417,506,51,54,79,97,142,248,342,350,44,539,45,65,122,159,22,74,183,322,469,152,308,307,370,435,510,6,135,0,58,110,164,523,169,229,328,37,168,185,306,347,390,462,535,57,63,194,326,414,407,444,480,534,92,95,130,177,288,263,402,493,108,262,278,335,338,415,530,96,148,393,406,90,156,200,303,452,9,369,436,392,29,137,202,327,330,397,410,40,266,374,431,533,123,220,478,125,154,167,258,12,128,198,334,131,226,285,356,363,138,191,364,420,502,547,4,234,427,118,151,259,396,492,134,325,365,5,80,253,367,28,72,89,291,398,450,573,32,87,132,230,217,257,354,386,453,126,243,455,486,23,235,440,524,286,412,419,75,99,456,483,476,186,237,472,147,157,207,301,518,477,238,343,481,1,61,93,459,448,519,545,27,33,173,264,320,344,339,60,162,222,244,457,160,305,345,496,3,42,114,280,399,500,514,16,67,107,218,284,332,423,439,329,403,18,109,197,245,233,271,490,526,195,371,433,489,68,106,120,62,254,395,421,549,166,225,447,482,495,525,136,182,210,2,145,215,315,346,116,321,353,394],"type":"read_ok"}}
2024/02/25 18:59:37 Sent {"src":"n11","dest":"n12","body":{"messages":[585],"msg_id":20,"type":"broadcast"}}
2024/02/25 18:59:38 Received {n12 n11 {"messages":[564,556,555,559,560,558,571,553,569,552,568,567,566,554,565,574,557,570,572,563],"msg_id":585,"type":"broadcast"}}
2024/02/25 18:59:38 Sent {"src":"n11","dest":"n12","body":{"in_reply_to":585,"type":"broadcast_ok"}}
2024/02/25 18:59:38 Received {n12 n11 {"in_reply_to":20,"type":"broadcast_ok"}}
2024/02/25 18:59:38 Received {c61 n11 {"type":"broadcast","message":609,"msg_id":47}}
2024/02/25 18:59:38 Sent {"src":"n11","dest":"c61","body":{"in_reply_to":47,"type":"broadcast_ok"}}
2024/02/25 18:59:38 Sent {"src":"n11","dest":"n12","body":{"messages":[609],"msg_id":21,"type":"broadcast"}}
2024/02/25 18:59:38 Received {n12 n11 {"messages":[587,600,578,575,588,584,582,595,583,581,594,598,592,597,577,586,591,599,579,590,580,593,596,576,589,610],"msg_id":617,"type":"broadcast"}}
2024/02/25 18:59:38 Received {c61 n11 {"type":"broadcast","message":623,"msg_id":48}}
2024/02/25 18:59:38 Sent {"src":"n11","dest":"n12","body":{"in_reply_to":617,"type":"broadcast_ok"}}
2024/02/25 18:59:38 Sent {"src":"n11","dest":"c61","body":{"in_reply_to":48,"type":"broadcast_ok"}}
2024/02/25 18:59:38 Received {n12 n11 {"in_reply_to":21,"type":"broadcast_ok"}}
2024/02/25 18:59:38 Received {c61 n11 {"type":"read","msg_id":49}}
2024/02/25 18:59:38 Sent {"src":"n11","dest":"c61","body":{"in_reply_to":49,"messages":[525,166,225,447,482,495,136,182,210,572,2,145,215,315,346,116,321,353,394,592,170,181,409,504,536,216,228,267,422,449,82,542,591,76,115,426,551,247,251,268,528,50,299,380,623,7,36,425,574,150,293,404,566,554,38,55,163,265,376,15,66,119,153,361,252,324,385,437,540,49,158,295,184,178,520,479,112,129,246,300,416,105,204,564,70,227,352,498,600,81,143,269,323,411,56,260,432,179,405,443,485,296,529,509,537,577,86,171,316,341,464,599,43,428,597,21,83,231,355,559,196,418,562,312,442,46,25,69,113,240,508,571,232,310,333,388,516,17,52,104,272,94,384,26,101,521,558,517,275,311,349,465,470,532,149,199,239,236,460,505,585,121,193,213,250,446,155,336,357,441,445,461,471,8,31,77,111,319,582,589,255,424,488,593,212,368,413,527,560,538,102,297,382,487,531,24,512,211,273,383,503,553,47,206,429,501,557,360,379,401,400,507,34,59,78,208,561,497,575,583,103,161,205,387,375,64,203,277,290,359,140,175,463,11,144,180,282,511,610,91,466,484,550,570,358,13,48,274,314,381,587,594,85,223,340,372,544,14,317,451,609,190,214,281,391,543,192,219,289,337,434,117,172,224,491,188,249,366,474,467,98,146,165,221,276,30,351,378,458,53,84,348,389,590,174,209,261,270,331,513,241,283,454,494,499,318,377,408,39,73,88,124,176,468,187,362,546,567,19,10,189,292,475,522,515,41,141,201,309,430,313,541,71,256,302,287,373,133,294,20,438,100,139,298,127,279,304,473,548,35,242,417,506,248,342,350,51,54,79,97,142,44,539,568,45,65,122,159,22,74,183,322,469,510,552,152,308,307,370,435,6,135,588,0,58,110,164,523,169,229,328,390,462,535,37,168,185,306,347,407,444,480,57,63,194,326,414,534,263,402,493,92,95,130,177,288,415,530,555,108,262,278,335,338,96,148,393,406,90,156,200,303,452,9,369,436,392,397,410,29,137,202,327,330,40,266,374,431,533,123,220,478,125,154,167,258,12,128,198,334,579,131,226,285,356,363,547,138,191,364,420,502,4,234,427,118,151,259,396,492,134,325,365,5,80,253,367,450,573,28,72,89,291,398,257,354,386,32,87,132,230,217,453,126,243,455,486,586,23,235,440,524,598,286,412,419,581,584,75,99,456,483,476,186,237,472,477,565,147,157,207,301,518,238,343,481,519,545,569,1,61,93,459,448,344,339,595,27,33,173,264,320,60,162,222,244,457,160,305,345,496,500,514,3,42,114,280,399,332,16,67,107,218,284,423,439,556,329,403,578,271,490,526,18,109,197,245,233,563,580,195,371,433,489,576,68,106,120,596,62,254,395,421,549],"type":"read_ok"}}
2024/02/25 18:59:38 Sent {"src":"n11","dest":"n12","body":{"messages":[623],"msg_id":22,"type":"broadcast"}}
2024/02/25 18:59:39 Received {n12 n11 {"messages":[602,614,615,624,618,607,619,601,613,606,611,617,605,612,604,616,603,608,638],"msg_id":645,"type":"broadcast"}}
2024/02/25 18:59:39 Sent {"src":"n11","dest":"n12","body":{"in_reply_to":645,"type":"broadcast_ok"}}
2024/02/25 18:59:39 Received {n12 n11 {"in_reply_to":22,"type":"broadcast_ok"}}
2024/02/25 18:59:39 Received {c61 n11 {"type":"broadcast","message":655,"msg_id":50}}
2024/02/25 18:59:39 Sent {"src":"n11","dest":"c61","body":{"in_reply_to":50,"type":"broadcast_ok"}}
2024/02/25 18:59:39 Received {c61 n11 {"type":"broadcast","message":667,"msg_id":51}}
2024/02/25 18:59:39 Sent {"src":"n11","dest":"c61","body":{"in_reply_to":51,"type":"broadcast_ok"}}
2024/02/25 18:59:39 Sent {"src":"n11","dest":"n12","body":{"messages":[655,667],"msg_id":23,"type":"broadcast"}}
2024/02/25 18:59:39 Received {n12 n11 {"messages":[629,644,642,636,620,622,637,627,641,631,625,639,626,640,630,633,634,621,632,628,643,635,668],"msg_id":661,"type":"broadcast"}}
2024/02/25 18:59:39 Sent {"src":"n11","dest":"n12","body":{"in_reply_to":661,"type":"broadcast_ok"}}
2024/02/25 18:59:39 Received {n12 n11 {"in_reply_to":23,"type":"broadcast_ok"}}
2024/02/25 18:59:39 Received {c61 n11 {"type":"read","msg_id":52}}
2024/02/25 18:59:39 Sent {"src":"n11","dest":"c61","body":{"in_reply_to":52,"messages":[123,220,478,125,154,167,258,621,12,128,198,334,579,615,131,226,285,356,363,138,191,364,420,502,547,4,234,427,118,151,259,396,492,611,134,325,365,5,80,253,367,573,635,28,72,89,291,398,450,354,386,32,87,132,230,217,257,453,126,243,455,486,628,23,235,440,524,598,586,286,412,419,581,75,99,456,483,476,584,186,237,472,565,632,147,157,207,301,518,477,238,343,481,627,545,569,1,61,93,459,448,519,339,595,27,33,173,264,320,344,60,162,222,244,457,160,305,345,496,619,514,629,3,42,114,280,399,500,16,67,107,218,284,332,423,439,556,329,403,578,605,490,526,18,109,197,245,233,271,563,580,195,371,433,489,576,68,106,120,62,254,395,421,549,596,166,225,447,482,495,525,136,182,210,2,145,215,315,346,572,116,321,353,394,592,170,181,409,536,216,228,267,422,449,504,82,542,591,601,76,115,426,551,247,251,268,528,50,299,380,623,667,7,36,425,574,150,293,404,554,38,55,163,265,376,566,15,66,119,153,361,252,324,385,437,540,642,49,158,295,184,178,520,112,129,246,300,416,479,105,204,564,70,227,352,600,81,143,269,323,411,498,56,260,432,179,405,443,485,624,296,529,537,577,86,171,316,341,464,509,599,43,428,597,606,21,83,231,355,559,620,639,196,418,562,643,442,46,25,69,113,240,312,571,232,310,333,388,516,508,17,52,104,272,94,384,26,101,521,558,638,275,311,349,465,470,517,149,199,239,236,460,532,585,121,193,213,250,446,505,155,336,357,441,461,471,8,31,77,111,319,445,582,589,633,255,424,488,593,631,212,368,413,527,560,644,603,102,297,382,487,531,538,24,512,602,618,655,211,273,383,503,553,47,206,429,501,360,379,401,400,507,557,34,59,78,208,561,575,583,103,161,205,387,375,497,626,64,203,277,290,359,140,175,463,11,144,180,282,511,91,466,484,550,570,610,13,48,274,314,381,358,594,637,85,223,340,372,544,587,14,317,451,609,190,214,281,391,613,192,219,289,337,434,543,117,172,224,491,668,188,249,366,474,612,622,98,146,165,221,276,467,30,351,378,458,630,53,84,348,389,174,209,261,270,331,590,241,283,454,494,499,513,377,408,39,73,88,124,176,318,468,187,362,567,640,19,10,189,292,475,546,515,41,141,201,309,430,522,313,541,71,256,302,287,373,634,133,294,607,20,438,604,100,139,298,127,279,304,473,548,35,242,417,506,342,350,51,54,79,97,142,248,641,625,44,539,568,45,65,122,159,22,74,183,322,469,552,608,152,308,307,370,435,510,6,135,636,0,58,110,164,523,588,169,229,328,462,535,37,168,185,306,347,390,614,444,480,57,63,194,326,414,407,534,617,402,493,92,95,130,177,288,263,530,555,108,262,278,335,338,415,616,96,148,393,406,90,156,200,303,452,9,369,436,392,410,29,137,202,327,330,397,40,266,374,431,533],"type":"read_ok"}}
2024/02/25 18:59:40 Received {n12 n11 {"messages":[652,664,656,648,661,660,646,659,653,665,654,666,647,645,658,651,663,649,650,662,657],"msg_id":696,"type":"broadcast"}}
2024/02/25 18:59:40 Received {c61 n11 {"type":"broadcast","message":694,"msg_id":53}}
2024/02/25 18:59:40 Sent {"src":"n11","dest":"n12","body":{"in_reply_to":696,"type":"broadcast_ok"}}
2024/02/25 18:59:40 Sent {"src":"n11","dest":"c61","body":{"in_reply_to":53,"type":"broadcast_ok"}}
2024/02/25 18:59:40 Received {c61 n11 {"type":"read","msg_id":54}}
2024/02/25 18:59:40 Sent {"src":"n11","dest":"c61","body":{"in_reply_to":54,"messages":[498,600,81,143,269,323,411,56,260,432,662,179,405,443,485,624,296,529,509,537,577,86,171,316,341,464,599,694,43,428,597,606,21,83,231,355,559,620,639,665,196,418,562,643,312,442,666,46,25,69,113,240,508,571,232,310,333,388,516,17,52,104,272,645,94,384,26,101,521,558,517,638,275,311,349,465,470,532,653,149,199,239,236,460,505,585,121,193,213,250,446,155,336,357,441,445,461,471,8,31,77,111,319,582,589,633,255,424,488,593,644,631,212,368,413,527,560,538,603,102,297,382,487,531,24,512,602,618,655,211,273,383,503,553,47,206,429,501,557,360,379,401,400,507,657,34,59,78,208,561,497,575,583,103,161,205,387,375,626,64,203,277,290,359,140,175,463,11,144,180,282,511,610,91,466,484,550,570,358,656,13,48,274,314,381,587,594,637,85,223,340,372,544,654,14,317,451,609,190,214,281,391,652,613,543,192,219,289,337,434,117,172,224,659,491,668,622,188,249,366,474,612,467,98,146,165,221,276,30,351,378,458,630,53,84,348,389,590,174,209,261,270,331,513,241,283,454,494,499,318,377,408,39,73,88,124,176,468,187,362,546,567,640,19,10,189,292,475,522,515,41,141,201,309,430,313,541,634,71,256,302,287,373,133,294,607,20,438,604,100,139,298,646,651,127,279,304,473,548,35,242,417,506,248,342,350,51,54,79,97,142,641,625,44,539,568,45,65,122,159,22,74,183,322,469,510,552,608,152,308,307,370,435,661,649,6,135,588,636,0,58,110,164,523,169,229,328,390,462,535,37,168,185,306,347,614,407,444,480,57,63,194,326,414,534,617,263,402,493,92,95,130,177,288,415,530,555,108,262,278,335,338,616,96,148,393,406,90,156,200,303,452,9,369,436,392,397,410,664,29,137,202,327,330,40,266,374,431,533,123,220,478,125,154,167,258,615,621,12,128,198,334,579,131,226,285,356,363,547,648,138,191,364,420,502,4,234,427,611,118,151,259,396,492,134,325,365,5,80,253,367,450,573,635,28,72,89,291,398,650,257,354,386,32,87,132,230,217,453,126,243,455,486,586,628,658,23,235,440,524,598,286,412,419,581,584,75,99,456,483,476,186,237,472,477,565,632,147,157,207,301,518,238,343,481,627,519,545,569,1,61,93,459,448,344,339,595,27,33,173,264,320,60,162,222,244,457,160,305,345,496,619,500,514,629,3,42,114,280,399,332,16,67,107,218,284,423,439,556,329,403,578,605,271,490,526,18,109,197,245,233,563,580,663,195,371,433,489,576,68,106,120,596,62,254,395,421,549,525,166,225,447,482,495,136,182,210,572,2,145,215,315,346,116,321,353,394,592,170,181,409,504,536,216,228,267,422,449,82,542,591,601,76,115,426,551,247,251,268,528,50,299,380,623,667,7,36,425,574,150,293,404,566,554,38,55,163,265,376,15,66,119,153,361,642,252,324,385,437,540,49,158,295,184,178,520,647,479,112,129,246,300,416,105,204,564,70,227,352,660],"type":"read_ok"}}
2024/02/25 18:59:40 Sent {"src":"n11","dest":"n12","body":{"messages":[694],"msg_id":24,"type":"broadcast"}}
2024/02/25 18:59:40 Received {n12 n11 {"messages":[675,679,685,684,673,671,682,670,681,669,680,676,687,688,672,683,689,674,677,678,686,706],"msg_id":710,"type":"broadcast"}}
2024/02/25 18:59:40 Sent {"src":"n11","dest":"n12","body":{"in_reply_to":710,"type":"broadcast_ok"}}
2024/02/25 18:59:40 Received {n12 n11 {"in_reply_to":24,"type":"broadcast_ok"}}
2024/02/25 18:59:40 Received {c61 n11 {"type":"broadcast","message":718,"msg_id":55}}
2024/02/25 18:59:40 Sent {"src":"n11","dest":"c61","body":{"in_reply_to":55,"type":"broadcast_ok"}}
2024/02/25 18:59:40 Received {c61 n11 {"type":"broadcast","message":728,"msg_id":56}}
2024/02/25 18:59:40 Sent {"src":"n11","dest":"c61","body":{"in_reply_to":56,"type":"broadcast_ok"}}
2024/02/25 18:59:40 Sent {"src":"n11","dest":"n12","body":{"messages":[718,728],"msg_id":25,"type":"broadcast"}}
2024/02/25 18:59:41 Received {n12 n11 {"messages":[699,698,692,690,702,693,705,700,708,703,695,707,696,709,701,704,691,697],"msg_id":740,"type":"broadcast"}}
2024/02/25 18:59:41 Sent {"src":"n11","dest":"n12","body":{"in_reply_to":740,"type":"broadcast_ok"}}
2024/02/25 18:59:41 Received {n12 n11 {"in_reply_to":25,"type":"broadcast_ok"}}
2024/02/25 18:59:41 Received {c61 n11 {"type":"broadcast","message":741,"msg_id":57}}
2024/02/25 18:59:41 Sent {"src":"n11","dest":"c61","body":{"in_reply_to":57,"type":"broadcast_ok"}}
2024/02/25 18:59:41 Sent {"src":"n11","dest":"n12","body":{"messages":[741],"msg_id":26,"type":"broadcast"}}
2024/02/25 18:59:41 Received {n12 n11 {"messages":[723,722,717,713,716,726,714,727,720,711,719,710,712,724,715,725,721,742],"msg_id":760,"type":"broadcast"}}
2024/02/25 18:59:41 Sent {"src":"n11","dest":"n12","body":{"in_reply_to":760,"type":"broadcast_ok"}}
2024/02/25 18:59:41 Received {n12 n11 {"in_reply_to":26,"type":"broadcast_ok"}}
2024/02/25 18:59:41 Received {c61 n11 {"type":"broadcast","message":759,"msg_id":58}}
2024/02/25 18:59:41 Sent {"src":"n11","dest":"c61","body":{"in_reply_to":58,"type":"broadcast_ok"}}
2024/02/25 18:59:41 Received {c61 n11 {"type":"read","msg_id":59}}
2024/02/25 18:59:41 Sent {"src":"n11","dest":"c61","body":{"in_reply_to":59,"messages":[334,579,615,621,12,128,198,356,363,131,226,285,420,502,547,648,138,191,364,727,4,234,427,396,492,611,688,698,118,151,259,673,687,134,325,365,367,5,80,253,291,398,450,573,635,28,72,89,650,691,721,230,217,257,354,386,32,87,132,453,678,690,486,126,243,455,524,598,586,628,658,23,235,440,581,286,412,419,483,476,584,742,75,99,456,186,237,472,301,518,477,565,632,147,157,207,627,238,343,481,459,448,519,545,569,1,61,93,264,320,344,339,595,27,33,173,244,457,60,162,222,496,619,160,305,345,280,399,500,514,629,3,42,114,728,218,284,332,16,67,107,725,423,439,556,605,329,403,578,245,233,271,490,526,18,109,197,563,580,489,576,663,195,371,433,719,68,106,120,421,549,596,62,254,395,482,495,525,166,225,447,136,182,210,315,346,572,2,145,215,394,592,683,116,321,353,170,181,409,422,449,504,536,216,228,267,601,82,542,591,551,674,706,705,703,76,115,426,528,247,251,268,623,667,50,299,380,574,7,36,425,150,293,404,265,376,566,554,38,55,163,153,361,682,718,15,66,119,437,540,642,680,677,252,324,385,722,49,158,295,647,184,178,520,300,416,479,112,129,246,685,672,105,204,564,660,723,715,70,227,352,323,411,498,600,81,143,269,56,260,432,485,624,662,707,717,179,405,443,296,529,341,464,509,537,577,86,171,316,599,694,606,43,428,597,21,83,231,711,355,709,726,665,559,620,639,643,702,700,196,418,562,113,240,312,442,666,46,25,69,695,388,516,508,571,232,310,333,272,645,669,17,52,104,94,384,558,26,101,521,465,470,517,638,692,275,311,349,236,460,532,653,149,199,239,250,446,505,585,696,121,193,213,441,155,336,357,111,319,445,461,471,8,31,77,582,589,633,593,255,424,488,527,560,644,631,212,368,413,487,531,538,603,724,102,297,382,618,655,24,512,602,503,553,211,273,383,501,47,206,429,400,507,557,741,360,379,401,208,561,657,670,34,59,78,387,375,497,575,583,103,161,205,626,290,359,64,203,277,140,175,463,282,511,11,144,180,550,570,610,91,466,484,314,381,358,656,697,13,48,274,372,544,587,594,637,85,223,340,654,609,14,317,451,391,652,681,720,190,214,281,613,337,434,543,192,219,289,659,117,172,224,491,668,474,612,622,188,249,366,221,276,467,98,146,165,458,630,30,351,378,389,693,53,84,348,270,331,590,708,174,209,261,494,499,513,241,283,454,124,176,318,377,408,39,73,88,468,679,686,704,187,362,675,292,475,546,567,640,19,10,189,309,430,522,515,676,41,141,201,689,313,541,710,287,373,634,684,71,256,302,133,294,607,716,20,438,604,646,651,100,139,298,473,548,127,279,304,506,35,242,417,97,142,248,342,350,51,54,79,641,625,44,539,568,159,45,65,122,322,469,22,74,183,370,435,510,552,608,152,308,307,661,649,6,135,164,523,588,636,0,58,110,169,229,328,306,347,390,462,535,37,168,185,614,326,414,407,444,480,57,63,194,534,617,177,288,263,402,493,92,95,130,699,335,338,415,530,555,108,262,278,616,406,96,148,393,303,452,90,156,200,712,9,369,436,392,327,330,397,410,664,29,137,202,671,714,40,713,533,701,266,374,431,759,123,220,478,258,125,154,167],"type":"read_ok"}}
2024/02/25 18:59:41 Sent {"src":"n11","dest":"n12","body":{"messages":[759],"msg_id":27,"type":"broadcast"}}
2024/02/25 18:59:42 Received {n12 n11 {"messages":[749,739,732,746,748,735,738,737,730,744,733,734,740,751,731,745,747,729,743,736,750],"msg_id":777,"type":"broadcast"}}
2024/02/25 18:59:42 Sent {"src":"n11","dest":"n12","body":{"in_reply_to":777,"type":"broadcast_ok"}}
2024/02/25 18:59:42 Received {n12 n11 {"in_reply_to":27,"type":"broadcast_ok"}}
2024/02/25 18:59:42 Received {c61 n11 {"type":"read","msg_id":60}}
2024/02/25 18:59:42 Sent {"src":"n11","dest":"c61","body":{"in_reply_to":60,"messages":[559,620,639,665,196,418,562,643,702,700,46,25,69,113,240,312,442,666,695,232,310,333,388,516,508,571,17,52,104,272,645,669,94,384,26,101,521,558,275,311,349,465,470,517,638,692,737,149,199,239,236,460,532,653,121,193,213,250,446,505,585,696,155,336,357,441,8,31,77,111,319,445,461,471,582,589,633,255,424,488,593,212,368,413,527,560,644,631,102,297,382,487,531,538,603,724,24,512,602,618,655,211,273,383,503,553,47,206,429,501,360,379,401,400,507,557,741,34,59,78,208,561,657,670,103,161,205,387,375,497,575,583,626,747,64,203,277,290,359,140,175,463,11,144,180,282,511,91,466,484,550,570,610,13,48,274,314,381,358,656,697,85,223,340,372,544,587,594,637,654,14,317,451,609,190,214,281,391,652,681,720,613,192,219,289,337,434,543,117,172,224,659,491,668,188,249,366,474,612,622,98,146,165,221,276,467,30,351,378,458,630,53,84,348,389,693,174,209,261,270,331,590,708,241,283,454,494,499,513,39,73,88,124,176,318,377,408,468,187,362,675,679,686,704,19,10,189,292,475,546,567,640,41,141,201,309,430,522,515,676,689,313,541,710,71,256,302,287,373,634,684,133,294,607,745,20,438,604,716,730,731,100,139,298,646,651,127,279,304,473,548,736,35,242,417,506,51,54,79,97,142,248,342,350,641,625,739,44,539,568,740,45,65,122,159,22,74,183,322,469,152,308,307,370,435,510,552,608,661,649,6,135,0,58,110,164,523,588,636,169,229,328,37,168,185,306,347,390,462,535,614,57,63,194,326,414,407,444,480,534,617,92,95,130,177,288,263,402,493,699,108,262,278,335,338,415,530,555,616,96,148,393,406,90,156,200,303,452,9,369,436,712,392,750,29,137,202,327,330,397,410,664,671,714,40,713,266,374,431,533,701,746,733,123,220,478,759,125,154,167,258,12,128,198,334,579,615,621,734,131,226,285,356,363,138,191,364,420,502,547,648,4,234,427,727,118,151,259,396,492,611,688,698,748,134,325,365,673,687,5,80,253,367,751,28,72,89,291,398,450,573,635,650,691,721,32,87,132,230,217,257,354,386,453,678,690,126,243,455,486,23,235,440,524,598,586,628,658,286,412,419,581,75,99,456,483,476,584,742,186,237,472,147,157,207,301,518,477,565,632,749,238,343,481,627,1,61,93,459,448,519,545,569,27,33,173,264,320,344,339,595,60,162,222,244,457,729,160,305,345,496,619,3,42,114,280,399,500,514,629,728,16,67,107,218,284,332,423,439,556,725,738,329,403,578,605,18,109,197,245,233,271,490,526,563,580,195,371,433,489,576,663,68,106,120,719,62,254,395,421,549,596,166,225,447,482,495,525,136,182,210,2,145,215,315,346,572,116,321,353,394,592,683,170,181,409,216,228,267,422,449,504,536,82,542,591,601,76,115,426,551,674,706,705,703,247,251,268,528,50,299,380,623,667,735,7,36,425,574,150,293,404,38,55,163,265,376,566,554,732,15,66,119,153,361,682,718,252,324,385,437,540,642,680,677,49,158,295,722,184,178,520,647,112,129,246,300,416,479,105,204,564,685,672,70,227,352,660,723,715,81,143,269,323,411,498,600,56,260,432,179,405,443,485,624,662,707,717,296,529,744,86,171,316,341,464,509,537,577,599,694,43,428,597,606,743,21,83,231,355,709,726,711],"type":"read_ok"}}
2024/02/25 18:59:42 Received {n12 n11 {"messages":[757,772,752,765,762,754,756,771,769,776,770,753,767,768,773,766,764,760,775,758,774,761,777,755,763],"msg_id":809,"type":"broadcast"}}
2024/02/25 18:59:42 Received {c61 n11 {"type":"broadcast","message":796,"msg_id":61}}
2024/02/25 18:59:42 Sent {"src":"n11","dest":"n12","body":{"in_reply_to":809,"type":"broadcast_ok"}}
2024/02/25 18:59:42 Sent {"src":"n11","dest":"c61","body":{"in_reply_to":61,"type":"broadcast_ok"}}
2024/02/25 18:59:42 Received {c61 n11 {"type":"read","msg_id":62}}
2024/02/25 18:59:42 Sent {"src":"n11","dest":"c61","body":{"in_reply_to":62,"messages":[360,379,401,400,507,557,741,34,59,78,208,561,657,670,583,103,161,205,387,375,497,575,626,747,64,203,277,290,359,773,140,175,463,770,11,144,180,282,511,91,466,484,550,570,610,697,13,48,274,314,381,358,656,761,637,85,223,340,372,544,587,594,654,14,317,451,609,190,214,281,391,652,681,720,613,192,219,289,337,434,543,117,172,224,659,491,668,188,249,366,474,612,622,98,146,165,221,276,467,763,30,351,378,458,630,53,84,348,389,693,174,209,261,270,331,590,708,241,283,454,494,499,513,769,408,39,73,88,124,176,318,377,468,187,362,675,679,686,704,756,640,19,10,189,292,475,546,567,676,41,141,201,309,430,522,515,689,313,541,710,71,256,302,287,373,634,684,133,294,607,745,20,438,604,716,730,731,768,100,139,298,646,651,771,127,279,304,473,548,736,35,242,417,506,350,51,54,79,97,142,248,342,641,625,739,44,539,568,740,45,65,122,159,22,74,183,322,469,608,152,308,307,370,435,510,552,661,649,6,135,765,0,58,110,164,523,588,636,169,229,328,535,37,168,185,306,347,390,462,614,480,57,63,194,326,414,407,444,534,617,493,92,95,130,177,288,263,402,699,760,555,108,262,278,335,338,415,530,616,96,148,393,406,764,90,156,200,303,452,9,369,436,712,392,750,775,664,29,137,202,327,330,397,410,671,714,40,713,266,374,431,533,701,746,733,123,220,478,759,125,154,167,258,734,12,128,198,334,579,615,621,131,226,285,356,363,777,138,191,364,420,502,547,648,4,234,427,727,698,118,151,259,396,492,611,688,748,134,325,365,673,687,5,80,253,367,751,635,28,72,89,291,398,450,573,650,691,721,386,32,87,132,230,217,257,354,453,678,690,126,243,455,486,658,23,235,440,524,598,586,628,753,286,412,419,581,75,99,456,483,476,584,742,186,237,472,632,147,157,207,301,518,477,565,749,772,767,238,343,481,627,569,1,61,93,459,448,519,545,595,27,33,173,264,320,344,339,60,162,222,244,457,729,757,160,305,345,496,619,629,3,42,114,280,399,500,514,728,774,16,67,107,218,284,332,423,439,556,725,738,329,403,578,605,526,18,109,197,245,233,271,490,563,580,195,371,433,489,576,663,68,106,120,719,62,254,395,421,549,596,166,225,447,482,495,525,136,182,210,2,145,215,315,346,572,116,321,353,394,592,683,170,181,409,766,758,216,228,267,422,449,504,536,82,542,591,601,703,76,115,426,551,674,706,705,752,247,251,268,528,50,299,380,623,667,735,7,36,425,574,776,150,293,404,755,732,38,55,163,265,376,566,554,15,66,119,153,361,682,718,677,252,324,385,437,540,642,680,49,158,295,722,184,178,520,647,112,129,246,300,416,479,105,204,564,685,672,70,227,352,660,723,715,81,143,269,323,411,498,600,56,260,432,717,179,405,443,485,624,662,707,296,529,744,577,86,171,316,341,464,509,537,599,694,43,428,597,606,743,21,83,231,355,709,726,711,559,620,639,665,196,418,562,643,702,700,666,46,25,69,113,240,312,442,695,232,310,333,388,516,508,571,17,52,104,272,645,669,94,384,26,101,521,558,692,275,311,349,465,470,517,638,737,149,199,239,236,460,532,653,696,121,193,213,250,446,505,585,155,336,357,441,471,8,31,77,111,319,445,461,582,589,633,754,255,424,488,593,212,368,413,527,560,644,631,724,102,297,382,487,531,538,603,24,512,602,618,655,211,273,383,503,553,47,206,429,501,762,796],"type":"read_ok"}}
2024/02/25 18:59:42 Sent {"src":"n11","dest":"n12","body":{"messages":[796],"msg_id":28,"type":"broadcast"}}
2024/02/25 18:59:43 Received {n12 n11 {"messages":[779,789,786,783,788,781,784,790,792,785,780,793,778,791,787,782,809],"msg_id":827,"type":"broadcast"}}
2024/02/25 18:59:43 Sent {"src":"n11","dest":"n12","body":{"in_reply_to":827,"type":"broadcast_ok"}}
2024/02/25 18:59:43 Received {n12 n11 {"in_reply_to":28,"type":"broadcast_ok"}}
2024/02/25 18:59:43 Received {c61 n11 {"type":"read","msg_id":63}}
2024/02/25 18:59:43 Sent {"src":"n11","dest":"c61","body":{"in_reply_to":63,"messages":[780,14,317,451,609,652,681,720,190,214,281,391,613,434,543,790,192,219,289,337,117,172,224,659,491,668,612,622,188,249,366,474,276,467,763,98,146,165,221,630,30,351,378,458,693,53,84,348,389,331,590,708,174,209,261,270,499,513,769,241,283,454,494,176,318,377,408,39,73,88,124,468,781,686,704,756,187,362,675,679,475,546,567,640,19,10,189,292,430,522,515,676,41,141,201,309,689,313,541,710,373,634,684,71,256,302,287,133,294,607,745,730,731,768,782,20,438,604,716,651,771,100,139,298,646,548,736,127,279,304,473,35,242,417,506,142,248,342,350,51,54,79,97,641,625,739,785,44,539,568,740,793,45,65,122,159,469,809,22,74,183,322,435,510,552,608,152,308,307,370,661,649,6,135,523,588,636,765,0,58,110,164,169,229,328,347,390,462,535,37,168,185,306,614,414,407,444,480,57,63,194,326,534,617,288,263,402,493,92,95,130,177,699,760,338,415,530,555,108,262,278,335,616,764,96,148,393,406,452,90,156,200,303,789,9,369,436,712,392,750,775,330,397,410,664,29,137,202,327,671,714,40,713,701,746,733,266,374,431,533,123,220,478,759,125,154,167,258,579,615,621,734,12,128,198,334,363,777,131,226,285,356,502,547,648,138,191,364,420,4,234,427,727,492,611,688,698,118,151,259,396,748,687,791,134,325,365,673,751,5,80,253,367,398,450,573,635,28,72,89,291,650,691,721,217,257,354,386,32,87,132,230,453,678,690,126,243,455,486,598,586,628,658,23,235,440,524,753,286,412,419,581,476,584,742,75,99,456,483,186,237,472,518,477,565,632,147,157,207,301,749,772,767,238,343,481,627,448,519,545,569,1,61,93,459,320,344,339,595,27,33,173,264,457,729,757,60,162,222,244,619,160,305,345,496,399,500,514,629,3,42,114,280,728,774,284,332,778,16,67,107,218,738,423,439,556,725,329,403,578,605,233,271,490,526,18,109,197,245,563,580,576,663,195,371,433,489,68,106,120,719,549,596,779,62,254,395,421,495,525,166,225,447,482,136,182,210,346,572,2,145,215,315,592,683,116,321,353,394,758,170,181,409,766,449,504,536,216,228,267,422,82,542,591,601,674,706,705,703,76,115,426,551,752,247,251,268,528,667,735,50,299,380,623,776,7,36,425,574,150,293,404,755,376,566,554,732,38,55,163,265,361,682,718,787,15,66,119,153,540,642,680,677,252,324,385,437,49,158,295,722,184,178,520,647,416,479,112,129,246,300,672,105,204,564,685,723,715,70,227,352,660,411,498,600,788,81,143,269,323,56,260,432,624,662,707,717,179,405,443,485,296,529,744,464,509,537,577,86,171,316,341,599,694,743,43,428,597,606,21,83,231,784,355,709,726,711,559,620,639,665,702,700,196,418,562,643,240,312,442,666,46,25,69,113,695,516,508,571,232,310,333,388,645,669,17,52,104,272,94,384,26,101,521,558,470,517,638,692,275,311,349,465,737,460,532,653,149,199,239,236,446,505,585,696,121,193,213,250,786,155,336,357,441,319,445,461,471,8,31,77,111,582,589,633,754,255,424,488,593,560,644,631,212,368,413,527,531,538,603,724,102,297,382,487,655,24,512,602,618,553,211,273,383,503,762,796,47,206,429,501,507,557,741,360,379,401,400,561,657,670,34,59,78,208,375,497,575,583,103,161,205,387,626,747,359,773,64,203,277,290,783,140,175,463,770,511,11,144,180,282,570,610,91,466,484,550,381,358,656,697,13,48,274,314,761,544,587,594,637,85,223,340,372,654,792],"type":"read_ok"}}
2024/02/25 18:59:43 Received {c61 n11 {"type":"broadcast","message":839,"msg_id":64}}
2024/02/25 18:59:43 Sent {"src":"n11","dest":"c61","body":{"in_reply_to":64,"type":"broadcast_ok"}}
2024/02/25 18:59:43 Sent {"src":"n11","dest":"n12","body":{"messages":[839],"msg_id":29,"type":"broadcast"}}
2024/02/25 18:59:43 Received {n12 n11 {"messages":[812,798,811,800,813,807,805,804,801,815,797,810,795,808,794,803,806,802,814,799,822],"msg_id":842,"type":"broadcast"}}
2024/02/25 18:59:43 Sent {"src":"n11","dest":"n12","body":{"in_reply_to":842,"type":"broadcast_ok"}}
2024/02/25 18:59:43 Received {n12 n11 {"in_reply_to":29,"type":"broadcast_ok"}}
2024/02/25 18:59:43 Received {c61 n11 {"type":"read","msg_id":65}}
2024/02/25 18:59:43 Sent {"src":"n11","dest":"c61","body":{"in_reply_to":65,"messages":[442,666,46,25,69,113,240,312,695,571,232,310,333,388,516,508,17,52,104,272,645,669,94,384,26,101,521,558,794,638,692,275,311,349,465,470,517,737,653,815,149,199,239,236,460,532,585,696,121,193,213,250,446,505,155,336,357,441,786,461,471,8,31,77,111,319,445,582,589,633,754,812,255,424,488,593,631,212,368,413,527,560,644,603,724,102,297,382,487,531,538,24,512,602,618,655,211,273,383,503,553,805,47,206,429,501,762,796,741,360,379,401,400,507,557,670,34,59,78,208,561,657,575,583,103,161,205,387,375,497,626,747,64,203,277,290,359,773,140,175,463,770,783,11,144,180,282,511,91,466,484,550,570,610,656,697,13,48,274,314,381,358,761,594,637,85,223,340,372,544,587,654,792,800,14,317,451,609,780,720,190,214,281,391,652,681,613,790,192,219,289,337,434,543,117,172,224,659,491,668,188,249,366,474,612,622,763,98,146,165,221,276,467,30,351,378,458,630,822,53,84,348,389,693,708,174,209,261,270,331,590,769,241,283,454,494,499,513,377,408,39,73,88,124,176,318,468,781,756,187,362,675,679,686,704,567,640,19,10,189,292,475,546,810,515,676,41,141,201,309,430,522,689,313,541,710,684,71,256,302,287,373,634,133,294,607,745,803,768,782,20,438,604,716,730,731,802,100,139,298,646,651,771,799,127,279,304,473,548,736,35,242,417,506,342,350,51,54,79,97,142,248,641,625,739,839,44,539,568,740,785,45,65,122,159,793,22,74,183,322,469,809,552,608,152,308,307,370,435,510,661,649,6,135,636,765,0,58,110,164,523,588,801,169,229,328,462,535,37,168,185,306,347,390,614,798,444,480,57,63,194,326,414,407,534,617,402,493,92,95,130,177,288,263,699,760,530,555,108,262,278,335,338,415,616,811,96,148,393,406,764,90,156,200,303,452,9,369,436,712,789,392,750,775,410,664,29,137,202,327,330,397,671,714,40,713,733,266,374,431,533,701,746,123,220,478,759,125,154,167,258,806,621,734,12,128,198,334,579,615,131,226,285,356,363,777,648,138,191,364,420,502,547,4,234,427,727,688,698,118,151,259,396,492,611,748,134,325,365,673,687,791,5,80,253,367,751,573,635,28,72,89,291,398,450,650,691,721,354,386,32,87,132,230,217,257,453,678,690,126,243,455,486,813,628,658,23,235,440,524,598,586,753,286,412,419,581,808,742,75,99,456,483,476,584,186,237,472,565,632,147,157,207,301,518,477,749,772,767,814,238,343,481,627,795,545,569,1,61,93,459,448,519,339,595,27,33,173,264,320,344,804,757,797,60,162,222,244,457,729,160,305,345,496,619,514,629,3,42,114,280,399,500,728,774,778,16,67,107,218,284,332,423,439,556,725,738,329,403,578,605,490,526,18,109,197,245,233,271,563,580,195,371,433,489,576,663,68,106,120,719,779,62,254,395,421,549,596,166,225,447,482,495,525,136,182,210,2,145,215,315,346,572,116,321,353,394,592,683,170,181,409,766,758,536,216,228,267,422,449,504,82,542,591,601,705,703,76,115,426,551,674,706,752,247,251,268,528,50,299,380,623,667,735,7,36,425,574,776,150,293,404,755,554,732,38,55,163,265,376,566,718,787,15,66,119,153,361,682,680,677,252,324,385,437,540,642,49,158,295,722,184,178,520,647,112,129,246,300,416,479,105,204,564,685,672,70,227,352,660,723,715,600,788,81,143,269,323,411,498,807,56,260,432,707,717,179,405,443,485,624,662,296,529,744,537,577,86,171,316,341,464,509,599,694,43,428,597,606,743,21,83,231,784,355,709,726,711,559,620,639,665,196,418,562,643,702,700],"type":"read_ok"}}
2024/02/25 18:59:43 Received {c61 n11 {"type":"broadcast","message":862,"msg_id":66}}
2024/02/25 18:59:43 Sent {"src":"n11","dest":"c61","body":{"in_reply_to":66,"type":"broadcast_ok"}}
2024/02/25 18:59:43 Sent {"src":"n11","dest":"n12","body":{"messages":[862],"msg_id":30,"type":"broadcast"}}
2024/02/25 18:59:44 Received {n12 n11 {"messages":[837,816,830,827,836,819,834,824,838,823,840,826,842,828,843,829,817,831,825,841,821,820,835,818,832,833,863],"msg_id":874,"type":"broadcast"}}
2024/02/25 18:59:44 Sent {"src":"n11","dest":"n12","body":{"in_reply_to":874,"type":"broadcast_ok"}}
2024/02/25 18:59:44 Received {n12 n11 {"in_reply_to":30,"type":"broadcast_ok"}}
2024/02/25 18:59:44 Received {c61 n11 {"type":"read","msg_id":67}}
2024/02/25 18:59:44 Sent {"src":"n11","dest":"c61","body":{"in_reply_to":67,"messages":[660,723,715,81,143,807,260,820,179,624,707,296,529,171,341,577,694,428,606,21,83,709,726,711,559,196,418,562,702,700,25,240,442,666,508,571,310,516,669,645,94,101,794,638,692,737,311,349,465,470,517,833,532,199,239,236,460,585,696,155,357,441,786,461,111,582,589,812,488,631,368,413,527,560,297,382,487,531,24,602,805,211,383,553,796,47,762,557,741,379,400,507,670,34,208,561,583,626,103,387,375,497,575,773,64,203,277,290,359,140,463,770,783,843,11,144,180,282,511,91,484,550,570,358,48,274,381,761,816,637,85,340,654,792,840,451,834,841,681,720,281,790,192,219,289,337,434,117,491,668,622,188,366,474,612,146,165,30,348,590,708,174,270,513,769,241,283,494,408,39,73,88,124,468,781,187,675,679,686,546,640,19,10,189,475,810,522,515,676,41,201,430,710,684,71,256,133,294,782,20,771,802,139,799,127,506,248,54,641,625,739,539,785,65,159,793,74,322,469,510,649,6,135,636,765,164,523,169,229,328,390,535,37,168,306,347,614,444,326,617,493,95,130,288,699,760,824,415,530,555,338,148,393,406,156,303,452,9,369,436,712,789,775,832,397,664,137,202,327,713,828,701,123,220,759,154,258,806,734,334,579,131,226,285,356,547,648,191,364,502,234,427,698,259,748,791,673,687,80,751,28,89,690,831,32,87,217,354,386,842,455,813,586,628,658,235,440,524,598,753,419,584,742,483,186,237,565,147,157,301,518,767,238,343,627,545,569,1,339,595,33,729,244,457,837,496,629,114,280,728,774,332,778,16,284,738,403,605,271,490,526,18,109,563,580,827,195,433,489,576,818,62,596,495,136,210,2,315,572,116,321,394,766,536,228,267,422,82,591,706,76,115,674,752,247,528,735,380,623,7,566,55,265,376,682,15,66,680,677,252,324,158,112,129,416,479,105,204,564,685,672,70,227,352,788,269,323,411,498,600,56,432,405,443,485,662,717,744,826,599,86,316,464,509,537,43,597,743,231,784,355,620,639,665,643,46,69,113,312,695,232,333,388,17,52,104,272,384,26,521,558,275,838,653,815,149,505,121,193,213,250,446,336,445,471,8,31,77,319,633,754,255,424,593,644,212,538,603,724,102,512,618,655,273,503,206,429,501,360,401,657,59,78,161,205,747,825,175,610,466,656,697,13,314,587,594,223,372,544,800,14,317,609,780,190,214,391,652,613,543,172,224,659,249,467,763,98,221,276,822,351,378,458,630,53,84,389,693,817,209,261,331,454,499,318,377,176,362,704,756,863,567,292,141,309,689,313,541,634,302,287,373,607,745,803,731,768,438,604,716,730,100,298,646,651,736,279,304,473,548,35,242,417,342,350,51,79,97,142,839,44,568,740,45,122,809,22,183,552,608,152,308,307,370,435,661,588,0,58,110,801,862,462,185,798,407,480,57,63,194,414,534,823,263,402,92,177,108,262,278,335,616,811,96,764,90,200,835,392,750,410,29,330,671,714,40,746,733,266,374,431,533,478,125,167,615,621,12,128,198,777,363,138,420,4,727,611,688,118,151,396,492,134,325,365,5,253,367,450,573,635,72,291,398,650,691,721,132,230,257,453,678,836,126,243,486,23,830,286,412,581,808,75,99,456,476,472,477,632,207,749,772,814,481,795,519,61,93,459,448,344,27,173,264,320,804,757,797,60,162,222,160,305,345,619,500,514,3,42,399,819,67,107,218,423,439,556,725,329,578,197,245,233,663,371,68,106,120,719,821,254,395,421,549,779,525,166,225,447,482,182,145,215,346,829,683,353,592,170,181,409,758,504,216,449,542,601,705,703,426,551,251,268,50,299,667,36,425,574,776,150,293,404,755,554,732,38,163,718,787,119,153,361,642,385,437,540,49,295,722,184,178,520,647,246,300],"type":"read_ok"}}
2024/02/25 18:59:44 Received {n12 n11 {"messages":[853,861,855,848,860,850,856,852,849,864,845,857,858,859,846,854,847,844,851,871],"msg_id":903,"type":"broadcast"}}
2024/02/25 18:59:44 Received {c61 n11 {"type":"broadcast","message":882,"msg_id":68}}
2024/02/25 18:59:44 Sent {"src":"n11","dest":"n12","body":{"in_reply_to":903,"type":"broadcast_ok"}}
2024/02/25 18:59:44 Sent {"src":"n11","dest":"c61","body":{"in_reply_to":68,"type":"broadcast_ok"}}
2024/02/25 18:59:44 Received {c61 n11 {"type":"read","msg_id":69}}
2024/02/25 18:59:44 Sent {"src":"n11","dest":"c61","body":{"in_reply_to":69,"messages":[34,208,561,670,103,387,375,497,575,583,626,64,203,277,290,359,773,140,463,770,783,11,144,180,282,511,843,91,484,550,570,48,274,381,358,761,816,85,340,637,654,792,840,451,834,841,847,281,681,720,844,192,219,289,337,434,790,117,491,668,188,366,474,612,622,146,165,30,348,174,270,590,708,241,283,494,513,769,408,39,73,88,124,468,781,187,675,679,686,640,19,10,189,475,546,810,676,41,201,430,522,515,710,71,256,684,133,294,782,20,139,771,802,846,127,799,506,850,54,248,641,625,739,539,785,65,159,793,74,322,469,510,649,6,135,871,765,164,523,636,169,229,328,535,37,168,306,347,390,614,326,444,617,853,95,130,288,493,699,760,824,555,338,415,530,148,393,406,156,303,452,9,369,436,712,789,775,832,664,137,202,327,397,713,828,701,123,220,759,859,154,258,806,861,734,334,579,131,226,285,356,191,364,502,547,648,234,427,852,259,698,748,857,673,687,791,80,751,28,89,32,87,217,354,386,690,831,455,813,842,753,235,440,524,598,586,628,658,419,483,584,742,186,237,147,157,301,518,565,767,238,343,627,569,1,545,595,33,339,244,457,729,837,496,629,114,280,728,774,16,284,332,778,738,403,605,526,18,109,271,490,563,580,195,433,489,576,827,818,62,596,495,136,210,2,315,572,116,321,394,860,766,228,267,422,536,82,591,76,115,674,706,752,247,528,380,623,735,7,55,265,376,566,15,66,682,677,252,324,680,158,112,129,416,479,105,204,564,685,672,70,227,352,269,323,411,498,600,788,856,56,432,405,443,485,662,717,855,744,826,86,316,464,509,537,599,43,597,743,231,784,355,620,639,665,643,46,69,113,312,695,232,333,388,17,52,104,272,384,26,521,558,275,838,149,653,815,121,193,213,250,446,505,336,754,8,31,77,319,445,471,633,255,424,593,212,644,102,538,603,724,512,618,655,273,503,206,429,501,360,401,882,59,78,657,161,205,747,825,175,466,610,13,314,656,697,223,372,544,587,594,800,14,317,609,780,190,214,391,652,613,848,543,172,224,659,249,98,221,276,467,763,351,378,458,630,822,53,84,389,693,817,209,261,331,454,499,176,318,377,362,704,756,863,292,567,141,309,689,313,541,302,287,373,634,607,745,803,438,604,716,730,731,768,100,298,646,651,279,304,473,548,736,35,242,417,858,350,51,79,97,142,342,839,44,568,740,45,122,22,183,809,608,152,308,307,370,435,552,661,0,58,110,588,801,862,185,462,798,480,57,63,194,414,407,534,823,92,177,263,402,108,262,278,335,616,811,96,764,90,200,835,392,750,29,330,410,671,714,40,266,374,431,533,746,733,478,125,167,12,128,198,615,621,363,777,138,420,4,727,118,151,396,492,611,688,134,325,365,5,253,367,635,72,291,398,450,573,650,691,721,132,230,257,453,678,126,243,486,836,23,851,286,412,581,808,830,75,99,456,476,472,632,207,477,749,772,814,481,795,854,61,93,459,448,519,27,173,264,320,344,804,797,60,162,222,757,160,305,345,619,3,42,399,500,514,819,67,107,218,423,439,556,725,329,578,197,245,233,371,663,68,106,120,719,254,395,421,549,779,821,166,225,447,482,525,182,145,215,346,829,353,592,683,170,181,409,758,216,449,504,542,601,426,551,705,703,845,251,268,50,299,667,36,425,574,776,150,293,404,755,38,163,554,732,849,787,119,153,361,718,385,437,540,642,49,295,722,184,178,520,647,246,300,660,723,715,81,143,807,260,820,179,624,707,296,529,171,341,577,694,428,606,21,83,709,726,711,559,196,418,562,702,700,25,240,442,666,310,516,508,571,645,669,94,101,794,737,311,349,465,470,517,638,692,833,199,239,236,460,532,585,696,155,357,441,786,111,461,582,589,812,488,368,413,527,560,631,864,297,382,487,531,24,602,211,383,553,805,47,762,796,379,400,507,557,741],"type":"read_ok"}}
2024/02/25 18:59:44 Sent {"src":"n11","dest":"n12","body":{"messages":[882],"msg_id":31,"type":"broadcast"}}
2024/02/25 18:59:45 Received {n12 n11 {"messages":[874,883,868,878,869,879,873,877,866,875,867,876,870,865,872,894],"msg_id":922,"type":"broadcast"}}
2024/02/25 18:59:45 Sent {"src":"n11","dest":"n12","body":{"in_reply_to":922,"type":"broadcast_ok"}}
2024/02/25 18:59:45 Received {n12 n11 {"in_reply_to":31,"type":"broadcast_ok"}}
2024/02/25 18:59:45 Received {n12 n11 {"messages":[898,886,900,885,902,903,896,891,904,892,889,905,888,899,881,884,895,887,897,880,893,890,901],"msg_id":942,"type":"broadcast"}}
2024/02/25 18:59:45 Sent {"src":"n11","dest":"n12","body":{"in_reply_to":942,"type":"broadcast_ok"}}
2024/02/25 18:59:46 Received {n12 n11 {"messages":[906],"msg_id":970,"type":"broadcast"}}
2024/02/25 18:59:46 Sent {"src":"n11","dest":"n12","body":{"in_reply_to":970,"type":"broadcast_ok"}}
2024/02/25 18:59:55 Received {c61 n11 {"type":"read","msg_id":70}}
2024/02/25 18:59:55 Sent {"src":"n11","dest":"c61","body":{"in_reply_to":70,"messages":[523,636,765,164,229,328,169,168,306,347,390,535,614,37,444,617,886,326,130,288,493,699,760,824,853,95,900,415,530,555,338,393,406,148,303,452,156,369,436,712,789,9,832,775,202,327,397,664,137,828,906,713,701,220,759,859,123,258,806,861,867,154,579,734,334,226,285,356,131,364,502,547,648,191,427,852,234,698,748,857,259,687,791,673,751,80,89,28,87,217,354,386,690,831,32,813,842,887,455,440,524,598,586,628,658,753,235,419,584,742,896,483,237,186,157,301,518,565,767,147,343,627,238,545,569,1,339,595,33,457,729,837,244,496,280,629,728,774,114,284,332,778,16,738,403,605,109,271,490,526,18,580,563,433,489,576,827,195,818,596,62,898,495,210,136,315,572,2,321,394,860,116,766,228,267,422,536,591,82,115,674,706,752,76,528,247,380,623,735,7,265,376,566,879,893,55,66,682,15,324,680,677,252,158,129,416,479,112,204,564,685,672,895,105,227,352,70,323,411,498,600,788,856,269,432,880,56,443,485,662,717,855,405,826,744,316,464,509,537,599,86,597,743,43,784,231,355,639,665,872,620,643,69,113,312,695,46,333,388,232,52,104,272,17,384,521,558,26,838,885,275,653,815,149,193,213,250,446,505,881,121,336,31,77,319,445,471,633,754,8,424,593,255,644,212,538,603,724,102,618,655,512,503,877,273,429,501,206,401,882,360,78,657,59,205,747,825,161,866,175,610,466,314,656,697,894,13,372,544,587,594,892,223,869,876,800,317,609,780,14,214,391,652,190,848,613,543,224,659,172,249,221,276,467,763,98,378,458,630,822,351,84,389,693,817,53,261,331,209,499,454,318,377,176,704,756,863,362,567,292,309,689,141,541,313,287,373,634,302,745,803,607,604,716,730,731,768,438,298,646,651,100,304,473,548,736,279,242,417,858,35,79,97,142,342,350,839,51,568,740,44,122,45,183,809,22,308,307,370,435,552,608,661,152,58,110,588,801,862,0,462,798,888,185,63,194,414,407,480,534,823,57,177,263,402,92,262,278,335,616,811,884,108,764,96,200,835,90,750,392,330,410,671,714,29,40,374,431,533,746,733,266,478,167,875,904,125,128,198,615,621,12,777,363,420,138,727,4,151,396,492,611,688,118,325,365,134,253,367,5,291,398,450,573,635,650,691,72,721,230,257,453,678,132,243,486,836,126,851,905,23,412,581,808,830,286,99,456,476,75,472,477,632,749,772,814,207,795,854,481,93,459,448,519,61,173,264,320,344,804,27,162,222,757,797,890,60,305,345,619,160,42,399,500,514,819,903,897,3,67,107,218,439,556,725,423,578,329,197,245,233,663,870,371,106,120,719,902,68,395,421,549,779,821,254,225,447,482,525,166,182,215,346,829,145,592,683,353,181,409,758,170,449,504,216,542,601,551,705,703,845,426,251,268,299,667,50,36,425,574,776,293,404,755,150,163,554,732,849,38,119,153,361,718,787,385,437,540,642,295,722,868,49,178,520,647,184,300,246,723,715,660,143,807,899,81,820,260,624,707,179,529,296,341,577,694,171,606,428,83,21,726,711,709,559,418,562,702,700,196,240,442,666,25,516,508,571,310,669,645,94,794,874,101,349,465,470,517,638,692,737,311,833,239,236,460,532,891,199,696,585,357,441,786,878,889,901,155,461,582,589,812,111,488,413,527,560,631,864,368,382,487,531,297,602,24,383,553,805,883,211,762,796,47,400,507,557,741,379,208,561,670,34,387,375,497,575,583,626,103,203,277,290,359,773,865,64,463,770,783,140,144,180,282,511,843,11,484,550,570,91,274,381,358,761,816,48,340,637,85,792,840,654,834,841,847,451,681,720,844,281,219,289,337,434,790,192,117,668,491,366,474,612,622,188,165,146,30,348,270,590,708,174,283,494,513,769,241,73,88,124,408,468,781,39,675,679,686,187,10,189,475,546,640,810,19,201,430,522,515,676,41,710,256,684,71,294,133,782,20,771,802,846,139,799,127,850,506,248,641,625,739,873,54,785,539,159,793,65,322,469,74,649,510,135,871,6],"type":"read_ok"}}
