2024/02/25 18:59:24 Received {c10 n13 {"type":"init","node_id":"n13","node_ids":["n0","n1","n2","n3","n4","n5","n6","n7","n8","n9","n10","n11","n12","n13","n14","n15","n16","n17","n18","n19","n20","n21","n22","n23","n24"],"msg_id":1}}
2024/02/25 18:59:24 Node n13 initialized
2024/02/25 18:59:24 Sent {"src":"n13","dest":"c10","body":{"in_reply_to":1,"type":"init_ok"}}
2024/02/25 18:59:25 Received {c38 n13 {"type":"topology","topology":{"n2":["n7","n3","n1"],"n21":["n16","n22","n20"],"n23":["n18","n24","n22"],"n5":["n10","n0","n6"],"n8":["n13","n3","n9","n7"],"n6":["n11","n1","n7","n5"],"n19":["n24","n14","n18"],"n14":["n19","n9","n13"],"n17":["n22","n12","n18","n16"],"n1":["n6","n2","n0"],"n24":["n19","n23"],"n4":["n9","n3"],"n0":["n5","n1"],"n18":["n23","n13","n19","n17"],"n9":["n14","n4","n8"],"n10":["n15","n5","n11"],"n22":["n17","n23","n21"],"n15":["n20","n10","n16"],"n13":["n18","n8","n14","n12"],"n3":["n8","n4","n2"],"n12":["n17","n7","n13","n11"],"n11":["n16","n6","n12","n10"],"n16":["n21","n11","n17","n15"],"n7":["n12","n2","n8","n6"],"n20":["n15","n21"]},"msg_id":1}}
2024/02/25 18:59:25 Sent {"src":"n13","dest":"c38","body":{"in_reply_to":1,"type":"topology_ok"}}
2024/02/25 18:59:25 Received {c63 n13 {"type":"read","msg_id":1}}
2024/02/25 18:59:25 Sent {"src":"n13","dest":"c63","body":{"in_reply_to":1,"messages":[],"type":"read_ok"}}
2024/02/25 18:59:25 Received {c63 n13 {"type":"broadcast","message":21,"msg_id":2}}
2024/02/25 18:59:25 Sent {"src":"n13","dest":"c63","body":{"in_reply_to":2,"type":"broadcast_ok"}}
2024/02/25 18:59:25 Received {c63 n13 {"type":"read","msg_id":3}}
2024/02/25 18:59:25 Sent {"src":"n13","dest":"c63","body":{"in_reply_to":3,"messages":[21],"type":"read_ok"}}
2024/02/25 18:59:25 Sent {"src":"n13","dest":"n12","body":{"messages":[21],"msg_id":1,"type":"broadcast"}}
2024/02/25 18:59:26 Received {n12 n13 {"messages":[9,20,3,16,2,15,7,14,17,4,18,10,19,5,0,11,12,8,6,13,1,39],"msg_id":13,"type":"broadcast"}}
2024/02/25 18:59:26 Received {c63 n13 {"type":"read","msg_id":4}}
2024/02/25 18:59:26 Sent {"src":"n13","dest":"c63","body":{"in_reply_to":4,"messages":[19,0,39,21,7,14,10,12,2,15,17,18,4,5,11,8,6,13,9,20,3,16,1],"type":"read_ok"}}
2024/02/25 18:59:26 Sent {"src":"n13","dest":"n12","body":{"in_reply_to":13,"type":"broadcast_ok"}}
2024/02/25 18:59:26 Received {n12 n13 {"in_reply_to":1,"type":"broadcast_ok"}}
2024/02/25 18:59:26 Received {c63 n13 {"type":"read","msg_id":5}}
2024/02/25 18:59:26 Sent {"src":"n13","dest":"c63","body":{"in_reply_to":5,"messages":[4,5,8,6,13,9,20,3,16,11,1,0,39,21,7,14,10,19,2,15,17,18,12],"type":"read_ok"}}
2024/02/25 18:59:26 Received {n12 n13 {"messages":[35,27,45,24,32,43,31,37,30,48,36,28,29,46,38,22,23,40,25,42,33,26,41,44,47,34,64],"msg_id":38,"type":"broadcast"}}
2024/02/25 18:59:26 Received {c63 n13 {"type":"read","msg_id":6}}
2024/02/25 18:59:26 Sent {"src":"n13","dest":"n12","body":{"in_reply_to":38,"type":"broadcast_ok"}}
2024/02/25 18:59:26 Sent {"src":"n13","dest":"c63","body":{"in_reply_to":6,"messages":[3,16,1,28,39,48,36,21,14,10,19,0,22,42,44,2,17,12,45,30,25,64,4,5,27,32,40,13,35,46,9,20,11,8,6,41,7,31,29,38,47,15,18,43,37,23,24,33,26,34],"type":"read_ok"}}
2024/02/25 18:59:26 Received {c63 n13 {"type":"broadcast","message":84,"msg_id":7}}
2024/02/25 18:59:26 Sent {"src":"n13","dest":"c63","body":{"in_reply_to":7,"type":"broadcast_ok"}}
2024/02/25 18:59:26 Sent {"src":"n13","dest":"n12","body":{"messages":[84],"msg_id":2,"type":"broadcast"}}
2024/02/25 18:59:27 Received {n12 n13 {"messages":[55,67,50,61,73,75,56,60,51,62,72,57,68,59,69,52,65,49,63,70,53,58,54,66,71],"msg_id":57,"type":"broadcast"}}
2024/02/25 18:59:27 Received {c63 n13 {"type":"broadcast","message":97,"msg_id":8}}
2024/02/25 18:59:27 Sent {"src":"n13","dest":"n12","body":{"in_reply_to":57,"type":"broadcast_ok"}}
2024/02/25 18:59:27 Sent {"src":"n13","dest":"c63","body":{"in_reply_to":8,"type":"broadcast_ok"}}
2024/02/25 18:59:27 Received {n12 n13 {"in_reply_to":2,"type":"broadcast_ok"}}
2024/02/25 18:59:27 Received {c63 n13 {"type":"read","msg_id":9}}
2024/02/25 18:59:27 Sent {"src":"n13","dest":"c63","body":{"in_reply_to":9,"messages":[45,44,60,57,70,66,17,12,25,64,56,72,4,5,46,75,65,9,35,50,73,7,29,37,58,54,71,15,18,34,84,33,26,62,3,16,39,48,36,22,42,52,14,0,49,97,2,30,40,55,27,32,8,6,13,41,61,20,11,51,59,53,31,38,47,43,23,24,68,67,69,1,28,19,63,21,10],"type":"read_ok"}}
2024/02/25 18:59:27 Sent {"src":"n13","dest":"n12","body":{"messages":[97],"msg_id":3,"type":"broadcast"}}
2024/02/25 18:59:27 Received {n12 n13 {"messages":[74,88,78,79,87,81,90,83,92,86,76,85,89,91,80,77,82,109],"msg_id":83,"type":"broadcast"}}
2024/02/25 18:59:27 Sent {"src":"n13","dest":"n12","body":{"in_reply_to":83,"type":"broadcast_ok"}}
2024/02/25 18:59:27 Received {n12 n13 {"in_reply_to":3,"type":"broadcast_ok"}}
2024/02/25 18:59:27 Received {c63 n13 {"type":"broadcast","message":123,"msg_id":10}}
2024/02/25 18:59:27 Sent {"src":"n13","dest":"c63","body":{"in_reply_to":10,"type":"broadcast_ok"}}
2024/02/25 18:59:27 Received {c63 n13 {"type":"broadcast","message":137,"msg_id":11}}
2024/02/25 18:59:27 Sent {"src":"n13","dest":"c63","body":{"in_reply_to":11,"type":"broadcast_ok"}}
2024/02/25 18:59:27 Sent {"src":"n13","dest":"n12","body":{"messages":[123,137],"msg_id":4,"type":"broadcast"}}
2024/02/25 18:59:28 Received {n12 n13 {"messages":[106,112,100,111,101,93,104,95,107,94,105,98,102,96,108,103,110,99,122,136],"msg_id":106,"type":"broadcast"}}
2024/02/25 18:59:28 Sent {"src":"n13","dest":"n12","body":{"in_reply_to":106,"type":"broadcast_ok"}}
2024/02/25 18:59:28 Received {n12 n13 {"in_reply_to":4,"type":"broadcast_ok"}}
2024/02/25 18:59:28 Received {c63 n13 {"type":"broadcast","message":146,"msg_id":12}}
2024/02/25 18:59:28 Sent {"src":"n13","dest":"c63","body":{"in_reply_to":12,"type":"broadcast_ok"}}
2024/02/25 18:59:28 Sent {"src":"n13","dest":"n12","body":{"messages":[146],"msg_id":5,"type":"broadcast"}}
2024/02/25 18:59:28 Received {n12 n13 {"messages":[126,114,133,127,117,118,132,120,134,130,116,131,125,121,135,119,115,129,113,128,124,145],"msg_id":129,"type":"broadcast"}}
2024/02/25 18:59:28 Received {c63 n13 {"type":"broadcast","message":159,"msg_id":13}}
2024/02/25 18:59:28 Sent {"src":"n13","dest":"n12","body":{"in_reply_to":129,"type":"broadcast_ok"}}
2024/02/25 18:59:28 Sent {"src":"n13","dest":"c63","body":{"in_reply_to":13,"type":"broadcast_ok"}}
2024/02/25 18:59:28 Received {n12 n13 {"in_reply_to":5,"type":"broadcast_ok"}}
2024/02/25 18:59:28 Received {c63 n13 {"type":"read","msg_id":14}}
2024/02/25 18:59:28 Sent {"src":"n13","dest":"c63","body":{"in_reply_to":14,"messages":[9,65,7,50,73,133,15,37,58,129,33,34,122,117,135,62,81,98,0,39,36,22,52,83,80,93,95,103,127,132,124,2,78,134,27,32,55,137,115,11,8,61,131,119,31,38,59,90,128,47,77,101,24,76,85,110,146,92,109,106,19,63,86,159,17,12,45,5,64,56,72,105,108,113,35,46,75,74,116,29,120,18,54,71,88,79,26,84,89,91,94,3,16,14,48,42,49,97,96,126,30,123,40,87,130,125,20,6,13,41,111,136,114,51,53,112,43,23,68,100,145,1,28,67,69,82,99,21,10,104,107,44,60,57,70,66,118,121,4,25,102],"type":"read_ok"}}
2024/02/25 18:59:28 Sent {"src":"n13","dest":"n12","body":{"messages":[159],"msg_id":6,"type":"broadcast"}}
2024/02/25 18:59:29 Received {n12 n13 {"messages":[143,140,151,158,138,149,154,142,141,152,153,147,148,144,155,139,150],"msg_id":162,"type":"broadcast"}}
2024/02/25 18:59:29 Sent {"src":"n13","dest":"n12","body":{"in_reply_to":162,"type":"broadcast_ok"}}
2024/02/25 18:59:29 Received {n12 n13 {"in_reply_to":6,"type":"broadcast_ok"}}
2024/02/25 18:59:29 Received {c63 n13 {"type":"read","msg_id":15}}
2024/02/25 18:59:29 Sent {"src":"n13","dest":"c63","body":{"in_reply_to":15,"messages":[5,64,56,72,105,108,113,147,35,46,75,74,116,29,120,149,18,54,71,88,79,26,84,89,91,94,3,16,14,48,42,49,97,96,126,30,123,40,87,130,125,155,20,6,13,41,111,136,114,51,53,112,43,23,151,154,68,100,145,158,1,28,67,69,82,99,21,10,104,107,44,60,57,70,66,118,121,140,150,4,25,102,142,9,65,7,50,73,133,15,37,58,129,33,34,122,117,135,62,81,98,0,39,36,22,52,83,80,93,95,103,127,132,124,2,78,134,27,32,55,137,115,11,8,61,131,119,31,38,59,90,128,47,77,101,141,148,24,76,85,110,146,143,153,92,109,106,19,63,86,159,152,144,17,12,45,138,139],"type":"read_ok"}}
2024/02/25 18:59:29 Received {c63 n13 {"type":"read","msg_id":16}}
2024/02/25 18:59:29 Sent {"src":"n13","dest":"c63","body":{"in_reply_to":16,"messages":[7,50,73,133,15,37,58,129,33,34,122,117,135,62,81,98,93,0,39,36,22,52,83,80,95,103,127,132,124,2,78,134,27,32,55,137,115,11,8,61,131,119,31,38,59,90,128,47,77,101,141,148,24,76,85,110,146,143,153,92,109,106,19,63,86,159,152,144,17,12,45,138,139,147,5,64,56,72,105,108,113,35,46,75,74,116,29,120,149,18,54,71,88,79,26,84,89,91,94,3,16,14,48,42,49,97,96,126,30,123,40,87,130,125,155,20,6,13,41,111,136,114,51,53,112,43,23,151,154,68,100,145,158,1,28,67,69,82,99,21,10,104,107,140,44,60,57,70,66,118,121,150,4,25,102,142,9,65],"type":"read_ok"}}
2024/02/25 18:59:29 Received {n12 n13 {"messages":[156,172,168,166,175,157,169,160,163,177,170,164,165,161,176,167,174,171,162,173,197],"msg_id":177,"type":"broadcast"}}
2024/02/25 18:59:29 Sent {"src":"n13","dest":"n12","body":{"in_reply_to":177,"type":"broadcast_ok"}}
2024/02/25 18:59:29 Received {c63 n13 {"type":"broadcast","message":209,"msg_id":17}}
2024/02/25 18:59:29 Sent {"src":"n13","dest":"c63","body":{"in_reply_to":17,"type":"broadcast_ok"}}
2024/02/25 18:59:29 Sent {"src":"n13","dest":"n12","body":{"messages":[209],"msg_id":7,"type":"broadcast"}}
2024/02/25 18:59:30 Received {n12 n13 {"messages":[186,180,182,195,179,183,178,192,190,191,185,189,193,181,194,188,187,184,196,208],"msg_id":198,"type":"broadcast"}}
2024/02/25 18:59:30 Received {c63 n13 {"type":"broadcast","message":224,"msg_id":18}}
2024/02/25 18:59:30 Sent {"src":"n13","dest":"n12","body":{"in_reply_to":198,"type":"broadcast_ok"}}
2024/02/25 18:59:30 Sent {"src":"n13","dest":"c63","body":{"in_reply_to":18,"type":"broadcast_ok"}}
2024/02/25 18:59:30 Received {n12 n13 {"in_reply_to":7,"type":"broadcast_ok"}}
2024/02/25 18:59:30 Received {c63 n13 {"type":"broadcast","message":243,"msg_id":19}}
2024/02/25 18:59:30 Sent {"src":"n13","dest":"c63","body":{"in_reply_to":19,"type":"broadcast_ok"}}
2024/02/25 18:59:30 Sent {"src":"n13","dest":"n12","body":{"messages":[224,243],"msg_id":8,"type":"broadcast"}}
2024/02/25 18:59:30 Received {n12 n13 {"messages":[212,223,201,214,204,215,205,216,206,198,210,203,207,199,211,200,202,213,242],"msg_id":232,"type":"broadcast"}}
2024/02/25 18:59:30 Sent {"src":"n13","dest":"n12","body":{"in_reply_to":232,"type":"broadcast_ok"}}
2024/02/25 18:59:30 Received {n12 n13 {"in_reply_to":8,"type":"broadcast_ok"}}
2024/02/25 18:59:30 Received {c63 n13 {"type":"broadcast","message":251,"msg_id":20}}
2024/02/25 18:59:30 Sent {"src":"n13","dest":"c63","body":{"in_reply_to":20,"type":"broadcast_ok"}}
2024/02/25 18:59:30 Sent {"src":"n13","dest":"n12","body":{"messages":[251],"msg_id":9,"type":"broadcast"}}
2024/02/25 18:59:31 Received {n12 n13 {"messages":[221,239,230,232,227,229,236,217,237,220,238,235,240,241,228,245,234,222,225,244,218,231,233,219,226],"msg_id":253,"type":"broadcast"}}
2024/02/25 18:59:31 Received {c63 n13 {"type":"broadcast","message":263,"msg_id":21}}
2024/02/25 18:59:31 Sent {"src":"n13","dest":"n12","body":{"in_reply_to":253,"type":"broadcast_ok"}}
2024/02/25 18:59:31 Sent {"src":"n13","dest":"c63","body":{"in_reply_to":21,"type":"broadcast_ok"}}
2024/02/25 18:59:31 Received {n12 n13 {"in_reply_to":9,"type":"broadcast_ok"}}
2024/02/25 18:59:31 Received {c63 n13 {"type":"read","msg_id":22}}
2024/02/25 18:59:31 Sent {"src":"n13","dest":"c63","body":{"in_reply_to":22,"messages":[15,214,241,33,122,135,166,98,203,236,0,39,36,52,83,95,103,127,132,175,198,220,226,2,78,157,27,32,182,11,119,31,59,215,202,47,141,148,237,24,76,85,143,153,204,92,106,144,12,45,139,168,232,5,64,56,72,108,263,75,74,116,208,221,120,54,71,26,91,216,16,161,48,49,96,195,123,174,207,40,130,155,20,41,111,136,156,228,112,243,242,154,177,167,171,190,245,145,158,180,183,184,217,238,1,67,99,170,188,21,104,44,121,140,172,239,4,102,142,160,196,9,187,50,163,211,222,37,58,129,34,117,62,81,219,22,80,93,124,164,134,223,233,55,137,115,169,8,61,131,38,90,128,77,101,206,235,110,146,251,109,165,225,19,63,86,159,152,224,17,138,191,105,113,147,192,200,230,229,35,46,227,29,149,201,234,18,88,79,189,84,89,94,197,179,185,3,194,14,42,97,126,181,212,30,176,87,125,6,13,114,51,53,193,218,43,23,151,244,68,100,162,209,199,28,69,82,213,10,107,210,60,57,70,66,118,150,25,178,240,65,186,7,73,133,173,205,231],"type":"read_ok"}}
2024/02/25 18:59:31 Sent {"src":"n13","dest":"n12","body":{"messages":[263],"msg_id":10,"type":"broadcast"}}
2024/02/25 18:59:31 Received {n12 n13 {"messages":[255,260,262,253,247,257,246,250,249,259,254,248,258,252,256],"msg_id":284,"type":"broadcast"}}
2024/02/25 18:59:31 Sent {"src":"n13","dest":"n12","body":{"in_reply_to":284,"type":"broadcast_ok"}}
2024/02/25 18:59:31 Received {n12 n13 {"in_reply_to":10,"type":"broadcast_ok"}}
2024/02/25 18:59:31 Received {c63 n13 {"type":"read","msg_id":23}}
2024/02/25 18:59:31 Sent {"src":"n13","dest":"c63","body":{"in_reply_to":23,"messages":[257,37,58,129,34,117,62,81,219,124,164,22,80,93,134,223,233,169,55,137,115,8,61,131,248,38,90,128,235,77,101,206,110,146,251,109,165,225,159,152,224,19,63,86,17,138,191,192,200,230,229,105,113,147,35,46,227,234,29,149,201,189,18,88,79,197,179,185,84,89,94,3,194,126,181,212,247,14,42,97,30,176,87,125,249,6,13,114,218,51,53,193,244,262,43,23,151,209,199,254,68,100,162,213,28,69,82,10,107,210,66,118,150,259,60,57,70,252,25,178,240,65,186,173,205,231,7,73,133,255,15,214,241,166,33,122,135,98,203,236,52,83,95,103,127,0,39,36,220,226,132,175,198,2,78,157,27,32,182,11,119,250,202,31,59,215,237,47,141,148,143,153,204,24,76,85,92,106,144,168,232,12,45,139,72,108,263,5,64,56,208,221,75,74,116,120,260,54,71,26,91,216,16,161,195,48,49,96,258,123,174,207,40,130,155,136,156,228,20,41,111,112,243,242,171,190,245,154,177,167,183,184,217,238,246,145,158,180,170,188,1,67,99,21,104,172,239,256,44,121,140,160,196,4,102,142,9,187,253,222,50,163,211],"type":"read_ok"}}
2024/02/25 18:59:31 Received {c63 n13 {"type":"read","msg_id":24}}
2024/02/25 18:59:31 Sent {"src":"n13","dest":"c63","body":{"in_reply_to":24,"messages":[215,202,31,59,148,237,47,141,85,143,153,204,24,76,92,106,144,139,168,232,12,45,56,72,108,263,5,64,116,208,221,75,74,120,260,54,71,216,26,91,16,161,96,195,48,49,207,258,123,174,155,40,130,111,136,156,228,20,41,242,112,243,167,171,190,245,154,177,180,183,184,217,238,246,145,158,99,170,188,1,67,21,104,140,172,239,256,44,121,142,160,196,4,102,253,9,187,211,222,50,163,129,257,37,58,34,117,219,62,81,93,124,164,22,80,233,134,223,115,169,55,137,131,8,61,128,248,38,90,206,235,77,101,251,110,146,225,109,165,86,159,152,224,19,63,191,17,138,147,192,200,230,229,105,113,227,35,46,201,234,29,149,79,189,18,88,94,197,179,185,84,89,3,194,97,126,181,212,247,14,42,30,176,87,125,114,249,6,13,193,218,51,53,151,244,262,43,23,162,209,199,254,68,100,82,213,28,69,210,10,107,70,66,118,150,259,60,57,240,252,25,178,65,186,133,173,205,231,7,73,241,255,15,214,135,166,33,122,236,98,203,36,52,83,95,103,127,0,39,198,220,226,132,175,157,2,78,182,27,32,250,11,119],"type":"read_ok"}}
2024/02/25 18:59:32 Received {n12 n13 {"messages":[266,271,268,278,272,273,267,270,280,276,261,274,269,265,277,264,275,279,289,300],"msg_id":294,"type":"broadcast"}}
2024/02/25 18:59:32 Sent {"src":"n13","dest":"n12","body":{"in_reply_to":294,"type":"broadcast_ok"}}
2024/02/25 18:59:32 Received {c63 n13 {"type":"read","msg_id":25}}
2024/02/25 18:59:32 Sent {"src":"n13","dest":"c63","body":{"in_reply_to":25,"messages":[144,264,12,45,139,168,232,267,5,64,56,72,108,263,272,75,74,116,208,221,300,120,260,54,71,26,91,216,16,161,277,48,49,96,195,123,174,207,258,40,130,155,20,41,111,136,156,228,112,243,242,154,177,167,171,190,245,246,145,158,180,183,184,217,238,266,1,67,99,170,188,269,21,104,44,121,140,172,239,256,268,4,102,142,160,196,9,187,253,50,163,211,222,37,58,129,257,34,117,62,81,219,22,80,93,124,164,134,223,233,279,55,137,115,169,8,61,131,289,38,90,128,248,77,101,206,235,280,110,146,251,109,165,225,19,63,86,159,152,224,270,17,138,191,105,113,147,192,200,230,229,35,46,227,29,149,201,234,278,18,88,79,189,274,275,84,89,94,197,179,185,3,194,14,42,97,126,181,212,247,30,176,87,125,6,13,114,249,273,51,53,193,218,265,43,23,151,244,262,261,68,100,162,209,199,254,28,69,82,213,10,107,210,60,57,70,66,118,150,259,25,178,240,252,271,65,186,7,73,133,173,205,231,15,214,241,255,33,122,135,166,98,203,236,127,0,39,36,52,83,95,103,132,175,198,220,226,2,78,157,276,27,32,182,11,119,250,31,59,215,202,47,141,148,237,24,76,85,143,153,204,92,106],"type":"read_ok"}}
2024/02/25 18:59:32 Received {c63 n13 {"type":"broadcast","message":329,"msg_id":26}}
2024/02/25 18:59:32 Sent {"src":"n13","dest":"c63","body":{"in_reply_to":26,"type":"broadcast_ok"}}
2024/02/25 18:59:32 Sent {"src":"n13","dest":"n12","body":{"messages":[329],"msg_id":11,"type":"broadcast"}}
2024/02/25 18:59:32 Received {n12 n13 {"messages":[302,293,291,286,296,284,295,297,283,301,290,288,299,287,298,282,281,294,285,292,314,328],"msg_id":313,"type":"broadcast"}}
2024/02/25 18:59:32 Sent {"src":"n13","dest":"n12","body":{"in_reply_to":313,"type":"broadcast_ok"}}
2024/02/25 18:59:32 Received {n12 n13 {"in_reply_to":11,"type":"broadcast_ok"}}
2024/02/25 18:59:32 Received {c63 n13 {"type":"broadcast","message":345,"msg_id":27}}
2024/02/25 18:59:32 Sent {"src":"n13","dest":"c63","body":{"in_reply_to":27,"type":"broadcast_ok"}}
2024/02/25 18:59:32 Sent {"src":"n13","dest":"n12","body":{"messages":[345],"msg_id":12,"type":"broadcast"}}
2024/02/25 18:59:33 Received {n12 n13 {"messages":[303,326,316,305,325,309,308,322,321,307,319,312,327,313,311,324,317,320,318,306,310,323,315,304,344],"msg_id":347,"type":"broadcast"}}
2024/02/25 18:59:33 Sent {"src":"n13","dest":"n12","body":{"in_reply_to":347,"type":"broadcast_ok"}}
2024/02/25 18:59:33 Received {n12 n13 {"in_reply_to":12,"type":"broadcast_ok"}}
2024/02/25 18:59:33 Received {c63 n13 {"type":"read","msg_id":28}}
2024/02/25 18:59:33 Sent {"src":"n13","dest":"c63","body":{"in_reply_to":28,"messages":[283,281,312,315,31,59,215,202,47,141,148,237,153,204,24,76,85,143,92,106,290,314,144,264,307,311,232,267,12,45,139,168,108,263,272,5,64,56,72,221,300,291,296,75,74,116,208,345,306,120,260,54,71,318,26,91,216,295,16,161,277,344,282,285,309,48,49,96,195,304,123,174,207,258,40,130,155,156,228,20,41,111,136,112,243,242,297,190,245,303,154,177,167,171,184,217,238,246,145,158,180,183,266,319,188,269,1,67,99,170,321,21,104,288,305,239,256,268,302,44,121,140,172,196,4,102,142,160,9,187,253,50,163,211,222,329,316,37,58,129,257,34,117,299,292,62,81,219,293,164,22,80,93,124,320,134,223,233,279,55,137,115,169,308,8,61,131,289,38,90,128,248,280,313,77,101,206,235,110,146,251,109,165,225,152,224,270,19,63,86,159,323,17,138,191,322,200,230,229,105,113,147,192,284,35,46,227,286,278,29,149,201,234,274,275,18,88,79,189,179,185,84,89,94,197,3,194,181,212,247,294,14,42,97,126,30,176,87,125,273,6,13,114,249,265,324,51,53,193,218,262,261,43,23,151,244,199,254,325,68,100,162,209,28,69,82,213,10,107,210,326,118,150,259,60,57,70,66,271,301,298,25,178,240,252,65,186,205,231,7,73,133,173,15,214,241,255,328,310,33,122,135,166,98,203,236,317,83,95,103,127,0,39,36,52,226,132,175,198,220,287,2,78,157,276,27,32,182,11,119,250,327],"type":"read_ok"}}
2024/02/25 18:59:33 Received {c63 n13 {"type":"broadcast","message":367,"msg_id":29}}
2024/02/25 18:59:33 Sent {"src":"n13","dest":"c63","body":{"in_reply_to":29,"type":"broadcast_ok"}}
2024/02/25 18:59:33 Sent {"src":"n13","dest":"n12","body":{"messages":[367],"msg_id":13,"type":"broadcast"}}
2024/02/25 18:59:33 Received {n12 n13 {"messages":[332,341,331,348,330,337,340,349,336,334,342,346,347,335,351,339,333,350,338,343,356],"msg_id":365,"type":"broadcast"}}
2024/02/25 18:59:33 Sent {"src":"n13","dest":"n12","body":{"in_reply_to":365,"type":"broadcast_ok"}}
2024/02/25 18:59:33 Received {n12 n13 {"in_reply_to":13,"type":"broadcast_ok"}}
2024/02/25 18:59:33 Received {c63 n13 {"type":"broadcast","message":382,"msg_id":30}}
2024/02/25 18:59:33 Sent {"src":"n13","dest":"c63","body":{"in_reply_to":30,"type":"broadcast_ok"}}
2024/02/25 18:59:33 Received {c63 n13 {"type":"broadcast","message":395,"msg_id":31}}
2024/02/25 18:59:33 Sent {"src":"n13","dest":"c63","body":{"in_reply_to":31,"type":"broadcast_ok"}}
2024/02/25 18:59:33 Sent {"src":"n13","dest":"n12","body":{"messages":[382,395],"msg_id":14,"type":"broadcast"}}
2024/02/25 18:59:34 Received {n12 n13 {"messages":[360,370,358,371,359,354,364,361,369,355,365,362,366,352,363,373,353,372,357,368],"msg_id":404,"type":"broadcast"}}
2024/02/25 18:59:34 Sent {"src":"n13","dest":"n12","body":{"in_reply_to":404,"type":"broadcast_ok"}}
2024/02/25 18:59:34 Received {n12 n13 {"in_reply_to":14,"type":"broadcast_ok"}}
2024/02/25 18:59:34 Received {c63 n13 {"type":"broadcast","message":405,"msg_id":32}}
2024/02/25 18:59:34 Sent {"src":"n13","dest":"c63","body":{"in_reply_to":32,"type":"broadcast_ok"}}
2024/02/25 18:59:34 Received {c63 n13 {"type":"broadcast","message":425,"msg_id":33}}
2024/02/25 18:59:34 Sent {"src":"n13","dest":"c63","body":{"in_reply_to":33,"type":"broadcast_ok"}}
2024/02/25 18:59:34 Sent {"src":"n13","dest":"n12","body":{"messages":[405,425],"msg_id":15,"type":"broadcast"}}
2024/02/25 18:59:34 Received {n12 n13 {"messages":[387,397,376,378,389,390,379,393,377,384,374,391,375,386,381,383,396,380,394,388,385,392,424],"msg_id":427,"type":"broadcast"}}
2024/02/25 18:59:34 Sent {"src":"n13","dest":"n12","body":{"in_reply_to":427,"type":"broadcast_ok"}}
2024/02/25 18:59:34 Received {n12 n13 {"in_reply_to":15,"type":"broadcast_ok"}}
2024/02/25 18:59:34 Received {c63 n13 {"type":"read","msg_id":34}}
2024/02/25 18:59:34 Sent {"src":"n13","dest":"c63","body":{"in_reply_to":34,"messages":[278,370,397,29,149,201,234,274,275,387,18,88,79,189,179,185,395,84,89,94,197,3,194,181,212,247,294,14,42,97,126,30,176,330,87,125,339,273,357,6,13,114,249,265,324,51,53,193,218,262,261,332,393,43,23,151,244,374,199,254,325,68,100,162,209,386,28,69,82,213,360,363,10,107,210,326,118,150,259,60,57,70,66,271,301,298,25,178,240,252,65,186,355,377,205,231,384,7,73,133,173,373,396,15,214,241,255,328,310,342,338,33,122,135,166,98,203,236,317,83,95,103,127,0,39,36,52,226,132,175,198,220,287,2,78,157,276,27,32,182,394,11,119,250,327,283,281,312,315,31,59,215,202,391,47,141,148,237,153,204,336,368,24,76,85,143,389,92,106,290,314,144,264,307,311,232,267,367,12,45,139,168,108,263,272,5,64,56,72,221,300,291,296,75,74,116,208,345,306,120,260,359,364,54,71,318,334,26,91,216,295,362,16,161,277,344,282,285,309,48,49,96,195,304,366,352,379,123,174,207,258,40,130,155,156,228,340,365,20,41,111,136,375,380,112,243,242,297,190,245,303,372,154,177,167,171,184,217,238,246,145,158,180,183,266,319,351,188,269,1,67,99,170,321,348,21,104,288,305,239,256,268,302,44,121,140,172,405,388,196,356,4,102,142,160,376,9,187,253,333,354,361,425,50,163,211,222,329,316,390,37,58,129,257,34,117,299,292,382,62,81,219,293,164,349,22,80,93,124,320,331,350,134,223,233,279,346,353,55,137,115,169,308,341,358,8,61,131,289,335,383,392,424,38,90,128,248,280,313,77,101,206,235,110,146,251,109,165,225,152,224,270,347,19,63,86,159,343,369,323,17,138,191,322,200,230,229,371,105,113,147,192,378,284,337,381,385,35,46,227,286],"type":"read_ok"}}
2024/02/25 18:59:35 Received {n12 n13 {"messages":[398,414,409,411,404,421,412,419,401,403,420,399,415,416,402,410,423,422,406,407,400,418,413,417,408],"msg_id":454,"type":"broadcast"}}
2024/02/25 18:59:35 Received {c63 n13 {"type":"read","msg_id":35}}
2024/02/25 18:59:35 Sent {"src":"n13","dest":"n12","body":{"in_reply_to":454,"type":"broadcast_ok"}}
2024/02/25 18:59:35 Sent {"src":"n13","dest":"c63","body":{"in_reply_to":35,"messages":[196,102,160,376,187,333,354,361,425,50,222,129,329,390,401,117,299,292,382,81,164,22,93,331,346,8,131,289,417,424,90,128,335,392,101,206,313,110,19,152,270,347,17,191,371,378,105,113,147,200,381,414,404,35,46,286,284,29,370,274,275,88,189,185,89,94,197,3,194,212,247,294,14,42,126,181,330,398,87,125,249,265,193,262,332,393,43,151,374,68,162,82,213,386,360,10,326,70,240,252,271,406,384,73,396,310,122,83,95,103,226,421,175,220,287,157,276,27,394,119,250,327,315,59,215,47,141,148,368,85,92,106,290,264,307,311,267,367,12,45,168,420,422,56,108,263,272,300,291,74,116,208,306,359,54,318,410,26,91,216,295,16,161,344,362,282,309,195,366,207,258,40,155,228,340,136,112,243,245,400,184,238,246,145,158,319,351,269,1,170,348,21,302,388,44,121,239,256,356,4,142,9,253,415,163,211,407,37,58,257,316,411,34,62,219,293,349,80,124,320,350,134,223,233,279,353,55,137,115,169,61,308,341,358,38,248,383,77,235,280,146,251,109,165,225,343,369,63,86,159,224,138,322,323,192,230,229,227,337,385,397,412,149,201,234,278,387,18,79,179,395,84,97,402,418,30,176,339,273,357,6,13,114,324,399,51,53,218,261,23,244,409,419,199,254,325,100,209,28,69,408,363,107,210,118,150,259,60,57,66,25,178,301,298,65,186,355,377,205,231,7,133,173,373,15,214,241,255,328,342,338,33,135,166,98,203,236,317,127,0,39,36,52,132,198,2,78,32,182,403,11,283,281,312,31,202,391,237,153,204,336,24,76,143,389,314,144,232,139,5,64,72,221,296,75,345,120,260,364,71,334,277,423,285,48,49,96,304,352,379,123,174,130,416,156,365,20,41,111,375,380,242,297,190,303,372,154,177,167,171,217,180,183,266,188,67,99,321,104,288,305,413,140,172,268,405],"type":"read_ok"}}
2024/02/25 18:59:35 Received {c63 n13 {"type":"broadcast","message":463,"msg_id":36}}
2024/02/25 18:59:35 Sent {"src":"n13","dest":"c63","body":{"in_reply_to":36,"type":"broadcast_ok"}}
2024/02/25 18:59:35 Sent {"src":"n13","dest":"n12","body":{"messages":[463],"msg_id":16,"type":"broadcast"}}
2024/02/25 18:59:35 Received {n12 n13 {"messages":[445,452,440,436,427,442,433,430,437,438,431,446,429,444,426,441,432,447,428,443,439,434,435,462],"msg_id":479,"type":"broadcast"}}
2024/02/25 18:59:35 Sent {"src":"n13","dest":"n12","body":{"in_reply_to":479,"type":"broadcast_ok"}}
2024/02/25 18:59:35 Received {n12 n13 {"in_reply_to":16,"type":"broadcast_ok"}}
2024/02/25 18:59:35 Received {c63 n13 {"type":"broadcast","message":480,"msg_id":37}}
2024/02/25 18:59:35 Sent {"src":"n13","dest":"c63","body":{"in_reply_to":37,"type":"broadcast_ok"}}
2024/02/25 18:59:35 Received {c63 n13 {"type":"broadcast","message":492,"msg_id":38}}
2024/02/25 18:59:35 Sent {"src":"n13","dest":"c63","body":{"in_reply_to":38,"type":"broadcast_ok"}}
2024/02/25 18:59:35 Sent {"src":"n13","dest":"n12","body":{"messages":[480,492],"msg_id":17,"type":"broadcast"}}
2024/02/25 18:59:36 Received {n12 n13 {"messages":[456,468,466,469,450,457,458,449,460,451,454,461,459,453,464,455,467,465,448,470],"msg_id":482,"type":"broadcast"}}
2024/02/25 18:59:36 Received {c63 n13 {"type":"read","msg_id":39}}
2024/02/25 18:59:36 Sent {"src":"n13","dest":"n12","body":{"in_reply_to":482,"type":"broadcast_ok"}}
2024/02/25 18:59:36 Sent {"src":"n13","dest":"c63","body":{"in_reply_to":39,"messages":[77,235,280,146,251,109,165,225,224,343,369,450,63,86,159,138,322,323,192,230,229,456,227,337,385,278,397,412,149,201,234,441,18,79,387,84,179,395,442,97,402,418,30,176,339,432,273,357,452,6,13,114,324,399,51,53,218,409,419,23,244,261,254,325,439,100,209,199,28,69,408,462,107,210,363,118,150,259,60,57,66,298,25,178,301,377,65,186,355,205,231,7,133,173,255,373,431,15,214,241,328,342,338,437,33,135,166,317,98,203,236,52,127,132,198,443,0,39,36,2,78,32,182,11,403,444,281,312,428,31,202,283,237,391,153,204,336,454,24,76,143,449,314,389,445,144,139,232,427,5,64,72,345,75,221,296,120,260,71,334,364,277,423,285,48,49,96,352,379,123,174,304,130,416,156,365,375,20,41,111,465,242,297,380,171,190,303,372,463,154,177,167,266,180,183,217,468,67,99,188,321,104,288,305,405,413,492,140,172,268,102,160,196,187,333,376,361,425,50,222,354,129,329,390,401,426,117,299,292,81,382,22,93,164,331,346,417,8,131,289,392,424,90,128,335,101,206,313,110,347,458,460,19,152,270,17,191,200,371,378,105,113,147,284,381,414,404,455,35,46,286,29,370,446,275,88,189,274,185,89,94,197,3,194,436,181,212,247,294,14,42,126,330,398,87,125,249,466,193,265,332,393,374,430,43,151,262,68,162,82,213,386,435,10,326,360,70,429,406,467,240,252,271,73,384,396,122,310,433,175,220,226,421,461,83,95,103,453,469,157,276,287,27,394,119,250,327,59,215,315,47,141,148,85,368,92,106,290,264,307,311,267,367,12,45,168,272,420,422,56,108,263,300,291,306,74,116,208,440,438,54,318,359,295,410,451,26,91,216,362,16,161,344,457,464,195,282,309,207,258,366,40,155,136,228,340,112,243,434,245,400,447,238,246,319,351,448,145,158,184,459,1,170,269,470,21,348,480,256,302,388,44,121,239,4,142,356,9,253,163,211,415,316,407,37,58,257,34,411,62,219,293,80,124,349,279,320,350,134,223,233,169,353,55,137,115,358,61,308,341,38,248,383],"type":"read_ok"}}
2024/02/25 18:59:36 Received {n12 n13 {"in_reply_to":17,"type":"broadcast_ok"}}
2024/02/25 18:59:36 Received {c63 n13 {"type":"broadcast","message":520,"msg_id":40}}
2024/02/25 18:59:36 Sent {"src":"n13","dest":"c63","body":{"in_reply_to":40,"type":"broadcast_ok"}}
2024/02/25 18:59:36 Sent {"src":"n13","dest":"n12","body":{"messages":[520],"msg_id":18,"type":"broadcast"}}
2024/02/25 18:59:36 Received {n12 n13 {"messages":[483,496,507,477,490,482,494,473,487,501,486,476,489,471,498,499,493,478,491,475,488,481,472,485,500,484,479,495,497,474,519],"msg_id":517,"type":"broadcast"}}
2024/02/25 18:59:36 Sent {"src":"n13","dest":"n12","body":{"in_reply_to":517,"type":"broadcast_ok"}}
2024/02/25 18:59:36 Received {n12 n13 {"in_reply_to":18,"type":"broadcast_ok"}}
2024/02/25 18:59:36 Received {c63 n13 {"type":"read","msg_id":41}}
2024/02/25 18:59:36 Sent {"src":"n13","dest":"c63","body":{"in_reply_to":41,"messages":[109,165,225,487,471,63,86,159,224,343,369,450,138,322,323,192,230,229,227,337,385,456,149,201,234,278,397,412,18,79,387,441,84,179,395,97,402,418,442,30,176,339,432,6,13,114,273,357,452,51,53,218,324,399,23,244,261,409,419,499,100,209,199,254,325,439,28,69,408,107,210,363,462,481,60,57,66,118,150,259,25,178,301,298,65,186,355,377,482,484,7,133,173,205,231,15,214,241,255,373,431,33,135,166,328,342,338,437,98,203,236,317,443,0,39,36,52,127,132,198,494,2,78,32,182,11,403,444,31,202,283,281,312,428,237,391,489,24,76,143,153,204,336,454,314,389,445,449,144,139,232,5,64,72,427,75,221,296,345,497,120,260,488,71,334,364,277,423,48,49,96,285,479,123,174,304,352,379,130,416,20,41,111,156,365,375,242,297,380,465,463,154,177,167,171,190,303,372,180,183,217,266,67,99,188,468,104,288,305,321,140,172,268,405,413,492,102,160,196,493,187,333,376,478,50,222,354,361,425,129,329,390,117,299,292,401,426,81,382,22,93,164,331,483,346,8,131,289,417,473,90,128,335,392,424,490,101,206,313,495,110,19,152,270,347,458,460,17,191,105,113,147,200,371,378,455,35,46,286,284,381,414,404,29,370,446,88,189,274,275,89,94,197,185,3,194,436,14,42,126,181,212,247,294,330,398,87,125,249,466,193,265,507,519,43,151,262,332,393,374,430,68,162,82,213,386,10,326,360,435,70,429,240,252,271,406,467,477,73,384,396,122,310,433,475,461,83,95,103,175,220,226,421,453,157,276,287,469,498,27,394,476,119,250,327,472,59,215,315,47,141,148,85,368,92,106,290,264,307,311,12,45,168,267,367,56,108,263,272,420,422,485,74,116,208,300,291,306,440,54,318,359,438,26,91,216,295,410,451,16,161,344,362,496,501,195,282,309,457,464,207,258,366,500,40,155,136,228,340,112,243,434,520,245,400,447,448,145,158,184,238,246,319,351,1,170,269,459,491,21,348,480,470,44,121,239,256,302,388,474,4,142,356,9,253,163,211,415,37,58,257,316,407,34,411,62,219,293,80,124,349,134,223,233,279,320,350,55,137,115,169,353,61,308,341,358,38,248,383,486,77,235,280,146,251],"type":"read_ok"}}
2024/02/25 18:59:36 Received {c63 n13 {"type":"read","msg_id":42}}
2024/02/25 18:59:36 Sent {"src":"n13","dest":"c63","body":{"in_reply_to":42,"messages":[88,189,274,275,89,94,197,185,3,194,436,14,42,126,181,212,247,294,330,398,87,125,249,466,193,265,507,519,43,151,262,332,393,374,430,68,162,82,213,386,10,326,360,435,70,429,240,252,271,406,467,477,73,384,396,122,310,433,475,461,83,95,103,175,220,226,421,453,157,276,287,469,498,27,394,476,119,250,327,472,59,215,315,47,141,148,85,368,92,106,290,264,307,311,12,45,168,267,367,56,108,263,272,420,422,485,74,116,208,300,291,306,440,54,318,359,438,26,91,216,295,410,451,16,161,344,362,496,501,195,282,309,457,464,207,258,366,500,40,155,136,228,340,112,243,434,520,245,400,447,448,145,158,184,238,246,319,351,1,170,269,459,491,21,348,480,470,44,121,239,256,302,388,474,4,142,356,9,253,163,211,415,37,58,257,316,407,34,411,62,219,293,80,124,349,134,223,233,279,320,350,55,137,115,169,353,61,308,341,358,38,248,383,486,77,235,280,146,251,109,165,225,487,471,63,86,159,224,343,369,450,138,322,323,192,230,229,227,337,385,456,149,201,234,278,397,412,18,79,387,441,84,179,395,97,402,418,442,30,176,339,432,6,13,114,273,357,452,51,53,218,324,399,23,244,261,409,419,499,100,209,199,254,325,439,28,69,408,107,210,363,462,481,60,57,66,118,150,259,25,178,301,298,65,186,355,377,482,484,7,133,173,205,231,15,214,241,255,373,431,33,135,166,328,342,338,437,98,203,236,317,443,0,39,36,52,127,132,198,494,2,78,32,182,11,403,444,31,202,283,281,312,428,237,391,489,24,76,143,153,204,336,454,314,389,445,449,144,139,232,5,64,72,427,75,221,296,345,497,120,260,488,71,334,364,277,423,48,49,96,285,479,123,174,304,352,379,130,416,20,41,111,156,365,375,242,297,380,465,463,154,177,167,171,190,303,372,180,183,217,266,67,99,188,468,104,288,305,321,140,172,268,405,413,492,102,160,196,493,187,333,376,478,50,222,354,361,425,129,329,390,117,299,292,401,426,81,382,22,93,164,331,483,346,8,131,289,417,473,90,128,335,392,424,490,101,206,313,495,110,19,152,270,347,458,460,17,191,105,113,147,200,371,378,455,35,46,286,284,381,414,404,29,370,446],"type":"read_ok"}}
2024/02/25 18:59:37 Received {n12 n13 {"messages":[522,512,524,514,503,516,533,526,505,517,508,502,527,510,523,504,511,506,518,525,513,515,509,521],"msg_id":544,"type":"broadcast"}}
2024/02/25 18:59:37 Sent {"src":"n13","dest":"n12","body":{"in_reply_to":544,"type":"broadcast_ok"}}
2024/02/25 18:59:37 Received {c63 n13 {"type":"broadcast","message":563,"msg_id":43}}
2024/02/25 18:59:37 Sent {"src":"n13","dest":"c63","body":{"in_reply_to":43,"type":"broadcast_ok"}}
2024/02/25 18:59:37 Received {c63 n13 {"type":"read","msg_id":44}}
2024/02/25 18:59:37 Sent {"src":"n13","dest":"c63","body":{"in_reply_to":44,"messages":[20,41,111,156,365,375,242,297,380,465,154,177,167,171,190,303,372,463,503,180,183,217,266,67,99,188,468,104,288,305,321,525,140,172,268,405,413,492,102,160,196,493,187,333,376,478,508,50,222,354,361,425,129,329,390,117,299,292,401,426,81,382,516,22,93,164,331,483,521,346,8,131,289,417,473,506,90,128,335,392,424,490,101,206,313,495,110,533,19,152,270,347,458,460,17,191,105,113,147,200,371,378,35,46,286,284,381,414,404,455,29,370,446,88,189,274,275,89,94,197,185,3,194,436,513,14,42,126,181,212,247,294,511,330,398,87,125,249,466,193,265,507,512,43,151,262,332,393,374,430,519,68,162,82,213,386,10,326,360,435,70,429,240,252,271,406,467,477,73,384,396,122,310,433,475,83,95,103,175,220,226,421,461,453,157,276,287,469,498,27,394,476,119,250,327,472,59,215,315,47,141,148,85,368,92,106,290,524,264,307,311,12,45,168,267,367,56,108,263,272,420,422,485,74,116,208,300,291,306,440,54,318,359,438,26,91,216,295,410,451,16,161,344,362,496,501,195,282,309,457,464,207,258,366,500,40,155,136,228,340,112,243,434,520,245,400,447,145,158,184,238,246,319,351,448,522,1,170,269,459,491,21,348,480,470,44,121,239,256,302,388,474,4,142,356,9,253,163,211,415,37,58,257,316,407,34,411,62,219,293,80,124,349,502,134,223,233,279,320,350,526,55,137,115,169,353,61,308,341,358,38,248,383,486,77,235,280,146,251,109,165,225,487,471,63,86,159,224,343,369,450,515,138,322,323,192,230,229,227,337,385,456,149,201,234,278,397,412,523,504,18,79,387,441,84,179,395,97,402,418,442,517,510,563,30,176,339,432,6,13,114,273,357,452,51,53,218,324,399,505,23,244,261,409,419,499,100,209,199,254,325,439,28,69,408,107,210,363,462,481,60,57,66,118,150,259,25,178,301,298,65,186,355,377,482,484,509,7,133,173,205,231,15,214,241,255,373,431,33,135,166,328,342,338,437,98,203,236,317,0,39,36,52,127,132,198,443,494,527,2,78,518,32,182,11,403,444,514,31,202,283,281,312,428,237,391,24,76,143,153,204,336,454,489,314,389,445,449,144,139,232,5,64,72,427,75,221,296,345,497,120,260,488,71,334,364,277,423,48,49,96,285,479,123,174,304,352,379,130,416],"type":"read_ok"}}
2024/02/25 18:59:37 Sent {"src":"n13","dest":"n12","body":{"messages":[563],"msg_id":19,"type":"broadcast"}}
2024/02/25 18:59:37 Received {n12 n13 {"messages":[550,536,540,530,537,551,528,545,542,534,539,531,548,538,544,543,535,529,546,532,549,547,541,562,573],"msg_id":576,"type":"broadcast"}}
2024/02/25 18:59:37 Sent {"src":"n13","dest":"n12","body":{"in_reply_to":576,"type":"broadcast_ok"}}
2024/02/25 18:59:37 Received {n12 n13 {"in_reply_to":19,"type":"broadcast_ok"}}
2024/02/25 18:59:37 Received {c63 n13 {"type":"read","msg_id":45}}
2024/02/25 18:59:37 Sent {"src":"n13","dest":"c63","body":{"in_reply_to":45,"messages":[122,310,433,475,83,95,103,175,220,226,421,461,453,531,157,276,287,469,498,27,394,476,119,250,327,472,59,215,315,47,141,148,85,368,92,106,290,524,264,307,311,12,45,168,267,367,56,108,263,272,420,422,485,74,116,208,300,291,306,440,54,318,359,438,26,91,216,295,410,451,16,161,344,362,496,501,195,282,309,457,464,541,207,258,366,500,40,155,136,228,340,112,243,434,520,543,245,400,447,145,158,184,238,246,319,351,448,522,1,170,269,459,491,21,348,480,470,528,44,121,239,256,302,388,474,4,142,356,9,253,163,211,415,37,58,257,316,407,34,411,62,219,293,80,124,349,502,134,223,233,279,320,350,526,547,55,137,115,169,353,61,308,341,358,38,248,383,486,532,77,235,280,146,251,573,109,165,225,487,471,535,63,86,159,224,343,369,450,515,138,322,323,192,230,229,227,337,385,456,149,201,234,278,397,412,523,504,18,79,387,441,84,179,395,97,402,418,442,517,510,563,30,176,339,432,6,13,114,273,357,452,51,53,218,324,399,505,23,244,261,409,419,499,100,209,199,254,325,439,28,69,408,534,107,210,363,462,481,537,60,57,66,118,150,259,550,25,178,301,298,65,186,355,377,482,484,509,530,7,133,173,205,231,15,214,241,255,373,431,33,135,166,328,342,338,437,98,203,236,317,0,39,36,52,127,132,198,443,494,527,2,78,518,32,182,11,403,444,514,31,202,283,281,312,428,237,391,24,76,143,153,204,336,454,489,314,389,445,449,144,139,232,5,64,72,427,75,221,296,345,497,120,260,488,551,71,334,364,277,423,546,48,49,96,285,479,123,174,304,352,379,130,416,20,41,111,156,365,375,242,297,380,465,154,177,167,171,190,303,372,463,503,180,183,217,266,540,549,67,99,188,468,104,288,305,321,525,140,172,268,405,413,492,102,160,196,493,187,333,376,478,508,50,222,354,361,425,129,329,390,117,299,292,401,426,81,382,516,22,93,164,331,483,521,562,346,8,131,289,417,473,506,548,90,128,335,392,424,490,101,206,313,495,110,533,19,152,270,347,458,460,17,191,105,113,147,200,371,378,35,46,286,284,381,414,404,455,539,29,370,446,88,189,274,275,89,94,197,185,545,3,194,436,513,14,42,126,181,212,247,294,511,536,330,398,544,87,125,249,466,193,265,507,512,43,151,262,332,393,374,430,519,68,162,82,213,386,10,326,360,435,542,70,429,240,252,271,406,467,477,529,538,73,384,396],"type":"read_ok"}}
2024/02/25 18:59:37 Received {c63 n13 {"type":"read","msg_id":46}}
2024/02/25 18:59:37 Sent {"src":"n13","dest":"c63","body":{"in_reply_to":46,"messages":[385,456,227,337,234,278,397,412,523,504,149,201,387,441,18,79,395,84,179,418,442,517,510,563,97,402,30,176,339,432,114,273,357,452,6,13,218,324,399,505,51,53,261,409,419,499,23,244,199,254,325,439,100,209,408,534,28,69,363,462,481,537,107,210,66,118,150,259,550,60,57,301,298,25,178,355,377,482,484,509,530,65,186,173,205,231,7,133,241,255,373,431,15,214,166,328,342,338,437,33,135,236,317,98,203,36,52,127,132,198,443,0,39,494,527,518,2,78,32,182,444,514,11,403,283,281,312,428,31,202,237,391,143,153,204,336,454,489,24,76,445,449,314,389,144,139,232,72,427,5,64,296,345,497,75,221,488,551,120,260,364,71,334,546,277,423,96,285,479,48,49,304,352,379,123,174,130,416,111,156,365,375,20,41,380,465,242,297,167,171,190,303,372,463,154,177,503,217,266,540,549,180,183,188,468,67,99,305,321,525,104,288,268,405,413,492,140,172,196,493,102,160,376,478,508,187,333,354,361,425,50,222,390,129,329,292,401,426,117,299,516,81,382,164,22,93,521,562,331,483,346,289,417,473,506,548,8,131,335,392,424,490,90,128,313,495,101,206,110,533,270,347,458,460,19,152,17,191,147,200,371,378,105,113,286,284,381,414,404,455,35,46,539,446,29,370,274,275,88,189,197,185,545,89,94,436,513,3,194,126,181,212,247,294,511,14,42,536,544,330,398,87,125,249,466,507,512,193,265,262,332,393,374,430,519,43,151,68,162,386,82,213,360,435,542,10,326,70,429,271,406,467,477,529,240,252,538,73,384,396,433,475,122,310,103,175,220,226,421,461,83,95,453,531,287,469,498,157,276,476,27,394,327,472,119,250,315,59,215,148,47,141,85,368,290,524,92,106,311,264,307,168,267,367,12,45,263,272,420,422,485,56,108,208,300,291,306,74,116,440,359,438,54,318,216,295,410,451,26,91,344,362,496,501,16,161,309,457,464,541,195,282,366,500,207,258,40,155,340,136,228,434,520,543,112,243,447,245,400,184,238,246,319,351,448,145,158,522,269,459,491,1,170,480,470,528,21,348,239,256,302,388,474,44,121,356,4,142,9,253,415,163,211,257,316,407,37,58,34,411,293,62,219,349,502,80,124,233,279,320,350,526,547,134,223,115,169,353,55,137,341,358,61,308,383,486,532,38,248,280,77,235,573,146,251,225,487,471,535,109,165,159,224,343,369,450,515,63,86,323,138,322,229,192,230],"type":"read_ok"}}
2024/02/25 18:59:38 Received {n12 n13 {"messages":[564,556,555,559,560,558,571,553,569,552,568,567,566,561,554,565,574,557,570,572],"msg_id":592,"type":"broadcast"}}
2024/02/25 18:59:38 Sent {"src":"n13","dest":"n12","body":{"in_reply_to":592,"type":"broadcast_ok"}}
2024/02/25 18:59:38 Received {c63 n13 {"type":"read","msg_id":47}}
2024/02/25 18:59:38 Sent {"src":"n13","dest":"c63","body":{"in_reply_to":47,"messages":[30,176,339,432,273,357,452,6,13,114,324,399,505,51,53,218,409,419,499,23,244,261,254,325,439,100,209,199,534,555,28,69,408,462,481,537,107,210,363,118,150,259,550,561,60,57,66,298,25,178,301,377,482,484,509,530,65,186,355,205,231,552,7,133,173,255,373,431,15,214,241,328,342,338,437,33,135,166,317,98,203,236,52,127,132,198,443,0,39,36,494,527,2,78,518,32,182,514,11,403,444,281,312,428,569,31,202,283,237,391,153,204,336,454,489,24,76,143,449,314,389,445,144,139,232,427,559,5,64,72,345,497,571,75,221,296,551,120,260,488,71,334,364,277,423,546,285,479,48,49,96,352,379,123,174,304,130,416,156,365,375,20,41,111,465,242,297,380,171,190,303,372,463,154,177,167,503,266,540,549,180,183,217,468,67,99,188,321,525,104,288,305,405,413,492,140,172,268,493,102,160,196,478,508,187,333,376,361,425,50,222,354,129,329,390,401,426,568,117,299,292,81,382,516,22,93,164,562,558,331,483,521,346,417,473,506,548,8,131,289,392,424,490,90,128,335,495,101,206,313,110,533,347,458,460,19,152,270,17,191,200,371,378,105,113,147,284,381,414,404,455,35,46,286,539,29,370,446,275,557,88,189,274,185,545,89,94,197,513,3,194,436,181,212,247,294,511,14,42,126,536,572,330,398,544,87,125,249,466,512,193,265,507,332,393,374,430,519,43,151,262,68,162,554,82,213,386,435,542,10,326,360,70,429,406,467,477,529,240,252,271,538,73,384,396,475,122,310,433,175,220,226,421,461,83,95,103,453,531,469,498,157,276,287,27,394,476,472,119,250,327,59,215,315,47,141,148,85,368,567,524,92,106,290,264,307,311,267,367,12,45,168,272,420,422,485,56,108,263,300,291,306,74,116,208,440,560,438,54,318,359,295,410,451,26,91,216,362,496,501,553,16,161,344,457,464,541,195,282,309,500,207,258,366,40,155,564,136,228,340,520,543,112,243,434,245,400,447,238,246,319,351,448,145,158,184,522,459,491,556,1,170,269,470,528,21,348,480,256,302,388,474,44,121,239,4,142,356,9,253,163,211,415,316,407,37,58,257,34,411,62,219,293,502,80,124,349,279,320,350,526,547,134,223,233,169,353,570,55,137,115,358,61,308,341,486,532,38,248,383,77,235,280,146,251,573,487,471,535,109,165,225,224,343,369,450,515,63,86,159,138,322,323,565,192,230,229,456,227,337,385,278,397,412,523,504,149,201,234,441,566,574,18,79,387,84,179,395,442,517,510,563,97,402,418],"type":"read_ok"}}
2024/02/25 18:59:38 Received {n12 n13 {"messages":[587,600,578,575,588,584,582,595,583,581,594,598,592,597,577,586,591,585,599,579,590,580,593,596,576,589,610],"msg_id":603,"type":"broadcast"}}
2024/02/25 18:59:38 Sent {"src":"n13","dest":"n12","body":{"in_reply_to":603,"type":"broadcast_ok"}}
2024/02/25 18:59:38 Received {c63 n13 {"type":"broadcast","message":625,"msg_id":48}}
2024/02/25 18:59:38 Sent {"src":"n13","dest":"c63","body":{"in_reply_to":48,"type":"broadcast_ok"}}
2024/02/25 18:59:38 Received {c63 n13 {"type":"broadcast","message":639,"msg_id":49}}
2024/02/25 18:59:38 Sent {"src":"n13","dest":"c63","body":{"in_reply_to":49,"type":"broadcast_ok"}}
2024/02/25 18:59:38 Sent {"src":"n13","dest":"n12","body":{"messages":[625,639],"msg_id":20,"type":"broadcast"}}
2024/02/25 18:59:39 Received {n12 n13 {"messages":[602,614,615,624,618,607,619,601,613,606,609,611,617,605,612,604,616,603,608,638],"msg_id":646,"type":"broadcast"}}
2024/02/25 18:59:39 Sent {"src":"n13","dest":"n12","body":{"in_reply_to":646,"type":"broadcast_ok"}}
2024/02/25 18:59:39 Received {n12 n13 {"in_reply_to":20,"type":"broadcast_ok"}}
2024/02/25 18:59:39 Received {c63 n13 {"type":"read","msg_id":50}}
2024/02/25 18:59:39 Sent {"src":"n13","dest":"c63","body":{"in_reply_to":50,"messages":[142,356,4,253,9,211,415,163,58,257,316,407,581,37,411,34,219,293,602,62,124,349,502,80,223,233,279,320,350,526,547,134,137,115,169,353,570,55,308,341,358,61,248,383,486,532,38,235,280,77,251,573,146,165,225,487,471,535,109,86,159,224,343,369,450,515,63,322,323,583,609,138,230,229,565,192,337,385,456,227,201,234,278,397,412,523,504,149,79,387,441,566,574,18,179,395,84,402,418,442,517,510,563,97,176,579,603,30,432,339,13,114,273,357,452,619,6,53,218,324,399,505,595,51,244,261,409,419,499,23,209,199,254,325,439,100,69,408,534,555,28,210,363,462,481,537,107,57,66,118,150,259,550,561,60,178,301,298,25,186,355,377,482,484,509,530,65,618,133,173,205,231,552,593,7,214,241,255,373,431,610,15,135,166,328,342,338,437,33,203,236,317,625,98,39,36,52,127,132,198,443,0,527,591,494,78,518,2,182,638,32,403,444,514,576,11,202,283,281,312,428,569,31,391,237,76,143,153,204,336,454,489,24,389,445,449,314,144,232,597,139,64,72,427,559,5,221,296,345,497,571,75,260,488,551,120,334,364,71,423,546,277,49,96,285,479,48,174,304,352,379,123,416,580,615,130,41,111,156,365,375,582,20,297,380,465,242,177,167,171,190,303,372,463,154,588,503,183,217,266,540,549,180,99,188,468,67,288,305,321,525,104,172,268,405,413,492,140,160,196,493,102,333,376,478,508,187,222,354,361,425,50,329,390,129,299,292,401,426,568,117,382,516,613,81,93,164,604,22,483,521,562,558,331,346,131,289,417,473,506,548,8,128,335,392,424,490,90,206,313,495,101,594,110,605,533,152,270,347,458,460,19,191,585,17,113,147,200,371,378,105,46,286,284,381,414,404,455,35,606,539,370,446,29,189,274,275,557,88,94,197,185,545,611,89,194,436,513,584,599,3,42,126,181,212,247,294,511,14,589,536,398,544,572,575,624,330,125,87,466,578,249,265,507,512,193,151,262,332,393,374,430,519,43,600,162,554,612,68,213,386,586,82,326,360,435,542,10,429,592,70,252,271,406,467,477,529,616,240,598,538,384,577,73,587,396,310,433,475,122,95,103,175,220,226,421,461,83,531,453,276,287,469,498,639,157,394,476,27,250,327,472,119,215,315,59,141,148,47,368,567,85,106,290,524,92,307,311,596,264,45,168,267,367,12,108,263,272,420,422,485,614,56,116,208,300,291,306,74,560,440,318,359,438,54,91,216,295,410,451,590,617,26,161,344,362,496,501,553,16,282,309,457,464,541,607,195,258,366,500,207,155,40,228,340,564,608,136,243,434,520,543,112,400,447,245,158,184,238,246,319,351,448,145,522,170,269,459,491,556,601,1,348,480,470,528,21,121,239,256,302,388,474,44],"type":"read_ok"}}
2024/02/25 18:59:39 Received {n12 n13 {"messages":[629,644,642,636,620,622,637,627,641,623,631,626,640,630,633,634,621,632,628,643,635,668],"msg_id":664,"type":"broadcast"}}
2024/02/25 18:59:39 Received {c63 n13 {"type":"broadcast","message":669,"msg_id":51}}
2024/02/25 18:59:39 Sent {"src":"n13","dest":"n12","body":{"in_reply_to":664,"type":"broadcast_ok"}}
2024/02/25 18:59:39 Sent {"src":"n13","dest":"c63","body":{"in_reply_to":51,"type":"broadcast_ok"}}
2024/02/25 18:59:39 Received {c63 n13 {"type":"broadcast","message":680,"msg_id":52}}
2024/02/25 18:59:39 Sent {"src":"n13","dest":"c63","body":{"in_reply_to":52,"type":"broadcast_ok"}}
2024/02/25 18:59:39 Sent {"src":"n13","dest":"n12","body":{"messages":[669,680],"msg_id":21,"type":"broadcast"}}
2024/02/25 18:59:40 Received {n12 n13 {"messages":[652,664,656,648,661,660,655,667,646,659,653,665,654,666,647,645,658,651,663,649,650,662,657],"msg_id":673,"type":"broadcast"}}
2024/02/25 18:59:40 Sent {"src":"n13","dest":"n12","body":{"in_reply_to":673,"type":"broadcast_ok"}}
2024/02/25 18:59:40 Received {n12 n13 {"in_reply_to":21,"type":"broadcast_ok"}}
2024/02/25 18:59:40 Received {c63 n13 {"type":"read","msg_id":53}}
2024/02/25 18:59:40 Sent {"src":"n13","dest":"c63","body":{"in_reply_to":53,"messages":[343,369,450,515,63,86,159,224,609,666,138,322,323,583,192,230,229,565,623,227,337,385,456,397,412,523,504,149,201,234,278,637,566,574,18,79,387,441,84,179,395,627,517,510,563,97,402,418,442,664,30,176,579,603,339,432,357,452,619,642,6,13,114,273,399,505,595,631,51,53,218,324,419,499,23,244,261,409,325,439,100,209,199,254,555,658,28,69,408,534,481,537,107,210,363,462,150,259,550,561,60,57,66,118,25,178,301,298,482,484,509,530,65,186,355,377,618,646,231,552,593,7,133,173,205,373,431,610,15,214,241,255,342,338,437,663,33,135,166,328,625,98,203,236,317,127,132,198,443,0,39,36,52,494,527,591,2,78,518,659,32,182,638,661,576,11,403,444,514,312,428,569,629,31,202,283,281,237,391,656,647,204,336,454,489,24,76,143,153,314,389,445,449,144,634,139,232,597,559,645,5,64,72,427,497,571,680,75,221,296,345,648,120,260,488,551,71,334,364,277,423,546,479,48,49,96,285,379,123,174,304,352,130,416,580,615,365,375,582,20,41,111,156,242,297,380,465,190,303,372,463,154,177,167,171,503,588,649,540,549,180,183,217,266,67,99,188,468,525,104,288,305,321,413,492,140,172,268,405,102,160,196,493,508,660,187,333,376,478,425,50,222,354,361,129,329,390,641,426,568,655,117,299,292,401,630,81,382,516,613,22,93,164,604,558,668,331,483,521,562,346,473,506,548,8,131,289,417,424,490,90,128,335,392,101,206,313,495,110,594,533,605,458,460,19,152,270,347,17,191,585,371,378,667,105,113,147,200,381,414,404,455,35,46,286,284,539,606,29,370,446,621,557,88,189,274,275,545,611,89,94,197,185,584,599,3,194,436,513,212,247,294,511,14,42,126,181,536,589,575,624,330,398,544,572,87,125,249,466,578,193,265,507,512,393,374,430,519,43,151,262,332,600,635,636,68,162,554,612,82,213,386,586,542,640,10,326,360,435,70,429,592,657,467,477,529,616,240,252,271,406,538,598,73,384,577,396,587,122,310,433,475,220,226,421,461,83,95,103,175,453,531,498,639,157,276,287,469,27,394,476,620,632,119,250,327,472,59,215,315,47,141,148,85,368,567,669,92,106,290,524,264,307,311,596,367,651,12,45,168,267,420,422,485,614,56,108,263,272,291,306,74,116,208,300,440,560,54,318,359,438,410,451,590,617,26,91,216,295,644,496,501,553,650,16,161,344,362,464,541,607,633,195,282,309,457,207,258,366,500,40,155,608,136,228,340,564,543,643,112,243,434,520,245,400,447,246,319,351,448,145,158,184,238,522,491,556,601,1,170,269,459,528,662,21,348,480,470,302,388,474,665,44,121,239,256,4,142,356,622,9,253,163,211,415,407,581,652,653,37,58,257,316,34,411,62,219,293,602,80,124,349,502,320,350,526,547,134,223,233,279,353,570,654,55,137,115,169,628,61,308,341,358,532,38,248,383,486,77,235,280,146,251,573,471,535,626,109,165,225,487],"type":"read_ok"}}
2024/02/25 18:59:40 Received {c63 n13 {"type":"read","msg_id":54}}
2024/02/25 18:59:40 Sent {"src":"n13","dest":"c63","body":{"in_reply_to":54,"messages":[184,238,246,319,351,448,145,158,522,269,459,491,556,601,1,170,480,470,528,662,21,348,239,256,302,388,474,665,44,121,356,622,4,142,9,253,415,163,211,257,316,407,581,652,653,37,58,34,411,293,602,62,219,349,502,80,124,233,279,320,350,526,547,134,223,115,169,353,570,654,55,137,341,358,628,61,308,383,486,532,38,248,280,77,235,573,146,251,225,487,471,535,626,109,165,159,224,343,369,450,515,63,86,323,583,609,666,138,322,229,565,192,230,385,456,623,227,337,234,278,397,412,523,504,149,201,637,387,441,566,574,18,79,395,627,84,179,418,442,517,510,563,97,402,579,603,664,30,176,339,432,114,273,357,452,619,642,6,13,218,324,399,505,595,631,51,53,261,409,419,499,23,244,199,254,325,439,100,209,408,534,555,658,28,69,363,462,481,537,107,210,66,118,150,259,550,561,60,57,301,298,25,178,355,377,482,484,509,530,65,186,618,646,173,205,231,552,593,7,133,241,255,373,431,610,15,214,166,328,342,338,437,663,33,135,236,317,625,98,203,36,52,127,132,198,443,0,39,591,494,527,518,659,2,78,638,661,32,182,444,514,576,11,403,283,281,312,428,569,629,31,202,656,647,237,391,143,153,204,336,454,489,24,76,445,449,314,389,144,634,597,139,232,72,427,559,645,5,64,296,345,497,571,680,75,221,488,551,648,120,260,364,71,334,546,277,423,96,285,479,48,49,304,352,379,123,174,580,615,130,416,111,156,365,375,582,20,41,380,465,242,297,167,171,190,303,372,463,154,177,649,503,588,217,266,540,549,180,183,188,468,67,99,305,321,525,104,288,268,405,413,492,140,172,196,493,102,160,376,478,508,660,187,333,354,361,425,50,222,390,641,129,329,292,401,426,568,655,117,299,516,613,630,81,382,164,604,22,93,521,562,558,668,331,483,346,289,417,473,506,548,8,131,335,392,424,490,90,128,313,495,101,206,110,594,533,605,270,347,458,460,19,152,585,17,191,147,200,371,378,667,105,113,286,284,381,414,404,455,35,46,539,606,446,621,29,370,274,275,557,88,189,197,185,545,611,89,94,436,513,584,599,3,194,126,181,212,247,294,511,14,42,536,589,544,572,575,624,330,398,87,125,578,249,466,507,512,193,265,262,332,393,374,430,519,43,151,600,635,554,612,636,68,162,386,586,82,213,360,435,542,640,10,326,592,657,70,429,271,406,467,477,529,616,240,252,538,598,577,73,384,396,587,433,475,122,310,103,175,220,226,421,461,83,95,453,531,287,469,498,639,157,276,476,27,394,327,472,620,632,119,250,315,59,215,148,47,141,567,669,85,368,290,524,92,106,311,596,264,307,168,267,367,651,12,45,263,272,420,422,485,614,56,108,208,300,291,306,74,116,440,560,359,438,54,318,216,295,410,451,590,617,26,91,644,344,362,496,501,553,650,16,161,309,457,464,541,607,633,195,282,366,500,207,258,40,155,340,564,608,136,228,434,520,543,643,112,243,447,245,400],"type":"read_ok"}}
2024/02/25 18:59:40 Received {n12 n13 {"messages":[675,679,685,684,673,671,682,670,681,676,687,688,672,683,689,674,677,678,686,706],"msg_id":712,"type":"broadcast"}}
2024/02/25 18:59:40 Sent {"src":"n13","dest":"n12","body":{"in_reply_to":712,"type":"broadcast_ok"}}
2024/02/25 18:59:40 Received {c63 n13 {"type":"broadcast","message":719,"msg_id":55}}
2024/02/25 18:59:40 Sent {"src":"n13","dest":"c63","body":{"in_reply_to":55,"type":"broadcast_ok"}}
2024/02/25 18:59:40 Sent {"src":"n13","dest":"n12","body":{"messages":[719],"msg_id":22,"type":"broadcast"}}
2024/02/25 18:59:41 Received {n12 n13 {"messages":[699,698,692,690,702,693,705,700,694,708,703,695,707,696,709,701,704,691,697],"msg_id":725,"type":"broadcast"}}
2024/02/25 18:59:41 Received {c63 n13 {"type":"broadcast","message":729,"msg_id":56}}
2024/02/25 18:59:41 Sent {"src":"n13","dest":"n12","body":{"in_reply_to":725,"type":"broadcast_ok"}}
2024/02/25 18:59:41 Sent {"src":"n13","dest":"c63","body":{"in_reply_to":56,"type":"broadcast_ok"}}
2024/02/25 18:59:41 Received {n12 n13 {"in_reply_to":22,"type":"broadcast_ok"}}
2024/02/25 18:59:41 Received {c63 n13 {"type":"broadcast","message":743,"msg_id":57}}
2024/02/25 18:59:41 Sent {"src":"n13","dest":"c63","body":{"in_reply_to":57,"type":"broadcast_ok"}}
2024/02/25 18:59:41 Sent {"src":"n13","dest":"n12","body":{"messages":[729,743],"msg_id":23,"type":"broadcast"}}
2024/02/25 18:59:41 Received {n12 n13 {"messages":[723,722,717,713,716,726,714,718,728,727,720,711,710,712,724,715,725,721,742],"msg_id":767,"type":"broadcast"}}
2024/02/25 18:59:41 Sent {"src":"n13","dest":"n12","body":{"in_reply_to":767,"type":"broadcast_ok"}}
2024/02/25 18:59:41 Received {n12 n13 {"in_reply_to":23,"type":"broadcast_ok"}}
2024/02/25 18:59:41 Received {c63 n13 {"type":"broadcast","message":760,"msg_id":58}}
2024/02/25 18:59:41 Sent {"src":"n13","dest":"c63","body":{"in_reply_to":58,"type":"broadcast_ok"}}
2024/02/25 18:59:41 Received {c63 n13 {"type":"broadcast","message":775,"msg_id":59}}
2024/02/25 18:59:41 Sent {"src":"n13","dest":"c63","body":{"in_reply_to":59,"type":"broadcast_ok"}}
2024/02/25 18:59:41 Sent {"src":"n13","dest":"n12","body":{"messages":[760,775],"msg_id":24,"type":"broadcast"}}
2024/02/25 18:59:42 Received {n12 n13 {"messages":[749,739,732,746,748,735,738,737,730,744,741,733,734,740,751,731,745,747,736,750],"msg_id":770,"type":"broadcast"}}
2024/02/25 18:59:42 Sent {"src":"n13","dest":"n12","body":{"in_reply_to":770,"type":"broadcast_ok"}}
2024/02/25 18:59:42 Received {n12 n13 {"in_reply_to":24,"type":"broadcast_ok"}}
2024/02/25 18:59:42 Received {c63 n13 {"type":"broadcast","message":784,"msg_id":60}}
2024/02/25 18:59:42 Sent {"src":"n13","dest":"c63","body":{"in_reply_to":60,"type":"broadcast_ok"}}
2024/02/25 18:59:42 Sent {"src":"n13","dest":"n12","body":{"messages":[784],"msg_id":25,"type":"broadcast"}}
2024/02/25 18:59:42 Received {n12 n13 {"messages":[757,772,752,765,762,754,756,771,769,776,770,759,753,767,768,773,766,764,758,774,761,777,755,763],"msg_id":811,"type":"broadcast"}}
2024/02/25 18:59:42 Received {c63 n13 {"type":"read","msg_id":61}}
2024/02/25 18:59:42 Sent {"src":"n13","dest":"n12","body":{"in_reply_to":811,"type":"broadcast_ok"}}
2024/02/25 18:59:42 Sent {"src":"n13","dest":"c63","body":{"in_reply_to":61,"messages":[374,430,519,43,151,262,332,393,600,635,730,68,162,554,612,636,82,213,386,586,684,640,733,10,326,360,435,542,70,429,592,657,477,529,616,240,252,271,406,467,695,538,598,769,73,384,577,720,396,587,689,122,310,433,475,775,758,777,226,421,461,83,95,103,175,220,453,531,676,702,639,157,276,287,469,498,27,394,476,632,736,119,250,327,472,620,59,215,315,685,47,141,148,752,741,85,368,567,669,704,754,92,106,290,524,728,264,307,311,596,651,12,45,168,267,367,422,485,614,56,108,263,272,420,767,306,774,755,74,116,208,300,291,440,560,723,714,54,318,359,438,738,451,590,617,26,91,216,295,410,644,501,553,650,16,161,344,362,496,541,607,633,195,282,309,457,464,698,207,258,366,500,729,40,155,762,759,136,228,340,564,608,643,692,112,243,434,520,543,245,400,447,319,351,448,145,158,184,238,246,522,770,556,601,756,1,170,269,459,491,662,21,348,480,470,528,388,474,665,44,121,239,256,302,4,142,356,622,9,253,163,211,415,718,757,581,652,653,37,58,257,316,407,677,693,34,411,696,713,62,219,293,602,683,734,740,80,124,349,502,700,350,526,547,134,223,233,279,320,570,654,686,55,137,115,169,353,61,308,341,358,628,38,248,383,486,532,77,235,280,146,251,573,678,535,626,109,165,225,487,471,369,450,515,63,86,159,224,343,742,753,666,716,138,322,323,583,609,192,230,229,565,763,681,744,227,337,385,456,623,412,523,504,149,201,234,278,397,637,574,701,727,18,79,387,441,566,84,179,395,627,674,510,563,97,402,418,442,517,30,176,579,603,664,339,432,721,732,751,452,619,642,6,13,114,273,357,675,673,505,595,631,51,53,218,324,399,690,499,23,244,261,409,419,439,100,209,199,254,325,658,28,69,408,534,555,537,107,210,363,462,481,259,550,561,60,57,66,118,150,699,705,25,178,301,298,484,509,530,65,186,355,377,482,618,646,552,593,747,7,133,173,205,231,431,610,679,15,214,241,255,373,709,737,338,437,663,33,135,166,328,342,672,715,98,203,236,317,625,132,198,443,0,39,36,52,127,494,527,591,761,2,78,518,659,32,182,638,661,697,724,11,403,444,514,576,428,569,629,31,202,283,281,312,722,746,237,391,656,647,336,454,489,24,76,143,153,204,773,314,389,445,449,766,144,634,139,232,597,671,719,645,5,64,72,427,559,571,680,776,75,221,296,345,497,120,260,488,551,648,71,334,364,784,277,423,546,48,49,96,285,479,670,123,174,304,352,379,710,772,130,416,580,615,703,375,582,20,41,111,156,365,242,297,380,465,303,372,463,154,177,167,171,190,503,588,649,549,745,180,183,217,266,540,67,99,188,468,687,104,288,305,321,525,492,140,172,268,405,413,102,160,196,493,660,748,187,333,376,478,508,765,50,222,354,361,425,129,329,390,641,768,568,655,117,299,292,401,426,749,81,382,516,613,630,22,93,164,604,668,331,483,521,562,558,346,506,548,717,8,131,289,417,473,725,490,735,90,128,335,392,424,101,206,313,495,110,594,707,764,533,605,682,694,739,460,743,750,19,152,270,347,458,17,191,585,688,711,378,667,105,113,147,200,371,414,404,455,35,46,286,284,381,539,606,29,370,446,621,760,88,189,274,275,557,611,712,89,94,197,185,545,599,691,3,194,436,513,584,247,294,511,14,42,126,181,212,536,589,731,624,330,398,544,572,575,87,125,706,249,466,578,708,726,193,265,507,512,771],"type":"read_ok"}}
2024/02/25 18:59:42 Received {n12 n13 {"in_reply_to":25,"type":"broadcast_ok"}}
2024/02/25 18:59:42 Received {c63 n13 {"type":"read","msg_id":62}}
2024/02/25 18:59:42 Sent {"src":"n13","dest":"c63","body":{"in_reply_to":62,"messages":[745,180,183,217,266,540,549,67,99,188,468,104,288,305,321,525,687,140,172,268,405,413,492,102,160,196,493,748,187,333,376,478,508,660,50,222,354,361,425,765,129,329,390,641,768,655,117,299,292,401,426,568,81,382,516,613,630,749,22,93,164,604,331,483,521,562,558,668,346,548,717,8,131,289,417,473,506,725,735,90,128,335,392,424,490,101,206,313,495,110,594,707,533,605,682,694,739,764,743,750,19,152,270,347,458,460,17,191,585,688,711,667,105,113,147,200,371,378,404,455,35,46,286,284,381,414,539,606,29,370,446,621,760,88,189,274,275,557,712,89,94,197,185,545,611,691,3,194,436,513,584,599,294,511,14,42,126,181,212,247,536,589,731,330,398,544,572,575,624,87,125,706,249,466,578,708,726,193,265,507,512,771,430,519,43,151,262,332,393,374,600,635,68,162,554,612,636,730,82,213,386,586,684,733,10,326,360,435,542,640,70,429,592,657,529,616,240,252,271,406,467,477,695,538,598,769,73,384,577,720,396,587,689,122,310,433,475,775,758,777,421,461,83,95,103,175,220,226,453,531,676,702,157,276,287,469,498,639,27,394,476,736,119,250,327,472,620,632,59,215,315,685,47,141,148,752,85,368,567,669,704,741,92,106,290,524,728,754,264,307,311,596,12,45,168,267,367,651,485,614,56,108,263,272,420,422,767,774,755,74,116,208,300,291,306,440,560,723,714,54,318,359,438,738,590,617,26,91,216,295,410,451,644,553,650,16,161,344,362,496,501,607,633,195,282,309,457,464,541,698,207,258,366,500,729,40,155,759,136,228,340,564,608,762,692,112,243,434,520,543,643,245,400,447,351,448,145,158,184,238,246,319,522,770,601,756,1,170,269,459,491,556,21,348,480,470,528,662,474,665,44,121,239,256,302,388,4,142,356,622,9,253,163,211,415,718,757,652,653,37,58,257,316,407,581,677,693,34,411,713,62,219,293,602,683,696,740,80,124,349,502,700,734,526,547,134,223,233,279,320,350,654,686,55,137,115,169,353,570,61,308,341,358,628,38,248,383,486,532,77,235,280,146,251,573,678,626,109,165,225,487,471,535,450,515,63,86,159,224,343,369,742,753,716,138,322,323,583,609,666,192,230,229,565,763,744,227,337,385,456,623,681,523,504,149,201,234,278,397,412,637,701,727,18,79,387,441,566,574,84,179,395,627,674,563,97,402,418,442,517,510,30,176,579,603,664,339,432,721,732,751,619,642,6,13,114,273,357,452,675,673,595,631,51,53,218,324,399,505,690,23,244,261,409,419,499,100,209,199,254,325,439,28,69,408,534,555,658,107,210,363,462,481,537,550,561,60,57,66,118,150,259,699,705,25,178,301,298,509,530,65,186,355,377,482,484,618,646,593,747,7,133,173,205,231,552,610,679,15,214,241,255,373,431,709,737,437,663,33,135,166,328,342,338,672,715,98,203,236,317,625,198,443,0,39,36,52,127,132,494,527,591,761,2,78,518,659,32,182,638,661,724,11,403,444,514,576,697,569,629,31,202,283,281,312,428,722,746,237,391,656,647,454,489,24,76,143,153,204,336,773,314,389,445,449,766,144,634,139,232,597,671,719,5,64,72,427,559,645,680,776,75,221,296,345,497,571,120,260,488,551,648,71,334,364,784,277,423,546,48,49,96,285,479,123,174,304,352,379,670,772,130,416,580,615,703,710,582,20,41,111,156,365,375,242,297,380,465,372,463,154,177,167,171,190,303,503,588,649],"type":"read_ok"}}
2024/02/25 18:59:43 Received {n12 n13 {"messages":[779,789,786,783,788,781,790,792,785,780,793,778,791,787,782,809],"msg_id":832,"type":"broadcast"}}
2024/02/25 18:59:43 Sent {"src":"n13","dest":"n12","body":{"in_reply_to":832,"type":"broadcast_ok"}}
2024/02/25 18:59:43 Received {c63 n13 {"type":"broadcast","message":823,"msg_id":63}}
2024/02/25 18:59:43 Sent {"src":"n13","dest":"c63","body":{"in_reply_to":63,"type":"broadcast_ok"}}
2024/02/25 18:59:43 Received {c63 n13 {"type":"broadcast","message":840,"msg_id":64}}
2024/02/25 18:59:43 Sent {"src":"n13","dest":"c63","body":{"in_reply_to":64,"type":"broadcast_ok"}}
2024/02/25 18:59:43 Sent {"src":"n13","dest":"n12","body":{"messages":[823,840],"msg_id":26,"type":"broadcast"}}
2024/02/25 18:59:43 Received {n12 n13 {"messages":[812,798,811,800,813,807,805,804,801,815,797,810,795,808,794,803,806,802,796,814,799,822],"msg_id":848,"type":"broadcast"}}
2024/02/25 18:59:43 Sent {"src":"n13","dest":"n12","body":{"in_reply_to":848,"type":"broadcast_ok"}}
2024/02/25 18:59:43 Received {n12 n13 {"in_reply_to":26,"type":"broadcast_ok"}}
2024/02/25 18:59:43 Received {c63 n13 {"type":"broadcast","message":849,"msg_id":65}}
2024/02/25 18:59:43 Sent {"src":"n13","dest":"c63","body":{"in_reply_to":65,"type":"broadcast_ok"}}
2024/02/25 18:59:43 Received {c63 n13 {"type":"broadcast","message":864,"msg_id":66}}
2024/02/25 18:59:43 Sent {"src":"n13","dest":"c63","body":{"in_reply_to":66,"type":"broadcast_ok"}}
2024/02/25 18:59:43 Sent {"src":"n13","dest":"n12","body":{"messages":[849,864],"msg_id":27,"type":"broadcast"}}
2024/02/25 18:59:44 Received {n12 n13 {"messages":[837,816,830,827,836,819,834,824,838,839,826,842,828,843,829,817,831,825,841,821,820,835,818,832,833,863],"msg_id":882,"type":"broadcast"}}
2024/02/25 18:59:44 Sent {"src":"n13","dest":"n12","body":{"in_reply_to":882,"type":"broadcast_ok"}}
2024/02/25 18:59:44 Received {n12 n13 {"in_reply_to":27,"type":"broadcast_ok"}}
2024/02/25 18:59:44 Received {c63 n13 {"type":"broadcast","message":872,"msg_id":67}}
2024/02/25 18:59:44 Sent {"src":"n13","dest":"c63","body":{"in_reply_to":67,"type":"broadcast_ok"}}
2024/02/25 18:59:44 Sent {"src":"n13","dest":"n12","body":{"messages":[872],"msg_id":28,"type":"broadcast"}}
2024/02/25 18:59:44 Received {n12 n13 {"messages":[853,861,855,848,860,850,856,852,845,857,858,859,846,862,854,847,844,851,871],"msg_id":892,"type":"broadcast"}}
2024/02/25 18:59:44 Received {c63 n13 {"type":"broadcast","message":884,"msg_id":68}}
2024/02/25 18:59:44 Sent {"src":"n13","dest":"n12","body":{"in_reply_to":892,"type":"broadcast_ok"}}
2024/02/25 18:59:44 Sent {"src":"n13","dest":"c63","body":{"in_reply_to":68,"type":"broadcast_ok"}}
2024/02/25 18:59:44 Received {n12 n13 {"in_reply_to":28,"type":"broadcast_ok"}}
2024/02/25 18:59:44 Received {c63 n13 {"type":"broadcast","message":895,"msg_id":69}}
2024/02/25 18:59:44 Sent {"src":"n13","dest":"c63","body":{"in_reply_to":69,"type":"broadcast_ok"}}
2024/02/25 18:59:44 Sent {"src":"n13","dest":"n12","body":{"messages":[884,895],"msg_id":29,"type":"broadcast"}}
2024/02/25 18:59:45 Received {n12 n13 {"messages":[874,883,868,878,869,879,873,877,866,875,867,876,870,865,894],"msg_id":920,"type":"broadcast"}}
2024/02/25 18:59:45 Sent {"src":"n13","dest":"n12","body":{"in_reply_to":920,"type":"broadcast_ok"}}
2024/02/25 18:59:45 Received {n12 n13 {"in_reply_to":29,"type":"broadcast_ok"}}
2024/02/25 18:59:45 Received {n12 n13 {"messages":[898,886,900,885,902,903,896,891,904,892,889,905,888,899,881,887,897,880,893,890,901,882],"msg_id":946,"type":"broadcast"}}
2024/02/25 18:59:45 Sent {"src":"n13","dest":"n12","body":{"in_reply_to":946,"type":"broadcast_ok"}}
2024/02/25 18:59:46 Received {n12 n13 {"messages":[906],"msg_id":972,"type":"broadcast"}}
2024/02/25 18:59:46 Sent {"src":"n13","dest":"n12","body":{"in_reply_to":972,"type":"broadcast_ok"}}
2024/02/25 18:59:55 Received {c63 n13 {"type":"read","msg_id":70}}
2024/02/25 18:59:55 Sent {"src":"n13","dest":"c63","body":{"in_reply_to":70,"messages":[7,133,231,552,593,737,15,214,241,255,431,610,33,338,437,715,203,236,317,787,0,527,591,761,831,858,32,638,661,11,403,514,724,897,31,283,312,428,629,899,237,24,76,153,336,454,314,389,449,850,816,427,645,75,296,345,497,571,334,784,826,848,869,277,285,479,174,304,130,416,703,710,862,582,41,111,242,380,465,463,154,177,171,303,503,588,649,183,217,540,745,872,67,99,468,288,321,405,413,160,376,508,660,782,50,361,425,129,329,117,292,426,854,382,516,22,164,790,562,558,807,346,289,548,717,90,335,424,490,735,110,594,605,865,152,270,458,750,799,859,688,711,895,113,147,371,378,667,35,46,381,404,539,370,841,189,274,275,557,89,185,611,802,194,436,584,691,536,731,14,42,181,247,294,511,398,544,842,87,193,507,771,151,262,332,393,519,635,68,554,893,213,386,586,684,780,326,360,435,542,640,70,429,657,240,529,818,598,823,73,720,874,887,122,817,758,777,453,531,95,103,175,220,421,461,676,702,810,276,469,498,639,394,476,803,839,472,620,632,736,808,215,882,47,141,829,704,741,728,754,801,845,12,267,367,651,108,263,420,614,793,892,300,755,809,856,560,723,54,438,813,617,644,26,91,295,410,451,590,344,824,282,309,457,541,633,698,207,258,40,852,228,564,608,759,112,243,434,520,245,400,145,158,238,246,522,770,885,269,556,601,756,788,884,348,480,470,528,662,44,121,239,302,622,211,718,757,58,407,581,653,34,62,602,683,696,875,80,700,740,547,785,115,169,654,358,628,248,486,532,77,146,251,678,795,165,535,626,814,753,853,63,86,224,343,450,742,138,322,323,583,192,565,763,227,681,744,278,397,523,637,781,566,701,727,179,395,627,820,674,97,418,517,510,563,30,176,579,603,664,339,432,721,732,751,894,13,114,273,619,642,890,53,218,324,690,847,261,409,834,838,100,199,254,325,439,819,408,107,363,537,804,60,118,150,259,699,65,482,509,530,173,205,747,373,679,709,873,883,135,166,328,342,663,672,98,625,443,494,39,36,52,127,132,198,840,843,2,78,518,659,182,821,889,444,576,697,832,202,281,569,722,746,391,656,647,855,900,143,204,489,773,789,445,766,825,144,634,139,232,597,671,719,886,5,64,72,559,680,776,221,120,260,488,551,648,71,364,876,423,546,805,48,49,96,800,778,123,352,379,670,580,615,772,846,20,156,365,375,297,870,372,167,190,180,266,549,792,188,794,104,305,525,687,863,140,172,268,492,102,196,493,187,333,478,748,833,222,354,765,390,641,768,299,401,568,655,806,81,613,630,749,905,93,604,796,331,483,521,668,861,8,131,417,473,506,725,128,392,849,902,101,206,313,495,707,533,682,694,739,764,19,347,460,743,880,17,191,585,105,200,286,284,414,455,606,29,446,621,760,828,88,888,94,197,545,712,868,3,513,599,126,212,589,330,572,575,624,864,125,706,249,466,578,708,726,844,265,512,43,374,430,600,783,162,612,636,730,82,10,733,592,857,695,860,252,271,406,467,477,616,538,769,384,577,396,587,689,310,433,475,775,83,226,157,287,27,837,119,250,327,866,881,59,315,685,867,148,752,85,368,567,669,92,106,290,524,798,264,307,311,596,903,45,168,56,272,422,485,767,811,797,74,116,208,291,306,774,440,714,791,318,359,738,216,650,16,161,362,496,501,553,195,464,607,366,500,729,906,155,851,136,340,762,878,891,543,643,692,447,786,184,319,351,448,1,170,459,491,836,21,256,388,474,665,898,4,142,356,9,253,896,163,415,815,830,37,257,316,652,677,693,411,219,293,713,812,822,124,349,502,734,526,134,223,233,279,320,350,55,137,353,570,686,61,308,341,38,383,235,280,904,573,109,225,487,471,159,369,515,609,666,716,827,230,229,779,337,385,456,623,149,201,234,412,504,18,79,387,441,574,84,402,442,835,877,6,357,452,675,673,51,399,505,595,631,23,244,419,499,209,879,28,69,534,555,658,210,462,481,57,66,550,561,705,25,178,301,298,871,901,186,355,377,484,618,646],"type":"read_ok"}}
