2024/02/25 18:59:24 Received {c11 n14 {"type":"init","node_id":"n14","node_ids":["n0","n1","n2","n3","n4","n5","n6","n7","n8","n9","n10","n11","n12","n13","n14","n15","n16","n17","n18","n19","n20","n21","n22","n23","n24"],"msg_id":1}}
2024/02/25 18:59:24 Node n14 initialized
2024/02/25 18:59:24 Sent {"src":"n14","dest":"c11","body":{"in_reply_to":1,"type":"init_ok"}}
2024/02/25 18:59:25 Received {c39 n14 {"type":"topology","topology":{"n2":["n7","n3","n1"],"n21":["n16","n22","n20"],"n23":["n18","n24","n22"],"n5":["n10","n0","n6"],"n8":["n13","n3","n9","n7"],"n6":["n11","n1","n7","n5"],"n19":["n24","n14","n18"],"n14":["n19","n9","n13"],"n17":["n22","n12","n18","n16"],"n1":["n6","n2","n0"],"n24":["n19","n23"],"n4":["n9","n3"],"n0":["n5","n1"],"n18":["n23","n13","n19","n17"],"n9":["n14","n4","n8"],"n10":["n15","n5","n11"],"n22":["n17","n23","n21"],"n15":["n20","n10","n16"],"n13":["n18","n8","n14","n12"],"n3":["n8","n4","n2"],"n12":["n17","n7","n13","n11"],"n11":["n16","n6","n12","n10"],"n16":["n21","n11","n17","n15"],"n7":["n12","n2","n8","n6"],"n20":["n15","n21"]},"msg_id":1}}
2024/02/25 18:59:25 Sent {"src":"n14","dest":"c39","body":{"in_reply_to":1,"type":"topology_ok"}}
2024/02/25 18:59:25 Received {c64 n14 {"type":"read","msg_id":1}}
2024/02/25 18:59:25 Sent {"src":"n14","dest":"c64","body":{"in_reply_to":1,"messages":[],"type":"read_ok"}}
2024/02/25 18:59:25 Received {c64 n14 {"type":"broadcast","message":22,"msg_id":2}}
2024/02/25 18:59:25 Sent {"src":"n14","dest":"c64","body":{"in_reply_to":2,"type":"broadcast_ok"}}
2024/02/25 18:59:25 Received {c64 n14 {"type":"read","msg_id":3}}
2024/02/25 18:59:25 Sent {"src":"n14","dest":"c64","body":{"in_reply_to":3,"messages":[22],"type":"read_ok"}}
2024/02/25 18:59:25 Sent {"src":"n14","dest":"n12","body":{"messages":[22],"msg_id":1,"type":"broadcast"}}
2024/02/25 18:59:26 Received {n12 n14 {"messages":[9,20,3,16,2,15,7,14,17,4,18,10,19,5,0,11,12,8,6,13,1,39],"msg_id":11,"type":"broadcast"}}
2024/02/25 18:59:26 Received {c64 n14 {"type":"broadcast","message":52,"msg_id":4}}
2024/02/25 18:59:26 Sent {"src":"n14","dest":"n12","body":{"in_reply_to":11,"type":"broadcast_ok"}}
2024/02/25 18:59:26 Sent {"src":"n14","dest":"c64","body":{"in_reply_to":4,"type":"broadcast_ok"}}
2024/02/25 18:59:26 Received {n12 n14 {"in_reply_to":1,"type":"broadcast_ok"}}
2024/02/25 18:59:26 Received {c64 n14 {"type":"broadcast","message":65,"msg_id":5}}
2024/02/25 18:59:26 Sent {"src":"n14","dest":"c64","body":{"in_reply_to":5,"type":"broadcast_ok"}}
2024/02/25 18:59:26 Sent {"src":"n14","dest":"n12","body":{"messages":[52,65],"msg_id":2,"type":"broadcast"}}
2024/02/25 18:59:26 Received {n12 n14 {"messages":[35,27,45,24,32,43,31,37,30,48,36,28,29,46,21,38,23,40,25,42,33,26,41,44,47,34,64],"msg_id":40,"type":"broadcast"}}
2024/02/25 18:59:26 Received {c64 n14 {"type":"broadcast","message":76,"msg_id":6}}
2024/02/25 18:59:26 Sent {"src":"n14","dest":"n12","body":{"in_reply_to":40,"type":"broadcast_ok"}}
2024/02/25 18:59:26 Sent {"src":"n14","dest":"c64","body":{"in_reply_to":6,"type":"broadcast_ok"}}
2024/02/25 18:59:26 Received {n12 n14 {"in_reply_to":2,"type":"broadcast_ok"}}
2024/02/25 18:59:26 Received {c64 n14 {"type":"broadcast","message":85,"msg_id":7}}
2024/02/25 18:59:26 Sent {"src":"n14","dest":"c64","body":{"in_reply_to":7,"type":"broadcast_ok"}}
2024/02/25 18:59:26 Sent {"src":"n14","dest":"n12","body":{"messages":[76,85],"msg_id":3,"type":"broadcast"}}
2024/02/25 18:59:27 Received {n12 n14 {"messages":[55,67,50,61,73,75,56,60,51,62,72,57,68,59,69,49,63,70,53,58,54,66,71],"msg_id":69,"type":"broadcast"}}
2024/02/25 18:59:27 Sent {"src":"n14","dest":"n12","body":{"in_reply_to":69,"type":"broadcast_ok"}}
2024/02/25 18:59:27 Received {n12 n14 {"in_reply_to":3,"type":"broadcast_ok"}}
2024/02/25 18:59:27 Received {c64 n14 {"type":"read","msg_id":8}}
2024/02/25 18:59:27 Sent {"src":"n14","dest":"c64","body":{"in_reply_to":8,"messages":[76,50,8,35,29,23,34,52,32,48,71,17,62,57,56,1,37,73,53,3,27,41,42,44,60,20,38,63,54,9,45,55,10,0,13,26,72,22,2,15,66,30,75,4,19,24,58,12,65,46,67,11,40,85,33,47,18,39,28,61,68,59,69,5,43,21,36,25,16,14,31,51,49,70,7,6,64],"type":"read_ok"}}
2024/02/25 18:59:27 Received {c64 n14 {"type":"broadcast","message":110,"msg_id":9}}
2024/02/25 18:59:27 Sent {"src":"n14","dest":"c64","body":{"in_reply_to":9,"type":"broadcast_ok"}}
2024/02/25 18:59:27 Sent {"src":"n14","dest":"n12","body":{"messages":[110],"msg_id":4,"type":"broadcast"}}
2024/02/25 18:59:27 Received {n12 n14 {"messages":[74,88,78,79,87,81,90,83,92,86,89,91,84,80,77,82,109],"msg_id":92,"type":"broadcast"}}
2024/02/25 18:59:27 Sent {"src":"n14","dest":"n12","body":{"in_reply_to":92,"type":"broadcast_ok"}}
2024/02/25 18:59:27 Received {n12 n14 {"in_reply_to":4,"type":"broadcast_ok"}}
2024/02/25 18:59:27 Received {c64 n14 {"type":"read","msg_id":10}}
2024/02/25 18:59:27 Sent {"src":"n14","dest":"c64","body":{"in_reply_to":10,"messages":[85,67,79,11,40,28,33,47,18,39,21,61,68,59,69,91,5,43,31,36,25,74,78,87,16,14,64,51,49,70,7,6,29,76,50,8,35,48,23,34,81,52,32,57,71,86,17,62,73,56,110,80,1,37,41,53,90,3,27,60,77,82,42,44,63,84,20,38,55,54,89,9,45,15,10,0,13,26,72,22,2,66,24,30,75,4,19,46,58,88,83,92,109,12,65],"type":"read_ok"}}
2024/02/25 18:59:27 Received {c64 n14 {"type":"read","msg_id":11}}
2024/02/25 18:59:27 Sent {"src":"n14","dest":"c64","body":{"in_reply_to":11,"messages":[18,39,28,33,47,69,91,5,43,21,61,68,59,78,87,16,14,31,36,25,74,7,6,64,51,49,70,8,35,29,76,50,52,32,48,23,34,81,17,62,57,71,86,1,37,73,56,110,80,3,27,41,53,90,42,44,60,77,82,20,38,63,84,9,45,55,54,89,26,72,22,2,15,10,0,13,66,4,19,24,30,75,92,109,12,65,46,58,88,83,11,40,85,67,79],"type":"read_ok"}}
2024/02/25 18:59:28 Received {n12 n14 {"messages":[106,112,100,111,101,93,104,95,107,94,105,98,102,96,108,103,97,99,122,136],"msg_id":115,"type":"broadcast"}}
2024/02/25 18:59:28 Sent {"src":"n14","dest":"n12","body":{"in_reply_to":115,"type":"broadcast_ok"}}
2024/02/25 18:59:28 Received {c64 n14 {"type":"read","msg_id":12}}
2024/02/25 18:59:28 Sent {"src":"n14","dest":"c64","body":{"in_reply_to":12,"messages":[20,38,9,54,89,97,22,15,10,0,13,72,106,99,4,19,24,75,65,88,83,92,109,85,67,18,33,21,68,91,95,16,31,36,25,74,87,6,64,51,70,8,35,29,76,32,23,34,81,17,62,107,1,37,80,3,53,108,103,63,84,45,55,2,26,66,102,122,30,136,12,46,58,100,94,11,40,79,39,28,47,105,5,43,61,59,69,101,14,78,111,93,7,49,50,112,52,48,104,57,71,86,98,73,56,110,27,41,90,96,42,44,60,77,82],"type":"read_ok"}}
2024/02/25 18:59:28 Received {n12 n14 {"messages":[126,114,133,127,117,118,132,120,134,130,116,131,125,121,135,119,123,137,115,129,113,128,124,145],"msg_id":125,"type":"broadcast"}}
2024/02/25 18:59:28 Received {c64 n14 {"type":"read","msg_id":13}}
2024/02/25 18:59:28 Sent {"src":"n14","dest":"n12","body":{"in_reply_to":125,"type":"broadcast_ok"}}
2024/02/25 18:59:28 Sent {"src":"n14","dest":"c64","body":{"in_reply_to":13,"messages":[101,127,130,5,43,61,59,69,115,14,78,111,93,133,123,137,124,7,49,118,121,135,50,112,113,52,48,104,57,71,86,98,134,73,56,110,27,41,90,96,117,42,44,60,77,82,20,38,119,9,54,89,97,72,106,99,22,15,10,0,13,120,4,19,24,75,131,129,65,88,83,92,109,85,67,145,18,33,21,68,91,95,87,16,31,36,25,74,6,64,51,70,128,8,35,29,76,32,23,34,81,17,62,107,1,37,80,3,53,108,103,63,84,116,45,55,114,2,26,66,102,122,30,136,126,132,125,12,46,58,100,94,11,40,79,39,28,47,105],"type":"read_ok"}}
2024/02/25 18:59:28 Received {c64 n14 {"type":"broadcast","message":170,"msg_id":14}}
2024/02/25 18:59:28 Sent {"src":"n14","dest":"c64","body":{"in_reply_to":14,"type":"broadcast_ok"}}
2024/02/25 18:59:28 Sent {"src":"n14","dest":"n12","body":{"messages":[170],"msg_id":5,"type":"broadcast"}}
2024/02/25 18:59:29 Received {n12 n14 {"messages":[143,140,151,158,138,149,154,142,141,152,153,147,146,148,144,155,139,150],"msg_id":152,"type":"broadcast"}}
2024/02/25 18:59:29 Sent {"src":"n14","dest":"n12","body":{"in_reply_to":152,"type":"broadcast_ok"}}
2024/02/25 18:59:29 Received {n12 n14 {"in_reply_to":5,"type":"broadcast_ok"}}
2024/02/25 18:59:29 Received {c64 n14 {"type":"broadcast","message":185,"msg_id":15}}
2024/02/25 18:59:29 Sent {"src":"n14","dest":"c64","body":{"in_reply_to":15,"type":"broadcast_ok"}}
2024/02/25 18:59:29 Sent {"src":"n14","dest":"n12","body":{"messages":[185],"msg_id":6,"type":"broadcast"}}
2024/02/25 18:59:29 Received {n12 n14 {"messages":[156,172,168,166,175,157,169,160,159,163,177,164,165,161,176,167,174,171,162,173,197],"msg_id":174,"type":"broadcast"}}
2024/02/25 18:59:29 Received {c64 n14 {"type":"broadcast","message":198,"msg_id":16}}
2024/02/25 18:59:29 Sent {"src":"n14","dest":"n12","body":{"in_reply_to":174,"type":"broadcast_ok"}}
2024/02/25 18:59:29 Sent {"src":"n14","dest":"c64","body":{"in_reply_to":16,"type":"broadcast_ok"}}
2024/02/25 18:59:29 Received {n12 n14 {"in_reply_to":6,"type":"broadcast_ok"}}
2024/02/25 18:59:29 Received {c64 n14 {"type":"broadcast","message":210,"msg_id":17}}
2024/02/25 18:59:29 Sent {"src":"n14","dest":"c64","body":{"in_reply_to":17,"type":"broadcast_ok"}}
2024/02/25 18:59:29 Sent {"src":"n14","dest":"n12","body":{"messages":[198,210],"msg_id":7,"type":"broadcast"}}
2024/02/25 18:59:30 Received {n12 n14 {"messages":[186,180,182,195,179,183,178,192,190,191,189,193,181,194,188,187,184,196,208],"msg_id":209,"type":"broadcast"}}
2024/02/25 18:59:30 Sent {"src":"n14","dest":"n12","body":{"in_reply_to":209,"type":"broadcast_ok"}}
2024/02/25 18:59:30 Received {n12 n14 {"in_reply_to":7,"type":"broadcast_ok"}}
2024/02/25 18:59:30 Received {c64 n14 {"type":"broadcast","message":225,"msg_id":18}}
2024/02/25 18:59:30 Sent {"src":"n14","dest":"c64","body":{"in_reply_to":18,"type":"broadcast_ok"}}
2024/02/25 18:59:30 Received {c64 n14 {"type":"broadcast","message":244,"msg_id":19}}
2024/02/25 18:59:30 Sent {"src":"n14","dest":"c64","body":{"in_reply_to":19,"type":"broadcast_ok"}}
2024/02/25 18:59:30 Sent {"src":"n14","dest":"n12","body":{"messages":[225,244],"msg_id":8,"type":"broadcast"}}
2024/02/25 18:59:30 Received {n12 n14 {"messages":[212,223,201,214,204,215,209,205,216,206,203,207,199,211,200,202,213,242],"msg_id":228,"type":"broadcast"}}
2024/02/25 18:59:30 Sent {"src":"n14","dest":"n12","body":{"in_reply_to":228,"type":"broadcast_ok"}}
2024/02/25 18:59:30 Received {n12 n14 {"in_reply_to":8,"type":"broadcast_ok"}}
2024/02/25 18:59:30 Received {c64 n14 {"type":"read","msg_id":20}}
2024/02/25 18:59:30 Sent {"src":"n14","dest":"c64","body":{"in_reply_to":20,"messages":[96,175,198,179,60,77,82,169,194,54,89,13,106,120,22,0,75,131,166,208,4,19,161,213,92,109,67,191,138,162,21,95,74,214,31,36,149,146,200,64,51,29,76,205,8,35,193,207,32,23,195,17,62,212,172,190,203,3,163,103,189,63,242,45,185,66,206,211,132,12,156,157,223,168,164,11,40,39,61,59,69,101,130,174,93,78,188,121,135,137,49,167,197,202,50,113,104,48,160,57,71,73,56,90,27,41,117,158,42,44,119,151,150,173,201,20,38,9,97,72,99,15,10,24,83,129,184,65,88,170,85,145,196,18,33,147,204,68,91,87,16,25,128,6,70,186,141,144,140,244,34,81,107,80,143,1,37,53,108,177,155,84,116,55,215,102,122,114,165,192,2,26,181,187,30,136,58,100,94,126,125,46,180,182,142,153,79,105,199,28,47,127,5,43,178,115,139,111,133,148,171,183,14,118,123,124,7,210,112,225,152,176,52,134,154,159,209,216,86,98,110],"type":"read_ok"}}
2024/02/25 18:59:31 Received {n12 n14 {"messages":[221,239,230,232,227,229,236,217,237,220,238,235,240,241,228,245,234,222,224,243,218,231,233,219,226],"msg_id":258,"type":"broadcast"}}
2024/02/25 18:59:31 Received {c64 n14 {"type":"broadcast","message":264,"msg_id":21}}
2024/02/25 18:59:31 Sent {"src":"n14","dest":"n12","body":{"in_reply_to":258,"type":"broadcast_ok"}}
2024/02/25 18:59:31 Sent {"src":"n14","dest":"c64","body":{"in_reply_to":21,"type":"broadcast_ok"}}
2024/02/25 18:59:31 Received {c64 n14 {"type":"broadcast","message":275,"msg_id":22}}
2024/02/25 18:59:31 Sent {"src":"n14","dest":"c64","body":{"in_reply_to":22,"type":"broadcast_ok"}}
2024/02/25 18:59:31 Sent {"src":"n14","dest":"n12","body":{"messages":[264,275],"msg_id":9,"type":"broadcast"}}
2024/02/25 18:59:31 Received {n12 n14 {"messages":[255,260,262,253,247,257,246,250,249,259,254,251,248,258,252,256],"msg_id":272,"type":"broadcast"}}
2024/02/25 18:59:31 Sent {"src":"n14","dest":"n12","body":{"in_reply_to":272,"type":"broadcast_ok"}}
2024/02/25 18:59:31 Received {n12 n14 {"in_reply_to":9,"type":"broadcast_ok"}}
2024/02/25 18:59:31 Received {c64 n14 {"type":"read","msg_id":23}}
2024/02/25 18:59:31 Sent {"src":"n14","dest":"c64","body":{"in_reply_to":23,"messages":[156,157,223,12,132,168,164,11,40,39,69,101,130,174,61,59,188,255,78,93,135,137,167,197,236,49,121,202,50,113,230,48,104,160,57,71,73,56,90,27,41,117,158,42,44,119,151,150,173,201,20,38,9,97,72,99,227,233,15,10,24,83,129,184,248,65,88,170,221,85,145,196,18,33,147,204,247,68,91,87,231,16,25,128,256,6,70,186,228,141,144,140,244,237,34,81,107,80,143,224,1,37,53,108,177,155,84,116,55,215,102,122,114,165,192,229,2,26,249,181,187,219,30,136,100,94,126,125,142,153,46,58,180,182,79,105,199,240,28,47,127,115,139,178,5,43,133,148,171,183,14,111,123,124,210,7,118,112,225,176,52,152,134,154,159,209,216,234,86,98,110,262,198,179,254,258,96,175,82,169,226,251,60,77,194,239,241,54,89,13,106,120,22,0,75,131,166,208,222,4,19,161,213,92,109,67,235,257,191,243,138,162,21,95,74,214,31,36,149,146,200,245,64,51,29,76,205,8,35,193,207,220,246,32,23,195,250,252,17,62,212,218,275,260,253,172,190,203,238,3,163,232,259,103,189,63,242,264,45,185,66,217,206,211],"type":"read_ok"}}
2024/02/25 18:59:31 Received {c64 n14 {"type":"read","msg_id":24}}
2024/02/25 18:59:31 Sent {"src":"n14","dest":"c64","body":{"in_reply_to":24,"messages":[71,160,57,56,73,41,90,27,44,117,158,42,38,119,151,150,173,201,20,97,9,10,72,99,227,233,15,24,88,83,129,184,248,65,145,170,221,85,33,196,18,91,147,204,247,68,25,87,231,16,70,128,256,6,144,186,228,141,81,140,244,237,34,107,37,80,143,224,1,108,53,177,116,155,84,215,55,26,102,122,114,165,192,229,2,249,136,181,187,219,30,58,100,94,126,125,142,153,46,182,180,79,47,105,199,240,28,43,127,115,139,178,5,111,133,148,171,183,14,118,123,124,210,7,225,112,152,176,52,98,134,154,159,209,216,234,86,262,110,175,198,179,254,258,96,77,82,169,226,251,60,239,194,89,241,54,0,13,106,120,22,19,75,131,166,208,222,4,109,161,213,92,235,67,243,257,191,95,138,162,21,36,74,214,31,51,149,146,200,245,64,35,29,76,205,8,23,193,207,220,246,32,62,195,250,252,17,190,212,218,275,260,253,172,163,203,238,3,189,232,259,103,242,63,185,264,45,66,211,217,206,132,156,157,223,12,40,168,164,11,39,59,69,101,130,174,61,93,188,255,78,121,135,137,167,197,236,49,113,202,50,104,230,48],"type":"read_ok"}}
2024/02/25 18:59:32 Received {n12 n14 {"messages":[266,271,268,278,272,273,267,270,280,276,263,261,274,269,265,277,279,289,300],"msg_id":289,"type":"broadcast"}}
2024/02/25 18:59:32 Sent {"src":"n14","dest":"n12","body":{"in_reply_to":289,"type":"broadcast_ok"}}
2024/02/25 18:59:32 Received {c64 n14 {"type":"read","msg_id":25}}
2024/02/25 18:59:32 Sent {"src":"n14","dest":"c64","body":{"in_reply_to":25,"messages":[71,160,57,56,73,41,90,273,27,44,117,158,42,38,119,151,150,173,201,20,97,9,10,72,99,227,233,269,15,24,88,83,129,184,248,65,145,170,221,85,33,196,18,91,147,204,247,261,68,25,87,231,16,70,128,256,277,6,144,186,228,141,81,140,244,237,34,271,107,37,80,143,224,1,108,53,177,116,155,84,215,278,276,55,26,102,122,114,165,192,229,2,249,136,181,187,219,30,58,100,94,126,125,142,153,46,182,180,79,47,105,199,240,28,43,127,115,139,178,5,111,133,148,171,183,14,118,123,124,210,7,225,112,152,176,266,263,52,98,134,154,159,209,216,234,86,262,110,175,198,179,254,258,265,96,77,82,169,226,251,279,60,239,194,89,241,54,0,13,106,120,22,19,75,131,166,208,222,268,4,109,161,213,92,235,67,243,257,280,191,95,138,162,274,21,36,74,214,31,51,149,146,200,245,64,35,29,76,205,267,8,23,193,207,220,246,32,62,195,250,252,289,17,190,212,218,275,260,253,172,163,203,238,3,189,232,259,103,242,63,185,264,45,66,211,217,206,132,156,157,223,272,270,12,40,168,164,11,39,59,69,101,130,174,61,93,188,255,78,121,135,137,167,197,236,300,49,113,202,50,104,230,48],"type":"read_ok"}}
2024/02/25 18:59:32 Received {n12 n14 {"messages":[302,293,291,286,296,284,295,297,283,301,290,288,299,287,298,282,281,294,285,292,314,328],"msg_id":317,"type":"broadcast"}}
2024/02/25 18:59:32 Received {c64 n14 {"type":"read","msg_id":26}}
2024/02/25 18:59:32 Sent {"src":"n14","dest":"n12","body":{"in_reply_to":317,"type":"broadcast_ok"}}
2024/02/25 18:59:32 Sent {"src":"n14","dest":"c64","body":{"in_reply_to":26,"messages":[76,205,267,8,35,29,207,220,246,32,23,193,250,252,289,17,62,195,218,275,260,253,172,190,212,238,287,3,163,203,259,282,103,189,232,63,242,291,281,45,185,264,66,301,297,206,211,217,157,223,272,270,314,12,132,156,164,11,40,168,39,101,130,174,288,61,59,69,255,78,93,188,137,167,197,236,300,49,121,135,50,113,202,48,104,230,57,71,160,73,56,273,27,41,90,158,42,44,117,151,150,173,201,302,20,38,119,286,9,97,99,227,233,269,15,10,72,24,295,129,184,248,65,88,83,221,85,145,170,18,33,196,204,247,261,283,68,91,147,231,16,25,87,256,277,290,6,70,128,228,141,144,186,244,237,34,81,140,107,271,143,224,1,37,80,53,108,294,177,284,292,84,116,155,276,55,215,278,122,114,165,192,229,2,26,102,249,187,219,30,136,181,94,126,125,142,153,46,58,100,180,182,79,328,199,240,28,47,105,115,139,178,293,5,43,127,148,171,183,299,14,111,133,124,210,7,118,123,112,225,266,263,52,152,176,154,159,209,216,234,86,98,134,110,262,179,254,258,265,96,175,198,169,226,251,279,296,60,77,82,194,239,298,54,89,241,106,120,22,0,13,131,166,208,222,268,4,19,75,213,92,109,161,67,235,280,191,243,257,162,274,285,21,95,138,214,31,36,74,146,200,245,64,51,149],"type":"read_ok"}}
2024/02/25 18:59:32 Received {c64 n14 {"type":"read","msg_id":27}}
2024/02/25 18:59:32 Sent {"src":"n14","dest":"c64","body":{"in_reply_to":27,"messages":[55,215,278,276,114,165,192,229,2,26,102,122,249,219,30,136,181,187,126,125,142,153,46,58,100,94,180,182,79,328,240,28,47,105,199,139,178,293,5,43,127,115,171,183,299,14,111,133,148,210,7,118,123,124,112,225,263,52,152,176,266,159,209,216,234,86,98,134,154,110,262,254,258,265,96,175,198,179,226,251,279,296,60,77,82,169,194,239,54,89,241,298,120,22,0,13,106,166,208,222,268,4,19,75,131,92,109,161,213,67,235,191,243,257,280,274,285,21,95,138,162,31,36,74,214,200,245,64,51,149,146,205,267,8,35,29,76,220,246,32,23,193,207,252,289,17,62,195,250,275,260,253,172,190,212,218,287,3,163,203,238,282,103,189,232,259,63,242,281,45,185,264,291,66,301,206,211,217,297,223,272,270,314,12,132,156,157,11,40,168,164,39,130,174,288,61,59,69,101,78,93,188,255,167,197,236,300,49,121,135,137,50,113,202,48,104,230,57,71,160,73,56,27,41,90,273,42,44,117,158,150,173,201,302,20,38,119,151,286,9,97,227,233,269,15,10,72,99,24,295,184,248,65,88,83,129,85,145,170,221,18,33,196,247,261,283,68,91,147,204,16,25,87,231,277,290,6,70,128,256,141,144,186,228,237,34,81,140,244,107,271,224,1,37,80,143,53,108,294,177,292,84,116,155,284],"type":"read_ok"}}
2024/02/25 18:59:33 Received {n12 n14 {"messages":[303,326,316,305,325,309,308,322,321,307,319,312,327,313,329,311,324,317,320,318,306,310,323,315,304,344],"msg_id":338,"type":"broadcast"}}
2024/02/25 18:59:33 Sent {"src":"n14","dest":"n12","body":{"in_reply_to":338,"type":"broadcast_ok"}}
2024/02/25 18:59:33 Received {c64 n14 {"type":"broadcast","message":357,"msg_id":28}}
2024/02/25 18:59:33 Sent {"src":"n14","dest":"c64","body":{"in_reply_to":28,"type":"broadcast_ok"}}
2024/02/25 18:59:33 Received {c64 n14 {"type":"broadcast","message":368,"msg_id":29}}
2024/02/25 18:59:33 Sent {"src":"n14","dest":"c64","body":{"in_reply_to":29,"type":"broadcast_ok"}}
2024/02/25 18:59:33 Sent {"src":"n14","dest":"n12","body":{"messages":[357,368],"msg_id":10,"type":"broadcast"}}
2024/02/25 18:59:33 Received {n12 n14 {"messages":[332,341,331,348,330,337,340,349,336,334,342,346,345,347,335,351,339,333,350,338,343,356],"msg_id":366,"type":"broadcast"}}
2024/02/25 18:59:33 Sent {"src":"n14","dest":"n12","body":{"in_reply_to":366,"type":"broadcast_ok"}}
2024/02/25 18:59:33 Received {n12 n14 {"in_reply_to":10,"type":"broadcast_ok"}}
2024/02/25 18:59:33 Received {c64 n14 {"type":"broadcast","message":383,"msg_id":30}}
2024/02/25 18:59:33 Sent {"src":"n14","dest":"c64","body":{"in_reply_to":30,"type":"broadcast_ok"}}
2024/02/25 18:59:33 Received {c64 n14 {"type":"broadcast","message":396,"msg_id":31}}
2024/02/25 18:59:33 Sent {"src":"n14","dest":"c64","body":{"in_reply_to":31,"type":"broadcast_ok"}}
2024/02/25 18:59:33 Sent {"src":"n14","dest":"n12","body":{"messages":[383,396],"msg_id":11,"type":"broadcast"}}
2024/02/25 18:59:34 Received {n12 n14 {"messages":[360,370,358,371,359,354,364,361,369,355,365,362,366,352,363,367,373,353,372],"msg_id":402,"type":"broadcast"}}
2024/02/25 18:59:34 Sent {"src":"n14","dest":"n12","body":{"in_reply_to":402,"type":"broadcast_ok"}}
2024/02/25 18:59:34 Received {n12 n14 {"in_reply_to":11,"type":"broadcast_ok"}}
2024/02/25 18:59:34 Received {c64 n14 {"type":"broadcast","message":406,"msg_id":32}}
2024/02/25 18:59:34 Sent {"src":"n14","dest":"c64","body":{"in_reply_to":32,"type":"broadcast_ok"}}
2024/02/25 18:59:34 Sent {"src":"n14","dest":"n12","body":{"messages":[406],"msg_id":12,"type":"broadcast"}}
2024/02/25 18:59:34 Received {n12 n14 {"messages":[387,397,376,378,389,390,379,393,377,384,374,391,375,386,381,382,395,380,394,388,385,392,424],"msg_id":413,"type":"broadcast"}}
2024/02/25 18:59:34 Received {c64 n14 {"type":"read","msg_id":33}}
2024/02/25 18:59:34 Sent {"src":"n14","dest":"n12","body":{"in_reply_to":413,"type":"broadcast_ok"}}
2024/02/25 18:59:34 Sent {"src":"n14","dest":"c64","body":{"in_reply_to":33,"messages":[57,71,160,392,73,56,362,393,27,41,90,273,359,42,44,117,158,395,20,38,119,151,150,173,201,302,286,351,338,386,382,9,97,15,10,72,99,227,233,269,391,24,295,376,65,88,83,129,184,248,308,85,145,170,221,346,383,18,33,196,360,68,91,147,204,247,261,283,16,25,87,231,365,375,6,70,128,256,277,290,141,144,186,228,325,380,34,81,140,244,237,364,107,271,352,1,37,80,143,224,324,53,108,294,341,177,357,84,116,155,284,292,55,215,278,276,2,26,102,122,114,165,192,229,249,313,350,343,30,136,181,187,219,309,311,315,356,358,369,366,46,58,100,94,126,125,142,153,180,182,323,349,79,328,28,47,105,199,240,5,43,127,115,139,178,293,327,14,111,133,148,171,183,299,385,7,118,123,124,210,387,112,225,344,374,52,152,176,266,263,86,98,134,154,159,209,216,234,303,340,363,110,262,368,96,175,198,179,254,258,265,371,355,384,60,77,82,169,226,251,279,296,194,239,310,54,89,241,298,22,0,13,106,120,320,4,19,75,131,166,208,222,268,321,304,334,361,92,109,161,213,322,67,235,316,329,345,367,406,191,243,257,280,21,95,138,162,274,285,307,379,31,36,74,214,305,337,353,64,51,149,146,200,245,318,332,396,8,35,29,76,205,267,330,32,23,193,207,220,246,319,347,394,17,62,195,250,252,289,339,388,172,190,212,218,275,260,253,306,3,163,203,238,287,103,189,232,259,282,63,242,372,45,185,264,291,281,336,66,301,317,389,381,206,211,217,297,12,132,156,157,223,272,270,314,333,11,40,168,164,397,39,312,370,354,424,61,59,69,101,130,174,288,331,348,335,390,78,93,188,255,342,49,121,135,137,167,197,236,300,373,378,50,113,202,326,377,48,104,230],"type":"read_ok"}}
2024/02/25 18:59:34 Received {n12 n14 {"in_reply_to":12,"type":"broadcast_ok"}}
2024/02/25 18:59:34 Received {c64 n14 {"type":"read","msg_id":34}}
2024/02/25 18:59:34 Sent {"src":"n14","dest":"c64","body":{"in_reply_to":34,"messages":[7,118,123,124,210,387,112,225,344,374,52,152,176,266,263,216,234,86,98,134,154,159,209,303,340,363,110,262,368,265,371,96,175,198,179,254,258,355,384,279,296,60,77,82,169,226,251,194,239,310,54,89,241,298,22,0,13,106,120,320,222,268,4,19,75,131,166,208,321,304,334,361,92,109,161,213,322,406,67,235,316,329,345,367,191,243,257,280,307,379,21,95,138,162,274,285,353,31,36,74,214,305,337,318,332,64,51,149,146,200,245,396,330,8,35,29,76,205,267,319,347,32,23,193,207,220,246,394,339,388,17,62,195,250,252,289,253,306,172,190,212,218,275,260,3,163,203,238,287,103,189,232,259,282,63,242,372,45,185,264,291,281,336,66,301,317,389,381,206,211,217,297,270,314,12,132,156,157,223,272,333,11,40,168,164,397,39,312,370,354,424,288,331,61,59,69,101,130,174,348,335,390,78,93,188,255,342,236,300,49,121,135,137,167,197,373,378,50,113,202,326,377,48,104,230,57,71,160,392,73,56,362,393,27,41,90,273,359,42,44,117,158,395,201,302,20,38,119,151,150,173,286,351,338,386,382,9,97,269,391,15,10,72,99,227,233,24,295,376,308,65,88,83,129,184,248,85,145,170,221,346,383,18,33,196,360,283,68,91,147,204,247,261,16,25,87,231,365,375,6,70,128,256,277,290,141,144,186,228,325,380,34,81,140,244,237,364,107,271,352,1,37,80,143,224,324,53,108,294,341,177,357,84,116,155,284,292,55,215,278,276,192,229,2,26,102,122,114,165,249,313,350,343,311,315,30,136,181,187,219,309,356,358,369,366,142,153,46,58,100,94,126,125,180,182,323,349,79,328,28,47,105,199,240,293,327,5,43,127,115,139,178,299,385,14,111,133,148,171,183],"type":"read_ok"}}
2024/02/25 18:59:35 Received {n12 n14 {"messages":[398,414,409,411,404,421,412,419,401,403,420,399,415,416,402,410,405,425,423,422,407,400,418,413,417,408],"msg_id":437,"type":"broadcast"}}
2024/02/25 18:59:35 Received {c64 n14 {"type":"broadcast","message":453,"msg_id":35}}
2024/02/25 18:59:35 Sent {"src":"n14","dest":"n12","body":{"in_reply_to":437,"type":"broadcast_ok"}}
2024/02/25 18:59:35 Sent {"src":"n14","dest":"c64","body":{"in_reply_to":35,"type":"broadcast_ok"}}
2024/02/25 18:59:35 Received {c64 n14 {"type":"broadcast","message":464,"msg_id":36}}
2024/02/25 18:59:35 Sent {"src":"n14","dest":"c64","body":{"in_reply_to":36,"type":"broadcast_ok"}}
2024/02/25 18:59:35 Sent {"src":"n14","dest":"n12","body":{"messages":[453,464],"msg_id":13,"type":"broadcast"}}
2024/02/25 18:59:35 Received {n12 n14 {"messages":[445,452,440,436,427,442,433,430,437,438,431,446,429,444,426,441,432,447,428,443,439,434,435,462],"msg_id":460,"type":"broadcast"}}
2024/02/25 18:59:35 Sent {"src":"n14","dest":"n12","body":{"in_reply_to":460,"type":"broadcast_ok"}}
2024/02/25 18:59:35 Received {n12 n14 {"in_reply_to":13,"type":"broadcast_ok"}}
2024/02/25 18:59:35 Received {c64 n14 {"type":"broadcast","message":481,"msg_id":37}}
2024/02/25 18:59:35 Sent {"src":"n14","dest":"c64","body":{"in_reply_to":37,"type":"broadcast_ok"}}
2024/02/25 18:59:35 Received {c64 n14 {"type":"read","msg_id":38}}
2024/02/25 18:59:35 Sent {"src":"n14","dest":"c64","body":{"in_reply_to":38,"messages":[210,387,404,416,7,118,124,374,413,428,405,447,52,152,263,398,441,134,216,234,340,262,368,254,371,96,198,179,409,226,251,279,82,239,310,54,241,0,13,120,422,304,334,166,208,222,268,109,322,433,67,345,243,257,138,285,307,481,462,31,36,337,353,396,64,146,318,332,35,440,23,193,246,319,17,195,306,429,172,190,212,253,415,3,203,238,287,103,282,438,242,45,185,291,66,301,381,453,206,217,314,12,132,156,270,40,397,424,417,61,130,78,93,188,255,49,135,197,378,113,326,377,421,48,104,230,71,362,393,434,41,90,273,359,42,44,420,201,351,338,386,20,119,150,173,382,410,391,15,99,227,269,376,83,129,308,85,145,221,346,18,68,91,204,261,365,375,419,16,25,87,231,70,256,277,144,186,228,81,237,364,352,37,80,53,341,400,432,116,155,55,278,425,313,343,436,26,114,165,249,315,358,445,30,187,219,311,126,46,100,182,323,79,240,199,427,43,139,293,327,123,112,225,344,176,266,439,435,209,303,363,403,86,98,154,159,110,258,265,175,355,384,401,296,60,77,169,194,89,298,22,106,320,321,361,408,4,19,75,131,92,161,213,406,414,235,316,329,367,191,280,379,21,95,162,274,437,74,214,305,452,399,51,149,200,245,267,330,8,29,76,205,394,444,32,207,220,347,339,388,442,62,250,252,289,218,275,260,418,163,411,189,232,259,63,372,264,281,336,317,389,426,211,297,407,157,223,272,333,11,168,164,39,312,370,354,288,331,348,335,59,69,101,174,390,412,342,430,443,300,373,464,121,137,167,236,50,202,57,160,392,73,56,27,117,158,395,38,151,302,286,9,97,10,72,233,24,295,65,88,184,248,170,383,423,446,33,196,360,147,247,283,6,128,290,141,325,380,34,140,244,107,271,224,324,1,143,108,294,177,357,84,284,292,431,215,276,229,350,2,102,122,192,369,366,136,181,309,356,125,142,153,58,94,180,349,328,28,47,105,5,127,115,178,171,183,299,385,14,111,133,148,402],"type":"read_ok"}}
2024/02/25 18:59:35 Sent {"src":"n14","dest":"n12","body":{"messages":[481],"msg_id":14,"type":"broadcast"}}
2024/02/25 18:59:36 Received {n12 n14 {"messages":[456,468,466,469,450,457,458,449,460,451,454,461,459,463,455,467,465,448,470],"msg_id":484,"type":"broadcast"}}
2024/02/25 18:59:36 Sent {"src":"n14","dest":"n12","body":{"in_reply_to":484,"type":"broadcast_ok"}}
2024/02/25 18:59:36 Received {c64 n14 {"type":"read","msg_id":39}}
2024/02/25 18:59:36 Sent {"src":"n14","dest":"c64","body":{"in_reply_to":39,"messages":[418,218,275,260,163,411,189,232,259,63,372,264,281,336,317,389,426,211,297,407,333,467,157,223,272,11,168,164,354,39,312,370,174,288,331,348,335,59,69,101,390,412,342,430,443,236,300,373,464,465,121,137,167,50,202,449,450,57,160,392,73,56,27,459,117,158,395,286,38,151,302,9,97,10,72,233,24,295,248,65,88,184,446,170,383,423,33,196,360,147,247,283,6,128,290,141,325,380,34,140,244,107,271,324,1,143,224,108,294,461,177,357,431,84,284,292,215,276,192,229,350,2,102,122,356,369,366,136,181,309,142,153,180,349,58,94,125,328,28,47,105,178,5,127,115,148,171,183,299,385,14,111,133,402,210,387,404,416,7,118,124,374,413,428,398,405,447,52,152,263,340,441,134,216,234,262,368,254,371,409,470,96,198,179,279,82,226,251,239,310,54,241,422,0,13,120,268,304,334,166,208,222,109,322,433,67,345,243,257,455,481,138,285,307,353,462,31,36,337,332,396,64,146,318,35,440,319,23,193,246,17,195,253,306,429,172,190,212,287,415,3,203,238,103,282,438,242,466,45,185,291,453,66,301,381,206,217,270,314,12,132,156,40,397,456,424,417,61,130,255,78,93,188,378,49,135,197,421,113,326,377,460,48,104,230,71,451,362,393,359,434,41,90,273,42,44,420,173,201,351,338,386,20,119,150,382,410,269,391,15,99,227,376,454,83,129,308,346,85,145,221,18,261,68,91,204,231,365,375,419,16,25,87,70,256,277,144,186,228,469,81,237,364,352,37,80,432,53,341,400,116,155,55,278,425,249,313,343,436,26,114,165,311,315,358,445,30,187,219,182,323,468,46,100,126,79,199,240,327,427,463,43,139,293,458,123,112,225,344,435,176,266,439,159,209,303,363,403,86,98,154,110,355,384,401,448,175,258,265,296,60,77,169,194,89,298,22,106,320,131,321,361,408,4,19,75,92,161,213,367,406,414,235,316,329,191,280,274,379,21,95,162,452,437,74,214,305,245,399,51,149,200,205,267,330,457,8,29,76,347,394,444,32,207,220,289,339,388,442,62,250,252],"type":"read_ok"}}
2024/02/25 18:59:36 Received {n12 n14 {"in_reply_to":14,"type":"broadcast_ok"}}
2024/02/25 18:59:36 Received {c64 n14 {"type":"read","msg_id":40}}
2024/02/25 18:59:36 Sent {"src":"n14","dest":"c64","body":{"in_reply_to":40,"messages":[117,158,395,459,38,151,302,286,9,97,10,72,233,24,295,65,88,184,248,170,383,423,446,33,196,360,147,247,283,6,128,290,141,325,380,34,140,244,107,271,1,143,224,324,108,294,461,177,357,84,284,292,431,215,276,2,102,122,192,229,350,136,181,309,356,369,366,58,94,125,142,153,180,349,328,28,47,105,5,127,115,178,385,14,111,133,148,171,183,299,402,7,118,124,210,387,404,416,374,413,428,52,152,263,398,405,447,134,216,234,340,441,262,368,96,198,179,254,371,409,470,82,226,251,279,239,310,54,241,0,13,120,422,166,208,222,268,304,334,109,322,433,67,345,243,257,455,138,285,307,481,31,36,337,353,462,64,146,318,332,396,35,440,23,193,246,319,17,195,172,190,212,253,306,429,3,203,238,287,415,103,282,438,242,45,185,291,466,66,301,381,453,206,217,12,132,156,270,314,40,397,456,424,417,61,130,78,93,188,255,49,135,197,378,113,326,377,421,48,104,230,460,71,451,362,393,41,90,273,359,434,42,44,420,386,20,119,150,173,201,351,338,382,410,15,99,227,269,391,376,454,83,129,308,85,145,221,346,18,68,91,204,261,16,25,87,231,365,375,419,70,256,277,144,186,228,81,237,364,469,352,37,80,53,341,400,432,116,155,55,278,425,26,114,165,249,313,343,436,30,187,219,311,315,358,445,46,100,126,182,323,468,79,199,240,43,139,293,327,427,463,458,123,112,225,344,176,266,439,435,403,86,98,154,159,209,303,363,110,175,258,265,355,384,401,448,60,77,169,296,194,89,298,22,106,320,4,19,75,131,321,361,408,92,161,213,235,316,329,367,406,414,191,280,21,95,162,274,379,74,214,305,452,437,51,149,200,245,399,8,29,76,205,267,330,457,32,207,220,347,394,444,62,250,252,289,339,388,442,218,275,260,418,163,411,189,232,259,63,372,264,281,336,317,389,426,211,297,407,157,223,272,333,467,11,168,164,39,312,370,354,335,59,69,101,174,288,331,348,390,412,342,430,443,465,121,137,167,236,300,373,464,50,202,449,57,160,392,450,73,56,27],"type":"read_ok"}}
2024/02/25 18:59:36 Received {n12 n14 {"messages":[483,496,507,477,490,482,494,473,487,501,486,476,489,471,498,499,493,478,491,475,488,480,492,472,485,500,484,479,495,497,474,519],"msg_id":518,"type":"broadcast"}}
2024/02/25 18:59:36 Sent {"src":"n14","dest":"n12","body":{"in_reply_to":518,"type":"broadcast_ok"}}
2024/02/25 18:59:36 Received {c64 n14 {"type":"read","msg_id":41}}
2024/02/25 18:59:36 Sent {"src":"n14","dest":"c64","body":{"in_reply_to":41,"messages":[380,141,325,244,487,34,140,107,271,224,324,1,143,461,108,294,488,177,357,292,431,84,284,215,276,122,192,229,350,2,102,309,356,369,366,136,181,125,142,153,180,349,58,94,328,105,28,47,115,178,5,127,133,148,171,183,299,385,14,111,402,124,210,387,404,416,7,118,428,374,413,263,398,405,447,52,152,234,340,441,492,134,216,262,368,179,254,371,409,470,96,198,251,279,82,226,239,310,498,54,241,120,422,0,13,222,268,304,334,166,208,433,109,322,67,345,455,495,243,257,307,481,138,285,337,353,462,507,490,31,36,318,332,396,64,146,35,440,246,319,23,193,478,17,195,212,253,306,429,501,485,172,190,238,287,415,3,203,438,103,282,242,291,466,519,45,185,381,453,66,301,206,217,156,270,314,472,484,12,132,456,40,397,424,417,61,130,188,255,78,93,197,378,49,135,377,421,477,113,326,230,460,48,104,71,451,362,393,273,359,434,41,90,420,42,44,150,173,201,351,338,386,20,119,382,410,227,269,391,15,99,479,376,454,308,83,129,221,346,85,145,18,204,261,68,91,87,231,365,375,419,16,25,277,70,256,228,144,186,364,469,81,237,352,37,80,400,432,53,341,116,155,425,55,278,165,249,313,343,436,26,114,219,311,315,358,445,474,30,187,126,182,323,468,473,46,100,79,199,240,293,327,427,463,43,139,458,123,344,499,112,225,439,435,176,266,154,159,209,303,363,403,86,98,110,265,355,384,401,448,483,175,258,491,169,296,494,60,77,194,89,298,320,471,22,106,75,131,321,361,408,475,4,19,213,92,161,329,367,406,414,235,316,191,280,162,274,379,21,95,305,452,437,74,214,200,245,399,51,149,76,205,267,330,457,8,29,220,347,394,444,32,207,252,289,339,388,442,62,250,260,418,480,218,275,163,411,259,189,232,500,63,372,336,482,497,264,281,426,317,389,407,211,297,272,333,467,157,223,164,11,168,370,354,39,312,101,174,288,331,348,335,59,69,390,412,443,342,430,167,236,300,373,464,465,121,137,50,202,449,392,450,57,160,73,56,27,496,395,459,486,117,158,302,286,38,151,9,97,233,10,72,24,295,184,248,493,65,88,423,446,489,170,383,360,33,196,283,476,147,247,290,6,128],"type":"read_ok"}}
2024/02/25 18:59:36 Received {c64 n14 {"type":"read","msg_id":42}}
2024/02/25 18:59:36 Sent {"src":"n14","dest":"c64","body":{"in_reply_to":42,"messages":[233,10,72,24,295,184,248,493,65,88,423,446,489,170,383,360,33,196,283,476,147,247,290,6,128,380,141,325,244,487,34,140,107,271,224,324,1,143,461,108,294,488,177,357,292,431,84,284,215,276,122,192,229,350,2,102,309,356,369,366,136,181,125,142,153,180,349,58,94,328,105,28,47,115,178,5,127,133,148,171,183,299,385,14,111,402,124,210,387,404,416,7,118,428,374,413,263,398,405,447,52,152,234,340,441,492,134,216,262,368,179,254,371,409,470,96,198,251,279,82,226,239,310,498,54,241,120,422,0,13,222,268,304,334,166,208,433,109,322,67,345,455,495,243,257,307,481,138,285,337,353,462,507,490,31,36,318,332,396,64,146,35,440,246,319,23,193,478,17,195,212,253,306,429,501,485,172,190,238,287,415,3,203,438,103,282,242,291,466,519,45,185,381,453,66,301,206,217,156,270,314,472,484,12,132,456,40,397,424,417,61,130,188,255,78,93,197,378,49,135,377,421,477,113,326,230,460,48,104,71,451,362,393,273,359,434,41,90,420,42,44,150,173,201,351,338,386,20,119,382,410,227,269,391,15,99,479,376,454,308,83,129,221,346,85,145,18,204,261,68,91,87,231,365,375,419,16,25,277,70,256,228,144,186,364,469,81,237,352,37,80,400,432,53,341,116,155,425,55,278,165,249,313,343,436,26,114,219,311,315,358,445,474,30,187,126,182,323,468,473,46,100,79,199,240,293,327,427,463,43,139,458,123,344,499,112,225,439,435,176,266,154,159,209,303,363,403,86,98,110,265,355,384,401,448,483,175,258,491,169,296,494,60,77,194,89,298,320,471,22,106,75,131,321,361,408,475,4,19,213,92,161,329,367,406,414,235,316,191,280,162,274,379,21,95,305,452,437,74,214,200,245,399,51,149,76,205,267,330,457,8,29,220,347,394,444,32,207,252,289,339,388,442,62,250,260,418,480,218,275,163,411,259,189,232,500,63,372,336,482,497,264,281,426,317,389,407,211,297,272,333,467,157,223,164,11,168,370,354,39,312,101,174,288,331,348,335,59,69,390,412,443,342,430,167,236,300,373,464,465,121,137,50,202,449,392,450,57,160,73,56,27,496,395,459,486,117,158,302,286,38,151,9,97],"type":"read_ok"}}
2024/02/25 18:59:37 Received {n12 n14 {"messages":[522,512,524,514,503,516,533,526,505,517,508,502,527,520,510,523,504,511,506,518,525,513,515,509,521],"msg_id":546,"type":"broadcast"}}
2024/02/25 18:59:37 Sent {"src":"n14","dest":"n12","body":{"in_reply_to":546,"type":"broadcast_ok"}}
2024/02/25 18:59:37 Received {c64 n14 {"type":"read","msg_id":43}}
2024/02/25 18:59:37 Sent {"src":"n14","dest":"c64","body":{"in_reply_to":43,"messages":[142,153,180,349,58,94,125,328,28,47,105,178,5,127,115,148,171,183,299,385,14,111,133,402,210,387,404,416,7,118,124,374,413,428,398,405,447,52,152,263,340,441,492,134,216,234,262,368,254,371,409,470,96,198,179,279,82,226,251,239,310,54,241,498,422,0,13,120,268,304,334,518,166,208,222,520,109,322,433,67,345,495,243,257,455,481,138,285,307,353,462,507,490,31,36,337,332,396,522,64,146,318,35,440,319,23,193,246,17,195,478,253,306,429,501,485,172,190,212,287,415,3,203,238,524,103,282,438,242,466,519,45,185,291,453,66,301,381,206,217,270,314,472,484,505,12,132,156,40,397,456,424,417,61,130,255,514,78,93,188,378,49,135,197,421,477,113,326,377,460,48,104,230,71,451,362,393,359,434,41,90,273,515,42,44,420,173,201,351,338,386,20,119,150,382,506,410,269,391,15,99,227,502,376,454,479,83,129,308,346,85,145,221,18,516,261,68,91,204,231,365,375,419,16,25,87,70,256,277,503,144,186,228,469,81,237,364,352,37,80,432,53,341,400,116,155,55,278,425,249,313,343,436,26,114,165,311,315,358,445,474,30,187,219,182,323,468,473,46,100,126,79,199,240,327,427,463,43,139,293,458,123,499,112,225,344,435,176,266,439,159,209,303,363,403,86,98,154,110,355,384,401,448,483,175,258,265,491,511,296,494,509,60,77,169,194,89,298,508,471,22,106,320,131,321,361,408,475,4,19,75,510,92,161,213,367,406,414,235,316,329,191,280,274,379,533,21,95,162,452,437,74,214,305,245,399,51,149,200,205,267,330,457,8,29,76,347,394,444,32,207,220,289,339,388,442,527,62,250,252,418,480,218,275,260,163,411,189,232,259,63,372,500,482,497,525,264,281,336,317,389,426,211,297,407,333,467,157,223,272,11,168,164,354,39,312,370,174,288,331,348,335,59,69,101,390,412,342,430,443,236,300,373,464,465,121,137,167,50,202,513,449,450,57,160,392,73,56,517,27,496,526,459,486,117,158,395,286,38,151,302,9,97,10,72,233,24,295,248,493,65,88,184,446,489,512,170,383,423,33,196,360,476,147,247,283,6,128,290,141,325,380,487,34,140,244,107,271,324,1,143,224,504,521,108,294,461,523,177,357,488,431,84,284,292,215,276,192,229,350,2,102,122,356,369,366,136,181,309],"type":"read_ok"}}
2024/02/25 18:59:37 Received {c64 n14 {"type":"read","msg_id":44}}
2024/02/25 18:59:37 Sent {"src":"n14","dest":"c64","body":{"in_reply_to":44,"messages":[499,112,225,344,435,176,266,439,159,209,303,363,403,86,98,154,110,355,384,401,448,483,175,258,265,491,511,296,494,509,60,77,169,194,89,298,508,471,22,106,320,131,321,361,408,475,4,19,75,510,92,161,213,367,406,414,235,316,329,191,280,274,379,533,21,95,162,452,437,74,214,305,245,399,51,149,200,205,267,330,457,8,29,76,347,394,444,32,207,220,289,339,388,442,527,62,250,252,418,480,218,275,260,163,411,189,232,259,63,372,500,482,497,525,264,281,336,317,389,426,211,297,407,333,467,157,223,272,11,168,164,354,39,312,370,174,288,331,348,335,59,69,101,390,412,342,430,443,236,300,373,464,465,121,137,167,50,202,513,449,450,57,160,392,73,56,517,27,496,526,459,486,117,158,395,286,38,151,302,9,97,10,72,233,24,295,248,493,65,88,184,446,489,512,170,383,423,33,196,360,476,147,247,283,6,128,290,141,325,380,487,34,140,244,107,271,324,1,143,224,504,521,108,294,461,523,177,357,488,431,84,284,292,215,276,192,229,350,2,102,122,356,369,366,136,181,309,142,153,180,349,58,94,125,328,28,47,105,178,5,127,115,148,171,183,299,385,14,111,133,402,210,387,404,416,7,118,124,374,413,428,398,405,447,52,152,263,340,441,492,134,216,234,262,368,254,371,409,470,96,198,179,279,82,226,251,239,310,54,241,498,422,0,13,120,268,304,334,518,166,208,222,520,109,322,433,67,345,495,243,257,455,481,138,285,307,353,462,507,490,31,36,337,332,396,522,64,146,318,35,440,319,23,193,246,17,195,478,253,306,429,501,485,172,190,212,287,415,3,203,238,524,103,282,438,242,466,519,45,185,291,453,66,301,381,206,217,270,314,472,484,505,12,132,156,40,397,456,424,417,61,130,255,514,78,93,188,378,49,135,197,421,477,113,326,377,460,48,104,230,71,451,362,393,359,434,41,90,273,515,42,44,420,173,201,351,338,386,20,119,150,382,506,410,269,391,15,99,227,502,376,454,479,83,129,308,346,85,145,221,18,516,261,68,91,204,231,365,375,419,16,25,87,70,256,277,503,144,186,228,469,81,237,364,352,37,80,432,53,341,400,116,155,55,278,425,249,313,343,436,26,114,165,311,315,358,445,474,30,187,219,182,323,468,473,46,100,126,79,199,240,327,427,463,43,139,293,458,123],"type":"read_ok"}}
2024/02/25 18:59:37 Received {n12 n14 {"messages":[550,536,540,530,537,551,528,545,542,534,539,531,548,538,544,543,535,529,546,532,549,547,541,562,573],"msg_id":571,"type":"broadcast"}}
2024/02/25 18:59:37 Sent {"src":"n14","dest":"n12","body":{"in_reply_to":571,"type":"broadcast_ok"}}
2024/02/25 18:59:37 Received {c64 n14 {"type":"read","msg_id":45}}
2024/02/25 18:59:37 Sent {"src":"n14","dest":"c64","body":{"in_reply_to":45,"messages":[410,15,99,227,269,391,376,454,479,502,83,129,308,550,85,145,221,346,18,516,68,91,204,261,419,16,25,87,231,365,375,70,256,277,144,186,228,503,81,237,364,469,352,37,80,53,341,400,432,116,155,55,278,425,436,26,114,165,249,313,343,445,474,30,187,219,311,315,358,544,473,46,100,126,182,323,468,79,573,199,240,43,139,293,327,427,463,458,123,112,225,344,499,542,547,176,266,439,435,363,403,86,98,154,159,209,303,110,448,483,175,258,265,355,384,401,491,511,538,541,60,77,169,296,494,509,194,89,298,508,22,106,320,471,408,475,4,19,75,131,321,361,551,92,161,213,510,235,316,329,367,406,414,191,280,21,95,162,274,379,533,74,214,305,452,437,528,51,149,200,245,399,529,457,8,29,76,205,267,330,32,207,220,347,394,444,442,527,62,250,252,289,339,388,218,275,260,418,480,163,411,562,189,232,259,63,372,500,264,281,336,482,497,525,317,389,426,211,297,407,157,223,272,333,467,539,11,168,164,39,312,370,354,348,335,59,69,101,174,288,331,390,412,342,430,443,464,465,121,137,167,236,300,373,50,202,513,449,57,160,392,450,73,56,27,496,526,517,117,158,395,459,486,38,151,302,286,535,9,97,10,72,233,24,295,65,88,184,248,493,546,170,383,423,446,489,512,33,196,360,147,247,283,476,545,6,128,290,141,325,380,34,140,244,487,107,271,1,143,224,324,108,294,461,504,521,532,177,357,488,523,84,284,292,431,215,276,531,2,102,122,192,229,350,136,181,309,356,369,366,349,58,94,125,142,153,180,328,28,47,105,5,127,115,178,299,385,14,111,133,148,171,183,402,549,416,7,118,124,210,387,404,374,413,428,52,152,263,398,405,447,134,216,234,340,441,492,262,368,470,96,198,179,254,371,409,82,226,251,279,239,310,54,241,498,0,13,120,422,518,166,208,222,268,304,334,109,322,433,520,67,345,243,257,455,495,138,285,307,481,490,31,36,337,353,462,507,64,146,318,332,396,522,35,440,530,23,193,246,319,17,195,478,534,501,485,172,190,212,253,306,429,3,203,238,287,415,103,282,438,524,548,242,537,45,185,291,466,519,540,66,301,381,453,206,217,484,505,12,132,156,270,314,472,40,397,456,424,417,543,61,130,78,93,188,255,514,536,49,135,197,378,113,326,377,421,477,48,104,230,460,71,451,362,393,41,90,273,359,434,42,44,420,515,338,386,20,119,150,173,201,351,382,506],"type":"read_ok"}}
2024/02/25 18:59:37 Received {c64 n14 {"type":"read","msg_id":46}}
2024/02/25 18:59:37 Sent {"src":"n14","dest":"c64","body":{"in_reply_to":46,"messages":[206,217,505,12,132,156,270,314,472,484,40,397,456,424,417,543,61,130,78,93,188,255,514,536,49,135,197,378,113,326,377,421,477,48,104,230,460,71,451,362,393,41,90,273,359,434,42,44,420,515,386,20,119,150,173,201,351,338,382,506,410,15,99,227,269,391,376,454,479,502,83,129,308,550,85,145,221,346,18,516,68,91,204,261,16,25,87,231,365,375,419,70,256,277,144,186,228,503,81,237,364,469,352,37,80,53,341,400,432,116,155,55,278,425,26,114,165,249,313,343,436,474,30,187,219,311,315,358,445,544,46,100,126,182,323,468,473,79,573,199,240,43,139,293,327,427,463,458,123,112,225,344,499,542,547,176,266,439,435,403,86,98,154,159,209,303,363,110,483,175,258,265,355,384,401,448,491,511,538,60,77,169,296,494,509,541,194,89,298,508,22,106,320,471,475,4,19,75,131,321,361,408,551,92,161,213,510,235,316,329,367,406,414,191,280,21,95,162,274,379,533,74,214,305,452,437,528,51,149,200,245,399,529,8,29,76,205,267,330,457,32,207,220,347,394,444,527,62,250,252,289,339,388,442,218,275,260,418,480,163,411,562,189,232,259,63,372,500,264,281,336,482,497,525,317,389,426,211,297,407,157,223,272,333,467,539,11,168,164,39,312,370,354,335,59,69,101,174,288,331,348,390,412,342,430,443,465,121,137,167,236,300,373,464,50,202,513,449,57,160,392,450,73,56,27,496,526,517,117,158,395,459,486,38,151,302,286,535,9,97,10,72,233,24,295,65,88,184,248,493,170,383,423,446,489,512,546,33,196,360,147,247,283,476,545,6,128,290,141,325,380,34,140,244,487,107,271,1,143,224,324,108,294,461,504,521,532,177,357,488,523,84,284,292,431,215,276,2,102,122,192,229,350,531,136,181,309,356,369,366,58,94,125,142,153,180,349,328,28,47,105,5,127,115,178,385,14,111,133,148,171,183,299,402,549,7,118,124,210,387,404,416,374,413,428,52,152,263,398,405,447,134,216,234,340,441,492,262,368,96,198,179,254,371,409,470,82,226,251,279,239,310,54,241,498,0,13,120,422,166,208,222,268,304,334,518,109,322,433,520,67,345,243,257,455,495,138,285,307,481,31,36,337,353,462,507,490,64,146,318,332,396,522,35,440,530,23,193,246,319,17,195,478,534,485,172,190,212,253,306,429,501,3,203,238,287,415,103,282,438,524,548,242,45,185,291,466,519,540,537,66,301,381,453],"type":"read_ok"}}
2024/02/25 18:59:38 Received {n12 n14 {"messages":[564,556,555,559,560,558,571,553,569,552,568,567,566,561,554,565,574,557,570,572,563],"msg_id":600,"type":"broadcast"}}
2024/02/25 18:59:38 Sent {"src":"n14","dest":"n12","body":{"in_reply_to":600,"type":"broadcast_ok"}}
2024/02/25 18:59:38 Received {c64 n14 {"type":"broadcast","message":611,"msg_id":47}}
2024/02/25 18:59:38 Sent {"src":"n14","dest":"c64","body":{"in_reply_to":47,"type":"broadcast_ok"}}
2024/02/25 18:59:38 Sent {"src":"n14","dest":"n12","body":{"messages":[611],"msg_id":15,"type":"broadcast"}}
2024/02/25 18:59:38 Received {n12 n14 {"messages":[587,600,578,575,588,584,582,595,583,581,594,598,592,597,577,586,591,585,599,579,590,580,593,596,576,589,610],"msg_id":601,"type":"broadcast"}}
2024/02/25 18:59:38 Sent {"src":"n14","dest":"n12","body":{"in_reply_to":601,"type":"broadcast_ok"}}
2024/02/25 18:59:38 Received {n12 n14 {"in_reply_to":15,"type":"broadcast_ok"}}
2024/02/25 18:59:38 Received {c64 n14 {"type":"broadcast","message":626,"msg_id":48}}
2024/02/25 18:59:38 Sent {"src":"n14","dest":"c64","body":{"in_reply_to":48,"type":"broadcast_ok"}}
2024/02/25 18:59:38 Received {c64 n14 {"type":"broadcast","message":640,"msg_id":49}}
2024/02/25 18:59:38 Sent {"src":"n14","dest":"c64","body":{"in_reply_to":49,"type":"broadcast_ok"}}
2024/02/25 18:59:38 Sent {"src":"n14","dest":"n12","body":{"messages":[626,640],"msg_id":16,"type":"broadcast"}}
2024/02/25 18:59:39 Received {n12 n14 {"messages":[602,614,615,624,618,607,619,601,613,606,609,617,605,612,604,616,603,608,638],"msg_id":641,"type":"broadcast"}}
2024/02/25 18:59:39 Sent {"src":"n14","dest":"n12","body":{"in_reply_to":641,"type":"broadcast_ok"}}
2024/02/25 18:59:39 Received {n12 n14 {"in_reply_to":16,"type":"broadcast_ok"}}
2024/02/25 18:59:39 Received {c64 n14 {"type":"read","msg_id":50}}
2024/02/25 18:59:39 Sent {"src":"n14","dest":"c64","body":{"in_reply_to":50,"messages":[241,498,54,13,120,422,564,0,208,222,268,304,334,518,166,322,433,520,109,345,67,257,455,495,243,285,307,481,588,138,36,337,353,462,507,490,31,146,318,332,396,522,64,440,530,35,193,246,319,23,195,478,534,17,190,212,253,306,429,501,485,172,585,203,238,287,415,560,604,3,282,438,524,548,103,242,185,291,466,519,540,537,611,45,301,381,453,615,66,217,206,132,156,270,314,472,484,505,12,397,456,40,417,543,424,130,557,61,93,188,255,514,536,584,608,78,135,197,378,618,49,326,377,421,477,113,104,230,460,48,451,602,71,393,563,362,90,273,359,434,41,44,420,515,572,42,119,150,173,201,351,338,386,20,506,587,382,589,410,99,227,269,391,15,454,479,502,376,129,308,550,83,145,221,346,85,516,18,91,204,261,68,25,87,231,365,375,419,16,256,277,70,186,228,503,144,237,364,469,574,81,600,352,80,37,341,400,432,582,53,155,116,278,425,55,114,165,249,313,343,436,26,187,219,311,315,358,445,474,30,614,544,100,126,182,323,468,473,46,573,607,79,240,638,199,139,293,327,427,463,556,599,43,458,596,603,123,225,344,499,542,547,112,266,439,435,176,98,154,159,209,303,363,403,86,591,555,110,258,265,355,384,401,448,483,175,511,538,491,77,169,296,494,509,541,60,640,194,298,508,89,106,320,471,580,22,19,75,131,321,361,408,475,4,605,551,161,213,510,92,316,329,367,406,414,554,235,280,191,95,162,274,379,533,21,214,305,452,437,528,578,74,149,200,245,399,529,567,51,29,76,205,267,330,457,8,207,220,347,394,444,558,32,250,252,289,339,388,442,527,62,275,260,418,480,218,411,562,163,232,259,189,372,500,571,565,570,609,63,281,336,482,497,525,264,389,426,317,297,407,211,223,272,333,467,539,157,168,164,592,11,312,370,354,39,69,101,174,288,331,348,335,59,412,612,390,430,443,594,342,137,167,236,300,373,464,465,121,598,202,513,616,50,449,160,392,450,553,617,57,56,73,496,526,517,559,27,158,395,459,486,117,151,302,286,535,552,38,97,9,72,233,566,581,610,10,295,561,613,606,24,88,184,248,493,65,383,423,446,489,512,546,170,196,360,33,247,283,476,147,545,128,290,6,325,380,141,140,244,487,34,271,107,143,224,324,579,601,1,294,461,504,521,532,583,590,108,357,488,523,177,284,292,431,577,84,276,215,102,122,192,229,350,531,2,181,309,356,369,366,575,136,94,125,142,153,180,349,624,58,569,328,47,105,597,28,127,115,178,586,5,111,133,148,171,183,299,385,14,549,402,118,124,210,387,404,416,576,7,619,413,428,626,374,152,263,398,405,447,52,216,234,340,441,492,134,368,568,595,593,262,198,179,254,371,409,470,96,226,251,279,82,310,239],"type":"read_ok"}}
2024/02/25 18:59:39 Received {n12 n14 {"messages":[629,644,642,636,620,622,637,627,641,623,631,625,639,630,633,634,621,632,628,643,635,668],"msg_id":667,"type":"broadcast"}}
2024/02/25 18:59:39 Received {c64 n14 {"type":"broadcast","message":670,"msg_id":51}}
2024/02/25 18:59:39 Sent {"src":"n14","dest":"n12","body":{"in_reply_to":667,"type":"broadcast_ok"}}
2024/02/25 18:59:39 Sent {"src":"n14","dest":"c64","body":{"in_reply_to":51,"type":"broadcast_ok"}}
2024/02/25 18:59:39 Received {c64 n14 {"type":"broadcast","message":681,"msg_id":52}}
2024/02/25 18:59:39 Sent {"src":"n14","dest":"c64","body":{"in_reply_to":52,"type":"broadcast_ok"}}
2024/02/25 18:59:39 Sent {"src":"n14","dest":"n12","body":{"messages":[670,681],"msg_id":17,"type":"broadcast"}}
2024/02/25 18:59:40 Received {n12 n14 {"messages":[652,664,656,648,661,660,655,667,646,659,653,665,654,666,647,645,658,651,663,649,650,662,657],"msg_id":681,"type":"broadcast"}}
2024/02/25 18:59:40 Sent {"src":"n14","dest":"n12","body":{"in_reply_to":681,"type":"broadcast_ok"}}
2024/02/25 18:59:40 Received {n12 n14 {"in_reply_to":17,"type":"broadcast_ok"}}
2024/02/25 18:59:40 Received {c64 n14 {"type":"broadcast","message":695,"msg_id":53}}
2024/02/25 18:59:40 Sent {"src":"n14","dest":"c64","body":{"in_reply_to":53,"type":"broadcast_ok"}}
2024/02/25 18:59:40 Received {c64 n14 {"type":"broadcast","message":707,"msg_id":54}}
2024/02/25 18:59:40 Sent {"src":"n14","dest":"c64","body":{"in_reply_to":54,"type":"broadcast_ok"}}
2024/02/25 18:59:40 Sent {"src":"n14","dest":"n12","body":{"messages":[695,707],"msg_id":18,"type":"broadcast"}}
2024/02/25 18:59:40 Received {n12 n14 {"messages":[675,679,685,684,673,671,682,669,680,676,687,688,672,683,689,674,677,678,686,706],"msg_id":705,"type":"broadcast"}}
2024/02/25 18:59:40 Sent {"src":"n14","dest":"n12","body":{"in_reply_to":705,"type":"broadcast_ok"}}
2024/02/25 18:59:40 Received {n12 n14 {"in_reply_to":18,"type":"broadcast_ok"}}
2024/02/25 18:59:40 Received {c64 n14 {"type":"read","msg_id":55}}
2024/02/25 18:59:40 Sent {"src":"n14","dest":"c64","body":{"in_reply_to":55,"messages":[503,144,186,228,469,574,633,81,237,364,352,600,37,80,432,582,53,341,400,676,116,155,55,278,425,249,313,343,436,673,26,114,165,311,315,358,445,474,30,187,219,544,614,182,323,468,473,670,46,100,126,660,79,573,607,199,240,638,327,427,463,556,599,43,139,293,458,644,683,123,596,603,499,542,547,641,112,225,344,435,176,266,439,159,209,303,363,403,86,98,154,591,628,661,110,555,355,384,401,448,483,175,258,265,491,511,538,296,494,509,541,60,77,169,194,640,685,89,298,508,471,580,22,106,320,131,321,361,408,475,4,19,75,551,605,510,92,161,213,367,406,414,554,235,316,329,191,280,274,379,533,21,95,162,452,437,528,578,652,74,214,305,245,399,529,567,51,149,200,205,267,330,457,680,8,29,76,347,394,444,558,645,32,207,220,289,339,388,442,527,62,250,252,418,480,218,275,260,672,163,411,562,189,232,259,571,565,570,609,621,63,372,500,482,497,525,656,264,281,336,317,389,426,675,211,297,407,333,467,539,157,223,272,592,11,168,164,354,39,312,370,174,288,331,348,335,59,69,101,390,412,612,594,342,430,443,236,300,373,464,465,121,137,167,598,616,50,202,513,449,450,553,617,57,160,392,73,56,517,559,684,27,496,526,459,486,681,117,158,395,286,535,552,664,662,38,151,302,9,97,566,581,610,668,10,72,233,613,606,24,295,561,248,493,65,88,184,446,489,512,546,170,383,423,33,196,360,476,623,147,247,283,545,666,6,128,290,141,325,380,487,34,140,244,107,271,671,324,579,601,1,143,224,504,521,532,583,590,108,294,461,523,620,632,653,177,357,488,431,577,84,284,292,215,276,695,192,229,350,531,639,2,102,122,634,658,356,369,366,575,642,136,181,309,142,153,180,349,624,58,94,125,677,328,569,665,597,28,47,105,178,586,5,127,115,148,171,183,299,385,14,111,133,402,549,210,387,404,416,576,7,118,124,619,626,374,413,428,398,405,447,52,152,263,340,441,492,650,134,216,234,595,593,630,647,687,262,368,568,254,371,409,470,674,96,198,179,279,82,226,251,239,310,637,54,241,498,422,564,0,13,120,268,304,334,518,166,208,222,520,636,109,322,433,67,345,495,667,646,243,257,455,481,588,625,138,285,307,353,462,507,490,663,31,36,337,332,396,522,64,146,318,622,682,35,440,530,319,669,23,193,246,534,17,195,478,253,306,429,501,485,172,190,212,585,287,415,560,604,631,3,203,238,524,548,103,282,438,242,466,519,540,537,611,45,185,291,648,453,615,643,707,689,66,301,381,206,217,659,270,314,472,484,505,12,132,156,649,679,635,40,397,456,424,417,543,61,130,557,255,514,536,584,608,78,93,188,378,618,49,135,197,421,477,113,326,377,460,688,48,104,230,657,71,451,602,362,393,563,359,434,41,90,273,515,572,706,42,44,420,173,201,351,338,386,20,119,150,686,382,506,587,410,589,651,269,391,629,654,15,99,227,502,376,454,479,550,83,129,308,346,85,145,221,18,516,678,261,655,68,91,204,231,365,375,419,627,16,25,87,70,256,277],"type":"read_ok"}}
2024/02/25 18:59:41 Received {n12 n14 {"messages":[699,698,692,690,702,693,705,700,694,708,703,696,709,701,704,691,697],"msg_id":722,"type":"broadcast"}}
2024/02/25 18:59:41 Received {c64 n14 {"type":"read","msg_id":56}}
2024/02/25 18:59:41 Sent {"src":"n14","dest":"n12","body":{"in_reply_to":722,"type":"broadcast_ok"}}
2024/02/25 18:59:41 Sent {"src":"n14","dest":"c64","body":{"in_reply_to":56,"messages":[406,414,554,709,235,316,329,367,701,191,280,379,533,21,95,162,274,437,528,578,652,74,214,305,452,698,399,529,567,704,51,149,200,245,267,330,457,680,8,29,76,205,394,444,558,645,32,207,220,347,339,388,442,527,62,250,252,289,480,218,275,260,418,163,411,562,672,189,232,259,565,570,609,621,63,372,500,571,497,525,656,264,281,336,482,317,389,426,693,211,297,407,675,467,539,157,223,272,333,11,168,164,592,39,312,370,354,288,331,348,335,59,69,101,174,390,412,612,342,430,443,594,300,373,464,465,121,137,167,236,598,50,202,513,616,449,553,617,57,160,392,450,73,56,559,684,27,496,526,517,486,681,117,158,395,459,535,552,664,662,38,151,302,286,696,9,97,581,610,668,10,72,233,566,606,24,295,561,613,493,65,88,184,248,489,512,546,170,383,423,446,33,196,360,623,147,247,283,476,545,6,128,290,666,141,325,380,34,140,244,487,107,271,671,579,601,1,143,224,324,521,532,583,590,108,294,461,504,620,632,653,177,357,488,523,577,84,284,292,431,215,276,695,229,350,531,639,2,102,122,192,634,658,369,366,575,642,136,181,309,356,153,180,349,624,58,94,125,142,703,328,569,665,677,28,47,105,597,586,5,127,115,178,171,183,299,385,14,111,133,148,402,549,691,387,404,416,576,7,118,124,210,619,708,374,413,428,626,405,447,52,152,263,398,441,492,650,134,216,234,340,593,630,647,687,262,368,568,595,371,409,470,674,96,198,179,254,82,226,251,279,239,310,637,54,241,498,564,0,13,120,422,304,334,518,166,208,222,268,636,109,322,433,520,67,345,667,646,243,257,455,495,588,625,138,285,307,481,462,507,490,663,31,36,337,353,396,522,702,64,146,318,332,682,35,440,530,622,669,23,193,246,319,17,195,478,534,306,429,501,485,172,190,212,253,585,415,560,604,631,3,203,238,287,548,103,282,438,524,242,519,540,537,611,45,185,291,466,648,615,643,707,689,66,301,381,453,206,217,659,314,472,484,505,12,132,156,270,649,679,692,40,397,456,635,424,417,543,61,130,557,514,536,584,608,78,93,188,255,618,49,135,197,378,477,113,326,377,421,688,48,104,230,460,71,451,602,657,362,393,563,434,694,41,90,273,359,572,706,42,44,420,515,201,351,338,386,20,119,150,173,382,506,587,686,410,589,651,391,629,654,15,99,227,269,376,454,479,502,83,129,308,550,85,145,221,346,18,516,678,705,655,68,91,204,261,365,375,419,627,16,25,87,231,70,256,277,144,186,228,503,574,633,81,237,364,469,352,600,37,80,582,53,341,400,432,676,116,155,55,278,425,313,343,436,673,26,114,165,249,690,315,358,445,474,30,187,219,311,544,614,323,468,473,670,46,100,126,182,700,79,573,607,660,199,240,638,427,463,556,599,43,139,293,327,458,644,683,123,596,603,542,547,641,112,225,344,499,176,266,439,435,209,303,363,403,86,98,154,159,591,628,661,110,555,384,401,448,483,175,258,265,355,491,511,538,494,509,541,60,77,169,296,194,640,699,89,298,508,685,580,22,106,320,471,321,361,408,475,4,19,75,131,551,605,697,92,161,213,510],"type":"read_ok"}}
2024/02/25 18:59:41 Received {c64 n14 {"type":"broadcast","message":744,"msg_id":57}}
2024/02/25 18:59:41 Sent {"src":"n14","dest":"c64","body":{"in_reply_to":57,"type":"broadcast_ok"}}
2024/02/25 18:59:41 Sent {"src":"n14","dest":"n12","body":{"messages":[744],"msg_id":19,"type":"broadcast"}}
2024/02/25 18:59:41 Received {n12 n14 {"messages":[723,722,717,713,716,726,714,718,728,727,720,711,719,710,712,724,715,725,721,742],"msg_id":759,"type":"broadcast"}}
2024/02/25 18:59:41 Sent {"src":"n14","dest":"n12","body":{"in_reply_to":759,"type":"broadcast_ok"}}
2024/02/25 18:59:41 Received {n12 n14 {"in_reply_to":19,"type":"broadcast_ok"}}
2024/02/25 18:59:41 Received {c64 n14 {"type":"read","msg_id":58}}
2024/02/25 18:59:41 Sent {"src":"n14","dest":"c64","body":{"in_reply_to":58,"messages":[636,109,322,433,520,67,345,667,646,243,257,455,495,588,625,726,138,285,307,481,462,507,490,663,31,36,337,353,396,522,702,64,146,318,332,682,35,440,530,622,669,724,23,193,246,319,17,195,478,534,306,429,501,485,172,190,212,253,585,415,560,604,631,3,203,238,287,548,716,103,282,438,524,242,519,540,537,611,45,185,291,466,648,615,643,707,689,66,301,381,453,206,217,659,314,472,484,505,12,132,156,270,649,679,692,40,397,456,635,424,417,543,61,130,557,514,536,584,608,78,93,188,255,618,710,49,135,197,378,477,113,326,377,421,688,48,104,230,460,744,71,451,602,657,362,393,563,434,694,41,90,273,359,572,706,711,42,44,420,515,201,351,338,386,20,119,150,173,382,506,587,686,410,589,651,391,629,654,15,99,227,269,376,454,479,502,83,129,308,550,85,145,221,346,18,516,678,705,655,723,68,91,204,261,365,375,419,627,16,25,87,231,70,256,277,144,186,228,503,574,633,81,237,364,469,352,600,37,80,582,717,53,341,400,432,676,116,155,55,278,425,313,343,436,673,26,114,165,249,690,315,358,445,474,30,187,219,311,544,614,323,468,473,670,46,100,126,182,700,79,573,607,660,199,240,638,719,427,463,556,599,43,139,293,327,458,644,683,123,596,603,542,547,641,112,225,344,499,176,266,439,435,209,303,363,403,86,98,154,159,591,628,661,110,555,384,401,448,483,175,258,265,355,491,511,538,494,509,541,60,77,169,296,194,640,699,89,298,508,685,580,22,106,320,471,321,361,408,475,4,19,75,131,551,605,697,720,92,161,213,510,406,414,554,709,235,316,329,367,701,191,280,379,533,21,95,162,274,437,528,578,652,74,214,305,452,698,399,529,567,704,51,149,200,245,267,330,457,680,8,29,76,205,394,444,558,645,32,207,220,347,339,388,442,527,62,250,252,289,480,218,275,260,418,163,411,562,672,189,232,259,565,570,609,621,63,372,500,571,497,525,656,264,281,336,482,317,389,426,693,211,297,407,675,467,539,157,223,272,333,11,168,164,592,39,312,370,354,288,331,348,335,59,69,101,174,390,412,612,342,430,443,594,300,373,464,465,121,137,167,236,598,50,202,513,616,449,727,553,617,57,160,392,450,73,56,559,684,27,496,526,517,486,681,117,158,395,459,535,552,664,662,38,151,302,286,696,9,97,581,610,668,725,10,72,233,566,721,606,728,24,295,561,613,493,65,88,184,248,489,512,546,170,383,423,446,33,196,360,623,147,247,283,476,545,715,6,128,290,666,141,325,380,34,140,244,487,107,271,671,579,601,713,1,143,224,324,521,532,583,590,108,294,461,504,620,632,653,722,177,357,488,523,577,84,284,292,431,215,276,695,229,350,531,639,2,102,122,192,634,658,369,366,575,642,136,181,309,356,742,153,180,349,624,58,94,125,142,703,718,328,569,665,677,712,28,47,105,597,586,5,127,115,178,171,183,299,385,14,111,133,148,402,549,691,387,404,416,576,7,118,124,210,619,708,374,413,428,626,405,447,52,152,263,398,441,492,650,134,216,234,340,593,630,647,687,262,368,568,595,371,409,470,674,96,198,179,254,82,226,251,279,239,310,637,54,241,498,714,564,0,13,120,422,304,334,518,166,208,222,268],"type":"read_ok"}}
2024/02/25 18:59:41 Received {c64 n14 {"type":"broadcast","message":776,"msg_id":59}}
2024/02/25 18:59:41 Sent {"src":"n14","dest":"c64","body":{"in_reply_to":59,"type":"broadcast_ok"}}
2024/02/25 18:59:41 Sent {"src":"n14","dest":"n12","body":{"messages":[776],"msg_id":20,"type":"broadcast"}}
2024/02/25 18:59:42 Received {n12 n14 {"messages":[749,739,732,746,748,735,738,737,730,741,733,734,740,751,731,745,747,729,743,736,750],"msg_id":786,"type":"broadcast"}}
2024/02/25 18:59:42 Sent {"src":"n14","dest":"n12","body":{"in_reply_to":786,"type":"broadcast_ok"}}
2024/02/25 18:59:42 Received {n12 n14 {"in_reply_to":20,"type":"broadcast_ok"}}
2024/02/25 18:59:42 Received {c64 n14 {"type":"read","msg_id":60}}
2024/02/25 18:59:42 Sent {"src":"n14","dest":"c64","body":{"in_reply_to":60,"messages":[416,576,7,118,124,210,387,404,619,708,374,413,428,626,747,52,152,263,398,405,447,650,134,216,234,340,441,492,647,687,262,368,568,595,593,630,470,674,96,198,179,254,371,409,732,740,82,226,251,279,239,310,637,54,241,498,714,0,13,120,422,564,518,166,208,222,268,304,334,109,322,433,520,636,67,345,243,257,455,495,667,646,726,138,285,307,481,588,625,490,663,31,36,337,353,462,507,702,64,146,318,332,396,522,35,440,530,622,682,23,193,246,319,669,724,17,195,478,534,501,485,172,190,212,253,306,429,585,604,631,3,203,238,287,415,560,103,282,438,524,548,716,242,729,537,611,45,185,291,466,519,540,648,707,689,66,301,381,453,615,643,776,206,217,659,484,505,12,132,156,270,314,472,649,679,692,738,40,397,456,635,424,417,543,61,130,557,584,608,78,93,188,255,514,536,49,135,197,378,618,710,113,326,377,421,477,48,104,230,460,688,71,451,602,657,744,362,393,563,749,41,90,273,359,434,694,711,734,42,44,420,515,572,706,338,386,20,119,150,173,201,351,382,506,587,686,410,589,651,654,15,99,227,269,391,629,376,454,479,502,83,129,308,550,85,145,221,346,18,516,678,705,68,91,204,261,655,723,419,627,16,25,87,231,365,375,70,256,277,144,186,228,503,81,237,364,469,574,633,352,600,37,80,746,53,341,400,432,582,717,676,116,155,55,278,425,436,673,26,114,165,249,313,343,690,445,474,30,187,219,311,315,358,544,614,473,670,46,100,126,182,323,468,700,751,79,573,607,660,199,240,638,719,556,599,43,139,293,327,427,463,458,644,683,123,596,603,641,112,225,344,499,542,547,176,266,439,435,363,403,86,98,154,159,209,303,591,628,661,110,555,448,483,175,258,265,355,384,401,491,511,538,541,60,77,169,296,494,509,194,640,699,89,298,508,685,22,106,320,471,580,408,475,4,19,75,131,321,361,551,605,697,720,92,161,213,510,554,709,235,316,329,367,406,414,701,191,280,21,95,162,274,379,533,578,652,74,214,305,452,437,528,698,567,704,51,149,200,245,399,529,457,680,8,29,76,205,267,330,748,750,558,645,32,207,220,347,394,444,442,527,62,250,252,289,339,388,218,275,260,418,480,163,411,562,672,189,232,259,609,621,63,372,500,571,565,570,656,264,281,336,482,497,525,317,389,426,693,211,297,407,675,157,223,272,333,467,539,11,168,164,592,39,312,370,354,348,335,59,69,101,174,288,331,390,412,612,342,430,443,594,743,464,465,121,137,167,236,300,373,598,50,202,513,616,449,727,57,160,392,450,553,617,73,56,27,496,526,517,559,684,117,158,395,459,486,681,664,662,38,151,302,286,535,552,696,9,97,668,725,10,72,233,566,581,610,721,745,24,295,561,613,606,728,65,88,184,248,493,546,170,383,423,446,489,512,33,196,360,733,736,147,247,283,476,623,545,6,128,290,666,715,735,141,325,380,741,731,34,140,244,487,107,271,671,713,1,143,224,324,579,601,583,590,108,294,461,504,521,532,653,722,177,357,488,523,620,632,739,737,84,284,292,431,577,215,276,695,531,639,2,102,122,192,229,350,634,658,575,642,136,181,309,356,369,366,742,349,624,58,94,125,142,153,180,730,328,569,665,677,703,718,28,47,105,597,712,5,127,115,178,586,299,385,14,111,133,148,171,183,402,549,691],"type":"read_ok"}}
2024/02/25 18:59:42 Received {n12 n14 {"messages":[757,772,752,765,762,754,756,771,769,770,759,753,767,768,773,766,764,760,775,758,774,761,777,755,763],"msg_id":805,"type":"broadcast"}}
2024/02/25 18:59:42 Received {c64 n14 {"type":"read","msg_id":61}}
2024/02/25 18:59:42 Sent {"src":"n14","dest":"n12","body":{"in_reply_to":805,"type":"broadcast_ok"}}
2024/02/25 18:59:42 Sent {"src":"n14","dest":"c64","body":{"in_reply_to":61,"messages":[217,659,206,132,156,270,314,472,484,505,12,679,692,738,649,397,456,635,40,417,543,424,130,557,61,93,188,255,514,536,584,608,78,135,197,378,618,710,49,326,377,421,477,113,104,230,460,688,765,48,451,602,657,744,71,393,563,362,90,273,359,434,694,749,756,41,44,420,515,572,706,711,734,42,119,150,173,201,351,338,386,20,506,587,686,382,589,651,410,99,227,269,391,629,654,15,454,479,502,376,129,308,550,83,145,221,346,85,516,678,705,18,91,204,261,655,723,68,25,87,231,365,375,419,627,16,256,277,70,186,228,503,144,237,364,469,574,633,81,600,352,80,746,37,341,400,432,582,717,53,676,155,116,278,425,55,114,165,249,313,343,436,673,26,690,187,219,311,315,358,445,474,30,614,544,100,126,182,323,468,473,670,46,751,700,573,607,660,79,240,638,719,199,139,293,327,427,463,556,599,43,644,683,763,458,596,603,123,225,344,499,542,547,641,761,112,266,439,435,755,176,98,154,159,209,303,363,403,86,628,661,591,555,110,258,265,355,384,401,448,483,175,511,538,491,77,169,296,494,509,541,60,640,699,194,298,508,685,89,106,320,471,580,22,19,75,131,321,361,408,475,4,605,697,720,551,161,213,510,92,316,329,367,406,414,554,709,235,701,280,191,95,162,274,379,533,21,214,305,452,437,528,578,652,74,698,149,200,245,399,529,567,704,51,775,29,76,205,267,330,457,680,8,750,748,207,220,347,394,444,558,645,32,250,252,289,339,388,442,527,62,275,260,418,480,218,411,562,672,163,232,259,189,372,500,571,565,570,609,621,63,281,336,482,497,525,656,264,389,426,693,317,297,407,675,770,773,211,223,272,333,467,539,157,168,164,592,767,11,312,370,354,39,69,101,174,288,331,348,335,59,412,612,390,430,443,594,743,342,137,167,236,300,373,464,465,121,598,202,513,616,764,50,727,772,449,160,392,450,553,617,57,56,73,496,526,517,559,684,27,158,395,459,486,681,117,151,302,286,535,552,664,662,38,696,97,9,72,233,566,581,610,668,725,10,757,721,295,561,613,606,728,745,24,88,184,248,493,65,383,423,446,489,512,546,170,196,360,733,736,33,247,283,476,623,147,545,128,290,666,715,735,6,325,380,741,731,759,141,140,244,487,34,271,671,107,143,224,324,579,601,713,1,294,461,504,521,532,583,590,108,760,357,488,523,620,632,653,722,177,737,739,284,292,431,577,84,276,695,215,102,122,192,229,350,531,639,2,658,634,181,309,356,369,366,575,642,136,742,94,125,142,153,180,349,624,58,730,569,665,677,703,718,328,47,105,597,712,28,127,115,178,586,5,111,133,148,171,183,299,385,14,549,691,402,118,124,210,387,404,416,576,7,708,766,777,619,413,428,626,747,758,374,152,263,398,405,447,52,216,234,340,441,492,650,752,134,368,568,595,593,630,647,687,262,198,179,254,371,409,470,674,96,740,732,226,251,279,82,310,637,239,241,498,714,54,13,120,422,564,0,208,222,268,304,334,518,762,166,322,433,520,636,109,345,769,774,67,257,455,495,667,646,243,285,307,481,588,625,726,138,36,337,353,462,507,490,663,31,146,318,332,396,522,702,64,440,530,622,682,771,35,193,246,319,669,724,753,23,195,478,534,17,190,212,253,306,429,501,485,172,585,203,238,287,415,560,604,631,3,282,438,524,548,716,754,103,729,768,242,185,291,466,519,540,537,611,45,648,301,381,453,615,643,707,689,66,776],"type":"read_ok"}}
2024/02/25 18:59:42 Received {c64 n14 {"type":"read","msg_id":62}}
2024/02/25 18:59:42 Sent {"src":"n14","dest":"c64","body":{"in_reply_to":62,"messages":[194,640,699,89,298,508,685,22,106,320,471,580,361,408,475,4,19,75,131,321,551,605,697,720,92,161,213,510,414,554,709,235,316,329,367,406,701,191,280,533,21,95,162,274,379,528,578,652,74,214,305,452,437,698,529,567,704,51,149,200,245,399,775,330,457,680,8,29,76,205,267,748,750,444,558,645,32,207,220,347,394,388,442,527,62,250,252,289,339,218,275,260,418,480,163,411,562,672,189,232,259,570,609,621,63,372,500,571,565,525,656,264,281,336,482,497,317,389,426,693,773,211,297,407,675,770,539,157,223,272,333,467,11,168,164,592,767,39,312,370,354,331,348,335,59,69,101,174,288,390,412,612,342,430,443,594,743,373,464,465,121,137,167,236,300,598,50,202,513,616,764,449,727,772,617,57,160,392,450,553,73,56,684,27,496,526,517,559,681,117,158,395,459,486,552,664,662,38,151,302,286,535,696,9,97,610,668,725,10,72,233,566,581,721,757,728,745,24,295,561,613,606,65,88,184,248,493,512,546,170,383,423,446,489,33,196,360,733,736,147,247,283,476,623,545,735,6,128,290,666,715,759,141,325,380,741,731,34,140,244,487,107,271,671,601,713,1,143,224,324,579,532,583,590,108,294,461,504,521,760,632,653,722,177,357,488,523,620,739,737,84,284,292,431,577,215,276,695,350,531,639,2,102,122,192,229,634,658,366,575,642,136,181,309,356,369,742,180,349,624,58,94,125,142,153,730,718,328,569,665,677,703,28,47,105,597,712,5,127,115,178,586,183,299,385,14,111,133,148,171,402,549,691,404,416,576,7,118,124,210,387,619,708,766,777,758,374,413,428,626,747,447,52,152,263,398,405,492,650,752,134,216,234,340,441,630,647,687,262,368,568,595,593,409,470,674,96,198,179,254,371,732,740,82,226,251,279,239,310,637,54,241,498,714,0,13,120,422,564,334,518,762,166,208,222,268,304,109,322,433,520,636,67,345,769,774,646,243,257,455,495,667,625,726,138,285,307,481,588,507,490,663,31,36,337,353,462,522,702,64,146,318,332,396,771,35,440,530,622,682,724,753,23,193,246,319,669,17,195,478,534,429,501,485,172,190,212,253,306,585,560,604,631,3,203,238,287,415,716,754,103,282,438,524,548,242,729,768,540,537,611,45,185,291,466,519,648,643,707,689,66,301,381,453,615,776,206,217,659,472,484,505,12,132,156,270,314,649,679,692,738,40,397,456,635,424,417,543,61,130,557,536,584,608,78,93,188,255,514,710,49,135,197,378,618,113,326,377,421,477,765,48,104,230,460,688,71,451,602,657,744,362,393,563,694,749,756,41,90,273,359,434,706,711,734,42,44,420,515,572,351,338,386,20,119,150,173,201,382,506,587,686,410,589,651,629,654,15,99,227,269,391,376,454,479,502,83,129,308,550,85,145,221,346,18,516,678,705,723,68,91,204,261,655,375,419,627,16,25,87,231,365,70,256,277,144,186,228,503,633,81,237,364,469,574,352,600,37,80,746,717,53,341,400,432,582,676,116,155,55,278,425,343,436,673,26,114,165,249,313,690,358,445,474,30,187,219,311,315,544,614,468,473,670,46,100,126,182,323,700,751,79,573,607,660,199,240,638,719,463,556,599,43,139,293,327,427,458,644,683,763,123,596,603,547,641,761,112,225,344,499,542,176,266,439,435,755,303,363,403,86,98,154,159,209,591,628,661,110,555,401,448,483,175,258,265,355,384,491,511,538,509,541,60,77,169,296,494],"type":"read_ok"}}
2024/02/25 18:59:43 Received {n12 n14 {"messages":[779,789,786,783,788,781,784,790,792,785,780,793,778,791,787,782,809],"msg_id":831,"type":"broadcast"}}
2024/02/25 18:59:43 Sent {"src":"n14","dest":"n12","body":{"in_reply_to":831,"type":"broadcast_ok"}}
2024/02/25 18:59:43 Received {c64 n14 {"type":"read","msg_id":63}}
2024/02/25 18:59:43 Sent {"src":"n14","dest":"c64","body":{"in_reply_to":63,"messages":[631,3,203,238,287,415,560,604,783,103,282,438,524,548,716,754,242,729,768,611,45,185,291,466,519,540,537,648,689,66,301,381,453,615,643,707,776,206,217,659,505,12,132,156,270,314,472,484,649,679,692,738,40,397,456,635,809,424,417,543,778,61,130,557,608,78,93,188,255,514,536,584,49,135,197,378,618,710,113,326,377,421,477,48,104,230,460,688,765,71,451,602,657,744,362,393,563,756,41,90,273,359,434,694,749,734,42,44,420,515,572,706,711,386,20,119,150,173,201,351,338,382,506,587,686,410,589,651,15,99,227,269,391,629,654,376,454,479,502,83,129,308,550,85,145,221,346,18,516,678,705,68,91,204,261,655,723,627,16,25,87,231,365,375,419,70,256,277,144,186,228,503,81,237,364,469,574,633,352,600,37,80,746,53,341,400,432,582,717,676,116,155,55,278,425,673,26,114,165,249,313,343,436,690,474,30,187,219,311,315,358,445,544,614,670,46,100,126,182,323,468,473,700,751,79,573,607,660,199,240,638,719,599,43,139,293,327,427,463,556,458,644,683,763,123,596,603,793,761,112,225,344,499,542,547,641,176,266,439,435,755,403,86,98,154,159,209,303,363,591,628,661,110,555,483,175,258,265,355,384,401,448,491,511,538,60,77,169,296,494,509,541,194,640,699,89,298,508,685,22,106,320,471,580,784,475,4,19,75,131,321,361,408,551,605,697,720,92,161,213,510,709,235,316,329,367,406,414,554,701,191,280,21,95,162,274,379,533,652,74,214,305,452,437,528,578,698,704,51,149,200,245,399,529,567,775,680,8,29,76,205,267,330,457,748,750,645,32,207,220,347,394,444,558,527,62,250,252,289,339,388,442,218,275,260,418,480,163,411,562,672,189,232,259,621,63,372,500,571,565,570,609,264,281,336,482,497,525,656,317,389,426,693,211,297,407,675,770,773,157,223,272,333,467,539,792,11,168,164,592,767,39,312,370,354,782,335,59,69,101,174,288,331,348,390,412,612,342,430,443,594,743,786,465,121,137,167,236,300,373,464,598,50,202,513,616,764,449,727,772,57,160,392,450,553,617,73,56,27,496,526,517,559,684,117,158,395,459,486,681,791,662,38,151,302,286,535,552,664,696,9,97,725,10,72,233,566,581,610,668,721,757,24,295,561,613,606,728,745,65,88,184,248,493,170,383,423,446,489,512,546,33,196,360,733,736,147,247,283,476,623,545,6,128,290,666,715,735,141,325,380,741,731,759,34,140,244,487,107,271,671,779,789,785,1,143,224,324,579,601,713,590,108,294,461,504,521,532,583,760,722,177,357,488,523,620,632,653,739,737,84,284,292,431,577,215,276,695,639,2,102,122,192,229,350,531,634,658,642,136,181,309,356,369,366,575,742,624,58,94,125,142,153,180,349,730,328,569,665,677,703,718,28,47,105,597,712,5,127,115,178,586,385,14,111,133,148,171,183,299,402,549,691,576,7,118,124,210,387,404,416,619,708,766,777,780,374,413,428,626,747,758,52,152,263,398,405,447,752,134,216,234,340,441,492,650,687,262,368,568,595,593,630,647,781,674,96,198,179,254,371,409,470,732,740,82,226,251,279,239,310,637,54,241,498,714,0,13,120,422,564,762,166,208,222,268,304,334,518,109,322,433,520,636,67,345,769,774,243,257,455,495,667,646,138,285,307,481,588,625,726,663,31,36,337,353,462,507,490,788,64,146,318,332,396,522,702,35,440,530,622,682,771,790,23,193,246,319,669,724,753,17,195,478,534,485,172,190,212,253,306,429,501,585,787],"type":"read_ok"}}
2024/02/25 18:59:43 Received {c64 n14 {"type":"read","msg_id":64}}
2024/02/25 18:59:43 Sent {"src":"n14","dest":"c64","body":{"in_reply_to":64,"messages":[73,56,27,496,526,517,559,684,791,117,158,395,459,486,681,664,662,38,151,302,286,535,552,696,9,97,668,725,10,72,233,566,581,610,721,757,745,24,295,561,613,606,728,65,88,184,248,493,546,170,383,423,446,489,512,33,196,360,733,736,147,247,283,476,623,545,6,128,290,666,715,735,141,325,380,741,731,759,34,140,244,487,107,271,671,779,789,785,713,1,143,224,324,579,601,583,590,108,294,461,504,521,532,760,653,722,177,357,488,523,620,632,739,737,84,284,292,431,577,215,276,695,531,639,2,102,122,192,229,350,634,658,575,642,136,181,309,356,369,366,742,349,624,58,94,125,142,153,180,730,328,569,665,677,703,718,28,47,105,597,712,5,127,115,178,586,299,385,14,111,133,148,171,183,402,549,691,416,576,7,118,124,210,387,404,619,708,766,777,780,374,413,428,626,747,758,52,152,263,398,405,447,650,752,134,216,234,340,441,492,647,687,262,368,568,595,593,630,781,470,674,96,198,179,254,371,409,732,740,82,226,251,279,239,310,637,54,241,498,714,0,13,120,422,564,518,762,166,208,222,268,304,334,109,322,433,520,636,67,345,769,774,243,257,455,495,667,646,726,138,285,307,481,588,625,490,663,31,36,337,353,462,507,788,702,64,146,318,332,396,522,790,35,440,530,622,682,771,753,23,193,246,319,669,724,17,195,478,534,501,485,172,190,212,253,306,429,585,787,604,631,3,203,238,287,415,560,783,754,103,282,438,524,548,716,242,729,768,537,611,45,185,291,466,519,540,648,707,689,66,301,381,453,615,643,776,206,217,659,484,505,12,132,156,270,314,472,649,679,692,738,40,397,456,635,809,424,417,543,778,61,130,557,584,608,78,93,188,255,514,536,49,135,197,378,618,710,113,326,377,421,477,48,104,230,460,688,765,71,451,602,657,744,362,393,563,749,756,41,90,273,359,434,694,711,734,42,44,420,515,572,706,338,386,20,119,150,173,201,351,382,506,587,686,410,589,651,654,15,99,227,269,391,629,376,454,479,502,83,129,308,550,85,145,221,346,18,516,678,705,68,91,204,261,655,723,419,627,16,25,87,231,365,375,70,256,277,144,186,228,503,81,237,364,469,574,633,352,600,37,80,746,53,341,400,432,582,717,676,116,155,55,278,425,436,673,26,114,165,249,313,343,690,445,474,30,187,219,311,315,358,544,614,473,670,46,100,126,182,323,468,700,751,79,573,607,660,199,240,638,719,556,599,43,139,293,327,427,463,458,644,683,763,123,596,603,793,641,761,112,225,344,499,542,547,176,266,439,435,755,363,403,86,98,154,159,209,303,591,628,661,110,555,448,483,175,258,265,355,384,401,491,511,538,541,60,77,169,296,494,509,194,640,699,89,298,508,685,22,106,320,471,580,784,408,475,4,19,75,131,321,361,551,605,697,720,92,161,213,510,554,709,235,316,329,367,406,414,701,191,280,21,95,162,274,379,533,578,652,74,214,305,452,437,528,698,567,704,51,149,200,245,399,529,775,457,680,8,29,76,205,267,330,748,750,558,645,32,207,220,347,394,444,442,527,62,250,252,289,339,388,218,275,260,418,480,163,411,562,672,189,232,259,609,621,63,372,500,571,565,570,656,264,281,336,482,497,525,317,389,426,693,211,297,407,675,770,773,792,157,223,272,333,467,539,11,168,164,592,767,39,312,370,354,782,348,335,59,69,101,174,288,331,390,412,612,342,430,443,594,743,786,464,465,121,137,167,236,300,373,598,50,202,513,616,764,449,727,772,57,160,392,450,553,617],"type":"read_ok"}}
2024/02/25 18:59:43 Received {n12 n14 {"messages":[812,798,811,800,813,807,805,804,801,815,797,810,795,808,794,803,806,802,796,814,799,822],"msg_id":857,"type":"broadcast"}}
2024/02/25 18:59:43 Sent {"src":"n14","dest":"n12","body":{"in_reply_to":857,"type":"broadcast_ok"}}
2024/02/25 18:59:43 Received {c64 n14 {"type":"read","msg_id":65}}
2024/02/25 18:59:43 Sent {"src":"n14","dest":"c64","body":{"in_reply_to":65,"messages":[246,319,669,724,753,23,193,478,534,17,195,212,253,306,429,501,485,172,190,798,585,787,238,287,415,560,604,631,3,203,783,438,524,548,716,754,103,282,768,242,729,291,466,519,540,537,611,45,185,648,381,453,615,643,707,689,66,301,776,659,206,217,156,270,314,472,484,505,12,132,692,738,822,649,679,456,635,809,40,397,543,778,424,417,557,61,130,188,255,514,536,584,608,78,93,197,378,618,710,812,805,49,135,377,421,477,804,113,326,230,460,688,765,795,48,104,602,657,744,71,451,563,362,393,273,359,434,694,749,756,41,90,420,515,572,706,711,734,42,44,803,150,173,201,351,338,386,20,119,587,686,382,506,651,410,589,227,269,391,629,654,15,99,479,502,376,454,308,550,83,129,221,346,85,145,678,705,18,516,204,261,655,723,68,91,87,231,365,375,419,627,16,25,277,70,256,228,503,144,186,364,469,574,633,81,237,352,600,746,37,80,400,432,582,717,794,53,341,676,116,155,425,55,278,165,249,313,343,436,673,26,114,690,219,311,315,358,445,474,30,187,807,544,614,126,182,323,468,473,670,46,100,700,751,607,660,79,573,638,719,199,240,293,327,427,463,556,599,43,139,683,763,458,644,603,793,123,596,344,499,542,547,641,761,112,225,439,435,755,176,266,154,159,209,303,363,403,86,98,661,591,628,110,555,265,355,384,401,448,483,175,258,538,491,511,169,296,494,509,541,60,77,699,194,640,508,685,89,298,320,471,580,784,22,106,75,131,321,361,408,475,4,19,697,720,551,605,213,510,815,92,161,329,367,406,414,554,709,235,316,701,191,280,162,274,379,533,21,95,305,452,437,528,578,652,74,214,698,200,245,399,529,567,704,51,149,775,76,205,267,330,457,680,8,29,748,750,220,347,394,444,558,645,32,207,800,252,289,339,388,442,527,62,250,260,418,480,218,275,562,672,163,411,259,189,232,500,571,565,570,609,621,63,372,336,482,497,525,656,796,264,281,426,693,801,317,389,407,675,770,773,808,211,297,272,333,467,539,792,157,223,164,592,767,11,168,370,354,782,39,312,101,174,288,331,348,335,59,69,612,390,412,443,594,743,786,342,430,167,236,300,373,464,465,121,137,598,797,513,616,764,50,202,772,449,727,392,450,553,617,57,160,73,56,526,517,559,684,27,496,395,459,486,681,791,117,158,302,286,535,552,664,662,38,151,696,9,97,233,566,581,610,668,725,10,72,721,757,561,613,606,728,745,24,295,184,248,493,65,88,423,446,489,512,546,170,383,360,733,736,33,196,283,476,623,147,247,545,813,290,666,715,735,6,128,380,741,731,759,141,325,244,487,814,34,140,671,779,789,785,107,271,224,324,579,601,713,1,143,461,504,521,532,583,590,108,294,760,488,523,620,632,653,722,177,357,739,737,292,431,577,84,284,695,215,276,122,192,229,350,531,639,2,102,634,658,309,356,369,366,575,642,136,181,742,125,142,153,180,349,624,58,94,730,665,677,703,718,328,569,105,597,712,811,28,47,115,178,586,5,127,133,148,171,183,299,385,14,111,691,402,549,124,210,387,404,416,576,7,118,766,777,780,619,708,428,626,747,758,802,374,413,263,398,405,447,52,152,234,340,441,492,650,752,134,216,568,595,593,630,647,687,262,368,781,179,254,371,409,470,674,96,198,732,740,251,279,810,82,226,637,239,310,498,714,806,54,241,120,422,564,0,13,222,268,304,334,518,762,166,208,799,433,520,636,109,322,769,774,67,345,455,495,667,646,243,257,307,481,588,625,726,138,285,337,353,462,507,490,663,31,36,788,318,332,396,522,702,64,146,530,622,682,771,790,35,440],"type":"read_ok"}}
2024/02/25 18:59:43 Received {c64 n14 {"type":"read","msg_id":66}}
2024/02/25 18:59:43 Sent {"src":"n14","dest":"c64","body":{"in_reply_to":66,"messages":[647,687,262,368,568,595,593,630,781,470,674,96,198,179,254,371,409,732,740,82,226,251,279,810,239,310,637,54,241,498,714,806,0,13,120,422,564,518,762,166,208,222,268,304,334,799,109,322,433,520,636,67,345,769,774,243,257,455,495,667,646,726,138,285,307,481,588,625,490,663,31,36,337,353,462,507,788,702,64,146,318,332,396,522,790,35,440,530,622,682,771,753,23,193,246,319,669,724,17,195,478,534,501,485,172,190,212,253,306,429,585,787,798,604,631,3,203,238,287,415,560,783,754,103,282,438,524,548,716,242,729,768,537,611,45,185,291,466,519,540,648,707,689,66,301,381,453,615,643,776,206,217,659,484,505,12,132,156,270,314,472,649,679,692,738,822,40,397,456,635,809,424,417,543,778,61,130,557,584,608,78,93,188,255,514,536,812,805,49,135,197,378,618,710,113,326,377,421,477,804,795,48,104,230,460,688,765,71,451,602,657,744,362,393,563,749,756,41,90,273,359,434,694,711,734,42,44,420,515,572,706,803,338,386,20,119,150,173,201,351,382,506,587,686,410,589,651,654,15,99,227,269,391,629,376,454,479,502,83,129,308,550,85,145,221,346,18,516,678,705,68,91,204,261,655,723,419,627,16,25,87,231,365,375,70,256,277,144,186,228,503,81,237,364,469,574,633,352,600,37,80,746,794,53,341,400,432,582,717,676,116,155,55,278,425,436,673,26,114,165,249,313,343,690,445,474,30,187,219,311,315,358,544,614,807,473,670,46,100,126,182,323,468,700,751,79,573,607,660,199,240,638,719,556,599,43,139,293,327,427,463,458,644,683,763,123,596,603,793,641,761,112,225,344,499,542,547,176,266,439,435,755,363,403,86,98,154,159,209,303,591,628,661,110,555,448,483,175,258,265,355,384,401,491,511,538,541,60,77,169,296,494,509,194,640,699,89,298,508,685,22,106,320,471,580,784,408,475,4,19,75,131,321,361,551,605,697,720,92,161,213,510,815,554,709,235,316,329,367,406,414,701,191,280,21,95,162,274,379,533,578,652,74,214,305,452,437,528,698,567,704,51,149,200,245,399,529,775,457,680,8,29,76,205,267,330,748,750,558,645,32,207,220,347,394,444,800,442,527,62,250,252,289,339,388,218,275,260,418,480,163,411,562,672,189,232,259,609,621,63,372,500,571,565,570,656,796,264,281,336,482,497,525,317,389,426,693,801,808,211,297,407,675,770,773,792,157,223,272,333,467,539,11,168,164,592,767,39,312,370,354,782,348,335,59,69,101,174,288,331,390,412,612,342,430,443,594,743,786,464,465,121,137,167,236,300,373,598,797,50,202,513,616,764,449,727,772,57,160,392,450,553,617,73,56,27,496,526,517,559,684,791,117,158,395,459,486,681,664,662,38,151,302,286,535,552,696,9,97,668,725,10,72,233,566,581,610,721,757,745,24,295,561,613,606,728,65,88,184,248,493,546,170,383,423,446,489,512,33,196,360,733,736,147,247,283,476,623,545,813,6,128,290,666,715,735,141,325,380,741,731,759,34,140,244,487,814,107,271,671,779,789,785,713,1,143,224,324,579,601,583,590,108,294,461,504,521,532,760,653,722,177,357,488,523,620,632,739,737,84,284,292,431,577,215,276,695,531,639,2,102,122,192,229,350,634,658,575,642,136,181,309,356,369,366,742,349,624,58,94,125,142,153,180,730,328,569,665,677,703,718,28,47,105,597,712,811,5,127,115,178,586,299,385,14,111,133,148,171,183,402,549,691,416,576,7,118,124,210,387,404,619,708,766,777,780,802,374,413,428,626,747,758,52,152,263,398,405,447,650,752,134,216,234,340,441,492],"type":"read_ok"}}
2024/02/25 18:59:43 Received {c64 n14 {"type":"read","msg_id":67}}
2024/02/25 18:59:43 Sent {"src":"n14","dest":"c64","body":{"in_reply_to":67,"messages":[270,314,472,484,505,12,132,156,738,822,649,679,692,635,809,40,397,456,778,424,417,543,61,130,557,255,514,536,584,608,78,93,188,378,618,710,812,805,49,135,197,421,477,804,113,326,377,460,688,765,795,48,104,230,657,744,71,451,602,362,393,563,359,434,694,749,756,41,90,273,515,572,706,711,734,42,44,420,803,173,201,351,338,386,20,119,150,686,382,506,587,410,589,651,269,391,629,654,15,99,227,502,376,454,479,550,83,129,308,346,85,145,221,705,18,516,678,261,655,723,68,91,204,231,365,375,419,627,16,25,87,70,256,277,503,144,186,228,469,574,633,81,237,364,352,600,37,80,746,432,582,717,794,53,341,400,676,116,155,55,278,425,249,313,343,436,673,26,114,165,690,311,315,358,445,474,30,187,219,544,614,807,182,323,468,473,670,46,100,126,700,751,660,79,573,607,719,199,240,638,327,427,463,556,599,43,139,293,763,458,644,683,793,123,596,603,499,542,547,641,761,112,225,344,435,755,176,266,439,159,209,303,363,403,86,98,154,591,628,661,110,555,355,384,401,448,483,175,258,265,491,511,538,296,494,509,541,60,77,169,194,640,699,685,89,298,508,471,580,784,22,106,320,131,321,361,408,475,4,19,75,720,551,605,697,510,815,92,161,213,367,406,414,554,709,235,316,329,701,191,280,274,379,533,21,95,162,452,437,528,578,652,74,214,305,698,245,399,529,567,704,51,149,200,775,205,267,330,457,680,8,29,76,748,750,347,394,444,558,645,32,207,220,800,289,339,388,442,527,62,250,252,418,480,218,275,260,672,163,411,562,189,232,259,571,565,570,609,621,63,372,500,482,497,525,656,796,264,281,336,693,801,317,389,426,675,770,773,808,211,297,407,333,467,539,792,157,223,272,592,767,11,168,164,354,782,39,312,370,174,288,331,348,335,59,69,101,390,412,612,594,743,786,342,430,443,236,300,373,464,465,121,137,167,598,797,616,764,50,202,513,449,727,772,450,553,617,57,160,392,73,56,517,559,684,27,496,526,459,486,681,791,117,158,395,286,535,552,664,662,38,151,302,696,9,97,566,581,610,668,725,10,72,233,721,757,613,606,728,745,24,295,561,248,493,65,88,184,446,489,512,546,170,383,423,733,736,33,196,360,476,623,147,247,283,545,813,666,715,735,6,128,290,741,731,759,141,325,380,487,814,34,140,244,779,789,785,107,271,671,324,579,601,713,1,143,224,504,521,532,583,590,108,294,461,760,523,620,632,653,722,177,357,488,739,737,431,577,84,284,292,215,276,695,192,229,350,531,639,2,102,122,634,658,356,369,366,575,642,136,181,309,742,142,153,180,349,624,58,94,125,730,677,703,718,328,569,665,597,712,811,28,47,105,178,586,5,127,115,148,171,183,299,385,14,111,133,402,549,691,210,387,404,416,576,7,118,124,777,780,619,708,766,626,747,758,802,374,413,428,398,405,447,52,152,263,340,441,492,650,752,134,216,234,595,593,630,647,687,262,368,568,781,254,371,409,470,674,96,198,179,732,740,279,810,82,226,251,239,310,637,714,806,54,241,498,422,564,0,13,120,268,304,334,518,762,166,208,222,799,520,636,109,322,433,774,67,345,769,495,667,646,243,257,455,481,588,625,726,138,285,307,353,462,507,490,663,31,36,337,788,332,396,522,702,64,146,318,622,682,771,790,35,440,530,319,669,724,753,23,193,246,534,17,195,478,253,306,429,501,485,172,190,212,585,787,798,287,415,560,604,631,3,203,238,783,524,548,716,754,103,282,438,242,729,768,466,519,540,537,611,45,185,291,648,453,615,643,707,689,66,301,381,776,206,217,659],"type":"read_ok"}}
2024/02/25 18:59:44 Received {n12 n14 {"messages":[837,816,830,827,836,819,834,824,838,823,840,839,826,842,828,843,829,817,831,825,841,821,820,835,818,832,833,863],"msg_id":883,"type":"broadcast"}}
2024/02/25 18:59:44 Sent {"src":"n14","dest":"n12","body":{"in_reply_to":883,"type":"broadcast_ok"}}
2024/02/25 18:59:44 Received {c64 n14 {"type":"broadcast","message":873,"msg_id":68}}
2024/02/25 18:59:44 Sent {"src":"n14","dest":"c64","body":{"in_reply_to":68,"type":"broadcast_ok"}}
2024/02/25 18:59:44 Sent {"src":"n14","dest":"n12","body":{"messages":[873],"msg_id":21,"type":"broadcast"}}
2024/02/25 18:59:44 Received {n12 n14 {"messages":[853,861,855,848,860,850,856,852,849,864,845,857,858,859,846,862,854,847,844,851,871],"msg_id":910,"type":"broadcast"}}
2024/02/25 18:59:44 Received {c64 n14 {"type":"broadcast","message":885,"msg_id":69}}
2024/02/25 18:59:44 Sent {"src":"n14","dest":"n12","body":{"in_reply_to":910,"type":"broadcast_ok"}}
2024/02/25 18:59:44 Sent {"src":"n14","dest":"c64","body":{"in_reply_to":69,"type":"broadcast_ok"}}
2024/02/25 18:59:44 Received {n12 n14 {"in_reply_to":21,"type":"broadcast_ok"}}
2024/02/25 18:59:44 Received {c64 n14 {"type":"read","msg_id":70}}
2024/02/25 18:59:44 Sent {"src":"n14","dest":"c64","body":{"in_reply_to":70,"messages":[271,779,785,818,1,143,294,521,760,653,357,488,620,632,739,84,284,292,276,695,658,829,2,102,122,192,229,634,575,642,309,369,366,742,624,58,94,180,730,328,569,677,718,597,712,5,127,586,847,385,111,148,691,416,7,118,124,387,619,708,766,777,374,428,626,758,802,862,52,405,447,650,134,216,340,441,871,262,595,593,630,647,687,470,674,254,371,740,637,823,498,714,806,13,422,208,799,433,636,836,769,243,455,667,588,625,726,31,36,462,663,840,146,318,332,396,522,702,530,682,771,319,753,485,798,842,415,860,103,282,524,548,242,768,185,519,540,826,707,689,206,217,659,845,270,314,649,679,692,40,635,417,778,130,557,78,188,514,49,197,812,805,326,421,477,855,104,688,765,795,602,852,393,41,749,756,572,706,711,828,20,119,351,382,686,410,651,863,99,269,391,827,83,550,85,145,221,516,678,68,204,261,87,231,419,70,256,144,228,364,469,574,633,600,824,844,37,80,746,794,53,432,717,155,864,278,425,436,673,114,165,249,313,445,187,219,315,358,544,46,100,126,182,323,751,79,573,838,199,240,719,556,599,293,327,463,458,644,683,763,596,641,225,344,499,542,176,435,755,159,209,303,820,448,483,265,355,384,401,541,77,296,640,699,859,885,89,298,685,106,784,408,4,19,131,361,605,720,92,213,510,815,554,235,329,280,816,841,21,95,162,533,830,652,452,437,149,245,399,529,775,8,76,330,748,837,207,347,394,558,645,858,252,289,339,442,562,189,232,63,372,500,571,570,482,497,317,389,801,211,297,675,770,157,223,333,539,11,168,164,592,335,59,101,174,288,390,443,786,465,137,167,236,598,50,202,513,764,835,727,617,73,56,496,684,117,158,395,459,486,97,725,10,233,566,610,295,613,88,184,493,383,446,736,856,147,545,813,290,735,141,759,140,487,107,671,789,821,224,324,579,601,713,833,583,590,108,461,504,532,722,177,523,737,431,577,215,825,861,350,531,639,136,181,356,349,125,142,153,665,703,849,28,47,105,811,115,178,848,299,14,133,171,183,402,549,576,210,404,780,413,747,839,152,263,398,752,234,492,368,568,781,96,198,179,409,732,82,226,251,279,810,851,239,310,54,241,0,120,564,762,831,166,222,268,304,334,518,109,322,520,67,345,774,257,495,646,138,285,307,481,337,353,507,490,788,64,35,440,622,790,23,193,246,669,724,17,195,478,534,501,585,172,190,212,253,306,429,787,631,783,3,203,238,287,560,604,438,716,754,729,45,291,466,537,611,648,776,66,301,381,453,615,643,738,822,12,132,156,472,484,505,853,397,456,809,424,543,61,93,255,536,584,608,135,378,618,710,113,377,804,48,230,460,71,451,657,744,362,563,90,273,359,434,694,42,44,420,515,734,803,587,850,150,173,201,338,386,506,589,15,227,629,654,819,376,454,479,502,129,308,346,18,705,91,655,723,16,25,365,375,627,277,186,503,81,237,352,341,400,582,676,116,55,26,343,690,474,30,311,614,807,473,670,468,700,607,660,638,43,139,427,123,603,793,761,112,547,266,439,834,363,403,86,98,154,591,628,661,110,555,175,258,491,511,538,60,169,494,509,194,508,22,320,471,580,475,75,321,551,697,161,709,316,367,406,414,701,191,843,274,379,857,578,74,214,305,528,698,567,704,51,200,457,680,29,205,267,750,32,220,444,800,62,250,388,527,854,218,275,260,418,480,163,411,672,259,565,609,621,832,656,796,264,281,336,525,426,693,407,773,808,817,792,272,467,767,39,312,370,354,782,348,69,331,412,612,342,430,594,743,464,121,300,373,797,616,449,772,57,160,392,450,553,873,27,526,517,559,791,681,664,662,38,151,302,286,535,552,696,9,668,72,581,721,757,745,24,561,606,728,65,248,546,170,423,489,512,33,196,360,733,247,283,476,623,6,128,666,715,325,380,741,731,846,34,244,814],"type":"read_ok"}}
2024/02/25 18:59:44 Sent {"src":"n14","dest":"n12","body":{"messages":[885],"msg_id":22,"type":"broadcast"}}
2024/02/25 18:59:45 Received {n12 n14 {"messages":[874,883,868,878,869,879,877,866,875,867,876,870,865,872,894],"msg_id":931,"type":"broadcast"}}
2024/02/25 18:59:45 Sent {"src":"n14","dest":"n12","body":{"in_reply_to":931,"type":"broadcast_ok"}}
2024/02/25 18:59:45 Received {n12 n14 {"in_reply_to":22,"type":"broadcast_ok"}}
2024/02/25 18:59:45 Received {n12 n14 {"messages":[898,886,900,902,903,896,891,904,892,889,905,888,899,881,884,895,887,897,880,893,890,901,882],"msg_id":947,"type":"broadcast"}}
2024/02/25 18:59:45 Sent {"src":"n14","dest":"n12","body":{"in_reply_to":947,"type":"broadcast_ok"}}
2024/02/25 18:59:46 Received {n12 n14 {"messages":[906],"msg_id":962,"type":"broadcast"}}
2024/02/25 18:59:46 Sent {"src":"n14","dest":"n12","body":{"in_reply_to":962,"type":"broadcast_ok"}}
2024/02/25 18:59:55 Received {c64 n14 {"type":"read","msg_id":71}}
2024/02/25 18:59:55 Sent {"src":"n14","dest":"c64","body":{"in_reply_to":71,"messages":[107,671,789,821,875,224,324,579,601,713,833,108,461,504,532,583,590,177,523,722,737,431,577,215,825,861,876,350,531,639,136,181,356,125,142,153,349,906,665,703,849,28,47,105,811,115,178,848,897,14,133,171,183,299,402,549,210,404,576,780,413,747,152,263,398,839,234,492,752,368,568,781,96,198,179,409,732,82,226,251,279,810,851,887,239,310,54,241,0,120,564,166,222,268,304,334,518,762,831,109,322,520,67,345,774,257,495,646,138,285,307,481,337,353,507,490,788,64,867,35,440,622,790,23,193,246,669,724,17,195,478,534,172,190,212,253,306,429,501,585,787,3,203,238,287,560,604,631,783,438,716,754,729,45,291,466,537,611,648,66,301,381,453,615,643,776,12,132,156,472,484,505,738,822,853,397,456,809,424,543,61,93,255,536,584,608,135,378,618,710,113,377,804,48,230,460,71,451,657,744,362,563,90,273,359,434,694,42,44,420,515,734,803,150,173,201,338,386,506,587,850,589,15,227,629,654,819,376,454,479,502,129,308,346,18,705,91,655,723,16,25,365,375,627,277,186,503,81,237,899,352,866,341,400,582,676,116,55,26,343,690,898,30,311,474,614,807,468,473,670,700,882,607,660,638,43,139,427,884,123,603,793,112,547,761,266,439,834,86,98,154,363,403,591,628,661,110,555,870,175,258,491,511,538,880,60,169,494,509,194,508,22,320,471,580,75,321,475,551,697,161,316,367,406,414,709,701,191,843,274,379,857,74,214,305,528,578,698,886,51,200,567,704,29,205,267,457,680,750,32,220,444,800,62,250,388,527,854,879,218,275,260,418,480,163,411,672,259,565,609,621,832,264,281,336,525,656,796,426,693,407,773,808,817,272,467,792,767,39,312,370,354,782,69,331,348,412,612,342,430,594,743,121,300,373,464,797,616,449,772,57,160,392,450,553,873,27,526,517,559,681,791,38,151,302,286,535,552,664,662,696,901,9,72,581,668,721,757,24,561,606,728,745,893,65,248,865,170,423,489,512,546,33,196,360,733,247,283,476,623,892,6,128,666,715,325,380,741,731,846,34,244,814,271,779,785,818,1,143,294,521,760,357,488,620,632,653,739,84,284,292,276,695,2,102,122,192,229,634,658,829,309,369,366,575,642,742,58,94,180,624,730,328,569,677,718,597,712,5,127,586,847,111,148,385,691,7,118,124,387,416,619,708,766,777,374,428,626,758,802,862,874,52,405,447,134,216,340,441,650,262,595,593,630,647,687,871,254,371,470,674,740,637,823,498,714,806,13,422,208,799,433,636,836,769,243,455,667,588,625,726,31,36,462,663,146,318,332,396,522,702,840,530,682,771,319,753,877,872,485,798,842,415,860,103,282,524,548,242,768,896,185,519,540,826,868,707,689,881,206,217,659,845,270,314,649,679,692,40,635,417,778,130,557,78,188,514,49,197,812,805,326,421,477,855,104,688,765,795,602,852,393,869,41,749,756,572,706,711,828,20,119,351,382,686,410,651,863,99,269,391,827,83,550,883,85,145,221,516,678,68,204,261,87,231,419,70,256,144,228,900,364,469,574,633,600,824,844,878,905,37,80,746,53,432,717,794,155,864,278,425,114,165,249,313,436,673,187,219,315,358,445,544,46,100,126,182,323,751,79,573,838,199,240,719,293,327,463,556,599,458,644,683,763,596,225,344,499,542,641,902,176,435,755,159,209,303,820,265,355,384,401,448,483,77,296,541,640,699,859,885,89,298,685,106,784,4,19,131,361,408,605,720,904,92,213,510,815,235,329,554,280,816,841,21,95,162,533,830,891,452,437,652,149,245,399,529,775,8,76,330,748,837,207,347,394,558,645,858,252,289,339,442,888,562,189,232,63,372,500,571,570,482,497,317,389,801,211,297,675,770,157,223,333,539,11,168,164,592,59,101,174,288,335,390,443,786,137,167,236,465,598,50,202,513,764,835,727,617,73,56,496,684,117,158,395,459,486,97,895,10,233,566,610,725,903,295,613,88,184,493,383,446,736,856,147,894,545,813,890,290,735,889,141,759,140,487],"type":"read_ok"}}
