2024/02/25 18:59:24 Received {c2 n15 {"type":"init","node_id":"n15","node_ids":["n0","n1","n2","n3","n4","n5","n6","n7","n8","n9","n10","n11","n12","n13","n14","n15","n16","n17","n18","n19","n20","n21","n22","n23","n24"],"msg_id":1}}
2024/02/25 18:59:24 Node n15 initialized
2024/02/25 18:59:24 Sent {"src":"n15","dest":"c2","body":{"in_reply_to":1,"type":"init_ok"}}
2024/02/25 18:59:25 Received {c40 n15 {"type":"topology","topology":{"n2":["n7","n3","n1"],"n21":["n16","n22","n20"],"n23":["n18","n24","n22"],"n5":["n10","n0","n6"],"n8":["n13","n3","n9","n7"],"n6":["n11","n1","n7","n5"],"n19":["n24","n14","n18"],"n14":["n19","n9","n13"],"n17":["n22","n12","n18","n16"],"n1":["n6","n2","n0"],"n24":["n19","n23"],"n4":["n9","n3"],"n0":["n5","n1"],"n18":["n23","n13","n19","n17"],"n9":["n14","n4","n8"],"n10":["n15","n5","n11"],"n22":["n17","n23","n21"],"n15":["n20","n10","n16"],"n13":["n18","n8","n14","n12"],"n3":["n8","n4","n2"],"n12":["n17","n7","n13","n11"],"n11":["n16","n6","n12","n10"],"n16":["n21","n11","n17","n15"],"n7":["n12","n2","n8","n6"],"n20":["n15","n21"]},"msg_id":1}}
2024/02/25 18:59:25 Sent {"src":"n15","dest":"c40","body":{"in_reply_to":1,"type":"topology_ok"}}
2024/02/25 18:59:25 Received {c65 n15 {"type":"broadcast","message":5,"msg_id":1}}
2024/02/25 18:59:25 Sent {"src":"n15","dest":"c65","body":{"in_reply_to":1,"type":"broadcast_ok"}}
2024/02/25 18:59:25 Sent {"src":"n15","dest":"n12","body":{"messages":[5],"msg_id":1,"type":"broadcast"}}
2024/02/25 18:59:25 Received {c65 n15 {"type":"broadcast","message":23,"msg_id":2}}
2024/02/25 18:59:25 Sent {"src":"n15","dest":"c65","body":{"in_reply_to":2,"type":"broadcast_ok"}}
2024/02/25 18:59:25 Received {n12 n15 {"in_reply_to":1,"type":"broadcast_ok"}}
2024/02/25 18:59:25 Received {c65 n15 {"type":"broadcast","message":40,"msg_id":3}}
2024/02/25 18:59:25 Sent {"src":"n15","dest":"c65","body":{"in_reply_to":3,"type":"broadcast_ok"}}
2024/02/25 18:59:25 Sent {"src":"n15","dest":"n12","body":{"messages":[23,40],"msg_id":2,"type":"broadcast"}}
2024/02/25 18:59:26 Received {n12 n15 {"messages":[9,20,3,16,2,15,7,14,17,4,18,10,19,0,11,12,8,6,13,1,39],"msg_id":6,"type":"broadcast"}}
2024/02/25 18:59:26 Received {c65 n15 {"type":"broadcast","message":53,"msg_id":4}}
2024/02/25 18:59:26 Sent {"src":"n15","dest":"n12","body":{"in_reply_to":6,"type":"broadcast_ok"}}
2024/02/25 18:59:26 Sent {"src":"n15","dest":"c65","body":{"in_reply_to":4,"type":"broadcast_ok"}}
2024/02/25 18:59:26 Received {n12 n15 {"in_reply_to":2,"type":"broadcast_ok"}}
2024/02/25 18:59:26 Received {c65 n15 {"type":"read","msg_id":5}}
2024/02/25 18:59:26 Sent {"src":"n15","dest":"c65","body":{"in_reply_to":5,"messages":[16,7,14,53,9,20,10,19,11,8,39,23,3,2,18,12,13,1,40,15,17,4,0,6,5],"type":"read_ok"}}
2024/02/25 18:59:26 Sent {"src":"n15","dest":"n12","body":{"messages":[53],"msg_id":3,"type":"broadcast"}}
2024/02/25 18:59:26 Received {n12 n15 {"messages":[35,27,45,24,32,43,31,37,30,48,36,28,29,46,21,38,22,25,42,33,26,41,44,47,34,64],"msg_id":29,"type":"broadcast"}}
2024/02/25 18:59:26 Received {c65 n15 {"type":"read","msg_id":6}}
2024/02/25 18:59:26 Sent {"src":"n15","dest":"n12","body":{"in_reply_to":29,"type":"broadcast_ok"}}
2024/02/25 18:59:26 Sent {"src":"n15","dest":"c65","body":{"in_reply_to":6,"messages":[7,36,38,32,33,41,23,20,10,19,3,12,1,24,30,26,64,5,0,6,45,31,29,44,9,16,14,53,43,37,42,11,8,39,35,48,28,21,34,40,2,18,13,46,22,25,47,15,17,4,27],"type":"read_ok"}}
2024/02/25 18:59:26 Received {n12 n15 {"in_reply_to":3,"type":"broadcast_ok"}}
2024/02/25 18:59:26 Received {c65 n15 {"type":"read","msg_id":7}}
2024/02/25 18:59:26 Sent {"src":"n15","dest":"c65","body":{"in_reply_to":7,"messages":[34,40,2,18,13,48,28,21,47,15,17,4,27,46,22,25,7,36,38,23,20,10,19,32,33,41,3,12,1,64,5,0,6,45,24,30,26,9,16,14,53,31,29,44,11,8,39,35,43,37,42],"type":"read_ok"}}
2024/02/25 18:59:27 Received {n12 n15 {"messages":[55,67,50,61,73,75,56,60,51,62,72,57,68,59,69,52,65,49,63,70,58,54,66,71],"msg_id":65,"type":"broadcast"}}
2024/02/25 18:59:27 Sent {"src":"n15","dest":"n12","body":{"in_reply_to":65,"type":"broadcast_ok"}}
2024/02/25 18:59:27 Received {c65 n15 {"type":"broadcast","message":98,"msg_id":8}}
2024/02/25 18:59:27 Sent {"src":"n15","dest":"c65","body":{"in_reply_to":8,"type":"broadcast_ok"}}
2024/02/25 18:59:27 Received {c65 n15 {"type":"read","msg_id":9}}
2024/02/25 18:59:27 Sent {"src":"n15","dest":"c65","body":{"in_reply_to":9,"messages":[27,46,22,25,47,54,17,4,32,55,72,10,19,63,71,3,12,64,5,26,53,31,29,44,9,14,43,56,11,35,48,28,34,50,68,40,18,73,59,65,15,61,38,69,7,36,33,41,51,23,20,1,62,45,24,30,57,70,0,6,75,49,66,16,67,37,42,60,52,98,8,39,21,58,2,13],"type":"read_ok"}}
2024/02/25 18:59:27 Sent {"src":"n15","dest":"n12","body":{"messages":[98],"msg_id":4,"type":"broadcast"}}
2024/02/25 18:59:27 Received {n12 n15 {"messages":[74,88,78,79,87,81,90,83,92,86,76,85,89,91,84,80,77,82,109],"msg_id":95,"type":"broadcast"}}
2024/02/25 18:59:27 Sent {"src":"n15","dest":"n12","body":{"in_reply_to":95,"type":"broadcast_ok"}}
2024/02/25 18:59:27 Received {n12 n15 {"in_reply_to":4,"type":"broadcast_ok"}}
2024/02/25 18:59:27 Received {c65 n15 {"type":"read","msg_id":10}}
2024/02/25 18:59:27 Sent {"src":"n15","dest":"c65","body":{"in_reply_to":10,"messages":[23,20,33,41,51,1,62,0,6,45,24,30,57,70,86,85,16,67,75,49,66,8,39,37,42,60,52,98,2,13,21,58,91,17,4,27,46,22,25,47,54,74,79,83,80,10,19,32,55,72,76,84,3,12,63,71,88,5,26,64,77,9,14,53,31,29,44,81,11,35,43,56,92,40,18,48,28,34,50,68,87,90,82,15,61,73,59,65,78,7,36,38,69,89,109],"type":"read_ok"}}
2024/02/25 18:59:28 Received {n12 n15 {"messages":[106,112,100,111,101,93,104,95,107,94,105,102,96,108,103,110,97,99,122,136],"msg_id":102,"type":"broadcast"}}
2024/02/25 18:59:28 Sent {"src":"n15","dest":"n12","body":{"in_reply_to":102,"type":"broadcast_ok"}}
2024/02/25 18:59:28 Received {c65 n15 {"type":"read","msg_id":11}}
2024/02/25 18:59:28 Sent {"src":"n15","dest":"c65","body":{"in_reply_to":11,"messages":[13,91,110,54,74,17,4,25,47,83,84,10,32,72,76,12,63,105,5,26,101,107,81,122,9,14,31,29,11,92,82,28,50,68,87,61,65,36,69,89,108,94,33,51,111,93,62,86,85,0,6,24,57,136,16,67,49,66,37,52,98,2,21,58,112,27,46,22,79,80,19,55,3,71,88,106,64,77,96,53,44,35,43,56,90,102,40,18,48,34,15,73,59,78,7,38,109,23,20,41,97,1,104,45,30,70,100,75,95,103,99,8,39,42,60],"type":"read_ok"}}
2024/02/25 18:59:28 Received {c65 n15 {"type":"broadcast","message":147,"msg_id":12}}
2024/02/25 18:59:28 Sent {"src":"n15","dest":"c65","body":{"in_reply_to":12,"type":"broadcast_ok"}}
2024/02/25 18:59:28 Sent {"src":"n15","dest":"n12","body":{"messages":[147],"msg_id":5,"type":"broadcast"}}
2024/02/25 18:59:28 Received {n12 n15 {"messages":[126,114,133,127,117,118,132,120,134,130,116,131,125,121,135,119,123,137,115,129,113,128,124,145],"msg_id":144,"type":"broadcast"}}
2024/02/25 18:59:28 Received {c65 n15 {"type":"broadcast","message":160,"msg_id":13}}
2024/02/25 18:59:28 Sent {"src":"n15","dest":"n12","body":{"in_reply_to":144,"type":"broadcast_ok"}}
2024/02/25 18:59:28 Sent {"src":"n15","dest":"c65","body":{"in_reply_to":13,"type":"broadcast_ok"}}
2024/02/25 18:59:28 Received {n12 n15 {"in_reply_to":5,"type":"broadcast_ok"}}
2024/02/25 18:59:28 Received {c65 n15 {"type":"read","msg_id":14}}
2024/02/25 18:59:28 Sent {"src":"n15","dest":"c65","body":{"in_reply_to":14,"messages":[48,34,90,102,114,121,40,18,59,78,116,15,73,109,131,135,7,38,41,97,23,20,1,123,70,100,104,128,45,30,103,99,75,95,42,60,125,113,8,39,110,13,91,25,47,54,74,118,17,4,83,132,72,76,84,10,32,12,63,101,107,105,127,137,5,26,31,29,81,122,9,14,11,92,68,87,82,134,28,50,147,160,61,65,89,108,36,69,111,93,94,33,51,117,145,62,133,24,57,86,85,115,0,6,49,66,136,16,67,98,129,124,37,52,58,112,130,2,21,22,79,27,46,80,126,19,55,88,106,3,71,96,119,64,77,120,53,44,56,35,43],"type":"read_ok"}}
2024/02/25 18:59:28 Sent {"src":"n15","dest":"n12","body":{"messages":[160],"msg_id":6,"type":"broadcast"}}
2024/02/25 18:59:29 Received {n12 n15 {"messages":[143,140,151,158,138,149,154,142,141,152,153,146,148,144,155,139,150],"msg_id":161,"type":"broadcast"}}
2024/02/25 18:59:29 Sent {"src":"n15","dest":"n12","body":{"in_reply_to":161,"type":"broadcast_ok"}}
2024/02/25 18:59:29 Received {n12 n15 {"in_reply_to":6,"type":"broadcast_ok"}}
2024/02/25 18:59:29 Received {c65 n15 {"type":"read","msg_id":15}}
2024/02/25 18:59:29 Sent {"src":"n15","dest":"c65","body":{"in_reply_to":15,"messages":[11,92,28,50,68,87,82,134,61,65,147,160,158,155,36,69,89,108,33,51,111,93,94,62,133,117,145,148,0,6,24,57,86,85,115,16,67,49,66,136,37,52,98,129,124,2,21,58,112,130,27,46,22,79,143,80,126,19,55,3,71,88,106,64,77,96,119,53,44,120,35,43,56,121,40,18,48,34,90,102,114,15,73,59,78,116,138,7,38,109,131,135,152,23,20,41,97,139,1,123,144,149,45,30,70,100,104,128,140,146,150,75,95,103,99,8,39,42,60,125,113,154,13,91,110,153,17,4,25,47,54,74,118,83,132,142,10,32,72,76,84,151,12,63,5,26,101,107,105,127,137,9,14,31,29,81,122,141],"type":"read_ok"}}
2024/02/25 18:59:29 Received {n12 n15 {"messages":[156,172,168,166,175,157,169,159,163,177,170,164,165,161,176,167,174,171,162,173,197],"msg_id":192,"type":"broadcast"}}
2024/02/25 18:59:29 Received {c65 n15 {"type":"read","msg_id":16}}
2024/02/25 18:59:29 Sent {"src":"n15","dest":"n12","body":{"in_reply_to":192,"type":"broadcast_ok"}}
2024/02/25 18:59:29 Sent {"src":"n15","dest":"c65","body":{"in_reply_to":16,"messages":[7,38,109,131,135,152,23,20,41,97,139,1,123,144,140,149,45,30,70,100,104,128,146,150,75,95,103,99,154,8,39,42,60,125,113,13,91,110,118,153,17,4,25,47,54,74,83,132,142,10,32,72,76,84,151,12,63,137,5,26,101,107,105,127,141,9,14,31,29,81,122,11,92,28,50,68,87,82,134,61,65,147,160,158,155,36,69,89,108,33,51,111,93,94,62,133,117,145,148,115,0,6,24,57,86,85,16,67,49,66,136,37,52,98,129,124,2,21,58,112,130,27,46,22,79,143,80,126,19,55,3,71,88,106,64,77,96,119,53,44,120,35,43,56,114,121,40,18,48,34,90,102,15,73,59,78,116,138],"type":"read_ok"}}
2024/02/25 18:59:29 Received {c65 n15 {"type":"read","msg_id":17}}
2024/02/25 18:59:29 Sent {"src":"n15","dest":"c65","body":{"in_reply_to":17,"messages":[72,76,84,151,10,32,168,170,12,63,101,107,105,127,137,5,26,31,29,81,122,141,172,9,14,159,162,173,11,92,68,87,82,134,171,28,50,147,160,158,155,163,61,65,89,108,174,36,69,111,93,94,33,51,117,145,148,164,62,133,24,57,86,85,115,161,0,6,167,49,66,136,16,67,98,129,124,37,52,58,112,130,169,2,21,22,79,143,27,46,175,157,80,126,19,55,88,106,3,71,96,119,177,64,77,120,197,53,44,56,35,43,48,34,90,102,114,121,40,18,59,78,116,138,15,73,109,131,135,152,7,38,41,97,139,156,176,23,20,144,1,123,70,100,104,128,140,149,45,30,146,150,103,99,166,75,95,42,60,125,113,154,8,39,110,13,91,25,47,54,74,118,153,17,4,142,165,83,132],"type":"read_ok"}}
2024/02/25 18:59:30 Received {n12 n15 {"messages":[186,180,182,195,179,183,178,192,190,191,185,189,193,181,194,188,187,184,196,208],"msg_id":197,"type":"broadcast"}}
2024/02/25 18:59:30 Sent {"src":"n15","dest":"n12","body":{"in_reply_to":197,"type":"broadcast_ok"}}
2024/02/25 18:59:30 Received {c65 n15 {"type":"read","msg_id":18}}
2024/02/25 18:59:30 Sent {"src":"n15","dest":"c65","body":{"in_reply_to":18,"messages":[12,63,168,170,192,127,137,188,5,26,101,107,105,122,141,172,9,14,31,29,81,159,162,11,92,173,189,134,171,28,50,68,87,82,155,163,208,61,65,147,160,158,194,36,69,89,108,174,178,33,51,111,93,94,164,196,62,133,117,145,148,85,115,161,0,6,24,57,86,167,181,186,190,193,16,67,49,66,136,37,52,98,129,124,169,182,183,2,21,58,112,130,27,46,22,79,143,80,126,175,157,19,55,3,71,88,106,64,77,96,119,177,53,44,120,197,35,43,56,102,114,121,40,18,48,34,90,138,15,73,59,78,116,152,185,7,38,109,131,135,156,176,195,23,20,41,97,139,1,123,144,179,128,140,149,45,30,70,100,104,146,150,184,75,95,103,99,166,113,154,191,8,39,42,60,125,187,13,91,110,180,74,118,153,17,4,25,47,54,83,132,142,165,151,10,32,72,76,84],"type":"read_ok"}}
2024/02/25 18:59:30 Received {c65 n15 {"type":"broadcast","message":245,"msg_id":19}}
2024/02/25 18:59:30 Sent {"src":"n15","dest":"c65","body":{"in_reply_to":19,"type":"broadcast_ok"}}
2024/02/25 18:59:30 Sent {"src":"n15","dest":"n12","body":{"messages":[245],"msg_id":7,"type":"broadcast"}}
2024/02/25 18:59:30 Received {n12 n15 {"messages":[212,223,201,214,204,215,209,205,216,206,198,210,203,207,199,211,200,202,213,242],"msg_id":223,"type":"broadcast"}}
2024/02/25 18:59:30 Sent {"src":"n15","dest":"n12","body":{"in_reply_to":223,"type":"broadcast_ok"}}
2024/02/25 18:59:30 Received {n12 n15 {"in_reply_to":7,"type":"broadcast_ok"}}
2024/02/25 18:59:30 Received {c65 n15 {"type":"read","msg_id":20}}
2024/02/25 18:59:30 Sent {"src":"n15","dest":"c65","body":{"in_reply_to":20,"messages":[37,124,2,58,112,183,27,46,143,80,126,88,205,202,77,96,177,53,44,120,201,56,18,48,34,102,114,15,59,78,116,138,213,195,20,97,139,156,176,123,179,149,70,128,140,146,184,99,191,8,60,187,214,91,180,47,54,74,200,83,142,165,242,72,84,211,168,5,101,127,172,29,122,11,189,68,134,61,147,160,208,198,89,174,194,33,51,111,93,94,215,117,145,148,164,196,0,6,85,115,16,49,66,186,190,193,223,52,98,129,203,21,130,169,182,22,79,212,175,157,19,55,3,71,106,64,119,206,197,35,43,204,209,210,121,40,90,73,7,38,109,131,135,152,185,23,41,1,144,45,30,100,104,150,75,95,103,166,39,42,125,113,154,13,110,207,17,4,25,118,153,132,199,10,32,76,151,12,63,170,192,245,26,107,105,137,188,216,9,14,31,81,141,159,162,92,173,28,50,87,82,171,65,158,155,163,36,69,108,178,62,133,24,57,86,161,167,181,67,136],"type":"read_ok"}}
2024/02/25 18:59:31 Received {n12 n15 {"messages":[221,239,230,232,227,229,236,217,237,220,238,235,240,241,228,234,222,225,244,224,243,218,231,233,219,226],"msg_id":263,"type":"broadcast"}}
2024/02/25 18:59:31 Received {c65 n15 {"type":"read","msg_id":21}}
2024/02/25 18:59:31 Sent {"src":"n15","dest":"n12","body":{"in_reply_to":263,"type":"broadcast_ok"}}
2024/02/25 18:59:31 Sent {"src":"n15","dest":"c65","body":{"in_reply_to":21,"messages":[72,84,211,239,168,227,5,101,127,29,122,172,226,11,189,68,134,233,61,147,160,208,198,222,89,174,194,33,51,111,93,94,215,117,145,148,164,196,0,6,85,115,232,223,16,49,66,186,190,193,52,98,129,203,243,21,130,169,182,221,22,79,212,175,157,19,55,3,71,106,64,119,206,197,35,43,204,209,210,40,90,121,218,73,185,237,7,38,109,131,135,152,23,41,1,144,244,45,30,100,104,150,75,95,103,166,238,39,42,125,113,154,220,13,110,207,228,17,4,25,118,153,132,199,240,10,32,76,151,12,63,170,192,245,229,26,107,105,137,188,216,162,9,14,31,81,141,159,92,173,28,50,87,82,171,65,158,155,163,217,219,36,69,108,224,178,62,133,235,24,57,86,161,167,181,67,136,230,37,124,2,58,112,183,234,27,46,143,80,126,88,205,202,77,96,177,53,44,120,201,56,18,48,34,102,114,225,241,15,59,78,116,138,213,20,97,139,156,176,195,123,179,236,70,128,140,149,146,184,99,8,60,191,187,214,231,91,180,47,54,74,200,83,142,165,242],"type":"read_ok"}}
2024/02/25 18:59:31 Received {c65 n15 {"type":"broadcast","message":276,"msg_id":22}}
2024/02/25 18:59:31 Sent {"src":"n15","dest":"c65","body":{"in_reply_to":22,"type":"broadcast_ok"}}
2024/02/25 18:59:31 Sent {"src":"n15","dest":"n12","body":{"messages":[276],"msg_id":8,"type":"broadcast"}}
2024/02/25 18:59:31 Received {n12 n15 {"messages":[255,260,262,253,247,257,246,250,249,259,254,251,248,258,252,256],"msg_id":271,"type":"broadcast"}}
2024/02/25 18:59:31 Sent {"src":"n15","dest":"n12","body":{"in_reply_to":271,"type":"broadcast_ok"}}
2024/02/25 18:59:31 Received {n12 n15 {"in_reply_to":8,"type":"broadcast_ok"}}
2024/02/25 18:59:31 Received {c65 n15 {"type":"read","msg_id":23}}
2024/02/25 18:59:31 Sent {"src":"n15","dest":"c65","body":{"in_reply_to":23,"messages":[0,6,85,115,232,193,223,16,49,66,186,190,260,52,98,129,203,243,254,21,130,169,182,221,22,79,212,175,157,246,19,55,276,249,3,71,106,64,119,206,197,248,35,43,204,209,210,40,90,121,218,73,152,185,237,7,38,109,131,135,23,41,258,1,144,244,45,30,100,104,150,75,95,103,166,220,238,39,42,125,113,154,13,110,207,228,252,17,4,25,118,153,132,199,240,10,32,76,151,12,63,170,192,245,216,229,26,107,105,137,188,159,162,250,9,14,31,81,141,92,173,28,50,87,82,171,219,65,158,155,163,217,36,69,108,224,247,178,62,133,235,181,24,57,86,161,167,67,136,230,37,124,2,58,112,183,234,27,46,143,80,126,88,205,202,77,96,177,53,44,120,201,257,56,225,253,251,18,48,34,102,114,213,241,262,15,59,78,116,138,195,20,97,139,156,176,123,179,236,184,70,128,140,149,146,99,231,8,60,191,187,214,91,180,47,54,74,200,83,142,165,242,259,72,84,211,239,168,227,256,5,101,127,29,122,172,226,11,189,68,134,233,222,61,147,160,208,198,89,174,194,215,255,33,51,111,93,94,117,145,148,164,196],"type":"read_ok"}}
2024/02/25 18:59:31 Received {c65 n15 {"type":"broadcast","message":301,"msg_id":24}}
2024/02/25 18:59:31 Sent {"src":"n15","dest":"c65","body":{"in_reply_to":24,"type":"broadcast_ok"}}
2024/02/25 18:59:31 Sent {"src":"n15","dest":"n12","body":{"messages":[301],"msg_id":9,"type":"broadcast"}}
2024/02/25 18:59:32 Received {n12 n15 {"messages":[266,271,268,278,272,273,267,270,280,263,261,274,269,265,277,264,275,279,289,300],"msg_id":293,"type":"broadcast"}}
2024/02/25 18:59:32 Sent {"src":"n15","dest":"n12","body":{"in_reply_to":293,"type":"broadcast_ok"}}
2024/02/25 18:59:32 Received {n12 n15 {"in_reply_to":9,"type":"broadcast_ok"}}
2024/02/25 18:59:32 Received {c65 n15 {"type":"broadcast","message":315,"msg_id":25}}
2024/02/25 18:59:32 Sent {"src":"n15","dest":"c65","body":{"in_reply_to":25,"type":"broadcast_ok"}}
2024/02/25 18:59:32 Sent {"src":"n15","dest":"n12","body":{"messages":[315],"msg_id":10,"type":"broadcast"}}
2024/02/25 18:59:32 Received {n12 n15 {"messages":[302,293,291,286,296,284,295,297,283,290,288,299,287,298,282,281,294,285,292,314,328],"msg_id":321,"type":"broadcast"}}
2024/02/25 18:59:32 Received {c65 n15 {"type":"read","msg_id":26}}
2024/02/25 18:59:32 Sent {"src":"n15","dest":"n12","body":{"in_reply_to":321,"type":"broadcast_ok"}}
2024/02/25 18:59:32 Sent {"src":"n15","dest":"c65","body":{"in_reply_to":26,"messages":[20,97,139,156,176,195,123,179,236,70,128,140,149,146,184,271,99,263,8,60,191,187,214,231,285,91,180,47,54,74,200,284,297,83,142,165,242,259,266,289,72,84,211,239,282,168,227,256,270,5,101,127,29,122,172,226,287,11,189,269,68,134,233,61,147,160,208,198,222,89,174,194,33,51,111,93,94,215,255,117,145,148,164,196,280,0,6,85,115,232,293,16,49,66,186,190,193,223,52,98,129,203,243,260,21,130,169,182,221,254,267,22,79,212,175,157,246,19,55,276,249,278,3,71,106,64,119,206,197,35,43,204,209,210,248,302,40,90,121,218,73,237,7,38,109,131,135,152,185,23,41,258,268,275,1,144,244,291,45,30,100,104,150,75,95,103,166,273,279,299,283,39,42,125,113,154,220,238,13,110,207,228,264,17,4,25,118,153,252,295,132,199,240,328,10,32,76,151,298,12,63,170,192,245,301,26,107,105,137,188,216,229,250,9,14,31,81,141,159,162,92,173,28,50,87,82,171,65,158,155,163,217,219,36,69,108,224,247,178,62,133,235,300,24,57,86,161,167,181,277,67,136,230,37,124,288,294,2,58,112,183,234,261,274,27,46,143,80,126,314,272,88,205,202,77,96,177,315,290,53,44,120,201,257,281,292,56,286,296,251,18,48,34,102,114,225,253,262,15,59,78,116,138,213,241,265],"type":"read_ok"}}
2024/02/25 18:59:32 Received {n12 n15 {"in_reply_to":10,"type":"broadcast_ok"}}
2024/02/25 18:59:32 Received {c65 n15 {"type":"broadcast","message":346,"msg_id":27}}
2024/02/25 18:59:32 Sent {"src":"n15","dest":"c65","body":{"in_reply_to":27,"type":"broadcast_ok"}}
2024/02/25 18:59:32 Sent {"src":"n15","dest":"n12","body":{"messages":[346],"msg_id":11,"type":"broadcast"}}
2024/02/25 18:59:33 Received {n12 n15 {"messages":[303,326,316,305,325,309,308,322,321,307,319,312,327,313,329,311,324,317,320,318,306,310,323,304,344],"msg_id":355,"type":"broadcast"}}
2024/02/25 18:59:33 Sent {"src":"n15","dest":"n12","body":{"in_reply_to":355,"type":"broadcast_ok"}}
2024/02/25 18:59:33 Received {n12 n15 {"in_reply_to":11,"type":"broadcast_ok"}}
2024/02/25 18:59:33 Received {c65 n15 {"type":"read","msg_id":28}}
2024/02/25 18:59:33 Sent {"src":"n15","dest":"c65","body":{"in_reply_to":28,"messages":[56,286,296,251,18,48,34,102,114,225,253,262,15,59,78,116,138,213,241,265,20,97,139,156,176,195,319,123,179,236,70,128,140,149,146,184,271,99,263,324,8,60,191,187,214,231,285,91,180,47,54,74,200,284,297,308,304,83,142,165,242,259,266,289,72,84,211,239,282,168,227,256,270,5,101,127,29,122,172,226,287,11,189,269,68,134,233,61,147,160,208,198,222,325,89,174,194,326,33,51,111,93,94,215,255,117,145,148,164,196,280,323,0,6,85,115,232,293,16,49,66,186,190,193,223,344,52,98,129,203,243,260,307,21,130,169,182,221,254,267,22,79,212,175,157,246,305,19,55,276,249,278,3,71,106,64,119,206,320,197,346,313,35,43,204,209,210,248,302,40,90,121,218,73,237,7,38,109,131,135,152,185,316,309,318,23,41,258,268,275,303,1,144,244,291,45,30,100,104,150,75,95,103,166,273,279,299,283,39,42,125,113,154,220,238,13,110,207,228,264,17,4,25,118,153,252,295,132,199,240,328,10,32,76,151,298,12,63,170,192,245,301,26,107,105,137,188,216,229,310,250,9,14,31,81,141,159,162,322,92,173,327,311,317,28,50,87,82,171,65,158,155,163,217,219,36,69,108,224,247,178,62,133,235,300,24,57,86,161,167,181,277,67,136,230,306,37,124,288,294,2,58,112,183,234,261,274,312,27,46,143,80,126,314,329,272,88,205,202,77,96,177,315,290,321,53,44,120,201,257,281,292],"type":"read_ok"}}
2024/02/25 18:59:33 Received {c65 n15 {"type":"broadcast","message":369,"msg_id":29}}
2024/02/25 18:59:33 Sent {"src":"n15","dest":"c65","body":{"in_reply_to":29,"type":"broadcast_ok"}}
2024/02/25 18:59:33 Sent {"src":"n15","dest":"n12","body":{"messages":[369],"msg_id":12,"type":"broadcast"}}
2024/02/25 18:59:33 Received {n12 n15 {"messages":[332,341,331,348,330,337,340,349,336,334,342,345,347,335,351,339,333,350,338,343,356],"msg_id":372,"type":"broadcast"}}
2024/02/25 18:59:33 Sent {"src":"n15","dest":"n12","body":{"in_reply_to":372,"type":"broadcast_ok"}}
2024/02/25 18:59:33 Received {n12 n15 {"in_reply_to":12,"type":"broadcast_ok"}}
2024/02/25 18:59:33 Received {c65 n15 {"type":"broadcast","message":384,"msg_id":30}}
2024/02/25 18:59:33 Sent {"src":"n15","dest":"c65","body":{"in_reply_to":30,"type":"broadcast_ok"}}
2024/02/25 18:59:33 Received {c65 n15 {"type":"read","msg_id":31}}
2024/02/25 18:59:33 Sent {"src":"n15","dest":"c65","body":{"in_reply_to":31,"messages":[348,0,6,85,115,232,193,223,293,16,49,66,186,190,344,260,307,52,98,129,203,243,254,267,21,130,169,182,221,22,79,212,175,157,246,305,335,19,55,276,249,278,3,71,106,64,119,206,320,341,197,346,313,331,248,302,35,43,204,209,210,40,90,121,218,343,73,337,152,185,237,7,38,109,131,135,316,309,318,303,23,41,258,268,275,1,144,244,291,342,369,45,30,100,104,150,279,299,75,95,103,166,273,220,238,283,39,42,125,113,154,347,13,110,207,228,264,252,295,17,4,25,118,153,132,199,240,328,334,384,10,32,76,151,298,12,63,170,192,245,216,229,301,26,107,105,137,188,310,159,162,250,9,14,31,81,141,322,333,92,173,327,311,317,28,50,87,82,171,219,65,158,155,163,217,350,36,69,108,224,247,178,62,133,235,300,181,277,24,57,86,161,167,67,136,230,306,37,124,288,261,274,294,2,58,112,183,234,312,339,27,46,143,345,80,126,314,329,272,88,205,202,321,77,96,177,315,290,281,292,356,53,44,120,201,257,56,286,296,225,253,251,18,48,34,102,114,213,241,262,15,59,78,116,138,265,195,319,349,20,97,139,156,176,351,123,179,236,330,184,271,70,128,140,149,146,99,263,324,231,285,8,60,191,187,214,91,180,297,308,47,54,74,200,284,266,289,304,83,142,165,242,259,72,84,211,239,282,168,227,256,270,5,101,127,332,338,29,122,172,226,287,11,189,269,340,68,134,233,222,325,61,147,160,208,198,89,174,194,215,255,326,33,51,111,93,94,280,323,336,117,145,148,164,196],"type":"read_ok"}}
2024/02/25 18:59:33 Sent {"src":"n15","dest":"n12","body":{"messages":[384],"msg_id":13,"type":"broadcast"}}
2024/02/25 18:59:34 Received {n12 n15 {"messages":[360,370,358,371,359,354,364,361,355,365,362,366,352,363,367,373,353,372,357,368],"msg_id":393,"type":"broadcast"}}
2024/02/25 18:59:34 Sent {"src":"n15","dest":"n12","body":{"in_reply_to":393,"type":"broadcast_ok"}}
2024/02/25 18:59:34 Received {n12 n15 {"in_reply_to":13,"type":"broadcast_ok"}}
2024/02/25 18:59:34 Received {c65 n15 {"type":"broadcast","message":407,"msg_id":32}}
2024/02/25 18:59:34 Sent {"src":"n15","dest":"c65","body":{"in_reply_to":32,"type":"broadcast_ok"}}
2024/02/25 18:59:34 Sent {"src":"n15","dest":"n12","body":{"messages":[407],"msg_id":14,"type":"broadcast"}}
2024/02/25 18:59:34 Received {n12 n15 {"messages":[387,397,376,378,389,390,379,393,377,374,391,375,386,381,383,396,382,395,380,394,388,385,392,424],"msg_id":416,"type":"broadcast"}}
2024/02/25 18:59:34 Received {c65 n15 {"type":"read","msg_id":33}}
2024/02/25 18:59:34 Sent {"src":"n15","dest":"n12","body":{"in_reply_to":416,"type":"broadcast_ok"}}
2024/02/25 18:59:34 Sent {"src":"n15","dest":"c65","body":{"in_reply_to":33,"messages":[178,362,62,133,235,300,370,383,371,24,57,86,161,167,181,277,393,374,67,136,230,306,37,124,288,294,2,58,112,183,234,261,274,312,339,27,46,143,345,80,126,314,329,367,272,380,88,205,202,77,96,177,315,290,321,392,356,53,44,120,201,257,281,292,56,286,296,251,18,48,34,102,114,225,253,365,262,15,59,78,116,138,213,241,265,389,349,20,97,139,156,176,195,319,351,123,179,236,330,379,394,70,128,140,149,146,184,271,99,263,324,353,8,60,191,187,214,231,285,91,180,368,47,54,74,200,284,297,308,304,83,142,165,242,259,266,289,72,84,211,239,282,354,388,168,227,256,270,364,378,390,5,101,127,332,29,122,172,226,287,338,11,189,269,340,68,134,233,395,377,61,147,160,208,198,222,325,382,89,174,194,326,33,51,111,93,94,215,255,336,117,145,148,164,196,280,323,366,0,6,85,115,232,348,293,16,49,66,186,190,193,223,344,381,52,98,129,203,243,260,307,355,21,130,169,182,221,254,267,363,22,79,212,175,157,246,305,396,19,55,276,249,278,335,3,71,106,376,64,119,206,320,341,197,346,313,331,352,385,35,43,204,209,210,248,302,40,90,121,218,343,407,73,337,237,7,38,109,131,135,152,185,316,309,318,360,23,41,258,268,275,303,387,1,144,244,291,342,424,45,30,100,104,150,369,75,95,103,166,273,279,299,283,39,42,125,113,154,220,238,13,110,207,228,264,347,358,361,17,4,25,118,153,252,295,357,397,386,132,199,240,328,334,10,32,76,151,298,384,12,63,170,192,245,301,26,107,105,137,188,216,229,310,250,9,14,31,81,141,159,162,322,333,359,92,173,327,311,317,375,28,50,87,82,171,65,158,155,163,217,219,391,372,36,69,108,224,247,350,373],"type":"read_ok"}}
2024/02/25 18:59:34 Received {n12 n15 {"in_reply_to":14,"type":"broadcast_ok"}}
2024/02/25 18:59:34 Received {c65 n15 {"type":"broadcast","message":438,"msg_id":34}}
2024/02/25 18:59:34 Sent {"src":"n15","dest":"c65","body":{"in_reply_to":34,"type":"broadcast_ok"}}
2024/02/25 18:59:34 Sent {"src":"n15","dest":"n12","body":{"messages":[438],"msg_id":15,"type":"broadcast"}}
2024/02/25 18:59:35 Received {n12 n15 {"messages":[398,414,409,411,404,421,412,419,401,403,420,399,415,416,402,410,405,425,423,422,406,400,418,413,417,408],"msg_id":443,"type":"broadcast"}}
2024/02/25 18:59:35 Received {c65 n15 {"type":"broadcast","message":454,"msg_id":35}}
2024/02/25 18:59:35 Sent {"src":"n15","dest":"n12","body":{"in_reply_to":443,"type":"broadcast_ok"}}
2024/02/25 18:59:35 Sent {"src":"n15","dest":"c65","body":{"in_reply_to":35,"type":"broadcast_ok"}}
2024/02/25 18:59:35 Received {n12 n15 {"in_reply_to":15,"type":"broadcast_ok"}}
2024/02/25 18:59:35 Received {c65 n15 {"type":"read","msg_id":36}}
2024/02/25 18:59:35 Sent {"src":"n15","dest":"c65","body":{"in_reply_to":36,"messages":[60,191,214,91,74,200,284,142,304,72,84,211,282,421,256,270,364,378,388,5,127,122,172,11,269,340,134,395,160,198,377,402,89,174,111,94,215,255,326,117,196,280,323,366,0,6,115,232,348,49,66,186,344,420,415,243,260,307,130,221,254,267,355,363,400,157,246,396,19,249,3,71,106,376,320,341,346,313,331,209,210,385,90,218,343,407,401,73,337,7,38,135,185,316,309,360,23,258,268,275,303,144,291,342,424,30,100,369,75,42,154,438,416,13,228,264,347,358,4,25,153,252,357,397,132,199,240,328,413,76,151,298,384,12,63,170,26,216,229,301,417,141,159,250,322,359,311,317,171,65,158,155,163,217,391,36,69,224,247,373,178,362,62,235,383,24,86,167,371,393,411,67,136,230,399,37,288,454,112,183,274,27,143,126,314,367,272,380,205,177,315,321,392,414,53,257,281,356,56,48,114,15,59,78,116,138,213,241,265,97,139,156,176,349,123,179,140,184,271,394,99,353,8,187,231,285,180,47,54,297,308,368,83,165,242,259,266,289,239,354,168,227,390,101,332,29,226,287,338,406,189,68,233,61,147,208,222,325,382,194,33,51,93,145,148,164,336,404,85,16,190,193,223,293,52,98,129,203,381,21,169,182,22,79,212,175,305,55,276,278,335,409,64,119,206,405,408,197,352,35,43,204,248,302,40,121,412,109,131,152,237,318,41,387,1,244,45,104,150,95,103,166,273,279,299,39,125,113,220,238,283,110,207,17,118,295,361,386,334,10,32,192,245,107,105,137,188,310,9,14,31,81,162,333,92,173,327,375,403,28,50,87,82,219,108,350,372,133,300,370,57,161,181,277,374,419,306,425,124,2,58,234,261,294,312,339,46,345,422,80,329,423,88,202,77,96,290,418,44,120,201,292,286,296,18,34,102,225,253,251,365,262,389,410,20,195,319,351,398,236,330,379,70,128,149,146,263,324],"type":"read_ok"}}
2024/02/25 18:59:35 Sent {"src":"n15","dest":"n12","body":{"messages":[454],"msg_id":16,"type":"broadcast"}}
2024/02/25 18:59:35 Received {n12 n15 {"messages":[445,452,440,436,427,442,433,430,437,431,446,429,444,426,441,432,447,428,443,439,434,435,462],"msg_id":470,"type":"broadcast"}}
2024/02/25 18:59:35 Sent {"src":"n15","dest":"n12","body":{"in_reply_to":470,"type":"broadcast_ok"}}
2024/02/25 18:59:35 Received {n12 n15 {"in_reply_to":16,"type":"broadcast_ok"}}
2024/02/25 18:59:35 Received {c65 n15 {"type":"read","msg_id":37}}
2024/02/25 18:59:35 Sent {"src":"n15","dest":"c65","body":{"in_reply_to":37,"messages":[371,393,411,24,86,167,399,67,136,230,37,288,454,112,183,274,27,143,446,126,314,367,272,380,205,392,414,436,177,315,321,356,53,257,281,56,48,114,116,138,213,241,265,15,59,78,429,176,349,97,139,156,123,179,394,140,184,271,99,353,435,285,8,187,231,180,308,368,47,54,297,259,266,289,83,165,242,239,354,447,168,227,390,101,332,439,338,406,29,226,287,189,445,68,233,222,325,382,61,147,208,194,33,51,93,336,404,426,145,148,164,85,223,293,16,190,193,203,381,52,98,129,428,434,21,169,182,22,79,212,175,305,335,55,276,278,409,405,408,64,119,206,197,352,248,302,35,43,204,40,121,412,430,131,152,237,109,318,41,387,440,1,244,104,150,45,273,279,299,427,443,95,103,166,113,220,238,283,39,125,110,207,361,386,452,17,118,295,334,10,32,192,245,188,310,107,105,137,81,162,333,431,9,14,31,375,403,92,173,327,82,28,50,87,219,108,350,372,133,300,370,277,374,419,57,161,181,306,425,124,261,294,312,339,2,58,234,46,345,422,80,329,441,423,88,202,418,77,96,290,292,44,120,201,286,296,225,253,251,365,18,34,102,262,389,410,351,398,20,195,319,236,330,379,146,70,128,149,263,324,60,191,214,91,74,200,284,142,304,282,421,72,84,211,378,388,256,270,364,5,127,122,172,11,269,340,134,395,402,160,198,377,89,174,433,255,326,111,94,215,323,366,444,117,196,280,232,348,432,0,6,115,344,420,415,49,66,186,243,260,307,267,355,363,130,221,254,400,442,157,246,396,19,249,376,3,71,106,320,341,346,313,331,209,210,385,218,343,407,401,90,73,337,135,185,7,38,360,316,309,275,303,23,258,268,291,342,424,144,369,30,100,75,462,154,42,438,416,228,264,347,358,13,252,357,397,4,25,153,328,413,132,199,240,151,298,384,76,12,63,170,301,417,26,216,229,322,359,141,159,250,311,317,171,163,217,391,65,158,155,247,373,36,69,224,178,362,437,62,235,383],"type":"read_ok"}}
2024/02/25 18:59:35 Received {c65 n15 {"type":"broadcast","message":493,"msg_id":38}}
2024/02/25 18:59:35 Sent {"src":"n15","dest":"c65","body":{"in_reply_to":38,"type":"broadcast_ok"}}
2024/02/25 18:59:35 Sent {"src":"n15","dest":"n12","body":{"messages":[493],"msg_id":17,"type":"broadcast"}}
2024/02/25 18:59:36 Received {n12 n15 {"messages":[456,468,466,469,450,457,458,449,460,451,461,459,463,453,464,455,467,465,448,470],"msg_id":489,"type":"broadcast"}}
2024/02/25 18:59:36 Received {c65 n15 {"type":"broadcast","message":508,"msg_id":39}}
2024/02/25 18:59:36 Sent {"src":"n15","dest":"n12","body":{"in_reply_to":489,"type":"broadcast_ok"}}
2024/02/25 18:59:36 Sent {"src":"n15","dest":"c65","body":{"in_reply_to":39,"type":"broadcast_ok"}}
2024/02/25 18:59:36 Received {n12 n15 {"in_reply_to":17,"type":"broadcast_ok"}}
2024/02/25 18:59:36 Received {c65 n15 {"type":"read","msg_id":40}}
2024/02/25 18:59:36 Sent {"src":"n15","dest":"c65","body":{"in_reply_to":40,"messages":[18,34,102,225,253,251,365,262,389,410,468,20,195,319,351,398,236,330,379,70,128,149,146,263,324,455,60,191,214,91,74,200,284,142,304,72,84,211,282,421,256,270,364,378,388,5,127,122,172,11,269,340,134,395,160,198,377,402,89,174,433,111,94,215,255,326,117,196,280,323,366,444,0,6,115,232,348,432,450,49,66,186,344,420,415,243,260,307,130,221,254,267,355,363,400,157,246,396,442,19,249,3,71,106,376,320,341,346,313,331,209,210,385,90,218,343,407,401,73,337,7,38,135,185,316,309,360,23,258,268,275,303,144,291,342,424,460,30,100,369,75,462,42,154,438,416,13,228,264,347,358,448,4,25,153,252,357,397,132,199,240,328,413,76,151,298,384,12,63,170,26,216,229,301,417,141,159,250,322,359,311,317,456,171,508,65,158,155,163,217,391,36,69,224,247,373,178,362,437,62,235,383,24,86,167,371,393,411,67,136,230,399,37,288,454,112,183,274,27,143,126,314,367,446,272,380,205,177,315,321,392,414,436,466,451,53,257,281,356,56,493,457,48,114,470,15,59,78,116,138,213,241,265,429,467,97,139,156,176,349,123,179,140,184,271,394,99,353,435,8,187,231,285,180,47,54,297,308,368,469,459,83,165,242,259,266,289,239,354,447,168,227,390,101,332,439,29,226,287,338,406,189,445,68,233,61,147,208,222,325,382,194,33,51,93,145,148,164,336,404,426,85,16,190,193,223,293,52,98,129,203,381,21,169,182,428,434,22,79,212,461,175,305,55,276,278,335,409,64,119,206,405,408,197,352,35,43,204,248,302,40,121,412,430,109,131,152,237,318,458,41,387,440,1,244,464,45,104,150,95,103,166,273,279,299,427,443,39,125,113,220,238,283,110,207,17,118,295,361,386,452,334,10,32,453,192,245,463,107,105,137,188,310,9,14,31,81,162,333,431,92,173,327,375,403,28,50,87,82,219,449,108,350,372,133,300,370,57,161,181,277,374,419,306,425,124,465,2,58,234,261,294,312,339,46,345,422,80,329,441,423,88,202,77,96,290,418,44,120,201,292,286,296],"type":"read_ok"}}
2024/02/25 18:59:36 Sent {"src":"n15","dest":"n12","body":{"messages":[508],"msg_id":18,"type":"broadcast"}}
2024/02/25 18:59:36 Received {n12 n15 {"messages":[483,496,507,477,490,482,494,473,487,501,486,476,489,471,498,499,478,491,475,488,480,492,481,472,485,500,484,479,495,497,474,519],"msg_id":525,"type":"broadcast"}}
2024/02/25 18:59:36 Sent {"src":"n15","dest":"n12","body":{"in_reply_to":525,"type":"broadcast_ok"}}
2024/02/25 18:59:36 Received {n12 n15 {"in_reply_to":18,"type":"broadcast_ok"}}
2024/02/25 18:59:36 Received {c65 n15 {"type":"broadcast","message":534,"msg_id":41}}
2024/02/25 18:59:36 Sent {"src":"n15","dest":"c65","body":{"in_reply_to":41,"type":"broadcast_ok"}}
2024/02/25 18:59:36 Received {c65 n15 {"type":"read","msg_id":42}}
2024/02/25 18:59:36 Sent {"src":"n15","dest":"c65","body":{"in_reply_to":42,"messages":[365,18,34,102,225,253,251,262,389,477,410,468,20,195,319,351,398,236,330,379,70,128,149,146,496,263,324,455,60,191,214,91,74,200,284,142,304,72,84,211,282,421,256,270,364,378,388,5,127,122,172,11,269,340,478,134,395,490,160,198,377,402,498,472,89,174,433,111,94,215,255,326,117,196,280,323,366,444,450,0,6,115,232,348,432,49,66,186,344,420,415,243,260,307,497,130,221,254,267,355,363,400,157,246,396,442,19,249,486,3,71,106,376,320,341,346,313,331,209,210,385,90,218,343,407,401,73,337,519,360,7,38,135,185,316,309,23,258,268,275,303,500,144,291,342,424,460,30,100,369,75,462,42,154,438,416,13,228,264,347,358,448,4,25,153,252,357,397,132,199,240,328,413,76,151,298,384,480,12,63,170,26,216,229,301,417,494,141,159,250,322,359,507,311,317,456,171,508,65,158,155,163,217,391,36,69,224,247,373,178,362,437,62,235,383,489,488,24,86,167,371,393,411,67,136,230,399,37,288,454,112,183,274,27,143,126,314,367,446,272,380,205,466,451,177,315,321,392,414,436,53,257,281,356,56,493,457,484,48,114,470,491,241,265,15,59,78,116,138,213,474,429,467,97,139,156,176,349,123,179,140,184,271,394,99,353,435,8,187,231,285,481,495,180,459,47,54,297,308,368,469,83,165,242,259,266,289,239,354,447,168,227,390,487,499,101,332,439,29,226,287,338,406,189,445,471,68,233,61,147,208,222,325,382,194,33,51,93,492,145,148,164,336,404,426,85,16,190,193,223,293,52,98,129,203,381,21,169,182,428,434,22,79,212,461,175,305,479,55,276,278,335,534,409,501,64,119,206,405,408,197,352,35,43,204,248,302,40,121,412,430,109,131,152,237,318,458,41,387,440,1,244,464,45,104,150,427,443,95,103,166,273,279,299,473,39,125,113,220,238,283,110,207,475,17,118,295,361,386,452,334,10,32,453,192,245,463,107,105,137,188,310,431,9,14,31,81,162,333,92,173,327,375,403,483,28,50,87,82,219,449,476,108,350,372,133,300,370,482,485,57,161,181,277,374,419,306,425,124,465,339,2,58,234,261,294,312,46,345,422,80,329,441,423,88,202,77,96,290,418,44,120,201,292,286,296],"type":"read_ok"}}
2024/02/25 18:59:36 Sent {"src":"n15","dest":"n12","body":{"messages":[534],"msg_id":19,"type":"broadcast"}}
2024/02/25 18:59:37 Received {n12 n15 {"messages":[522,512,524,514,503,516,533,526,505,517,502,527,520,510,523,504,511,506,518,525,513,515,509,521],"msg_id":534,"type":"broadcast"}}
2024/02/25 18:59:37 Sent {"src":"n15","dest":"n12","body":{"in_reply_to":534,"type":"broadcast_ok"}}
2024/02/25 18:59:37 Received {n12 n15 {"in_reply_to":19,"type":"broadcast_ok"}}
2024/02/25 18:59:37 Received {c65 n15 {"type":"read","msg_id":43}}
2024/02/25 18:59:37 Sent {"src":"n15","dest":"c65","body":{"in_reply_to":43,"messages":[184,271,394,140,353,435,99,187,231,285,481,495,524,8,180,54,297,308,368,469,459,47,165,242,259,266,289,83,354,447,239,227,390,487,499,502,168,332,439,101,226,287,338,406,29,445,471,189,233,533,68,147,208,222,325,382,61,194,51,93,492,521,33,148,164,336,404,426,503,145,85,190,193,223,293,16,98,129,203,381,52,169,182,428,434,21,79,212,461,22,305,479,523,175,276,278,335,534,55,501,409,119,206,405,408,64,352,197,43,204,248,302,516,35,121,40,430,412,131,152,237,318,458,109,387,440,41,244,464,515,1,104,150,45,103,166,273,279,299,427,443,95,473,125,113,220,238,283,511,39,207,110,118,295,361,386,452,475,17,334,32,453,10,245,463,192,105,137,188,310,107,14,31,81,162,333,431,9,173,327,375,403,483,92,50,87,82,28,449,476,219,350,372,108,300,370,482,133,161,181,277,374,419,485,504,57,425,306,465,124,58,234,261,294,312,339,2,345,422,46,329,441,80,518,423,202,88,96,290,418,77,120,201,292,522,44,296,286,34,102,225,253,251,365,18,389,477,262,468,410,195,319,351,398,20,330,379,236,128,149,146,496,70,324,455,512,263,191,214,60,91,200,284,74,304,142,84,211,282,421,72,270,364,378,388,527,256,127,5,172,122,269,340,478,11,395,490,134,198,377,402,498,472,160,174,433,89,94,215,255,326,111,196,280,323,366,444,117,6,115,232,348,432,450,0,66,186,344,420,415,49,260,307,497,243,221,254,267,355,363,130,400,246,396,442,157,249,486,19,71,106,376,3,341,320,313,331,346,210,385,209,218,343,407,401,90,337,519,73,38,135,185,316,309,360,7,258,268,275,303,500,23,291,342,424,460,144,100,369,30,462,75,154,438,416,42,228,264,347,358,448,13,25,153,252,357,397,4,199,240,328,413,132,151,298,384,480,76,63,170,510,12,216,229,301,417,26,159,250,322,359,507,494,506,141,317,456,505,311,508,517,171,158,155,163,217,391,520,65,69,224,247,373,36,362,437,178,235,383,489,62,86,167,371,393,411,488,24,136,230,399,513,67,288,454,514,37,183,274,526,112,143,525,27,314,367,446,126,380,272,205,315,321,392,414,436,466,451,177,257,281,356,53,493,457,484,56,114,470,491,48,59,78,116,138,213,241,265,15,474,467,429,139,156,176,349,97,179,509,123],"type":"read_ok"}}
2024/02/25 18:59:37 Received {c65 n15 {"type":"read","msg_id":44}}
2024/02/25 18:59:37 Sent {"src":"n15","dest":"c65","body":{"in_reply_to":44,"messages":[208,222,325,382,61,147,194,93,492,521,33,51,164,336,404,426,503,145,148,85,193,223,293,16,190,129,203,381,52,98,182,428,434,21,169,212,461,22,79,479,523,175,305,278,335,534,55,276,409,501,206,405,408,64,119,197,352,204,248,302,516,35,43,40,121,412,430,152,237,318,458,109,131,440,41,387,464,515,1,244,150,45,104,166,273,279,299,427,443,95,103,473,113,220,238,283,511,39,125,110,207,295,361,386,452,475,17,118,334,453,10,32,463,192,245,137,188,310,107,105,31,81,162,333,431,9,14,327,375,403,483,92,173,87,82,28,50,476,219,449,372,108,350,370,482,133,300,181,277,374,419,485,504,57,161,306,425,124,465,234,261,294,312,339,2,58,422,46,345,441,80,329,423,518,88,202,290,418,77,96,201,292,522,44,120,286,296,102,225,253,251,365,18,34,477,262,389,410,468,319,351,398,20,195,379,236,330,149,146,496,70,128,455,512,263,324,214,60,191,91,284,74,200,142,304,211,282,421,72,84,364,378,388,527,256,270,5,127,122,172,340,478,11,269,490,134,395,377,402,498,472,160,198,433,89,174,215,255,326,111,94,280,323,366,444,117,196,115,232,348,432,450,0,6,186,344,420,415,49,66,307,497,243,260,254,267,355,363,130,221,400,396,442,157,246,486,19,249,106,376,3,71,320,341,331,346,313,385,209,210,343,407,401,90,218,519,73,337,135,185,316,309,360,7,38,268,275,303,500,23,258,342,424,460,144,291,369,30,100,75,462,438,416,42,154,264,347,358,448,13,228,153,252,357,397,4,25,240,328,413,132,199,298,384,480,76,151,170,510,12,63,229,301,417,26,216,250,322,359,507,494,506,141,159,456,505,311,317,517,171,508,155,163,217,391,520,65,158,224,247,373,36,69,437,178,362,383,489,62,235,167,371,393,411,488,24,86,230,399,513,67,136,454,514,37,288,274,526,112,183,525,27,143,367,446,126,314,272,380,205,321,392,414,436,466,451,177,315,281,356,53,257,457,484,56,493,470,491,48,114,78,116,138,213,241,265,15,59,474,429,467,156,176,349,97,139,509,123,179,271,394,140,184,435,99,353,231,285,481,495,524,8,187,180,297,308,368,469,459,47,54,242,259,266,289,83,165,447,239,354,390,487,499,502,168,227,439,101,332,287,338,406,29,226,471,189,445,533,68,233],"type":"read_ok"}}
2024/02/25 18:59:37 Received {n12 n15 {"messages":[550,536,540,530,537,551,528,545,542,539,531,548,538,544,543,535,529,546,532,549,547,541,562,573],"msg_id":567,"type":"broadcast"}}
2024/02/25 18:59:37 Sent {"src":"n15","dest":"n12","body":{"in_reply_to":567,"type":"broadcast_ok"}}
2024/02/25 18:59:37 Received {c65 n15 {"type":"read","msg_id":45}}
2024/02/25 18:59:37 Sent {"src":"n15","dest":"c65","body":{"in_reply_to":45,"messages":[46,345,422,80,329,441,423,518,88,202,77,96,290,418,522,540,44,120,201,292,286,296,253,251,365,551,18,34,102,225,262,389,477,532,410,468,398,20,195,319,351,236,330,379,496,573,70,128,149,146,263,324,455,512,60,191,214,91,74,200,284,142,304,421,72,84,211,282,388,527,256,270,364,378,5,127,122,172,11,269,340,478,134,395,490,498,472,160,198,377,402,89,174,433,326,111,94,215,255,366,444,117,196,280,323,348,432,450,541,0,6,115,232,420,415,49,66,186,344,243,260,307,497,355,363,537,535,130,221,254,267,400,157,246,396,442,19,249,486,3,71,106,376,320,341,346,313,331,209,210,385,401,90,218,343,407,73,337,519,316,309,360,7,38,135,185,303,500,529,23,258,268,275,460,144,291,342,424,30,100,369,75,462,542,548,42,154,438,416,358,448,13,228,264,347,357,397,4,25,153,252,413,132,199,240,328,480,528,76,151,298,384,544,12,63,170,510,417,538,26,216,229,301,359,507,494,506,141,159,250,322,311,317,456,505,171,508,517,217,391,520,65,158,155,163,373,36,69,224,247,178,362,437,531,62,235,383,489,393,411,488,562,24,86,167,371,513,67,136,230,399,543,37,288,454,514,550,112,183,274,526,27,143,525,126,314,367,446,272,380,205,539,414,436,466,451,177,315,321,392,53,257,281,356,56,493,457,484,48,114,470,491,138,213,241,265,15,59,78,116,474,429,467,349,97,139,156,176,123,179,509,140,184,271,394,99,353,435,481,495,524,8,187,231,285,180,368,469,459,47,54,297,308,266,289,83,165,242,259,239,354,447,499,502,168,227,390,487,101,332,439,406,536,29,226,287,338,189,445,471,68,233,533,530,325,382,61,147,208,222,194,521,33,51,93,492,404,426,503,145,148,164,336,85,293,16,190,193,223,381,52,98,129,203,434,21,169,182,428,22,79,212,461,175,305,479,523,534,55,276,278,335,409,501,546,408,64,119,206,405,197,352,302,516,35,43,204,248,40,121,412,430,318,458,109,131,152,237,41,387,440,1,244,464,515,45,104,150,279,299,427,443,95,103,166,273,473,549,238,283,511,39,125,113,220,110,207,545,386,452,475,17,118,295,361,334,10,32,453,547,192,245,463,310,107,105,137,188,162,333,431,9,14,31,81,403,483,92,173,327,375,28,50,87,82,219,449,476,108,350,372,133,300,370,482,374,419,485,504,57,161,181,277,306,425,124,465,294,312,339,2,58,234,261],"type":"read_ok"}}
2024/02/25 18:59:37 Received {c65 n15 {"type":"broadcast","message":598,"msg_id":46}}
2024/02/25 18:59:37 Sent {"src":"n15","dest":"c65","body":{"in_reply_to":46,"type":"broadcast_ok"}}
2024/02/25 18:59:37 Sent {"src":"n15","dest":"n12","body":{"messages":[598],"msg_id":20,"type":"broadcast"}}
2024/02/25 18:59:38 Received {n12 n15 {"messages":[564,556,555,559,560,558,571,553,569,552,568,567,566,561,554,565,574,557,570,572,563],"msg_id":590,"type":"broadcast"}}
2024/02/25 18:59:38 Sent {"src":"n15","dest":"n12","body":{"in_reply_to":590,"type":"broadcast_ok"}}
2024/02/25 18:59:38 Received {n12 n15 {"in_reply_to":20,"type":"broadcast_ok"}}
2024/02/25 18:59:38 Received {c65 n15 {"type":"read","msg_id":47}}
2024/02/25 18:59:38 Sent {"src":"n15","dest":"c65","body":{"in_reply_to":47,"messages":[134,395,490,472,160,198,377,402,498,89,174,433,598,568,111,94,215,255,326,444,117,196,280,323,366,432,450,541,0,6,115,232,348,415,49,66,186,344,420,243,260,307,497,363,537,535,130,221,254,267,355,400,157,246,396,442,559,19,249,486,3,71,106,376,320,341,346,313,331,209,210,385,90,218,343,407,401,73,337,519,309,360,571,7,38,135,185,316,500,529,23,258,268,275,303,561,144,291,342,424,460,30,100,369,75,462,542,42,154,438,416,548,448,13,228,264,347,358,397,4,25,153,252,357,132,199,240,328,413,528,76,151,298,384,480,12,63,170,510,544,538,26,216,229,301,417,507,494,506,141,159,250,322,359,311,317,456,505,566,171,508,517,391,520,65,158,155,163,217,36,69,224,247,373,178,362,437,531,62,235,383,489,411,488,562,24,86,167,371,393,552,67,136,230,399,513,37,288,454,514,543,112,183,274,526,550,27,143,525,126,314,367,446,557,272,380,205,539,436,466,451,177,315,321,392,414,53,257,281,356,56,493,457,484,48,114,470,491,555,213,241,265,15,59,78,116,138,474,429,467,570,97,139,156,176,349,123,179,509,140,184,271,394,99,353,435,495,524,8,187,231,285,481,180,469,459,47,54,297,308,368,289,83,165,242,259,266,239,354,447,502,554,168,227,390,487,499,101,332,439,536,29,226,287,338,406,189,445,471,68,233,533,530,382,574,61,147,208,222,325,194,565,33,51,93,492,521,426,503,145,148,164,336,404,85,16,190,193,223,293,52,98,129,203,381,21,169,182,428,434,22,79,212,461,175,305,479,523,55,276,278,335,534,409,501,546,64,119,206,405,408,197,352,516,35,43,204,248,302,40,121,412,430,458,109,131,152,237,318,41,387,440,1,244,464,515,45,104,150,299,427,443,95,103,166,273,279,473,549,283,511,39,125,113,220,238,110,207,545,452,475,560,17,118,295,361,386,569,334,10,32,453,547,192,245,463,107,105,137,188,310,333,431,9,14,31,81,162,483,92,173,327,375,403,28,50,87,82,219,449,476,108,350,372,133,300,370,482,419,485,504,57,161,181,277,374,564,306,425,124,465,312,339,2,58,234,261,294,46,345,422,80,329,441,423,518,88,202,77,96,290,418,567,540,44,120,201,292,522,286,296,553,572,251,365,551,18,34,102,225,253,262,389,477,532,410,468,20,195,319,351,398,236,330,379,573,70,128,149,146,496,263,324,455,512,60,191,214,91,74,200,284,556,558,142,304,563,72,84,211,282,421,527,256,270,364,378,388,5,127,122,172,11,269,340,478],"type":"read_ok"}}
2024/02/25 18:59:38 Received {n12 n15 {"messages":[587,600,578,575,588,584,582,595,583,581,594,592,597,577,586,591,585,599,579,590,580,593,596,576,589,610],"msg_id":618,"type":"broadcast"}}
2024/02/25 18:59:38 Sent {"src":"n15","dest":"n12","body":{"in_reply_to":618,"type":"broadcast_ok"}}
2024/02/25 18:59:38 Received {c65 n15 {"type":"broadcast","message":627,"msg_id":48}}
2024/02/25 18:59:38 Sent {"src":"n15","dest":"c65","body":{"in_reply_to":48,"type":"broadcast_ok"}}
2024/02/25 18:59:38 Received {c65 n15 {"type":"broadcast","message":641,"msg_id":49}}
2024/02/25 18:59:38 Sent {"src":"n15","dest":"c65","body":{"in_reply_to":49,"type":"broadcast_ok"}}
2024/02/25 18:59:38 Sent {"src":"n15","dest":"n12","body":{"messages":[627,641],"msg_id":21,"type":"broadcast"}}
2024/02/25 18:59:39 Received {n12 n15 {"messages":[602,614,615,624,618,607,619,601,613,606,609,611,617,605,612,604,616,603,608,638],"msg_id":633,"type":"broadcast"}}
2024/02/25 18:59:39 Sent {"src":"n15","dest":"n12","body":{"in_reply_to":633,"type":"broadcast_ok"}}
2024/02/25 18:59:39 Received {n12 n15 {"in_reply_to":21,"type":"broadcast_ok"}}
2024/02/25 18:59:39 Received {c65 n15 {"type":"read","msg_id":50}}
2024/02/25 18:59:39 Sent {"src":"n15","dest":"c65","body":{"in_reply_to":50,"messages":[329,441,80,518,585,423,202,88,96,290,418,567,77,120,201,292,522,540,44,296,553,572,638,286,34,102,225,253,251,365,551,18,389,477,532,262,468,410,195,319,351,398,20,330,379,236,128,149,146,496,573,611,70,324,455,512,263,191,214,60,91,200,284,556,558,627,74,304,599,624,142,84,211,282,421,563,72,270,364,378,388,527,256,127,603,5,172,122,269,340,478,11,395,490,134,198,377,402,498,472,160,174,433,598,568,89,94,215,255,326,111,196,280,323,366,444,117,6,115,232,348,432,450,541,0,66,186,344,420,415,49,260,307,497,243,221,254,267,355,363,537,535,130,614,400,246,396,442,559,157,249,486,19,71,106,376,3,341,320,313,331,346,210,385,209,218,343,407,401,90,337,519,73,38,135,185,316,309,360,571,7,593,600,258,268,275,303,500,529,23,291,342,424,460,561,144,100,369,30,462,542,601,75,154,438,416,548,583,42,228,264,347,358,448,13,25,153,252,357,397,605,4,199,240,328,413,591,132,151,298,384,480,528,76,63,170,510,544,594,617,12,216,229,301,417,538,26,159,250,322,359,507,494,506,141,317,456,505,566,311,508,517,171,158,155,163,217,391,520,581,65,69,224,247,373,36,362,437,531,582,178,235,383,489,62,86,167,371,393,411,488,562,24,613,552,136,230,399,513,67,288,454,514,543,37,183,274,526,550,112,143,525,616,27,314,367,446,557,584,576,606,126,380,579,272,539,641,205,315,321,392,414,436,466,451,177,580,257,281,356,53,493,457,484,56,114,470,491,555,48,59,78,116,138,213,241,265,15,474,467,570,429,139,156,176,349,97,179,509,123,184,271,394,140,353,435,590,99,187,231,285,481,495,524,596,8,180,54,297,308,368,469,459,47,165,242,259,266,289,83,354,447,588,604,239,227,390,487,499,502,554,168,332,439,578,101,226,287,338,406,536,608,29,445,471,189,233,533,530,68,147,208,222,325,382,574,609,61,565,610,194,51,93,492,521,619,33,148,164,336,404,426,503,145,85,190,193,223,293,597,16,98,129,203,381,52,169,182,428,434,21,79,212,461,602,22,305,479,523,595,586,612,175,276,278,335,534,55,501,546,592,577,409,119,206,405,408,64,352,197,43,204,248,302,516,35,121,607,40,430,412,131,152,237,318,458,589,109,387,440,41,244,464,515,1,104,150,45,103,166,273,279,299,427,443,95,549,473,125,113,220,238,283,511,39,207,545,110,118,295,361,386,452,475,560,17,615,569,334,32,453,547,587,618,10,245,463,192,105,137,188,310,107,14,31,81,162,333,431,9,173,327,375,403,483,92,50,87,82,28,449,476,219,350,372,108,300,370,482,133,161,181,277,374,419,485,504,57,575,564,425,306,465,124,58,234,261,294,312,339,2,345,422,46],"type":"read_ok"}}
2024/02/25 18:59:39 Received {n12 n15 {"messages":[629,644,642,636,620,622,637,623,631,625,639,626,640,630,633,634,621,632,628,643,635,668],"msg_id":670,"type":"broadcast"}}
2024/02/25 18:59:39 Received {c65 n15 {"type":"broadcast","message":671,"msg_id":51}}
2024/02/25 18:59:39 Sent {"src":"n15","dest":"n12","body":{"in_reply_to":670,"type":"broadcast_ok"}}
2024/02/25 18:59:39 Sent {"src":"n15","dest":"c65","body":{"in_reply_to":51,"type":"broadcast_ok"}}
2024/02/25 18:59:39 Received {c65 n15 {"type":"broadcast","message":682,"msg_id":52}}
2024/02/25 18:59:39 Sent {"src":"n15","dest":"c65","body":{"in_reply_to":52,"type":"broadcast_ok"}}
2024/02/25 18:59:39 Sent {"src":"n15","dest":"n12","body":{"messages":[671,682],"msg_id":22,"type":"broadcast"}}
2024/02/25 18:59:40 Received {n12 n15 {"messages":[652,664,656,648,661,660,655,667,646,659,653,665,654,666,647,645,658,651,663,649,650,662,657],"msg_id":687,"type":"broadcast"}}
2024/02/25 18:59:40 Sent {"src":"n15","dest":"n12","body":{"in_reply_to":687,"type":"broadcast_ok"}}
2024/02/25 18:59:40 Received {n12 n15 {"in_reply_to":22,"type":"broadcast_ok"}}
2024/02/25 18:59:40 Received {c65 n15 {"type":"read","msg_id":53}}
2024/02/25 18:59:40 Sent {"src":"n15","dest":"c65","body":{"in_reply_to":53,"messages":[151,298,384,480,528,76,63,170,510,544,594,617,12,216,229,301,417,538,659,26,159,250,322,359,507,494,506,141,620,644,317,456,505,566,311,508,517,171,158,155,163,217,391,520,581,65,69,224,247,373,640,36,362,437,531,582,178,235,383,489,62,86,167,371,393,411,488,562,24,613,552,136,230,399,513,67,288,454,514,543,37,183,274,526,550,112,143,525,616,626,27,314,367,446,557,584,576,606,126,380,579,272,539,641,205,315,321,392,414,436,466,451,177,580,257,281,356,53,493,457,484,56,114,470,491,555,48,59,78,116,138,213,241,265,15,474,467,570,653,658,662,657,429,139,156,176,349,97,179,509,123,184,271,394,140,353,435,590,99,187,231,285,481,495,524,596,8,180,54,297,308,368,469,459,665,47,165,242,259,266,289,83,354,447,588,604,648,239,227,390,487,499,502,554,168,332,439,578,647,101,226,287,338,406,536,608,29,445,471,189,233,533,530,68,147,208,222,325,382,574,609,61,565,610,194,51,93,492,521,619,635,33,148,164,336,404,426,503,145,85,190,193,223,293,597,16,98,129,203,381,52,169,182,428,434,21,79,212,461,602,22,305,479,523,595,586,612,175,276,278,335,534,55,501,546,592,577,409,119,206,405,408,64,352,197,43,204,248,302,516,35,121,607,40,430,634,412,131,152,237,318,458,589,629,109,387,440,660,41,244,464,515,1,104,150,45,103,166,273,279,299,427,443,95,549,473,125,113,220,238,283,511,39,207,545,110,118,295,361,386,452,475,560,17,615,569,334,32,453,547,587,618,10,245,463,192,105,137,188,310,682,107,14,31,81,162,333,431,9,173,327,375,403,483,92,50,87,82,663,28,449,476,668,219,350,372,108,300,370,482,133,161,181,277,374,419,485,504,57,575,564,425,306,465,124,58,234,261,294,312,339,2,345,422,654,46,329,441,80,518,585,423,202,649,88,96,290,418,567,625,671,77,120,201,292,522,540,44,296,553,572,638,286,34,102,225,253,251,365,551,18,664,389,477,532,262,468,410,195,319,351,398,630,650,20,330,379,236,128,149,146,496,573,611,70,324,455,512,263,191,214,621,60,91,200,284,556,558,627,74,304,599,624,655,142,84,211,282,421,563,72,270,364,378,388,527,256,127,603,633,632,5,172,122,269,340,478,11,395,490,656,134,198,377,402,498,472,160,174,433,598,568,89,94,215,255,326,111,196,280,323,366,444,117,6,115,232,348,432,450,541,0,628,652,661,636,66,186,344,420,415,643,49,260,307,497,243,221,254,267,355,363,537,535,130,614,642,400,246,396,442,559,666,157,249,486,19,71,106,376,637,3,341,622,631,320,313,331,346,210,385,639,209,218,343,407,401,90,337,519,73,38,135,185,316,309,360,571,7,593,600,258,268,275,303,500,529,645,23,291,342,424,460,561,667,651,144,100,369,623,30,462,542,601,646,75,154,438,416,548,583,42,228,264,347,358,448,13,25,153,252,357,397,605,4,199,240,328,413,591,132],"type":"read_ok"}}
2024/02/25 18:59:40 Received {c65 n15 {"type":"broadcast","message":708,"msg_id":54}}
2024/02/25 18:59:40 Sent {"src":"n15","dest":"c65","body":{"in_reply_to":54,"type":"broadcast_ok"}}
2024/02/25 18:59:40 Sent {"src":"n15","dest":"n12","body":{"messages":[708],"msg_id":23,"type":"broadcast"}}
2024/02/25 18:59:40 Received {n12 n15 {"messages":[675,679,685,684,673,670,681,669,680,676,687,688,672,683,689,674,677,678,686,706],"msg_id":707,"type":"broadcast"}}
2024/02/25 18:59:40 Sent {"src":"n15","dest":"n12","body":{"in_reply_to":707,"type":"broadcast_ok"}}
2024/02/25 18:59:40 Received {n12 n15 {"in_reply_to":23,"type":"broadcast_ok"}}
2024/02/25 18:59:40 Received {c65 n15 {"type":"read","msg_id":55}}
2024/02/25 18:59:40 Sent {"src":"n15","dest":"c65","body":{"in_reply_to":55,"messages":[377,402,498,472,160,198,433,598,568,89,174,215,255,326,111,94,280,323,366,444,117,196,115,232,348,432,450,541,0,6,652,661,636,628,186,344,420,415,643,49,66,307,497,243,260,254,267,355,363,537,535,130,221,642,400,614,396,442,559,666,157,246,486,19,249,106,376,637,3,71,622,631,320,341,331,346,313,385,639,209,210,343,407,401,672,90,218,519,73,337,135,185,316,309,360,571,7,38,600,593,268,275,303,500,529,645,23,258,342,424,460,561,667,651,144,291,369,623,685,30,100,542,601,646,75,462,438,416,548,583,42,154,264,347,358,448,13,228,153,252,357,397,605,688,4,25,240,328,413,591,676,132,199,298,384,480,528,76,151,170,510,544,594,617,12,63,229,301,417,538,659,26,216,250,322,359,507,494,506,141,159,644,620,456,505,566,678,311,317,517,171,508,155,163,217,391,520,581,65,158,224,247,373,640,36,69,437,531,582,178,362,383,489,62,235,167,371,393,411,488,562,24,86,552,613,230,399,513,67,136,454,514,543,37,288,274,526,550,680,112,183,525,616,626,27,143,367,446,557,584,576,606,126,314,579,272,380,641,205,539,321,392,414,436,466,451,177,315,580,687,281,356,53,257,457,484,683,56,493,470,491,555,48,114,78,116,138,213,241,265,15,59,474,570,653,658,662,657,429,467,156,176,349,97,139,509,123,179,271,394,140,184,435,590,99,353,231,285,481,495,524,596,8,187,180,297,308,368,469,459,665,47,54,242,259,266,289,83,165,447,588,604,648,681,239,354,390,487,499,502,554,168,227,439,578,647,101,332,287,338,406,536,608,679,29,226,677,471,189,445,533,530,68,233,208,222,325,382,574,609,61,147,610,194,565,93,492,521,619,635,33,51,164,336,404,426,503,708,145,148,85,193,223,293,597,16,190,129,203,381,52,98,182,428,434,21,169,212,461,602,22,79,479,523,595,586,612,175,305,278,335,534,55,276,546,592,577,409,501,206,405,408,64,119,686,197,352,204,248,302,516,35,43,607,40,121,634,412,430,152,237,318,458,589,629,109,131,440,660,41,387,464,515,1,244,150,45,104,166,273,279,299,427,443,95,103,675,473,549,113,220,238,283,511,689,39,125,545,110,207,295,361,386,452,475,560,17,118,569,615,334,670,453,547,587,618,10,32,463,192,245,137,188,310,682,107,105,31,81,162,333,431,9,14,327,375,403,483,92,173,87,82,663,28,50,476,668,219,449,372,673,108,350,370,482,133,300,181,277,374,419,485,504,57,161,564,575,306,425,124,465,234,261,294,312,339,2,58,422,654,46,345,441,80,329,585,423,518,649,88,202,290,418,567,625,671,674,77,96,201,292,522,540,44,120,553,572,638,286,296,102,225,253,251,365,551,18,34,664,477,532,706,262,389,410,468,319,351,398,630,650,20,195,379,236,330,149,146,496,573,611,70,128,455,512,263,324,214,621,669,60,191,91,284,556,558,627,74,200,599,624,655,142,304,211,282,421,563,72,84,364,378,388,527,256,270,603,633,632,5,127,684,122,172,340,478,11,269,490,656,134,395],"type":"read_ok"}}
2024/02/25 18:59:41 Received {n12 n15 {"messages":[699,698,692,690,702,693,705,700,694,703,695,707,696,709,701,704,691,697],"msg_id":729,"type":"broadcast"}}
2024/02/25 18:59:41 Received {c65 n15 {"type":"broadcast","message":730,"msg_id":56}}
2024/02/25 18:59:41 Sent {"src":"n15","dest":"n12","body":{"in_reply_to":729,"type":"broadcast_ok"}}
2024/02/25 18:59:41 Sent {"src":"n15","dest":"c65","body":{"in_reply_to":56,"type":"broadcast_ok"}}
2024/02/25 18:59:41 Received {c65 n15 {"type":"read","msg_id":57}}
2024/02/25 18:59:41 Sent {"src":"n15","dest":"c65","body":{"in_reply_to":57,"messages":[11,269,340,478,134,395,490,656,472,160,198,377,402,498,89,174,433,598,568,111,94,215,255,326,444,117,196,280,323,366,432,450,541,0,6,115,232,348,636,628,652,661,415,643,695,49,66,186,344,420,243,260,307,497,363,537,535,130,221,254,267,355,400,614,642,666,157,246,396,442,559,19,249,486,3,71,106,376,637,320,341,622,631,346,313,331,697,209,210,385,639,672,90,218,343,407,401,73,337,519,309,360,571,7,38,135,185,316,600,593,500,529,645,23,258,268,275,303,561,667,651,144,291,342,424,460,30,100,369,623,685,75,462,542,601,646,583,42,154,438,416,548,448,13,228,264,347,358,397,605,688,4,25,153,252,357,591,676,132,199,240,328,413,528,76,151,298,384,480,594,617,707,12,63,170,510,544,538,659,26,216,229,301,417,507,494,506,141,159,250,322,359,644,620,678,311,317,456,505,566,171,508,517,391,520,581,65,158,155,163,217,640,36,69,224,247,373,178,362,437,531,582,62,235,383,489,411,488,562,24,86,167,371,393,552,613,67,136,230,399,513,37,288,454,514,543,680,112,183,274,526,550,27,143,525,616,626,584,576,606,126,314,367,446,557,272,380,579,701,205,539,641,436,466,451,177,315,321,392,414,580,687,53,257,281,356,56,493,457,484,683,690,48,114,470,491,555,213,241,265,15,59,78,116,138,474,662,657,429,467,570,653,658,704,97,139,156,176,349,123,179,509,693,140,184,271,394,99,353,435,590,495,524,596,8,187,231,285,481,180,469,459,665,47,54,297,308,368,730,289,83,165,242,259,266,648,681,239,354,447,588,604,502,554,168,227,390,487,499,101,332,439,578,647,536,608,679,29,226,287,338,406,677,189,445,471,68,233,533,530,703,382,574,609,61,147,208,222,325,194,565,610,619,635,33,51,93,492,521,426,503,708,145,148,164,336,404,85,597,16,190,193,223,293,52,98,129,203,381,21,169,182,428,434,22,79,212,461,602,586,612,175,305,479,523,595,55,276,278,335,534,409,501,546,592,577,698,64,119,206,405,408,197,352,686,516,35,43,204,248,302,40,121,607,412,430,634,458,589,629,109,131,152,237,318,41,387,440,660,1,244,464,515,45,104,150,299,427,443,95,103,166,273,279,473,549,675,283,511,689,39,125,113,220,238,110,207,545,692,452,475,560,17,118,295,361,386,569,615,334,670,618,10,32,453,547,587,192,245,463,682,699,107,105,137,188,310,333,431,9,14,31,81,162,483,92,173,327,375,403,28,50,87,82,663,219,449,476,668,108,350,372,673,705,133,300,370,482,419,485,504,57,161,181,277,374,564,575,306,425,124,465,312,339,2,58,234,261,294,46,345,422,654,702,80,329,441,423,518,585,88,202,649,625,671,674,77,96,290,418,567,691,540,44,120,201,292,522,286,296,553,572,638,251,365,551,18,34,102,225,253,664,262,389,477,532,706,410,468,630,650,700,20,195,319,351,398,236,330,379,573,611,70,128,149,146,496,263,324,455,512,696,60,191,214,621,669,91,627,74,200,284,556,558,142,304,599,624,655,563,72,84,211,282,421,527,256,270,364,378,388,709,5,127,603,633,632,122,172,684,694],"type":"read_ok"}}
2024/02/25 18:59:41 Sent {"src":"n15","dest":"n12","body":{"messages":[730],"msg_id":24,"type":"broadcast"}}
2024/02/25 18:59:41 Received {n12 n15 {"messages":[723,722,717,713,716,726,714,718,728,727,720,711,719,710,712,724,715,725,721,742],"msg_id":763,"type":"broadcast"}}
2024/02/25 18:59:41 Sent {"src":"n15","dest":"n12","body":{"in_reply_to":763,"type":"broadcast_ok"}}
2024/02/25 18:59:41 Received {n12 n15 {"in_reply_to":24,"type":"broadcast_ok"}}
2024/02/25 18:59:41 Received {c65 n15 {"type":"read","msg_id":58}}
2024/02/25 18:59:41 Sent {"src":"n15","dest":"c65","body":{"in_reply_to":58,"messages":[180,665,47,54,297,308,368,469,459,730,83,165,242,259,266,289,723,239,354,447,588,604,648,681,168,227,390,487,499,502,554,101,332,439,578,647,679,29,226,287,338,406,536,608,677,189,445,471,68,233,533,530,703,609,61,147,208,222,325,382,574,194,565,610,719,33,51,93,492,521,619,635,708,145,148,164,336,404,426,503,85,16,190,193,223,293,597,52,98,129,203,381,21,169,182,428,434,22,79,212,461,602,175,305,479,523,595,586,612,55,276,278,335,534,409,501,546,592,577,64,119,206,405,408,698,711,197,352,686,35,43,204,248,302,516,40,121,607,412,430,634,629,109,131,152,237,318,458,589,41,387,440,660,1,244,464,515,45,104,150,443,95,103,166,273,279,299,427,473,549,675,689,39,125,113,220,238,283,511,110,207,545,692,560,17,118,295,361,386,452,475,569,615,334,670,10,32,453,547,587,618,192,245,463,107,105,137,188,310,682,699,727,9,14,31,81,162,333,431,92,173,327,375,403,483,28,50,87,82,663,219,449,476,668,742,108,350,372,673,705,713,133,300,370,482,504,57,161,181,277,374,419,485,564,575,306,425,124,465,2,58,234,261,294,312,339,46,345,422,654,702,80,329,441,423,518,585,88,202,649,674,77,96,290,418,567,625,671,691,44,120,201,292,522,540,286,296,553,572,638,725,551,18,34,102,225,253,251,365,664,262,389,477,532,706,410,468,700,20,195,319,351,398,630,650,236,330,379,70,128,149,146,496,573,611,263,324,455,512,718,60,191,214,621,669,696,91,726,74,200,284,556,558,627,142,304,599,624,655,72,84,211,282,421,563,256,270,364,378,388,527,5,127,603,633,632,709,122,172,684,694,11,269,340,478,134,395,490,656,160,198,377,402,498,472,720,89,174,433,598,568,111,94,215,255,326,117,196,280,323,366,444,541,0,6,115,232,348,432,450,636,628,652,661,721,695,49,66,186,344,420,415,643,243,260,307,497,535,130,221,254,267,355,363,537,400,614,642,157,246,396,442,559,666,19,249,486,3,71,106,376,637,320,341,622,631,346,313,331,697,209,210,385,639,90,218,343,407,401,672,73,337,519,571,7,38,135,185,316,309,360,600,593,645,23,258,268,275,303,500,529,651,144,291,342,424,460,561,667,30,100,369,623,685,75,462,542,601,646,42,154,438,416,548,583,13,228,264,347,358,448,722,688,4,25,153,252,357,397,605,717,132,199,240,328,413,591,676,76,151,298,384,480,528,707,12,63,170,510,544,594,617,728,26,216,229,301,417,538,659,506,141,159,250,322,359,507,494,644,620,714,311,317,456,505,566,678,171,508,517,581,65,158,155,163,217,391,520,36,69,224,247,373,640,178,362,437,531,582,62,235,383,489,724,562,24,86,167,371,393,411,488,552,613,715,67,136,230,399,513,710,37,288,454,514,543,112,183,274,526,550,680,27,143,525,616,626,606,126,314,367,446,557,584,576,272,380,579,701,205,539,641,451,177,315,321,392,414,436,466,580,687,53,257,281,356,712,56,493,457,484,683,48,114,470,491,555,690,265,15,59,78,116,138,213,241,474,429,467,570,653,658,662,657,97,139,156,176,349,704,123,179,509,693,140,184,271,394,716,99,353,435,590,596,8,187,231,285,481,495,524],"type":"read_ok"}}
2024/02/25 18:59:41 Received {c65 n15 {"type":"read","msg_id":59}}
2024/02/25 18:59:41 Sent {"src":"n15","dest":"c65","body":{"in_reply_to":59,"messages":[369,623,685,30,100,542,601,646,75,462,438,416,548,583,42,154,264,347,358,448,722,13,228,153,252,357,397,605,688,4,25,717,240,328,413,591,676,132,199,298,384,480,528,76,151,170,510,544,594,617,707,12,63,728,229,301,417,538,659,26,216,250,322,359,507,494,506,141,159,714,644,620,456,505,566,678,311,317,517,171,508,155,163,217,391,520,581,65,158,224,247,373,640,36,69,437,531,582,178,362,383,489,724,62,235,167,371,393,411,488,562,24,86,715,552,613,230,399,513,710,67,136,454,514,543,37,288,274,526,550,680,112,183,525,616,626,27,143,367,446,557,584,576,606,126,314,579,701,272,380,641,205,539,321,392,414,436,466,451,177,315,580,687,281,356,712,53,257,457,484,683,56,493,470,491,555,690,48,114,78,116,138,213,241,265,15,59,474,570,653,658,662,657,429,467,156,176,349,704,97,139,509,693,123,179,271,394,716,140,184,435,590,99,353,231,285,481,495,524,596,8,187,180,297,308,368,469,459,665,47,54,730,242,259,266,289,83,165,447,588,604,648,681,723,239,354,390,487,499,502,554,168,227,439,578,647,101,332,287,338,406,536,608,679,29,226,677,471,189,445,533,530,703,68,233,208,222,325,382,574,609,61,147,610,719,194,565,93,492,521,619,635,33,51,164,336,404,426,503,708,145,148,85,193,223,293,597,16,190,129,203,381,52,98,182,428,434,21,169,212,461,602,22,79,479,523,595,586,612,175,305,278,335,534,55,276,546,592,577,409,501,206,405,408,698,711,64,119,686,197,352,204,248,302,516,35,43,607,40,121,634,412,430,152,237,318,458,589,629,109,131,440,660,41,387,464,515,1,244,150,45,104,166,273,279,299,427,443,95,103,675,473,549,113,220,238,283,511,689,39,125,545,692,110,207,295,361,386,452,475,560,17,118,569,615,334,670,453,547,587,618,10,32,463,192,245,137,188,310,682,699,107,105,31,81,162,333,431,727,9,14,327,375,403,483,92,173,87,82,663,28,50,476,668,742,219,449,372,673,705,108,350,713,370,482,133,300,181,277,374,419,485,504,57,161,564,575,306,425,124,465,234,261,294,312,339,2,58,422,654,702,46,345,441,80,329,585,423,518,649,88,202,290,418,567,625,671,674,77,96,691,201,292,522,540,44,120,553,572,638,725,286,296,102,225,253,251,365,551,18,34,664,477,532,706,262,389,410,468,319,351,398,630,650,700,20,195,379,236,330,149,146,496,573,611,70,128,455,512,718,263,324,214,621,669,696,60,191,91,726,284,556,558,627,74,200,599,624,655,142,304,211,282,421,563,72,84,364,378,388,527,256,270,603,633,632,709,5,127,684,694,122,172,340,478,11,269,490,656,134,395,377,402,498,472,720,160,198,433,598,568,89,174,215,255,326,111,94,280,323,366,444,117,196,115,232,348,432,450,541,0,6,652,661,721,636,628,186,344,420,415,643,695,49,66,307,497,243,260,254,267,355,363,537,535,130,221,642,400,614,396,442,559,666,157,246,486,19,249,106,376,637,3,71,622,631,320,341,331,697,346,313,385,639,209,210,343,407,401,672,90,218,519,73,337,135,185,316,309,360,571,7,38,600,593,268,275,303,500,529,645,23,258,342,424,460,561,667,651,144,291],"type":"read_ok"}}
2024/02/25 18:59:42 Received {n12 n15 {"messages":[749,739,732,746,748,735,738,737,744,741,733,734,740,751,731,745,747,729,743,736,750],"msg_id":780,"type":"broadcast"}}
2024/02/25 18:59:42 Sent {"src":"n15","dest":"n12","body":{"in_reply_to":780,"type":"broadcast_ok"}}
2024/02/25 18:59:42 Received {c65 n15 {"type":"read","msg_id":60}}
2024/02/25 18:59:42 Sent {"src":"n15","dest":"c65","body":{"in_reply_to":60,"messages":[108,350,372,673,705,713,133,300,370,482,419,485,504,57,161,181,277,374,564,575,306,425,124,465,312,339,2,58,234,261,294,46,345,422,654,702,80,329,441,423,518,585,88,202,649,625,671,674,77,96,290,418,567,691,540,44,120,201,292,522,725,286,296,553,572,638,251,365,551,18,34,102,225,253,664,262,389,477,532,706,410,468,630,650,700,20,195,319,351,398,236,330,379,573,611,744,70,128,149,146,496,263,324,455,512,718,696,60,191,214,621,669,91,726,627,74,200,284,556,558,142,304,599,624,655,563,72,84,211,282,421,527,749,256,270,364,378,388,709,740,5,127,603,633,632,122,172,684,694,11,269,340,478,134,395,490,656,472,720,160,198,377,402,498,89,174,433,598,568,111,94,215,255,326,444,117,196,280,323,366,432,450,541,0,6,115,232,348,636,628,652,661,721,415,643,695,49,66,186,344,420,243,260,307,497,363,537,535,130,221,254,267,355,400,614,642,666,733,157,246,396,442,559,19,249,486,3,71,106,376,637,320,341,622,631,346,313,331,697,209,210,385,639,738,672,90,218,343,407,401,73,337,519,309,360,571,7,38,135,185,316,600,593,500,529,645,23,258,268,275,303,561,667,651,144,291,342,424,460,30,100,369,623,685,75,462,542,601,646,583,42,154,438,416,548,448,722,13,228,264,347,358,397,605,688,4,25,153,252,357,717,591,676,132,199,240,328,413,528,76,151,298,384,480,594,617,707,12,63,170,510,544,728,739,538,659,747,26,216,229,301,417,507,494,506,141,159,250,322,359,644,620,714,746,678,311,317,456,505,566,171,508,517,391,520,581,65,158,155,163,217,734,640,36,69,224,247,373,731,178,362,437,531,582,62,235,383,489,724,411,488,562,24,86,167,371,393,552,613,715,710,67,136,230,399,513,736,37,288,454,514,543,680,743,112,183,274,526,550,27,143,525,616,626,584,576,606,126,314,367,446,557,745,272,380,579,701,205,539,641,436,466,451,177,315,321,392,414,580,687,735,53,257,281,356,712,751,56,493,457,484,683,690,48,114,470,491,555,213,241,265,15,59,78,116,138,474,662,657,429,467,570,653,658,704,737,97,139,156,176,349,123,179,509,693,140,184,271,394,716,99,353,435,590,750,495,524,596,8,187,231,285,481,729,180,469,459,665,47,54,297,308,368,730,289,83,165,242,259,266,648,681,723,239,354,447,588,604,502,554,168,227,390,487,499,101,332,439,578,647,536,608,679,29,226,287,338,406,677,189,445,471,68,233,533,530,703,382,574,609,61,147,208,222,325,194,565,610,719,619,635,33,51,93,492,521,426,503,708,145,148,164,336,404,85,597,16,190,193,223,293,52,98,129,203,381,21,169,182,428,434,22,79,212,461,602,586,612,748,175,305,479,523,595,55,276,278,335,534,409,501,546,592,577,698,711,64,119,206,405,408,197,352,686,741,516,35,43,204,248,302,40,121,607,412,430,634,458,589,629,109,131,152,237,318,732,41,387,440,660,1,244,464,515,45,104,150,299,427,443,95,103,166,273,279,473,549,675,283,511,689,39,125,113,220,238,110,207,545,692,452,475,560,17,118,295,361,386,569,615,334,670,618,10,32,453,547,587,192,245,463,682,699,107,105,137,188,310,333,431,727,9,14,31,81,162,483,92,173,327,375,403,28,50,87,82,663,219,449,476,668,742],"type":"read_ok"}}
2024/02/25 18:59:42 Received {n12 n15 {"messages":[757,772,752,765,762,754,756,771,769,776,770,759,753,767,768,773,766,764,760,775,758,774,761,777,755,763],"msg_id":810,"type":"broadcast"}}
2024/02/25 18:59:42 Received {c65 n15 {"type":"read","msg_id":61}}
2024/02/25 18:59:42 Sent {"src":"n15","dest":"n12","body":{"in_reply_to":810,"type":"broadcast_ok"}}
2024/02/25 18:59:42 Sent {"src":"n15","dest":"c65","body":{"in_reply_to":61,"messages":[192,245,463,699,107,105,137,188,310,682,431,727,9,14,31,81,162,333,92,173,327,375,403,483,28,50,87,82,663,759,219,449,476,668,742,108,350,372,673,705,713,133,300,370,482,777,485,504,57,161,181,277,374,419,564,575,306,425,124,465,339,2,58,234,261,294,312,46,345,422,654,702,80,329,441,423,518,585,88,202,649,671,674,77,96,290,418,567,625,691,44,120,201,292,522,540,286,296,553,572,638,725,365,551,18,34,102,225,253,251,664,262,389,477,532,706,410,468,650,700,20,195,319,351,398,630,236,330,379,611,744,70,128,149,146,496,573,774,263,324,455,512,718,765,758,60,191,214,621,669,696,91,726,74,200,284,556,558,627,142,304,599,624,655,72,84,211,282,421,563,749,755,256,270,364,378,388,527,740,5,127,603,633,632,709,122,172,684,694,776,11,269,340,478,134,395,490,656,762,720,160,198,377,402,498,472,89,174,433,598,568,111,94,215,255,326,753,769,117,196,280,323,366,444,450,541,0,6,115,232,348,432,636,628,652,661,721,643,695,49,66,186,344,420,415,243,260,307,497,537,535,130,221,254,267,355,363,400,614,642,733,157,246,396,442,559,666,19,249,486,3,71,106,376,637,772,320,341,622,631,346,313,331,697,209,210,385,639,738,90,218,343,407,401,672,73,337,519,360,571,7,38,135,185,316,309,600,593,529,645,23,258,268,275,303,500,667,651,144,291,342,424,460,561,30,100,369,623,685,757,75,462,542,601,646,766,42,154,438,416,548,583,722,13,228,264,347,358,448,605,688,4,25,153,252,357,397,717,676,132,199,240,328,413,591,76,151,298,384,480,528,617,707,12,63,170,510,544,594,728,739,659,747,26,216,229,301,417,538,494,506,141,159,250,322,359,507,644,620,714,746,311,317,456,505,566,678,171,508,517,775,520,581,65,158,155,163,217,391,734,768,36,69,224,247,373,640,752,178,362,437,531,582,731,62,235,383,489,724,488,562,24,86,167,371,393,411,552,613,715,67,136,230,399,513,710,37,288,454,514,543,736,743,754,112,183,274,526,550,680,27,143,525,616,626,756,576,606,126,314,367,446,557,584,745,272,380,579,701,205,539,641,466,451,177,315,321,392,414,436,580,687,53,257,281,356,712,735,767,56,493,457,484,683,751,48,114,470,491,555,690,241,265,15,59,78,116,138,213,474,657,761,429,467,570,653,658,662,737,97,139,156,176,349,704,123,179,509,693,140,184,271,394,716,99,353,435,590,750,524,596,8,187,231,285,481,495,729,180,459,665,47,54,297,308,368,469,730,760,83,165,242,259,266,289,681,723,239,354,447,588,604,648,554,168,227,390,487,499,502,101,332,439,578,647,773,608,679,29,226,287,338,406,536,677,189,445,471,770,68,233,533,530,703,574,609,61,147,208,222,325,382,771,194,565,610,719,635,33,51,93,492,521,619,503,708,145,148,164,336,404,426,85,16,190,193,223,293,597,52,98,129,203,381,21,169,182,428,434,22,79,212,461,602,612,748,175,305,479,523,595,586,55,276,278,335,534,409,501,546,592,577,711,64,119,206,405,408,698,197,352,686,741,35,43,204,248,302,516,40,121,607,412,430,634,589,629,109,131,152,237,318,458,732,41,387,440,660,1,244,464,515,45,104,150,427,443,95,103,166,273,279,299,473,549,675,511,689,39,125,113,220,238,283,110,207,545,692,475,560,17,118,295,361,386,452,569,615,763,334,670,764,10,32,453,547,587,618],"type":"read_ok"}}
2024/02/25 18:59:42 Received {c65 n15 {"type":"read","msg_id":62}}
2024/02/25 18:59:42 Sent {"src":"n15","dest":"c65","body":{"in_reply_to":62,"messages":[210,385,639,738,209,218,343,407,401,672,90,337,519,73,38,135,185,316,309,360,571,7,593,600,258,268,275,303,500,529,645,23,291,342,424,460,561,667,651,144,100,369,623,685,757,30,462,542,601,646,75,154,438,416,548,583,766,42,228,264,347,358,448,722,13,25,153,252,357,397,605,688,4,717,199,240,328,413,591,676,132,151,298,384,480,528,76,63,170,510,544,594,617,707,12,739,728,216,229,301,417,538,659,747,26,159,250,322,359,507,494,506,141,620,714,746,644,317,456,505,566,678,311,508,517,775,171,158,155,163,217,391,520,581,65,734,69,224,247,373,640,768,36,362,437,531,582,731,752,178,235,383,489,724,62,86,167,371,393,411,488,562,24,613,715,552,136,230,399,513,710,67,288,454,514,543,736,37,183,274,526,550,680,743,754,112,143,525,616,626,756,27,314,367,446,557,584,576,606,126,745,380,579,701,272,539,641,205,315,321,392,414,436,466,451,177,687,580,257,281,356,712,735,53,493,457,484,683,751,767,56,114,470,491,555,690,48,59,78,116,138,213,241,265,15,474,467,570,653,658,662,657,761,429,139,156,176,349,704,737,97,179,509,693,123,184,271,394,716,140,353,435,590,750,99,187,231,285,481,495,524,596,8,729,180,54,297,308,368,469,459,665,47,730,165,242,259,266,289,760,83,354,447,588,604,648,681,723,239,227,390,487,499,502,554,168,332,439,578,647,773,101,226,287,338,406,536,608,679,29,677,445,471,770,189,233,533,530,703,68,147,208,222,325,382,574,609,61,771,565,610,719,194,51,93,492,521,619,635,33,148,164,336,404,426,503,708,145,85,190,193,223,293,597,16,98,129,203,381,52,169,182,428,434,21,79,212,461,602,22,305,479,523,595,586,612,748,175,276,278,335,534,55,501,546,592,577,409,119,206,405,408,698,711,64,352,686,741,197,43,204,248,302,516,35,121,607,40,430,634,412,131,152,237,318,458,589,629,109,732,387,440,660,41,244,464,515,1,104,150,45,103,166,273,279,299,427,443,95,549,675,473,125,113,220,238,283,511,689,39,207,545,692,110,118,295,361,386,452,475,560,17,615,763,569,670,334,32,453,547,587,618,764,10,245,463,192,105,137,188,310,682,699,107,14,31,81,162,333,431,727,9,173,327,375,403,483,92,50,87,82,663,759,28,449,476,668,742,219,350,372,673,705,108,713,300,370,482,777,133,161,181,277,374,419,485,504,57,575,564,425,306,465,124,58,234,261,294,312,339,2,345,422,654,702,46,329,441,80,518,585,423,202,649,88,96,290,418,567,625,671,674,77,691,120,201,292,522,540,44,296,553,572,638,725,286,34,102,225,253,251,365,551,18,664,389,477,532,706,262,468,410,195,319,351,398,630,650,700,20,330,379,236,128,149,146,496,573,611,744,70,324,455,512,718,765,774,263,191,214,621,669,696,758,60,726,91,200,284,556,558,627,74,304,599,624,655,142,84,211,282,421,563,72,270,364,378,388,527,749,755,256,127,603,633,632,709,740,5,172,684,694,776,122,269,340,478,11,395,490,656,762,134,198,377,402,498,472,720,160,174,433,598,568,89,94,215,255,326,753,111,196,280,323,366,444,769,117,6,115,232,348,432,450,541,0,628,652,661,721,636,66,186,344,420,415,643,695,49,260,307,497,243,221,254,267,355,363,537,535,130,614,642,400,246,396,442,559,666,733,157,249,486,19,71,106,376,637,772,3,341,622,631,320,313,331,697,346],"type":"read_ok"}}
2024/02/25 18:59:43 Received {n12 n15 {"messages":[779,789,786,783,788,781,784,790,792,785,780,793,778,791,787,782,809],"msg_id":830,"type":"broadcast"}}
2024/02/25 18:59:43 Sent {"src":"n15","dest":"n12","body":{"in_reply_to":830,"type":"broadcast_ok"}}
2024/02/25 18:59:43 Received {c65 n15 {"type":"broadcast","message":824,"msg_id":63}}
2024/02/25 18:59:43 Sent {"src":"n15","dest":"c65","body":{"in_reply_to":63,"type":"broadcast_ok"}}
2024/02/25 18:59:43 Received {c65 n15 {"type":"read","msg_id":64}}
2024/02/25 18:59:43 Sent {"src":"n15","dest":"c65","body":{"in_reply_to":64,"messages":[19,249,486,376,637,772,3,71,106,631,781,320,341,622,697,346,313,331,639,738,209,210,385,407,401,672,90,218,343,73,337,519,185,316,309,360,571,7,38,135,600,593,275,303,500,529,645,23,258,268,424,460,561,667,651,144,291,342,623,685,757,30,100,369,601,646,75,462,542,416,548,583,766,42,154,438,347,358,448,722,13,228,264,252,357,397,605,688,4,25,153,717,328,413,591,676,132,199,240,384,480,528,76,151,298,510,544,594,617,707,12,63,170,728,739,301,417,538,659,747,26,216,229,778,322,359,507,494,506,141,159,250,746,644,620,714,505,566,678,311,317,456,775,171,508,517,163,217,391,520,581,65,158,155,734,247,373,640,768,36,69,224,531,582,731,752,178,362,437,489,724,62,235,383,371,393,411,488,562,24,86,167,552,613,715,399,513,710,67,136,230,514,543,736,37,288,454,526,550,680,743,754,112,183,274,616,626,756,27,143,525,446,557,584,576,606,126,314,367,745,701,272,380,579,791,205,539,641,392,414,436,466,451,177,315,321,580,687,356,712,735,53,257,281,484,683,751,767,56,493,457,491,555,690,48,114,470,116,138,213,241,265,15,59,78,474,653,658,662,657,761,429,467,570,176,349,704,737,97,139,156,693,123,179,509,394,716,140,184,271,590,750,99,353,435,285,481,495,524,596,8,187,231,729,180,308,368,469,459,665,47,54,297,730,783,259,266,289,760,83,165,242,588,604,648,681,723,239,354,447,487,499,502,554,168,227,390,578,647,773,101,332,439,338,406,536,608,679,29,226,287,677,780,770,189,445,471,530,703,793,68,233,533,222,325,382,574,609,61,147,208,771,719,194,565,610,492,521,619,635,33,51,93,336,404,426,503,708,145,148,164,85,223,293,597,16,190,193,203,381,52,98,129,428,434,21,169,182,461,602,22,79,212,523,595,586,612,748,175,305,479,335,534,779,55,276,278,592,577,409,501,546,405,408,698,711,64,119,206,741,197,352,686,248,302,516,35,43,204,40,121,607,412,430,634,237,318,458,589,629,109,131,152,732,660,41,387,440,515,809,1,244,464,45,104,150,273,279,299,427,443,95,103,166,473,549,675,220,238,283,511,689,39,125,113,692,110,207,545,361,386,452,475,560,17,118,295,569,615,763,334,670,547,587,618,764,790,10,32,453,192,245,463,188,310,682,699,786,107,105,137,81,162,333,431,727,9,14,31,375,403,483,92,173,327,82,663,759,28,50,87,668,742,219,449,476,673,705,108,350,372,713,482,777,133,300,370,277,374,419,485,504,57,161,181,564,575,306,425,124,465,261,294,312,339,2,58,234,654,702,784,46,345,422,80,329,441,423,518,585,88,202,649,418,567,625,671,674,77,96,290,691,782,292,522,540,44,120,201,572,638,725,286,296,553,225,253,251,365,551,18,34,102,664,788,532,706,262,389,477,410,468,351,398,630,650,700,20,195,319,236,330,379,146,496,573,611,744,70,128,149,512,718,765,774,263,324,455,621,669,696,758,787,60,191,214,91,726,556,558,627,785,824,74,200,284,624,655,142,304,599,282,421,563,72,84,211,378,388,527,749,755,256,270,364,633,632,709,740,5,127,603,694,776,122,172,684,478,11,269,340,656,762,134,395,490,402,498,472,720,789,160,198,377,598,568,89,174,433,255,326,753,111,94,215,323,366,444,769,792,117,196,280,232,348,432,450,541,0,6,115,661,721,636,628,652,344,420,415,643,695,49,66,186,497,243,260,307,267,355,363,537,535,130,221,254,400,614,642,442,559,666,733,157,246,396],"type":"read_ok"}}
2024/02/25 18:59:43 Sent {"src":"n15","dest":"n12","body":{"messages":[824],"msg_id":25,"type":"broadcast"}}
2024/02/25 18:59:43 Received {n12 n15 {"messages":[812,798,811,800,813,807,805,804,801,815,797,810,795,808,794,803,806,802,796,814,799,822],"msg_id":855,"type":"broadcast"}}
2024/02/25 18:59:43 Sent {"src":"n15","dest":"n12","body":{"in_reply_to":855,"type":"broadcast_ok"}}
2024/02/25 18:59:43 Received {n12 n15 {"in_reply_to":25,"type":"broadcast_ok"}}
2024/02/25 18:59:43 Received {c65 n15 {"type":"broadcast","message":850,"msg_id":65}}
2024/02/25 18:59:43 Sent {"src":"n15","dest":"c65","body":{"in_reply_to":65,"type":"broadcast_ok"}}
2024/02/25 18:59:43 Received {c65 n15 {"type":"read","msg_id":66}}
2024/02/25 18:59:43 Sent {"src":"n15","dest":"c65","body":{"in_reply_to":66,"messages":[93,492,521,619,635,33,51,164,336,404,426,503,708,145,148,85,193,223,293,597,850,16,190,129,203,381,52,98,182,428,434,21,169,212,461,602,22,79,479,523,595,586,612,748,175,305,278,335,534,779,55,276,546,592,577,409,501,206,405,408,698,711,806,64,119,686,741,804,197,352,204,248,302,516,35,43,607,40,121,634,412,430,152,237,318,458,589,629,109,131,732,440,660,41,387,464,515,809,1,244,150,45,104,166,273,279,299,427,443,95,103,675,473,549,113,220,238,283,511,689,39,125,545,692,805,110,207,295,361,386,452,475,560,17,118,763,569,615,334,670,453,547,587,618,764,790,10,32,463,192,245,137,188,310,682,699,786,107,105,31,81,162,333,431,727,9,14,327,375,403,483,799,92,173,87,82,663,759,28,50,476,668,742,219,449,372,673,705,108,350,713,370,482,777,133,300,181,277,374,419,485,504,57,161,564,575,808,306,425,124,465,234,261,294,312,339,2,58,422,654,702,784,46,345,441,80,329,585,423,518,649,88,202,290,418,567,625,671,674,77,96,691,782,201,292,522,540,44,120,553,572,638,725,286,296,102,225,253,251,365,551,18,34,664,788,477,532,706,262,389,410,468,319,351,398,630,650,700,20,195,379,236,330,149,146,496,573,611,744,70,128,455,512,718,765,774,263,324,214,621,669,696,758,787,60,191,812,91,726,284,556,558,627,785,824,74,200,796,599,624,655,142,304,211,282,421,563,72,84,364,378,388,527,749,755,256,270,603,633,632,709,740,5,127,684,694,776,122,172,340,478,11,269,490,656,762,814,134,395,377,402,498,472,720,789,160,198,433,598,568,801,89,174,215,255,326,753,111,94,280,323,366,444,769,792,117,196,115,232,348,432,450,541,0,6,652,661,721,636,628,186,344,420,415,643,695,49,66,307,497,243,260,254,267,355,363,537,535,130,221,642,400,614,396,442,559,666,733,810,157,246,486,19,249,106,376,637,772,3,71,622,631,781,800,320,341,331,697,346,313,385,639,738,209,210,343,407,401,672,90,218,519,73,337,135,185,316,309,360,571,7,38,798,802,600,593,268,275,303,500,529,645,23,258,342,424,460,561,667,651,144,291,369,623,685,757,795,30,100,542,601,646,75,462,438,416,548,583,766,42,154,264,347,358,448,722,13,228,153,252,357,397,605,688,4,25,717,240,328,413,591,676,794,132,199,298,384,480,528,76,151,170,510,544,594,617,707,12,63,728,739,229,301,417,538,659,747,26,216,778,811,250,322,359,507,494,506,141,159,714,746,644,620,456,505,566,678,311,317,517,775,171,508,155,163,217,391,520,581,65,158,734,224,247,373,640,768,36,69,437,531,582,731,752,178,362,383,489,724,62,235,167,371,393,411,488,562,24,86,715,815,552,613,230,399,513,710,67,136,454,514,543,736,37,288,274,526,550,680,743,754,112,183,525,616,626,756,803,27,143,367,446,557,584,576,606,126,314,745,579,701,272,380,641,791,205,539,321,392,414,436,466,451,177,315,813,580,687,281,356,712,735,53,257,457,484,683,751,767,56,493,470,491,555,690,48,114,78,116,138,213,241,265,15,59,474,570,653,658,662,657,761,429,467,156,176,349,704,737,97,139,509,693,123,179,271,394,716,797,140,184,435,590,750,99,353,231,285,481,495,524,596,8,187,729,180,297,308,368,469,459,665,47,54,730,783,242,259,266,289,760,83,165,447,588,604,648,681,723,239,354,390,487,499,502,554,168,227,439,578,647,773,101,332,287,338,406,536,608,679,29,226,807,677,780,471,770,189,445,533,530,703,793,68,233,208,222,325,382,574,609,61,147,771,610,719,822,194,565],"type":"read_ok"}}
2024/02/25 18:59:43 Sent {"src":"n15","dest":"n12","body":{"messages":[850],"msg_id":26,"type":"broadcast"}}
2024/02/25 18:59:44 Received {n12 n15 {"messages":[837,816,830,827,836,819,834,838,823,840,839,826,842,828,843,829,817,831,825,841,821,820,835,818,832,833,863],"msg_id":865,"type":"broadcast"}}
2024/02/25 18:59:44 Sent {"src":"n15","dest":"n12","body":{"in_reply_to":865,"type":"broadcast_ok"}}
2024/02/25 18:59:44 Received {n12 n15 {"in_reply_to":26,"type":"broadcast_ok"}}
2024/02/25 18:59:44 Received {c65 n15 {"type":"read","msg_id":67}}
2024/02/25 18:59:44 Sent {"src":"n15","dest":"c65","body":{"in_reply_to":67,"messages":[294,312,339,2,422,702,784,46,518,649,88,671,77,96,691,782,201,522,540,572,638,725,102,225,251,837,532,706,262,389,468,195,630,379,236,330,146,573,611,744,512,765,774,836,263,324,214,621,696,60,191,812,726,284,556,558,824,200,796,863,304,655,211,282,421,749,829,364,527,603,632,709,5,127,694,122,340,478,134,395,402,498,472,720,789,160,433,598,89,174,215,326,838,111,94,444,769,792,117,432,450,541,0,6,652,661,721,628,186,344,420,643,66,307,243,355,363,537,130,254,400,442,559,666,733,810,157,486,19,249,376,637,772,71,622,781,320,341,331,346,385,738,209,407,218,337,571,798,600,593,268,275,303,23,258,842,424,561,667,651,144,291,685,757,795,30,542,601,75,462,438,416,583,154,264,722,831,13,228,252,357,605,4,25,717,240,413,676,794,298,480,76,151,170,544,594,707,12,63,417,538,747,216,811,250,322,507,141,644,620,317,566,517,775,171,508,163,217,158,155,768,247,373,531,362,437,235,724,371,393,562,552,715,86,167,399,513,827,67,230,37,514,680,112,526,616,626,840,839,27,525,606,745,126,576,380,701,436,451,177,813,712,457,751,767,56,491,78,213,265,59,474,653,662,467,156,704,139,123,693,184,590,750,99,353,481,187,297,308,368,469,459,54,783,266,604,681,354,487,168,101,536,608,780,471,445,533,703,222,574,609,147,771,822,841,194,610,93,492,33,51,336,503,145,164,85,850,16,129,381,52,98,182,602,79,595,612,55,276,577,409,206,405,698,711,741,804,197,516,35,607,121,833,412,634,318,458,109,131,834,104,273,443,95,473,113,283,511,689,125,805,110,361,763,828,17,295,334,453,547,587,790,32,192,137,682,81,162,333,431,327,483,173,87,82,476,219,673,705,108,350,713,370,482,300,277,504,161,181,808,306,234,261,58,654,830,345,441,80,329,585,423,202,290,418,567,625,674,292,44,120,553,286,296,253,365,551,18,34,664,788,477,410,351,398,650,700,835,20,319,149,496,70,128,455,718,669,758,787,91,825,627,785,74,624,819,142,599,563,72,84,378,388,755,256,270,633,740,684,776,172,11,269,490,656,762,814,377,198,568,801,255,753,280,323,366,196,115,232,348,636,415,695,49,497,260,535,832,221,267,642,614,396,246,106,3,631,800,697,313,639,210,343,401,672,90,519,73,135,185,316,309,360,7,38,802,500,529,645,342,460,369,623,100,646,548,766,42,448,826,347,358,153,397,688,328,591,132,199,384,528,510,617,728,739,229,301,659,26,778,359,494,506,159,714,746,505,678,843,311,456,821,520,581,734,65,391,224,640,36,69,731,752,178,582,489,62,383,488,613,815,24,411,136,710,543,736,288,454,550,743,754,183,274,803,143,756,446,557,584,314,367,816,272,579,641,791,205,539,321,392,414,466,315,580,687,281,356,735,53,257,484,683,493,470,555,690,48,114,116,138,241,15,570,658,657,761,429,176,349,737,97,820,179,509,271,394,716,797,140,435,231,285,495,524,596,8,729,180,665,47,730,242,259,289,760,83,165,447,588,648,723,239,390,499,502,554,227,439,578,647,773,332,287,338,406,679,29,226,807,677,770,189,530,793,68,233,208,325,382,61,565,719,521,619,635,426,708,818,148,404,193,223,293,597,190,203,428,434,21,169,212,461,22,479,523,586,748,175,305,278,335,534,779,546,592,501,408,806,64,119,686,352,204,248,302,43,40,430,152,237,589,629,732,440,660,41,387,464,515,809,1,244,150,45,166,279,299,427,103,675,549,220,238,39,545,692,207,452,475,560,569,615,118,386,670,618,764,10,463,245,188,310,699,786,107,105,31,727,9,14,375,403,799,92,663,759,28,50,668,742,449,372,777,823,133,419,485,564,575,817,57,374,425,124,465],"type":"read_ok"}}
2024/02/25 18:59:44 Received {n12 n15 {"messages":[853,861,855,848,860,856,852,849,864,845,857,858,859,846,862,854,847,844,851,871],"msg_id":900,"type":"broadcast"}}
2024/02/25 18:59:44 Received {c65 n15 {"type":"read","msg_id":68}}
2024/02/25 18:59:44 Sent {"src":"n15","dest":"n12","body":{"in_reply_to":900,"type":"broadcast_ok"}}
2024/02/25 18:59:44 Sent {"src":"n15","dest":"c65","body":{"in_reply_to":68,"messages":[218,407,337,571,600,593,798,23,258,268,275,303,842,144,291,424,561,667,651,30,685,757,795,75,462,542,601,154,438,416,583,13,228,264,722,831,4,25,252,357,605,717,240,413,676,794,76,151,298,480,12,63,170,544,594,707,216,417,538,747,811,141,250,322,507,644,620,317,566,171,508,517,775,158,155,163,217,247,373,768,362,437,531,235,724,86,167,371,393,562,552,715,67,230,399,513,827,849,37,514,112,526,680,27,525,616,626,840,839,126,576,606,745,380,701,177,436,451,813,712,56,457,751,767,491,59,78,213,265,474,467,653,662,847,139,156,704,123,693,184,99,353,590,750,187,481,54,297,308,368,469,459,783,266,861,354,604,681,168,487,101,536,608,780,445,471,533,703,147,222,574,609,771,194,610,822,841,851,33,51,93,492,145,164,336,503,85,16,850,52,98,129,381,182,79,602,859,595,612,55,276,409,577,206,405,698,711,197,741,804,35,516,862,854,121,607,412,634,833,109,131,318,458,104,834,95,273,443,473,125,113,283,511,689,845,110,805,17,295,361,763,828,334,32,453,547,587,790,192,137,682,81,162,333,431,858,173,327,483,87,82,219,476,108,350,673,705,713,300,370,482,161,181,277,504,860,306,808,58,234,261,345,654,830,80,329,441,423,585,844,202,290,418,567,625,674,44,120,292,286,296,553,18,34,253,365,551,664,788,477,410,20,319,351,398,650,700,835,70,128,149,496,455,718,669,758,787,91,825,74,627,785,142,599,624,819,72,84,563,256,270,378,388,755,633,740,172,684,776,11,269,490,656,762,814,198,377,568,801,255,753,196,280,323,366,115,232,348,636,49,415,695,853,260,497,221,267,535,832,614,642,246,396,3,106,631,800,313,697,210,639,90,343,401,672,73,519,7,38,135,185,316,309,360,802,500,529,645,342,460,100,369,623,646,42,548,766,347,358,448,826,153,397,688,132,199,328,591,384,528,510,617,728,739,26,229,301,659,778,159,359,494,506,714,746,311,456,505,678,843,856,821,65,391,520,581,734,36,69,224,640,178,582,731,752,62,383,489,24,411,488,613,815,136,710,288,454,543,736,183,274,550,743,754,143,756,803,314,367,446,557,584,272,579,816,205,539,641,791,315,321,392,414,466,580,687,53,257,281,356,735,493,484,683,48,114,470,555,690,852,15,116,138,241,864,429,570,658,657,761,97,176,349,737,179,509,820,140,271,394,716,797,435,8,231,285,495,524,596,729,180,47,665,730,83,165,242,259,289,760,239,447,588,648,723,227,390,499,502,554,332,439,578,647,773,29,226,287,338,406,679,677,807,189,770,68,233,530,793,61,208,325,382,565,719,521,619,635,148,404,426,708,818,190,193,223,293,597,855,203,21,169,428,434,22,212,461,175,305,479,523,586,748,278,335,534,779,501,546,592,64,119,408,806,352,686,43,204,248,302,40,430,152,237,589,629,732,41,387,440,660,1,244,464,515,809,45,150,103,166,279,299,427,549,675,39,220,238,207,545,692,118,386,452,475,560,569,615,670,10,618,764,245,463,107,105,188,310,699,786,9,14,31,727,92,375,403,799,28,50,663,759,449,668,742,372,846,133,777,823,57,374,419,485,564,575,817,425,124,465,2,294,312,339,46,422,702,784,848,518,88,649,77,96,671,691,782,201,522,540,572,638,725,102,225,251,837,262,389,532,706,468,195,630,236,330,379,146,573,611,744,263,324,512,765,774,836,60,191,214,621,696,812,726,200,284,556,558,824,796,304,655,863,211,282,421,364,527,749,829,5,127,603,632,709,122,694,340,478,134,395,160,402,498,472,720,789,89,174,433,598,857,111,94,215,326,838,117,444,769,792,0,6,432,450,541,628,652,661,721,66,186,344,420,643,243,307,130,254,355,363,537,400,157,442,559,666,733,810,19,249,486,71,376,637,772,320,341,622,781,871,346,331,209,385,738],"type":"read_ok"}}
2024/02/25 18:59:44 Received {c65 n15 {"type":"broadcast","message":896,"msg_id":69}}
2024/02/25 18:59:44 Sent {"src":"n15","dest":"c65","body":{"in_reply_to":69,"type":"broadcast_ok"}}
2024/02/25 18:59:44 Sent {"src":"n15","dest":"n12","body":{"messages":[896],"msg_id":27,"type":"broadcast"}}
2024/02/25 18:59:45 Received {n12 n15 {"messages":[874,883,868,878,869,879,873,877,866,875,867,876,870,865,872,894],"msg_id":933,"type":"broadcast"}}
2024/02/25 18:59:45 Sent {"src":"n15","dest":"n12","body":{"in_reply_to":933,"type":"broadcast_ok"}}
2024/02/25 18:59:45 Received {n12 n15 {"in_reply_to":27,"type":"broadcast_ok"}}
2024/02/25 18:59:45 Received {n12 n15 {"messages":[898,886,900,885,902,903,891,904,892,889,905,888,899,881,884,895,887,897,880,893,890,901,882],"msg_id":951,"type":"broadcast"}}
2024/02/25 18:59:45 Sent {"src":"n15","dest":"n12","body":{"in_reply_to":951,"type":"broadcast_ok"}}
2024/02/25 18:59:46 Received {n12 n15 {"messages":[906],"msg_id":981,"type":"broadcast"}}
2024/02/25 18:59:46 Sent {"src":"n15","dest":"n12","body":{"in_reply_to":981,"type":"broadcast_ok"}}
2024/02/25 18:59:55 Received {c65 n15 {"type":"read","msg_id":70}}
2024/02/25 18:59:55 Sent {"src":"n15","dest":"c65","body":{"in_reply_to":70,"messages":[92,375,403,799,28,50,663,759,449,668,742,867,372,846,133,777,823,873,575,817,57,374,419,485,564,425,124,465,2,294,312,339,865,46,422,702,784,848,518,88,649,890,77,96,671,691,782,201,522,540,572,638,725,102,225,251,837,262,389,532,706,468,195,630,236,330,379,896,146,573,611,744,889,836,263,324,512,765,774,812,60,191,214,621,696,726,796,200,284,556,558,824,304,655,863,211,282,421,364,527,749,829,5,127,603,632,709,122,694,340,478,134,395,789,160,402,498,472,720,89,174,433,598,857,111,94,215,326,838,117,444,769,792,432,450,541,0,6,628,652,661,721,879,899,66,186,344,420,643,243,307,130,254,355,363,537,400,666,733,810,157,442,559,19,249,486,772,71,376,637,320,341,622,781,871,346,331,209,385,738,218,407,337,886,571,600,593,798,23,258,268,275,303,842,561,667,651,144,291,424,757,795,30,685,75,462,542,601,583,154,438,416,13,228,264,722,831,605,4,25,252,357,717,676,794,240,413,76,151,298,480,892,594,707,12,63,170,544,884,216,417,538,747,811,507,141,250,322,644,620,317,566,171,508,517,775,158,155,163,217,906,247,373,768,362,437,531,235,724,552,715,86,167,371,393,562,849,67,230,399,513,827,37,514,112,526,680,839,27,525,616,626,840,126,576,606,745,380,701,177,436,451,813,712,56,457,751,767,491,59,78,213,265,474,467,653,662,847,139,156,704,123,693,893,184,99,353,590,750,877,187,481,459,783,875,54,297,308,368,469,266,861,876,354,604,681,168,487,101,536,608,780,445,471,904,533,703,888,147,222,574,609,771,898,194,610,822,841,851,33,51,93,492,145,164,336,503,85,897,16,850,52,98,129,381,182,79,602,859,595,612,55,276,409,577,206,405,698,711,197,741,804,887,35,516,862,854,121,607,412,634,833,109,131,318,458,901,104,834,95,273,443,473,845,125,113,283,511,689,110,805,903,874,17,295,361,763,828,334,32,453,547,587,790,192,137,682,81,162,333,431,858,173,327,483,87,82,219,476,108,350,673,705,713,902,300,370,482,161,181,277,504,860,306,808,58,234,261,345,654,830,80,329,441,423,585,844,202,290,418,567,625,674,44,120,292,286,296,553,664,788,18,34,253,365,551,477,410,700,835,20,319,351,398,650,70,128,149,496,455,718,669,758,787,91,825,74,627,785,142,599,624,819,72,84,563,256,270,378,388,755,633,740,172,684,776,11,269,895,490,656,762,814,198,377,568,801,255,753,196,280,323,366,115,232,348,636,49,415,695,853,260,497,221,267,535,832,614,642,866,246,396,3,106,631,800,872,313,697,210,639,672,90,343,401,73,519,309,360,7,38,135,185,316,802,500,529,645,342,460,100,369,623,646,766,42,548,347,358,448,826,397,688,153,591,132,199,328,384,528,617,510,728,739,26,229,301,659,778,494,506,159,359,714,746,856,880,311,456,505,678,843,821,894,65,391,520,581,734,36,69,224,640,178,582,731,752,62,383,489,885,24,411,488,613,815,136,710,882,288,454,543,736,900,183,274,550,743,754,143,756,803,314,367,446,557,584,272,579,816,205,539,641,791,580,687,315,321,392,414,466,53,257,281,356,735,493,484,683,852,868,48,114,470,555,690,15,116,138,241,864,429,570,658,657,761,97,176,349,737,881,179,509,820,878,140,271,394,716,797,435,596,729,8,231,285,495,524,180,891,47,665,730,760,83,165,242,259,289,883,239,447,588,648,723,870,227,390,499,502,554,332,439,578,647,773,679,677,807,29,226,287,338,406,189,770,68,233,530,793,61,208,325,382,565,719,521,619,635,148,404,426,708,818,855,190,193,223,293,597,203,21,169,428,434,22,212,461,748,175,305,479,523,586,278,335,534,779,501,546,592,64,119,408,806,352,686,43,204,248,302,905,40,430,152,237,589,629,732,41,387,440,660,869,1,244,464,515,809,45,150,549,675,103,166,279,299,427,39,220,238,207,545,692,569,615,118,386,452,475,560,670,10,618,764,245,463,786,107,105,188,310,699,9,14,31,727],"type":"read_ok"}}
