2024/02/25 18:59:24 Received {c14 n16 {"type":"init","node_id":"n16","node_ids":["n0","n1","n2","n3","n4","n5","n6","n7","n8","n9","n10","n11","n12","n13","n14","n15","n16","n17","n18","n19","n20","n21","n22","n23","n24"],"msg_id":1}}
2024/02/25 18:59:24 Node n16 initialized
2024/02/25 18:59:24 Sent {"src":"n16","dest":"c14","body":{"in_reply_to":1,"type":"init_ok"}}
2024/02/25 18:59:25 Received {c41 n16 {"type":"topology","topology":{"n2":["n7","n3","n1"],"n21":["n16","n22","n20"],"n23":["n18","n24","n22"],"n5":["n10","n0","n6"],"n8":["n13","n3","n9","n7"],"n6":["n11","n1","n7","n5"],"n19":["n24","n14","n18"],"n14":["n19","n9","n13"],"n17":["n22","n12","n18","n16"],"n1":["n6","n2","n0"],"n24":["n19","n23"],"n4":["n9","n3"],"n0":["n5","n1"],"n18":["n23","n13","n19","n17"],"n9":["n14","n4","n8"],"n10":["n15","n5","n11"],"n22":["n17","n23","n21"],"n15":["n20","n10","n16"],"n13":["n18","n8","n14","n12"],"n3":["n8","n4","n2"],"n12":["n17","n7","n13","n11"],"n11":["n16","n6","n12","n10"],"n16":["n21","n11","n17","n15"],"n7":["n12","n2","n8","n6"],"n20":["n15","n21"]},"msg_id":1}}
2024/02/25 18:59:25 Sent {"src":"n16","dest":"c41","body":{"in_reply_to":1,"type":"topology_ok"}}
2024/02/25 18:59:25 Received {c66 n16 {"type":"broadcast","message":6,"msg_id":1}}
2024/02/25 18:59:25 Sent {"src":"n16","dest":"c66","body":{"in_reply_to":1,"type":"broadcast_ok"}}
2024/02/25 18:59:25 Sent {"src":"n16","dest":"n12","body":{"messages":[6],"msg_id":1,"type":"broadcast"}}
2024/02/25 18:59:25 Received {c66 n16 {"type":"read","msg_id":2}}
2024/02/25 18:59:25 Sent {"src":"n16","dest":"c66","body":{"in_reply_to":2,"messages":[6],"type":"read_ok"}}
2024/02/25 18:59:25 Received {n12 n16 {"in_reply_to":1,"type":"broadcast_ok"}}
2024/02/25 18:59:25 Received {c66 n16 {"type":"broadcast","message":41,"msg_id":3}}
2024/02/25 18:59:25 Sent {"src":"n16","dest":"c66","body":{"in_reply_to":3,"type":"broadcast_ok"}}
2024/02/25 18:59:25 Sent {"src":"n16","dest":"n12","body":{"messages":[41],"msg_id":2,"type":"broadcast"}}
2024/02/25 18:59:26 Received {n12 n16 {"messages":[9,20,3,16,2,15,7,14,17,4,18,10,19,5,0,11,12,8,13,1,39],"msg_id":3,"type":"broadcast"}}
2024/02/25 18:59:26 Received {c66 n16 {"type":"broadcast","message":54,"msg_id":4}}
2024/02/25 18:59:26 Sent {"src":"n16","dest":"n12","body":{"in_reply_to":3,"type":"broadcast_ok"}}
2024/02/25 18:59:26 Sent {"src":"n16","dest":"c66","body":{"in_reply_to":4,"type":"broadcast_ok"}}
2024/02/25 18:59:26 Received {n12 n16 {"in_reply_to":2,"type":"broadcast_ok"}}
2024/02/25 18:59:26 Received {c66 n16 {"type":"broadcast","message":66,"msg_id":5}}
2024/02/25 18:59:26 Sent {"src":"n16","dest":"c66","body":{"in_reply_to":5,"type":"broadcast_ok"}}
2024/02/25 18:59:26 Sent {"src":"n16","dest":"n12","body":{"messages":[54,66],"msg_id":3,"type":"broadcast"}}
2024/02/25 18:59:26 Received {n12 n16 {"messages":[35,27,45,24,32,43,31,37,30,48,36,28,29,46,21,38,22,23,40,25,42,33,26,44,47,34,64],"msg_id":25,"type":"broadcast"}}
2024/02/25 18:59:26 Received {c66 n16 {"type":"broadcast","message":77,"msg_id":6}}
2024/02/25 18:59:26 Sent {"src":"n16","dest":"n12","body":{"in_reply_to":25,"type":"broadcast_ok"}}
2024/02/25 18:59:26 Sent {"src":"n16","dest":"c66","body":{"in_reply_to":6,"type":"broadcast_ok"}}
2024/02/25 18:59:26 Received {n12 n16 {"in_reply_to":3,"type":"broadcast_ok"}}
2024/02/25 18:59:26 Received {c66 n16 {"type":"read","msg_id":7}}
2024/02/25 18:59:26 Sent {"src":"n16","dest":"c66","body":{"in_reply_to":7,"messages":[13,64,5,12,42,77,22,2,1,11,35,31,28,24,20,19,54,45,8,38,9,30,4,18,0,14,32,25,66,37,36,40,26,44,48,41,16,15,39,3,17,47,34,43,6,10,46,7,29,27,21,23,33],"type":"read_ok"}}
2024/02/25 18:59:26 Sent {"src":"n16","dest":"n12","body":{"messages":[77],"msg_id":4,"type":"broadcast"}}
2024/02/25 18:59:27 Received {n12 n16 {"messages":[55,67,50,61,73,75,56,60,51,62,72,57,68,59,69,52,65,49,63,70,53,58,71],"msg_id":54,"type":"broadcast"}}
2024/02/25 18:59:27 Sent {"src":"n16","dest":"n12","body":{"in_reply_to":54,"type":"broadcast_ok"}}
2024/02/25 18:59:27 Received {n12 n16 {"in_reply_to":4,"type":"broadcast_ok"}}
2024/02/25 18:59:27 Received {c66 n16 {"type":"broadcast","message":99,"msg_id":8}}
2024/02/25 18:59:27 Sent {"src":"n16","dest":"c66","body":{"in_reply_to":8,"type":"broadcast_ok"}}
2024/02/25 18:59:27 Received {c66 n16 {"type":"read","msg_id":9}}
2024/02/25 18:59:27 Sent {"src":"n16","dest":"c66","body":{"in_reply_to":9,"messages":[20,19,54,45,24,59,8,38,61,75,60,68,9,30,57,69,4,18,0,56,14,32,25,58,51,66,37,36,40,26,44,55,70,41,16,15,39,48,65,99,3,17,47,34,6,10,43,46,73,71,7,29,27,21,23,62,72,33,13,64,50,63,5,12,42,77,67,53,2,1,22,52,49,11,35,31,28],"type":"read_ok"}}
2024/02/25 18:59:27 Sent {"src":"n16","dest":"n12","body":{"messages":[99],"msg_id":5,"type":"broadcast"}}
2024/02/25 18:59:27 Received {n12 n16 {"messages":[74,88,78,79,87,81,90,83,92,86,76,85,89,91,84,80,82,109],"msg_id":96,"type":"broadcast"}}
2024/02/25 18:59:27 Sent {"src":"n16","dest":"n12","body":{"in_reply_to":96,"type":"broadcast_ok"}}
2024/02/25 18:59:27 Received {n12 n16 {"in_reply_to":5,"type":"broadcast_ok"}}
2024/02/25 18:59:27 Received {c66 n16 {"type":"broadcast","message":124,"msg_id":10}}
2024/02/25 18:59:27 Sent {"src":"n16","dest":"c66","body":{"in_reply_to":10,"type":"broadcast_ok"}}
2024/02/25 18:59:27 Sent {"src":"n16","dest":"n12","body":{"messages":[124],"msg_id":6,"type":"broadcast"}}
2024/02/25 18:59:28 Received {n12 n16 {"messages":[106,112,100,111,101,93,104,95,107,94,105,98,102,96,108,103,110,97,122,136],"msg_id":109,"type":"broadcast"}}
2024/02/25 18:59:28 Received {c66 n16 {"type":"read","msg_id":11}}
2024/02/25 18:59:28 Sent {"src":"n16","dest":"n12","body":{"in_reply_to":109,"type":"broadcast_ok"}}
2024/02/25 18:59:28 Sent {"src":"n16","dest":"c66","body":{"in_reply_to":11,"messages":[0,87,89,82,101,14,32,25,109,51,70,37,36,40,26,65,99,100,122,41,16,15,39,3,47,34,83,6,10,46,73,29,85,136,62,74,76,93,13,64,63,78,84,124,94,5,42,67,53,1,22,96,111,107,102,20,54,59,8,61,68,110,91,97,9,30,57,69,4,18,56,58,88,66,44,55,48,105,98,17,43,71,106,95,7,86,108,81,80,27,21,23,72,33,112,50,79,12,77,90,104,2,52,49,11,35,31,28,19,45,24,38,75,60,103,92],"type":"read_ok"}}
2024/02/25 18:59:28 Received {n12 n16 {"in_reply_to":6,"type":"broadcast_ok"}}
2024/02/25 18:59:28 Received {c66 n16 {"type":"read","msg_id":12}}
2024/02/25 18:59:28 Sent {"src":"n16","dest":"c66","body":{"in_reply_to":12,"messages":[59,20,54,68,110,8,61,57,69,91,97,9,30,56,4,18,58,88,55,66,44,98,48,105,17,106,95,43,71,108,7,86,23,72,81,80,27,21,33,112,50,79,90,104,12,77,49,2,52,31,28,11,35,24,19,45,60,103,38,75,92,89,82,0,87,25,109,101,14,32,40,26,51,70,37,36,15,39,65,99,100,122,41,16,34,83,3,47,46,73,6,10,136,29,85,62,74,63,78,76,93,13,64,67,53,84,124,94,5,42,96,1,22,102,111,107],"type":"read_ok"}}
2024/02/25 18:59:28 Received {n12 n16 {"messages":[126,114,133,127,117,118,132,120,134,130,116,131,125,121,135,119,123,137,115,129,113,128,145],"msg_id":123,"type":"broadcast"}}
2024/02/25 18:59:28 Received {c66 n16 {"type":"read","msg_id":13}}
2024/02/25 18:59:28 Sent {"src":"n16","dest":"n12","body":{"in_reply_to":123,"type":"broadcast_ok"}}
2024/02/25 18:59:28 Sent {"src":"n16","dest":"c66","body":{"in_reply_to":13,"messages":[38,75,60,103,126,92,0,87,89,82,119,14,32,25,109,101,37,36,40,26,51,70,137,41,16,15,39,65,99,100,122,3,47,34,83,6,10,46,73,117,132,29,85,136,145,62,74,120,13,64,63,78,76,93,129,5,42,67,53,84,124,94,1,22,96,111,107,102,20,54,59,118,8,61,68,110,9,30,57,69,91,97,125,135,4,18,56,58,88,66,44,55,130,116,115,48,105,98,127,17,43,71,106,95,133,123,7,86,108,134,27,21,23,72,81,80,121,33,112,50,79,12,77,90,104,131,113,2,52,49,128,11,35,31,28,114,19,45,24],"type":"read_ok"}}
2024/02/25 18:59:28 Received {c66 n16 {"type":"broadcast","message":171,"msg_id":14}}
2024/02/25 18:59:28 Sent {"src":"n16","dest":"c66","body":{"in_reply_to":14,"type":"broadcast_ok"}}
2024/02/25 18:59:28 Sent {"src":"n16","dest":"n12","body":{"messages":[171],"msg_id":7,"type":"broadcast"}}
2024/02/25 18:59:29 Received {n12 n16 {"messages":[143,140,151,158,138,149,154,142,141,152,153,147,146,148,144,155,139,150],"msg_id":154,"type":"broadcast"}}
2024/02/25 18:59:29 Sent {"src":"n16","dest":"n12","body":{"in_reply_to":154,"type":"broadcast_ok"}}
2024/02/25 18:59:29 Received {n12 n16 {"in_reply_to":7,"type":"broadcast_ok"}}
2024/02/25 18:59:29 Received {c66 n16 {"type":"read","msg_id":15}}
2024/02/25 18:59:29 Sent {"src":"n16","dest":"c66","body":{"in_reply_to":15,"messages":[0,87,89,82,119,149,141,139,14,32,25,109,101,70,137,37,36,40,26,51,99,100,122,41,16,15,39,65,3,47,34,83,158,132,6,10,46,73,117,29,85,136,145,154,62,74,120,93,129,146,13,64,63,78,76,150,124,94,143,5,42,67,53,84,1,22,96,111,107,102,20,54,59,118,8,61,68,110,97,125,135,9,30,57,69,91,4,18,56,171,151,58,88,115,66,44,55,130,116,48,105,98,127,155,17,140,123,138,43,71,106,95,133,7,86,108,134,80,121,152,27,21,23,72,81,33,112,147,50,79,142,113,12,77,90,104,131,2,52,49,128,153,144,11,35,31,28,114,19,45,24,148,38,75,60,103,126,92],"type":"read_ok"}}
2024/02/25 18:59:29 Received {n12 n16 {"messages":[156,172,168,166,175,157,169,160,159,163,177,170,164,165,161,176,167,174,162,173,197],"msg_id":169,"type":"broadcast"}}
2024/02/25 18:59:29 Received {c66 n16 {"type":"broadcast","message":199,"msg_id":16}}
2024/02/25 18:59:29 Sent {"src":"n16","dest":"n12","body":{"in_reply_to":169,"type":"broadcast_ok"}}
2024/02/25 18:59:29 Sent {"src":"n16","dest":"c66","body":{"in_reply_to":16,"type":"broadcast_ok"}}
2024/02/25 18:59:29 Received {c66 n16 {"type":"broadcast","message":211,"msg_id":17}}
2024/02/25 18:59:29 Sent {"src":"n16","dest":"c66","body":{"in_reply_to":17,"type":"broadcast_ok"}}
2024/02/25 18:59:29 Sent {"src":"n16","dest":"n12","body":{"messages":[199,211],"msg_id":8,"type":"broadcast"}}
2024/02/25 18:59:30 Received {n12 n16 {"messages":[186,180,182,195,179,183,178,192,190,191,185,189,193,181,194,188,187,184,196,208],"msg_id":210,"type":"broadcast"}}
2024/02/25 18:59:30 Sent {"src":"n16","dest":"n12","body":{"in_reply_to":210,"type":"broadcast_ok"}}
2024/02/25 18:59:30 Received {n12 n16 {"in_reply_to":8,"type":"broadcast_ok"}}
2024/02/25 18:59:30 Received {c66 n16 {"type":"broadcast","message":226,"msg_id":18}}
2024/02/25 18:59:30 Sent {"src":"n16","dest":"c66","body":{"in_reply_to":18,"type":"broadcast_ok"}}
2024/02/25 18:59:30 Received {c66 n16 {"type":"read","msg_id":19}}
2024/02/25 18:59:30 Sent {"src":"n16","dest":"c66","body":{"in_reply_to":19,"messages":[8,61,68,110,177,9,30,57,69,91,97,125,135,169,4,18,56,171,151,172,182,58,88,66,44,55,130,116,115,186,180,178,192,48,105,98,127,155,164,17,140,174,183,43,71,106,95,133,123,138,162,7,86,108,134,195,27,21,23,72,81,80,121,152,190,33,112,147,160,163,184,208,50,79,142,179,12,77,90,104,131,113,176,185,2,52,49,128,11,35,31,28,114,153,144,19,45,24,148,168,166,226,38,75,60,103,126,211,188,92,0,87,89,82,119,14,32,25,109,101,149,141,139,37,36,40,26,51,70,137,159,173,41,16,15,39,65,99,100,122,181,3,47,34,83,158,193,6,10,46,73,117,132,157,161,29,85,136,145,154,156,62,74,120,199,187,13,64,63,78,76,93,129,146,150,165,196,5,42,67,53,84,124,94,143,167,189,194,1,22,96,175,170,191,111,107,102,20,54,59,118,197],"type":"read_ok"}}
2024/02/25 18:59:30 Sent {"src":"n16","dest":"n12","body":{"messages":[226],"msg_id":9,"type":"broadcast"}}
2024/02/25 18:59:30 Received {n12 n16 {"messages":[212,223,201,214,204,215,209,205,216,206,198,210,203,207,200,202,213,242],"msg_id":217,"type":"broadcast"}}
2024/02/25 18:59:30 Sent {"src":"n16","dest":"n12","body":{"in_reply_to":217,"type":"broadcast_ok"}}
2024/02/25 18:59:30 Received {n12 n16 {"in_reply_to":9,"type":"broadcast_ok"}}
2024/02/25 18:59:30 Received {c66 n16 {"type":"broadcast","message":252,"msg_id":20}}
2024/02/25 18:59:30 Sent {"src":"n16","dest":"c66","body":{"in_reply_to":20,"type":"broadcast_ok"}}
2024/02/25 18:59:30 Sent {"src":"n16","dest":"n12","body":{"messages":[252],"msg_id":10,"type":"broadcast"}}
2024/02/25 18:59:31 Received {n12 n16 {"messages":[221,239,230,232,227,229,236,217,237,220,238,235,240,241,228,245,234,222,225,244,224,243,218,231,233,219],"msg_id":256,"type":"broadcast"}}
2024/02/25 18:59:31 Received {c66 n16 {"type":"broadcast","message":265,"msg_id":21}}
2024/02/25 18:59:31 Sent {"src":"n16","dest":"n12","body":{"in_reply_to":256,"type":"broadcast_ok"}}
2024/02/25 18:59:31 Sent {"src":"n16","dest":"c66","body":{"in_reply_to":21,"type":"broadcast_ok"}}
2024/02/25 18:59:31 Received {n12 n16 {"in_reply_to":10,"type":"broadcast_ok"}}
2024/02/25 18:59:31 Received {c66 n16 {"type":"broadcast","message":277,"msg_id":22}}
2024/02/25 18:59:31 Sent {"src":"n16","dest":"c66","body":{"in_reply_to":22,"type":"broadcast_ok"}}
2024/02/25 18:59:31 Sent {"src":"n16","dest":"n12","body":{"messages":[265,277],"msg_id":11,"type":"broadcast"}}
2024/02/25 18:59:31 Received {n12 n16 {"messages":[255,260,262,253,247,257,246,250,249,259,254,251,248,258,256],"msg_id":268,"type":"broadcast"}}
2024/02/25 18:59:31 Sent {"src":"n16","dest":"n12","body":{"in_reply_to":268,"type":"broadcast_ok"}}
2024/02/25 18:59:31 Received {n12 n16 {"in_reply_to":11,"type":"broadcast_ok"}}
2024/02/25 18:59:31 Received {c66 n16 {"type":"broadcast","message":290,"msg_id":23}}
2024/02/25 18:59:31 Sent {"src":"n16","dest":"c66","body":{"in_reply_to":23,"type":"broadcast_ok"}}
2024/02/25 18:59:31 Received {c66 n16 {"type":"read","msg_id":24}}
2024/02/25 18:59:31 Sent {"src":"n16","dest":"c66","body":{"in_reply_to":24,"messages":[107,205,254,118,239,253,8,61,110,177,9,30,57,69,91,125,135,169,4,182,245,290,88,212,55,115,180,259,17,174,183,260,95,108,134,27,21,23,72,81,33,163,79,142,179,77,90,131,113,176,207,250,2,128,210,248,35,31,153,144,204,166,215,255,38,75,60,126,211,203,258,242,89,119,14,25,109,101,149,252,40,51,70,159,173,16,15,99,122,181,3,34,83,158,193,235,10,117,132,157,161,243,156,238,219,221,236,199,93,146,165,196,214,198,237,251,5,84,94,189,234,1,175,170,191,111,102,241,244,20,54,59,197,68,97,18,56,171,151,172,228,58,227,225,66,44,130,116,186,178,192,240,48,105,98,127,155,164,213,247,140,201,200,43,71,106,133,123,138,162,220,277,7,86,195,223,209,257,80,121,152,190,112,147,160,184,208,202,218,50,12,104,185,265,52,49,206,11,28,114,233,256,19,45,24,148,168,226,103,188,216,229,262,92,0,87,82,32,141,139,232,37,36,26,137,41,39,65,100,47,224,6,46,73,29,85,136,145,154,249,62,74,230,120,187,217,246,13,64,63,78,76,129,150,42,67,53,124,143,167,194,222,22,96,231],"type":"read_ok"}}
2024/02/25 18:59:31 Sent {"src":"n16","dest":"n12","body":{"messages":[290],"msg_id":12,"type":"broadcast"}}
2024/02/25 18:59:32 Received {n12 n16 {"messages":[266,271,268,278,272,273,267,270,280,276,263,261,274,269,264,275,279,289,300],"msg_id":308,"type":"broadcast"}}
2024/02/25 18:59:32 Sent {"src":"n16","dest":"n12","body":{"in_reply_to":308,"type":"broadcast_ok"}}
2024/02/25 18:59:32 Received {n12 n16 {"in_reply_to":12,"type":"broadcast_ok"}}
2024/02/25 18:59:32 Received {c66 n16 {"type":"read","msg_id":25}}
2024/02/25 18:59:32 Sent {"src":"n16","dest":"c66","body":{"in_reply_to":25,"messages":[22,96,231,266,107,205,254,274,270,118,239,253,271,267,8,61,110,177,91,125,135,169,9,30,57,69,4,182,245,290,88,212,55,115,180,259,17,174,183,260,95,279,108,134,280,81,264,27,21,23,72,33,163,79,142,179,176,207,250,263,77,90,131,113,269,2,128,210,248,204,35,31,153,144,166,215,255,211,203,258,275,38,75,60,126,242,89,119,149,252,14,25,109,101,173,40,51,70,159,181,16,15,99,122,193,235,3,34,83,158,161,243,10,117,132,157,156,238,219,221,236,199,214,198,237,251,93,146,165,196,234,5,84,94,189,1,175,170,191,111,102,241,244,272,273,20,54,59,197,68,97,172,228,261,18,56,171,151,58,227,225,186,178,192,240,66,44,130,116,155,164,213,247,48,105,98,127,140,201,200,123,138,162,220,43,71,106,133,277,278,209,257,7,86,195,223,80,121,152,190,208,202,218,112,147,160,184,50,12,104,185,265,52,49,206,256,289,11,28,114,233,168,226,19,45,24,148,262,103,188,216,229,92,276,0,87,82,32,141,139,232,37,36,26,137,41,39,65,100,47,224,6,46,73,154,249,29,85,136,145,62,74,230,300,120,187,217,246,76,129,150,13,64,63,78,143,167,194,222,42,67,53,124,268],"type":"read_ok"}}
2024/02/25 18:59:32 Received {n12 n16 {"messages":[302,293,291,286,296,284,295,297,283,301,288,299,287,298,282,281,294,285,292,314,328],"msg_id":335,"type":"broadcast"}}
2024/02/25 18:59:32 Received {c66 n16 {"type":"read","msg_id":26}}
2024/02/25 18:59:32 Sent {"src":"n16","dest":"n12","body":{"in_reply_to":335,"type":"broadcast_ok"}}
2024/02/25 18:59:32 Sent {"src":"n16","dest":"c66","body":{"in_reply_to":26,"messages":[1,175,170,191,111,102,241,244,299,294,20,54,59,197,272,273,68,286,292,97,282,296,18,56,171,151,172,228,261,58,227,225,240,66,44,130,116,186,178,192,247,48,105,98,127,155,164,213,140,201,200,220,43,71,106,133,123,138,162,277,278,7,86,195,223,209,257,80,121,152,190,112,147,160,184,208,202,218,50,12,104,185,265,52,49,206,295,11,28,114,233,256,289,19,45,24,148,168,226,293,103,188,216,229,262,92,276,284,0,87,82,302,32,141,139,232,37,36,26,137,41,39,65,100,47,224,298,6,46,73,29,85,136,145,154,249,62,74,230,120,187,217,246,300,287,283,13,64,63,78,76,129,150,222,42,67,53,124,143,167,194,268,22,96,231,266,107,205,254,274,328,118,239,253,271,270,8,61,110,177,267,291,169,9,30,57,69,91,125,135,4,182,245,290,88,212,55,115,180,259,314,17,174,183,260,95,279,108,134,280,27,21,23,72,81,264,33,163,297,79,142,179,263,77,90,131,113,176,207,250,2,128,210,248,269,35,31,153,144,204,301,166,215,255,275,38,75,60,126,211,203,258,242,288,89,119,14,25,109,101,149,252,40,51,70,159,173,16,15,99,122,181,285,3,34,83,158,193,235,10,117,132,157,161,243,281,156,238,219,221,236,199,251,93,146,165,196,214,198,237,5,84,94,189,234],"type":"read_ok"}}
2024/02/25 18:59:32 Received {c66 n16 {"type":"read","msg_id":27}}
2024/02/25 18:59:32 Sent {"src":"n16","dest":"c66","body":{"in_reply_to":27,"messages":[79,142,179,263,77,90,131,113,176,207,250,2,128,210,248,269,35,31,153,144,204,301,166,215,255,275,38,75,60,126,211,203,258,242,288,89,119,14,25,109,101,149,252,40,51,70,159,173,16,15,99,122,181,285,3,34,83,158,193,235,10,117,132,157,161,243,281,156,238,219,221,236,199,251,93,146,165,196,214,198,237,5,84,94,189,234,1,175,170,191,111,102,241,244,299,294,20,54,59,197,272,273,68,286,292,97,282,296,18,56,171,151,172,228,261,58,227,225,240,66,44,130,116,186,178,192,247,48,105,98,127,155,164,213,140,201,200,220,43,71,106,133,123,138,162,277,278,7,86,195,223,209,257,80,121,152,190,112,147,160,184,208,202,218,50,12,104,185,265,52,49,206,295,11,28,114,233,256,289,19,45,24,148,168,226,293,103,188,216,229,262,92,276,284,0,87,82,302,32,141,139,232,37,36,26,137,41,39,65,100,47,224,298,6,46,73,29,85,136,145,154,249,62,74,230,120,187,217,246,300,287,283,13,64,63,78,76,129,150,222,42,67,53,124,143,167,194,268,22,96,231,266,107,205,254,274,328,118,239,253,271,270,8,61,110,177,267,291,169,9,30,57,69,91,125,135,4,182,245,290,88,212,55,115,180,259,314,17,174,183,260,95,279,108,134,280,27,21,23,72,81,264,33,163,297],"type":"read_ok"}}
2024/02/25 18:59:33 Received {n12 n16 {"messages":[303,326,316,305,325,309,308,322,321,307,319,312,327,313,329,311,324,317,320,318,306,310,323,315,304,344],"msg_id":348,"type":"broadcast"}}
2024/02/25 18:59:33 Sent {"src":"n16","dest":"n12","body":{"in_reply_to":348,"type":"broadcast_ok"}}
2024/02/25 18:59:33 Received {c66 n16 {"type":"read","msg_id":28}}
2024/02/25 18:59:33 Sent {"src":"n16","dest":"c66","body":{"in_reply_to":28,"messages":[58,227,225,186,178,192,240,66,44,130,116,155,164,213,247,48,105,98,127,140,201,200,313,123,138,162,220,43,71,106,133,277,278,209,257,7,86,195,223,80,121,152,190,208,202,218,112,147,160,184,50,12,104,185,265,52,49,206,295,256,289,321,11,28,114,233,168,226,293,316,19,45,24,148,262,322,103,188,216,229,92,276,284,0,87,82,302,344,32,141,139,232,304,37,36,26,137,41,39,65,100,47,224,298,6,46,73,154,249,324,29,85,136,145,62,74,230,300,287,312,306,120,187,217,246,76,129,150,283,13,64,63,78,311,143,167,194,222,42,67,53,124,268,303,22,96,231,266,328,107,205,254,274,270,118,239,253,271,267,291,8,61,110,177,91,125,135,169,9,30,57,69,4,182,245,290,88,212,55,115,180,310,259,314,319,17,174,183,260,95,279,325,108,134,280,315,81,264,318,27,21,23,72,33,163,297,320,79,142,179,176,207,250,263,77,90,131,113,269,2,128,210,248,204,301,309,308,35,31,153,144,166,215,255,327,211,203,258,275,38,75,60,126,242,288,89,119,149,252,14,25,109,101,173,317,40,51,70,159,181,285,16,15,99,122,193,235,3,34,83,158,161,243,281,10,117,132,157,156,238,219,221,236,329,199,214,198,237,251,93,146,165,196,326,234,5,84,94,189,305,1,175,170,191,299,294,111,102,241,244,272,273,20,54,59,197,323,68,286,292,307,97,282,172,228,261,296,18,56,171,151],"type":"read_ok"}}
2024/02/25 18:59:33 Received {c66 n16 {"type":"read","msg_id":29}}
2024/02/25 18:59:33 Sent {"src":"n16","dest":"c66","body":{"in_reply_to":29,"messages":[120,187,217,246,300,287,312,306,13,64,63,78,76,129,150,283,311,42,67,53,124,143,167,194,222,268,303,22,96,231,266,107,205,254,274,328,118,239,253,271,270,8,61,110,177,267,291,9,30,57,69,91,125,135,169,4,182,245,290,88,212,55,115,180,310,259,314,17,174,183,260,319,95,279,325,108,134,280,315,27,21,23,72,81,264,318,33,163,297,320,79,142,179,77,90,131,113,176,207,250,263,2,128,210,248,269,35,31,153,144,204,301,309,308,166,215,255,327,38,75,60,126,211,203,258,275,242,288,89,119,14,25,109,101,149,252,40,51,70,159,173,317,16,15,99,122,181,285,3,34,83,158,193,235,10,117,132,157,161,243,281,156,238,219,221,236,329,199,93,146,165,196,214,198,237,251,326,5,84,94,189,234,1,175,170,191,305,111,102,241,244,299,294,20,54,59,197,272,273,68,286,292,307,323,97,282,18,56,171,151,172,228,261,296,58,227,225,66,44,130,116,186,178,192,240,48,105,98,127,155,164,213,247,140,201,200,313,43,71,106,133,123,138,162,220,277,278,7,86,195,223,209,257,80,121,152,190,112,147,160,184,208,202,218,50,12,104,185,265,52,49,206,295,11,28,114,233,256,289,321,19,45,24,148,168,226,293,316,103,188,216,229,262,322,92,276,284,0,87,82,302,32,141,139,232,344,37,36,26,137,304,41,39,65,100,47,224,298,6,46,73,29,85,136,145,154,249,324,62,74,230],"type":"read_ok"}}
2024/02/25 18:59:33 Received {n12 n16 {"messages":[332,341,331,348,330,337,340,349,336,334,342,346,345,347,335,351,339,333,350,338,343,356],"msg_id":380,"type":"broadcast"}}
2024/02/25 18:59:33 Sent {"src":"n16","dest":"n12","body":{"in_reply_to":380,"type":"broadcast_ok"}}
2024/02/25 18:59:33 Received {c66 n16 {"type":"broadcast","message":385,"msg_id":30}}
2024/02/25 18:59:33 Sent {"src":"n16","dest":"c66","body":{"in_reply_to":30,"type":"broadcast_ok"}}
2024/02/25 18:59:33 Received {c66 n16 {"type":"read","msg_id":31}}
2024/02/25 18:59:33 Sent {"src":"n16","dest":"c66","body":{"in_reply_to":31,"messages":[92,276,284,385,0,87,82,302,344,332,32,141,139,232,304,37,36,26,137,41,39,65,100,47,224,298,6,46,73,154,249,324,339,29,85,136,145,62,74,230,300,287,312,306,120,187,217,246,76,129,150,283,13,64,63,78,311,143,167,194,222,42,67,53,124,268,303,22,96,231,266,328,340,356,107,205,254,274,270,118,239,253,271,267,291,8,61,110,177,91,125,135,169,9,30,57,69,336,335,4,182,245,290,88,212,55,115,180,310,259,314,319,342,17,174,183,260,95,279,325,108,134,280,315,81,264,318,27,21,23,72,33,163,297,320,79,142,179,176,207,250,263,77,90,131,113,349,345,269,346,2,128,210,248,204,301,309,308,35,31,153,144,166,215,255,327,211,203,258,275,38,75,60,126,242,288,89,119,149,252,14,25,109,101,173,317,347,40,51,70,159,181,285,351,16,15,99,122,193,235,3,34,83,158,161,243,281,10,117,132,157,156,238,219,348,221,236,329,199,214,198,237,251,93,146,165,196,326,234,338,5,84,94,189,305,330,1,175,170,191,299,294,341,350,111,102,241,244,272,273,20,54,59,197,323,68,286,292,307,97,282,172,228,261,296,18,56,171,151,58,227,225,331,186,178,192,240,66,44,130,116,155,164,213,247,48,105,98,127,140,201,200,313,123,138,162,220,43,71,106,133,277,278,334,209,257,7,86,195,223,337,80,121,152,190,208,202,218,333,112,147,160,184,50,12,104,185,265,52,49,206,295,256,289,321,343,11,28,114,233,168,226,293,316,19,45,24,148,262,322,103,188,216,229],"type":"read_ok"}}
2024/02/25 18:59:33 Sent {"src":"n16","dest":"n12","body":{"messages":[385],"msg_id":13,"type":"broadcast"}}
2024/02/25 18:59:34 Received {n12 n16 {"messages":[360,370,358,371,359,354,364,361,369,355,365,362,366,352,363,367,373,353,372,357,368],"msg_id":403,"type":"broadcast"}}
2024/02/25 18:59:34 Sent {"src":"n16","dest":"n12","body":{"in_reply_to":403,"type":"broadcast_ok"}}
2024/02/25 18:59:34 Received {n12 n16 {"in_reply_to":13,"type":"broadcast_ok"}}
2024/02/25 18:59:34 Received {c66 n16 {"type":"broadcast","message":408,"msg_id":32}}
2024/02/25 18:59:34 Sent {"src":"n16","dest":"c66","body":{"in_reply_to":32,"type":"broadcast_ok"}}
2024/02/25 18:59:34 Sent {"src":"n16","dest":"n12","body":{"messages":[408],"msg_id":14,"type":"broadcast"}}
2024/02/25 18:59:34 Received {n12 n16 {"messages":[387,397,376,378,389,390,379,393,377,384,374,391,375,386,381,383,396,382,395,380,394,388,392,424],"msg_id":411,"type":"broadcast"}}
2024/02/25 18:59:34 Received {c66 n16 {"type":"read","msg_id":33}}
2024/02/25 18:59:34 Sent {"src":"n16","dest":"n12","body":{"in_reply_to":411,"type":"broadcast_ok"}}
2024/02/25 18:59:34 Sent {"src":"n16","dest":"c66","body":{"in_reply_to":33,"messages":[199,198,237,251,93,146,165,196,214,326,338,353,381,5,84,94,189,234,330,387,1,175,170,191,305,294,341,350,111,102,241,244,299,273,360,355,20,54,59,197,272,68,286,292,307,323,97,282,372,228,261,296,18,56,171,151,172,395,58,227,225,331,397,178,192,240,66,44,130,116,186,371,164,213,247,48,105,98,127,155,140,201,200,313,138,162,220,43,71,106,133,123,383,277,278,334,370,386,257,369,7,86,195,223,209,80,121,152,190,337,202,218,333,112,147,160,184,208,50,363,12,104,185,265,378,52,49,206,295,289,321,343,11,28,114,233,256,357,226,293,316,19,45,24,148,168,380,322,379,393,103,188,216,229,262,391,92,276,284,354,382,0,87,82,302,385,332,389,32,141,139,232,344,37,36,26,137,304,41,39,65,100,47,224,298,361,6,46,73,375,388,249,324,339,29,85,136,145,154,358,377,62,74,230,287,312,306,120,187,217,246,300,367,129,150,283,13,64,63,78,76,311,167,194,222,42,67,53,124,143,268,303,364,396,22,96,231,266,365,340,356,408,107,205,254,274,328,390,118,239,253,271,270,291,8,61,110,177,267,125,135,169,9,30,57,69,91,336,373,4,182,245,290,335,88,212,374,376,55,115,180,310,362,259,314,342,394,17,174,183,260,319,95,279,325,108,134,280,315,264,318,368,27,21,23,72,81,33,163,297,320,79,142,179,359,207,250,263,77,90,131,113,176,349,345,346,366,2,128,210,248,269,301,309,308,35,31,153,144,204,166,215,255,327,203,258,275,38,75,60,126,211,352,242,288,89,119,252,14,25,109,101,149,317,347,40,51,70,159,173,285,351,16,15,99,122,181,235,424,3,34,83,158,193,243,281,10,117,132,157,161,156,238,219,348,221,236,329,384,392],"type":"read_ok"}}
2024/02/25 18:59:34 Received {n12 n16 {"in_reply_to":14,"type":"broadcast_ok"}}
2024/02/25 18:59:34 Received {c66 n16 {"type":"broadcast","message":439,"msg_id":34}}
2024/02/25 18:59:34 Sent {"src":"n16","dest":"c66","body":{"in_reply_to":34,"type":"broadcast_ok"}}
2024/02/25 18:59:34 Sent {"src":"n16","dest":"n12","body":{"messages":[439],"msg_id":15,"type":"broadcast"}}
2024/02/25 18:59:35 Received {n12 n16 {"messages":[398,414,409,411,404,421,412,419,401,403,420,399,415,416,402,410,405,425,423,422,406,407,400,418,413,417],"msg_id":441,"type":"broadcast"}}
2024/02/25 18:59:35 Sent {"src":"n16","dest":"n12","body":{"in_reply_to":441,"type":"broadcast_ok"}}
2024/02/25 18:59:35 Received {n12 n16 {"in_reply_to":15,"type":"broadcast_ok"}}
2024/02/25 18:59:35 Received {c66 n16 {"type":"read","msg_id":35}}
2024/02/25 18:59:35 Sent {"src":"n16","dest":"c66","body":{"in_reply_to":35,"messages":[162,370,386,7,86,257,80,121,152,190,337,184,202,50,363,185,265,378,415,52,49,206,295,343,28,114,256,357,316,19,45,168,226,216,229,391,284,411,87,82,385,354,32,139,344,332,37,36,26,39,100,224,298,361,46,375,388,358,377,29,136,145,154,249,339,423,62,74,230,409,120,187,217,300,287,306,64,78,76,129,42,143,167,268,364,22,365,408,205,254,274,340,253,271,390,8,61,110,267,30,69,336,290,335,373,88,374,362,376,259,314,419,183,319,342,95,279,108,134,280,318,27,21,23,81,33,142,179,250,263,77,90,113,176,207,345,366,2,128,210,346,308,31,153,301,215,258,203,352,242,89,119,414,25,101,149,347,51,159,173,16,181,285,3,158,235,400,117,157,243,156,238,412,236,146,214,198,251,421,94,189,1,170,191,330,241,294,341,410,20,54,273,420,416,323,97,282,296,18,171,151,228,227,397,44,116,178,192,240,247,164,140,201,200,313,220,43,71,106,133,123,138,277,278,334,383,369,195,223,209,218,333,112,147,160,208,12,104,321,11,233,289,403,293,24,148,380,402,407,103,188,262,322,379,393,92,276,382,0,302,389,141,232,137,304,439,41,65,47,6,73,85,324,246,312,367,405,13,63,150,283,311,406,194,222,67,53,124,303,96,231,266,396,422,356,107,328,118,239,270,177,291,425,9,57,91,125,135,169,4,182,245,212,55,115,180,310,413,394,17,174,260,325,315,368,72,264,399,163,297,320,79,359,398,131,349,248,269,309,35,144,204,166,255,327,275,38,75,60,126,211,288,404,401,14,109,252,40,70,317,351,15,99,122,34,83,193,424,10,132,161,281,219,348,221,329,384,392,199,93,165,196,237,326,5,84,234,338,353,381,175,305,387,111,102,244,299,350,59,197,272,360,355,68,286,292,307,372,261,56,172,58,225,331,395,417,66,130,186,371,418,213,48,105,98,127,155],"type":"read_ok"}}
2024/02/25 18:59:35 Received {c66 n16 {"type":"broadcast","message":465,"msg_id":36}}
2024/02/25 18:59:35 Sent {"src":"n16","dest":"c66","body":{"in_reply_to":36,"type":"broadcast_ok"}}
2024/02/25 18:59:35 Sent {"src":"n16","dest":"n12","body":{"messages":[465],"msg_id":16,"type":"broadcast"}}
2024/02/25 18:59:35 Received {n12 n16 {"messages":[445,452,440,436,427,442,433,430,437,438,431,446,429,444,426,441,432,447,428,443,434,435,462],"msg_id":463,"type":"broadcast"}}
2024/02/25 18:59:35 Sent {"src":"n16","dest":"n12","body":{"in_reply_to":463,"type":"broadcast_ok"}}
2024/02/25 18:59:35 Received {n12 n16 {"in_reply_to":16,"type":"broadcast_ok"}}
2024/02/25 18:59:35 Received {c66 n16 {"type":"read","msg_id":37}}
2024/02/25 18:59:35 Sent {"src":"n16","dest":"c66","body":{"in_reply_to":37,"messages":[234,338,353,381,5,84,387,438,175,305,244,299,350,111,102,272,360,355,59,197,292,307,68,286,372,261,56,172,331,395,417,58,225,186,371,418,66,130,98,127,155,213,48,105,386,162,370,257,7,86,152,190,337,428,80,121,184,202,50,363,378,415,185,265,206,295,52,49,256,343,357,28,114,168,226,316,19,45,391,433,216,229,445,284,411,385,354,87,82,344,332,32,139,26,37,36,39,100,361,224,298,388,437,46,375,145,154,249,339,358,377,29,136,423,230,409,62,74,217,300,287,306,120,187,76,129,64,78,167,268,364,42,143,22,365,274,340,408,205,254,390,253,271,110,267,8,61,336,429,30,69,373,290,335,88,374,362,376,259,314,342,419,183,319,95,279,280,108,134,23,81,318,27,21,33,179,142,113,176,207,250,263,77,90,345,210,346,366,2,128,153,301,308,31,215,352,430,203,258,242,414,89,119,149,25,101,159,173,347,51,285,435,16,181,235,400,3,158,243,117,157,412,156,238,236,431,198,251,421,146,214,94,189,191,330,1,170,341,410,241,294,273,420,416,20,54,323,462,97,282,151,228,296,18,171,227,397,178,192,240,44,116,164,247,200,313,452,140,201,106,133,123,138,220,277,43,71,383,427,432,278,334,209,369,195,223,160,208,218,333,112,147,441,442,12,104,447,289,321,403,11,233,293,380,402,24,148,262,322,379,393,407,103,188,446,92,276,382,0,302,389,141,232,439,137,304,41,65,47,6,73,85,324,367,405,246,312,150,283,311,406,13,63,124,194,222,303,67,53,266,396,422,96,231,356,107,328,270,118,239,177,291,91,125,135,169,425,9,57,245,4,182,212,180,310,413,55,115,440,444,260,394,17,174,325,315,72,264,368,399,297,320,163,359,398,79,131,349,248,269,144,204,309,35,255,327,166,60,126,211,275,434,38,75,404,401,288,252,465,14,109,70,317,40,122,351,15,99,193,424,426,34,83,161,281,10,132,443,219,348,384,392,436,221,329,199,196,237,326,93,165],"type":"read_ok"}}
2024/02/25 18:59:35 Received {c66 n16 {"type":"read","msg_id":38}}
2024/02/25 18:59:35 Sent {"src":"n16","dest":"c66","body":{"in_reply_to":38,"messages":[346,366,2,128,210,301,308,31,153,215,203,258,352,430,242,89,119,414,25,101,149,347,51,159,173,16,181,285,435,3,158,235,400,117,157,243,156,238,412,236,431,146,214,198,251,421,94,189,1,170,191,330,241,294,341,410,20,54,273,420,416,323,462,97,282,18,171,151,228,296,227,397,44,116,178,192,240,164,247,140,201,200,313,452,138,220,277,43,71,106,133,123,278,334,383,427,432,195,223,209,369,333,112,147,160,208,218,441,12,104,442,447,11,233,289,321,403,24,148,293,380,402,393,407,103,188,262,322,379,92,276,446,0,302,382,141,232,389,137,304,439,41,65,47,6,73,85,324,246,312,367,405,406,13,63,150,283,311,303,67,53,124,194,222,96,231,266,396,422,107,328,356,118,239,270,177,291,169,425,9,57,91,125,135,4,182,245,212,55,115,180,310,413,440,444,17,174,260,394,325,315,264,368,72,399,163,297,320,79,359,398,131,349,248,269,309,35,144,204,166,255,327,275,434,38,75,60,126,211,288,404,401,14,109,252,465,317,40,70,15,99,122,351,34,83,193,424,426,10,132,161,281,219,348,443,221,329,384,392,436,199,93,165,196,237,326,381,5,84,234,338,353,175,305,387,438,111,102,244,299,350,59,197,272,360,355,68,286,292,307,372,56,172,261,58,225,331,395,417,66,130,186,371,418,213,48,105,98,127,155,162,370,386,7,86,257,428,80,121,152,190,337,184,202,50,363,185,265,378,415,52,49,206,295,28,114,256,343,357,19,45,168,226,316,216,229,391,433,284,411,445,87,82,385,354,32,139,344,332,37,36,26,39,100,224,298,361,46,375,388,437,339,358,377,29,136,145,154,249,423,62,74,230,409,306,120,187,217,300,287,64,78,76,129,42,143,167,268,364,22,365,205,254,274,340,408,253,271,390,8,61,110,267,30,69,336,429,290,335,373,88,374,362,376,259,314,183,319,342,419,95,279,108,134,280,318,27,21,23,81,33,142,179,207,250,263,77,90,113,176,345],"type":"read_ok"}}
2024/02/25 18:59:36 Received {n12 n16 {"messages":[456,468,466,469,450,457,458,449,460,451,454,461,459,463,453,464,455,467,448,470],"msg_id":493,"type":"broadcast"}}
2024/02/25 18:59:36 Received {c66 n16 {"type":"broadcast","message":509,"msg_id":39}}
2024/02/25 18:59:36 Sent {"src":"n16","dest":"n12","body":{"in_reply_to":493,"type":"broadcast_ok"}}
2024/02/25 18:59:36 Sent {"src":"n16","dest":"c66","body":{"in_reply_to":39,"type":"broadcast_ok"}}
2024/02/25 18:59:36 Received {c66 n16 {"type":"broadcast","message":521,"msg_id":40}}
2024/02/25 18:59:36 Sent {"src":"n16","dest":"c66","body":{"in_reply_to":40,"type":"broadcast_ok"}}
2024/02/25 18:59:36 Sent {"src":"n16","dest":"n12","body":{"messages":[509,521],"msg_id":17,"type":"broadcast"}}
2024/02/25 18:59:36 Received {n12 n16 {"messages":[483,496,507,477,490,482,494,473,487,501,486,476,489,471,498,499,493,478,491,475,488,480,492,481,472,485,500,484,479,495,497,474,519],"msg_id":519,"type":"broadcast"}}
2024/02/25 18:59:36 Sent {"src":"n16","dest":"n12","body":{"in_reply_to":519,"type":"broadcast_ok"}}
2024/02/25 18:59:36 Received {n12 n16 {"in_reply_to":17,"type":"broadcast_ok"}}
2024/02/25 18:59:36 Received {c66 n16 {"type":"broadcast","message":535,"msg_id":41}}
2024/02/25 18:59:36 Sent {"src":"n16","dest":"c66","body":{"in_reply_to":41,"type":"broadcast_ok"}}
2024/02/25 18:59:36 Received {c66 n16 {"type":"read","msg_id":42}}
2024/02/25 18:59:36 Sent {"src":"n16","dest":"c66","body":{"in_reply_to":42,"messages":[315,399,469,72,264,368,163,297,320,79,359,398,131,349,248,269,309,35,144,204,466,166,255,327,126,211,275,434,38,75,60,288,404,401,465,467,14,109,252,460,40,70,317,351,15,99,122,424,426,34,83,193,281,521,10,132,161,451,219,348,443,392,436,221,329,384,199,237,326,93,165,196,338,353,381,5,84,234,438,175,305,387,299,350,111,102,244,360,355,59,197,272,307,68,286,292,372,473,501,56,172,261,395,417,58,225,331,371,418,494,66,130,186,127,155,213,48,105,98,459,497,162,370,386,7,86,257,190,337,428,463,80,121,152,184,202,489,50,363,450,415,470,185,265,378,295,480,52,49,206,343,357,28,114,256,226,316,19,45,168,433,216,229,391,284,411,445,354,87,82,385,332,32,139,344,37,36,26,39,100,224,298,361,437,46,375,388,154,249,339,358,377,29,136,145,423,409,496,62,74,230,300,287,306,120,187,217,129,64,78,76,268,364,453,42,143,167,22,365,486,340,408,205,254,274,253,271,390,267,476,491,8,61,110,429,483,471,30,69,336,290,335,373,448,485,88,374,454,362,376,490,482,481,259,314,458,419,183,319,342,95,279,108,134,280,81,318,492,27,21,23,33,468,142,179,176,207,250,263,345,77,90,113,346,366,2,128,210,308,495,31,153,301,215,535,430,203,258,352,242,457,89,119,414,484,25,101,149,347,51,159,173,435,500,16,181,285,400,499,3,158,235,117,157,243,488,156,238,412,236,431,251,421,493,478,146,214,198,94,189,456,330,464,1,170,191,410,479,241,294,341,420,416,20,54,273,323,462,97,282,509,228,296,18,171,151,475,474,227,397,498,192,240,44,116,178,164,247,313,452,472,140,201,200,133,123,138,220,277,43,71,106,427,432,507,519,278,334,383,369,195,223,209,477,208,218,333,112,147,160,441,12,104,442,447,321,403,11,233,289,380,402,24,148,293,322,379,393,407,103,188,262,92,276,446,0,302,382,141,232,389,137,304,439,41,65,47,6,73,85,324,405,246,312,367,283,311,406,13,63,150,194,222,303,67,53,124,396,422,96,231,266,455,107,328,356,487,118,239,270,177,291,125,135,169,425,9,57,91,4,182,245,212,310,413,461,55,115,180,440,444,449,394,17,174,260,325],"type":"read_ok"}}
2024/02/25 18:59:36 Sent {"src":"n16","dest":"n12","body":{"messages":[535],"msg_id":18,"type":"broadcast"}}
2024/02/25 18:59:37 Received {n12 n16 {"messages":[522,512,524,514,503,516,533,526,505,517,508,502,527,520,510,523,504,511,506,518,525,513,515],"msg_id":539,"type":"broadcast"}}
2024/02/25 18:59:37 Sent {"src":"n16","dest":"n12","body":{"in_reply_to":539,"type":"broadcast_ok"}}
2024/02/25 18:59:37 Received {n12 n16 {"in_reply_to":18,"type":"broadcast_ok"}}
2024/02/25 18:59:37 Received {c66 n16 {"type":"read","msg_id":43}}
2024/02/25 18:59:37 Sent {"src":"n16","dest":"c66","body":{"in_reply_to":43,"messages":[517,405,504,246,312,367,283,311,406,13,63,150,194,222,303,67,53,124,396,422,96,231,266,455,107,328,356,487,118,239,270,177,291,125,135,169,425,9,57,91,4,182,245,212,310,413,461,55,115,180,505,440,444,449,394,524,17,174,260,325,315,399,469,72,264,368,163,297,320,79,359,398,131,349,522,248,269,512,309,35,144,204,466,166,255,327,126,211,275,434,525,38,75,60,288,404,401,465,467,14,109,252,460,40,70,317,351,15,99,122,424,426,34,83,193,281,521,10,132,161,451,219,348,443,392,436,221,329,384,199,237,326,93,165,196,338,353,381,5,84,234,438,523,175,305,387,299,350,111,102,244,360,355,59,197,272,307,68,286,292,372,473,501,56,172,261,395,417,514,58,225,331,371,418,494,66,130,186,127,155,213,503,508,48,105,98,510,459,497,162,370,386,506,7,86,257,190,337,428,463,80,121,152,184,202,489,50,363,450,415,470,185,265,378,295,480,52,49,206,343,357,28,114,256,226,316,19,45,168,433,216,229,391,284,411,445,354,87,82,385,332,513,32,139,344,37,36,26,39,100,224,298,361,437,46,375,388,154,249,339,358,377,29,136,145,423,516,409,496,62,74,230,300,287,306,120,187,217,129,64,78,76,268,364,453,42,143,167,22,365,486,340,408,533,205,254,274,253,271,390,267,476,491,8,61,110,429,483,471,30,69,336,290,335,373,448,485,88,374,454,526,362,376,490,482,481,259,314,458,419,183,319,342,95,279,520,108,134,280,81,318,492,27,21,23,33,468,142,179,176,207,250,263,345,77,90,113,346,366,518,2,128,210,308,495,31,153,301,215,535,430,203,258,352,242,527,515,457,89,119,414,484,25,101,149,347,51,159,173,435,500,16,181,285,400,499,3,158,235,117,157,243,488,156,238,412,236,431,251,421,493,478,146,214,198,94,189,456,330,464,1,170,191,410,479,241,294,341,420,416,511,20,54,273,323,462,97,282,509,228,296,18,171,151,475,474,227,397,498,192,240,44,116,178,164,247,313,452,472,140,201,200,133,123,138,220,277,43,71,106,427,432,507,519,278,334,383,369,195,223,209,477,502,208,218,333,112,147,160,441,12,104,442,447,321,403,11,233,289,380,402,24,148,293,322,379,393,407,103,188,262,92,276,446,0,302,382,141,232,389,137,304,439,41,65,47,6,73,85,324],"type":"read_ok"}}
2024/02/25 18:59:37 Received {c66 n16 {"type":"read","msg_id":44}}
2024/02/25 18:59:37 Sent {"src":"n16","dest":"c66","body":{"in_reply_to":44,"messages":[365,486,22,254,274,340,408,533,205,271,390,253,61,110,267,476,491,8,69,336,429,483,471,30,335,373,290,374,454,448,485,88,376,490,526,362,314,458,482,481,259,319,342,419,183,279,520,95,134,280,108,21,23,81,318,492,27,468,33,179,142,90,113,176,207,250,263,345,77,128,210,346,366,518,2,153,301,308,495,31,535,215,258,352,430,203,527,515,242,119,414,457,89,101,149,484,25,159,173,347,51,181,285,435,500,16,158,235,400,499,3,157,243,117,238,412,488,156,431,236,214,198,251,421,493,478,146,189,456,94,170,191,330,464,1,294,341,410,479,241,54,273,420,416,511,20,462,323,282,509,97,171,151,228,296,18,397,498,475,474,227,116,178,192,240,44,247,164,201,200,313,452,472,140,71,106,133,123,138,220,277,43,334,383,427,432,507,519,278,223,209,369,195,502,477,147,160,208,218,333,112,441,104,442,12,447,233,289,321,403,11,148,293,380,402,24,188,262,322,379,393,407,103,276,446,92,302,382,0,232,389,141,304,439,137,65,41,47,73,6,324,85,517,312,367,405,504,246,63,150,283,311,406,13,53,124,194,222,303,67,231,266,396,422,96,328,356,455,107,239,270,487,118,291,177,57,91,125,135,169,425,9,182,245,4,212,115,180,310,413,461,55,444,449,505,440,174,260,394,524,17,325,315,264,368,399,469,72,297,320,163,359,398,79,349,522,131,269,512,248,144,204,309,35,255,327,466,166,75,60,126,211,275,434,525,38,404,401,288,109,252,465,467,14,70,317,460,40,99,122,351,15,83,193,424,426,34,132,161,281,521,10,348,443,451,219,329,384,392,436,221,199,165,196,237,326,93,84,234,338,353,381,5,305,387,438,523,175,102,244,299,350,111,197,272,360,355,59,286,292,307,68,473,501,372,172,261,56,225,331,395,417,514,58,130,186,371,418,494,66,105,98,127,155,213,503,508,48,510,370,386,459,497,162,86,257,506,7,121,152,190,337,428,463,80,202,184,363,450,489,50,265,378,415,470,185,49,206,295,480,52,114,256,343,357,28,45,168,226,316,19,229,391,433,216,411,445,284,82,385,354,87,139,344,332,513,32,36,26,37,100,39,298,361,224,375,388,437,46,136,145,154,249,339,358,377,29,516,423,74,230,409,496,62,187,217,300,287,306,120,78,76,129,64,143,167,268,364,453,42],"type":"read_ok"}}
2024/02/25 18:59:37 Received {n12 n16 {"messages":[550,536,540,530,537,551,528,545,542,534,539,531,548,538,544,543,529,546,532,549,547,541,562,573],"msg_id":572,"type":"broadcast"}}
2024/02/25 18:59:37 Sent {"src":"n16","dest":"n12","body":{"in_reply_to":572,"type":"broadcast_ok"}}
2024/02/25 18:59:37 Received {c66 n16 {"type":"read","msg_id":45}}
2024/02/25 18:59:37 Sent {"src":"n16","dest":"c66","body":{"in_reply_to":45,"messages":[242,527,515,89,119,414,457,25,101,149,484,51,159,173,347,16,181,285,435,500,538,3,158,235,400,499,117,157,243,156,238,412,488,236,431,539,541,532,573,146,214,198,251,421,493,478,94,189,456,1,170,191,330,464,241,294,341,410,479,20,54,273,420,416,511,323,462,97,282,509,18,171,151,228,296,227,397,498,475,474,44,116,178,192,240,550,164,247,530,140,201,200,313,452,472,551,277,43,71,106,133,123,138,220,278,334,383,427,432,507,519,195,223,209,369,477,502,112,147,160,208,218,333,441,12,104,442,447,11,233,289,321,403,24,148,293,380,402,103,188,262,322,379,393,407,92,276,446,0,302,382,141,232,389,137,304,439,41,65,47,6,73,85,324,517,246,312,367,405,504,13,63,150,283,311,406,67,53,124,194,222,303,96,231,266,396,422,107,328,356,455,118,239,270,487,177,291,9,57,91,125,135,169,425,4,182,245,212,55,115,180,310,413,461,440,444,449,505,17,174,260,394,524,325,315,72,264,368,399,469,163,297,320,79,359,398,534,131,349,522,248,269,512,35,144,204,309,166,255,327,466,525,38,75,60,126,211,275,434,537,549,288,404,401,542,14,109,252,465,467,40,70,317,460,15,99,122,351,34,83,193,424,426,536,10,132,161,281,521,219,348,443,451,221,329,384,392,436,562,199,93,165,196,237,326,5,84,234,338,353,381,175,305,387,438,523,111,102,244,299,350,59,197,272,360,355,68,286,292,307,372,473,501,56,172,261,58,225,331,395,417,514,66,130,186,371,418,494,508,48,105,98,127,155,213,503,510,162,370,386,459,497,7,86,257,506,80,121,152,190,337,428,463,184,202,50,363,450,489,185,265,378,415,470,52,49,206,295,480,28,114,256,343,357,546,19,45,168,226,316,216,229,391,433,284,411,445,87,82,385,354,32,139,344,332,513,545,37,36,26,39,100,224,298,361,46,375,388,437,377,29,136,145,154,249,339,358,423,516,62,74,230,409,496,529,120,187,217,300,287,306,64,78,76,129,42,143,167,268,364,453,22,365,486,547,205,254,274,340,408,533,548,253,271,390,8,61,110,267,476,491,30,69,336,429,483,471,290,335,373,88,374,454,448,485,362,376,490,526,540,544,259,314,458,482,481,183,319,342,419,95,279,520,108,134,280,543,27,21,23,81,318,492,33,468,142,179,345,77,90,113,176,207,250,263,2,128,210,346,366,518,531,31,153,301,308,495,215,535,528,203,258,352,430],"type":"read_ok"}}
2024/02/25 18:59:37 Received {c66 n16 {"type":"broadcast","message":599,"msg_id":46}}
2024/02/25 18:59:37 Sent {"src":"n16","dest":"c66","body":{"in_reply_to":46,"type":"broadcast_ok"}}
2024/02/25 18:59:37 Sent {"src":"n16","dest":"n12","body":{"messages":[599],"msg_id":19,"type":"broadcast"}}
2024/02/25 18:59:38 Received {n12 n16 {"messages":[564,556,555,559,560,558,571,553,569,552,568,567,566,561,554,565,574,557,570,572,563],"msg_id":588,"type":"broadcast"}}
2024/02/25 18:59:38 Sent {"src":"n16","dest":"n12","body":{"in_reply_to":588,"type":"broadcast_ok"}}
2024/02/25 18:59:38 Received {n12 n16 {"in_reply_to":19,"type":"broadcast_ok"}}
2024/02/25 18:59:38 Received {c66 n16 {"type":"broadcast","message":612,"msg_id":47}}
2024/02/25 18:59:38 Sent {"src":"n16","dest":"c66","body":{"in_reply_to":47,"type":"broadcast_ok"}}
2024/02/25 18:59:38 Sent {"src":"n16","dest":"n12","body":{"messages":[612],"msg_id":20,"type":"broadcast"}}
2024/02/25 18:59:38 Received {n12 n16 {"messages":[587,600,578,575,588,584,582,595,583,581,594,598,592,597,577,586,591,585,579,590,580,593,596,576,589,610],"msg_id":619,"type":"broadcast"}}
2024/02/25 18:59:38 Sent {"src":"n16","dest":"n12","body":{"in_reply_to":619,"type":"broadcast_ok"}}
2024/02/25 18:59:38 Received {n12 n16 {"in_reply_to":20,"type":"broadcast_ok"}}
2024/02/25 18:59:38 Received {c66 n16 {"type":"read","msg_id":48}}
2024/02/25 18:59:38 Sent {"src":"n16","dest":"c66","body":{"in_reply_to":48,"messages":[141,232,389,137,304,439,41,65,47,6,73,578,85,324,517,504,246,312,367,405,311,406,13,63,150,283,222,303,67,53,124,194,422,96,231,266,396,107,328,356,455,118,239,270,487,177,291,135,169,425,9,57,91,125,4,182,245,212,413,461,55,115,180,310,440,444,449,505,524,17,174,260,394,325,315,469,72,264,368,399,163,297,320,563,79,359,398,534,131,349,522,248,269,512,555,591,35,144,204,309,166,255,327,466,211,275,434,525,38,75,60,126,537,549,288,404,401,542,553,561,467,560,14,109,252,465,40,70,317,460,15,99,122,351,426,536,597,34,83,193,424,521,10,132,161,281,556,219,348,443,451,436,562,221,329,384,392,199,565,326,599,579,580,93,165,196,237,353,381,568,589,5,84,234,338,523,175,305,387,438,350,111,102,244,299,355,59,197,272,360,576,68,286,292,307,372,473,501,56,172,261,417,514,58,225,331,395,418,494,66,130,186,371,155,213,503,508,48,105,98,127,510,581,497,162,370,386,459,7,86,257,506,337,428,463,600,80,121,152,190,184,202,586,584,50,363,450,489,470,185,265,378,415,480,52,49,206,295,357,546,28,114,256,343,316,19,45,168,226,216,229,391,433,284,411,445,87,82,385,354,513,545,32,139,344,332,37,36,26,583,39,100,224,298,361,559,46,375,388,437,249,339,358,377,29,136,145,154,423,516,496,529,62,74,230,409,287,306,569,120,187,217,300,587,64,78,76,129,364,453,577,42,143,167,268,564,595,22,365,486,547,408,533,548,205,254,274,340,253,271,390,585,476,491,8,61,110,267,483,471,30,69,336,429,290,335,373,485,88,374,454,448,540,544,362,376,490,526,481,259,314,458,482,183,319,342,419,95,279,520,108,134,280,543,318,492,27,21,23,81,33,468,142,179,207,250,263,345,77,90,113,176,570,366,518,531,566,2,128,210,346,495,31,153,301,308,215,535,528,203,258,352,430,242,527,515,594,610,89,119,414,457,25,101,149,484,51,159,173,347,500,538,612,16,181,285,435,499,3,158,235,400,117,157,243,552,156,238,412,488,598,236,431,539,541,532,573,421,493,478,146,214,198,251,94,189,456,464,554,582,596,1,170,191,330,479,241,294,341,410,416,511,592,20,54,273,420,323,462,97,282,509,296,18,171,151,228,474,227,397,498,475,240,550,44,116,178,192,164,247,530,452,472,551,574,140,201,200,313,123,138,220,277,43,71,106,133,432,507,519,593,278,334,383,427,590,195,223,209,369,477,502,218,333,112,147,160,208,441,572,12,104,442,567,447,571,575,588,403,11,233,289,321,402,24,148,293,380,379,393,407,558,103,188,262,322,557,92,276,446,0,302,382],"type":"read_ok"}}
2024/02/25 18:59:38 Received {c66 n16 {"type":"read","msg_id":49}}
2024/02/25 18:59:38 Sent {"src":"n16","dest":"c66","body":{"in_reply_to":49,"messages":[108,134,280,543,27,21,23,81,318,492,33,468,142,179,77,90,113,176,207,250,263,345,570,2,128,210,346,366,518,531,566,31,153,301,308,495,215,535,528,203,258,352,430,242,527,515,594,89,119,414,457,610,25,101,149,484,51,159,173,347,16,181,285,435,500,538,612,3,158,235,400,499,117,157,243,156,238,412,488,552,236,431,539,541,598,532,573,146,214,198,251,421,493,478,94,189,456,1,170,191,330,464,554,582,596,241,294,341,410,479,20,54,273,420,416,511,592,323,462,97,282,509,18,171,151,228,296,227,397,498,475,474,44,116,178,192,240,550,164,247,530,140,201,200,313,452,472,551,574,43,71,106,133,123,138,220,277,278,334,383,427,432,507,519,593,195,223,209,369,590,477,502,112,147,160,208,218,333,441,12,104,442,567,572,447,571,575,588,11,233,289,321,403,24,148,293,380,402,103,188,262,322,379,393,407,558,557,92,276,446,0,302,382,141,232,389,137,304,439,41,65,47,6,73,578,85,324,517,246,312,367,405,504,13,63,150,283,311,406,67,53,124,194,222,303,96,231,266,396,422,107,328,356,455,118,239,270,487,177,291,9,57,91,125,135,169,425,4,182,245,212,55,115,180,310,413,461,440,444,449,505,17,174,260,394,524,325,315,72,264,368,399,469,163,297,320,79,359,398,534,563,131,349,522,248,269,512,35,144,204,309,555,591,166,255,327,466,38,75,60,126,211,275,434,525,537,549,288,404,401,542,553,561,14,109,252,465,467,560,40,70,317,460,15,99,122,351,34,83,193,424,426,536,597,10,132,161,281,521,219,348,443,451,556,221,329,384,392,436,562,199,565,93,165,196,237,326,599,579,580,5,84,234,338,353,381,568,589,175,305,387,438,523,111,102,244,299,350,59,197,272,360,355,68,286,292,307,576,372,473,501,56,172,261,58,225,331,395,417,514,66,130,186,371,418,494,48,105,98,127,155,213,503,508,510,581,162,370,386,459,497,7,86,257,506,80,121,152,190,337,428,463,600,184,202,586,50,363,450,489,584,185,265,378,415,470,52,49,206,295,480,28,114,256,343,357,546,19,45,168,226,316,216,229,391,433,284,411,445,87,82,385,354,32,139,344,332,513,545,37,36,26,583,39,100,224,298,361,46,375,388,437,559,29,136,145,154,249,339,358,377,423,516,62,74,230,409,496,529,120,187,217,300,287,306,569,64,78,76,129,587,42,143,167,268,364,453,577,22,365,486,547,564,595,205,254,274,340,408,533,548,253,271,390,585,8,61,110,267,476,491,30,69,336,429,483,471,290,335,373,88,374,454,448,485,362,376,490,526,540,544,259,314,458,482,481,183,319,342,419,95,279,520],"type":"read_ok"}}
2024/02/25 18:59:39 Received {n12 n16 {"messages":[602,614,615,624,618,607,619,601,613,606,609,611,617,605,604,616,603,608,638],"msg_id":638,"type":"broadcast"}}
2024/02/25 18:59:39 Sent {"src":"n16","dest":"n12","body":{"in_reply_to":638,"type":"broadcast_ok"}}
2024/02/25 18:59:39 Received {c66 n16 {"type":"read","msg_id":50}}
2024/02/25 18:59:39 Sent {"src":"n16","dest":"c66","body":{"in_reply_to":50,"messages":[490,526,540,544,362,376,458,482,481,259,314,342,419,183,319,520,95,279,280,543,108,134,23,81,318,492,27,21,33,468,142,179,113,176,207,250,263,345,77,90,570,210,346,366,518,531,566,2,128,301,308,495,31,153,528,609,215,535,352,430,203,258,515,594,242,527,414,457,610,602,89,119,149,484,25,101,173,347,51,159,285,435,500,538,612,16,181,235,400,499,3,158,243,615,117,157,412,488,552,156,238,539,541,598,236,431,532,573,198,251,421,493,478,146,214,456,94,189,191,330,464,554,582,596,1,170,624,341,410,479,241,294,273,420,416,511,592,20,54,323,462,509,97,282,151,228,296,18,171,498,475,474,227,397,178,192,240,550,44,116,530,164,247,200,313,452,472,551,574,140,201,106,133,123,138,220,277,43,71,383,427,432,507,519,593,278,334,209,369,590,195,223,477,502,160,208,218,333,112,147,441,442,567,572,12,104,575,588,447,571,289,321,403,617,11,233,293,380,402,616,24,148,262,322,379,393,407,558,103,188,557,446,92,276,382,0,302,389,141,232,439,137,304,41,65,47,578,6,73,85,324,517,367,405,504,246,312,150,283,311,406,13,63,124,194,222,303,614,67,53,266,396,422,96,231,356,455,107,328,270,487,118,239,177,291,91,125,135,169,425,9,57,245,4,182,212,180,310,413,461,55,115,449,505,608,440,444,260,394,524,607,17,174,325,315,368,399,469,72,264,320,605,163,297,398,534,563,79,359,522,131,349,512,248,269,204,309,555,591,35,144,327,466,613,166,255,60,126,211,275,434,525,38,75,537,549,401,603,288,404,561,542,553,252,465,467,560,14,109,317,460,40,70,122,351,15,99,193,424,426,536,597,34,83,161,281,521,10,132,443,451,556,219,348,384,392,436,562,604,221,329,199,565,196,237,326,599,579,580,93,165,234,338,353,381,568,589,5,84,387,438,523,175,305,244,299,350,111,102,272,360,355,59,197,292,307,576,68,286,501,372,473,261,56,172,331,395,417,514,58,225,186,371,418,494,66,130,98,127,155,213,503,508,48,105,510,581,386,459,497,162,370,257,506,7,86,152,190,337,428,463,600,80,121,586,184,202,450,489,584,638,50,363,378,415,470,185,265,206,295,480,52,49,256,343,357,546,601,28,114,168,226,316,19,45,391,433,216,229,445,284,411,385,354,87,82,344,332,513,545,32,139,26,583,37,36,39,100,361,619,224,298,388,437,559,46,375,145,154,249,339,358,377,29,136,423,516,230,409,496,529,62,74,217,300,287,306,569,120,187,76,129,587,64,78,167,268,364,453,577,606,42,143,486,547,564,595,611,22,365,274,340,408,533,548,205,254,390,585,253,271,110,267,476,491,8,61,336,429,483,471,30,69,373,618,290,335,454,448,485,88,374],"type":"read_ok"}}
2024/02/25 18:59:39 Received {n12 n16 {"messages":[629,644,642,636,620,622,637,627,641,623,631,625,639,626,640,630,633,634,621,632,628,643,635,668],"msg_id":656,"type":"broadcast"}}
2024/02/25 18:59:39 Received {c66 n16 {"type":"broadcast","message":672,"msg_id":51}}
2024/02/25 18:59:39 Sent {"src":"n16","dest":"n12","body":{"in_reply_to":656,"type":"broadcast_ok"}}
2024/02/25 18:59:39 Sent {"src":"n16","dest":"c66","body":{"in_reply_to":51,"type":"broadcast_ok"}}
2024/02/25 18:59:39 Received {c66 n16 {"type":"broadcast","message":683,"msg_id":52}}
2024/02/25 18:59:39 Sent {"src":"n16","dest":"c66","body":{"in_reply_to":52,"type":"broadcast_ok"}}
2024/02/25 18:59:39 Sent {"src":"n16","dest":"n12","body":{"messages":[672,683],"msg_id":21,"type":"broadcast"}}
2024/02/25 18:59:40 Received {n12 n16 {"messages":[652,664,656,648,661,660,655,667,646,659,653,665,654,666,647,645,658,651,663,649,650,662,657],"msg_id":678,"type":"broadcast"}}
2024/02/25 18:59:40 Sent {"src":"n16","dest":"n12","body":{"in_reply_to":678,"type":"broadcast_ok"}}
2024/02/25 18:59:40 Received {n12 n16 {"in_reply_to":21,"type":"broadcast_ok"}}
2024/02/25 18:59:40 Received {c66 n16 {"type":"broadcast","message":696,"msg_id":53}}
2024/02/25 18:59:40 Sent {"src":"n16","dest":"c66","body":{"in_reply_to":53,"type":"broadcast_ok"}}
2024/02/25 18:59:40 Received {c66 n16 {"type":"broadcast","message":709,"msg_id":54}}
2024/02/25 18:59:40 Sent {"src":"n16","dest":"c66","body":{"in_reply_to":54,"type":"broadcast_ok"}}
2024/02/25 18:59:40 Sent {"src":"n16","dest":"n12","body":{"messages":[696,709],"msg_id":22,"type":"broadcast"}}
2024/02/25 18:59:40 Received {n12 n16 {"messages":[675,679,685,684,673,671,682,670,681,669,680,676,687,688,689,674,677,678,686,706],"msg_id":720,"type":"broadcast"}}
2024/02/25 18:59:40 Sent {"src":"n16","dest":"n12","body":{"in_reply_to":720,"type":"broadcast_ok"}}
2024/02/25 18:59:40 Received {n12 n16 {"in_reply_to":22,"type":"broadcast_ok"}}
2024/02/25 18:59:40 Received {c66 n16 {"type":"broadcast","message":720,"msg_id":55}}
2024/02/25 18:59:40 Sent {"src":"n16","dest":"c66","body":{"in_reply_to":55,"type":"broadcast_ok"}}
2024/02/25 18:59:40 Sent {"src":"n16","dest":"n12","body":{"messages":[720],"msg_id":23,"type":"broadcast"}}
2024/02/25 18:59:41 Received {n12 n16 {"messages":[699,698,692,690,702,693,705,700,694,708,703,695,707,701,704,691,697],"msg_id":724,"type":"broadcast"}}
2024/02/25 18:59:41 Received {c66 n16 {"type":"broadcast","message":731,"msg_id":56}}
2024/02/25 18:59:41 Sent {"src":"n16","dest":"n12","body":{"in_reply_to":724,"type":"broadcast_ok"}}
2024/02/25 18:59:41 Sent {"src":"n16","dest":"c66","body":{"in_reply_to":56,"type":"broadcast_ok"}}
2024/02/25 18:59:41 Received {n12 n16 {"in_reply_to":23,"type":"broadcast_ok"}}
2024/02/25 18:59:41 Received {c66 n16 {"type":"broadcast","message":745,"msg_id":57}}
2024/02/25 18:59:41 Sent {"src":"n16","dest":"c66","body":{"in_reply_to":57,"type":"broadcast_ok"}}
2024/02/25 18:59:41 Sent {"src":"n16","dest":"n12","body":{"messages":[731,745],"msg_id":24,"type":"broadcast"}}
2024/02/25 18:59:41 Received {n12 n16 {"messages":[723,722,717,713,716,726,714,718,728,727,711,719,710,712,724,715,725,721,742],"msg_id":749,"type":"broadcast"}}
2024/02/25 18:59:41 Sent {"src":"n16","dest":"n12","body":{"in_reply_to":749,"type":"broadcast_ok"}}
2024/02/25 18:59:41 Received {n12 n16 {"in_reply_to":24,"type":"broadcast_ok"}}
2024/02/25 18:59:41 Received {c66 n16 {"type":"read","msg_id":58}}
2024/02/25 18:59:41 Sent {"src":"n16","dest":"c66","body":{"in_reply_to":58,"messages":[369,590,195,223,209,477,502,620,208,218,333,653,702,112,147,160,441,567,572,12,104,442,588,447,571,575,321,403,617,11,233,289,380,402,616,24,148,293,322,379,393,407,558,103,188,262,557,92,276,446,682,0,302,382,141,232,389,696,728,137,304,439,41,65,671,47,644,712,724,6,73,578,718,85,324,632,517,680,405,504,706,246,312,367,283,311,406,13,63,150,194,222,303,614,669,67,53,124,396,422,661,96,231,266,455,107,328,356,487,118,239,270,684,177,291,657,125,135,169,425,9,57,91,4,182,245,212,310,413,461,55,115,180,505,608,440,444,449,394,524,607,665,17,174,260,325,315,645,399,469,72,264,368,605,679,689,163,297,320,534,563,79,359,398,658,686,720,131,349,522,666,248,269,512,309,555,591,647,35,144,204,466,613,688,166,255,327,126,211,275,434,525,38,75,60,537,549,603,703,288,404,401,542,553,561,465,467,560,691,14,109,252,460,662,723,40,70,317,351,15,99,122,424,426,536,597,34,83,193,281,521,10,132,161,451,556,219,348,443,392,436,562,604,726,221,329,384,742,727,199,565,654,237,326,599,579,580,93,165,196,670,701,338,353,381,568,589,5,84,234,438,523,655,175,305,387,299,350,111,102,244,360,355,687,59,197,272,307,576,622,68,286,292,372,473,501,56,172,261,395,417,514,642,58,225,331,371,418,494,66,130,186,127,155,213,503,508,48,105,98,510,581,621,459,497,162,370,386,506,725,7,86,257,190,337,428,463,600,80,121,152,674,184,202,586,489,584,638,50,363,450,415,470,681,676,185,265,378,295,480,713,52,49,206,343,357,546,601,633,28,114,256,664,226,316,19,45,168,433,636,745,216,229,391,284,411,445,354,626,87,82,385,332,513,545,719,32,139,344,583,711,37,36,26,39,100,619,634,731,224,298,361,437,559,648,715,46,375,388,154,249,339,358,377,29,136,145,685,692,423,516,623,409,496,529,639,62,74,230,300,287,306,569,628,120,187,217,667,678,129,587,643,64,78,76,268,364,453,577,606,42,143,167,650,700,547,564,595,611,630,22,365,486,663,340,408,533,548,205,254,274,585,253,271,390,267,476,491,721,8,61,110,429,483,471,631,30,69,336,618,290,335,373,448,485,699,694,88,374,454,526,540,544,695,362,376,490,482,481,629,672,717,259,314,458,419,637,652,183,319,342,95,279,520,543,108,134,280,81,318,492,625,690,27,21,23,693,33,468,656,142,179,176,207,250,263,345,77,90,113,570,346,366,518,531,566,2,128,210,308,495,714,31,153,301,609,215,535,528,430,203,258,352,594,698,242,527,515,457,610,602,640,708,89,119,414,484,641,707,697,25,101,149,347,683,651,704,51,159,173,435,500,538,612,660,16,181,285,705,400,499,3,158,235,615,117,157,243,488,552,677,156,238,412,541,598,649,236,431,539,532,573,659,251,421,493,478,627,146,214,198,675,94,189,456,330,464,554,582,596,1,170,191,624,646,722,410,479,709,241,294,341,420,416,511,592,20,54,273,323,462,668,97,282,509,228,296,710,18,171,151,475,474,635,716,227,397,498,192,240,550,44,116,178,673,164,247,530,313,452,472,551,574,140,201,200,133,123,138,220,277,43,71,106,427,432,507,519,593,278,334,383],"type":"read_ok"}}
2024/02/25 18:59:41 Received {c66 n16 {"type":"read","msg_id":59}}
2024/02/25 18:59:41 Sent {"src":"n16","dest":"c66","body":{"in_reply_to":59,"messages":[337,428,463,600,80,121,152,190,184,202,586,674,584,638,50,363,450,489,470,681,676,185,265,378,415,480,713,52,49,206,295,357,546,601,633,28,114,256,343,664,316,19,45,168,226,636,745,216,229,391,433,284,411,445,626,87,82,385,354,513,545,719,32,139,344,332,711,37,36,26,583,39,100,634,731,224,298,361,619,559,648,715,46,375,388,437,249,339,358,377,29,136,145,154,692,423,516,623,685,496,529,639,62,74,230,409,287,306,569,628,120,187,217,300,667,678,587,643,64,78,76,129,364,453,577,606,42,143,167,268,650,700,564,595,611,630,22,365,486,547,663,408,533,548,205,254,274,340,253,271,390,585,476,491,721,8,61,110,267,483,471,631,30,69,336,429,290,335,373,618,485,699,694,88,374,454,448,540,544,695,362,376,490,526,481,629,672,717,259,314,458,482,637,652,183,319,342,419,95,279,520,108,134,280,543,318,492,625,690,27,21,23,81,693,33,468,656,142,179,207,250,263,345,77,90,113,176,570,366,518,531,566,2,128,210,346,495,714,31,153,301,308,215,535,528,609,203,258,352,430,698,242,527,515,594,610,602,640,708,89,119,414,457,641,707,697,25,101,149,484,683,651,704,51,159,173,347,500,538,612,660,16,181,285,435,705,499,3,158,235,400,117,157,243,615,552,677,156,238,412,488,598,649,236,431,539,541,532,573,659,421,493,478,627,146,214,198,251,675,94,189,456,464,554,582,596,1,170,191,330,624,646,722,479,709,241,294,341,410,416,511,592,20,54,273,420,323,462,97,282,509,668,296,710,18,171,151,228,474,635,716,227,397,498,475,240,550,44,116,178,192,164,247,530,673,452,472,551,574,140,201,200,313,123,138,220,277,43,71,106,133,432,507,519,593,278,334,383,427,590,195,223,209,369,477,502,620,218,333,653,702,112,147,160,208,441,572,12,104,442,567,447,571,575,588,403,617,11,233,289,321,402,616,24,148,293,380,379,393,407,558,103,188,262,322,557,92,276,446,0,302,382,682,141,232,389,728,137,304,439,696,41,65,671,47,644,724,6,73,578,712,85,324,632,718,517,680,504,706,246,312,367,405,311,406,13,63,150,283,222,303,614,669,67,53,124,194,422,661,96,231,266,396,107,328,356,455,118,239,270,487,177,291,657,684,135,169,425,9,57,91,125,4,182,245,212,413,461,55,115,180,310,608,440,444,449,505,524,607,665,17,174,260,394,325,315,645,469,72,264,368,399,679,689,163,297,320,605,563,79,359,398,534,686,720,131,349,522,658,248,269,512,666,555,591,647,35,144,204,309,613,688,166,255,327,466,211,275,434,525,38,75,60,126,537,549,703,288,404,401,603,542,553,561,467,560,691,14,109,252,465,662,723,40,70,317,460,15,99,122,351,426,536,597,34,83,193,424,521,10,132,161,281,556,219,348,443,451,436,562,604,726,221,329,384,392,742,199,565,654,727,326,599,579,580,93,165,196,237,670,701,353,381,568,589,5,84,234,338,523,655,175,305,387,438,350,111,102,244,299,355,687,59,197,272,360,576,622,68,286,292,307,372,473,501,56,172,261,417,514,642,58,225,331,395,418,494,66,130,186,371,155,213,503,508,48,105,98,127,510,581,621,497,162,370,386,459,725,7,86,257,506],"type":"read_ok"}}
2024/02/25 18:59:42 Received {n12 n16 {"messages":[749,739,732,746,748,735,738,737,730,744,741,733,734,740,751,747,729,743,736,750],"msg_id":778,"type":"broadcast"}}
2024/02/25 18:59:42 Sent {"src":"n16","dest":"n12","body":{"in_reply_to":778,"type":"broadcast_ok"}}
2024/02/25 18:59:42 Received {c66 n16 {"type":"broadcast","message":785,"msg_id":60}}
2024/02/25 18:59:42 Sent {"src":"n16","dest":"c66","body":{"in_reply_to":60,"type":"broadcast_ok"}}
2024/02/25 18:59:42 Sent {"src":"n16","dest":"n12","body":{"messages":[785],"msg_id":25,"type":"broadcast"}}
2024/02/25 18:59:42 Received {n12 n16 {"messages":[757,772,752,765,762,754,756,771,769,776,770,759,753,767,768,773,766,764,760,775,758,774,761,777,755,763],"msg_id":802,"type":"broadcast"}}
2024/02/25 18:59:42 Received {c66 n16 {"type":"broadcast","message":797,"msg_id":61}}
2024/02/25 18:59:42 Sent {"src":"n16","dest":"n12","body":{"in_reply_to":802,"type":"broadcast_ok"}}
2024/02/25 18:59:42 Sent {"src":"n16","dest":"c66","body":{"in_reply_to":61,"type":"broadcast_ok"}}
2024/02/25 18:59:42 Received {n12 n16 {"in_reply_to":25,"type":"broadcast_ok"}}
2024/02/25 18:59:42 Received {c66 n16 {"type":"broadcast","message":810,"msg_id":62}}
2024/02/25 18:59:42 Sent {"src":"n16","dest":"c66","body":{"in_reply_to":62,"type":"broadcast_ok"}}
2024/02/25 18:59:42 Sent {"src":"n16","dest":"n12","body":{"messages":[797,810],"msg_id":26,"type":"broadcast"}}
2024/02/25 18:59:43 Received {n12 n16 {"messages":[779,789,786,783,788,781,784,790,792,780,793,778,791,787,782,809],"msg_id":820,"type":"broadcast"}}
2024/02/25 18:59:43 Sent {"src":"n16","dest":"n12","body":{"in_reply_to":820,"type":"broadcast_ok"}}
2024/02/25 18:59:43 Received {n12 n16 {"in_reply_to":26,"type":"broadcast_ok"}}
2024/02/25 18:59:43 Received {c66 n16 {"type":"broadcast","message":825,"msg_id":63}}
2024/02/25 18:59:43 Sent {"src":"n16","dest":"c66","body":{"in_reply_to":63,"type":"broadcast_ok"}}
2024/02/25 18:59:43 Received {c66 n16 {"type":"broadcast","message":841,"msg_id":64}}
2024/02/25 18:59:43 Sent {"src":"n16","dest":"c66","body":{"in_reply_to":64,"type":"broadcast_ok"}}
2024/02/25 18:59:43 Sent {"src":"n16","dest":"n12","body":{"messages":[825,841],"msg_id":27,"type":"broadcast"}}
2024/02/25 18:59:43 Received {n12 n16 {"messages":[812,798,811,800,813,807,805,804,801,815,795,808,794,803,806,802,796,814,799,822],"msg_id":859,"type":"broadcast"}}
2024/02/25 18:59:43 Sent {"src":"n16","dest":"n12","body":{"in_reply_to":859,"type":"broadcast_ok"}}
2024/02/25 18:59:43 Received {n12 n16 {"in_reply_to":27,"type":"broadcast_ok"}}
2024/02/25 18:59:43 Received {c66 n16 {"type":"broadcast","message":851,"msg_id":65}}
2024/02/25 18:59:43 Sent {"src":"n16","dest":"c66","body":{"in_reply_to":65,"type":"broadcast_ok"}}
2024/02/25 18:59:43 Sent {"src":"n16","dest":"n12","body":{"messages":[851],"msg_id":28,"type":"broadcast"}}
2024/02/25 18:59:44 Received {n12 n16 {"messages":[837,816,830,827,836,819,834,824,838,823,840,839,826,842,828,843,829,817,831,821,820,835,818,832,833,863],"msg_id":867,"type":"broadcast"}}
2024/02/25 18:59:44 Received {c66 n16 {"type":"broadcast","message":865,"msg_id":66}}
2024/02/25 18:59:44 Sent {"src":"n16","dest":"n12","body":{"in_reply_to":867,"type":"broadcast_ok"}}
2024/02/25 18:59:44 Sent {"src":"n16","dest":"c66","body":{"in_reply_to":66,"type":"broadcast_ok"}}
2024/02/25 18:59:44 Received {n12 n16 {"in_reply_to":28,"type":"broadcast_ok"}}
2024/02/25 18:59:44 Received {c66 n16 {"type":"read","msg_id":67}}
2024/02/25 18:59:44 Sent {"src":"n16","dest":"c66","body":{"in_reply_to":67,"messages":[312,367,405,504,406,63,150,283,303,194,266,422,107,118,487,749,177,291,684,169,9,135,182,755,115,310,449,17,174,394,524,325,315,72,368,469,163,320,605,679,359,534,131,349,658,686,248,666,35,309,647,843,739,166,255,327,466,613,38,60,211,603,703,542,553,561,109,252,465,317,460,15,351,833,597,34,83,424,426,536,10,161,281,521,791,801,392,436,726,742,772,199,565,654,727,824,165,599,580,5,381,589,746,790,305,523,655,299,59,197,272,355,788,292,307,372,473,56,261,799,225,417,514,642,66,130,186,418,756,213,105,98,127,155,759,621,784,162,370,459,777,828,86,257,506,463,600,80,121,152,769,761,363,450,584,676,185,415,470,480,601,633,28,114,256,343,45,168,745,734,229,391,807,754,794,284,411,87,626,744,863,747,32,344,513,797,37,36,26,711,39,837,361,634,375,388,437,559,377,136,145,249,623,685,692,529,639,409,496,569,120,217,287,678,64,129,453,577,42,268,364,700,762,595,630,22,547,533,548,254,340,390,585,721,8,110,476,471,429,483,290,618,835,454,485,758,774,803,544,695,362,540,717,259,482,481,821,183,319,342,419,652,95,520,748,108,134,543,690,27,81,693,142,263,77,113,207,570,814,518,566,210,346,366,808,714,301,495,215,535,203,242,602,640,708,89,119,457,149,641,697,817,651,736,51,159,683,435,705,3,235,499,768,157,243,615,677,156,238,649,236,539,541,598,573,493,478,627,146,214,94,456,554,596,170,191,464,624,646,722,241,341,592,416,323,812,97,668,710,18,171,151,635,475,474,550,44,178,192,247,530,472,574,140,201,452,138,277,43,71,106,507,593,334,383,195,209,822,786,793,333,653,702,112,147,160,218,567,588,779,617,233,321,403,616,24,293,402,558,103,188,322,379,557,0,302,767,141,232,733,810,782,137,696,728,825,65,765,766,73,578,712,85,324,718,738,517,680,706,246,819,13,311,614,669,67,53,124,222,96,231,396,661,818,328,356,455,239,270,657,425,57,91,125,4,245,212,461,55,180,413,796,440,444,505,608,260,607,665,820,645,264,399,689,297,776,79,398,563,720,785,522,269,512,781,836,842,144,204,555,591,770,688,275,434,525,75,126,537,549,288,404,401,560,691,14,467,723,735,40,70,662,99,122,193,132,219,348,443,451,556,221,329,384,562,604,670,701,93,196,237,326,579,805,84,234,338,353,568,175,387,438,111,102,244,350,832,360,687,68,286,576,622,780,501,737,172,58,331,395,371,494,503,508,48,510,581,763,386,497,7,725,826,829,428,190,337,184,202,586,674,638,50,489,681,265,378,713,52,49,206,295,546,357,664,783,838,19,226,316,811,216,433,636,445,751,750,82,385,354,816,545,719,139,332,830,752,583,100,823,731,806,224,298,619,648,715,46,339,358,29,154,423,516,757,62,74,230,771,306,628,187,300,667,840,78,76,587,643,831,606,143,167,650,611,365,486,564,663,205,274,408,253,271,491,800,61,267,631,30,69,336,335,373,773,851,88,374,448,699,694,376,490,526,629,672,314,458,637,729,279,280,492,625,21,23,318,827,33,468,656,787,179,802,250,345,90,176,760,531,2,128,798,31,153,308,528,609,258,352,430,527,515,594,698,414,610,778,25,101,484,707,704,173,347,764,538,612,660,16,181,285,500,158,400,865,117,412,488,552,431,532,659,198,251,421,675,753,189,582,1,330,709,789,809,294,410,479,511,20,54,273,420,462,282,509,228,296,716,743,227,397,498,116,240,839,164,673,730,551,200,313,740,220,133,123,519,278,427,432,775,223,369,590,834,477,502,620,208,441,732,12,104,442,572,447,571,575,11,289,148,380,393,407,262,92,276,446,382,682,389,813,795,304,439,41,671,841,815,47,644,792,6,724,741,632,804],"type":"read_ok"}}
2024/02/25 18:59:44 Sent {"src":"n16","dest":"n12","body":{"messages":[865],"msg_id":29,"type":"broadcast"}}
2024/02/25 18:59:44 Received {n12 n16 {"messages":[853,861,855,848,860,850,856,852,849,864,845,857,858,859,846,862,854,847,844,871],"msg_id":896,"type":"broadcast"}}
2024/02/25 18:59:44 Sent {"src":"n16","dest":"n12","body":{"in_reply_to":896,"type":"broadcast_ok"}}
2024/02/25 18:59:44 Received {c66 n16 {"type":"read","msg_id":68}}
2024/02/25 18:59:44 Sent {"src":"n16","dest":"c66","body":{"in_reply_to":68,"messages":[239,270,657,849,57,91,125,425,4,245,212,55,180,413,461,440,444,505,608,796,260,607,665,820,645,264,399,297,689,79,398,563,776,522,720,785,269,512,781,836,842,144,204,555,591,770,688,75,126,275,434,525,537,549,288,404,401,14,467,560,691,40,70,662,723,735,99,122,193,132,219,348,443,451,556,221,329,384,562,604,859,93,196,237,326,579,670,701,84,234,338,353,568,805,175,387,438,111,102,244,350,832,360,687,68,286,576,622,780,501,737,172,58,331,395,371,494,856,48,503,508,510,581,763,386,497,7,725,826,829,190,337,428,184,202,586,674,50,489,638,265,378,681,52,49,206,295,713,357,546,664,783,838,19,226,316,216,433,636,811,445,751,750,82,385,354,816,139,332,545,719,830,583,752,100,823,858,224,298,619,731,806,46,648,715,29,154,339,358,423,516,62,74,230,757,771,187,300,306,628,667,840,78,76,587,643,831,143,167,606,650,365,486,564,611,663,205,274,408,253,271,61,267,491,800,30,69,336,631,335,373,88,374,448,699,694,773,851,376,490,526,852,314,458,629,672,637,729,279,280,21,23,318,492,625,827,33,468,656,787,179,802,90,176,250,345,760,2,128,531,845,31,153,308,798,528,609,258,352,430,527,515,594,698,414,610,778,25,101,484,707,173,347,704,764,16,181,285,500,538,612,660,158,400,865,117,412,488,552,847,431,532,659,198,251,421,675,753,189,1,330,582,294,410,479,709,789,809,20,54,273,420,511,462,282,509,228,296,227,397,498,716,743,116,240,848,164,673,730,839,200,313,551,740,133,123,220,278,427,432,519,223,369,590,775,477,502,620,834,208,441,12,104,442,572,732,447,571,575,844,11,289,148,380,262,393,407,92,276,446,382,682,389,813,795,304,439,41,671,841,47,644,792,815,6,724,632,741,804,312,367,405,504,63,150,283,406,194,303,266,422,864,107,118,487,749,177,291,684,9,135,169,853,182,115,310,755,449,17,174,394,524,325,315,72,368,469,163,320,605,679,359,534,131,349,658,686,248,666,862,35,309,647,843,166,255,327,466,613,739,38,60,211,603,703,861,542,553,561,109,252,465,317,460,15,351,833,34,83,424,426,536,597,10,161,281,521,791,392,436,726,742,772,801,199,565,654,727,824,165,599,580,5,381,589,746,790,305,523,655,299,59,197,272,355,788,292,307,372,473,56,261,799,225,417,514,642,66,130,186,418,756,105,98,127,155,213,759,621,784,162,370,459,777,828,86,257,506,80,121,152,463,600,769,761,846,854,363,450,584,185,415,470,676,480,28,114,256,343,601,633,45,168,857,229,391,745,734,807,284,411,754,794,87,626,744,863,32,344,513,747,37,36,26,711,797,39,361,634,837,375,388,437,559,136,145,249,377,623,685,692,409,496,529,639,120,217,287,569,678,64,129,42,268,364,453,577,700,762,22,547,595,630,254,340,533,548,390,585,871,8,110,476,721,429,483,471,290,618,454,485,758,774,803,835,362,540,544,695,259,482,481,717,183,319,342,419,652,821,95,520,748,108,134,543,27,81,690,693,142,77,113,207,263,570,814,210,346,366,518,566,808,301,495,714,215,535,203,242,89,119,457,602,640,708,149,641,697,817,51,159,683,651,736,435,705,3,235,499,768,157,243,615,156,238,677,236,539,541,598,649,855,573,146,214,493,478,627,850,94,456,170,191,464,554,596,624,646,722,241,341,416,592,323,812,97,668,18,171,151,710,475,474,635,44,178,192,550,247,530,140,201,452,472,574,43,71,106,138,277,334,383,507,593,860,195,209,786,793,822,112,147,160,218,333,653,702,567,588,779,233,321,403,617,24,293,402,616,103,188,322,379,558,557,0,302,767,141,232,137,696,728,733,810,782,825,65,765,766,73,578,712,85,324,718,738,517,680,246,706,13,311,819,67,53,124,222,614,669,96,231,396,661,818,328,356,455],"type":"read_ok"}}
2024/02/25 18:59:44 Received {n12 n16 {"in_reply_to":29,"type":"broadcast_ok"}}
2024/02/25 18:59:44 Received {c66 n16 {"type":"read","msg_id":69}}
2024/02/25 18:59:44 Sent {"src":"n16","dest":"c66","body":{"in_reply_to":69,"messages":[701,93,196,237,326,579,670,84,234,338,353,568,805,175,387,438,111,102,244,350,832,360,687,68,286,576,622,780,501,737,172,58,331,395,371,494,856,48,503,508,510,581,763,386,497,7,725,826,829,190,337,428,184,202,586,674,50,489,638,265,378,681,52,49,206,295,713,357,546,664,783,838,19,226,316,216,433,636,811,445,751,750,82,385,354,816,139,332,545,719,830,583,752,100,823,858,224,298,619,731,806,46,648,715,29,154,339,358,423,516,62,74,230,757,771,187,300,306,628,667,840,78,76,587,643,831,143,167,606,650,365,486,564,611,663,205,274,408,253,271,800,61,267,491,631,30,69,336,335,373,851,88,374,448,699,694,773,376,490,526,852,672,314,458,629,637,729,279,280,625,21,23,318,492,827,33,468,656,787,179,802,345,90,176,250,760,2,128,531,845,798,31,153,308,528,609,258,352,430,527,515,594,698,414,610,778,25,101,484,707,704,173,347,764,612,660,16,181,285,500,538,158,400,865,117,412,488,552,847,431,532,659,198,251,421,675,753,189,582,1,330,789,809,294,410,479,709,20,54,273,420,511,462,282,509,228,296,716,743,227,397,498,116,240,848,164,673,730,839,551,200,313,740,519,133,123,220,278,427,432,223,369,590,775,834,477,502,620,208,441,12,104,442,572,732,447,571,575,844,11,289,148,380,407,262,393,92,276,446,382,682,389,813,795,304,439,41,671,841,47,644,792,815,6,724,632,741,804,312,367,405,504,63,150,283,406,194,303,266,422,864,107,118,487,749,177,291,684,9,135,169,853,182,755,115,310,449,17,174,394,524,325,315,72,368,469,163,320,605,679,359,534,131,349,658,686,248,666,862,35,309,647,843,739,166,255,327,466,613,38,60,211,603,703,861,542,553,561,109,252,465,317,460,15,351,833,34,83,424,426,536,597,10,161,281,521,791,392,436,726,742,772,801,199,565,654,727,824,165,599,580,5,381,589,746,790,305,523,655,299,59,197,272,355,788,292,307,372,473,56,261,799,225,417,514,642,66,130,186,418,756,105,98,127,155,213,759,621,784,162,370,459,777,828,86,257,506,761,80,121,152,463,600,769,846,854,363,450,584,185,415,470,676,480,28,114,256,343,601,633,45,168,857,229,391,745,734,807,284,411,754,794,87,626,744,863,32,344,513,747,37,36,26,711,797,39,361,634,837,375,388,437,559,692,136,145,249,377,623,685,409,496,529,639,120,217,287,569,678,64,129,762,42,268,364,453,577,700,22,547,595,630,548,254,340,533,390,585,871,721,8,110,476,429,483,471,290,618,454,485,758,774,803,835,362,540,544,695,717,259,482,481,183,319,342,419,652,821,95,520,748,108,134,543,690,27,81,693,142,263,77,113,207,570,814,210,346,366,518,566,808,301,495,714,215,535,203,242,640,708,89,119,457,602,149,641,697,817,736,51,159,683,651,435,705,3,235,499,768,157,243,615,156,238,677,236,539,541,598,649,855,573,146,214,493,478,627,850,94,456,596,170,191,464,554,624,646,722,241,341,592,416,323,812,97,668,18,171,151,710,475,474,635,44,178,192,550,247,530,574,140,201,452,472,383,507,43,71,106,138,277,334,593,860,195,209,786,793,822,653,702,112,147,160,218,333,567,588,779,233,321,403,617,24,293,402,616,558,103,188,322,379,557,0,302,767,141,232,810,782,137,696,728,733,825,65,765,766,73,578,712,85,324,718,738,517,680,246,706,819,13,311,614,669,67,53,124,222,96,231,396,661,818,328,356,455,239,270,657,849,57,91,125,425,4,245,212,55,180,413,461,440,444,505,608,796,260,607,665,820,645,264,399,297,689,79,398,563,776,785,522,720,269,512,781,836,842,144,204,555,591,770,688,434,525,75,126,275,537,549,288,404,401,691,14,467,560,735,40,70,662,723,99,122,193,132,219,348,443,451,556,221,329,384,562,604,859],"type":"read_ok"}}
2024/02/25 18:59:45 Received {n12 n16 {"messages":[874,883,868,878,869,879,873,877,866,875,867,876,870,872,894],"msg_id":928,"type":"broadcast"}}
2024/02/25 18:59:45 Sent {"src":"n16","dest":"n12","body":{"in_reply_to":928,"type":"broadcast_ok"}}
2024/02/25 18:59:45 Received {n12 n16 {"messages":[898,886,900,885,902,903,896,891,904,892,889,905,888,899,881,884,895,887,897,880,893,890,901,882],"msg_id":958,"type":"broadcast"}}
2024/02/25 18:59:45 Sent {"src":"n16","dest":"n12","body":{"in_reply_to":958,"type":"broadcast_ok"}}
2024/02/25 18:59:46 Received {n12 n16 {"messages":[906],"msg_id":977,"type":"broadcast"}}
2024/02/25 18:59:46 Sent {"src":"n16","dest":"n12","body":{"in_reply_to":977,"type":"broadcast_ok"}}
2024/02/25 18:59:55 Received {c66 n16 {"type":"read","msg_id":70}}
2024/02/25 18:59:55 Sent {"src":"n16","dest":"c66","body":{"in_reply_to":70,"messages":[202,586,674,184,489,638,893,50,378,681,265,49,206,295,713,52,546,664,783,838,357,226,316,19,433,636,811,216,751,750,445,385,354,816,82,332,545,719,830,139,752,583,823,858,100,298,619,731,806,224,648,715,46,154,339,358,423,516,29,74,230,757,771,62,300,306,628,667,840,187,76,587,643,831,78,167,606,650,143,486,564,611,663,365,274,408,205,271,253,267,491,800,61,69,336,631,30,373,335,374,448,699,694,773,851,88,490,526,852,376,458,629,672,314,729,637,898,279,280,23,318,492,625,827,21,468,656,787,875,33,802,179,176,250,345,760,90,128,531,845,2,153,308,798,31,609,876,528,352,430,258,515,594,698,527,610,778,414,101,484,707,25,347,704,764,173,181,285,500,538,612,660,16,400,865,158,117,488,552,847,412,431,659,532,251,421,675,753,198,189,330,582,1,410,479,709,789,809,294,54,273,420,511,20,462,509,282,296,228,397,498,716,743,227,240,848,116,673,730,839,164,313,551,740,200,123,220,278,427,432,519,133,369,590,775,223,502,620,834,897,477,903,208,441,104,442,572,732,12,571,575,844,447,289,11,380,886,148,393,407,262,276,446,873,92,682,382,813,795,389,439,304,671,841,41,644,792,815,47,724,6,741,632,901,804,367,405,504,312,150,283,406,63,303,194,422,864,266,899,107,487,749,118,291,684,177,135,169,853,9,182,115,310,755,449,174,394,524,17,325,315,368,469,72,320,605,679,163,359,534,349,658,686,131,666,862,248,309,647,843,35,255,327,466,613,739,166,60,211,38,703,861,889,603,553,561,542,252,465,882,109,317,460,351,833,15,83,424,426,536,597,34,161,281,521,791,866,10,436,726,742,772,801,392,565,654,727,824,199,599,580,165,381,589,746,790,5,523,655,305,299,197,272,355,788,59,307,292,473,900,372,261,799,56,417,514,642,225,130,186,418,756,66,98,127,155,213,759,105,784,621,370,459,777,828,887,162,257,506,86,121,152,463,600,769,761,80,854,846,450,584,363,415,470,676,185,480,114,256,343,601,633,28,168,857,45,391,745,734,807,229,411,754,794,906,284,626,744,863,87,344,513,747,32,36,26,711,797,37,891,39,634,837,361,388,437,559,375,145,249,377,623,685,692,136,496,529,639,880,409,217,287,569,678,120,129,64,268,364,453,577,700,762,881,42,890,547,595,630,22,340,533,548,254,585,871,390,110,476,721,8,483,471,429,618,870,290,485,758,774,803,835,454,540,544,695,362,482,481,717,259,319,342,419,652,821,183,520,748,95,134,543,108,81,690,693,27,142,113,207,263,570,814,872,77,346,366,518,566,808,210,495,714,869,301,535,215,203,884,242,119,457,602,640,708,902,89,641,697,817,149,159,683,651,736,51,705,878,435,235,499,768,3,243,615,157,238,677,156,539,541,598,649,855,236,573,214,493,478,627,850,146,456,94,191,464,554,596,624,646,722,170,341,241,592,416,812,323,668,97,171,151,710,18,474,635,475,178,192,550,44,530,247,201,452,472,574,140,71,106,138,277,334,383,507,43,860,868,593,209,195,793,822,894,786,147,160,218,333,653,702,112,896,567,779,588,321,403,617,233,293,402,616,883,885,24,188,322,379,558,557,103,302,767,892,0,232,141,696,728,733,810,782,825,137,65,766,765,578,712,73,324,718,738,85,680,517,706,246,311,819,13,53,124,222,614,669,67,231,396,661,818,96,356,455,328,239,270,849,657,91,125,425,57,245,874,904,4,212,180,413,461,55,444,505,608,796,879,877,440,607,665,820,867,260,645,264,399,297,689,398,563,776,79,522,720,785,512,781,836,842,269,204,555,591,770,144,688,75,126,275,434,525,549,537,404,401,288,467,560,691,14,70,662,723,735,40,122,99,193,905,895,132,348,443,451,556,219,329,384,562,604,859,221,196,237,326,579,670,701,93,234,338,353,568,805,84,387,438,175,102,244,350,832,111,687,360,286,576,622,780,68,737,501,172,331,395,58,494,856,371,503,508,510,48,763,581,497,386,725,826,829,7,337,428,888,190],"type":"read_ok"}}
