2024/02/25 18:59:24 Received {c4 n17 {"type":"init","node_id":"n17","node_ids":["n0","n1","n2","n3","n4","n5","n6","n7","n8","n9","n10","n11","n12","n13","n14","n15","n16","n17","n18","n19","n20","n21","n22","n23","n24"],"msg_id":1}}
2024/02/25 18:59:24 Node n17 initialized
2024/02/25 18:59:24 Sent {"src":"n17","dest":"c4","body":{"in_reply_to":1,"type":"init_ok"}}
2024/02/25 18:59:25 Received {c42 n17 {"type":"topology","topology":{"n2":["n7","n3","n1"],"n21":["n16","n22","n20"],"n23":["n18","n24","n22"],"n5":["n10","n0","n6"],"n8":["n13","n3","n9","n7"],"n6":["n11","n1","n7","n5"],"n19":["n24","n14","n18"],"n14":["n19","n9","n13"],"n17":["n22","n12","n18","n16"],"n1":["n6","n2","n0"],"n24":["n19","n23"],"n4":["n9","n3"],"n0":["n5","n1"],"n18":["n23","n13","n19","n17"],"n9":["n14","n4","n8"],"n10":["n15","n5","n11"],"n22":["n17","n23","n21"],"n15":["n20","n10","n16"],"n13":["n18","n8","n14","n12"],"n3":["n8","n4","n2"],"n12":["n17","n7","n13","n11"],"n11":["n16","n6","n12","n10"],"n16":["n21","n11","n17","n15"],"n7":["n12","n2","n8","n6"],"n20":["n15","n21"]},"msg_id":1}}
2024/02/25 18:59:25 Sent {"src":"n17","dest":"c42","body":{"in_reply_to":1,"type":"topology_ok"}}
2024/02/25 18:59:25 Received {c67 n17 {"type":"read","msg_id":1}}
2024/02/25 18:59:25 Sent {"src":"n17","dest":"c67","body":{"in_reply_to":1,"messages":[],"type":"read_ok"}}
2024/02/25 18:59:25 Received {c67 n17 {"type":"broadcast","message":24,"msg_id":2}}
2024/02/25 18:59:25 Sent {"src":"n17","dest":"c67","body":{"in_reply_to":2,"type":"broadcast_ok"}}
2024/02/25 18:59:25 Received {c67 n17 {"type":"read","msg_id":3}}
2024/02/25 18:59:25 Sent {"src":"n17","dest":"c67","body":{"in_reply_to":3,"messages":[24],"type":"read_ok"}}
2024/02/25 18:59:25 Sent {"src":"n17","dest":"n12","body":{"messages":[24],"msg_id":1,"type":"broadcast"}}
2024/02/25 18:59:26 Received {n12 n17 {"messages":[9,20,3,16,2,15,7,14,17,4,18,10,19,5,0,11,12,8,6,13,1,39],"msg_id":24,"type":"broadcast"}}
2024/02/25 18:59:26 Sent {"src":"n17","dest":"n12","body":{"in_reply_to":24,"type":"broadcast_ok"}}
2024/02/25 18:59:26 Received {n12 n17 {"in_reply_to":1,"type":"broadcast_ok"}}
2024/02/25 18:59:26 Received {c67 n17 {"type":"broadcast","message":55,"msg_id":4}}
2024/02/25 18:59:26 Sent {"src":"n17","dest":"c67","body":{"in_reply_to":4,"type":"broadcast_ok"}}
2024/02/25 18:59:26 Received {c67 n17 {"type":"broadcast","message":67,"msg_id":5}}
2024/02/25 18:59:26 Sent {"src":"n17","dest":"c67","body":{"in_reply_to":5,"type":"broadcast_ok"}}
2024/02/25 18:59:26 Sent {"src":"n17","dest":"n12","body":{"messages":[55,67],"msg_id":2,"type":"broadcast"}}
2024/02/25 18:59:26 Received {n12 n17 {"messages":[35,27,45,32,43,31,37,30,48,36,28,29,46,21,38,22,23,40,25,42,33,26,41,44,47,34,64],"msg_id":32,"type":"broadcast"}}
2024/02/25 18:59:26 Received {c67 n17 {"type":"broadcast","message":78,"msg_id":6}}
2024/02/25 18:59:26 Sent {"src":"n17","dest":"n12","body":{"in_reply_to":32,"type":"broadcast_ok"}}
2024/02/25 18:59:26 Sent {"src":"n17","dest":"c67","body":{"in_reply_to":6,"type":"broadcast_ok"}}
2024/02/25 18:59:26 Received {n12 n17 {"in_reply_to":2,"type":"broadcast_ok"}}
2024/02/25 18:59:26 Received {c67 n17 {"type":"read","msg_id":7}}
2024/02/25 18:59:26 Sent {"src":"n17","dest":"c67","body":{"in_reply_to":7,"messages":[44,9,55,19,39,67,24,17,41,47,23,18,1,45,29,3,14,21,26,37,64,20,15,11,28,22,16,31,48,38,33,32,43,25,35,36,10,0,27,40,46,8,6,7,30,42,4,34,78,2,13,12,5],"type":"read_ok"}}
2024/02/25 18:59:26 Sent {"src":"n17","dest":"n12","body":{"messages":[78],"msg_id":3,"type":"broadcast"}}
2024/02/25 18:59:27 Received {n12 n17 {"messages":[50,61,73,75,56,60,51,62,72,57,68,59,69,52,65,49,63,70,53,58,54,66,71],"msg_id":61,"type":"broadcast"}}
2024/02/25 18:59:27 Sent {"src":"n17","dest":"n12","body":{"in_reply_to":61,"type":"broadcast_ok"}}
2024/02/25 18:59:27 Received {n12 n17 {"in_reply_to":3,"type":"broadcast_ok"}}
2024/02/25 18:59:27 Received {c67 n17 {"type":"broadcast","message":100,"msg_id":8}}
2024/02/25 18:59:27 Sent {"src":"n17","dest":"c67","body":{"in_reply_to":8,"type":"broadcast_ok"}}
2024/02/25 18:59:27 Received {c67 n17 {"type":"broadcast","message":111,"msg_id":9}}
2024/02/25 18:59:27 Sent {"src":"n17","dest":"c67","body":{"in_reply_to":9,"type":"broadcast_ok"}}
2024/02/25 18:59:27 Sent {"src":"n17","dest":"n12","body":{"messages":[100,111],"msg_id":4,"type":"broadcast"}}
2024/02/25 18:59:27 Received {n12 n17 {"messages":[74,88,79,87,81,90,83,92,86,76,85,89,91,84,80,77,82,109],"msg_id":85,"type":"broadcast"}}
2024/02/25 18:59:27 Sent {"src":"n17","dest":"n12","body":{"in_reply_to":85,"type":"broadcast_ok"}}
2024/02/25 18:59:27 Received {n12 n17 {"in_reply_to":4,"type":"broadcast_ok"}}
2024/02/25 18:59:27 Received {c67 n17 {"type":"read","msg_id":10}}
2024/02/25 18:59:27 Sent {"src":"n17","dest":"c67","body":{"in_reply_to":10,"messages":[65,111,88,5,12,62,83,86,71,92,89,9,55,44,39,67,23,41,47,24,17,19,1,45,29,21,63,3,14,18,37,26,100,53,20,64,59,15,50,80,22,69,74,84,77,16,11,28,82,48,38,33,68,70,32,43,31,66,90,76,87,109,35,36,25,46,40,61,85,10,0,27,72,54,79,8,6,75,52,7,73,56,60,51,57,49,4,30,42,78,58,81,91,2,13,34],"type":"read_ok"}}
2024/02/25 18:59:28 Received {n12 n17 {"messages":[106,112,101,93,104,95,107,94,105,98,102,96,108,103,110,97,99,122,136],"msg_id":99,"type":"broadcast"}}
2024/02/25 18:59:28 Received {c67 n17 {"type":"read","msg_id":11}}
2024/02/25 18:59:28 Sent {"src":"n17","dest":"n12","body":{"in_reply_to":99,"type":"broadcast_ok"}}
2024/02/25 18:59:28 Sent {"src":"n17","dest":"c67","body":{"in_reply_to":11,"messages":[59,50,95,16,22,69,74,77,82,112,32,43,48,38,33,70,66,76,35,36,87,109,93,102,0,46,40,61,101,8,79,104,73,56,52,94,97,30,60,51,99,2,78,58,5,12,65,111,107,86,136,9,44,71,89,103,24,17,23,47,105,96,3,1,29,98,37,100,20,64,53,15,80,108,11,28,84,122,31,68,90,25,10,27,85,6,75,72,54,7,110,4,42,57,49,13,34,81,91,62,88,83,106,55,92,19,39,67,41,14,18,45,21,63,26],"type":"read_ok"}}
2024/02/25 18:59:28 Received {c67 n17 {"type":"read","msg_id":12}}
2024/02/25 18:59:28 Sent {"src":"n17","dest":"c67","body":{"in_reply_to":12,"messages":[24,17,23,47,105,96,3,1,29,98,37,100,20,64,53,15,80,108,11,28,84,122,31,68,90,25,10,27,85,6,75,72,54,7,110,4,42,57,49,13,34,81,91,62,88,83,106,55,92,19,39,67,41,14,18,45,21,63,26,59,50,95,16,22,69,74,77,82,112,76,32,43,48,38,33,70,66,35,36,87,109,93,102,0,46,40,61,101,8,79,104,73,56,52,94,97,30,60,51,99,2,78,58,5,12,65,111,107,86,136,9,44,71,89,103],"type":"read_ok"}}
2024/02/25 18:59:28 Received {n12 n17 {"messages":[126,114,133,127,117,118,132,120,134,130,116,131,125,121,135,119,123,137,115,129,113,128,124,145],"msg_id":127,"type":"broadcast"}}
2024/02/25 18:59:28 Received {c67 n17 {"type":"read","msg_id":13}}
2024/02/25 18:59:28 Sent {"src":"n17","dest":"n12","body":{"in_reply_to":127,"type":"broadcast_ok"}}
2024/02/25 18:59:28 Sent {"src":"n17","dest":"c67","body":{"in_reply_to":13,"messages":[126,86,136,71,89,103,132,9,44,23,47,105,96,130,131,24,17,29,98,123,3,1,37,100,53,20,64,108,15,80,84,122,135,11,28,90,31,68,25,129,85,10,27,72,54,117,124,6,75,119,7,110,57,49,4,42,81,91,13,34,121,137,115,62,88,83,106,55,92,67,41,118,120,19,39,45,21,63,133,14,18,26,59,145,50,95,69,74,77,82,112,113,16,22,48,38,33,70,66,76,32,43,87,109,93,102,127,134,35,36,40,61,101,0,46,104,114,116,8,79,52,94,97,73,56,51,99,125,30,60,58,2,78,65,111,107,128,5,12],"type":"read_ok"}}
2024/02/25 18:59:28 Received {c67 n17 {"type":"read","msg_id":14}}
2024/02/25 18:59:28 Sent {"src":"n17","dest":"c67","body":{"in_reply_to":14,"messages":[15,80,108,11,28,84,122,135,31,68,90,25,129,10,27,85,124,6,75,72,54,117,7,110,119,4,42,57,49,13,34,81,91,62,88,121,137,115,83,106,55,92,120,19,39,67,41,118,133,14,18,45,21,63,26,59,145,50,95,82,112,113,16,22,69,74,77,70,66,76,32,43,48,38,33,102,127,134,35,36,87,109,93,0,46,40,61,101,8,79,104,114,116,73,56,52,94,97,30,60,51,99,125,2,78,58,128,5,12,65,111,107,86,136,126,132,9,44,71,89,103,96,130,131,24,17,23,47,105,3,1,29,98,123,37,100,20,64,53],"type":"read_ok"}}
2024/02/25 18:59:29 Received {n12 n17 {"messages":[143,140,151,158,138,149,154,142,141,152,153,147,146,148,144,155,139,150],"msg_id":155,"type":"broadcast"}}
2024/02/25 18:59:29 Sent {"src":"n17","dest":"n12","body":{"in_reply_to":155,"type":"broadcast_ok"}}
2024/02/25 18:59:29 Received {c67 n17 {"type":"broadcast","message":186,"msg_id":15}}
2024/02/25 18:59:29 Sent {"src":"n17","dest":"c67","body":{"in_reply_to":15,"type":"broadcast_ok"}}
2024/02/25 18:59:29 Sent {"src":"n17","dest":"n12","body":{"messages":[186],"msg_id":5,"type":"broadcast"}}
2024/02/25 18:59:29 Received {n12 n17 {"messages":[156,172,168,166,175,157,169,160,159,163,177,170,164,165,161,176,167,174,171,162,173,197],"msg_id":186,"type":"broadcast"}}
2024/02/25 18:59:29 Received {c67 n17 {"type":"read","msg_id":16}}
2024/02/25 18:59:29 Sent {"src":"n17","dest":"n12","body":{"in_reply_to":186,"type":"broadcast_ok"}}
2024/02/25 18:59:29 Sent {"src":"n17","dest":"c67","body":{"in_reply_to":16,"messages":[35,36,87,109,93,102,127,134,165,161,0,46,40,61,101,151,142,152,157,8,79,104,114,116,73,56,52,94,97,170,162,30,60,51,99,125,147,148,2,78,58,175,5,12,65,111,107,128,86,136,126,158,172,171,9,44,71,89,103,132,24,17,23,47,105,96,130,131,143,3,1,29,98,123,141,155,168,37,100,166,20,64,53,167,197,15,80,108,138,146,11,28,84,122,135,31,68,90,25,129,10,27,85,159,6,75,72,54,117,124,7,110,119,140,149,163,4,42,57,49,139,13,34,81,91,186,62,88,121,137,115,169,83,106,144,156,55,92,153,164,173,19,39,67,41,118,120,177,14,18,45,21,63,133,150,176,26,59,145,50,95,154,160,16,22,69,74,77,82,112,113,174,32,43,48,38,33,70,66,76],"type":"read_ok"}}
2024/02/25 18:59:29 Received {n12 n17 {"in_reply_to":5,"type":"broadcast_ok"}}
2024/02/25 18:59:29 Received {c67 n17 {"type":"broadcast","message":212,"msg_id":17}}
2024/02/25 18:59:29 Sent {"src":"n17","dest":"c67","body":{"in_reply_to":17,"type":"broadcast_ok"}}
2024/02/25 18:59:29 Sent {"src":"n17","dest":"n12","body":{"messages":[212],"msg_id":6,"type":"broadcast"}}
2024/02/25 18:59:30 Received {n12 n17 {"messages":[180,182,195,179,183,178,192,190,191,185,189,193,181,194,188,187,184,196,208],"msg_id":208,"type":"broadcast"}}
2024/02/25 18:59:30 Sent {"src":"n17","dest":"n12","body":{"in_reply_to":208,"type":"broadcast_ok"}}
2024/02/25 18:59:30 Received {n12 n17 {"in_reply_to":6,"type":"broadcast_ok"}}
2024/02/25 18:59:30 Received {c67 n17 {"type":"broadcast","message":227,"msg_id":18}}
2024/02/25 18:59:30 Sent {"src":"n17","dest":"c67","body":{"in_reply_to":18,"type":"broadcast_ok"}}
2024/02/25 18:59:30 Sent {"src":"n17","dest":"n12","body":{"messages":[227],"msg_id":7,"type":"broadcast"}}
2024/02/25 18:59:30 Received {n12 n17 {"messages":[223,201,214,204,215,209,205,216,206,198,210,203,207,199,211,200,202,213,242],"msg_id":231,"type":"broadcast"}}
2024/02/25 18:59:30 Received {c67 n17 {"type":"read","msg_id":19}}
2024/02/25 18:59:30 Sent {"src":"n17","dest":"n12","body":{"in_reply_to":231,"type":"broadcast_ok"}}
2024/02/25 18:59:30 Sent {"src":"n17","dest":"c67","body":{"in_reply_to":19,"messages":[88,137,169,106,164,173,67,177,14,18,45,21,59,180,181,95,74,82,112,174,70,48,102,134,36,87,151,142,0,46,40,157,8,104,114,73,97,216,60,99,125,215,208,2,78,200,5,65,128,179,192,242,86,136,126,158,172,132,196,9,71,89,103,205,96,130,131,17,23,143,155,182,203,3,1,98,123,141,100,53,15,108,146,210,11,122,204,189,25,27,195,227,6,75,117,124,178,110,42,57,49,139,81,62,121,115,83,144,156,55,92,153,191,19,39,41,118,120,63,133,150,176,184,26,190,194,214,145,50,154,160,187,213,16,22,69,77,113,66,76,32,43,38,33,223,127,35,109,93,165,161,152,61,101,79,116,56,52,94,170,162,30,51,147,148,206,185,58,175,212,12,111,107,171,209,44,24,47,105,29,168,183,199,37,166,207,20,64,167,197,80,138,201,28,84,135,198,31,68,90,193,129,202,10,85,159,72,54,188,211,7,119,140,149,163,4,13,34,91,186],"type":"read_ok"}}
2024/02/25 18:59:30 Received {n12 n17 {"in_reply_to":7,"type":"broadcast_ok"}}
2024/02/25 18:59:30 Received {c67 n17 {"type":"read","msg_id":20}}
2024/02/25 18:59:30 Sent {"src":"n17","dest":"c67","body":{"in_reply_to":20,"messages":[53,210,15,108,146,11,122,204,189,25,27,195,227,124,178,6,75,117,110,139,42,57,49,81,62,121,115,83,144,156,55,92,153,118,120,191,19,39,41,176,184,63,133,150,214,26,190,194,145,160,50,154,77,113,187,213,16,22,69,38,33,66,76,32,43,223,109,93,127,35,165,161,61,101,152,116,79,170,162,56,52,94,148,206,30,51,147,175,212,185,58,12,111,107,171,209,44,47,105,24,199,29,168,183,37,166,207,167,197,20,64,80,138,201,198,28,84,135,193,31,68,90,129,202,10,85,159,211,72,54,188,149,163,7,119,140,4,186,13,34,91,88,137,169,106,164,173,67,177,21,14,18,45,181,59,180,95,174,74,82,112,70,48,102,134,36,87,151,142,0,46,40,157,114,8,104,73,97,216,215,60,99,125,208,2,78,179,192,200,5,65,128,158,172,242,86,136,126,89,103,132,196,9,71,205,96,130,131,17,23,143,123,141,155,182,203,3,1,98,100],"type":"read_ok"}}
2024/02/25 18:59:31 Received {n12 n17 {"messages":[221,239,230,232,229,236,217,237,220,238,235,240,241,228,245,234,222,225,244,224,243,218,231,233,219,226],"msg_id":260,"type":"broadcast"}}
2024/02/25 18:59:31 Received {c67 n17 {"type":"broadcast","message":266,"msg_id":21}}
2024/02/25 18:59:31 Sent {"src":"n17","dest":"n12","body":{"in_reply_to":260,"type":"broadcast_ok"}}
2024/02/25 18:59:31 Sent {"src":"n17","dest":"c67","body":{"in_reply_to":21,"type":"broadcast_ok"}}
2024/02/25 18:59:31 Received {c67 n17 {"type":"read","msg_id":22}}
2024/02/25 18:59:31 Sent {"src":"n17","dest":"c67","body":{"in_reply_to":22,"messages":[224,5,65,128,179,192,200,86,136,126,158,172,242,205,240,9,71,89,103,132,196,17,23,96,130,131,143,182,203,3,1,98,123,141,155,245,100,53,15,108,146,210,11,122,204,234,189,243,25,27,195,227,6,75,117,124,178,110,42,57,49,139,81,229,62,121,115,83,144,156,55,92,153,237,19,39,41,118,120,191,63,133,150,176,184,232,26,190,194,214,145,50,154,160,213,16,22,69,77,113,187,223,32,43,38,33,66,76,35,109,93,127,165,161,61,101,152,79,116,239,56,52,94,170,162,30,51,147,148,206,228,58,175,212,185,12,111,107,222,226,171,44,209,24,47,105,29,168,183,199,37,166,207,20,64,167,197,218,80,138,201,28,84,135,198,31,68,90,193,129,202,236,10,85,159,217,72,54,188,211,7,119,140,149,163,4,221,13,34,91,186,88,137,169,230,220,238,106,164,173,67,177,225,244,266,14,18,45,21,235,241,59,180,181,95,74,82,112,174,231,48,70,36,87,102,134,0,46,40,151,142,157,8,104,114,73,97,216,233,60,99,125,215,2,78,208,219],"type":"read_ok"}}
2024/02/25 18:59:31 Sent {"src":"n17","dest":"n12","body":{"messages":[266],"msg_id":8,"type":"broadcast"}}
2024/02/25 18:59:31 Received {n12 n17 {"messages":[255,260,262,253,247,257,246,250,249,259,254,251,248,258,252,256],"msg_id":287,"type":"broadcast"}}
2024/02/25 18:59:31 Sent {"src":"n17","dest":"n12","body":{"in_reply_to":287,"type":"broadcast_ok"}}
2024/02/25 18:59:31 Received {n12 n17 {"in_reply_to":8,"type":"broadcast_ok"}}
2024/02/25 18:59:31 Received {c67 n17 {"type":"read","msg_id":23}}
2024/02/25 18:59:31 Sent {"src":"n17","dest":"c67","body":{"in_reply_to":23,"messages":[104,114,8,97,216,233,262,73,99,125,215,60,78,208,219,2,65,128,179,192,200,224,256,5,136,126,158,172,242,86,71,89,103,132,196,205,240,9,23,96,130,131,143,255,17,1,98,123,141,155,182,203,3,245,100,53,108,146,210,246,15,122,204,234,11,243,189,260,25,195,227,27,75,117,124,178,6,110,57,49,139,258,42,229,81,121,115,62,144,156,83,92,153,55,39,41,118,120,191,237,247,19,133,150,176,184,232,252,63,190,194,214,248,26,145,154,160,50,22,69,77,113,187,213,16,43,38,33,66,76,223,32,109,93,127,165,161,253,35,101,152,61,116,239,254,79,52,94,170,162,56,51,147,148,206,228,30,175,212,185,250,58,111,107,222,226,12,171,209,44,47,105,24,168,183,199,29,166,207,37,64,167,197,218,259,20,138,201,80,84,135,198,28,68,90,193,251,31,202,236,129,85,159,217,10,54,188,211,72,119,140,149,163,7,221,257,4,34,91,186,249,13,137,169,230,220,238,88,106,173,164,177,225,244,266,67,18,45,21,235,14,241,180,181,59,95,82,112,174,231,74,70,48,87,102,134,36,46,40,151,142,157,0],"type":"read_ok"}}
2024/02/25 18:59:31 Received {c67 n17 {"type":"broadcast","message":302,"msg_id":24}}
2024/02/25 18:59:31 Sent {"src":"n17","dest":"c67","body":{"in_reply_to":24,"type":"broadcast_ok"}}
2024/02/25 18:59:31 Sent {"src":"n17","dest":"n12","body":{"messages":[302],"msg_id":9,"type":"broadcast"}}
2024/02/25 18:59:32 Received {n12 n17 {"messages":[271,268,278,272,273,267,270,280,276,263,261,274,269,265,277,264,275,279,289,300],"msg_id":305,"type":"broadcast"}}
2024/02/25 18:59:32 Sent {"src":"n17","dest":"n12","body":{"in_reply_to":305,"type":"broadcast_ok"}}
2024/02/25 18:59:32 Received {n12 n17 {"in_reply_to":9,"type":"broadcast_ok"}}
2024/02/25 18:59:32 Received {c67 n17 {"type":"broadcast","message":316,"msg_id":25}}
2024/02/25 18:59:32 Sent {"src":"n17","dest":"c67","body":{"in_reply_to":25,"type":"broadcast_ok"}}
2024/02/25 18:59:32 Sent {"src":"n17","dest":"n12","body":{"messages":[316],"msg_id":10,"type":"broadcast"}}
2024/02/25 18:59:32 Received {n12 n17 {"messages":[293,291,286,296,284,295,297,283,301,290,288,299,287,298,282,281,294,285,292,314,328],"msg_id":316,"type":"broadcast"}}
2024/02/25 18:59:32 Received {c67 n17 {"type":"broadcast","message":330,"msg_id":26}}
2024/02/25 18:59:32 Sent {"src":"n17","dest":"n12","body":{"in_reply_to":316,"type":"broadcast_ok"}}
2024/02/25 18:59:32 Sent {"src":"n17","dest":"c67","body":{"in_reply_to":26,"type":"broadcast_ok"}}
2024/02/25 18:59:32 Received {n12 n17 {"in_reply_to":10,"type":"broadcast_ok"}}
2024/02/25 18:59:32 Received {c67 n17 {"type":"read","msg_id":27}}
2024/02/25 18:59:32 Sent {"src":"n17","dest":"c67","body":{"in_reply_to":27,"messages":[53,15,108,146,210,246,263,11,122,204,234,272,189,243,297,288,25,260,27,195,227,261,279,316,6,75,117,124,178,110,286,42,57,49,139,258,81,229,62,121,115,267,284,83,144,156,55,92,153,287,191,237,247,19,39,41,118,120,232,252,63,133,150,176,184,26,190,194,214,248,145,50,154,160,187,213,302,16,22,69,77,113,76,223,300,32,43,38,33,66,282,330,161,253,35,109,93,127,165,61,101,152,79,116,239,254,281,264,291,56,52,94,170,162,228,278,30,51,147,148,206,58,175,212,185,250,12,111,107,222,226,171,44,209,24,47,105,273,296,29,168,183,199,37,166,207,293,259,20,64,167,197,218,80,138,201,271,277,28,84,135,198,31,68,90,193,251,129,202,236,10,85,159,217,72,54,188,211,270,275,7,119,140,149,163,4,221,257,13,34,91,186,249,238,314,328,88,137,169,230,220,106,164,173,269,276,67,177,225,244,266,14,18,45,21,235,241,301,59,180,181,265,289,95,280,74,82,112,174,231,48,70,36,87,102,134,274,157,295,283,0,46,40,151,142,290,8,104,114,73,97,216,233,262,60,99,125,215,2,78,208,219,200,224,256,5,65,128,179,192,292,242,86,136,126,158,172,196,205,240,9,71,89,103,132,294,143,255,299,17,23,96,130,131,155,182,203,3,1,98,123,141,245,268,100,298,285],"type":"read_ok"}}
2024/02/25 18:59:32 Sent {"src":"n17","dest":"n12","body":{"messages":[330],"msg_id":11,"type":"broadcast"}}
2024/02/25 18:59:33 Received {n12 n17 {"messages":[303,326,305,325,309,308,322,321,307,319,312,327,313,329,311,324,317,320,318,306,310,323,315,304,344],"msg_id":356,"type":"broadcast"}}
2024/02/25 18:59:33 Sent {"src":"n17","dest":"n12","body":{"in_reply_to":356,"type":"broadcast_ok"}}
2024/02/25 18:59:33 Received {n12 n17 {"in_reply_to":11,"type":"broadcast_ok"}}
2024/02/25 18:59:33 Received {c67 n17 {"type":"read","msg_id":28}}
2024/02/25 18:59:33 Sent {"src":"n17","dest":"c67","body":{"in_reply_to":28,"messages":[36,87,102,134,274,157,295,283,0,46,40,151,142,290,308,8,104,114,327,323,73,97,216,233,262,60,99,125,215,2,78,208,219,315,200,224,256,5,65,128,179,192,292,317,242,322,86,136,126,158,172,196,205,240,9,71,89,103,132,294,143,255,299,17,23,96,130,131,155,182,203,3,1,98,123,141,245,268,310,304,100,298,285,53,15,108,146,210,246,263,11,122,204,234,272,189,243,297,288,25,260,27,195,227,261,279,316,305,6,75,117,124,178,110,286,42,57,49,139,258,81,229,62,121,115,267,284,83,144,156,55,92,153,287,191,237,247,19,39,41,118,120,232,252,63,133,150,176,184,26,190,194,214,248,145,321,50,154,160,187,213,302,16,22,69,77,113,309,344,76,223,300,32,43,38,33,66,282,330,161,253,35,109,93,127,165,61,101,152,79,116,239,254,281,264,291,56,52,94,170,162,228,278,320,30,51,147,148,206,58,175,212,185,250,307,12,111,107,222,226,171,44,209,325,24,47,105,273,296,29,168,183,199,37,166,207,293,259,313,306,20,64,167,197,218,80,138,201,271,277,28,84,135,198,31,68,90,193,251,129,202,236,10,85,159,217,312,72,54,188,211,270,275,7,119,140,149,163,4,221,257,13,34,91,186,249,238,314,328,88,137,169,230,220,106,164,173,269,319,276,67,177,225,244,266,318,14,18,45,21,235,241,311,324,301,303,326,59,180,181,265,289,95,329,280,74,82,112,174,231,48,70],"type":"read_ok"}}
2024/02/25 18:59:33 Received {c67 n17 {"type":"broadcast","message":370,"msg_id":29}}
2024/02/25 18:59:33 Sent {"src":"n17","dest":"c67","body":{"in_reply_to":29,"type":"broadcast_ok"}}
2024/02/25 18:59:33 Sent {"src":"n17","dest":"n12","body":{"messages":[370],"msg_id":12,"type":"broadcast"}}
2024/02/25 18:59:33 Received {n12 n17 {"messages":[332,341,331,348,337,340,349,336,334,342,346,345,347,335,351,339,333,350,338,343,356],"msg_id":363,"type":"broadcast"}}
2024/02/25 18:59:33 Sent {"src":"n17","dest":"n12","body":{"in_reply_to":363,"type":"broadcast_ok"}}
2024/02/25 18:59:33 Received {n12 n17 {"in_reply_to":12,"type":"broadcast_ok"}}
2024/02/25 18:59:33 Received {c67 n17 {"type":"read","msg_id":30}}
2024/02/25 18:59:33 Sent {"src":"n17","dest":"c67","body":{"in_reply_to":30,"messages":[262,73,97,216,233,356,60,99,125,215,315,2,78,208,219,192,200,224,256,5,65,128,179,292,317,172,242,322,86,136,126,158,132,196,205,240,9,71,89,103,294,131,143,255,299,17,23,96,130,141,155,182,203,3,1,98,123,245,268,310,304,100,298,285,53,246,15,108,146,210,272,263,11,122,204,234,189,243,297,288,25,260,27,195,227,261,178,279,316,305,6,75,117,124,341,110,286,258,337,42,57,49,139,81,229,284,339,62,121,115,267,83,144,156,346,331,345,55,92,153,287,120,191,237,247,19,39,41,118,184,232,252,63,133,150,176,248,26,190,194,214,145,321,340,350,50,154,160,113,187,213,302,16,22,69,77,309,344,66,76,223,300,32,43,38,33,282,330,165,161,253,332,35,109,93,127,61,101,152,281,79,116,239,254,162,264,291,56,52,94,170,206,228,278,320,30,51,147,148,250,333,58,175,212,185,226,307,12,111,107,222,171,44,209,296,325,24,47,105,273,370,29,168,183,199,37,166,207,293,218,259,313,306,20,64,167,197,277,80,138,201,271,347,28,84,135,198,251,348,351,31,68,90,193,129,202,236,349,10,85,159,217,270,312,72,54,188,211,163,275,334,338,7,119,140,149,4,221,257,336,249,13,34,91,186,220,238,314,328,88,137,169,230,342,106,335,164,173,269,319,266,276,67,177,225,244,235,318,14,18,45,21,241,311,324,289,301,303,326,59,180,181,265,95,329,343,231,280,74,82,112,174,48,70,274,36,87,102,134,142,157,295,283,0,46,40,151,290,308,323,8,104,114,327],"type":"read_ok"}}
2024/02/25 18:59:33 Received {c67 n17 {"type":"broadcast","message":397,"msg_id":31}}
2024/02/25 18:59:33 Sent {"src":"n17","dest":"c67","body":{"in_reply_to":31,"type":"broadcast_ok"}}
2024/02/25 18:59:33 Sent {"src":"n17","dest":"n12","body":{"messages":[397],"msg_id":13,"type":"broadcast"}}
2024/02/25 18:59:34 Received {n12 n17 {"messages":[360,358,371,359,354,364,361,369,355,365,362,366,352,363,367,373,353,372,357,368],"msg_id":397,"type":"broadcast"}}
2024/02/25 18:59:34 Sent {"src":"n17","dest":"n12","body":{"in_reply_to":397,"type":"broadcast_ok"}}
2024/02/25 18:59:34 Received {n12 n17 {"in_reply_to":13,"type":"broadcast_ok"}}
2024/02/25 18:59:34 Received {c67 n17 {"type":"broadcast","message":409,"msg_id":32}}
2024/02/25 18:59:34 Sent {"src":"n17","dest":"c67","body":{"in_reply_to":32,"type":"broadcast_ok"}}
2024/02/25 18:59:34 Sent {"src":"n17","dest":"n12","body":{"messages":[409],"msg_id":14,"type":"broadcast"}}
2024/02/25 18:59:34 Received {n12 n17 {"messages":[387,376,378,389,390,379,393,377,384,374,391,375,386,381,383,396,382,395,380,394,388,385,392,424],"msg_id":412,"type":"broadcast"}}
2024/02/25 18:59:34 Received {c67 n17 {"type":"read","msg_id":33}}
2024/02/25 18:59:34 Sent {"src":"n17","dest":"n12","body":{"in_reply_to":412,"type":"broadcast_ok"}}
2024/02/25 18:59:34 Sent {"src":"n17","dest":"c67","body":{"in_reply_to":33,"messages":[83,144,156,346,382,55,92,153,287,331,345,237,247,19,39,41,118,120,191,395,252,63,133,150,176,184,232,26,190,194,214,248,363,145,321,340,350,371,50,154,160,213,302,16,22,69,77,113,187,309,344,223,300,32,43,38,33,66,76,282,330,253,332,35,109,93,127,165,161,380,61,101,152,79,116,239,254,281,379,291,56,52,94,170,162,264,278,320,30,51,147,148,206,228,386,58,175,212,185,250,333,12,111,107,222,226,307,171,366,44,209,24,47,105,273,296,325,29,168,183,199,370,372,37,166,207,293,353,385,313,306,20,64,167,197,218,259,361,393,80,138,201,271,277,28,84,135,198,347,359,351,392,31,68,90,193,251,348,129,202,236,365,409,10,85,159,217,349,72,54,188,211,270,312,334,338,7,119,140,149,163,275,4,221,257,336,384,13,34,91,186,249,314,328,88,137,169,230,220,238,342,106,358,164,173,269,319,335,390,67,177,225,244,266,276,383,14,18,45,21,235,318,241,311,324,303,326,59,180,181,265,289,301,387,95,329,343,397,352,368,378,74,82,112,174,231,280,48,70,389,36,87,102,134,274,376,295,283,0,46,40,151,142,157,290,308,354,355,8,104,114,327,323,73,97,216,233,262,60,99,125,215,356,374,2,78,208,219,315,224,256,5,65,128,179,192,200,292,317,369,322,377,86,136,126,158,172,242,205,240,9,71,89,103,132,196,294,362,255,299,17,23,96,130,131,143,364,182,203,3,1,98,123,141,155,245,268,310,304,367,100,298,285,381,53,15,108,146,210,246,391,388,11,122,204,234,272,263,189,243,297,288,394,25,260,360,27,195,227,261,316,305,6,75,117,124,178,279,341,110,286,373,396,375,42,57,49,139,258,337,81,229,357,424,62,121,115,267,284,339],"type":"read_ok"}}
2024/02/25 18:59:34 Received {n12 n17 {"in_reply_to":14,"type":"broadcast_ok"}}
2024/02/25 18:59:34 Received {c67 n17 {"type":"broadcast","message":440,"msg_id":34}}
2024/02/25 18:59:34 Sent {"src":"n17","dest":"c67","body":{"in_reply_to":34,"type":"broadcast_ok"}}
2024/02/25 18:59:34 Sent {"src":"n17","dest":"n12","body":{"messages":[440],"msg_id":15,"type":"broadcast"}}
2024/02/25 18:59:35 Received {n12 n17 {"messages":[398,414,411,404,421,412,419,401,403,420,399,415,416,402,410,405,425,423,422,406,407,400,418,413,417,408],"msg_id":455,"type":"broadcast"}}
2024/02/25 18:59:35 Sent {"src":"n17","dest":"n12","body":{"in_reply_to":455,"type":"broadcast_ok"}}
2024/02/25 18:59:35 Received {n12 n17 {"in_reply_to":15,"type":"broadcast_ok"}}
2024/02/25 18:59:35 Received {c67 n17 {"type":"read","msg_id":35}}
2024/02/25 18:59:35 Sent {"src":"n17","dest":"c67","body":{"in_reply_to":35,"messages":[113,187,213,302,16,22,69,77,309,282,330,33,66,76,300,165,161,35,109,380,101,79,116,239,254,162,291,94,170,206,278,51,212,404,222,171,44,24,273,370,372,400,29,168,183,199,385,37,259,306,20,167,197,361,393,80,138,271,28,251,348,392,31,90,129,10,217,425,312,72,188,211,334,415,417,421,221,257,336,411,91,220,314,88,230,342,358,335,390,164,319,276,420,177,244,235,318,383,408,14,18,45,21,241,311,416,289,303,326,181,352,368,95,343,280,378,74,112,174,48,376,87,102,157,295,290,308,114,262,356,440,60,99,2,78,208,192,200,224,128,179,292,317,172,242,86,158,132,196,205,9,89,294,131,255,17,364,141,3,98,123,367,245,298,285,381,53,15,210,391,407,263,234,403,189,243,297,25,260,27,305,110,396,49,337,229,357,414,62,284,339,424,156,422,55,287,382,247,395,19,41,120,237,184,190,194,214,321,350,371,398,154,160,423,344,32,43,38,223,253,332,93,127,61,152,281,379,264,56,52,228,320,30,147,148,250,333,386,58,175,185,226,307,12,111,107,366,209,412,413,296,325,47,105,353,166,207,293,218,313,64,277,201,347,359,84,135,198,351,68,193,409,202,236,365,85,159,349,270,54,163,275,338,7,119,140,149,384,4,249,399,13,34,186,238,328,137,169,106,173,269,266,67,225,324,301,59,180,265,387,329,397,231,82,70,389,274,36,134,142,283,0,46,40,151,354,355,323,8,104,327,73,97,216,233,374,125,215,315,219,256,5,65,369,322,377,136,126,240,71,103,362,143,299,23,96,130,155,182,203,1,419,268,310,304,402,100,108,146,246,272,388,11,122,204,394,410,288,360,195,227,261,178,279,316,341,6,75,117,124,286,373,375,42,57,139,258,81,121,115,267,83,144,346,405,92,153,331,345,39,118,191,401,232,252,418,63,133,150,176,26,248,363,145,340,406,50],"type":"read_ok"}}
2024/02/25 18:59:35 Received {c67 n17 {"type":"broadcast","message":466,"msg_id":36}}
2024/02/25 18:59:35 Sent {"src":"n17","dest":"c67","body":{"in_reply_to":36,"type":"broadcast_ok"}}
2024/02/25 18:59:35 Sent {"src":"n17","dest":"n12","body":{"messages":[466],"msg_id":16,"type":"broadcast"}}
2024/02/25 18:59:35 Received {n12 n17 {"messages":[445,452,436,427,442,433,430,437,438,431,446,429,444,426,441,432,447,428,443,439,434,435,462],"msg_id":474,"type":"broadcast"}}
2024/02/25 18:59:35 Sent {"src":"n17","dest":"n12","body":{"in_reply_to":474,"type":"broadcast_ok"}}
2024/02/25 18:59:35 Received {n12 n17 {"in_reply_to":16,"type":"broadcast_ok"}}
2024/02/25 18:59:35 Received {c67 n17 {"type":"broadcast","message":482,"msg_id":37}}
2024/02/25 18:59:35 Sent {"src":"n17","dest":"c67","body":{"in_reply_to":37,"type":"broadcast_ok"}}
2024/02/25 18:59:35 Received {c67 n17 {"type":"broadcast","message":494,"msg_id":38}}
2024/02/25 18:59:35 Sent {"src":"n17","dest":"c67","body":{"in_reply_to":38,"type":"broadcast_ok"}}
2024/02/25 18:59:35 Sent {"src":"n17","dest":"n12","body":{"messages":[482,494],"msg_id":17,"type":"broadcast"}}
2024/02/25 18:59:36 Received {n12 n17 {"messages":[456,468,469,450,457,458,449,460,451,454,461,459,463,453,464,455,467,465,448,470],"msg_id":485,"type":"broadcast"}}
2024/02/25 18:59:36 Received {c67 n17 {"type":"read","msg_id":39}}
2024/02/25 18:59:36 Sent {"src":"n17","dest":"n12","body":{"in_reply_to":485,"type":"broadcast_ok"}}
2024/02/25 18:59:36 Sent {"src":"n17","dest":"c67","body":{"in_reply_to":39,"messages":[362,441,71,103,240,143,299,439,23,96,130,203,268,310,304,419,1,155,182,459,100,402,455,108,146,246,272,388,11,122,204,288,394,410,360,458,195,227,261,124,178,279,316,341,6,75,117,286,373,258,375,42,57,139,81,121,115,267,83,144,346,345,405,92,153,331,401,39,118,191,176,232,252,418,461,63,133,150,26,248,363,145,340,406,50,77,113,187,213,302,16,22,69,309,300,282,330,434,33,66,76,161,380,35,109,165,101,254,467,79,116,239,291,94,170,162,433,51,206,278,212,222,404,171,442,44,464,24,273,435,199,370,372,400,432,29,168,183,470,37,385,445,259,306,361,393,482,20,167,197,80,138,271,28,348,392,31,90,251,129,427,10,217,425,312,494,72,188,211,334,415,417,421,452,446,453,221,257,336,91,411,314,342,465,88,230,220,358,390,164,319,335,420,447,469,177,244,276,21,235,318,383,408,14,18,45,241,311,416,326,181,289,303,368,95,343,352,280,378,462,74,112,174,48,448,87,102,376,308,457,157,295,290,114,262,440,468,451,60,99,356,2,78,208,200,224,292,317,128,179,192,242,86,158,172,196,205,294,9,89,132,364,17,131,255,141,245,367,3,98,123,431,298,285,381,53,456,407,15,210,391,234,263,403,189,243,297,25,260,444,27,305,110,396,49,337,428,229,357,414,424,436,62,284,339,156,422,55,287,382,237,247,395,437,19,41,120,184,190,194,214,398,321,350,371,154,160,423,344,223,32,43,38,332,93,127,253,61,152,281,379,56,52,264,228,320,30,147,148,250,333,386,58,175,185,226,307,12,111,107,366,460,209,412,413,325,47,105,296,353,429,166,207,293,64,218,313,201,277,347,359,84,135,198,450,68,193,351,409,202,236,365,85,159,349,54,270,149,163,275,338,7,119,140,4,384,249,399,13,34,186,328,137,169,238,106,173,269,449,67,225,266,324,301,443,59,180,265,329,397,387,82,231,70,389,36,134,274,151,142,283,354,355,0,46,40,438,323,8,104,327,233,463,73,97,216,125,215,374,426,219,315,466,369,430,5,65,256,377,454,136,126,322],"type":"read_ok"}}
2024/02/25 18:59:36 Received {n12 n17 {"in_reply_to":17,"type":"broadcast_ok"}}
2024/02/25 18:59:36 Received {c67 n17 {"type":"broadcast","message":522,"msg_id":40}}
2024/02/25 18:59:36 Sent {"src":"n17","dest":"c67","body":{"in_reply_to":40,"type":"broadcast_ok"}}
2024/02/25 18:59:36 Sent {"src":"n17","dest":"n12","body":{"messages":[522],"msg_id":18,"type":"broadcast"}}
2024/02/25 18:59:36 Received {n12 n17 {"messages":[483,496,507,477,490,473,487,501,486,476,489,471,498,499,493,478,491,475,488,480,492,481,472,485,500,484,479,495,497,474,519],"msg_id":507,"type":"broadcast"}}
2024/02/25 18:59:36 Sent {"src":"n17","dest":"n12","body":{"in_reply_to":507,"type":"broadcast_ok"}}
2024/02/25 18:59:36 Received {n12 n17 {"in_reply_to":18,"type":"broadcast_ok"}}
2024/02/25 18:59:36 Received {c67 n17 {"type":"read","msg_id":41}}
2024/02/25 18:59:36 Sent {"src":"n17","dest":"c67","body":{"in_reply_to":41,"messages":[91,411,314,342,465,88,230,220,358,507,390,501,164,319,335,420,447,469,177,244,276,21,235,318,383,408,14,18,45,480,241,311,416,326,474,181,289,303,368,493,95,343,352,280,378,462,74,112,174,48,448,87,102,376,308,457,157,295,290,114,262,440,468,451,60,99,356,2,78,208,200,224,292,317,128,179,192,242,86,158,172,196,205,294,9,89,132,364,17,131,255,141,245,367,3,98,123,431,298,285,381,53,456,407,486,15,210,391,234,263,403,189,243,297,25,260,444,27,305,110,396,49,337,428,229,357,414,424,436,62,284,339,156,422,55,287,382,237,247,395,437,19,41,120,184,190,194,214,398,321,350,371,522,471,478,154,160,423,344,223,32,43,38,332,93,127,253,61,152,281,379,56,52,264,228,320,481,30,147,148,250,333,386,58,175,185,226,307,12,111,107,366,460,491,209,412,413,325,47,105,296,484,353,429,166,207,293,64,218,313,201,277,347,359,84,135,198,450,68,193,351,409,490,202,236,365,85,159,349,54,270,149,163,275,338,7,119,140,4,384,249,399,13,34,186,328,137,169,238,106,173,269,449,67,225,266,324,479,301,443,59,180,265,495,329,397,387,82,231,519,70,389,472,36,134,274,151,142,283,354,355,0,46,40,438,323,8,104,327,233,463,73,97,216,125,215,374,426,219,315,466,369,430,473,499,5,65,256,377,454,136,126,322,362,441,71,103,240,143,299,439,23,96,130,203,268,310,304,419,1,155,182,459,492,100,402,455,108,146,246,272,388,11,122,204,288,394,410,360,458,500,195,227,261,124,178,279,316,341,6,75,117,485,286,373,258,375,498,42,57,139,81,121,115,267,83,144,346,345,405,92,153,331,401,39,118,191,176,232,252,418,461,63,133,150,26,248,363,145,340,406,50,477,489,77,113,187,213,302,16,22,69,309,300,282,330,434,33,66,76,161,380,35,109,165,101,483,254,467,488,79,116,239,291,94,170,162,433,51,206,278,212,222,404,171,442,44,464,24,273,435,199,370,372,400,432,29,168,183,470,37,385,445,259,306,361,393,482,20,167,197,475,496,476,80,138,271,28,497,348,392,31,90,251,129,427,10,217,425,312,494,487,72,188,211,334,415,417,421,452,446,453,221,257,336],"type":"read_ok"}}
2024/02/25 18:59:36 Received {c67 n17 {"type":"broadcast","message":550,"msg_id":42}}
2024/02/25 18:59:36 Sent {"src":"n17","dest":"c67","body":{"in_reply_to":42,"type":"broadcast_ok"}}
2024/02/25 18:59:36 Sent {"src":"n17","dest":"n12","body":{"messages":[550],"msg_id":19,"type":"broadcast"}}
2024/02/25 18:59:37 Received {n12 n17 {"messages":[512,524,514,503,516,533,526,505,517,508,502,527,520,510,523,504,511,506,518,525,513,515,509,521],"msg_id":549,"type":"broadcast"}}
2024/02/25 18:59:37 Sent {"src":"n17","dest":"n12","body":{"in_reply_to":549,"type":"broadcast_ok"}}
2024/02/25 18:59:37 Received {n12 n17 {"in_reply_to":19,"type":"broadcast_ok"}}
2024/02/25 18:59:37 Received {c67 n17 {"type":"broadcast","message":564,"msg_id":43}}
2024/02/25 18:59:37 Sent {"src":"n17","dest":"c67","body":{"in_reply_to":43,"type":"broadcast_ok"}}
2024/02/25 18:59:37 Received {c67 n17 {"type":"read","msg_id":44}}
2024/02/25 18:59:37 Sent {"src":"n17","dest":"c67","body":{"in_reply_to":44,"messages":[10,217,425,72,188,211,312,494,487,334,415,417,453,511,221,257,336,421,452,446,91,411,88,230,220,314,342,465,358,507,164,319,335,390,501,177,244,276,420,447,469,383,408,14,18,45,21,235,318,480,241,311,416,181,289,303,326,474,95,343,352,368,493,74,112,174,280,378,462,48,448,87,102,376,550,505,157,295,290,308,457,114,262,502,60,99,356,440,468,451,2,78,208,317,128,179,192,200,224,292,86,158,172,242,9,89,132,196,205,294,17,131,255,364,3,98,123,141,245,367,298,285,381,431,53,456,510,15,210,391,407,486,523,234,263,189,243,297,403,25,260,444,27,305,110,396,49,337,229,357,414,428,62,284,339,424,436,156,422,55,287,382,437,19,41,120,237,247,395,184,190,194,214,321,350,371,398,154,160,423,522,471,478,344,32,43,38,223,509,93,127,253,332,513,61,152,281,379,56,52,264,512,30,147,148,228,320,481,58,175,185,250,333,386,12,111,107,226,307,366,460,516,209,412,413,491,47,105,296,325,484,166,207,293,353,429,64,218,313,201,277,84,135,198,347,359,68,193,351,450,202,236,365,409,490,85,159,349,54,270,338,7,119,140,149,163,275,4,384,13,34,186,249,399,518,137,169,238,328,106,508,506,173,269,67,225,266,449,324,479,59,180,265,301,443,329,397,387,495,520,82,231,519,70,389,36,134,274,472,354,355,0,46,40,151,142,283,438,8,104,327,323,73,97,216,233,463,125,215,374,219,315,466,426,499,521,5,65,256,369,430,473,136,126,322,377,454,71,103,240,362,441,525,23,96,130,143,299,439,304,419,1,155,182,203,268,310,459,492,100,402,455,108,146,246,11,122,204,272,388,288,394,410,503,360,458,195,227,261,500,316,341,6,75,117,124,178,279,485,286,373,42,57,139,258,375,498,81,526,121,115,267,83,144,346,92,153,331,345,405,39,118,191,401,418,461,63,133,150,176,232,252,26,248,363,533,145,340,406,564,50,477,489,213,302,16,22,69,77,113,187,309,434,33,66,76,300,282,330,35,109,165,161,380,101,483,517,515,79,116,239,254,467,488,94,170,162,291,51,206,278,433,212,222,404,171,442,44,464,24,273,435,400,432,29,168,183,199,370,372,470,37,385,445,393,482,20,167,197,259,306,361,475,527,80,138,271,496,476,524,28,497,504,31,90,251,348,392,129,427,514],"type":"read_ok"}}
2024/02/25 18:59:37 Sent {"src":"n17","dest":"n12","body":{"messages":[564],"msg_id":20,"type":"broadcast"}}
2024/02/25 18:59:37 Received {n12 n17 {"messages":[536,540,530,537,551,528,545,542,534,539,531,548,538,544,543,535,529,546,532,549,547,541,562,573],"msg_id":555,"type":"broadcast"}}
2024/02/25 18:59:37 Sent {"src":"n17","dest":"n12","body":{"in_reply_to":555,"type":"broadcast_ok"}}
2024/02/25 18:59:37 Received {n12 n17 {"in_reply_to":20,"type":"broadcast_ok"}}
2024/02/25 18:59:37 Received {c67 n17 {"type":"read","msg_id":45}}
2024/02/25 18:59:37 Sent {"src":"n17","dest":"c67","body":{"in_reply_to":45,"messages":[477,489,544,50,22,69,77,113,187,213,302,16,309,66,76,300,282,330,434,33,109,165,161,380,35,483,101,116,239,254,467,488,517,515,79,170,162,291,94,206,278,433,51,212,404,222,442,171,464,44,273,435,24,168,183,199,370,372,400,432,29,470,385,445,37,167,197,259,306,361,393,482,20,475,138,271,496,476,524,527,80,497,504,28,90,251,348,392,537,31,427,514,129,217,425,10,188,211,312,494,487,72,415,417,334,257,336,421,452,446,453,511,221,411,91,230,220,314,342,465,88,507,358,319,335,390,501,164,244,276,420,447,469,549,177,18,45,21,235,318,383,408,14,480,311,416,241,289,303,326,474,181,343,352,368,493,95,112,174,280,378,462,74,448,48,102,376,550,505,540,87,295,290,308,457,157,114,262,99,356,440,468,451,502,60,78,208,2,179,192,200,224,292,317,128,158,172,242,532,86,89,132,196,205,294,9,131,255,364,17,98,123,141,245,367,3,285,381,431,298,456,510,53,210,391,407,486,523,573,15,263,234,243,297,403,189,260,444,25,545,538,27,546,305,396,110,337,528,49,357,414,428,229,284,339,424,436,62,422,156,287,382,55,41,120,237,247,395,437,19,184,194,214,190,350,371,398,321,160,423,522,471,478,154,344,43,38,223,509,531,32,127,253,332,513,551,93,152,61,379,281,52,264,56,147,148,228,320,481,512,30,175,185,250,333,386,58,111,107,226,307,12,460,516,366,412,413,491,534,209,105,296,325,47,484,207,293,353,429,166,218,313,64,277,201,135,198,347,359,84,193,351,450,68,236,365,409,490,202,159,349,85,270,54,119,140,149,163,275,338,7,384,4,34,186,249,399,518,539,13,169,238,328,137,508,506,106,269,173,225,266,449,543,67,479,324,180,265,301,443,59,397,387,495,520,329,231,519,82,389,541,70,134,274,472,535,36,46,40,151,142,283,354,355,0,438,104,327,323,542,562,8,97,216,233,463,73,215,374,125,315,466,426,219,65,256,369,430,473,499,521,5,126,322,377,454,136,103,240,362,441,525,548,71,96,130,143,299,439,23,155,182,203,268,310,304,419,1,492,459,402,455,536,100,146,246,108,122,204,272,388,11,394,410,503,288,458,360,227,261,500,530,195,75,117,124,178,279,316,341,6,485,373,286,57,139,258,375,498,529,42,526,81,115,267,547,121,144,346,83,153,331,345,405,92,118,191,401,39,133,150,176,232,252,418,461,63,248,363,533,26,340,406,564,145],"type":"read_ok"}}
2024/02/25 18:59:37 Received {c67 n17 {"type":"broadcast","message":600,"msg_id":46}}
2024/02/25 18:59:37 Sent {"src":"n17","dest":"c67","body":{"in_reply_to":46,"type":"broadcast_ok"}}
2024/02/25 18:59:37 Sent {"src":"n17","dest":"n12","body":{"messages":[600],"msg_id":21,"type":"broadcast"}}
2024/02/25 18:59:38 Received {n12 n17 {"messages":[556,555,559,560,558,571,553,569,552,568,567,566,561,554,565,574,557,570,572,563],"msg_id":584,"type":"broadcast"}}
2024/02/25 18:59:38 Sent {"src":"n17","dest":"n12","body":{"in_reply_to":584,"type":"broadcast_ok"}}
2024/02/25 18:59:38 Received {n12 n17 {"in_reply_to":21,"type":"broadcast_ok"}}
2024/02/25 18:59:38 Received {c67 n17 {"type":"read","msg_id":47}}
2024/02/25 18:59:38 Sent {"src":"n17","dest":"c67","body":{"in_reply_to":47,"messages":[3,98,123,141,245,367,298,285,381,431,53,456,510,573,15,210,391,407,486,523,234,263,189,243,297,403,25,260,444,571,27,545,538,305,546,556,110,396,49,337,528,568,229,357,414,428,62,284,339,424,436,559,156,422,55,287,382,437,19,41,120,237,247,395,184,560,190,194,214,558,570,321,350,371,398,574,154,160,423,522,471,478,344,32,43,38,223,509,531,572,93,127,253,332,513,551,61,152,281,379,56,52,264,512,30,147,148,228,320,481,58,175,185,250,333,386,12,111,107,226,307,366,460,516,209,412,413,491,534,47,105,296,325,484,166,207,293,353,429,552,64,218,313,201,277,84,135,198,347,359,68,193,351,450,202,236,365,409,490,85,159,349,54,270,338,7,119,140,149,163,275,4,384,539,13,34,186,249,399,518,137,169,238,328,106,508,506,173,269,566,67,225,266,449,543,557,324,479,59,180,265,301,443,329,397,387,495,520,82,231,519,70,389,541,36,134,274,472,535,354,355,0,46,40,151,142,283,438,8,104,327,323,542,562,73,97,216,233,463,125,215,374,219,315,466,426,499,521,5,65,256,369,430,473,136,126,322,377,454,548,71,103,240,362,441,525,23,96,130,143,299,439,304,419,1,155,182,203,268,310,459,492,100,402,455,536,108,146,246,11,122,204,272,388,288,394,410,503,360,458,195,227,261,500,530,316,341,6,75,117,124,178,279,485,286,373,529,561,42,57,139,258,375,498,81,526,121,115,267,547,83,144,346,92,153,331,345,405,600,39,118,191,401,418,461,63,133,150,176,232,252,26,248,363,533,145,340,406,564,50,477,489,544,213,302,16,22,69,77,113,187,309,434,33,66,76,300,282,330,35,109,165,161,380,101,483,517,515,79,116,239,254,467,488,94,170,162,291,51,206,278,433,565,212,222,404,171,442,554,44,464,24,273,435,400,432,29,168,183,199,370,372,470,37,385,445,393,482,20,167,197,259,306,361,475,527,80,138,271,496,476,524,28,497,504,563,31,90,251,348,392,537,129,427,514,10,217,425,72,188,211,312,494,487,334,415,417,453,511,221,257,336,421,452,446,91,411,555,88,230,220,314,342,465,358,507,164,319,335,390,501,553,549,177,244,276,420,447,469,383,408,14,18,45,21,235,318,480,241,311,416,181,289,303,326,474,95,343,352,368,493,74,112,174,280,378,462,48,448,87,102,376,550,505,540,157,295,290,308,457,114,262,502,60,99,356,440,468,451,2,78,208,317,569,128,179,192,200,224,292,86,158,172,242,532,567,9,89,132,196,205,294,17,131,255,364],"type":"read_ok"}}
2024/02/25 18:59:38 Received {n12 n17 {"messages":[587,578,575,588,584,582,595,583,581,594,598,592,597,577,586,591,585,599,579,590,580,593,596,576,589,610],"msg_id":622,"type":"broadcast"}}
2024/02/25 18:59:38 Sent {"src":"n17","dest":"n12","body":{"in_reply_to":622,"type":"broadcast_ok"}}
2024/02/25 18:59:38 Received {c67 n17 {"type":"read","msg_id":48}}
2024/02/25 18:59:38 Sent {"src":"n17","dest":"c67","body":{"in_reply_to":48,"messages":[37,385,445,482,20,167,197,259,306,361,393,475,80,138,271,496,476,524,527,28,497,504,563,31,90,251,348,392,537,577,129,427,514,10,217,425,72,188,211,312,494,487,575,334,415,417,511,221,257,336,421,452,446,453,91,411,88,230,220,314,342,465,555,358,507,164,319,335,390,501,553,177,244,276,420,447,469,549,408,14,18,45,21,235,318,383,480,241,311,416,181,289,303,326,474,95,343,352,368,493,74,112,174,280,378,462,48,448,87,102,376,550,505,540,157,295,290,308,457,114,262,579,60,99,356,440,468,451,502,2,78,208,569,128,179,192,200,224,292,317,86,158,172,242,532,587,9,89,132,196,205,294,567,581,590,17,131,255,364,3,98,123,141,245,367,298,285,381,431,53,456,510,15,210,391,407,486,523,573,234,263,189,243,297,403,25,260,444,571,27,545,538,305,546,556,110,396,49,337,528,568,229,357,414,428,583,62,284,339,424,436,559,156,422,55,287,382,578,19,41,120,237,247,395,437,184,560,190,194,214,558,570,321,350,371,398,574,154,160,423,522,471,478,344,588,599,32,43,38,223,509,531,582,93,127,253,332,513,551,572,61,152,281,379,56,52,264,30,147,148,228,320,481,512,58,175,185,250,333,386,594,12,111,107,226,307,366,460,516,209,412,413,491,534,47,105,296,325,595,484,166,207,293,353,429,552,64,218,313,201,277,598,84,135,198,347,359,68,193,351,450,592,202,236,365,409,490,85,159,349,54,270,596,7,119,140,149,163,275,338,4,384,13,34,186,249,399,518,539,137,169,238,328,106,508,506,173,269,566,67,225,266,449,543,557,324,479,591,59,180,265,301,443,580,329,397,387,495,520,82,231,519,70,389,541,36,134,274,472,535,576,355,0,46,40,151,142,283,354,438,8,104,327,323,542,562,597,73,97,216,233,463,125,215,374,219,315,466,426,521,5,65,256,369,430,473,499,136,126,322,377,454,71,103,240,362,441,525,548,23,96,130,143,299,439,419,1,155,182,203,268,310,304,459,492,589,100,402,455,536,585,108,146,246,11,122,204,272,388,288,394,410,503,360,458,195,227,261,500,530,341,6,75,117,124,178,279,316,485,286,373,561,42,57,139,258,375,498,529,81,526,121,115,267,547,83,144,346,92,153,331,345,405,600,39,118,191,401,461,63,133,150,176,232,252,418,610,26,248,363,533,145,340,406,564,50,477,489,544,302,16,22,69,77,113,187,213,309,593,33,66,76,300,282,330,434,35,109,165,161,380,101,483,515,79,116,239,254,467,488,517,94,170,162,291,584,51,206,278,433,565,212,222,404,171,442,554,586,44,464,24,273,435,432,29,168,183,199,370,372,400,470],"type":"read_ok"}}
2024/02/25 18:59:38 Received {c67 n17 {"type":"broadcast","message":642,"msg_id":49}}
2024/02/25 18:59:38 Sent {"src":"n17","dest":"c67","body":{"in_reply_to":49,"type":"broadcast_ok"}}
2024/02/25 18:59:38 Sent {"src":"n17","dest":"n12","body":{"messages":[642],"msg_id":22,"type":"broadcast"}}
2024/02/25 18:59:39 Received {n12 n17 {"messages":[602,614,615,624,618,607,619,601,613,606,609,611,617,605,612,604,616,603,608,638],"msg_id":639,"type":"broadcast"}}
2024/02/25 18:59:39 Sent {"src":"n17","dest":"n12","body":{"in_reply_to":639,"type":"broadcast_ok"}}
2024/02/25 18:59:39 Received {n12 n17 {"in_reply_to":22,"type":"broadcast_ok"}}
2024/02/25 18:59:39 Received {c67 n17 {"type":"read","msg_id":50}}
2024/02/25 18:59:39 Sent {"src":"n17","dest":"c67","body":{"in_reply_to":50,"messages":[22,69,77,113,187,213,302,16,309,66,76,300,282,330,434,593,33,109,165,161,380,35,483,101,116,239,254,467,488,517,515,79,170,162,291,584,94,206,278,433,565,51,618,212,404,222,442,554,586,616,171,464,44,273,435,24,168,183,199,370,372,400,432,29,470,385,445,37,167,197,259,306,361,393,482,20,475,138,271,496,476,524,527,80,497,504,563,28,90,251,348,392,537,577,642,31,427,514,129,217,425,10,188,211,312,494,487,575,72,415,417,334,257,336,421,452,446,453,511,221,411,91,230,220,314,342,465,555,88,507,358,319,335,390,501,553,164,244,276,420,447,469,549,177,18,45,21,235,318,383,408,14,480,311,416,241,289,303,326,474,181,343,352,368,493,604,95,112,174,280,378,462,74,448,614,48,102,376,550,505,540,87,295,290,308,457,157,114,579,262,99,356,440,468,451,502,60,78,208,603,2,179,192,200,224,292,317,569,128,607,158,172,242,532,86,89,132,196,205,294,567,587,9,590,581,131,255,364,17,98,123,141,245,367,3,285,381,431,298,456,510,53,210,391,407,486,523,573,15,263,234,243,297,403,609,189,260,444,571,25,545,538,624,27,546,556,305,396,110,337,528,568,49,357,414,428,583,229,284,339,424,436,559,62,422,156,287,382,578,617,55,41,120,237,247,395,437,19,560,184,194,214,558,570,190,350,371,398,574,321,160,423,522,471,478,154,588,599,344,43,38,223,509,531,32,127,253,332,513,551,572,582,93,152,615,61,379,281,52,264,56,147,148,228,320,481,512,30,175,185,250,333,386,594,605,58,111,107,226,307,601,12,460,516,619,608,366,412,413,491,534,209,105,296,325,595,47,484,207,293,353,429,552,166,218,313,64,277,598,201,135,198,347,359,84,193,351,450,592,68,236,365,409,490,202,159,349,85,270,54,119,140,149,163,275,338,596,7,384,4,34,186,249,399,518,539,13,169,238,328,137,508,506,606,106,269,566,173,225,266,449,543,602,67,557,479,591,324,180,265,301,443,580,59,397,387,495,520,329,231,519,82,389,541,70,134,274,472,535,576,36,46,40,151,142,283,354,355,0,438,104,327,323,542,562,597,638,8,97,216,233,463,73,215,374,125,315,466,426,219,65,256,369,430,473,499,521,5,613,126,322,377,454,136,103,240,362,441,525,548,71,96,130,143,299,439,23,155,182,203,268,310,304,419,1,492,589,459,402,455,536,100,585,146,246,108,122,204,272,388,11,394,410,503,612,288,458,360,227,261,500,530,195,75,117,124,178,279,316,341,6,485,373,286,57,139,258,375,498,529,561,42,526,81,115,267,547,121,144,346,611,83,153,331,345,405,600,92,118,191,401,39,133,150,176,232,252,418,461,63,610,248,363,533,26,340,406,564,145,477,489,544,50],"type":"read_ok"}}
2024/02/25 18:59:39 Received {n12 n17 {"messages":[629,644,636,620,622,637,627,641,623,631,625,639,626,640,630,633,634,621,632,628,643,635,668],"msg_id":671,"type":"broadcast"}}
2024/02/25 18:59:39 Received {c67 n17 {"type":"read","msg_id":51}}
2024/02/25 18:59:39 Sent {"src":"n17","dest":"n12","body":{"in_reply_to":671,"type":"broadcast_ok"}}
2024/02/25 18:59:39 Sent {"src":"n17","dest":"c67","body":{"in_reply_to":51,"messages":[136,126,322,377,454,71,103,240,362,441,525,548,23,96,130,143,299,439,1,155,182,203,268,310,304,419,459,492,589,100,402,455,536,585,643,108,146,246,11,122,204,272,388,288,394,410,503,612,360,458,620,195,227,261,500,530,6,75,117,124,178,279,316,341,485,286,373,644,42,57,139,258,375,498,529,561,81,526,121,115,267,547,83,144,346,611,92,153,331,345,405,600,39,118,191,401,63,133,150,176,232,252,418,461,610,26,248,363,533,145,340,406,564,50,477,489,544,16,22,69,77,113,187,213,302,309,33,66,76,300,282,330,434,593,627,35,109,165,161,380,101,483,79,116,239,254,467,488,517,515,94,170,162,291,584,51,206,278,433,565,212,618,222,404,632,171,442,554,586,616,44,464,24,273,435,623,29,168,183,199,370,372,400,432,470,37,385,445,20,167,197,259,306,361,393,482,475,80,138,271,496,476,524,527,28,497,504,563,31,90,251,348,392,537,577,642,129,427,514,10,217,425,72,188,211,312,494,487,575,334,415,417,221,257,336,421,452,446,453,511,639,91,411,88,230,220,314,342,465,555,358,507,164,319,335,390,501,553,177,244,276,420,447,469,549,14,18,45,21,235,318,383,408,480,241,311,416,181,289,303,326,474,95,343,352,368,493,604,636,74,112,174,280,378,462,48,448,614,87,102,376,550,505,540,157,295,290,308,457,114,640,262,579,60,99,356,440,468,451,502,625,2,78,208,603,128,179,192,200,224,292,317,569,607,86,158,172,242,532,634,9,89,132,196,205,294,567,587,581,590,17,131,255,364,3,98,123,141,245,367,298,285,381,431,53,456,510,15,210,391,407,486,523,573,234,263,631,189,243,297,403,609,25,260,444,571,27,545,538,624,305,546,556,110,396,635,49,337,528,568,229,357,414,428,583,62,284,339,424,436,559,621,156,422,55,287,382,578,617,19,41,120,237,247,395,437,184,560,190,194,214,558,570,321,350,371,398,574,154,160,423,522,471,478,344,588,599,32,43,38,223,509,531,93,127,253,332,513,551,572,582,61,152,615,281,379,56,52,264,622,30,147,148,228,320,481,512,58,175,185,250,333,386,594,605,12,111,107,226,307,601,629,366,460,516,619,608,209,412,413,491,534,47,105,296,325,595,484,628,166,207,293,353,429,552,64,218,313,201,277,598,84,135,198,347,359,626,633,68,193,351,450,592,202,236,365,409,490,637,85,159,349,54,270,7,119,140,149,163,275,338,596,4,384,13,34,186,249,399,518,539,137,169,238,328,106,508,506,606,641,173,269,566,67,225,266,449,543,602,557,324,479,591,59,180,265,301,443,580,329,397,387,495,520,82,231,519,630,70,389,541,36,134,274,472,535,576,0,46,40,151,142,283,354,355,438,8,104,327,323,542,562,597,638,668,73,97,216,233,463,125,215,374,219,315,466,426,5,65,256,369,430,473,499,521,613],"type":"read_ok"}}
2024/02/25 18:59:39 Received {c67 n17 {"type":"broadcast","message":684,"msg_id":52}}
2024/02/25 18:59:39 Sent {"src":"n17","dest":"c67","body":{"in_reply_to":52,"type":"broadcast_ok"}}
2024/02/25 18:59:39 Sent {"src":"n17","dest":"n12","body":{"messages":[684],"msg_id":23,"type":"broadcast"}}
2024/02/25 18:59:40 Received {n12 n17 {"messages":[652,664,656,648,661,660,655,667,646,659,653,665,654,666,647,645,658,651,663,649,650,662,657],"msg_id":680,"type":"broadcast"}}
2024/02/25 18:59:40 Sent {"src":"n17","dest":"n12","body":{"in_reply_to":680,"type":"broadcast_ok"}}
2024/02/25 18:59:40 Received {n12 n17 {"in_reply_to":23,"type":"broadcast_ok"}}
2024/02/25 18:59:40 Received {c67 n17 {"type":"read","msg_id":53}}
2024/02/25 18:59:40 Sent {"src":"n17","dest":"c67","body":{"in_reply_to":53,"messages":[193,351,450,592,68,236,365,409,490,637,202,159,349,85,270,54,119,140,149,163,275,338,596,7,384,4,34,186,249,399,518,539,664,13,169,238,328,137,508,506,606,641,106,269,566,173,225,266,449,543,602,67,557,479,591,666,324,180,265,301,443,580,655,667,59,397,387,495,520,329,231,519,630,82,389,541,70,134,274,472,535,576,36,46,40,151,142,283,354,355,0,438,104,327,323,542,562,597,638,8,668,97,216,233,463,651,73,215,374,125,315,466,426,219,65,256,369,430,473,499,521,5,613,126,322,377,454,136,103,240,362,441,525,548,71,96,130,143,299,439,23,155,182,203,268,310,304,419,1,492,589,459,402,455,536,100,643,585,146,246,108,122,204,272,388,11,394,410,503,612,288,458,620,360,227,261,500,530,195,75,117,124,178,279,316,341,6,485,373,644,286,57,139,258,375,498,529,561,42,526,81,115,267,547,121,144,346,611,83,153,331,345,405,600,92,118,191,401,39,133,150,176,232,252,418,461,63,610,248,363,533,646,26,340,406,564,145,477,489,544,50,22,69,77,113,187,213,302,16,309,66,76,300,282,330,434,593,33,627,109,165,161,380,35,483,101,116,239,254,467,488,517,515,79,170,162,291,584,94,206,278,433,565,51,618,212,404,632,652,222,442,554,586,616,171,464,44,273,435,623,24,168,183,199,370,372,400,432,29,470,385,445,656,650,37,167,197,259,306,361,393,482,20,663,475,138,271,496,476,524,527,80,497,504,563,28,90,251,348,392,537,577,642,31,427,514,129,217,425,10,188,211,312,494,487,575,659,72,415,417,334,257,336,421,452,446,453,511,221,639,411,91,230,220,314,342,465,555,88,507,660,358,319,335,390,501,553,164,244,276,420,447,469,549,177,18,45,21,235,318,383,408,14,480,311,416,241,289,303,326,474,684,181,343,352,368,493,604,636,95,112,174,280,378,462,74,448,614,48,102,376,550,505,540,87,295,290,308,457,661,157,640,114,579,262,99,356,440,468,451,502,625,60,78,208,603,657,2,179,192,200,224,292,317,569,128,607,158,172,242,532,634,86,89,132,196,205,294,567,587,9,590,581,131,255,364,17,98,123,141,245,367,3,285,381,431,298,456,510,53,210,391,407,486,523,573,15,263,631,234,243,297,403,609,189,260,444,571,25,545,538,624,649,27,546,556,305,396,635,110,337,528,568,658,49,357,414,428,583,645,229,284,339,424,436,559,621,648,62,422,156,287,382,578,617,662,55,41,120,237,247,395,437,19,560,184,194,214,558,570,190,350,371,398,574,321,160,423,522,471,478,154,588,599,344,43,38,223,509,531,32,127,253,332,513,551,572,582,93,152,615,665,61,379,281,52,264,622,56,147,148,228,320,481,512,30,175,185,250,333,386,594,605,58,653,111,107,226,307,601,629,12,460,516,619,608,366,412,413,491,534,209,105,296,325,595,654,47,628,484,207,293,353,429,552,166,218,313,64,277,598,647,201,135,198,347,359,626,633,84],"type":"read_ok"}}
2024/02/25 18:59:40 Received {c67 n17 {"type":"read","msg_id":54}}
2024/02/25 18:59:40 Sent {"src":"n17","dest":"c67","body":{"in_reply_to":54,"messages":[484,628,166,207,293,353,429,552,64,218,313,201,277,598,647,633,84,135,198,347,359,626,68,193,351,450,592,202,236,365,409,490,637,85,159,349,54,270,338,596,7,119,140,149,163,275,4,384,539,664,13,34,186,249,399,518,137,169,238,328,106,508,506,606,641,173,269,566,67,225,266,449,543,602,557,324,479,591,666,655,667,59,180,265,301,443,580,329,397,387,495,520,82,231,519,630,70,389,541,36,134,274,472,535,576,354,355,0,46,40,151,142,283,438,597,638,8,104,327,323,542,562,668,73,97,216,233,463,651,125,215,374,219,315,466,426,499,521,5,65,256,369,430,473,613,136,126,322,377,454,548,71,103,240,362,441,525,23,96,130,143,299,439,304,419,1,155,182,203,268,310,459,492,589,100,402,455,536,585,643,108,146,246,11,122,204,272,388,288,394,410,503,612,360,458,620,195,227,261,500,530,316,341,6,75,117,124,178,279,485,286,373,644,529,561,42,57,139,258,375,498,81,526,121,115,267,547,83,144,346,611,92,153,331,345,405,600,39,118,191,401,418,461,63,133,150,176,232,252,610,26,248,363,533,646,145,340,406,564,50,477,489,544,213,302,16,22,69,77,113,187,309,434,593,33,66,76,300,282,330,627,35,109,165,161,380,101,483,517,515,79,116,239,254,467,488,94,170,162,291,584,51,206,278,433,565,212,618,222,404,632,652,171,442,554,586,616,44,464,24,273,435,623,400,432,29,168,183,199,370,372,470,37,385,445,656,650,393,482,20,167,197,259,306,361,475,663,527,80,138,271,496,476,524,28,497,504,563,577,642,31,90,251,348,392,537,129,427,514,10,217,425,575,659,72,188,211,312,494,487,334,415,417,453,511,221,257,336,421,452,446,639,91,411,555,88,230,220,314,342,465,358,507,660,164,319,335,390,501,553,549,177,244,276,420,447,469,383,408,14,18,45,21,235,318,480,241,311,416,181,289,303,326,474,684,636,95,343,352,368,493,604,74,112,174,280,378,462,48,448,614,87,102,376,550,505,540,157,295,290,308,457,661,114,640,262,579,502,625,60,99,356,440,468,451,2,78,208,603,657,317,569,128,179,192,200,224,292,607,86,158,172,242,532,634,567,587,9,89,132,196,205,294,581,590,17,131,255,364,3,98,123,141,245,367,298,285,381,431,53,456,510,573,15,210,391,407,486,523,234,263,631,189,243,297,403,609,25,260,444,571,27,545,538,624,649,305,546,556,110,396,635,49,337,528,568,658,229,357,414,428,583,645,621,648,62,284,339,424,436,559,156,422,55,287,382,578,617,662,437,19,41,120,237,247,395,184,560,190,194,214,558,570,321,350,371,398,574,154,160,423,522,471,478,344,588,599,32,43,38,223,509,531,572,582,93,127,253,332,513,551,61,152,615,665,281,379,56,52,264,622,512,30,147,148,228,320,481,594,605,58,175,185,250,333,386,653,629,12,111,107,226,307,601,366,460,516,619,608,209,412,413,491,534,47,105,296,325,595,654],"type":"read_ok"}}
2024/02/25 18:59:40 Received {n12 n17 {"messages":[675,679,685,673,671,682,670,681,669,680,676,687,688,672,683,689,674,677,678,686,706],"msg_id":713,"type":"broadcast"}}
2024/02/25 18:59:40 Sent {"src":"n17","dest":"n12","body":{"in_reply_to":713,"type":"broadcast_ok"}}
2024/02/25 18:59:40 Received {c67 n17 {"type":"read","msg_id":55}}
2024/02/25 18:59:40 Sent {"src":"n17","dest":"c67","body":{"in_reply_to":55,"messages":[237,247,395,437,675,19,41,120,184,560,558,570,190,194,214,398,574,321,350,371,522,471,478,154,160,423,344,588,599,223,509,531,32,43,38,332,513,551,572,582,93,127,253,665,61,152,615,281,379,680,622,56,52,264,228,320,481,512,30,147,148,250,333,386,594,605,58,175,185,653,226,307,601,629,12,111,107,619,608,366,460,516,491,534,209,412,413,325,595,654,47,105,296,484,628,353,429,552,681,166,207,293,64,218,313,647,679,201,277,598,347,359,626,633,84,135,198,450,592,68,193,351,409,490,637,202,236,365,85,159,349,54,270,149,163,275,338,596,7,119,140,4,384,676,249,399,518,539,664,13,34,186,328,137,169,238,606,641,106,508,506,173,269,566,449,543,602,67,225,266,557,666,324,479,591,301,443,580,655,667,59,180,265,685,495,520,329,397,387,630,82,231,519,70,389,541,472,535,576,36,134,274,151,142,283,354,355,0,46,40,438,682,323,542,562,597,638,8,104,327,668,233,463,651,73,97,216,125,215,374,426,219,315,466,369,430,473,499,521,5,65,256,613,377,454,136,126,322,362,441,525,548,71,103,240,143,299,439,23,96,130,203,268,310,304,419,1,155,182,459,492,589,536,100,402,455,585,643,669,108,146,246,272,388,11,122,204,503,612,288,394,410,360,458,620,500,530,195,227,261,124,178,279,316,341,6,75,117,485,286,373,644,258,375,498,529,561,42,57,139,81,526,547,683,121,115,267,611,83,144,346,345,405,600,92,153,331,401,673,677,39,118,191,176,232,252,418,461,63,133,150,610,670,533,646,706,26,248,363,564,689,674,145,340,406,544,50,477,489,77,113,187,213,302,16,22,69,309,687,300,282,330,434,593,33,66,76,627,161,380,35,109,165,101,483,254,467,488,517,515,79,116,239,291,584,94,170,162,433,565,51,206,278,212,618,652,222,404,632,586,616,171,442,554,44,464,623,24,273,435,199,370,372,400,432,29,168,183,470,656,650,37,385,445,259,306,361,393,482,20,167,197,475,663,496,476,524,527,80,138,271,563,28,497,504,348,392,537,577,642,31,90,251,671,129,427,514,686,10,217,425,312,494,487,575,659,72,188,211,334,415,417,421,452,446,453,511,221,257,336,639,91,411,314,342,465,555,88,230,220,358,507,660,390,501,553,164,319,335,420,447,469,549,688,177,244,276,21,235,318,383,408,14,18,45,480,241,311,416,326,474,684,181,289,303,368,493,604,636,95,343,352,280,378,462,74,112,174,48,448,614,550,505,540,87,102,376,308,457,661,157,295,290,114,640,262,579,440,468,451,502,625,60,99,356,603,657,2,78,208,200,224,292,317,569,128,179,192,607,242,532,634,86,158,172,196,205,294,567,587,9,89,132,581,590,364,17,131,255,141,245,367,3,98,123,431,298,285,381,53,456,510,407,486,523,573,15,210,391,234,263,631,403,609,672,189,243,297,571,25,260,444,624,649,27,545,538,305,546,556,110,396,635,568,658,49,337,528,428,583,645,229,357,414,424,436,559,621,648,62,284,339,678,156,422,578,617,662,55,287,382],"type":"read_ok"}}
2024/02/25 18:59:41 Received {n12 n17 {"messages":[699,698,692,690,702,693,705,700,694,708,703,695,707,696,709,701,704,691,697],"msg_id":738,"type":"broadcast"}}
2024/02/25 18:59:41 Received {c67 n17 {"type":"broadcast","message":732,"msg_id":56}}
2024/02/25 18:59:41 Sent {"src":"n17","dest":"n12","body":{"in_reply_to":738,"type":"broadcast_ok"}}
2024/02/25 18:59:41 Sent {"src":"n17","dest":"c67","body":{"in_reply_to":56,"type":"broadcast_ok"}}
2024/02/25 18:59:41 Received {c67 n17 {"type":"broadcast","message":746,"msg_id":57}}
2024/02/25 18:59:41 Sent {"src":"n17","dest":"c67","body":{"in_reply_to":57,"type":"broadcast_ok"}}
2024/02/25 18:59:41 Sent {"src":"n17","dest":"n12","body":{"messages":[732,746],"msg_id":24,"type":"broadcast"}}
2024/02/25 18:59:41 Received {n12 n17 {"messages":[723,722,717,713,716,726,714,718,728,727,720,711,719,710,712,724,715,725,721,742],"msg_id":764,"type":"broadcast"}}
2024/02/25 18:59:41 Sent {"src":"n17","dest":"n12","body":{"in_reply_to":764,"type":"broadcast_ok"}}
2024/02/25 18:59:41 Received {n12 n17 {"in_reply_to":24,"type":"broadcast_ok"}}
2024/02/25 18:59:41 Received {c67 n17 {"type":"read","msg_id":58}}
2024/02/25 18:59:41 Sent {"src":"n17","dest":"c67","body":{"in_reply_to":58,"messages":[246,669,710,108,146,204,272,388,11,122,410,503,612,288,394,620,360,458,261,500,530,195,227,117,124,178,279,316,341,6,75,485,644,286,373,139,258,375,498,529,561,42,57,716,81,526,267,547,683,121,115,346,611,83,144,331,345,405,600,92,153,191,401,673,677,39,118,150,176,232,252,418,461,63,133,610,670,363,533,646,706,746,26,248,406,564,689,674,145,340,489,544,50,477,69,77,113,187,213,302,16,22,309,687,76,300,282,330,434,593,33,66,627,165,161,380,693,720,35,109,698,101,483,239,254,467,488,517,515,79,116,162,291,584,94,170,278,433,565,51,206,212,618,632,652,222,404,554,586,616,719,171,442,697,44,464,435,623,24,273,183,199,370,372,400,432,29,168,726,470,692,445,656,650,702,37,385,197,259,306,361,393,482,20,167,475,663,271,496,476,524,527,80,138,504,563,28,497,251,348,392,537,577,642,31,90,671,514,129,427,425,686,721,10,217,211,312,494,487,575,659,72,188,700,417,695,334,415,336,421,452,446,453,511,221,257,639,91,411,220,314,342,465,555,691,88,230,660,358,507,335,390,501,553,164,319,276,420,447,469,549,688,177,244,45,21,235,318,383,408,14,18,480,416,241,311,303,326,474,684,181,289,352,368,493,604,636,95,343,174,280,378,462,74,112,614,717,48,448,376,550,505,540,87,102,290,308,457,661,157,295,114,640,262,579,356,440,468,451,502,625,60,99,707,208,603,657,2,78,192,200,224,292,317,569,128,179,607,722,172,242,532,634,86,158,132,196,205,294,567,587,9,89,581,590,255,364,17,131,123,141,245,367,3,98,381,431,714,298,285,510,53,456,391,407,486,523,573,15,210,631,694,713,234,263,297,403,609,672,189,243,444,571,25,260,538,624,649,27,545,556,305,546,635,110,396,528,568,658,49,337,414,428,583,645,732,712,229,357,339,424,436,559,621,648,62,284,678,704,156,422,382,578,617,662,55,287,120,237,247,395,437,675,19,41,184,560,214,558,570,190,194,371,398,574,321,350,423,522,471,478,154,160,599,344,588,38,223,509,531,32,43,253,332,513,551,572,582,93,127,615,665,61,152,680,281,379,264,622,56,52,148,228,320,481,512,30,147,185,250,333,386,594,605,58,175,653,696,107,226,307,601,629,699,12,111,516,619,608,705,366,460,413,491,534,209,412,296,325,595,654,47,105,484,628,293,353,429,552,681,166,207,313,64,218,598,647,679,715,201,277,198,347,359,626,633,723,84,135,724,351,450,592,68,193,365,409,490,637,725,202,236,349,701,85,159,690,54,270,140,149,163,275,338,596,7,119,676,4,384,186,249,399,518,539,664,13,34,238,328,137,169,506,606,641,703,106,508,566,173,269,266,449,543,602,67,225,557,591,666,324,479,265,301,443,580,655,667,59,180,685,387,495,520,329,397,519,630,709,727,82,231,541,70,389,274,472,535,576,36,134,40,151,142,283,354,355,0,46,438,682,327,323,542,562,597,638,8,104,668,216,233,463,651,73,97,374,718,728,125,215,466,426,219,315,256,369,430,473,499,521,5,65,613,322,377,454,136,126,240,362,441,525,548,742,71,103,130,143,299,439,708,23,96,182,203,268,310,304,419,1,155,589,459,492,455,536,711,100,402,585,643],"type":"read_ok"}}
2024/02/25 18:59:41 Received {c67 n17 {"type":"read","msg_id":59}}
2024/02/25 18:59:41 Sent {"src":"n17","dest":"c67","body":{"in_reply_to":59,"messages":[426,219,315,466,369,430,473,499,521,5,65,256,613,377,454,136,126,322,362,441,525,548,742,71,103,240,143,299,439,708,23,96,130,203,268,310,304,419,1,155,182,459,492,589,536,711,100,402,455,585,643,669,710,108,146,246,272,388,11,122,204,503,612,288,394,410,360,458,620,500,530,195,227,261,124,178,279,316,341,6,75,117,485,286,373,644,258,375,498,529,561,42,57,139,716,81,526,547,683,121,115,267,611,83,144,346,345,405,600,92,153,331,401,673,677,39,118,191,176,232,252,418,461,63,133,150,610,670,533,646,706,746,26,248,363,564,689,674,145,340,406,544,50,477,489,77,113,187,213,302,16,22,69,309,687,300,282,330,434,593,33,66,76,627,161,380,693,720,35,109,165,101,483,698,254,467,488,517,515,79,116,239,291,584,94,170,162,433,565,51,206,278,212,618,652,222,404,632,586,616,719,171,442,554,44,464,697,623,24,273,435,199,370,372,400,432,29,168,183,470,692,726,656,650,702,37,385,445,259,306,361,393,482,20,167,197,475,663,496,476,524,527,80,138,271,563,28,497,504,348,392,537,577,642,31,90,251,671,129,427,514,686,721,10,217,425,312,494,487,575,659,72,188,211,700,695,334,415,417,421,452,446,453,511,221,257,336,639,91,411,314,342,465,555,691,88,230,220,358,507,660,390,501,553,164,319,335,420,447,469,549,688,177,244,276,21,235,318,383,408,14,18,45,480,241,311,416,326,474,684,181,289,303,368,493,604,636,95,343,352,280,378,462,74,112,174,717,48,448,614,550,505,540,87,102,376,308,457,661,157,295,290,114,640,262,579,440,468,451,502,625,60,99,356,707,603,657,2,78,208,200,224,292,317,569,128,179,192,607,722,242,532,634,86,158,172,196,205,294,567,587,9,89,132,581,590,364,17,131,255,141,245,367,3,98,123,431,714,298,285,381,53,456,510,407,486,523,573,15,210,391,694,713,234,263,631,403,609,672,189,243,297,571,25,260,444,624,649,27,545,538,305,546,556,110,396,635,568,658,49,337,528,428,583,645,732,712,229,357,414,424,436,559,621,648,62,284,339,678,704,156,422,578,617,662,55,287,382,237,247,395,437,675,19,41,120,184,560,558,570,190,194,214,398,574,321,350,371,522,471,478,154,160,423,344,588,599,223,509,531,32,43,38,332,513,551,572,582,93,127,253,665,61,152,615,281,379,680,622,56,52,264,228,320,481,512,30,147,148,250,333,386,594,605,58,175,185,653,696,226,307,601,629,699,12,111,107,619,608,705,366,460,516,491,534,209,412,413,325,595,654,47,105,296,484,628,353,429,552,681,166,207,293,64,218,313,647,679,715,201,277,598,347,359,626,633,723,84,135,198,724,450,592,68,193,351,409,490,637,725,202,236,365,701,85,159,349,54,270,690,149,163,275,338,596,7,119,140,4,384,676,249,399,518,539,664,13,34,186,328,137,169,238,606,641,703,106,508,506,173,269,566,449,543,602,67,225,266,557,666,324,479,591,301,443,580,655,667,59,180,265,685,495,520,329,397,387,630,709,727,82,231,519,70,389,541,472,535,576,36,134,274,151,142,283,354,355,0,46,40,438,682,323,542,562,597,638,8,104,327,668,233,463,651,73,97,216,718,728,125,215,374],"type":"read_ok"}}
2024/02/25 18:59:42 Received {n12 n17 {"messages":[749,739,748,735,738,737,730,744,741,733,734,740,751,731,745,747,729,743,736,750],"msg_id":791,"type":"broadcast"}}
2024/02/25 18:59:42 Sent {"src":"n17","dest":"n12","body":{"in_reply_to":791,"type":"broadcast_ok"}}
2024/02/25 18:59:42 Received {c67 n17 {"type":"broadcast","message":786,"msg_id":60}}
2024/02/25 18:59:42 Sent {"src":"n17","dest":"c67","body":{"in_reply_to":60,"type":"broadcast_ok"}}
2024/02/25 18:59:42 Sent {"src":"n17","dest":"n12","body":{"messages":[786],"msg_id":25,"type":"broadcast"}}
2024/02/25 18:59:42 Received {n12 n17 {"messages":[757,772,752,765,762,754,756,771,769,776,770,759,753,767,768,773,766,764,760,775,758,774,761,777,755,763],"msg_id":806,"type":"broadcast"}}
2024/02/25 18:59:42 Sent {"src":"n17","dest":"n12","body":{"in_reply_to":806,"type":"broadcast_ok"}}
2024/02/25 18:59:42 Received {n12 n17 {"in_reply_to":25,"type":"broadcast_ok"}}
2024/02/25 18:59:42 Received {c67 n17 {"type":"broadcast","message":798,"msg_id":61}}
2024/02/25 18:59:42 Sent {"src":"n17","dest":"c67","body":{"in_reply_to":61,"type":"broadcast_ok"}}
2024/02/25 18:59:42 Received {c67 n17 {"type":"broadcast","message":811,"msg_id":62}}
2024/02/25 18:59:42 Sent {"src":"n17","dest":"c67","body":{"in_reply_to":62,"type":"broadcast_ok"}}
2024/02/25 18:59:42 Sent {"src":"n17","dest":"n12","body":{"messages":[798,811],"msg_id":26,"type":"broadcast"}}
2024/02/25 18:59:43 Received {n12 n17 {"messages":[779,789,783,788,781,784,790,792,785,780,793,778,791,787,782,809],"msg_id":825,"type":"broadcast"}}
2024/02/25 18:59:43 Sent {"src":"n17","dest":"n12","body":{"in_reply_to":825,"type":"broadcast_ok"}}
2024/02/25 18:59:43 Received {n12 n17 {"in_reply_to":26,"type":"broadcast_ok"}}
2024/02/25 18:59:43 Received {c67 n17 {"type":"read","msg_id":63}}
2024/02/25 18:59:43 Sent {"src":"n17","dest":"c67","body":{"in_reply_to":63,"messages":[360,458,620,195,227,261,500,530,279,316,341,6,75,117,124,178,485,286,373,644,755,783,498,529,561,42,57,139,258,375,716,740,757,81,526,121,115,267,547,683,83,144,346,611,600,778,92,153,331,345,405,677,39,118,191,401,673,252,418,461,63,133,150,176,232,610,670,769,706,746,791,26,248,363,533,646,674,145,340,406,564,689,50,477,489,544,187,213,302,16,22,69,77,113,309,687,330,434,593,33,66,76,300,282,627,693,720,35,109,165,161,380,101,483,698,744,488,517,515,79,116,239,254,467,94,170,162,291,584,747,51,206,278,433,565,212,618,737,733,222,404,632,652,719,171,442,554,586,616,44,464,697,24,273,435,623,372,400,432,29,168,183,199,370,470,692,726,702,37,385,445,656,650,361,393,482,20,167,197,259,306,475,663,758,787,524,527,80,138,271,496,476,28,497,504,563,785,537,577,642,31,90,251,348,392,671,129,427,514,761,10,217,425,686,721,487,575,659,72,188,211,312,494,700,773,765,766,334,415,417,695,739,446,453,511,221,257,336,421,452,639,91,411,775,782,465,555,691,88,230,220,314,342,358,507,660,553,735,164,319,335,390,501,469,549,688,177,244,276,420,447,759,318,383,408,14,18,45,21,235,480,789,241,311,416,684,181,289,303,326,474,604,636,749,95,343,352,368,493,772,462,74,112,174,280,378,48,448,614,717,793,540,87,102,376,550,505,661,763,157,295,290,308,457,114,640,784,262,579,451,502,625,60,99,356,440,468,707,2,78,208,603,657,292,317,569,128,179,192,200,224,607,722,634,86,158,172,242,532,294,567,587,9,89,132,196,205,581,590,760,780,17,131,255,364,367,745,3,98,123,141,245,776,809,298,285,381,431,714,53,456,510,523,573,15,210,391,407,486,234,263,631,694,713,672,189,243,297,403,609,25,260,444,571,811,27,545,538,624,649,305,546,556,110,396,635,731,49,337,528,568,658,645,732,712,229,357,414,428,583,752,781,559,621,648,62,284,339,424,436,678,704,156,422,662,55,287,382,578,617,395,437,675,19,41,120,237,247,184,560,738,190,194,214,558,570,779,321,350,371,398,574,478,154,160,423,522,471,344,588,599,531,32,43,38,223,509,551,572,582,93,127,253,332,513,61,152,615,665,788,281,379,680,786,56,52,264,622,481,512,790,30,147,148,228,320,386,594,605,58,175,185,250,333,653,696,734,601,629,699,12,111,107,226,307,705,753,768,366,460,516,619,608,209,412,413,491,534,654,47,105,296,325,595,484,628,552,681,166,207,293,353,429,64,218,313,715,756,201,277,598,647,679,626,633,723,84,135,198,347,359,724,68,193,351,450,592,637,725,202,236,365,409,490,85,159,349,701,54,270,690,754,275,338,596,7,119,140,149,163,748,798,4,384,676,730,518,539,664,13,34,186,249,399,137,169,238,328,703,106,508,506,606,641,173,269,566,736,602,741,67,225,266,449,543,557,324,479,591,666,580,655,667,59,180,265,301,443,685,770,329,397,387,495,520,727,792,82,231,519,630,709,70,389,541,767,576,36,134,274,472,535,283,354,355,0,46,40,151,142,438,682,777,562,597,638,8,104,327,323,542,668,743,651,771,73,97,216,233,463,125,215,374,718,728,219,315,466,426,729,473,499,521,5,65,256,369,430,613,764,136,126,322,377,454,525,548,742,71,103,240,362,441,439,708,23,96,130,143,299,310,304,419,1,155,182,203,268,459,492,589,762,774,100,402,455,536,711,585,643,108,146,246,669,710,751,11,122,204,272,388,750,288,394,410,503,612],"type":"read_ok"}}
2024/02/25 18:59:43 Received {c67 n17 {"type":"read","msg_id":64}}
2024/02/25 18:59:43 Sent {"src":"n17","dest":"c67","body":{"in_reply_to":64,"messages":[89,132,196,205,294,567,587,9,590,760,780,581,131,255,364,17,98,123,141,245,367,745,3,285,381,431,714,776,809,298,456,510,53,210,391,407,486,523,573,15,263,631,694,713,234,243,297,403,609,672,189,260,444,571,811,25,545,538,624,649,27,546,556,305,396,635,731,110,337,528,568,658,49,357,414,428,583,645,732,712,229,781,752,284,339,424,436,559,621,648,62,704,678,422,156,287,382,578,617,662,55,41,120,237,247,395,437,675,19,560,738,184,194,214,558,570,190,350,371,398,574,779,321,160,423,522,471,478,154,588,599,344,43,38,223,509,531,32,127,253,332,513,551,572,582,93,152,615,665,788,61,379,680,786,281,52,264,622,56,147,148,228,320,481,512,790,30,175,185,250,333,386,594,605,58,696,734,653,111,107,226,307,601,629,699,12,460,516,619,608,705,753,768,366,412,413,491,534,209,105,296,325,595,654,47,628,484,207,293,353,429,552,681,166,218,313,64,277,598,647,679,715,756,201,135,198,347,359,626,633,723,84,724,193,351,450,592,68,236,365,409,490,637,725,202,159,349,701,85,270,690,754,54,119,140,149,163,275,338,596,7,798,748,384,676,730,4,34,186,249,399,518,539,664,13,169,238,328,137,508,506,606,641,703,106,269,566,736,173,225,266,449,543,602,741,67,557,479,591,666,324,180,265,301,443,580,655,667,59,685,397,387,495,520,770,329,231,519,630,709,727,792,82,389,541,767,70,134,274,472,535,576,36,46,40,151,142,283,354,355,0,682,777,438,104,327,323,542,562,597,638,8,743,668,97,216,233,463,651,771,73,215,374,718,728,125,315,466,426,729,219,65,256,369,430,473,499,521,5,613,126,322,377,454,764,136,103,240,362,441,525,548,742,71,96,130,143,299,439,708,23,155,182,203,268,310,304,419,1,492,589,762,774,459,402,455,536,711,100,643,585,146,246,669,710,108,122,204,272,388,751,11,394,410,503,612,750,288,458,620,360,227,261,500,530,195,75,117,124,178,279,316,341,6,485,373,644,755,783,286,57,139,258,375,498,529,561,42,740,757,716,526,81,115,267,547,683,121,144,346,611,83,153,331,345,405,600,778,92,118,191,401,673,677,39,133,150,176,232,252,418,461,63,670,769,610,248,363,533,646,706,746,791,26,340,406,564,689,674,145,477,489,544,50,22,69,77,113,187,213,302,16,687,309,66,76,300,282,330,434,593,33,627,109,165,161,380,693,720,35,483,698,744,101,116,239,254,467,488,517,515,79,170,162,291,584,94,206,278,433,565,747,51,618,737,733,212,404,632,652,222,442,554,586,616,719,171,464,697,44,273,435,623,24,168,183,199,370,372,400,432,29,692,726,470,385,445,656,650,702,37,167,197,259,306,361,393,482,20,663,758,787,475,138,271,496,476,524,527,80,497,504,563,785,28,90,251,348,392,537,577,642,31,671,427,514,761,129,217,425,686,721,10,188,211,312,494,487,575,659,72,773,700,415,417,695,739,765,766,334,257,336,421,452,446,453,511,221,639,411,775,782,91,230,220,314,342,465,555,691,88,507,660,358,319,335,390,501,553,735,164,244,276,420,447,469,549,688,177,759,18,45,21,235,318,383,408,14,789,480,311,416,241,289,303,326,474,684,181,343,352,368,493,604,636,749,95,772,112,174,280,378,462,74,448,614,717,793,48,102,376,550,505,540,87,295,290,308,457,661,763,157,640,784,114,579,262,99,356,440,468,451,502,625,60,707,78,208,603,657,2,179,192,200,224,292,317,569,128,722,607,158,172,242,532,634,86],"type":"read_ok"}}
2024/02/25 18:59:43 Received {n12 n17 {"messages":[812,800,813,807,805,804,801,815,797,810,795,808,794,803,806,802,796,814,799,822],"msg_id":852,"type":"broadcast"}}
2024/02/25 18:59:43 Sent {"src":"n17","dest":"n12","body":{"in_reply_to":852,"type":"broadcast_ok"}}
2024/02/25 18:59:43 Received {c67 n17 {"type":"read","msg_id":65}}
2024/02/25 18:59:43 Sent {"src":"n17","dest":"c67","body":{"in_reply_to":65,"messages":[55,287,382,578,617,662,814,675,19,41,120,237,247,395,437,184,560,738,190,194,214,558,570,321,350,371,398,574,779,154,160,423,522,471,478,344,588,599,32,43,38,223,509,531,582,93,127,253,332,513,551,572,61,152,615,665,788,281,379,680,786,56,52,264,622,790,30,147,148,228,320,481,512,605,58,175,185,250,333,386,594,653,696,734,699,12,111,107,226,307,601,629,768,366,460,516,619,608,705,753,209,412,413,491,534,47,105,296,325,595,654,484,628,166,207,293,353,429,552,681,64,218,313,201,277,598,647,679,715,756,723,84,135,198,347,359,626,633,724,68,193,351,450,592,202,236,365,409,490,637,725,85,159,349,701,54,270,690,754,596,7,119,140,149,163,275,338,748,798,4,384,676,730,807,664,13,34,186,249,399,518,539,137,169,238,328,799,106,508,506,606,641,703,173,269,566,736,67,225,266,449,543,602,741,557,324,479,591,666,667,59,180,265,301,443,580,655,685,329,397,387,495,520,770,82,231,519,630,709,727,792,70,389,541,767,36,134,274,472,535,576,794,355,0,46,40,151,142,283,354,438,682,777,638,8,104,327,323,542,562,597,668,743,73,97,216,233,463,651,771,125,215,374,718,728,219,315,466,426,729,521,5,65,256,369,430,473,499,613,136,126,322,377,454,764,742,71,103,240,362,441,525,548,808,802,23,96,130,143,299,439,708,419,1,155,182,203,268,310,304,459,492,589,762,774,100,402,455,536,711,805,801,585,643,108,146,246,669,710,11,122,204,272,388,751,288,394,410,503,612,750,360,458,620,804,810,195,227,261,500,530,341,6,75,117,124,178,279,316,485,286,373,644,755,783,561,42,57,139,258,375,498,529,716,740,757,806,81,526,121,115,267,547,683,83,144,346,611,92,153,331,345,405,600,778,39,118,191,401,673,677,461,63,133,150,176,232,252,418,610,670,769,791,26,248,363,533,646,706,746,145,340,406,564,689,674,50,477,489,544,302,16,22,69,77,113,187,213,309,687,593,33,66,76,300,282,330,434,627,35,109,165,161,380,693,720,101,483,698,744,515,79,116,239,254,467,488,517,94,170,162,291,584,51,206,278,433,565,747,212,618,737,733,222,404,632,652,812,822,171,442,554,586,616,719,44,464,697,24,273,435,623,796,432,29,168,183,199,370,372,400,470,692,726,37,385,445,656,650,702,482,20,167,197,259,306,361,393,475,663,758,787,80,138,271,496,476,524,527,28,497,504,563,785,642,31,90,251,348,392,537,577,671,129,427,514,761,10,217,425,686,721,813,659,72,188,211,312,494,487,575,700,773,334,415,417,695,739,765,766,511,221,257,336,421,452,446,453,639,91,411,775,782,691,88,230,220,314,342,465,555,358,507,660,815,164,319,335,390,501,553,735,688,177,244,276,420,447,469,549,759,408,14,18,45,21,235,318,383,480,789,241,311,416,181,289,303,326,474,684,749,95,343,352,368,493,604,636,772,74,112,174,280,378,462,48,448,614,717,793,87,102,376,550,505,540,157,295,290,308,457,661,763,114,640,784,262,579,625,60,99,356,440,468,451,502,707,2,78,208,603,657,797,569,128,179,192,200,224,292,317,607,722,800,86,158,172,242,532,634,587,9,89,132,196,205,294,567,581,590,760,780,17,131,255,364,3,98,123,141,245,367,745,298,285,381,431,714,776,809,53,456,510,15,210,391,407,486,523,573,234,263,631,694,713,189,243,297,403,609,672,25,260,444,571,811,803,27,545,538,624,649,305,546,556,795,110,396,635,731,49,337,528,568,658,712,229,357,414,428,583,645,732,752,781,648,62,284,339,424,436,559,621,678,704,156,422],"type":"read_ok"}}
2024/02/25 18:59:44 Received {n12 n17 {"messages":[837,816,830,827,836,819,834,824,838,823,840,839,826,842,828,843,829,817,831,825,841,821,820,835,818,832,833,863],"msg_id":871,"type":"broadcast"}}
2024/02/25 18:59:44 Received {c67 n17 {"type":"read","msg_id":66}}
2024/02/25 18:59:44 Sent {"src":"n17","dest":"n12","body":{"in_reply_to":871,"type":"broadcast_ok"}}
2024/02/25 18:59:44 Sent {"src":"n17","dest":"c67","body":{"in_reply_to":66,"messages":[591,819,324,655,667,59,180,685,387,495,520,823,329,397,519,709,727,792,231,767,794,36,472,142,283,354,355,777,438,542,597,743,73,374,718,728,125,215,466,426,219,315,430,473,5,65,322,377,454,126,240,362,742,808,802,130,299,439,837,23,96,203,268,310,304,155,589,774,459,455,805,402,669,108,388,751,11,804,810,458,261,530,227,117,124,279,316,6,75,485,755,139,498,529,42,740,267,683,115,346,83,144,331,405,778,92,677,39,150,176,232,461,63,838,670,363,533,646,791,248,406,564,544,50,477,69,113,187,302,16,309,300,282,33,66,165,161,693,35,698,101,254,488,517,515,116,291,584,94,433,565,51,842,821,618,733,632,652,822,404,719,824,171,442,697,44,464,435,273,183,199,370,372,432,470,692,445,702,37,385,482,475,758,787,167,361,524,527,138,563,828,497,348,392,537,642,90,514,129,427,813,211,312,494,487,659,188,773,695,765,766,334,415,446,453,511,257,421,782,91,220,555,88,660,815,390,501,735,164,319,276,420,447,469,835,177,244,318,408,303,326,181,352,368,636,749,343,772,280,378,462,74,614,448,376,550,102,308,661,784,114,640,836,262,440,468,502,707,603,2,607,722,800,843,200,569,172,242,634,132,196,587,9,581,825,141,245,381,298,510,391,407,523,631,234,297,189,243,444,25,260,27,546,396,731,658,337,528,645,712,781,229,357,436,559,648,339,424,156,578,814,287,382,41,570,214,558,574,833,321,350,160,471,599,344,38,223,509,531,43,253,332,551,572,93,127,665,816,152,786,281,379,264,622,148,228,790,333,386,594,58,175,734,696,307,601,12,516,619,608,753,768,460,209,296,47,105,628,293,552,681,313,64,679,715,756,359,135,724,450,592,193,409,490,637,202,701,85,754,54,149,7,119,748,798,730,384,186,399,664,34,328,169,703,827,508,449,741,67,225,557,666,479,265,301,443,580,770,630,82,541,70,389,535,576,832,134,274,40,151,0,46,682,327,323,562,638,8,104,668,216,233,463,651,771,97,729,256,369,499,521,613,764,136,441,525,548,71,103,143,708,826,182,419,1,762,492,536,711,801,100,585,643,246,710,146,204,272,122,410,503,612,750,288,394,620,360,500,195,178,341,644,783,286,373,258,375,561,57,757,806,716,81,526,547,121,611,345,600,153,191,401,673,118,252,418,133,769,610,706,746,26,689,674,145,340,489,817,77,213,22,687,434,593,627,831,76,330,380,720,109,744,483,239,467,79,162,170,278,747,206,212,737,812,222,554,586,616,623,796,24,400,29,168,726,656,650,259,306,393,663,863,20,197,271,496,476,80,504,785,28,251,577,31,671,761,425,686,721,10,217,575,72,700,417,739,452,639,829,841,221,336,775,411,314,342,465,691,230,358,507,335,553,759,549,688,45,21,235,383,14,18,480,789,416,241,311,474,684,289,493,604,95,174,112,717,793,48,505,540,87,290,457,763,157,295,579,356,451,625,60,99,208,657,797,78,192,224,292,317,128,179,532,830,86,158,205,294,567,89,760,780,590,255,364,17,131,123,367,745,3,98,431,714,776,809,285,53,456,486,573,15,210,694,713,263,403,609,672,803,571,811,624,649,545,538,795,305,556,820,110,635,49,568,583,732,752,414,428,621,678,704,818,62,284,422,662,55,617,237,247,395,437,675,839,19,120,738,184,560,190,194,779,371,398,522,478,154,423,588,32,513,582,615,788,61,680,840,56,52,320,481,512,30,147,185,250,605,653,107,226,629,699,111,705,366,413,491,534,412,325,595,654,484,353,429,834,166,207,218,598,647,201,277,198,347,626,633,723,84,351,68,365,725,236,349,159,690,270,140,163,275,338,596,676,807,4,249,518,539,13,238,799,137,506,606,641,106,566,736,173,269,266,543,602],"type":"read_ok"}}
2024/02/25 18:59:44 Received {c67 n17 {"type":"read","msg_id":67}}
2024/02/25 18:59:44 Sent {"src":"n17","dest":"c67","body":{"in_reply_to":67,"messages":[578,814,287,382,41,570,214,558,574,833,321,350,160,471,599,344,38,223,509,531,43,253,332,551,572,93,127,665,816,152,786,281,379,264,622,148,228,790,333,386,594,58,175,734,696,307,601,12,516,619,608,753,768,460,209,296,47,105,628,293,552,681,313,64,679,715,756,359,135,724,450,592,193,409,490,637,202,701,85,754,54,149,7,119,748,798,730,384,186,399,664,34,328,169,703,827,508,449,741,67,225,557,666,479,265,301,443,580,770,630,82,541,70,389,535,576,832,134,274,40,151,0,46,682,327,323,562,638,8,104,668,216,233,463,651,771,97,729,256,369,499,521,613,764,136,441,525,548,71,103,143,708,826,182,419,1,762,492,536,711,801,100,585,643,246,710,146,204,272,122,410,503,612,750,288,394,620,360,500,195,178,341,644,783,286,373,258,375,561,57,757,806,716,81,526,547,121,611,345,600,153,191,401,673,118,252,418,133,769,610,706,746,26,689,674,145,340,489,817,77,213,22,687,434,593,627,831,76,330,380,720,109,744,483,239,467,79,162,170,278,747,206,212,737,812,222,554,586,616,623,796,24,400,29,168,726,656,650,259,306,393,663,863,20,197,271,496,476,80,504,785,28,251,577,31,671,761,425,686,721,10,217,575,72,700,417,739,452,639,829,841,221,336,775,411,314,342,465,691,230,358,507,335,553,759,549,688,45,21,235,383,14,18,480,789,416,241,311,474,684,289,493,604,95,174,112,717,793,48,505,540,87,290,457,763,157,295,579,356,451,625,60,99,208,657,797,78,192,224,292,317,128,179,532,830,86,158,205,294,567,89,760,780,590,255,364,17,131,123,367,745,3,98,431,714,776,809,285,53,456,486,573,15,210,694,713,263,403,609,672,803,571,811,624,649,545,538,795,305,556,820,110,635,49,568,583,732,752,414,428,621,678,704,818,62,284,422,662,55,617,237,247,395,437,675,839,19,120,738,184,560,190,194,779,371,398,522,478,154,423,588,32,513,582,615,788,61,680,840,56,52,320,481,512,30,147,185,250,605,653,107,226,629,699,111,705,366,413,491,534,412,325,595,654,484,353,429,834,166,207,218,598,647,201,277,198,347,626,633,723,84,351,68,365,725,236,349,159,690,270,140,163,275,338,596,676,807,4,249,518,539,13,238,799,137,506,606,641,106,566,736,173,269,266,543,602,591,819,324,655,667,59,180,685,387,495,520,823,329,397,519,709,727,792,231,767,794,36,472,142,283,354,355,777,438,542,597,743,73,374,718,728,125,215,466,426,219,315,430,473,5,65,322,377,454,126,240,362,742,808,802,130,299,439,837,23,96,203,268,310,304,155,589,774,459,455,805,402,669,108,388,751,11,804,810,458,261,530,227,117,124,279,316,6,75,485,755,139,498,529,42,740,267,683,115,346,83,144,331,405,778,92,677,39,150,176,232,461,63,838,670,363,533,646,791,248,406,564,544,50,477,69,113,187,302,16,309,300,282,33,66,165,161,693,35,698,101,254,488,517,515,116,291,584,94,433,565,51,842,821,618,733,632,652,822,404,719,824,171,442,697,44,464,435,273,183,199,370,372,432,470,692,445,702,37,385,482,475,758,787,167,361,524,527,138,563,828,497,348,392,537,642,90,514,129,427,813,211,312,494,487,659,188,773,695,765,766,334,415,446,453,511,257,421,782,91,220,555,88,660,815,390,501,735,164,319,276,420,447,469,835,177,244,318,408,303,326,181,352,368,636,749,343,772,280,378,462,74,614,448,376,550,102,308,661,784,114,640,836,262,440,468,502,707,603,2,607,722,800,843,200,569,172,242,634,132,196,587,9,581,825,141,245,381,298,510,391,407,523,631,234,297,189,243,444,25,260,27,546,396,731,658,337,528,645,712,781,229,357,436,559,648,339,424,156],"type":"read_ok"}}
2024/02/25 18:59:44 Received {n12 n17 {"messages":[853,861,855,848,860,850,856,852,849,864,845,857,858,859,846,862,854,847,844,851,871],"msg_id":893,"type":"broadcast"}}
2024/02/25 18:59:44 Sent {"src":"n17","dest":"n12","body":{"in_reply_to":893,"type":"broadcast_ok"}}
2024/02/25 18:59:44 Received {c67 n17 {"type":"broadcast","message":886,"msg_id":68}}
2024/02/25 18:59:44 Sent {"src":"n17","dest":"c67","body":{"in_reply_to":68,"type":"broadcast_ok"}}
2024/02/25 18:59:44 Received {c67 n17 {"type":"read","msg_id":69}}
2024/02/25 18:59:44 Sent {"src":"n17","dest":"c67","body":{"in_reply_to":69,"messages":[596,140,163,275,338,4,676,807,864,13,249,518,539,137,238,799,106,506,606,641,173,269,566,736,543,602,266,819,324,591,685,59,180,655,667,520,823,329,397,387,495,709,727,792,231,519,767,36,472,794,438,777,857,142,283,354,355,542,597,743,73,728,125,215,374,718,219,315,466,426,430,473,5,65,454,126,322,377,802,240,362,742,808,299,439,837,23,96,130,268,310,304,155,203,774,459,589,805,402,455,108,669,388,751,11,458,804,810,852,530,227,261,279,316,6,75,117,124,485,755,498,529,42,139,740,683,115,267,83,144,346,405,778,92,331,39,677,232,461,63,150,176,670,838,646,791,248,363,533,406,564,50,477,544,113,187,302,16,69,309,33,66,300,282,693,35,165,161,101,698,859,515,116,254,488,517,94,291,584,886,565,51,433,618,733,842,821,849,854,404,632,652,822,719,824,171,442,44,464,697,273,435,370,372,432,183,199,470,692,702,37,385,445,758,787,167,361,482,475,524,527,138,828,497,563,392,537,642,90,348,129,427,514,813,494,487,659,188,211,312,773,765,766,334,415,695,511,257,421,446,453,91,782,555,88,220,660,815,735,871,164,319,390,501,447,469,835,177,244,276,420,318,408,181,303,326,636,749,343,352,368,772,74,280,378,462,448,614,102,376,550,661,308,114,640,784,262,836,468,502,440,707,2,603,800,843,200,569,607,722,634,172,242,587,9,132,196,581,825,245,141,298,381,510,523,391,407,234,631,189,243,297,25,260,444,27,855,546,396,731,337,528,658,781,229,357,645,712,648,339,424,436,559,156,287,382,578,814,41,214,558,570,321,350,574,833,160,471,344,599,531,43,38,223,509,551,572,93,127,253,332,152,665,816,281,379,786,264,622,148,228,790,594,696,734,58,175,333,386,12,307,601,753,768,460,516,619,608,209,47,105,296,628,293,552,681,64,313,679,715,756,135,359,724,193,450,592,202,409,490,637,85,701,860,54,754,798,7,119,149,748,384,730,34,186,399,664,169,328,508,703,827,862,741,67,225,449,557,853,479,666,847,265,301,443,580,770,82,630,70,389,541,832,134,274,535,576,682,0,46,40,151,562,638,8,104,327,323,668,463,651,771,97,216,233,729,499,521,256,369,613,764,136,548,846,71,103,441,525,708,143,826,419,1,182,492,762,711,801,100,536,585,643,710,146,246,122,204,272,612,750,288,394,410,503,360,620,195,500,178,341,783,286,373,644,375,561,57,258,716,757,806,81,526,121,547,611,600,153,345,850,118,191,401,673,252,418,133,610,769,706,746,26,689,674,145,340,489,817,213,22,77,687,627,831,76,330,434,593,380,720,109,483,744,79,239,467,858,170,162,747,206,278,212,737,222,812,616,554,586,796,24,623,400,29,168,726,650,656,393,663,863,20,197,259,306,476,80,271,496,785,28,504,577,31,251,671,761,721,10,217,425,686,575,72,700,739,417,829,841,221,336,452,639,411,775,342,465,691,230,314,358,507,335,553,549,688,759,235,383,14,18,45,21,480,789,241,311,416,844,474,684,289,493,604,95,112,174,851,793,48,717,505,540,87,457,763,157,295,290,579,451,625,60,99,356,657,797,78,208,292,317,128,179,192,224,532,830,86,158,205,294,567,89,590,760,780,17,131,255,364,367,745,3,98,123,714,776,809,285,431,53,456,486,573,15,210,713,263,694,609,672,403,571,811,803,545,538,624,649,305,556,795,110,635,820,49,568,752,845,414,428,583,732,704,818,62,284,621,678,422,55,617,662,395,437,675,839,19,120,237,247,184,560,738,190,194,371,398,779,154,423,522,478,588,32,513,582,848,61,615,788,680,56,52,840,512,30,147,320,481,185,250,605,653,699,111,107,226,629,366,705,856,412,413,491,534,325,595,654,484,834,166,207,353,429,218,861,201,277,598,647,633,723,84,198,347,626,68,351,236,365,725,159,349,270,690],"type":"read_ok"}}
2024/02/25 18:59:44 Sent {"src":"n17","dest":"n12","body":{"messages":[886],"msg_id":27,"type":"broadcast"}}
2024/02/25 18:59:45 Received {n12 n17 {"messages":[874,883,868,878,869,879,873,877,866,875,867,876,870,865,872,894],"msg_id":914,"type":"broadcast"}}
2024/02/25 18:59:45 Sent {"src":"n17","dest":"n12","body":{"in_reply_to":914,"type":"broadcast_ok"}}
2024/02/25 18:59:45 Received {n12 n17 {"in_reply_to":27,"type":"broadcast_ok"}}
2024/02/25 18:59:45 Received {n12 n17 {"messages":[898,900,885,902,903,896,891,904,892,889,905,888,899,881,884,895,887,897,880,893,890,901,882],"msg_id":943,"type":"broadcast"}}
2024/02/25 18:59:45 Sent {"src":"n17","dest":"n12","body":{"in_reply_to":943,"type":"broadcast_ok"}}
2024/02/25 18:59:46 Received {n12 n17 {"messages":[906],"msg_id":967,"type":"broadcast"}}
2024/02/25 18:59:46 Sent {"src":"n17","dest":"n12","body":{"in_reply_to":967,"type":"broadcast_ok"}}
2024/02/25 18:59:55 Received {c67 n17 {"type":"read","msg_id":70}}
2024/02/25 18:59:55 Sent {"src":"n17","dest":"c67","body":{"in_reply_to":70,"messages":[72,575,700,417,739,639,829,841,874,221,336,452,411,775,885,314,342,465,691,230,358,507,335,553,901,549,688,759,21,235,383,14,18,45,480,789,844,881,241,311,416,474,684,289,95,493,604,112,174,851,882,48,717,793,505,540,87,457,763,157,295,290,579,451,625,60,99,356,657,797,78,208,224,292,317,128,179,192,532,830,86,158,205,294,567,89,780,590,760,364,875,17,131,255,367,745,3,98,123,776,809,285,431,714,53,456,486,573,15,210,694,713,263,403,609,672,571,811,803,649,545,538,624,305,556,795,110,635,820,49,568,732,752,845,414,428,583,678,704,818,62,284,621,422,869,55,617,662,247,395,437,675,839,19,120,237,184,560,738,190,194,371,398,779,478,154,423,522,588,32,513,582,848,61,615,788,680,56,52,840,481,512,30,147,320,653,185,250,605,629,699,111,107,226,366,705,534,856,412,413,491,325,595,654,484,888,429,834,166,207,353,218,647,861,201,277,598,626,633,723,84,198,347,68,351,236,365,725,159,349,270,690,338,596,140,163,275,4,676,807,539,864,13,249,518,878,137,238,799,641,897,106,506,606,736,173,269,566,266,543,602,324,591,819,667,685,59,180,655,495,520,823,329,397,387,727,792,231,519,709,767,904,36,472,794,355,438,777,857,142,283,354,906,542,597,743,73,718,728,125,215,374,426,219,315,466,473,5,65,430,454,126,322,377,808,802,240,362,742,299,439,837,23,96,130,310,304,459,589,774,155,203,268,866,402,455,805,108,669,11,388,751,900,852,458,804,810,227,261,530,124,279,316,485,898,6,75,117,755,529,740,42,139,498,115,267,683,83,144,346,778,92,331,405,39,677,232,461,670,838,63,150,176,646,791,248,363,533,406,564,50,477,544,187,302,309,868,16,69,113,282,33,66,300,693,35,165,161,101,698,859,517,515,116,254,488,886,94,291,584,51,433,565,821,618,733,842,822,849,854,404,632,652,824,171,442,719,44,464,697,273,435,372,432,470,692,183,199,370,702,37,385,445,475,758,787,167,361,482,138,524,527,497,563,828,537,642,90,348,392,129,427,514,813,494,487,659,773,188,211,312,765,766,334,415,695,453,511,257,421,446,872,91,782,879,555,88,220,815,660,501,735,871,883,164,319,390,420,447,469,835,177,244,276,318,408,326,181,303,636,749,772,894,343,352,368,462,74,280,378,448,614,550,102,376,308,661,114,640,784,262,836,440,468,502,707,603,2,722,800,843,887,200,569,607,242,634,172,196,587,9,132,581,825,873,141,245,298,381,896,510,407,523,391,234,631,870,189,243,297,25,260,444,27,855,546,877,899,396,731,337,528,658,712,781,229,357,645,559,648,339,424,436,156,814,287,382,578,41,214,558,570,833,321,350,574,160,471,344,599,509,531,43,38,223,332,551,572,93,127,253,152,665,816,281,379,786,264,622,891,148,228,790,386,594,696,734,902,58,175,333,12,307,601,608,753,768,460,516,619,209,865,47,105,296,628,293,552,681,64,313,679,715,756,135,359,724,193,450,592,637,202,409,490,85,701,860,54,754,748,798,7,119,149,384,730,664,34,186,399,169,328,508,703,827,862,741,67,225,449,557,853,479,666,580,847,867,265,301,443,770,82,630,70,389,541,576,832,134,274,535,151,682,889,905,0,46,40,323,562,638,668,8,104,327,463,651,771,884,890,97,216,233,729,521,613,256,369,499,136,764,525,548,846,71,103,441,143,708,826,492,762,1,182,419,801,100,536,711,585,643,146,246,710,122,204,272,503,612,750,288,394,410,360,620,893,195,500,178,341,783,892,286,373,644,561,716,757,806,57,258,375,81,526,121,547,611,153,345,600,673,850,118,191,401,610,769,133,252,418,26,706,746,674,145,340,689,895,489,817,876,687,22,77,213,593,627,831,76,330,434,109,380,720,483,744,903,858,79,239,467,170,162,206,278,747,212,737,222,812,554,586,616,24,623,796,726,29,168,400,656,650,306,393,663,863,20,197,259,476,80,271,496,880,28,504,785,671,31,251,577,761,686,721,10,217,425],"type":"read_ok"}}
