2024/02/25 18:59:24 Received {c5 n2 {"type":"init","node_id":"n2","node_ids":["n0","n1","n2","n3","n4","n5","n6","n7","n8","n9","n10","n11","n12","n13","n14","n15","n16","n17","n18","n19","n20","n21","n22","n23","n24"],"msg_id":1}}
2024/02/25 18:59:24 Node n2 initialized
2024/02/25 18:59:24 Sent {"src":"n2","dest":"c5","body":{"in_reply_to":1,"type":"init_ok"}}
2024/02/25 18:59:25 Received {c27 n2 {"type":"topology","topology":{"n2":["n7","n3","n1"],"n21":["n16","n22","n20"],"n23":["n18","n24","n22"],"n5":["n10","n0","n6"],"n8":["n13","n3","n9","n7"],"n6":["n11","n1","n7","n5"],"n19":["n24","n14","n18"],"n14":["n19","n9","n13"],"n17":["n22","n12","n18","n16"],"n1":["n6","n2","n0"],"n24":["n19","n23"],"n4":["n9","n3"],"n0":["n5","n1"],"n18":["n23","n13","n19","n17"],"n9":["n14","n4","n8"],"n10":["n15","n5","n11"],"n22":["n17","n23","n21"],"n15":["n20","n10","n16"],"n13":["n18","n8","n14","n12"],"n3":["n8","n4","n2"],"n12":["n17","n7","n13","n11"],"n11":["n16","n6","n12","n10"],"n16":["n21","n11","n17","n15"],"n7":["n12","n2","n8","n6"],"n20":["n15","n21"]},"msg_id":1}}
2024/02/25 18:59:25 Sent {"src":"n2","dest":"c27","body":{"in_reply_to":1,"type":"topology_ok"}}
2024/02/25 18:59:25 Received {c52 n2 {"type":"read","msg_id":1}}
2024/02/25 18:59:25 Sent {"src":"n2","dest":"c52","body":{"in_reply_to":1,"messages":[],"type":"read_ok"}}
2024/02/25 18:59:25 Received {c52 n2 {"type":"broadcast","message":14,"msg_id":2}}
2024/02/25 18:59:25 Sent {"src":"n2","dest":"c52","body":{"in_reply_to":2,"type":"broadcast_ok"}}
2024/02/25 18:59:25 Sent {"src":"n2","dest":"n12","body":{"messages":[14],"msg_id":1,"type":"broadcast"}}
2024/02/25 18:59:25 Received {n12 n2 {"in_reply_to":1,"type":"broadcast_ok"}}
2024/02/25 18:59:25 Received {c52 n2 {"type":"broadcast","message":30,"msg_id":3}}
2024/02/25 18:59:25 Sent {"src":"n2","dest":"c52","body":{"in_reply_to":3,"type":"broadcast_ok"}}
2024/02/25 18:59:25 Received {c52 n2 {"type":"broadcast","message":48,"msg_id":4}}
2024/02/25 18:59:25 Sent {"src":"n2","dest":"c52","body":{"in_reply_to":4,"type":"broadcast_ok"}}
2024/02/25 18:59:25 Sent {"src":"n2","dest":"n12","body":{"messages":[30,48],"msg_id":2,"type":"broadcast"}}
2024/02/25 18:59:26 Received {n12 n2 {"messages":[9,20,3,16,2,15,7,17,4,18,10,19,5,0,11,12,8,6,13,1,39],"msg_id":4,"type":"broadcast"}}
2024/02/25 18:59:26 Sent {"src":"n2","dest":"n12","body":{"in_reply_to":4,"type":"broadcast_ok"}}
2024/02/25 18:59:26 Received {n12 n2 {"in_reply_to":2,"type":"broadcast_ok"}}
2024/02/25 18:59:26 Received {c52 n2 {"type":"read","msg_id":5}}
2024/02/25 18:59:26 Sent {"src":"n2","dest":"c52","body":{"in_reply_to":5,"messages":[39,3,16,4,18,10,0,12,14,9,11,1,30,48,20,2,7,17,19,15,5,8,6,13],"type":"read_ok"}}
2024/02/25 18:59:26 Received {c52 n2 {"type":"broadcast","message":72,"msg_id":6}}
2024/02/25 18:59:26 Sent {"src":"n2","dest":"c52","body":{"in_reply_to":6,"type":"broadcast_ok"}}
2024/02/25 18:59:26 Sent {"src":"n2","dest":"n12","body":{"messages":[72],"msg_id":3,"type":"broadcast"}}
2024/02/25 18:59:26 Received {n12 n2 {"messages":[35,27,45,24,32,43,31,37,36,28,29,46,21,38,22,23,40,25,42,33,26,41,44,47,34,64],"msg_id":44,"type":"broadcast"}}
2024/02/25 18:59:26 Sent {"src":"n2","dest":"n12","body":{"in_reply_to":44,"type":"broadcast_ok"}}
2024/02/25 18:59:26 Received {n12 n2 {"in_reply_to":3,"type":"broadcast_ok"}}
2024/02/25 18:59:26 Received {c52 n2 {"type":"read","msg_id":7}}
2024/02/25 18:59:26 Sent {"src":"n2","dest":"c52","body":{"in_reply_to":7,"messages":[37,20,2,7,17,19,27,31,29,46,47,5,8,13,43,4,10,39,35,32,64,14,9,1,28,38,33,41,30,48,24,36,21,23,40,15,6,42,26,3,16,18,0,12,45,44,11,72,22,25,34],"type":"read_ok"}}
2024/02/25 18:59:27 Received {n12 n2 {"messages":[55,67,50,61,73,75,56,60,51,62,57,68,59,69,52,65,49,63,70,53,58,54,66,71],"msg_id":63,"type":"broadcast"}}
2024/02/25 18:59:27 Received {c52 n2 {"type":"read","msg_id":8}}
2024/02/25 18:59:27 Sent {"src":"n2","dest":"n12","body":{"in_reply_to":63,"type":"broadcast_ok"}}
2024/02/25 18:59:27 Sent {"src":"n2","dest":"c52","body":{"in_reply_to":8,"messages":[14,1,28,33,41,68,53,30,21,23,40,73,49,6,67,50,51,65,3,16,18,0,12,70,29,20,2,7,19,27,31,37,71,56,35,32,55,62,9,38,64,75,57,48,24,36,61,52,63,15,42,26,69,45,44,58,11,72,22,25,34,54,17,46,47,60,5,8,13,43,4,10,39,59,66],"type":"read_ok"}}
2024/02/25 18:59:27 Received {c52 n2 {"type":"broadcast","message":104,"msg_id":9}}
2024/02/25 18:59:27 Sent {"src":"n2","dest":"c52","body":{"in_reply_to":9,"type":"broadcast_ok"}}
2024/02/25 18:59:27 Sent {"src":"n2","dest":"n12","body":{"messages":[104],"msg_id":4,"type":"broadcast"}}
2024/02/25 18:59:27 Received {n12 n2 {"messages":[74,88,78,79,87,81,90,83,92,86,76,85,89,91,84,80,77,82,109],"msg_id":91,"type":"broadcast"}}
2024/02/25 18:59:27 Received {c52 n2 {"type":"read","msg_id":10}}
2024/02/25 18:59:27 Sent {"src":"n2","dest":"n12","body":{"in_reply_to":91,"type":"broadcast_ok"}}
2024/02/25 18:59:27 Sent {"src":"n2","dest":"c52","body":{"in_reply_to":10,"messages":[2,7,19,27,31,37,29,20,71,56,32,55,62,109,35,38,64,75,57,89,84,9,24,36,61,52,63,76,48,42,26,69,91,15,44,58,104,45,72,22,25,34,54,81,77,11,46,47,60,79,17,8,13,43,87,83,5,10,39,59,66,88,78,85,4,1,28,33,41,68,53,14,21,23,40,73,49,82,30,67,50,51,65,90,6,16,18,0,12,92,3,74,86,80,70],"type":"read_ok"}}
2024/02/25 18:59:27 Received {n12 n2 {"in_reply_to":4,"type":"broadcast_ok"}}
2024/02/25 18:59:27 Received {c52 n2 {"type":"read","msg_id":11}}
2024/02/25 18:59:27 Sent {"src":"n2","dest":"c52","body":{"in_reply_to":11,"messages":[74,86,80,70,2,7,19,27,31,37,29,20,71,56,32,55,62,109,35,38,64,75,57,89,84,9,24,36,61,52,63,76,48,42,26,69,91,15,44,58,104,45,72,22,25,34,54,81,77,11,46,47,60,79,17,8,13,43,87,83,5,10,39,59,66,88,78,85,4,1,28,33,41,68,53,14,21,23,40,73,49,82,30,67,50,51,65,90,6,16,18,0,12,92,3],"type":"read_ok"}}
2024/02/25 18:59:28 Received {n12 n2 {"messages":[106,112,100,111,101,93,95,107,94,105,98,102,96,108,103,110,97,99,122,136],"msg_id":116,"type":"broadcast"}}
2024/02/25 18:59:28 Sent {"src":"n2","dest":"n12","body":{"in_reply_to":116,"type":"broadcast_ok"}}
2024/02/25 18:59:28 Received {c52 n2 {"type":"read","msg_id":12}}
2024/02/25 18:59:28 Sent {"src":"n2","dest":"c52","body":{"in_reply_to":12,"messages":[110,17,46,47,60,79,106,4,59,88,78,95,14,28,41,23,73,105,96,99,50,51,65,90,18,12,70,86,7,19,27,71,56,35,38,64,57,89,84,102,36,52,63,76,111,26,45,104,81,77,22,54,112,5,8,13,43,87,83,10,39,66,85,1,33,68,53,97,30,21,40,49,82,6,67,3,16,0,92,93,74,80,20,2,31,37,29,101,32,55,62,109,98,9,75,122,136,48,24,61,15,42,69,91,108,103,44,58,107,11,72,25,34,100,94],"type":"read_ok"}}
2024/02/25 18:59:28 Received {c52 n2 {"type":"broadcast","message":142,"msg_id":13}}
2024/02/25 18:59:28 Sent {"src":"n2","dest":"c52","body":{"in_reply_to":13,"type":"broadcast_ok"}}
2024/02/25 18:59:28 Received {c52 n2 {"type":"read","msg_id":14}}
2024/02/25 18:59:28 Sent {"src":"n2","dest":"c52","body":{"in_reply_to":14,"messages":[18,12,70,86,71,7,19,27,56,142,35,89,84,102,38,64,57,76,111,36,52,63,26,45,104,77,22,54,81,43,87,83,112,5,8,13,85,10,39,66,53,97,1,33,68,49,82,30,21,40,6,67,92,93,3,16,0,74,80,37,29,101,20,2,31,109,98,32,55,62,136,9,75,122,48,24,61,91,108,103,15,42,69,44,58,107,34,100,94,11,72,25,60,79,106,110,17,46,47,78,95,4,59,88,14,28,41,96,99,23,73,105,90,50,51,65],"type":"read_ok"}}
2024/02/25 18:59:28 Sent {"src":"n2","dest":"n12","body":{"messages":[142],"msg_id":5,"type":"broadcast"}}
2024/02/25 18:59:28 Received {n12 n2 {"messages":[126,114,133,127,117,118,132,120,134,130,116,131,125,121,135,119,123,137,115,129,113,128,124,145],"msg_id":135,"type":"broadcast"}}
2024/02/25 18:59:28 Sent {"src":"n2","dest":"n12","body":{"in_reply_to":135,"type":"broadcast_ok"}}
2024/02/25 18:59:28 Received {n12 n2 {"in_reply_to":5,"type":"broadcast_ok"}}
2024/02/25 18:59:28 Received {c52 n2 {"type":"broadcast","message":166,"msg_id":15}}
2024/02/25 18:59:28 Sent {"src":"n2","dest":"c52","body":{"in_reply_to":15,"type":"broadcast_ok"}}
2024/02/25 18:59:28 Sent {"src":"n2","dest":"n12","body":{"messages":[166],"msg_id":6,"type":"broadcast"}}
2024/02/25 18:59:29 Received {n12 n2 {"messages":[143,140,151,158,138,149,154,141,152,153,147,146,148,144,155,139,150],"msg_id":160,"type":"broadcast"}}
2024/02/25 18:59:29 Received {c52 n2 {"type":"broadcast","message":178,"msg_id":16}}
2024/02/25 18:59:29 Sent {"src":"n2","dest":"n12","body":{"in_reply_to":160,"type":"broadcast_ok"}}
2024/02/25 18:59:29 Sent {"src":"n2","dest":"c52","body":{"in_reply_to":16,"type":"broadcast_ok"}}
2024/02/25 18:59:29 Received {n12 n2 {"in_reply_to":6,"type":"broadcast_ok"}}
2024/02/25 18:59:29 Received {c52 n2 {"type":"broadcast","message":192,"msg_id":17}}
2024/02/25 18:59:29 Sent {"src":"n2","dest":"c52","body":{"in_reply_to":17,"type":"broadcast_ok"}}
2024/02/25 18:59:29 Sent {"src":"n2","dest":"n12","body":{"messages":[178,192],"msg_id":7,"type":"broadcast"}}
2024/02/25 18:59:29 Received {n12 n2 {"messages":[156,172,168,175,157,169,160,159,163,177,170,164,165,161,176,167,174,171,162,173,197],"msg_id":191,"type":"broadcast"}}
2024/02/25 18:59:29 Sent {"src":"n2","dest":"n12","body":{"in_reply_to":191,"type":"broadcast_ok"}}
2024/02/25 18:59:29 Received {n12 n2 {"in_reply_to":7,"type":"broadcast_ok"}}
2024/02/25 18:59:29 Received {c52 n2 {"type":"read","msg_id":18}}
2024/02/25 18:59:29 Sent {"src":"n2","dest":"c52","body":{"in_reply_to":18,"messages":[34,100,94,120,11,72,25,60,79,106,110,137,17,46,47,138,150,177,171,78,95,124,4,59,88,153,14,28,41,96,99,143,23,73,105,90,148,172,167,50,51,65,123,159,18,12,135,146,169,70,86,117,71,118,132,149,165,7,19,27,56,142,133,141,157,35,130,154,89,84,102,168,38,64,57,76,111,145,147,36,52,63,178,26,128,144,45,104,125,77,126,158,22,54,81,113,151,170,43,87,83,112,114,5,8,13,134,156,85,166,192,176,162,10,39,66,53,97,116,1,33,68,49,82,140,175,173,30,21,40,197,6,67,119,92,93,164,174,3,16,0,160,74,80,129,37,29,101,121,139,20,2,31,109,98,115,32,55,62,136,155,161,9,75,122,127,48,24,61,91,108,103,131,152,15,42,69,163,44,58,107],"type":"read_ok"}}
2024/02/25 18:59:29 Received {c52 n2 {"type":"read","msg_id":19}}
2024/02/25 18:59:29 Sent {"src":"n2","dest":"c52","body":{"in_reply_to":19,"messages":[76,111,145,147,36,52,63,178,26,128,144,45,104,125,77,126,158,22,54,81,113,151,170,43,87,83,112,114,5,8,13,134,156,85,166,192,176,162,10,39,66,53,97,116,1,33,68,49,82,140,175,173,30,21,40,197,6,67,119,92,93,164,174,3,16,0,160,74,80,129,37,29,101,121,139,20,2,31,109,98,115,32,55,62,136,155,161,9,75,122,127,48,24,61,91,108,103,131,152,15,42,69,163,44,58,107,34,100,94,120,11,72,25,60,79,106,110,137,17,46,47,138,150,177,171,78,95,124,4,59,88,153,14,28,41,96,99,143,23,73,105,90,148,172,167,50,51,65,123,159,18,12,135,146,169,70,86,117,71,118,132,149,165,7,19,27,56,142,133,141,157,35,130,154,89,84,102,168,38,64,57],"type":"read_ok"}}
2024/02/25 18:59:30 Received {n12 n2 {"messages":[186,180,182,195,179,183,190,191,185,189,193,181,194,188,187,184,196,208],"msg_id":204,"type":"broadcast"}}
2024/02/25 18:59:30 Sent {"src":"n2","dest":"n12","body":{"in_reply_to":204,"type":"broadcast_ok"}}
2024/02/25 18:59:30 Received {c52 n2 {"type":"broadcast","message":235,"msg_id":20}}
2024/02/25 18:59:30 Sent {"src":"n2","dest":"c52","body":{"in_reply_to":20,"type":"broadcast_ok"}}
2024/02/25 18:59:30 Sent {"src":"n2","dest":"n12","body":{"messages":[235],"msg_id":8,"type":"broadcast"}}
2024/02/25 18:59:30 Received {n12 n2 {"messages":[212,223,201,214,204,215,209,205,216,206,198,210,203,207,199,211,200,202,213,242],"msg_id":238,"type":"broadcast"}}
2024/02/25 18:59:30 Sent {"src":"n2","dest":"n12","body":{"in_reply_to":238,"type":"broadcast_ok"}}
2024/02/25 18:59:30 Received {n12 n2 {"in_reply_to":8,"type":"broadcast_ok"}}
2024/02/25 18:59:30 Received {c52 n2 {"type":"broadcast","message":246,"msg_id":21}}
2024/02/25 18:59:30 Sent {"src":"n2","dest":"c52","body":{"in_reply_to":21,"type":"broadcast_ok"}}
2024/02/25 18:59:30 Received {c52 n2 {"type":"read","msg_id":22}}
2024/02/25 18:59:30 Sent {"src":"n2","dest":"c52","body":{"in_reply_to":22,"messages":[185,188,88,14,28,96,143,215,50,90,148,172,167,200,18,12,159,186,212,213,70,86,190,7,19,71,149,165,223,56,133,242,35,130,154,38,64,57,84,168,36,76,111,145,144,178,181,104,193,198,22,81,126,158,196,113,151,201,83,114,134,39,85,192,176,216,202,1,33,116,30,40,82,140,197,6,179,204,0,92,93,74,160,2,37,29,101,139,246,32,62,109,207,9,75,136,48,24,61,127,42,69,108,131,152,180,183,44,163,11,34,100,120,47,137,138,150,177,171,4,59,78,95,124,41,153,23,73,105,99,51,65,194,135,123,235,117,146,169,209,27,118,132,142,205,141,157,184,89,102,52,63,147,26,128,45,125,203,54,77,170,182,206,5,8,13,43,87,112,156,214,10,66,166,162,68,53,97,211,21,49,175,173,67,119,3,16,164,174,80,129,20,31,121,208,189,55,98,115,122,155,161,195,199,15,91,103,187,58,107,191,210,72,25,94,17,46,60,79,106,110],"type":"read_ok"}}
2024/02/25 18:59:30 Sent {"src":"n2","dest":"n12","body":{"messages":[246],"msg_id":9,"type":"broadcast"}}
2024/02/25 18:59:31 Received {n12 n2 {"messages":[221,239,230,232,227,229,236,217,237,220,238,240,241,228,245,234,222,225,244,224,243,218,231,233,219,226],"msg_id":244,"type":"broadcast"}}
2024/02/25 18:59:31 Sent {"src":"n2","dest":"n12","body":{"in_reply_to":244,"type":"broadcast_ok"}}
2024/02/25 18:59:31 Received {n12 n2 {"in_reply_to":9,"type":"broadcast_ok"}}
2024/02/25 18:59:31 Received {c52 n2 {"type":"read","msg_id":23}}
2024/02/25 18:59:31 Sent {"src":"n2","dest":"c52","body":{"in_reply_to":23,"messages":[38,64,57,84,168,225,36,76,111,145,144,178,181,104,193,198,22,81,126,158,196,113,151,201,83,114,134,229,228,39,85,192,176,216,202,1,33,116,226,231,233,30,40,82,140,197,236,6,179,204,0,92,93,74,160,2,37,29,101,139,246,224,32,62,109,207,218,9,75,136,48,24,61,127,183,42,69,108,131,152,180,44,163,219,11,34,100,120,47,137,138,150,177,171,239,237,4,59,78,95,124,240,41,153,217,234,23,73,105,99,51,65,194,135,123,235,117,146,169,209,243,27,118,132,142,205,241,141,157,184,222,89,102,227,52,63,147,26,128,45,125,203,54,77,220,170,182,206,245,156,214,5,8,13,43,87,112,232,10,66,166,162,68,53,97,211,21,49,175,173,67,119,221,3,16,164,174,80,129,20,31,121,208,189,55,98,115,122,155,161,195,199,15,91,103,187,58,107,191,210,72,25,94,230,17,46,60,79,106,110,185,188,88,14,28,96,143,215,244,50,90,148,172,167,200,18,12,159,186,212,213,70,86,190,238,7,19,71,149,165,223,56,133,242,35,130,154],"type":"read_ok"}}
2024/02/25 18:59:31 Received {n12 n2 {"messages":[255,260,262,253,247,257,250,249,259,254,251,248,258,252,256],"msg_id":270,"type":"broadcast"}}
2024/02/25 18:59:31 Received {c52 n2 {"type":"broadcast","message":283,"msg_id":24}}
2024/02/25 18:59:31 Sent {"src":"n2","dest":"n12","body":{"in_reply_to":270,"type":"broadcast_ok"}}
2024/02/25 18:59:31 Sent {"src":"n2","dest":"c52","body":{"in_reply_to":24,"type":"broadcast_ok"}}
2024/02/25 18:59:31 Received {c52 n2 {"type":"read","msg_id":25}}
2024/02/25 18:59:31 Sent {"src":"n2","dest":"c52","body":{"in_reply_to":25,"messages":[58,107,191,210,256,72,25,94,230,17,46,60,79,106,110,185,188,88,257,14,28,249,251,258,96,143,215,244,50,90,148,172,167,200,18,12,159,186,212,213,70,86,190,238,259,7,19,71,149,165,223,56,133,242,35,130,154,262,253,38,64,57,84,168,225,36,76,111,145,144,178,181,104,193,198,248,22,81,126,158,196,113,151,201,83,114,134,229,228,39,85,192,176,216,202,1,33,116,226,231,233,30,40,82,140,197,236,6,179,204,0,92,93,74,160,247,2,37,29,101,139,246,224,32,62,109,207,218,9,75,136,48,24,61,127,183,42,69,108,131,152,180,44,163,219,11,34,100,120,47,137,138,250,150,177,171,239,237,4,59,78,95,124,240,41,153,217,234,252,23,73,105,99,51,65,194,254,135,123,235,117,146,169,209,243,27,118,132,142,205,241,141,157,184,222,89,102,227,52,63,147,26,128,45,125,203,54,77,220,170,182,206,245,260,283,156,214,5,8,13,43,87,112,232,10,66,166,162,68,53,97,211,21,49,175,173,67,119,221,3,16,164,174,80,129,20,31,121,208,189,255,55,98,115,122,155,161,195,199,15,91,103,187],"type":"read_ok"}}
2024/02/25 18:59:31 Sent {"src":"n2","dest":"n12","body":{"messages":[283],"msg_id":10,"type":"broadcast"}}
2024/02/25 18:59:32 Received {n12 n2 {"messages":[266,271,268,278,272,273,267,270,280,276,263,261,274,269,265,277,264,275,279,289,300],"msg_id":304,"type":"broadcast"}}
2024/02/25 18:59:32 Received {c52 n2 {"type":"read","msg_id":26}}
2024/02/25 18:59:32 Sent {"src":"n2","dest":"n12","body":{"in_reply_to":304,"type":"broadcast_ok"}}
2024/02/25 18:59:32 Sent {"src":"n2","dest":"c52","body":{"in_reply_to":26,"messages":[27,118,132,265,142,205,241,141,157,184,222,89,102,227,52,63,147,26,128,45,125,203,54,77,220,170,182,206,245,260,283,274,279,5,8,13,43,87,112,156,214,232,277,275,10,66,166,162,278,68,53,97,211,21,49,175,173,261,67,119,221,3,16,164,174,263,80,129,264,20,31,121,208,266,189,255,276,55,98,115,271,122,155,161,195,199,15,91,103,187,58,107,191,210,256,72,25,94,230,17,46,60,79,106,110,185,188,289,88,257,14,28,249,251,258,96,143,215,244,50,90,148,172,167,200,18,12,159,186,212,213,70,86,190,273,7,19,71,149,165,223,238,259,56,133,242,35,130,154,262,38,64,57,84,168,225,253,36,76,111,145,144,178,181,104,193,198,248,300,22,81,126,158,196,113,151,201,83,114,134,39,85,192,176,216,202,229,228,1,33,116,226,30,40,82,140,197,236,231,233,6,179,204,0,92,93,74,160,2,37,29,101,139,246,247,267,224,32,62,109,207,218,9,75,136,48,24,61,127,42,69,108,131,152,180,183,270,44,163,219,272,11,34,100,120,47,137,138,250,150,177,171,239,237,280,4,59,78,95,124,240,41,153,217,234,252,23,73,105,99,51,65,194,254,135,123,235,268,117,146,169,209,243,269],"type":"read_ok"}}
2024/02/25 18:59:32 Received {n12 n2 {"in_reply_to":10,"type":"broadcast_ok"}}
2024/02/25 18:59:32 Received {c52 n2 {"type":"broadcast","message":321,"msg_id":27}}
2024/02/25 18:59:32 Sent {"src":"n2","dest":"c52","body":{"in_reply_to":27,"type":"broadcast_ok"}}
2024/02/25 18:59:32 Sent {"src":"n2","dest":"n12","body":{"messages":[321],"msg_id":11,"type":"broadcast"}}
2024/02/25 18:59:32 Received {n12 n2 {"messages":[302,293,291,286,296,284,295,297,301,290,288,299,287,298,282,281,294,285,292,314,328],"msg_id":334,"type":"broadcast"}}
2024/02/25 18:59:32 Sent {"src":"n2","dest":"n12","body":{"in_reply_to":334,"type":"broadcast_ok"}}
2024/02/25 18:59:32 Received {n12 n2 {"in_reply_to":11,"type":"broadcast_ok"}}
2024/02/25 18:59:32 Received {c52 n2 {"type":"broadcast","message":336,"msg_id":28}}
2024/02/25 18:59:32 Sent {"src":"n2","dest":"c52","body":{"in_reply_to":28,"type":"broadcast_ok"}}
2024/02/25 18:59:32 Sent {"src":"n2","dest":"n12","body":{"messages":[336],"msg_id":12,"type":"broadcast"}}
2024/02/25 18:59:33 Received {n12 n2 {"messages":[303,326,316,305,325,309,308,322,307,319,312,327,313,329,311,324,317,320,318,306,310,323,315,304,344],"msg_id":351,"type":"broadcast"}}
2024/02/25 18:59:33 Sent {"src":"n2","dest":"n12","body":{"in_reply_to":351,"type":"broadcast_ok"}}
2024/02/25 18:59:33 Received {c52 n2 {"type":"broadcast","message":352,"msg_id":29}}
2024/02/25 18:59:33 Sent {"src":"n2","dest":"c52","body":{"in_reply_to":29,"type":"broadcast_ok"}}
2024/02/25 18:59:33 Received {n12 n2 {"in_reply_to":12,"type":"broadcast_ok"}}
2024/02/25 18:59:33 Received {c52 n2 {"type":"broadcast","message":363,"msg_id":30}}
2024/02/25 18:59:33 Sent {"src":"n2","dest":"c52","body":{"in_reply_to":30,"type":"broadcast_ok"}}
2024/02/25 18:59:33 Sent {"src":"n2","dest":"n12","body":{"messages":[352,363],"msg_id":13,"type":"broadcast"}}
2024/02/25 18:59:33 Received {n12 n2 {"messages":[332,341,331,348,330,337,340,349,334,342,346,345,347,335,351,339,333,350,338,343,356],"msg_id":384,"type":"broadcast"}}
2024/02/25 18:59:33 Received {c52 n2 {"type":"broadcast","message":375,"msg_id":31}}
2024/02/25 18:59:33 Sent {"src":"n2","dest":"n12","body":{"in_reply_to":384,"type":"broadcast_ok"}}
2024/02/25 18:59:33 Sent {"src":"n2","dest":"c52","body":{"in_reply_to":31,"type":"broadcast_ok"}}
2024/02/25 18:59:33 Received {n12 n2 {"in_reply_to":13,"type":"broadcast_ok"}}
2024/02/25 18:59:33 Received {c52 n2 {"type":"read","msg_id":32}}
2024/02/25 18:59:33 Sent {"src":"n2","dest":"c52","body":{"in_reply_to":32,"messages":[173,261,285,312,21,49,175,297,67,119,221,174,263,326,329,3,16,164,80,129,264,208,266,352,20,31,121,321,301,189,255,276,271,302,310,55,98,115,195,311,122,155,161,199,187,15,91,103,210,256,282,294,349,58,107,191,230,72,25,94,79,106,110,328,341,17,46,60,305,338,185,188,289,313,343,88,257,288,251,258,333,14,28,249,244,96,143,215,172,167,200,50,90,148,186,212,213,290,350,18,12,159,273,70,86,190,149,165,223,238,259,7,19,71,296,345,56,133,242,262,35,130,154,84,168,225,253,38,64,57,145,334,36,76,111,336,303,306,144,178,181,248,300,287,104,193,198,158,196,293,22,81,126,363,113,151,201,332,375,83,114,134,176,216,202,229,228,39,85,192,322,226,1,33,116,140,197,236,231,233,30,40,82,291,351,6,179,204,316,0,92,93,74,160,101,139,246,247,267,2,37,29,304,224,324,207,218,325,330,32,62,109,347,9,75,136,127,48,24,61,131,152,180,183,270,42,69,108,272,295,319,44,163,219,120,298,11,34,100,250,342,47,137,138,239,237,280,150,177,171,95,124,240,4,59,78,234,252,281,327,344,41,153,217,99,309,348,23,73,105,254,51,65,194,268,292,323,135,123,235,209,243,269,340,117,146,169,265,284,299,356,27,118,132,318,142,205,241,222,307,141,157,184,89,102,227,314,315,52,63,147,335,26,128,331,337,45,125,203,54,77,220,245,260,283,274,279,170,182,206,286,346,43,87,112,156,214,5,8,13,320,339,232,277,275,162,278,308,10,66,166,211,317,68,53,97],"type":"read_ok"}}
2024/02/25 18:59:33 Sent {"src":"n2","dest":"n12","body":{"messages":[375],"msg_id":14,"type":"broadcast"}}
2024/02/25 18:59:34 Received {n12 n2 {"messages":[360,370,358,371,359,354,364,361,369,355,365,362,366,367,373,353,372,357,368],"msg_id":401,"type":"broadcast"}}
2024/02/25 18:59:34 Received {c52 n2 {"type":"broadcast","message":400,"msg_id":33}}
2024/02/25 18:59:34 Sent {"src":"n2","dest":"n12","body":{"in_reply_to":401,"type":"broadcast_ok"}}
2024/02/25 18:59:34 Sent {"src":"n2","dest":"c52","body":{"in_reply_to":33,"type":"broadcast_ok"}}
2024/02/25 18:59:34 Received {n12 n2 {"in_reply_to":14,"type":"broadcast_ok"}}
2024/02/25 18:59:34 Received {c52 n2 {"type":"broadcast","message":418,"msg_id":34}}
2024/02/25 18:59:34 Sent {"src":"n2","dest":"c52","body":{"in_reply_to":34,"type":"broadcast_ok"}}
2024/02/25 18:59:34 Sent {"src":"n2","dest":"n12","body":{"messages":[400,418],"msg_id":15,"type":"broadcast"}}
2024/02/25 18:59:34 Received {n12 n2 {"messages":[387,397,376,378,389,390,379,393,377,384,374,391,386,381,383,396,382,395,380,394,388,385,392,424],"msg_id":414,"type":"broadcast"}}
2024/02/25 18:59:34 Sent {"src":"n2","dest":"n12","body":{"in_reply_to":414,"type":"broadcast_ok"}}
2024/02/25 18:59:34 Received {n12 n2 {"in_reply_to":15,"type":"broadcast_ok"}}
2024/02/25 18:59:34 Received {c52 n2 {"type":"broadcast","message":432,"msg_id":35}}
2024/02/25 18:59:34 Sent {"src":"n2","dest":"c52","body":{"in_reply_to":35,"type":"broadcast_ok"}}
2024/02/25 18:59:34 Received {c52 n2 {"type":"broadcast","message":447,"msg_id":36}}
2024/02/25 18:59:34 Sent {"src":"n2","dest":"c52","body":{"in_reply_to":36,"type":"broadcast_ok"}}
2024/02/25 18:59:34 Sent {"src":"n2","dest":"n12","body":{"messages":[432,447],"msg_id":16,"type":"broadcast"}}
2024/02/25 18:59:35 Received {n12 n2 {"messages":[398,414,409,411,404,421,412,419,401,403,420,399,415,416,402,410,405,425,423,422,406,407,413,417,408],"msg_id":447,"type":"broadcast"}}
2024/02/25 18:59:35 Sent {"src":"n2","dest":"n12","body":{"in_reply_to":447,"type":"broadcast_ok"}}
2024/02/25 18:59:35 Received {n12 n2 {"in_reply_to":16,"type":"broadcast_ok"}}
2024/02/25 18:59:35 Received {c52 n2 {"type":"read","msg_id":37}}
2024/02/25 18:59:35 Sent {"src":"n2","dest":"c52","body":{"in_reply_to":37,"messages":[389,419,45,77,220,405,54,182,206,245,260,346,397,13,112,5,320,339,360,162,308,383,407,166,53,49,285,312,21,119,221,297,370,174,326,329,359,379,264,31,20,255,276,376,189,271,302,155,161,400,410,91,15,107,210,282,294,349,58,25,60,341,355,367,388,46,289,305,338,354,424,185,313,251,249,143,374,420,425,96,90,148,167,200,406,50,159,186,212,290,350,18,418,86,19,71,149,238,296,345,7,242,369,133,262,35,84,64,111,145,76,306,144,193,248,104,158,196,391,403,151,363,415,113,114,83,85,192,229,39,33,116,364,1,40,82,236,231,233,30,372,291,6,316,387,0,160,37,29,101,139,246,2,304,324,224,109,218,325,330,32,347,9,127,394,48,69,131,270,42,163,272,295,319,386,44,120,250,171,239,280,150,95,240,217,281,344,41,105,99,309,348,366,51,123,146,209,118,284,299,27,241,318,157,307,141,63,331,335,26,125,203,337,381,377,283,274,279,170,385,286,8,43,87,156,214,277,275,353,232,66,278,421,10,97,211,317,68,175,173,261,401,67,16,164,263,3,129,378,393,80,121,208,266,352,396,321,301,98,115,310,55,195,311,122,362,382,416,199,103,187,390,191,256,412,94,230,402,413,72,79,106,110,328,17,188,257,288,343,365,423,88,28,258,333,14,244,215,380,172,213,414,12,190,273,70,223,259,165,56,154,130,57,168,225,253,38,334,36,178,181,336,303,198,300,287,395,447,81,126,293,358,22,201,134,332,375,176,216,202,228,322,226,140,197,351,357,179,204,92,93,371,74,247,267,399,62,207,368,136,422,75,24,61,108,152,180,183,398,373,417,219,34,100,298,404,11,137,138,342,47,177,237,59,78,124,4,234,252,327,408,153,73,23,65,194,254,361,392,235,268,292,323,409,411,135,169,243,269,340,384,117,132,265,356,205,432,142,184,222,102,227,89,147,314,315,52,128],"type":"read_ok"}}
2024/02/25 18:59:35 Received {n12 n2 {"messages":[445,452,440,436,427,442,433,430,437,438,431,446,429,444,426,441,428,443,439,434,435,462],"msg_id":468,"type":"broadcast"}}
2024/02/25 18:59:35 Received {c52 n2 {"type":"read","msg_id":38}}
2024/02/25 18:59:35 Sent {"src":"n2","dest":"n12","body":{"in_reply_to":468,"type":"broadcast_ok"}}
2024/02/25 18:59:35 Sent {"src":"n2","dest":"c52","body":{"in_reply_to":38,"messages":[86,418,7,19,71,149,238,296,345,133,242,369,35,262,64,84,76,111,145,144,306,104,193,248,158,196,391,403,437,113,151,363,415,83,114,446,39,85,192,229,428,1,33,116,364,30,40,82,236,231,233,291,372,6,0,316,387,160,2,37,29,101,139,246,304,224,324,32,109,218,325,330,9,347,48,127,394,42,69,131,270,44,163,272,295,319,386,120,250,150,171,239,280,95,240,41,217,281,344,452,105,99,309,348,366,51,123,441,146,209,27,118,284,299,241,318,141,157,307,427,63,26,331,335,125,203,337,381,377,435,170,283,274,279,286,385,8,43,87,156,214,232,277,275,353,10,66,278,421,68,97,211,317,175,173,261,401,67,3,16,164,263,462,80,129,378,393,121,208,266,352,396,321,301,445,55,98,115,310,122,195,311,439,199,362,382,416,103,187,390,436,426,191,256,412,433,72,94,230,402,413,17,79,106,110,328,188,88,257,288,343,365,423,14,28,258,333,215,244,430,172,380,12,213,414,70,190,273,165,223,259,56,130,154,38,57,168,225,253,36,334,178,181,336,303,198,300,287,395,447,22,81,126,293,358,201,134,332,375,176,216,202,228,322,226,140,197,351,357,179,204,92,93,74,371,438,247,267,399,62,207,368,75,136,422,24,61,429,108,152,180,183,373,398,219,417,11,34,100,298,404,47,137,138,342,443,177,237,4,59,78,124,153,234,252,327,408,23,73,65,194,254,361,392,135,235,268,292,323,409,411,117,169,243,269,340,384,440,132,265,356,142,205,432,184,222,89,102,227,442,52,147,314,315,128,431,45,389,419,54,77,220,405,434,182,206,245,260,346,397,5,13,112,320,339,360,166,162,308,383,407,53,21,49,285,312,119,221,297,370,174,326,329,359,379,264,20,31,189,255,276,376,271,302,155,161,400,410,15,91,58,107,210,282,294,349,25,46,60,341,355,367,388,185,289,305,338,354,424,313,249,251,444,96,143,374,420,425,50,90,148,167,200,406,18,159,186,212,290,350],"type":"read_ok"}}
2024/02/25 18:59:35 Received {c52 n2 {"type":"read","msg_id":39}}
2024/02/25 18:59:35 Sent {"src":"n2","dest":"c52","body":{"in_reply_to":39,"messages":[406,50,90,148,167,200,350,18,159,186,212,290,86,418,296,345,7,19,71,149,238,133,242,369,35,262,64,84,76,111,145,144,306,104,193,248,158,196,391,403,437,113,151,363,415,83,114,446,39,85,192,229,428,1,33,116,364,233,291,372,30,40,82,236,231,6,0,316,387,160,246,304,2,37,29,101,139,224,324,32,109,218,325,330,9,347,48,127,394,42,69,131,270,386,44,163,272,295,319,120,250,150,171,239,280,95,240,41,217,281,344,452,105,99,309,348,366,51,123,441,146,209,27,118,284,299,241,318,141,157,307,427,63,26,331,335,381,125,203,337,377,435,283,274,279,170,286,385,156,214,8,43,87,353,232,277,275,10,66,278,421,68,97,211,317,401,175,173,261,67,3,16,164,263,462,80,129,378,393,352,396,121,208,266,321,301,445,310,55,98,115,122,195,311,439,199,362,382,416,103,187,390,436,426,191,256,412,433,72,94,230,402,413,17,79,106,110,328,188,423,88,257,288,343,365,14,28,258,333,215,244,430,172,380,12,213,414,70,190,273,165,223,259,56,130,154,38,57,168,225,253,36,334,178,181,336,303,198,300,287,395,447,22,81,126,293,358,201,134,332,375,176,216,202,228,322,226,140,197,351,357,179,204,92,93,74,371,438,247,267,399,62,207,368,75,136,422,24,61,429,398,108,152,180,183,373,219,417,11,34,100,298,404,47,137,138,342,443,177,237,4,59,78,124,153,234,252,327,408,23,73,65,194,254,361,392,409,411,135,235,268,292,323,384,440,117,169,243,269,340,132,265,356,142,205,432,184,222,89,102,227,442,52,147,314,315,128,431,419,45,389,54,77,220,405,434,182,206,245,260,346,397,112,5,13,360,320,339,166,162,308,383,407,53,285,312,21,49,119,221,297,370,174,326,329,359,379,264,20,31,189,255,276,376,271,302,155,161,400,410,15,91,349,58,107,210,282,294,25,388,46,60,341,355,367,424,185,289,305,338,354,313,249,251,444,96,143,374,420,425],"type":"read_ok"}}
2024/02/25 18:59:35 Received {c52 n2 {"type":"read","msg_id":40}}
2024/02/25 18:59:35 Sent {"src":"n2","dest":"c52","body":{"in_reply_to":40,"messages":[410,15,91,58,107,210,282,294,349,25,46,60,341,355,367,388,185,289,305,338,354,424,313,249,251,444,96,143,374,420,425,50,90,148,167,200,406,18,159,186,212,290,350,86,418,7,19,71,149,238,296,345,133,242,369,35,262,64,84,76,111,145,144,306,104,193,248,158,196,391,403,437,113,151,363,415,83,114,446,39,85,192,229,428,1,33,116,364,30,40,82,236,231,233,291,372,6,0,316,387,160,2,37,29,101,139,246,304,224,324,32,109,218,325,330,9,347,48,127,394,42,69,131,270,44,163,272,295,319,386,120,250,150,171,239,280,95,240,41,217,281,344,452,105,99,309,348,366,51,123,441,146,209,27,118,284,299,241,318,141,157,307,427,63,26,331,335,125,203,337,381,377,435,170,283,274,279,286,385,8,43,87,156,214,232,277,275,353,10,66,278,421,68,97,211,317,175,173,261,401,67,3,16,164,263,462,80,129,378,393,121,208,266,352,396,321,301,445,55,98,115,310,122,195,311,439,199,362,382,416,103,187,390,436,426,191,256,412,433,72,94,230,402,413,17,79,106,110,328,188,88,257,288,343,365,423,14,28,258,333,215,244,430,172,380,12,213,414,70,190,273,165,223,259,56,130,154,38,57,168,225,253,36,334,178,181,336,303,198,300,287,395,447,22,81,126,293,358,201,134,332,375,176,216,202,228,322,226,140,197,351,357,179,204,92,93,74,371,438,247,267,399,62,207,368,75,136,422,24,61,429,108,152,180,183,373,398,219,417,11,34,100,298,404,47,137,138,342,443,177,237,4,59,78,124,153,234,252,327,408,23,73,65,194,254,361,392,135,235,268,292,323,409,411,117,169,243,269,340,384,440,132,265,356,142,205,432,184,222,89,102,227,442,52,147,314,315,128,431,45,389,419,54,77,220,405,434,182,206,245,260,346,397,5,13,112,320,339,360,166,162,308,383,407,53,21,49,285,312,119,221,297,370,174,326,329,359,379,264,20,31,189,255,276,376,271,302,155,161,400],"type":"read_ok"}}
2024/02/25 18:59:36 Received {n12 n2 {"messages":[456,468,466,469,450,457,458,449,460,451,454,461,459,463,453,464,455,467,465,448,470],"msg_id":488,"type":"broadcast"}}
2024/02/25 18:59:36 Sent {"src":"n2","dest":"n12","body":{"in_reply_to":488,"type":"broadcast_ok"}}
2024/02/25 18:59:36 Received {c52 n2 {"type":"broadcast","message":513,"msg_id":41}}
2024/02/25 18:59:36 Sent {"src":"n2","dest":"c52","body":{"in_reply_to":41,"type":"broadcast_ok"}}
2024/02/25 18:59:36 Sent {"src":"n2","dest":"n12","body":{"messages":[513],"msg_id":17,"type":"broadcast"}}
2024/02/25 18:59:36 Received {n12 n2 {"messages":[483,496,507,477,490,482,494,473,487,501,486,476,489,471,498,499,493,478,491,475,488,480,492,481,472,485,500,484,479,495,497,474,519],"msg_id":505,"type":"broadcast"}}
2024/02/25 18:59:36 Received {c52 n2 {"type":"read","msg_id":42}}
2024/02/25 18:59:36 Sent {"src":"n2","dest":"n12","body":{"in_reply_to":505,"type":"broadcast_ok"}}
2024/02/25 18:59:36 Sent {"src":"n2","dest":"c52","body":{"in_reply_to":42,"messages":[263,462,3,16,164,393,495,80,129,378,352,396,121,208,266,321,301,445,310,55,98,115,439,122,195,311,416,199,362,382,436,426,103,187,390,433,191,256,412,402,413,72,94,230,110,328,485,17,79,106,188,477,343,365,423,88,257,288,333,14,28,258,215,244,430,172,380,12,213,414,70,190,273,165,223,259,56,130,154,498,225,253,38,57,168,36,334,497,303,178,181,336,395,447,198,300,287,293,358,22,81,126,201,486,134,332,375,228,322,176,216,202,226,357,468,451,140,197,351,179,204,92,93,74,371,438,464,247,267,399,454,501,479,62,207,368,75,136,422,24,61,429,183,373,398,108,152,180,219,417,483,298,404,471,11,34,100,342,443,47,137,138,177,237,507,124,482,4,59,78,327,408,519,153,234,252,23,73,459,361,392,488,65,194,254,292,323,409,411,135,235,268,269,340,384,440,494,117,169,243,478,132,265,356,469,142,205,432,184,222,442,89,102,227,315,52,147,314,128,431,513,45,389,419,405,434,54,77,220,260,346,397,182,206,245,320,339,360,470,5,13,112,383,407,166,162,308,53,467,312,21,49,285,370,475,119,221,297,359,379,499,174,326,329,264,500,20,31,449,376,189,255,276,271,302,472,155,161,400,410,466,489,481,15,91,473,282,294,349,58,107,210,25,355,367,388,46,60,341,338,354,424,185,289,305,313,249,251,444,420,425,453,480,96,143,374,167,200,406,50,90,148,212,290,350,18,159,186,86,418,149,238,296,345,7,19,71,457,133,242,369,35,262,64,84,76,111,145,144,306,104,193,248,403,437,492,158,196,391,415,493,113,151,363,83,114,446,229,428,465,39,85,192,364,1,33,116,236,231,233,291,372,30,40,82,6,455,0,316,387,160,101,139,246,304,2,37,29,224,324,325,330,32,109,218,9,347,458,460,48,127,394,270,476,42,69,131,295,319,386,44,163,272,120,450,250,461,280,150,171,239,95,240,344,452,41,217,281,348,366,474,105,99,309,51,123,441,146,209,456,299,463,448,27,118,284,241,318,141,157,307,427,63,496,26,331,335,381,487,125,203,337,377,435,279,286,385,491,170,283,274,156,214,232,277,275,8,43,87,353,421,10,66,278,317,490,484,68,97,211,401,175,173,261,67],"type":"read_ok"}}
2024/02/25 18:59:36 Received {n12 n2 {"in_reply_to":17,"type":"broadcast_ok"}}
2024/02/25 18:59:36 Received {c52 n2 {"type":"broadcast","message":544,"msg_id":43}}
2024/02/25 18:59:36 Sent {"src":"n2","dest":"c52","body":{"in_reply_to":43,"type":"broadcast_ok"}}
2024/02/25 18:59:36 Sent {"src":"n2","dest":"n12","body":{"messages":[544],"msg_id":18,"type":"broadcast"}}
2024/02/25 18:59:37 Received {n12 n2 {"messages":[522,512,524,514,503,516,533,526,505,517,508,502,527,520,510,523,504,511,506,518,525,515,509,521],"msg_id":536,"type":"broadcast"}}
2024/02/25 18:59:37 Received {c52 n2 {"type":"broadcast","message":554,"msg_id":44}}
2024/02/25 18:59:37 Sent {"src":"n2","dest":"n12","body":{"in_reply_to":536,"type":"broadcast_ok"}}
2024/02/25 18:59:37 Sent {"src":"n2","dest":"c52","body":{"in_reply_to":44,"type":"broadcast_ok"}}
2024/02/25 18:59:37 Received {n12 n2 {"in_reply_to":18,"type":"broadcast_ok"}}
2024/02/25 18:59:37 Received {c52 n2 {"type":"read","msg_id":45}}
2024/02/25 18:59:37 Sent {"src":"n2","dest":"c52","body":{"in_reply_to":45,"messages":[17,79,106,110,328,485,188,477,88,257,288,343,365,423,14,28,258,333,215,244,430,172,380,12,213,414,70,190,273,165,223,259,533,56,130,154,498,523,38,57,168,225,253,504,36,334,497,178,181,336,303,198,300,287,395,447,22,81,126,293,358,512,201,486,134,332,375,517,509,176,216,202,228,322,226,140,197,351,357,468,451,179,204,92,93,74,371,438,247,267,399,464,454,501,62,207,368,479,75,136,422,24,61,429,516,108,152,180,183,373,398,219,417,483,11,34,100,298,404,471,47,137,138,342,443,177,237,507,4,59,78,124,482,153,234,252,327,408,519,23,73,459,65,194,254,361,392,488,135,235,268,292,323,409,411,117,169,243,269,340,384,440,494,478,544,132,265,356,502,142,205,432,469,184,222,89,102,227,442,52,147,314,315,128,431,513,45,389,419,54,77,220,405,434,508,182,206,245,260,346,397,5,13,112,320,339,360,470,166,162,308,383,407,53,467,21,49,285,312,119,221,297,370,475,506,174,326,329,359,379,499,264,500,20,31,449,189,255,276,376,271,302,155,161,400,472,410,466,15,91,473,489,481,524,58,107,210,282,294,349,518,25,46,60,341,355,367,388,185,289,305,338,354,424,313,249,251,444,96,143,374,420,425,453,480,510,50,90,148,167,200,406,18,159,186,212,290,350,554,86,418,7,19,71,149,238,296,345,133,242,369,457,35,262,64,84,514,76,111,145,144,306,104,193,248,158,196,391,403,437,492,113,151,363,415,493,83,114,446,39,85,192,229,428,465,1,33,116,364,30,40,82,236,231,233,291,372,6,0,316,387,455,160,2,37,29,101,139,246,304,224,324,32,109,218,325,330,9,347,48,127,394,458,460,42,69,131,270,476,44,163,272,295,319,386,520,120,450,250,461,527,511,521,150,171,239,280,95,240,526,41,217,281,344,452,105,99,309,348,366,474,51,123,441,146,209,456,525,27,118,284,299,463,448,241,318,141,157,307,427,63,496,26,331,335,125,203,337,381,487,377,435,170,283,274,279,286,385,491,8,43,87,156,214,232,277,275,353,10,66,278,421,503,505,68,97,211,317,490,484,515,175,173,261,401,67,522,3,16,164,263,462,80,129,378,393,495,121,208,266,352,396,321,301,445,55,98,115,310,122,195,311,439,199,362,382,416,103,187,390,436,426,191,256,412,433,72,94,230,402,413],"type":"read_ok"}}
2024/02/25 18:59:37 Sent {"src":"n2","dest":"n12","body":{"messages":[554],"msg_id":19,"type":"broadcast"}}
2024/02/25 18:59:37 Received {n12 n2 {"messages":[550,536,540,530,537,551,528,545,542,534,539,531,548,538,543,535,529,546,532,549,547,541,562,573],"msg_id":570,"type":"broadcast"}}
2024/02/25 18:59:37 Received {c52 n2 {"type":"broadcast","message":580,"msg_id":46}}
2024/02/25 18:59:37 Sent {"src":"n2","dest":"n12","body":{"in_reply_to":570,"type":"broadcast_ok"}}
2024/02/25 18:59:37 Sent {"src":"n2","dest":"c52","body":{"in_reply_to":46,"type":"broadcast_ok"}}
2024/02/25 18:59:37 Received {n12 n2 {"in_reply_to":19,"type":"broadcast_ok"}}
2024/02/25 18:59:37 Received {c52 n2 {"type":"broadcast","message":593,"msg_id":47}}
2024/02/25 18:59:37 Sent {"src":"n2","dest":"c52","body":{"in_reply_to":47,"type":"broadcast_ok"}}
2024/02/25 18:59:37 Sent {"src":"n2","dest":"n12","body":{"messages":[580,593],"msg_id":20,"type":"broadcast"}}
2024/02/25 18:59:38 Received {n12 n2 {"messages":[564,556,555,559,560,558,571,553,569,552,568,567,566,561,565,574,557,570,572,563],"msg_id":586,"type":"broadcast"}}
2024/02/25 18:59:38 Sent {"src":"n2","dest":"n12","body":{"in_reply_to":586,"type":"broadcast_ok"}}
2024/02/25 18:59:38 Received {n12 n2 {"in_reply_to":20,"type":"broadcast_ok"}}
2024/02/25 18:59:38 Received {c52 n2 {"type":"read","msg_id":48}}
2024/02/25 18:59:38 Sent {"src":"n2","dest":"c52","body":{"in_reply_to":48,"messages":[221,297,370,475,506,119,326,329,359,379,499,556,174,500,264,31,449,574,20,255,276,376,546,189,302,548,271,161,400,472,538,155,466,410,91,473,489,481,524,15,107,210,282,294,349,518,58,563,25,60,341,355,367,388,46,289,305,338,354,424,185,313,251,444,249,143,374,420,425,453,480,510,96,90,148,167,200,406,542,573,50,159,186,212,290,350,554,18,418,86,19,71,149,238,296,345,580,7,242,369,457,536,133,262,35,84,514,64,111,145,76,306,551,144,193,248,104,196,391,403,437,492,557,158,151,363,415,493,531,113,114,446,83,85,192,229,428,465,39,33,116,364,1,40,82,236,231,233,291,372,30,6,316,387,455,566,0,540,572,160,37,29,101,139,246,304,2,324,224,109,218,325,330,32,347,550,564,9,127,394,458,460,48,69,131,270,476,547,42,163,272,295,319,386,520,44,450,120,461,527,511,521,552,567,250,171,239,280,150,240,526,95,217,281,344,452,41,99,309,348,366,474,541,105,51,441,123,209,456,525,146,118,284,299,463,448,593,27,318,241,157,307,141,427,496,63,331,335,26,203,337,381,487,125,435,377,283,274,279,286,385,491,570,170,43,87,156,214,232,277,275,8,353,66,278,421,503,505,10,97,211,317,490,484,515,535,68,173,261,401,537,175,522,67,16,164,263,462,529,562,3,129,378,393,495,80,208,266,352,396,121,301,445,534,321,98,115,310,55,195,311,439,122,362,382,416,199,187,390,436,426,103,256,412,433,530,191,94,230,402,413,72,79,106,110,328,485,569,17,477,188,257,288,343,365,423,549,88,28,258,333,14,244,430,568,215,380,539,172,213,414,12,190,273,558,70,223,259,533,165,56,154,498,523,130,57,168,225,253,504,38,334,497,543,36,181,336,303,178,300,287,395,447,198,81,126,293,358,512,561,22,486,201,332,375,517,509,134,216,202,228,322,176,226,197,351,357,468,451,140,204,179,93,92,371,438,74,267,399,464,247,501,454,207,368,479,62,136,422,75,61,429,516,24,152,180,183,373,398,565,108,417,483,219,34,100,298,404,471,11,137,138,342,443,47,237,507,177,59,78,124,482,4,234,252,327,408,519,153,73,459,23,194,254,361,392,488,545,65,235,268,292,323,409,411,553,135,169,243,269,340,384,440,494,117,544,478,265,356,502,560,132,205,432,469,555,142,222,184,102,227,442,89,147,314,315,52,431,513,532,128,389,419,45,77,220,405,434,508,528,571,54,206,245,260,346,397,182,13,112,320,339,360,470,5,162,308,383,407,166,467,53,49,285,312,559,21],"type":"read_ok"}}
2024/02/25 18:59:38 Received {c52 n2 {"type":"broadcast","message":617,"msg_id":49}}
2024/02/25 18:59:38 Sent {"src":"n2","dest":"c52","body":{"in_reply_to":49,"type":"broadcast_ok"}}
2024/02/25 18:59:38 Sent {"src":"n2","dest":"n12","body":{"messages":[617],"msg_id":21,"type":"broadcast"}}
2024/02/25 18:59:38 Received {n12 n2 {"messages":[587,600,578,575,588,584,582,595,583,581,594,598,592,597,577,586,591,585,599,579,590,596,576,589,610],"msg_id":611,"type":"broadcast"}}
2024/02/25 18:59:38 Sent {"src":"n2","dest":"n12","body":{"in_reply_to":611,"type":"broadcast_ok"}}
2024/02/25 18:59:38 Received {n12 n2 {"in_reply_to":21,"type":"broadcast_ok"}}
2024/02/25 18:59:38 Received {c52 n2 {"type":"broadcast","message":635,"msg_id":50}}
2024/02/25 18:59:38 Sent {"src":"n2","dest":"c52","body":{"in_reply_to":50,"type":"broadcast_ok"}}
2024/02/25 18:59:38 Sent {"src":"n2","dest":"n12","body":{"messages":[635],"msg_id":22,"type":"broadcast"}}
2024/02/25 18:59:39 Received {n12 n2 {"messages":[602,614,615,624,618,607,619,601,613,606,609,611,605,612,604,616,603,608,638],"msg_id":625,"type":"broadcast"}}
2024/02/25 18:59:39 Received {c52 n2 {"type":"broadcast","message":647,"msg_id":51}}
2024/02/25 18:59:39 Sent {"src":"n2","dest":"n12","body":{"in_reply_to":625,"type":"broadcast_ok"}}
2024/02/25 18:59:39 Sent {"src":"n2","dest":"c52","body":{"in_reply_to":51,"type":"broadcast_ok"}}
2024/02/25 18:59:39 Received {n12 n2 {"in_reply_to":22,"type":"broadcast_ok"}}
2024/02/25 18:59:39 Received {c52 n2 {"type":"read","msg_id":52}}
2024/02/25 18:59:39 Sent {"src":"n2","dest":"c52","body":{"in_reply_to":52,"messages":[343,365,423,549,88,257,288,333,14,28,258,568,594,215,244,430,575,172,380,539,12,213,414,558,70,190,273,533,165,223,259,56,523,130,154,498,225,253,504,38,57,168,543,600,36,334,497,303,178,181,336,395,447,590,198,300,287,293,358,512,561,22,81,126,201,486,517,509,134,332,375,228,322,176,216,202,226,357,468,451,140,197,351,179,204,585,92,93,586,609,74,371,438,464,247,267,399,454,501,479,62,207,368,601,75,136,422,516,24,61,429,183,373,398,565,108,152,180,219,417,483,298,404,471,11,34,100,342,443,47,137,138,177,237,507,124,482,616,4,59,78,327,408,519,588,153,234,252,608,23,73,459,361,392,488,545,65,194,254,292,323,409,411,553,135,235,268,269,340,384,440,494,117,169,243,478,544,502,560,132,265,356,469,555,142,205,432,184,222,442,89,102,227,315,577,52,147,314,532,128,431,513,45,389,419,405,434,508,528,571,54,77,220,260,346,397,182,206,245,320,339,360,470,5,13,112,383,407,166,162,308,53,467,312,559,584,21,49,285,370,475,506,119,221,297,359,379,499,556,592,174,326,329,264,500,574,20,31,449,376,546,189,255,276,271,302,548,472,538,155,161,400,611,410,466,624,489,481,524,15,91,473,282,294,349,518,58,107,210,25,563,355,367,388,587,46,60,341,338,354,424,185,289,305,313,582,599,249,251,444,420,425,453,480,510,96,143,374,167,200,406,542,573,50,90,148,595,212,290,350,554,18,159,186,86,418,149,238,296,345,580,7,19,71,619,457,536,133,242,369,35,262,64,84,514,76,111,145,144,306,551,104,193,248,403,437,492,557,158,196,391,415,493,531,113,151,363,83,114,446,229,428,465,598,39,85,192,364,1,33,116,236,231,233,291,372,30,40,82,6,618,455,566,0,316,387,160,540,572,101,139,246,304,579,2,37,29,224,324,325,330,32,109,218,564,9,347,550,458,460,596,48,127,394,270,476,547,42,69,131,295,319,386,520,44,163,272,120,450,511,521,552,567,250,461,527,280,638,150,171,239,613,95,240,526,344,452,614,41,217,281,348,366,474,541,635,105,99,309,647,51,123,441,610,525,146,209,456,299,463,448,593,583,27,118,284,241,318,576,578,589,141,157,307,427,63,496,26,331,335,381,487,125,203,337,377,435,597,279,286,385,491,570,170,283,274,156,214,232,277,275,8,43,87,353,421,503,505,10,66,278,317,490,484,515,535,68,97,211,617,401,537,581,175,173,261,67,522,263,462,529,562,602,3,16,164,605,393,495,607,80,129,378,352,396,612,121,208,266,534,321,301,445,310,55,98,115,439,122,195,311,416,591,199,362,382,436,426,103,187,390,433,530,191,256,412,402,413,603,72,94,230,110,328,485,569,615,17,79,106,604,188,477,606],"type":"read_ok"}}
2024/02/25 18:59:39 Sent {"src":"n2","dest":"n12","body":{"messages":[647],"msg_id":23,"type":"broadcast"}}
2024/02/25 18:59:39 Received {n12 n2 {"messages":[629,644,642,636,620,622,637,627,641,623,631,625,639,626,640,630,633,634,621,632,628,643,668],"msg_id":662,"type":"broadcast"}}
2024/02/25 18:59:39 Sent {"src":"n2","dest":"n12","body":{"in_reply_to":662,"type":"broadcast_ok"}}
2024/02/25 18:59:39 Received {n12 n2 {"in_reply_to":23,"type":"broadcast_ok"}}
2024/02/25 18:59:39 Received {c52 n2 {"type":"broadcast","message":677,"msg_id":53}}
2024/02/25 18:59:39 Sent {"src":"n2","dest":"c52","body":{"in_reply_to":53,"type":"broadcast_ok"}}
2024/02/25 18:59:39 Sent {"src":"n2","dest":"n12","body":{"messages":[677],"msg_id":24,"type":"broadcast"}}
2024/02/25 18:59:40 Received {n12 n2 {"messages":[652,664,656,648,661,660,655,667,646,659,653,665,654,666,645,658,651,663,649,650,662,657],"msg_id":684,"type":"broadcast"}}
2024/02/25 18:59:40 Received {c52 n2 {"type":"read","msg_id":54}}
2024/02/25 18:59:40 Sent {"src":"n2","dest":"n12","body":{"in_reply_to":684,"type":"broadcast_ok"}}
2024/02/25 18:59:40 Sent {"src":"n2","dest":"c52","body":{"in_reply_to":54,"messages":[144,306,551,640,104,193,248,649,622,158,196,391,403,437,492,557,627,113,151,363,415,493,531,83,114,446,626,39,85,192,229,428,465,598,1,33,116,364,372,30,40,82,236,231,233,291,6,618,0,316,387,455,566,160,540,572,579,2,37,29,101,139,246,304,224,324,32,109,218,325,330,630,677,9,347,550,564,660,48,127,394,458,460,596,652,42,69,131,270,476,547,659,633,44,163,272,295,319,386,520,120,450,250,461,527,511,521,552,567,150,171,239,280,638,95,240,526,613,41,217,281,344,452,614,635,105,99,309,348,366,474,541,647,650,51,641,123,441,610,146,209,456,525,583,27,118,284,299,463,448,593,645,241,318,576,141,157,307,578,589,427,63,496,666,26,331,335,629,125,203,337,381,487,377,435,597,658,657,570,170,283,274,279,286,385,491,625,275,8,43,87,156,214,232,277,353,10,66,278,421,503,505,621,535,68,97,211,317,490,484,515,617,175,173,261,401,537,581,67,522,661,602,3,16,164,263,462,529,562,605,80,129,378,393,495,607,121,208,266,352,396,612,656,321,301,445,534,55,98,115,310,620,122,195,311,439,199,362,382,416,591,103,187,390,436,426,191,256,412,433,530,72,94,230,402,413,603,646,615,17,79,106,110,328,485,569,188,477,606,604,88,257,288,343,365,423,549,14,28,258,333,215,244,430,568,594,172,380,539,575,12,213,414,70,190,273,558,165,223,259,533,642,56,130,154,498,523,38,57,168,225,253,504,36,334,497,543,600,178,181,336,303,663,198,300,287,395,447,590,22,81,126,293,358,512,561,201,486,664,134,332,375,517,509,176,216,202,228,322,226,140,197,351,357,468,451,179,204,585,92,93,586,648,662,74,371,438,609,247,267,399,464,654,454,501,628,62,207,368,479,636,75,136,422,601,665,24,61,429,516,108,152,180,183,373,398,565,219,417,483,639,11,34,100,298,404,471,644,47,137,138,342,443,177,237,507,643,4,59,78,124,482,616,655,153,234,252,327,408,519,588,23,73,459,608,637,65,194,254,361,392,488,545,553,135,235,268,292,323,409,411,494,117,169,243,269,340,384,440,478,544,668,132,265,356,502,560,653,142,205,432,469,555,184,222,89,102,227,442,52,147,314,315,577,128,431,513,532,45,389,419,571,54,77,220,405,434,508,528,182,206,245,260,346,397,5,13,112,320,339,360,470,166,162,308,383,407,53,467,667,21,49,285,312,559,584,119,221,297,370,475,506,592,174,326,329,359,379,499,556,264,500,20,31,449,574,189,255,276,376,546,271,302,548,651,155,161,400,472,538,410,466,624,611,15,91,473,489,481,524,58,107,210,282,294,349,518,25,563,46,60,341,355,367,388,587,185,289,305,338,354,424,313,582,249,251,444,599,510,96,143,374,420,425,453,480,573,50,90,148,167,200,406,542,595,18,159,186,212,290,350,554,86,418,580,7,19,71,149,238,296,345,619,632,634,133,242,369,457,536,623,631,35,262,64,84,514,76,111,145],"type":"read_ok"}}
2024/02/25 18:59:40 Received {n12 n2 {"in_reply_to":24,"type":"broadcast_ok"}}
2024/02/25 18:59:40 Received {c52 n2 {"type":"broadcast","message":701,"msg_id":55}}
2024/02/25 18:59:40 Sent {"src":"n2","dest":"c52","body":{"in_reply_to":55,"type":"broadcast_ok"}}
2024/02/25 18:59:40 Sent {"src":"n2","dest":"n12","body":{"messages":[701],"msg_id":25,"type":"broadcast"}}
2024/02/25 18:59:40 Received {n12 n2 {"messages":[675,679,685,684,673,671,682,670,681,669,680,676,687,688,672,683,689,674,678,686,706],"msg_id":716,"type":"broadcast"}}
2024/02/25 18:59:40 Received {c52 n2 {"type":"broadcast","message":712,"msg_id":56}}
2024/02/25 18:59:40 Sent {"src":"n2","dest":"n12","body":{"in_reply_to":716,"type":"broadcast_ok"}}
2024/02/25 18:59:40 Sent {"src":"n2","dest":"c52","body":{"in_reply_to":56,"type":"broadcast_ok"}}
2024/02/25 18:59:40 Received {n12 n2 {"in_reply_to":25,"type":"broadcast_ok"}}
2024/02/25 18:59:40 Received {c52 n2 {"type":"read","msg_id":57}}
2024/02/25 18:59:40 Sent {"src":"n2","dest":"c52","body":{"in_reply_to":57,"messages":[572,160,540,29,101,139,246,304,579,2,37,224,324,218,325,330,630,677,32,109,550,564,660,9,347,394,458,460,596,652,48,127,131,270,476,547,659,683,42,69,272,295,319,386,520,633,44,163,673,671,670,120,450,527,511,521,552,567,250,461,239,280,638,150,171,526,613,95,240,281,344,452,614,41,217,309,348,366,474,541,635,105,99,647,650,675,51,641,610,123,441,456,525,146,209,284,299,463,448,593,583,27,118,645,576,241,318,307,578,589,141,157,427,666,63,496,335,629,26,331,337,381,487,125,203,597,658,657,377,435,274,279,286,385,491,570,170,283,625,87,156,214,232,277,275,8,43,353,278,421,503,505,621,10,66,211,317,490,484,515,535,68,97,617,261,401,537,581,175,173,661,67,522,164,263,462,529,562,602,3,16,605,378,393,495,607,80,129,266,352,396,612,656,712,121,208,445,534,321,301,115,310,620,678,55,98,311,439,122,195,382,416,591,199,362,390,436,426,103,187,412,433,530,191,256,230,402,413,603,646,72,94,106,110,328,485,569,615,17,79,606,604,188,477,288,343,365,423,549,672,88,257,258,333,14,28,430,568,594,215,244,539,575,172,380,414,12,213,273,558,688,70,190,259,533,642,165,223,56,498,523,130,154,168,225,253,504,38,57,497,543,600,689,36,334,336,303,663,178,181,287,395,447,590,684,198,300,126,293,358,512,561,22,81,664,669,201,486,375,517,509,134,332,202,228,322,701,686,176,216,226,351,357,468,451,140,197,585,179,204,586,648,662,92,93,438,609,74,371,399,464,654,247,267,628,454,501,368,479,636,676,674,62,207,422,601,665,75,136,429,516,24,61,180,183,373,398,565,706,108,152,483,219,417,100,298,404,471,644,639,11,34,681,138,342,443,47,137,507,643,177,237,78,124,482,616,687,4,59,252,327,408,519,588,655,153,234,459,608,637,23,73,254,361,392,488,545,65,194,268,292,323,409,411,553,135,235,243,269,340,384,440,494,117,169,668,478,544,356,502,560,653,132,265,432,469,555,142,205,184,222,227,442,679,89,102,314,315,577,52,147,513,532,128,431,419,682,45,389,220,405,434,508,528,571,54,77,245,260,346,397,182,206,112,320,339,360,470,5,13,308,383,407,166,162,667,53,467,285,312,559,584,21,49,297,370,475,506,119,221,329,359,379,499,556,592,174,326,264,500,449,574,20,31,276,376,546,189,255,548,651,271,302,400,472,538,155,161,624,611,410,466,473,489,481,524,15,91,210,282,294,349,518,58,107,25,563,341,355,367,388,587,46,60,305,338,354,424,680,185,289,313,582,444,599,249,251,374,420,425,453,480,510,96,143,148,167,200,406,542,573,50,90,595,685,186,212,290,350,554,18,159,86,418,71,149,238,296,345,580,7,19,619,632,369,457,536,623,631,634,133,242,35,262,514,64,84,145,76,111,551,640,144,306,248,649,104,193,391,403,437,492,557,622,158,196,627,363,415,493,531,113,151,446,83,114,192,229,428,465,598,626,39,85,116,364,1,33,82,236,231,233,291,372,30,40,6,618,387,455,566,0,316],"type":"read_ok"}}
2024/02/25 18:59:40 Sent {"src":"n2","dest":"n12","body":{"messages":[712],"msg_id":26,"type":"broadcast"}}
2024/02/25 18:59:41 Received {n12 n2 {"messages":[699,698,692,690,702,693,705,700,694,708,703,695,707,696,709,704,691,697],"msg_id":741,"type":"broadcast"}}
2024/02/25 18:59:41 Sent {"src":"n2","dest":"n12","body":{"in_reply_to":741,"type":"broadcast_ok"}}
2024/02/25 18:59:41 Received {n12 n2 {"in_reply_to":26,"type":"broadcast_ok"}}
2024/02/25 18:59:41 Received {c52 n2 {"type":"read","msg_id":58}}
2024/02/25 18:59:41 Sent {"src":"n2","dest":"c52","body":{"in_reply_to":58,"messages":[28,258,333,704,14,244,430,568,594,215,380,539,575,172,213,414,696,12,190,273,558,688,70,223,259,533,642,165,56,154,498,523,130,57,168,225,253,504,38,334,497,543,600,689,36,181,336,303,663,698,705,178,300,287,395,447,590,684,198,81,126,293,358,512,561,22,486,664,669,201,332,375,517,509,134,216,202,228,322,701,686,176,226,197,351,357,468,451,140,204,585,179,93,586,648,662,92,371,438,609,74,267,399,464,654,247,501,628,454,207,368,479,636,676,674,691,62,136,422,601,665,75,61,429,516,24,152,180,183,373,398,565,706,108,417,483,219,34,100,298,404,471,644,639,11,681,137,138,342,443,47,237,507,643,177,59,78,124,482,616,687,4,234,252,327,408,519,588,655,153,73,459,608,637,23,194,254,361,392,488,545,65,235,268,292,323,409,411,553,135,700,169,243,269,340,384,440,494,117,544,668,478,265,356,502,560,653,132,205,432,469,555,142,222,184,102,227,442,679,89,147,314,315,577,52,431,513,532,128,389,419,682,45,77,220,405,434,508,528,571,54,695,206,245,260,346,397,182,13,112,320,339,360,470,5,162,308,383,407,166,467,667,53,49,285,312,559,584,21,221,297,370,475,506,119,326,329,359,379,499,556,592,174,500,264,31,449,574,708,20,255,276,376,546,189,302,548,651,271,161,400,472,538,155,466,624,611,410,91,473,489,481,524,15,107,210,282,294,349,518,58,563,25,60,341,355,367,388,587,46,289,305,338,354,424,680,185,582,313,251,444,599,699,249,143,374,420,425,453,480,510,96,90,148,167,200,406,542,573,50,685,595,159,186,212,290,350,554,18,418,86,19,71,149,238,296,345,580,7,632,707,619,242,369,457,536,623,631,634,133,694,262,35,84,514,64,111,145,76,306,551,640,144,193,248,649,709,104,196,391,403,437,492,557,622,158,627,151,363,415,493,531,113,114,446,83,85,192,229,428,465,598,626,39,33,116,364,1,40,82,236,231,233,291,372,30,618,6,316,387,455,566,693,0,540,572,160,37,29,101,139,246,304,579,2,324,224,109,218,325,330,630,677,32,347,550,564,660,9,127,394,458,460,596,652,48,69,131,270,476,547,659,683,42,163,272,295,319,386,520,633,44,671,673,450,670,120,461,527,511,521,552,567,250,171,239,280,638,150,240,526,613,95,217,281,344,452,614,41,99,309,348,366,474,541,635,105,650,647,641,675,51,441,610,123,209,456,525,146,118,284,299,463,448,593,583,27,645,318,576,241,157,307,578,589,692,141,427,496,666,702,63,331,335,629,26,203,337,381,487,125,435,597,658,657,377,283,274,279,286,385,491,570,170,625,43,87,156,214,232,277,275,8,353,66,278,421,503,505,621,10,97,211,317,490,484,515,535,68,617,173,261,401,537,581,175,522,661,67,16,164,263,462,529,562,602,3,605,129,378,393,495,607,80,208,266,352,396,612,656,712,121,301,445,534,703,321,98,115,310,620,678,55,195,311,439,122,362,382,416,591,199,187,390,436,426,690,697,103,256,412,433,530,191,94,230,402,413,603,646,72,79,106,110,328,485,569,615,17,477,606,604,188,257,288,343,365,423,549,672,88],"type":"read_ok"}}
2024/02/25 18:59:41 Received {n12 n2 {"messages":[723,722,717,713,716,726,714,718,728,727,720,711,719,710,724,715,725,721,742],"msg_id":756,"type":"broadcast"}}
2024/02/25 18:59:41 Received {c52 n2 {"type":"read","msg_id":59}}
2024/02/25 18:59:41 Sent {"src":"n2","dest":"n12","body":{"in_reply_to":756,"type":"broadcast_ok"}}
2024/02/25 18:59:41 Sent {"src":"n2","dest":"c52","body":{"in_reply_to":59,"messages":[711,48,127,394,458,460,596,652,683,42,69,131,270,476,547,659,721,633,44,163,272,295,319,386,520,673,671,120,450,670,250,461,527,511,521,552,567,150,171,239,280,638,95,240,526,613,710,41,217,281,344,452,614,635,105,99,309,348,366,474,541,647,650,51,641,675,123,441,610,727,146,209,456,525,583,27,118,284,299,463,448,593,645,241,318,576,141,157,307,578,589,692,716,427,719,63,496,666,702,26,331,335,629,125,203,337,381,487,377,435,597,658,657,570,170,283,274,279,286,385,491,625,275,8,43,87,156,214,232,277,353,10,66,278,421,503,505,621,535,68,97,211,317,490,484,515,617,175,173,261,401,537,581,67,522,661,717,602,3,16,164,263,462,529,562,605,80,129,378,393,495,607,712,121,208,266,352,396,612,656,321,301,445,534,703,55,98,115,310,620,678,122,195,311,439,199,362,382,416,591,103,187,390,436,426,690,697,191,256,412,433,530,72,94,230,402,413,603,646,615,17,79,106,110,328,485,569,188,477,606,604,672,88,257,288,343,365,423,549,14,28,258,333,704,215,244,430,568,594,728,172,380,539,575,12,213,414,696,713,70,190,273,558,688,165,223,259,533,642,56,130,154,498,523,714,38,57,168,225,253,504,36,334,497,543,600,689,178,181,336,303,663,698,705,198,300,287,395,447,590,684,22,81,126,293,358,512,561,201,486,664,669,134,332,375,517,509,176,216,202,228,322,701,686,226,140,197,351,357,468,451,179,204,585,92,93,586,648,662,74,371,438,609,247,267,399,464,654,454,501,628,691,62,207,368,479,636,676,674,742,75,136,422,601,665,24,61,429,516,706,108,152,180,183,373,398,565,219,417,483,639,11,34,100,298,404,471,644,681,47,137,138,342,443,177,237,507,643,4,59,78,124,482,616,687,655,153,234,252,327,408,519,588,23,73,459,608,637,65,194,254,361,392,488,545,553,135,235,268,292,323,409,411,700,725,494,117,169,243,269,340,384,440,478,544,668,132,265,356,502,560,653,142,205,432,469,555,184,222,89,102,227,442,679,52,147,314,315,577,128,431,513,532,45,389,419,682,571,54,77,220,405,434,508,528,695,182,206,245,260,346,397,5,13,112,320,339,360,470,166,162,308,383,407,53,467,667,21,49,285,312,559,584,119,221,297,370,475,506,592,174,326,329,359,379,499,556,264,500,20,31,449,574,708,189,255,276,376,546,271,302,548,651,155,161,400,472,538,410,466,624,611,15,91,473,489,481,524,58,107,210,282,294,349,518,25,563,46,60,341,355,367,388,587,723,185,289,305,338,354,424,680,313,582,249,251,444,599,699,510,96,143,374,420,425,453,480,573,50,90,148,167,200,406,542,595,685,720,726,18,159,186,212,290,350,554,86,418,580,7,19,71,149,238,296,345,619,632,707,715,634,133,242,369,457,536,623,631,694,35,262,64,84,514,76,111,145,144,306,551,640,104,193,248,649,709,622,158,196,391,403,437,492,557,627,113,151,363,415,493,531,83,114,446,626,39,85,192,229,428,465,598,1,33,116,364,372,30,40,82,236,231,233,291,6,618,0,316,387,455,566,693,160,540,572,579,2,37,29,101,139,246,304,224,324,722,718,32,109,218,325,330,630,677,9,347,550,564,660,724],"type":"read_ok"}}
2024/02/25 18:59:41 Received {c52 n2 {"type":"broadcast","message":768,"msg_id":60}}
2024/02/25 18:59:41 Sent {"src":"n2","dest":"c52","body":{"in_reply_to":60,"type":"broadcast_ok"}}
2024/02/25 18:59:41 Sent {"src":"n2","dest":"n12","body":{"messages":[768],"msg_id":27,"type":"broadcast"}}
2024/02/25 18:59:42 Received {n12 n2 {"messages":[749,739,732,746,748,735,738,737,730,744,741,733,734,740,751,731,745,747,729,743,736,750],"msg_id":787,"type":"broadcast"}}
2024/02/25 18:59:42 Received {c52 n2 {"type":"read","msg_id":61}}
2024/02/25 18:59:42 Sent {"src":"n2","dest":"n12","body":{"in_reply_to":787,"type":"broadcast_ok"}}
2024/02/25 18:59:42 Sent {"src":"n2","dest":"c52","body":{"in_reply_to":61,"messages":[517,509,134,332,375,228,322,701,686,176,216,202,226,357,468,451,140,197,351,179,204,585,648,662,92,93,586,609,74,371,438,464,654,247,267,399,454,501,628,479,636,676,674,691,62,207,368,742,601,665,75,136,422,516,24,61,429,183,373,398,565,706,108,152,180,219,417,483,298,404,471,644,639,11,34,100,681,342,443,47,137,138,643,177,237,507,124,482,616,687,4,59,78,327,408,519,588,655,153,234,252,608,637,23,73,459,361,392,488,545,65,194,254,292,323,409,411,553,135,235,268,700,725,269,340,384,440,494,117,169,243,478,544,668,502,560,653,132,265,356,469,555,142,205,432,184,222,442,679,89,102,227,315,577,52,147,314,532,128,431,513,682,45,389,419,405,434,508,528,571,54,77,220,695,260,346,397,182,206,245,320,339,360,470,5,13,112,383,407,166,162,308,53,467,667,312,559,584,21,49,285,370,475,506,119,221,297,359,379,499,556,592,174,326,329,264,500,574,708,20,31,449,376,546,189,255,276,651,271,302,548,472,538,155,161,400,611,410,466,624,489,481,524,15,91,473,282,294,349,518,58,107,210,25,563,355,367,388,587,768,46,60,341,338,354,424,680,723,185,289,305,313,582,599,699,249,251,444,420,425,453,480,510,96,143,374,167,200,406,542,573,50,90,148,595,685,720,212,290,350,554,726,18,159,186,86,418,149,238,296,345,580,7,19,71,715,619,632,707,457,536,623,631,634,133,242,369,694,35,262,64,84,514,76,111,145,640,144,306,551,649,709,104,193,248,403,437,492,557,622,158,196,391,627,415,493,531,113,151,363,83,114,446,229,428,465,598,626,39,85,192,364,1,33,116,236,231,233,291,372,30,40,82,6,618,455,566,693,0,316,387,160,540,572,101,139,246,304,579,2,37,29,718,224,324,722,325,330,630,677,32,109,218,564,660,724,9,347,550,458,460,596,652,711,48,127,394,270,476,547,659,683,42,69,131,721,295,319,386,520,633,44,163,272,673,671,120,450,670,511,521,552,567,250,461,527,280,638,150,171,239,613,710,95,240,526,344,452,614,41,217,281,348,366,474,541,635,105,99,309,647,650,51,641,675,727,123,441,610,525,146,209,456,299,463,448,593,583,27,118,284,645,241,318,576,578,589,692,716,141,157,307,427,719,702,63,496,666,629,26,331,335,381,487,125,203,337,658,657,377,435,597,279,286,385,491,570,170,283,274,625,156,214,232,277,275,8,43,87,353,421,503,505,621,10,66,278,317,490,484,515,535,68,97,211,617,401,537,581,175,173,261,717,67,522,661,263,462,529,562,602,3,16,164,605,393,495,607,80,129,378,352,396,612,656,712,121,208,266,534,703,321,301,445,310,620,678,55,98,115,439,122,195,311,416,591,199,362,382,436,426,690,697,103,187,390,433,530,191,256,412,402,413,603,646,72,94,230,110,328,485,569,615,17,79,106,604,188,477,606,343,365,423,549,672,88,257,288,333,704,14,28,258,568,594,728,215,244,430,575,172,380,539,696,713,12,213,414,558,688,70,190,273,533,642,165,223,259,56,523,714,130,154,498,225,253,504,38,57,168,543,600,689,36,334,497,303,663,698,705,178,181,336,395,447,590,684,198,300,287,293,358,512,561,22,81,126,669,201,486,664],"type":"read_ok"}}
2024/02/25 18:59:42 Received {n12 n2 {"in_reply_to":27,"type":"broadcast_ok"}}
2024/02/25 18:59:42 Received {c52 n2 {"type":"broadcast","message":780,"msg_id":62}}
2024/02/25 18:59:42 Sent {"src":"n2","dest":"c52","body":{"in_reply_to":62,"type":"broadcast_ok"}}
2024/02/25 18:59:42 Received {c52 n2 {"type":"broadcast","message":793,"msg_id":63}}
2024/02/25 18:59:42 Sent {"src":"n2","dest":"c52","body":{"in_reply_to":63,"type":"broadcast_ok"}}
2024/02/25 18:59:42 Sent {"src":"n2","dest":"n12","body":{"messages":[780,793],"msg_id":28,"type":"broadcast"}}
2024/02/25 18:59:42 Received {n12 n2 {"messages":[757,772,752,765,762,754,756,771,769,776,770,759,753,767,773,766,764,760,775,758,774,761,777,755,763],"msg_id":814,"type":"broadcast"}}
2024/02/25 18:59:42 Sent {"src":"n2","dest":"n12","body":{"in_reply_to":814,"type":"broadcast_ok"}}
2024/02/25 18:59:42 Received {n12 n2 {"in_reply_to":28,"type":"broadcast_ok"}}
2024/02/25 18:59:42 Received {c52 n2 {"type":"broadcast","message":804,"msg_id":64}}
2024/02/25 18:59:42 Sent {"src":"n2","dest":"c52","body":{"in_reply_to":64,"type":"broadcast_ok"}}
2024/02/25 18:59:42 Sent {"src":"n2","dest":"n12","body":{"messages":[804],"msg_id":29,"type":"broadcast"}}
2024/02/25 18:59:43 Received {n12 n2 {"messages":[779,789,786,783,788,781,784,790,792,785,778,791,787,782,809],"msg_id":819,"type":"broadcast"}}
2024/02/25 18:59:43 Received {c52 n2 {"type":"read","msg_id":65}}
2024/02/25 18:59:43 Sent {"src":"n2","dest":"n12","body":{"in_reply_to":819,"type":"broadcast_ok"}}
2024/02/25 18:59:43 Sent {"src":"n2","dest":"c52","body":{"in_reply_to":65,"messages":[690,697,103,187,390,436,426,191,256,412,433,530,603,646,72,94,230,402,413,485,569,615,17,79,106,110,328,188,477,606,604,423,549,672,88,257,288,343,365,743,14,28,258,333,704,728,789,215,244,430,568,594,172,380,539,575,12,213,414,696,713,749,70,190,273,558,688,165,223,259,533,642,56,786,130,154,498,523,714,504,38,57,168,225,253,689,731,750,36,334,497,543,600,698,705,791,178,181,336,303,663,590,684,198,300,287,395,447,512,561,22,81,126,293,358,201,486,664,669,734,783,134,332,375,517,509,701,686,176,216,202,228,322,226,761,451,809,140,197,351,357,468,179,204,585,779,92,93,586,648,662,763,74,371,438,609,745,247,267,399,464,654,454,501,628,772,676,674,691,62,207,368,479,636,742,75,136,422,601,665,24,61,429,516,398,565,706,108,152,180,183,373,219,417,483,471,644,639,11,34,100,298,404,681,47,137,138,342,443,177,237,507,643,616,687,4,59,78,124,482,519,588,655,153,234,252,327,408,777,23,73,459,608,637,488,545,769,65,194,254,361,392,409,411,553,135,235,268,292,323,700,725,735,384,440,494,117,169,243,269,340,478,544,668,653,132,265,356,502,560,142,205,432,469,555,184,222,746,89,102,227,442,679,741,52,147,314,315,577,128,431,513,532,760,45,389,419,682,508,528,571,54,77,220,405,434,695,771,397,182,206,245,260,346,360,470,784,5,13,112,320,339,775,166,162,308,383,407,53,467,667,584,21,49,285,312,559,506,738,119,221,297,370,475,499,556,592,174,326,329,359,379,767,264,500,773,782,766,20,31,449,574,708,748,780,752,189,255,276,376,546,271,302,548,651,733,781,155,161,400,472,538,410,466,624,611,524,15,91,473,489,481,349,518,58,107,210,282,294,25,563,388,587,768,46,60,341,355,367,424,680,723,185,289,305,338,354,313,582,249,251,444,599,699,453,480,510,96,143,374,420,425,739,778,406,542,573,50,90,148,167,200,595,685,720,765,350,554,726,18,159,186,212,290,86,418,296,345,580,7,19,71,149,238,619,632,707,715,757,623,631,634,133,242,369,457,536,694,732,35,262,64,84,514,729,76,111,145,144,306,551,640,104,193,248,649,709,492,557,622,158,196,391,403,437,627,531,755,113,151,363,415,493,83,114,446,465,598,626,39,85,192,229,428,736,1,33,116,364,233,291,372,30,40,82,236,231,6,618,793,693,0,316,387,455,566,160,540,572,246,304,579,2,37,29,101,139,774,224,324,722,718,751,630,677,737,32,109,218,325,330,724,787,9,347,550,564,660,596,652,711,48,127,394,458,460,547,659,683,42,69,131,270,476,721,386,520,633,44,163,272,295,319,673,671,120,450,670,552,567,770,250,461,527,511,521,150,171,239,280,638,95,240,526,613,710,614,753,41,217,281,344,452,474,541,635,105,99,309,348,366,647,650,762,51,641,675,123,441,610,727,776,792,146,209,456,525,747,448,593,583,27,118,284,299,463,645,241,318,576,692,716,756,141,157,307,578,589,427,719,63,496,666,702,26,331,335,629,125,203,337,381,487,790,785,377,435,597,658,657,385,491,570,170,283,274,279,286,625,788,232,277,275,8,43,87,156,214,353,505,621,740,10,66,278,421,503,484,515,535,68,97,211,317,490,617,581,759,175,173,261,401,537,67,522,661,717,529,562,602,3,16,164,263,462,605,607,80,129,378,393,495,612,656,712,121,208,266,352,396,804,758,321,301,445,534,703,678,730,764,55,98,115,310,620,122,195,311,439,744,754,199,362,382,416,591],"type":"read_ok"}}
2024/02/25 18:59:43 Received {n12 n2 {"in_reply_to":29,"type":"broadcast_ok"}}
2024/02/25 18:59:43 Received {c52 n2 {"type":"read","msg_id":66}}
2024/02/25 18:59:43 Sent {"src":"n2","dest":"c52","body":{"in_reply_to":66,"messages":[45,389,419,682,434,508,528,571,54,77,220,405,695,771,346,397,182,206,245,260,339,360,470,784,5,13,112,320,407,775,166,162,308,383,53,467,667,559,584,21,49,285,312,475,506,738,119,221,297,370,379,499,556,592,174,326,329,359,767,264,500,773,782,708,766,20,31,449,574,546,748,780,752,189,255,276,376,733,271,302,548,651,538,781,155,161,400,472,410,466,624,611,481,524,15,91,473,489,294,349,518,58,107,210,282,25,563,367,388,587,768,46,60,341,355,354,424,680,723,185,289,305,338,313,582,699,249,251,444,599,425,453,480,510,96,143,374,420,739,778,200,406,542,573,50,90,148,167,595,685,720,765,290,350,554,726,18,159,186,212,86,418,238,296,345,580,7,19,71,149,757,619,632,707,715,536,623,631,634,133,242,369,457,694,732,35,262,64,84,514,729,76,111,145,144,306,551,640,709,104,193,248,649,437,492,557,622,158,196,391,403,627,493,531,755,113,151,363,415,83,114,446,428,465,598,626,39,85,192,229,736,1,33,116,364,231,233,291,372,30,40,82,236,6,618,793,566,693,0,316,387,455,160,540,572,139,246,304,579,2,37,29,101,774,751,224,324,722,718,330,630,677,737,32,109,218,325,660,724,787,9,347,550,564,460,596,652,711,48,127,394,458,476,547,659,683,42,69,131,270,721,319,386,520,633,44,163,272,295,673,671,120,450,670,521,552,567,770,250,461,527,511,638,150,171,239,280,710,95,240,526,613,452,614,753,41,217,281,344,366,474,541,635,105,99,309,348,647,650,762,51,641,675,776,123,441,610,727,747,792,146,209,456,525,463,448,593,583,27,118,284,299,645,241,318,576,589,692,716,756,141,157,307,578,427,719,63,496,666,702,26,331,335,629,487,125,203,337,381,657,790,785,377,435,597,658,286,385,491,570,170,283,274,279,625,788,214,232,277,275,8,43,87,156,353,503,505,621,740,10,66,278,421,490,484,515,535,68,97,211,317,617,537,581,759,175,173,261,401,67,522,661,717,462,529,562,602,3,16,164,263,605,495,607,80,129,378,393,396,612,656,712,121,208,266,352,804,703,758,321,301,445,534,620,678,730,764,55,98,115,310,744,122,195,311,439,591,754,199,362,382,416,426,690,697,103,187,390,436,530,191,256,412,433,413,603,646,72,94,230,402,328,485,569,615,17,79,106,110,188,477,606,604,365,423,549,672,88,257,288,343,743,704,14,28,258,333,594,728,789,215,244,430,568,172,380,539,575,713,12,213,414,696,688,749,70,190,273,558,642,165,223,259,533,56,714,786,130,154,498,523,253,504,38,57,168,225,600,689,731,750,36,334,497,543,663,698,705,791,178,181,336,303,447,590,684,198,300,287,395,358,512,561,22,81,126,293,201,486,664,669,509,734,783,134,332,375,517,322,701,686,176,216,202,228,226,761,468,451,809,140,197,351,357,179,204,585,662,779,92,93,586,648,745,763,74,371,438,609,654,247,267,399,464,454,501,628,772,636,676,674,691,62,207,368,479,742,665,75,136,422,601,24,61,429,516,373,398,565,706,108,152,180,183,219,417,483,404,471,644,639,11,34,100,298,681,443,47,137,138,342,177,237,507,643,482,616,687,4,59,78,124,408,519,588,655,153,234,252,327,637,777,23,73,459,608,392,488,545,769,65,194,254,361,323,409,411,553,135,235,268,292,700,725,735,340,384,440,494,117,169,243,269,478,544,668,560,653,132,265,356,502,555,142,205,432,469,184,222,679,746,89,102,227,442,577,741,52,147,314,315,760,128,431,513,532],"type":"read_ok"}}
2024/02/25 18:59:43 Received {n12 n2 {"messages":[812,798,811,800,813,807,805,801,815,797,810,795,808,794,803,806,802,796,814,799,822],"msg_id":850,"type":"broadcast"}}
2024/02/25 18:59:43 Received {c52 n2 {"type":"read","msg_id":67}}
2024/02/25 18:59:43 Sent {"src":"n2","dest":"n12","body":{"in_reply_to":850,"type":"broadcast_ok"}}
2024/02/25 18:59:43 Sent {"src":"n2","dest":"c52","body":{"in_reply_to":67,"messages":[32,109,218,325,330,630,677,737,9,347,550,564,660,724,787,48,127,394,458,460,596,652,711,800,42,69,131,270,476,547,659,683,721,814,44,163,272,295,319,386,520,633,673,671,815,120,450,670,250,461,527,511,521,552,567,770,150,171,239,280,638,95,240,526,613,710,41,217,281,344,452,614,753,105,99,309,348,366,474,541,635,647,650,762,51,641,675,798,123,441,610,727,776,146,209,456,525,747,792,27,118,284,299,463,448,593,583,645,241,318,576,141,157,307,578,589,692,716,756,427,719,63,496,666,702,26,331,335,629,125,203,337,381,487,377,435,597,658,657,790,785,170,283,274,279,286,385,491,570,625,788,8,43,87,156,214,232,277,275,353,801,10,66,278,421,503,505,621,740,68,97,211,317,490,484,515,535,617,175,173,261,401,537,581,759,67,522,661,717,3,16,164,263,462,529,562,602,605,80,129,378,393,495,607,121,208,266,352,396,612,656,712,804,807,321,301,445,534,703,758,55,98,115,310,620,678,730,764,122,195,311,439,744,199,362,382,416,591,754,103,187,390,436,426,690,697,191,256,412,433,530,72,94,230,402,413,603,646,17,79,106,110,328,485,569,615,188,477,606,604,88,257,288,343,365,423,549,672,743,14,28,258,333,704,215,244,430,568,594,728,789,172,380,539,575,12,213,414,696,713,70,190,273,558,688,749,165,223,259,533,642,56,130,154,498,523,714,786,38,57,168,225,253,504,796,36,334,497,543,600,689,731,750,178,181,336,303,663,698,705,791,198,300,287,395,447,590,684,22,81,126,293,358,512,561,201,486,664,669,134,332,375,517,509,734,783,176,216,202,228,322,701,686,808,822,226,761,140,197,351,357,468,451,809,179,204,585,92,93,586,648,662,779,74,371,438,609,745,763,247,267,399,464,654,454,501,628,772,62,207,368,479,636,676,674,691,742,75,136,422,601,665,24,61,429,516,108,152,180,183,373,398,565,706,219,417,483,11,34,100,298,404,471,644,639,681,47,137,138,342,443,177,237,507,643,4,59,78,124,482,616,687,153,234,252,327,408,519,588,655,23,73,459,608,637,777,65,194,254,361,392,488,545,769,135,235,268,292,323,409,411,553,700,725,735,117,169,243,269,340,384,440,494,478,544,668,132,265,356,502,560,653,142,205,432,469,555,797,794,184,222,89,102,227,442,679,746,52,147,314,315,577,741,128,431,513,532,760,45,389,419,682,54,77,220,405,434,508,528,571,695,771,182,206,245,260,346,397,5,13,112,320,339,360,470,784,166,162,308,383,407,775,53,467,667,812,21,49,285,312,559,584,810,119,221,297,370,475,506,738,174,326,329,359,379,499,556,592,767,795,264,500,773,782,20,31,449,574,708,766,189,255,276,376,546,748,780,752,271,302,548,651,733,155,161,400,472,538,781,410,466,624,611,15,91,473,489,481,524,58,107,210,282,294,349,518,25,563,46,60,341,355,367,388,587,768,185,289,305,338,354,424,680,723,799,313,582,249,251,444,599,699,96,143,374,420,425,453,480,510,739,778,50,90,148,167,200,406,542,573,595,685,720,765,803,18,159,186,212,290,350,554,726,86,418,7,19,71,149,238,296,345,580,619,632,707,715,757,133,242,369,457,536,623,631,634,694,732,35,262,64,84,514,729,76,111,145,144,306,551,640,104,193,248,649,709,158,196,391,403,437,492,557,622,627,811,113,151,363,415,493,531,755,83,114,446,39,85,192,229,428,465,598,626,736,805,1,33,116,364,30,40,82,236,231,233,291,372,6,618,793,0,316,387,455,566,693,806,802,160,540,572,2,37,29,101,139,246,304,579,774,813,224,324,722,718,751],"type":"read_ok"}}
2024/02/25 18:59:43 Received {c52 n2 {"type":"broadcast","message":859,"msg_id":68}}
2024/02/25 18:59:43 Sent {"src":"n2","dest":"c52","body":{"in_reply_to":68,"type":"broadcast_ok"}}
2024/02/25 18:59:43 Sent {"src":"n2","dest":"n12","body":{"messages":[859],"msg_id":30,"type":"broadcast"}}
2024/02/25 18:59:44 Received {n12 n2 {"messages":[837,816,830,827,836,819,834,824,838,823,840,839,826,842,828,843,829,817,831,825,841,821,820,835,818,832,833,863],"msg_id":868,"type":"broadcast"}}
2024/02/25 18:59:44 Sent {"src":"n2","dest":"n12","body":{"in_reply_to":868,"type":"broadcast_ok"}}
2024/02/25 18:59:44 Received {n12 n2 {"in_reply_to":30,"type":"broadcast_ok"}}
2024/02/25 18:59:44 Received {c52 n2 {"type":"read","msg_id":69}}
2024/02/25 18:59:44 Sent {"src":"n2","dest":"c52","body":{"in_reply_to":69,"messages":[618,793,802,0,387,693,160,540,2,29,101,246,579,774,835,224,324,737,32,109,218,330,630,677,9,711,48,458,460,596,652,800,683,270,547,659,721,520,450,527,552,567,171,239,638,240,526,613,344,452,614,635,105,348,366,474,762,51,641,675,798,441,610,209,456,525,792,583,118,463,448,241,318,576,578,589,692,716,719,63,26,331,629,818,125,203,435,597,790,785,570,283,274,279,286,385,625,43,87,277,740,278,621,211,490,617,173,401,581,67,522,602,16,164,462,529,562,129,393,607,612,656,807,321,534,703,764,55,115,310,678,122,744,834,416,591,103,187,426,690,697,412,433,230,79,106,110,569,604,88,288,343,365,549,28,258,333,244,430,594,12,213,696,713,70,273,688,165,223,259,533,836,56,130,498,523,786,832,38,168,225,504,796,750,497,600,689,819,178,181,303,198,395,447,126,293,358,512,561,486,664,669,134,375,509,783,808,216,322,701,822,226,809,179,823,92,586,662,779,609,745,763,247,399,464,654,841,501,628,772,207,479,636,676,422,665,516,843,706,152,180,183,398,565,830,219,639,11,34,298,404,471,681,177,237,643,4,252,327,408,588,655,863,73,459,637,769,194,361,488,545,323,409,411,169,243,269,384,544,668,265,142,205,432,89,227,442,52,147,314,315,577,741,128,431,532,389,434,508,571,695,206,260,346,784,5,360,166,407,53,667,812,559,584,810,824,297,370,592,326,329,359,379,556,767,264,773,782,31,708,766,752,189,255,376,748,780,548,651,733,161,400,538,781,410,611,91,524,58,349,563,46,60,355,185,289,338,424,799,313,699,838,96,374,420,453,510,739,778,148,167,573,720,803,18,159,186,212,554,726,86,707,19,71,149,238,296,345,580,715,133,457,732,35,831,64,84,729,826,111,551,193,248,649,709,158,403,492,557,827,113,363,415,493,755,114,446,626,85,192,229,465,598,1,33,116,82,233,816,6,316,455,566,806,572,37,139,304,813,722,718,751,325,347,550,564,660,724,787,127,394,42,69,131,476,814,633,44,163,272,295,319,386,673,671,815,120,670,770,250,461,511,521,150,280,95,710,825,41,217,281,753,99,309,541,647,650,123,727,776,146,747,27,284,299,593,645,821,756,141,157,307,427,496,666,702,335,833,337,381,487,377,658,657,170,491,788,275,8,156,214,232,353,801,10,66,421,503,505,535,68,97,317,484,515,175,261,537,759,661,717,3,263,605,80,378,495,712,121,208,266,352,396,804,301,445,758,98,620,730,859,195,311,439,199,362,382,754,390,436,191,256,530,72,94,402,413,603,646,615,17,328,485,188,477,606,672,257,423,743,14,704,215,568,728,789,172,380,539,575,414,190,558,749,642,154,714,57,253,36,334,543,731,336,663,698,705,791,829,300,287,590,684,22,81,201,332,517,734,176,202,228,686,761,140,197,351,357,468,451,204,585,93,648,74,371,438,267,454,691,62,368,674,742,75,136,601,842,24,61,429,108,373,417,483,100,644,47,137,138,342,443,507,840,59,78,124,482,616,687,153,234,519,23,608,777,65,254,392,553,135,235,268,292,700,725,735,494,117,340,440,478,132,356,502,560,653,469,555,797,794,184,222,102,679,746,513,760,45,419,682,54,77,220,405,528,771,817,182,245,397,837,820,13,112,320,339,470,162,308,383,775,467,21,49,285,312,828,119,221,475,506,738,174,499,795,500,20,449,574,276,546,271,302,155,472,466,624,15,473,489,481,107,210,282,294,518,25,341,367,388,587,768,305,354,680,723,582,249,251,444,599,143,425,480,765,50,90,200,406,542,595,685,290,350,418,7,619,632,757,242,369,536,623,631,634,694,262,514,839,76,145,144,306,640,104,622,196,391,437,627,811,151,531,83,39,428,736,805,364,372,30,40,236,231,291],"type":"read_ok"}}
2024/02/25 18:59:44 Received {c52 n2 {"type":"broadcast","message":877,"msg_id":70}}
2024/02/25 18:59:44 Sent {"src":"n2","dest":"c52","body":{"in_reply_to":70,"type":"broadcast_ok"}}
2024/02/25 18:59:44 Sent {"src":"n2","dest":"n12","body":{"messages":[877],"msg_id":31,"type":"broadcast"}}
2024/02/25 18:59:44 Received {n12 n2 {"messages":[853,861,855,848,860,850,856,852,849,864,845,857,858,846,862,854,847,844,851,871],"msg_id":908,"type":"broadcast"}}
2024/02/25 18:59:44 Sent {"src":"n2","dest":"n12","body":{"in_reply_to":908,"type":"broadcast_ok"}}
2024/02/25 18:59:44 Received {n12 n2 {"in_reply_to":31,"type":"broadcast_ok"}}
2024/02/25 18:59:44 Received {c52 n2 {"type":"read","msg_id":71}}
2024/02/25 18:59:44 Sent {"src":"n2","dest":"c52","body":{"in_reply_to":71,"messages":[454,674,691,742,857,62,368,601,842,75,136,429,24,61,373,108,483,417,100,644,138,342,443,47,137,507,840,78,124,482,616,687,59,519,153,234,608,777,23,254,392,65,268,292,553,135,235,735,700,725,340,440,494,117,478,356,502,560,653,132,469,555,797,794,184,222,679,746,102,513,760,419,682,45,220,405,528,771,817,54,77,397,837,820,182,245,112,320,339,470,13,308,383,775,162,467,285,312,828,21,49,475,506,738,119,221,499,174,795,500,574,855,20,449,276,546,271,302,871,155,472,624,466,473,489,481,15,210,282,294,518,107,25,388,587,768,845,341,367,680,723,305,354,582,444,599,249,251,480,143,425,200,406,542,595,685,765,50,90,290,350,418,632,757,7,619,536,623,631,634,694,242,369,262,514,839,76,145,640,144,306,104,856,437,622,627,811,862,196,391,151,531,83,736,805,39,428,364,236,231,291,372,30,40,618,793,693,802,0,387,160,540,101,246,579,774,835,2,29,224,324,218,330,630,677,737,32,109,9,460,596,652,711,800,48,458,659,683,721,847,270,547,520,450,567,527,552,638,171,239,613,240,526,614,344,452,366,474,635,762,105,348,675,798,51,641,441,610,456,525,792,209,463,448,583,118,576,241,318,692,716,578,589,719,63,844,629,818,26,331,125,203,597,790,785,435,279,286,385,570,625,853,283,274,87,277,43,278,621,740,211,490,617,401,581,173,67,522,164,462,529,562,602,16,607,861,860,129,393,612,656,807,534,703,321,310,678,764,877,55,115,834,849,122,744,416,591,426,690,697,852,103,187,412,433,230,106,110,569,79,604,288,343,365,549,88,258,333,28,430,594,244,696,713,12,213,273,688,70,259,533,836,165,223,56,523,786,832,130,498,168,225,504,796,38,497,600,689,750,819,303,178,181,395,447,198,126,293,358,512,561,664,669,486,375,509,783,134,322,701,808,216,822,226,809,823,179,586,662,779,92,609,745,763,464,654,841,247,399,628,772,501,636,676,207,479,422,665,516,843,180,183,398,565,706,152,830,219,298,404,471,639,11,34,681,643,177,237,4,408,588,655,863,252,327,459,637,73,361,488,545,769,194,323,409,411,243,269,384,169,668,544,265,432,142,205,227,442,89,314,315,577,741,52,147,532,128,431,389,571,695,434,508,346,206,260,360,784,5,407,166,667,812,53,810,824,559,584,864,297,370,329,359,379,556,592,326,767,773,782,264,766,31,708,376,748,780,752,189,255,548,651,733,538,781,161,400,611,410,524,91,349,58,563,355,46,60,338,424,799,185,289,313,699,838,420,453,510,739,778,96,374,573,720,803,148,167,186,212,554,726,18,159,86,149,238,296,345,580,707,19,71,715,732,133,457,35,831,729,826,64,84,111,551,851,649,709,193,248,492,557,158,403,415,493,755,827,113,363,114,446,229,465,598,626,85,192,116,1,33,816,82,233,6,566,806,316,455,572,304,813,37,139,751,722,718,325,564,660,724,787,347,550,127,394,131,476,814,848,42,69,272,295,319,386,633,673,44,163,671,815,120,670,511,521,770,250,461,150,280,825,95,710,281,753,41,217,541,647,650,99,309,776,123,727,747,146,284,299,593,27,645,821,307,756,850,141,157,427,702,846,496,666,858,335,833,337,381,487,658,657,377,788,170,491,156,214,232,275,8,353,801,421,503,505,10,66,317,484,515,535,68,97,261,537,759,175,661,717,263,3,605,495,80,378,266,352,396,712,121,208,804,445,758,301,730,859,98,620,439,195,311,382,754,199,362,390,436,530,191,256,402,413,603,646,72,94,328,485,615,17,606,188,477,423,672,257,743,704,14,568,728,789,215,539,575,172,380,414,558,749,190,642,154,714,253,57,543,731,36,334,698,705,791,829,336,663,287,590,684,300,22,81,201,517,734,332,202,228,686,176,761,351,357,468,451,140,197,585,204,648,93,438,74,371,267,854],"type":"read_ok"}}
2024/02/25 18:59:44 Received {c52 n2 {"type":"broadcast","message":905,"msg_id":72}}
2024/02/25 18:59:44 Sent {"src":"n2","dest":"c52","body":{"in_reply_to":72,"type":"broadcast_ok"}}
2024/02/25 18:59:44 Sent {"src":"n2","dest":"n12","body":{"messages":[905],"msg_id":32,"type":"broadcast"}}
2024/02/25 18:59:45 Received {n12 n2 {"messages":[874,883,868,878,869,879,873,866,875,867,876,870,865,872,894],"msg_id":934,"type":"broadcast"}}
2024/02/25 18:59:45 Sent {"src":"n2","dest":"n12","body":{"in_reply_to":934,"type":"broadcast_ok"}}
2024/02/25 18:59:45 Received {n12 n2 {"in_reply_to":32,"type":"broadcast_ok"}}
2024/02/25 18:59:45 Received {n12 n2 {"messages":[898,886,900,885,902,903,896,891,904,892,889,888,899,881,884,895,887,897,880,893,890,901,882],"msg_id":939,"type":"broadcast"}}
2024/02/25 18:59:45 Sent {"src":"n2","dest":"n12","body":{"in_reply_to":939,"type":"broadcast_ok"}}
2024/02/25 18:59:46 Received {n12 n2 {"messages":[906],"msg_id":978,"type":"broadcast"}}
2024/02/25 18:59:46 Sent {"src":"n2","dest":"n12","body":{"in_reply_to":978,"type":"broadcast_ok"}}
2024/02/25 18:59:55 Received {c52 n2 {"type":"read","msg_id":73}}
2024/02/25 18:59:55 Sent {"src":"n2","dest":"c52","body":{"in_reply_to":73,"messages":[848,42,69,131,476,814,386,633,673,44,163,272,295,319,671,815,892,120,670,886,250,461,511,521,770,150,280,95,710,825,41,217,281,753,99,309,541,647,650,880,123,727,776,146,747,889,27,284,299,593,645,821,141,157,307,756,850,427,496,666,702,846,335,833,858,884,337,381,487,377,658,657,170,491,788,353,801,8,156,214,232,275,10,66,421,503,505,535,68,97,317,484,515,175,261,537,759,661,717,3,263,605,80,378,495,896,712,804,121,208,266,352,396,301,445,758,98,620,730,859,195,311,439,878,199,362,382,754,390,436,191,256,530,646,72,94,402,413,603,17,328,485,615,188,477,606,257,423,672,743,14,704,215,568,728,789,172,380,539,575,414,190,558,749,642,903,154,714,57,253,36,334,543,731,829,336,663,698,705,791,300,287,590,684,22,81,869,201,332,517,734,176,202,228,686,761,451,140,197,351,357,468,204,585,902,93,648,74,371,438,267,854,872,454,857,62,368,674,691,742,75,136,601,842,24,61,429,906,108,373,417,483,100,644,870,879,47,137,138,342,443,507,840,687,59,78,124,482,616,153,234,519,23,608,777,65,254,392,899,700,725,735,135,235,268,292,553,883,117,340,440,494,478,653,132,356,502,560,797,794,469,555,184,222,746,102,679,882,513,760,887,45,419,682,771,817,54,77,220,405,528,182,245,397,837,820,470,13,112,320,339,775,162,308,383,467,21,49,285,312,828,119,221,475,506,738,174,499,795,901,500,20,449,574,855,276,546,271,302,155,472,871,866,466,624,15,473,489,481,518,107,210,282,294,25,845,341,367,388,587,768,305,354,680,723,582,249,251,444,599,143,425,480,595,685,765,50,90,200,406,542,290,350,418,7,619,632,757,634,694,242,369,536,623,631,262,514,839,76,145,144,306,640,104,856,811,862,196,391,437,622,627,151,531,83,39,428,736,805,364,372,30,40,236,231,291,618,793,0,387,693,802,160,540,774,835,894,2,29,101,246,579,224,324,904,677,737,32,109,218,330,630,9,881,711,800,48,458,460,596,652,847,270,547,659,683,721,520,450,905,527,552,567,171,239,638,240,526,613,344,452,614,762,105,348,366,474,635,51,641,675,798,441,610,209,456,525,792,118,463,448,583,241,318,576,578,589,692,716,719,63,844,26,331,629,818,125,203,900,898,435,597,790,785,875,570,625,853,283,274,279,286,385,43,87,277,278,621,740,211,490,617,173,401,581,897,67,522,602,16,164,462,529,562,129,393,607,861,860,612,656,807,321,534,703,877,55,115,310,678,764,122,744,834,849,416,591,852,103,187,426,690,697,412,433,873,876,230,79,106,110,569,604,88,288,343,365,549,28,258,333,244,430,594,12,213,696,713,888,70,273,688,895,165,223,259,533,836,56,130,498,523,786,832,38,168,225,504,796,497,600,689,750,819,178,181,303,198,395,447,126,293,358,512,561,486,664,669,134,375,509,783,216,322,701,808,822,226,890,809,179,823,92,586,662,779,865,609,745,763,874,247,399,464,654,841,501,628,772,207,479,636,676,867,422,665,516,843,706,830,152,180,183,398,565,219,639,681,11,34,298,404,471,177,237,643,4,863,252,327,408,588,655,73,459,637,194,361,488,545,769,323,409,411,668,169,243,269,384,544,265,142,205,432,89,227,442,741,52,147,314,315,577,128,431,532,389,434,508,571,695,206,260,346,360,784,5,166,407,53,667,812,559,584,810,824,891,297,370,864,885,592,767,326,329,359,379,556,264,773,782,31,708,766,748,780,752,189,255,376,548,651,733,161,400,538,781,410,611,524,91,349,58,563,46,60,355,185,289,338,424,799,313,699,838,739,778,96,374,420,453,510,148,167,573,720,803,726,18,159,186,212,554,86,345,580,707,19,71,149,238,296,715,133,457,732,35,831,64,84,729,826,111,551,851,193,248,649,709,893,158,403,492,557,827,113,363,415,493,755,114,446,626,85,192,229,465,598,1,33,116,82,233,816,6,316,455,566,806,572,37,139,304,813,722,718,751,325,868,787,347,550,564,660,724,127,394],"type":"read_ok"}}
