2024/02/25 18:59:24 Received {c18 n20 {"type":"init","node_id":"n20","node_ids":["n0","n1","n2","n3","n4","n5","n6","n7","n8","n9","n10","n11","n12","n13","n14","n15","n16","n17","n18","n19","n20","n21","n22","n23","n24"],"msg_id":1}}
2024/02/25 18:59:24 Node n20 initialized
2024/02/25 18:59:24 Sent {"src":"n20","dest":"c18","body":{"in_reply_to":1,"type":"init_ok"}}
2024/02/25 18:59:25 Received {c45 n20 {"type":"topology","topology":{"n2":["n7","n3","n1"],"n21":["n16","n22","n20"],"n23":["n18","n24","n22"],"n5":["n10","n0","n6"],"n8":["n13","n3","n9","n7"],"n6":["n11","n1","n7","n5"],"n19":["n24","n14","n18"],"n14":["n19","n9","n13"],"n17":["n22","n12","n18","n16"],"n1":["n6","n2","n0"],"n24":["n19","n23"],"n4":["n9","n3"],"n0":["n5","n1"],"n18":["n23","n13","n19","n17"],"n9":["n14","n4","n8"],"n10":["n15","n5","n11"],"n22":["n17","n23","n21"],"n15":["n20","n10","n16"],"n13":["n18","n8","n14","n12"],"n3":["n8","n4","n2"],"n12":["n17","n7","n13","n11"],"n11":["n16","n6","n12","n10"],"n16":["n21","n11","n17","n15"],"n7":["n12","n2","n8","n6"],"n20":["n15","n21"]},"msg_id":1}}
2024/02/25 18:59:25 Sent {"src":"n20","dest":"c45","body":{"in_reply_to":1,"type":"topology_ok"}}
2024/02/25 18:59:25 Received {c70 n20 {"type":"read","msg_id":1}}
2024/02/25 18:59:25 Sent {"src":"n20","dest":"c70","body":{"in_reply_to":1,"messages":[],"type":"read_ok"}}
2024/02/25 18:59:25 Received {c70 n20 {"type":"read","msg_id":2}}
2024/02/25 18:59:25 Sent {"src":"n20","dest":"c70","body":{"in_reply_to":2,"messages":[],"type":"read_ok"}}
2024/02/25 18:59:25 Received {c70 n20 {"type":"read","msg_id":3}}
2024/02/25 18:59:25 Sent {"src":"n20","dest":"c70","body":{"in_reply_to":3,"messages":[],"type":"read_ok"}}
2024/02/25 18:59:26 Received {n12 n20 {"messages":[9,20,3,16,2,15,7,14,17,4,18,10,19,5,0,11,12,8,6,13,1,39],"msg_id":20,"type":"broadcast"}}
2024/02/25 18:59:26 Sent {"src":"n20","dest":"n12","body":{"in_reply_to":20,"type":"broadcast_ok"}}
2024/02/25 18:59:26 Received {c70 n20 {"type":"broadcast","message":57,"msg_id":4}}
2024/02/25 18:59:26 Sent {"src":"n20","dest":"c70","body":{"in_reply_to":4,"type":"broadcast_ok"}}
2024/02/25 18:59:26 Received {c70 n20 {"type":"broadcast","message":68,"msg_id":5}}
2024/02/25 18:59:26 Sent {"src":"n20","dest":"c70","body":{"in_reply_to":5,"type":"broadcast_ok"}}
2024/02/25 18:59:26 Sent {"src":"n20","dest":"n12","body":{"messages":[57,68],"msg_id":1,"type":"broadcast"}}
2024/02/25 18:59:26 Received {n12 n20 {"messages":[35,27,45,24,32,43,31,37,30,48,36,28,29,46,21,38,22,23,40,25,42,33,26,41,44,47,34,64],"msg_id":33,"type":"broadcast"}}
2024/02/25 18:59:26 Sent {"src":"n20","dest":"n12","body":{"in_reply_to":33,"type":"broadcast_ok"}}
2024/02/25 18:59:26 Received {n12 n20 {"in_reply_to":1,"type":"broadcast_ok"}}
2024/02/25 18:59:26 Received {c70 n20 {"type":"read","msg_id":6}}
2024/02/25 18:59:26 Sent {"src":"n20","dest":"c70","body":{"in_reply_to":6,"messages":[28,40,20,57,32,0,6,9,3,15,24,43,36,33,34,16,27,45,64,8,39,10,19,12,25,42,35,46,21,18,68,31,22,41,7,14,4,44,47,37,38,17,5,1,30,48,29,23,26,2,11,13],"type":"read_ok"}}
2024/02/25 18:59:26 Received {c70 n20 {"type":"broadcast","message":88,"msg_id":7}}
2024/02/25 18:59:26 Sent {"src":"n20","dest":"c70","body":{"in_reply_to":7,"type":"broadcast_ok"}}
2024/02/25 18:59:26 Sent {"src":"n20","dest":"n12","body":{"messages":[88],"msg_id":2,"type":"broadcast"}}
2024/02/25 18:59:27 Received {n12 n20 {"messages":[55,67,50,61,73,75,56,60,51,62,72,59,69,52,65,49,63,70,53,58,54,66,71],"msg_id":68,"type":"broadcast"}}
2024/02/25 18:59:27 Sent {"src":"n20","dest":"n12","body":{"in_reply_to":68,"type":"broadcast_ok"}}
2024/02/25 18:59:27 Received {n12 n20 {"in_reply_to":2,"type":"broadcast_ok"}}
2024/02/25 18:59:27 Received {c70 n20 {"type":"broadcast","message":101,"msg_id":8}}
2024/02/25 18:59:27 Sent {"src":"n20","dest":"c70","body":{"in_reply_to":8,"type":"broadcast_ok"}}
2024/02/25 18:59:27 Received {c70 n20 {"type":"read","msg_id":9}}
2024/02/25 18:59:27 Sent {"src":"n20","dest":"c70","body":{"in_reply_to":9,"messages":[59,17,13,23,26,2,40,69,70,20,50,73,63,53,15,45,24,43,34,67,27,39,52,19,42,61,58,35,18,68,4,1,37,38,5,30,48,29,71,11,32,28,51,66,57,3,0,6,62,9,36,33,64,16,12,8,55,10,21,25,75,56,60,54,101,46,14,31,22,41,44,47,88,7,65,49,72],"type":"read_ok"}}
2024/02/25 18:59:27 Sent {"src":"n20","dest":"n12","body":{"messages":[101],"msg_id":3,"type":"broadcast"}}
2024/02/25 18:59:27 Received {n12 n20 {"messages":[74,78,79,87,81,90,83,92,86,76,85,89,91,84,80,77,82,109],"msg_id":73,"type":"broadcast"}}
2024/02/25 18:59:27 Sent {"src":"n20","dest":"n12","body":{"in_reply_to":73,"type":"broadcast_ok"}}
2024/02/25 18:59:27 Received {n12 n20 {"in_reply_to":3,"type":"broadcast_ok"}}
2024/02/25 18:59:27 Received {c70 n20 {"type":"broadcast","message":127,"msg_id":10}}
2024/02/25 18:59:27 Sent {"src":"n20","dest":"c70","body":{"in_reply_to":10,"type":"broadcast_ok"}}
2024/02/25 18:59:27 Sent {"src":"n20","dest":"n12","body":{"messages":[127],"msg_id":4,"type":"broadcast"}}
2024/02/25 18:59:28 Received {n12 n20 {"messages":[106,112,100,111,93,104,95,107,94,105,98,102,96,108,103,110,97,99,122,136],"msg_id":108,"type":"broadcast"}}
2024/02/25 18:59:28 Received {c70 n20 {"type":"read","msg_id":11}}
2024/02/25 18:59:28 Sent {"src":"n20","dest":"n12","body":{"in_reply_to":108,"type":"broadcast_ok"}}
2024/02/25 18:59:28 Sent {"src":"n20","dest":"c70","body":{"in_reply_to":11,"messages":[48,112,79,104,94,32,28,78,136,3,6,36,64,12,55,75,56,44,47,65,14,41,17,2,70,127,122,20,69,77,15,53,24,67,84,110,27,45,91,39,89,85,35,42,100,18,86,83,80,5,37,29,71,92,11,30,66,76,106,96,57,51,62,93,9,0,87,90,95,16,33,107,98,10,8,25,60,54,101,46,21,22,88,72,49,7,31,59,26,102,108,103,13,23,105,40,109,63,74,82,50,73,43,34,111,19,52,61,58,97,4,68,81,99,1,38],"type":"read_ok"}}
2024/02/25 18:59:28 Received {n12 n20 {"in_reply_to":4,"type":"broadcast_ok"}}
2024/02/25 18:59:28 Received {c70 n20 {"type":"read","msg_id":12}}
2024/02/25 18:59:28 Sent {"src":"n20","dest":"c70","body":{"in_reply_to":12,"messages":[17,2,20,69,70,127,122,15,53,77,27,45,24,67,84,110,39,89,91,35,42,85,18,86,100,5,37,83,80,11,30,29,71,92,57,51,66,76,106,96,9,0,62,93,16,33,87,90,95,10,8,107,98,46,21,25,60,54,101,7,31,22,88,72,49,59,13,23,26,102,108,103,40,109,105,50,73,63,74,82,43,34,19,52,111,61,58,4,68,97,1,38,81,99,48,112,32,28,79,104,94,3,6,78,136,36,64,12,55,75,56,14,41,44,47,65],"type":"read_ok"}}
2024/02/25 18:59:28 Received {n12 n20 {"messages":[126,114,133,117,118,132,120,134,130,116,131,125,121,135,119,123,137,115,129,113,128,124,145],"msg_id":134,"type":"broadcast"}}
2024/02/25 18:59:28 Sent {"src":"n20","dest":"n12","body":{"in_reply_to":134,"type":"broadcast_ok"}}
2024/02/25 18:59:28 Received {c70 n20 {"type":"read","msg_id":13}}
2024/02/25 18:59:28 Sent {"src":"n20","dest":"c70","body":{"in_reply_to":13,"messages":[38,81,99,1,112,132,48,28,79,104,94,32,6,78,136,131,113,3,64,133,36,55,119,12,56,118,123,75,41,44,47,65,134,14,135,17,2,69,70,127,122,20,53,77,114,124,15,45,24,67,84,110,137,27,89,91,130,39,42,85,145,35,86,100,120,18,37,83,80,116,5,30,29,71,92,128,11,51,66,76,106,96,125,57,0,62,93,9,33,87,90,95,16,8,107,98,10,21,25,60,54,101,117,46,31,22,88,72,49,7,59,23,26,102,108,103,13,109,105,129,40,73,63,74,82,126,50,34,43,52,111,19,58,121,61,68,97,115,4],"type":"read_ok"}}
2024/02/25 18:59:28 Received {c70 n20 {"type":"read","msg_id":14}}
2024/02/25 18:59:28 Sent {"src":"n20","dest":"c70","body":{"in_reply_to":14,"messages":[4,68,97,115,1,38,81,99,48,112,132,32,28,79,104,94,113,3,6,78,136,131,36,64,133,12,55,119,75,56,118,123,134,14,41,44,47,65,17,135,2,20,69,70,127,122,15,53,77,114,124,110,137,27,45,24,67,84,39,89,91,130,35,42,85,145,18,86,100,120,5,37,83,80,116,128,11,30,29,71,92,96,125,57,51,66,76,106,9,0,62,93,16,33,87,90,95,10,8,107,98,101,117,46,21,25,60,54,49,7,31,22,88,72,59,103,13,23,26,102,108,40,109,105,129,126,50,73,63,74,82,43,34,19,52,111,61,58,121],"type":"read_ok"}}
2024/02/25 18:59:29 Received {n12 n20 {"messages":[143,140,151,158,138,149,154,142,141,152,153,147,146,148,144,155,139,150],"msg_id":168,"type":"broadcast"}}
2024/02/25 18:59:29 Sent {"src":"n20","dest":"n12","body":{"in_reply_to":168,"type":"broadcast_ok"}}
2024/02/25 18:59:29 Received {c70 n20 {"type":"read","msg_id":15}}
2024/02/25 18:59:29 Sent {"src":"n20","dest":"c70","body":{"in_reply_to":15,"messages":[59,102,108,103,144,13,23,26,129,40,109,105,74,82,126,158,153,50,73,63,43,34,150,19,52,111,147,61,58,121,115,141,152,4,68,97,99,1,38,81,151,48,112,132,104,94,140,32,28,79,136,131,113,148,3,6,78,36,64,133,149,12,55,119,123,142,75,56,118,47,65,134,14,41,44,17,135,2,127,122,20,69,70,114,124,15,53,77,67,84,110,137,27,45,24,130,143,39,89,91,145,35,42,85,120,138,154,146,18,86,100,80,116,5,37,83,71,92,128,11,30,29,76,106,96,125,57,51,66,93,9,0,62,90,95,16,33,87,98,10,8,107,60,54,101,117,46,21,25,88,72,49,155,139,7,31,22],"type":"read_ok"}}
2024/02/25 18:59:29 Received {n12 n20 {"messages":[156,172,168,166,175,157,169,160,159,163,177,170,164,165,161,176,167,174,171,162,173,197],"msg_id":178,"type":"broadcast"}}
2024/02/25 18:59:29 Received {c70 n20 {"type":"broadcast","message":201,"msg_id":16}}
2024/02/25 18:59:29 Sent {"src":"n20","dest":"n12","body":{"in_reply_to":178,"type":"broadcast_ok"}}
2024/02/25 18:59:29 Sent {"src":"n20","dest":"c70","body":{"in_reply_to":16,"type":"broadcast_ok"}}
2024/02/25 18:59:29 Received {c70 n20 {"type":"read","msg_id":17}}
2024/02/25 18:59:29 Sent {"src":"n20","dest":"c70","body":{"in_reply_to":17,"messages":[5,37,83,80,116,171,162,11,30,29,71,92,128,125,159,57,51,66,76,106,96,161,9,0,62,93,16,33,87,90,95,167,10,8,107,98,173,117,175,46,21,25,60,54,101,176,197,155,139,7,31,22,88,72,49,59,144,13,23,26,102,108,103,40,109,105,129,166,158,153,50,73,63,74,82,126,43,34,150,156,165,19,52,111,163,61,58,121,147,168,170,4,68,97,115,141,152,1,38,81,99,169,48,112,132,151,164,32,28,79,104,94,140,148,3,6,78,136,131,113,36,64,133,12,55,119,149,201,75,56,118,123,142,160,14,41,44,47,65,134,17,135,2,172,177,20,69,70,127,122,157,15,53,77,114,124,174,137,27,45,24,67,84,110,39,89,91,130,143,35,42,85,145,146,18,86,100,120,138,154],"type":"read_ok"}}
2024/02/25 18:59:29 Sent {"src":"n20","dest":"n12","body":{"messages":[201],"msg_id":5,"type":"broadcast"}}
2024/02/25 18:59:30 Received {n12 n20 {"messages":[186,180,182,195,179,183,178,192,190,191,185,189,193,181,194,188,187,184,196,208],"msg_id":193,"type":"broadcast"}}
2024/02/25 18:59:30 Sent {"src":"n20","dest":"n12","body":{"in_reply_to":193,"type":"broadcast_ok"}}
2024/02/25 18:59:30 Received {n12 n20 {"in_reply_to":5,"type":"broadcast_ok"}}
2024/02/25 18:59:30 Received {c70 n20 {"type":"broadcast","message":230,"msg_id":18}}
2024/02/25 18:59:30 Sent {"src":"n20","dest":"c70","body":{"in_reply_to":18,"type":"broadcast_ok"}}
2024/02/25 18:59:30 Sent {"src":"n20","dest":"n12","body":{"messages":[230],"msg_id":6,"type":"broadcast"}}
2024/02/25 18:59:30 Received {n12 n20 {"messages":[212,223,214,204,215,209,205,216,206,198,210,203,207,199,211,200,202,213,242],"msg_id":236,"type":"broadcast"}}
2024/02/25 18:59:30 Received {c70 n20 {"type":"read","msg_id":19}}
2024/02/25 18:59:30 Sent {"src":"n20","dest":"n12","body":{"in_reply_to":236,"type":"broadcast_ok"}}
2024/02/25 18:59:30 Sent {"src":"n20","dest":"c70","body":{"in_reply_to":19,"messages":[196,203,4,68,115,152,170,81,169,112,132,32,28,79,104,164,6,78,136,131,113,36,64,133,210,149,201,118,123,194,191,14,44,47,65,160,183,178,2,188,20,69,122,177,212,15,77,124,174,27,24,110,137,89,91,214,35,145,138,211,202,5,37,171,30,71,128,162,51,76,96,125,161,184,9,223,33,90,95,167,107,98,173,46,60,54,139,7,31,22,88,72,49,155,186,200,59,187,23,26,102,108,103,144,109,105,180,153,50,63,74,158,185,43,150,156,19,52,111,163,61,58,121,147,168,215,97,141,1,38,99,48,151,192,189,94,140,3,148,205,12,55,119,199,75,56,142,41,134,17,135,182,207,172,181,70,127,157,53,114,179,45,67,84,39,130,143,42,85,18,86,100,120,154,146,83,80,116,11,29,92,230,57,66,106,159,213,0,62,93,16,87,242,10,8,208,175,21,25,101,117,176,197,190,206,198,209,13,40,129,166,204,216,73,82,126,193,34,165,195],"type":"read_ok"}}
2024/02/25 18:59:30 Received {n12 n20 {"in_reply_to":6,"type":"broadcast_ok"}}
2024/02/25 18:59:30 Received {c70 n20 {"type":"read","msg_id":20}}
2024/02/25 18:59:30 Sent {"src":"n20","dest":"c70","body":{"in_reply_to":20,"messages":[5,37,171,30,71,128,162,51,76,96,125,161,184,9,223,33,90,95,167,107,98,173,46,60,54,139,7,31,22,88,72,49,155,186,200,59,187,23,26,102,108,103,144,109,105,180,153,50,63,74,158,185,43,150,156,19,52,111,163,61,58,121,147,168,215,97,141,1,38,99,48,151,192,189,94,140,3,148,205,12,55,119,199,75,56,142,41,134,17,135,182,207,172,181,70,127,157,53,114,179,45,67,84,39,130,143,42,85,18,86,100,120,154,146,83,80,116,11,29,92,230,57,66,106,159,213,0,62,93,16,87,242,10,8,208,175,21,25,101,117,176,197,190,206,198,209,13,40,129,166,204,216,73,82,126,193,34,165,195,196,203,4,68,115,152,170,81,169,112,132,32,28,79,104,164,6,78,136,131,113,36,64,133,210,149,201,118,123,194,191,14,44,47,65,160,183,178,2,188,20,69,122,177,212,15,77,124,174,27,24,110,137,89,91,214,35,145,138,211,202],"type":"read_ok"}}
2024/02/25 18:59:31 Received {n12 n20 {"messages":[221,239,232,227,229,236,217,237,220,238,235,240,241,228,245,234,222,225,244,224,243,218,231,233,219,226],"msg_id":252,"type":"broadcast"}}
2024/02/25 18:59:31 Sent {"src":"n20","dest":"n12","body":{"in_reply_to":252,"type":"broadcast_ok"}}
2024/02/25 18:59:31 Received {c70 n20 {"type":"read","msg_id":21}}
2024/02/25 18:59:31 Sent {"src":"n20","dest":"c70","body":{"in_reply_to":21,"messages":[196,203,219,4,68,115,152,170,81,169,112,132,234,32,28,79,104,164,6,78,136,131,113,36,64,133,210,149,201,220,118,123,194,231,14,44,47,65,160,191,229,183,178,224,2,188,20,69,122,177,212,15,77,124,174,239,27,24,110,137,89,91,214,35,145,228,138,211,202,5,37,171,241,30,71,128,162,222,51,76,96,125,161,184,9,223,33,90,95,167,107,98,173,46,60,54,139,7,31,22,88,72,49,155,186,200,59,187,23,26,102,108,103,144,109,105,180,50,63,74,158,153,185,43,150,156,19,52,111,163,61,58,121,147,168,215,97,141,245,1,38,99,48,151,192,189,233,94,140,3,148,205,244,12,55,119,199,235,75,56,142,236,41,134,17,135,182,207,172,181,70,127,157,225,53,114,179,243,45,67,84,227,39,130,143,221,42,85,217,18,86,100,120,154,146,83,80,116,11,29,92,230,226,57,66,106,159,213,0,62,93,237,240,16,87,242,10,8,208,190,21,25,101,117,175,176,197,206,198,13,209,40,129,166,204,216,232,73,82,126,193,34,165,195,238,218],"type":"read_ok"}}
2024/02/25 18:59:31 Received {c70 n20 {"type":"read","msg_id":22}}
2024/02/25 18:59:31 Sent {"src":"n20","dest":"c70","body":{"in_reply_to":22,"messages":[226,11,29,92,230,213,57,66,106,159,240,0,62,93,237,16,87,242,10,8,208,175,176,197,190,21,25,101,117,206,198,13,209,216,232,40,129,166,204,73,82,126,193,34,165,195,238,218,196,203,219,170,4,68,115,152,81,169,112,132,234,164,32,28,79,104,113,6,78,136,131,36,64,133,210,149,201,220,118,123,194,160,191,229,231,14,44,47,65,183,178,224,2,188,212,20,69,122,177,239,15,77,124,174,27,24,110,137,89,91,214,35,145,228,138,211,202,5,37,171,241,222,30,71,128,162,161,184,51,76,96,125,9,223,33,90,95,167,107,98,173,46,60,54,72,49,155,139,7,31,22,88,186,200,59,187,103,144,23,26,102,108,109,105,180,153,185,50,63,74,158,43,150,156,19,52,111,163,168,215,61,58,121,147,97,141,245,1,38,99,233,48,151,192,189,94,140,3,148,205,244,235,12,55,119,199,75,56,142,236,41,134,17,135,182,207,172,181,70,127,157,225,53,114,179,243,45,67,84,227,39,130,143,221,42,85,217,154,146,18,86,100,120,83,80,116],"type":"read_ok"}}
2024/02/25 18:59:31 Received {n12 n20 {"messages":[255,260,262,253,247,257,246,250,249,259,254,251,248,258,252,256],"msg_id":280,"type":"broadcast"}}
2024/02/25 18:59:31 Sent {"src":"n20","dest":"n12","body":{"in_reply_to":280,"type":"broadcast_ok"}}
2024/02/25 18:59:31 Received {c70 n20 {"type":"broadcast","message":291,"msg_id":23}}
2024/02/25 18:59:31 Sent {"src":"n20","dest":"c70","body":{"in_reply_to":23,"type":"broadcast_ok"}}
2024/02/25 18:59:31 Sent {"src":"n20","dest":"n12","body":{"messages":[291],"msg_id":7,"type":"broadcast"}}
2024/02/25 18:59:32 Received {n12 n20 {"messages":[266,271,268,278,272,273,267,270,280,276,263,261,274,269,265,277,264,275,279,289,300],"msg_id":310,"type":"broadcast"}}
2024/02/25 18:59:32 Received {c70 n20 {"type":"read","msg_id":24}}
2024/02/25 18:59:32 Sent {"src":"n20","dest":"n12","body":{"in_reply_to":310,"type":"broadcast_ok"}}
2024/02/25 18:59:32 Sent {"src":"n20","dest":"c70","body":{"in_reply_to":24,"messages":[89,91,214,35,145,228,251,138,211,202,5,37,171,241,30,71,128,162,222,261,51,76,96,125,161,184,9,223,33,90,95,167,267,107,98,173,273,46,60,54,155,139,7,31,22,88,72,49,186,200,59,187,280,258,23,26,102,108,103,144,109,105,180,50,63,74,158,153,185,43,150,156,19,52,111,163,248,256,264,61,58,121,147,168,215,97,141,245,259,1,38,99,48,151,192,189,233,94,140,252,274,3,148,205,244,255,260,289,300,12,55,119,199,235,265,75,56,142,236,41,134,279,17,135,182,207,253,172,181,272,70,127,157,225,53,114,179,243,271,275,45,67,84,227,269,277,39,130,143,221,42,85,217,249,250,18,86,100,120,154,146,83,80,116,254,11,29,92,230,226,57,66,106,159,213,0,62,93,237,240,16,87,242,10,8,208,257,197,190,21,25,101,117,175,176,206,198,263,13,209,276,40,129,166,204,216,232,73,82,126,193,278,34,165,195,238,218,196,203,219,4,68,115,152,170,291,81,169,112,132,234,266,32,28,79,104,164,262,6,78,136,131,113,36,64,133,210,268,149,201,220,247,118,123,194,229,231,14,44,47,65,160,191,183,178,224,270,2,188,20,69,122,177,212,15,77,124,174,239,246,27,24,110,137],"type":"read_ok"}}
2024/02/25 18:59:32 Received {n12 n20 {"in_reply_to":7,"type":"broadcast_ok"}}
2024/02/25 18:59:32 Received {c70 n20 {"type":"read","msg_id":25}}
2024/02/25 18:59:32 Sent {"src":"n20","dest":"c70","body":{"in_reply_to":25,"messages":[172,181,272,70,127,157,225,275,53,114,179,243,271,277,45,67,84,227,269,39,130,143,221,42,85,217,249,146,250,18,86,100,120,154,83,80,116,254,11,29,92,230,226,57,66,106,159,213,0,62,93,237,240,16,87,242,10,8,208,257,176,197,190,21,25,101,117,175,206,198,263,13,209,276,232,40,129,166,204,216,73,82,126,193,278,34,165,195,238,218,196,203,219,291,4,68,115,152,170,81,169,112,132,234,262,266,32,28,79,104,164,6,78,136,131,113,36,64,133,210,268,149,201,220,247,118,123,194,191,229,231,14,44,47,65,160,183,178,224,270,2,188,20,69,122,177,212,246,15,77,124,174,239,27,24,110,137,89,91,214,35,145,228,251,138,211,202,5,37,171,241,30,71,128,162,222,184,261,51,76,96,125,161,9,223,33,90,95,167,267,107,98,173,273,46,60,54,49,155,139,7,31,22,88,72,186,200,59,187,280,144,258,23,26,102,108,103,109,105,180,185,50,63,74,158,153,43,150,156,19,52,111,163,248,215,256,264,61,58,121,147,168,97,141,245,259,1,38,99,48,151,192,189,233,94,140,252,274,3,148,205,244,255,260,289,265,300,12,55,119,199,235,75,56,142,236,41,134,279,17,135,182,207,253],"type":"read_ok"}}
2024/02/25 18:59:32 Received {n12 n20 {"messages":[302,293,286,296,284,295,297,283,301,290,288,299,287,298,282,281,294,285,292,314,328],"msg_id":322,"type":"broadcast"}}
2024/02/25 18:59:32 Received {c70 n20 {"type":"read","msg_id":26}}
2024/02/25 18:59:32 Sent {"src":"n20","dest":"n12","body":{"in_reply_to":322,"type":"broadcast_ok"}}
2024/02/25 18:59:32 Sent {"src":"n20","dest":"c70","body":{"in_reply_to":26,"messages":[83,80,116,254,11,29,92,230,226,57,66,106,159,213,0,62,93,237,240,16,87,242,10,8,208,257,21,25,101,117,175,176,197,190,206,198,263,13,209,276,40,129,166,204,216,232,73,82,126,193,278,34,165,195,238,218,196,203,219,4,68,115,152,170,291,81,169,112,132,234,32,28,79,104,164,262,266,6,78,136,131,113,36,64,133,210,268,149,201,220,247,118,123,194,14,44,47,65,160,191,229,231,183,178,224,270,2,188,20,69,122,177,212,15,77,124,174,239,246,27,24,110,137,89,91,214,35,145,228,251,138,211,202,5,37,171,241,30,71,128,162,222,51,76,96,125,161,184,261,9,223,33,90,95,167,267,107,98,173,273,46,60,54,7,31,22,88,72,49,155,139,186,200,59,187,280,23,26,102,108,103,144,258,109,105,180,50,63,74,158,153,185,43,150,156,19,52,111,163,248,61,58,121,147,168,215,256,264,97,141,245,259,1,38,99,48,151,192,189,233,94,140,252,274,3,148,205,244,255,260,289,12,55,119,199,235,265,300,75,56,142,236,41,134,279,17,135,182,207,253,172,181,272,70,127,157,225,53,114,179,243,271,275,45,67,84,227,269,277,39,130,143,221,42,85,217,249,18,86,100,120,154,146,250],"type":"read_ok"}}
2024/02/25 18:59:32 Received {c70 n20 {"type":"broadcast","message":349,"msg_id":27}}
2024/02/25 18:59:32 Sent {"src":"n20","dest":"c70","body":{"in_reply_to":27,"type":"broadcast_ok"}}
2024/02/25 18:59:32 Sent {"src":"n20","dest":"n12","body":{"messages":[349],"msg_id":8,"type":"broadcast"}}
2024/02/25 18:59:33 Received {n12 n20 {"messages":[303,326,316,305,325,309,308,322,321,307,319,312,327,313,329,311,324,317,320,318,306,310,323,315,304,344],"msg_id":349,"type":"broadcast"}}
2024/02/25 18:59:33 Sent {"src":"n20","dest":"n12","body":{"in_reply_to":349,"type":"broadcast_ok"}}
2024/02/25 18:59:33 Received {n12 n20 {"in_reply_to":8,"type":"broadcast_ok"}}
2024/02/25 18:59:33 Received {c70 n20 {"type":"broadcast","message":359,"msg_id":28}}
2024/02/25 18:59:33 Sent {"src":"n20","dest":"c70","body":{"in_reply_to":28,"type":"broadcast_ok"}}
2024/02/25 18:59:33 Received {c70 n20 {"type":"read","msg_id":29}}
2024/02/25 18:59:33 Sent {"src":"n20","dest":"c70","body":{"in_reply_to":29,"messages":[284,297,206,198,263,306,13,209,276,293,216,232,40,129,166,204,278,282,321,73,82,126,193,317,34,165,195,238,218,196,203,219,319,170,291,359,4,68,115,152,81,169,308,112,132,234,164,262,266,318,32,28,79,104,113,6,78,136,131,268,322,327,36,64,133,210,149,201,220,247,118,123,194,160,191,229,231,14,44,47,65,183,178,224,270,2,188,212,309,20,69,122,177,239,246,310,15,77,124,174,325,27,24,110,137,89,91,214,292,311,35,145,228,251,323,138,211,202,314,285,5,37,171,241,222,30,71,128,162,161,184,261,51,76,96,125,9,223,290,267,299,33,90,95,167,107,98,173,273,46,60,54,303,72,49,155,139,7,31,22,88,186,200,59,187,280,286,103,144,258,302,23,26,102,108,109,105,180,349,153,185,301,50,63,74,158,43,150,156,248,19,52,111,163,168,215,256,264,61,58,121,147,326,313,97,141,245,259,1,38,99,281,233,316,48,151,192,189,94,140,252,274,3,148,289,205,244,255,260,235,265,300,295,12,55,119,199,75,56,142,236,41,134,279,329,253,312,17,135,182,207,304,172,181,272,296,283,70,127,157,225,271,275,328,305,53,114,179,243,344,269,277,45,67,84,227,39,130,143,221,42,85,217,249,154,146,250,18,86,100,120,288,320,83,80,116,254,226,298,11,29,92,230,213,315,57,66,106,159,240,287,307,0,62,93,237,16,87,242,294,324,10,8,208,257,175,176,197,190,21,25,101,117],"type":"read_ok"}}
2024/02/25 18:59:33 Sent {"src":"n20","dest":"n12","body":{"messages":[359],"msg_id":9,"type":"broadcast"}}
2024/02/25 18:59:33 Received {n12 n20 {"messages":[332,341,331,348,330,337,340,336,334,342,346,345,347,335,351,339,333,350,338,343,356],"msg_id":369,"type":"broadcast"}}
2024/02/25 18:59:33 Sent {"src":"n20","dest":"n12","body":{"in_reply_to":369,"type":"broadcast_ok"}}
2024/02/25 18:59:33 Received {n12 n20 {"in_reply_to":9,"type":"broadcast_ok"}}
2024/02/25 18:59:33 Received {c70 n20 {"type":"read","msg_id":30}}
2024/02/25 18:59:33 Sent {"src":"n20","dest":"c70","body":{"in_reply_to":30,"messages":[118,123,194,229,231,14,44,47,65,160,191,183,178,224,270,351,2,188,337,20,69,122,177,212,309,310,348,15,77,124,174,239,246,27,24,110,137,325,342,89,91,214,292,35,145,228,251,311,138,211,202,314,323,5,37,171,241,285,30,71,128,162,222,261,51,76,96,125,161,184,9,223,290,33,90,95,167,267,299,107,98,173,273,46,60,54,303,155,139,7,31,22,88,72,49,186,200,59,187,280,286,258,302,23,26,102,108,103,144,336,109,105,180,349,301,50,63,74,158,153,185,43,150,156,331,19,52,111,163,248,256,264,61,58,121,147,168,215,326,97,141,245,259,313,1,38,99,281,338,48,151,192,189,233,316,94,140,252,274,3,148,350,205,244,255,260,289,300,295,12,55,119,199,235,265,75,56,142,236,333,41,134,279,329,330,17,135,182,207,253,312,172,181,272,296,304,70,127,157,225,283,328,305,53,114,179,243,271,275,344,345,339,356,343,45,67,84,227,269,277,39,130,143,221,42,85,217,249,250,340,18,86,100,120,154,146,83,80,116,254,288,320,11,29,92,230,226,298,57,66,106,159,213,315,307,0,62,93,237,240,287,16,87,242,294,10,8,208,257,324,197,190,21,25,101,117,175,176,284,297,206,198,263,347,335,13,209,276,293,306,40,129,166,204,216,232,321,341,73,82,126,193,278,282,34,165,195,238,317,218,196,203,219,319,359,334,4,68,115,152,170,291,81,169,308,332,112,132,234,266,318,32,28,79,104,164,262,6,78,136,131,113,327,346,36,64,133,210,268,322,149,201,220,247],"type":"read_ok"}}
2024/02/25 18:59:33 Received {c70 n20 {"type":"read","msg_id":31}}
2024/02/25 18:59:33 Sent {"src":"n20","dest":"c70","body":{"in_reply_to":31,"messages":[244,255,260,289,205,55,119,199,235,265,300,295,12,56,142,236,333,75,134,279,329,330,41,135,182,207,253,312,17,181,272,296,304,172,127,157,225,283,70,114,179,243,271,275,328,305,53,345,339,356,344,67,84,227,269,277,343,45,130,143,221,39,85,217,249,42,86,100,120,154,146,250,340,18,80,116,254,288,320,83,29,92,230,226,298,11,66,106,159,213,315,57,62,93,237,240,287,307,0,87,242,294,16,8,208,257,324,10,25,101,117,175,176,197,190,21,297,284,198,263,347,335,206,209,276,293,306,13,129,166,204,216,232,40,82,126,193,278,282,321,341,73,165,195,238,317,34,218,203,219,319,196,68,115,152,170,291,359,334,4,169,308,332,81,132,234,112,28,79,104,164,262,266,318,32,78,136,131,113,6,64,133,210,268,322,327,346,36,201,220,247,149,123,194,118,44,47,65,160,191,229,231,14,178,224,270,351,183,188,2,69,122,177,212,309,337,20,77,124,174,239,246,310,348,15,24,110,137,325,342,27,91,214,292,89,145,228,251,311,35,211,202,314,323,138,37,171,241,285,5,71,128,162,222,30,76,96,125,161,184,261,51,223,290,9,90,95,167,267,299,33,98,173,273,107,60,54,303,46,31,22,88,72,49,155,139,7,200,186,187,280,286,59,26,102,108,103,144,258,302,23,336,105,180,349,109,63,74,158,153,185,301,50,150,156,331,43,52,111,163,248,19,58,121,147,168,215,256,264,61,326,141,245,259,313,97,38,99,281,338,1,151,192,189,233,316,48,140,252,274,94,148,350,3],"type":"read_ok"}}
2024/02/25 18:59:34 Received {n12 n20 {"messages":[360,370,358,371,354,364,361,369,355,365,362,366,352,363,367,373,353,372,357,368],"msg_id":396,"type":"broadcast"}}
2024/02/25 18:59:34 Sent {"src":"n20","dest":"n12","body":{"in_reply_to":396,"type":"broadcast_ok"}}
2024/02/25 18:59:34 Received {c70 n20 {"type":"broadcast","message":412,"msg_id":32}}
2024/02/25 18:59:34 Sent {"src":"n20","dest":"c70","body":{"in_reply_to":32,"type":"broadcast_ok"}}
2024/02/25 18:59:34 Sent {"src":"n20","dest":"n12","body":{"messages":[412],"msg_id":10,"type":"broadcast"}}
2024/02/25 18:59:34 Received {n12 n20 {"messages":[387,397,376,378,389,390,379,393,377,384,374,391,375,386,381,383,396,382,395,380,394,388,385,392,424],"msg_id":415,"type":"broadcast"}}
2024/02/25 18:59:34 Received {c70 n20 {"type":"broadcast","message":427,"msg_id":33}}
2024/02/25 18:59:34 Sent {"src":"n20","dest":"n12","body":{"in_reply_to":415,"type":"broadcast_ok"}}
2024/02/25 18:59:34 Sent {"src":"n20","dest":"c70","body":{"in_reply_to":33,"type":"broadcast_ok"}}
2024/02/25 18:59:34 Received {n12 n20 {"in_reply_to":10,"type":"broadcast_ok"}}
2024/02/25 18:59:34 Received {c70 n20 {"type":"broadcast","message":442,"msg_id":34}}
2024/02/25 18:59:34 Sent {"src":"n20","dest":"c70","body":{"in_reply_to":34,"type":"broadcast_ok"}}
2024/02/25 18:59:34 Sent {"src":"n20","dest":"n12","body":{"messages":[427,442],"msg_id":11,"type":"broadcast"}}
2024/02/25 18:59:35 Received {n12 n20 {"messages":[398,414,409,411,404,421,419,401,403,420,399,415,416,402,410,405,425,423,422,406,407,400,418,413,417,408],"msg_id":435,"type":"broadcast"}}
2024/02/25 18:59:35 Sent {"src":"n20","dest":"n12","body":{"in_reply_to":435,"type":"broadcast_ok"}}
2024/02/25 18:59:35 Received {n12 n20 {"in_reply_to":11,"type":"broadcast_ok"}}
2024/02/25 18:59:35 Received {c70 n20 {"type":"broadcast","message":456,"msg_id":35}}
2024/02/25 18:59:35 Sent {"src":"n20","dest":"c70","body":{"in_reply_to":35,"type":"broadcast_ok"}}
2024/02/25 18:59:35 Received {c70 n20 {"type":"read","msg_id":36}}
2024/02/25 18:59:35 Sent {"src":"n20","dest":"c70","body":{"in_reply_to":36,"messages":[164,136,131,113,346,64,322,376,201,220,247,411,118,194,421,422,14,65,160,191,229,412,395,183,178,122,177,309,378,15,77,124,310,405,24,137,342,89,91,214,35,138,211,314,323,397,241,30,71,222,392,416,418,51,96,125,184,261,398,9,290,375,367,33,90,95,167,267,299,173,366,139,7,31,22,88,72,186,200,424,59,187,286,102,144,302,336,109,63,74,153,185,43,156,19,111,163,248,264,61,58,121,168,326,97,141,259,313,387,1,38,99,281,48,192,189,316,94,252,274,3,148,205,244,255,260,55,199,235,56,419,41,134,364,401,182,253,172,181,304,70,225,344,345,53,114,271,275,328,305,339,67,84,269,374,85,249,420,83,80,116,288,456,11,29,230,298,213,240,358,388,16,242,8,257,25,117,197,190,370,352,297,206,198,263,335,409,13,209,306,73,82,165,317,390,196,219,115,152,391,386,332,266,318,32,28,79,104,262,6,78,327,36,133,210,268,427,404,149,379,123,44,47,231,368,396,400,381,224,270,351,361,415,2,188,20,69,212,337,425,174,239,246,348,408,393,27,110,325,292,145,228,251,311,363,202,369,417,5,37,171,285,384,128,162,76,161,382,223,373,399,107,98,273,46,60,54,303,155,49,371,280,23,26,108,103,258,413,105,180,349,301,50,158,150,331,357,52,372,256,147,215,245,338,151,233,140,350,394,289,383,300,295,12,119,265,75,142,236,333,279,329,330,389,403,423,17,135,207,312,272,296,127,157,283,406,179,243,356,365,410,45,227,277,343,362,39,130,143,221,354,42,217,250,340,18,86,100,120,154,146,254,320,355,92,226,57,66,106,159,315,0,62,93,237,287,307,87,294,377,402,10,208,324,385,407,21,101,175,176,284,347,276,293,353,40,129,166,204,216,232,321,341,126,193,278,282,442,34,195,238,218,360,203,319,359,334,4,68,170,291,81,169,308,414,112,132,234,380],"type":"read_ok"}}
2024/02/25 18:59:35 Sent {"src":"n20","dest":"n12","body":{"messages":[456],"msg_id":12,"type":"broadcast"}}
2024/02/25 18:59:35 Received {n12 n20 {"messages":[445,452,440,436,433,430,437,438,431,446,429,444,426,441,432,447,428,443,439,434,435,462],"msg_id":464,"type":"broadcast"}}
2024/02/25 18:59:35 Sent {"src":"n20","dest":"n12","body":{"in_reply_to":464,"type":"broadcast_ok"}}
2024/02/25 18:59:35 Received {n12 n20 {"in_reply_to":12,"type":"broadcast_ok"}}
2024/02/25 18:59:35 Received {c70 n20 {"type":"read","msg_id":37}}
2024/02/25 18:59:35 Sent {"src":"n20","dest":"c70","body":{"in_reply_to":37,"messages":[366,430,7,31,22,88,72,139,186,200,424,59,187,286,102,144,302,336,109,63,74,153,185,43,156,19,111,163,248,446,61,58,121,168,264,326,97,141,259,313,387,1,38,99,281,48,192,189,316,445,94,252,274,3,148,205,244,255,260,55,199,235,56,419,41,134,182,253,364,401,172,181,304,70,225,53,114,271,275,328,305,344,345,339,67,84,269,374,444,85,249,420,83,80,116,288,456,11,29,230,298,213,240,358,388,435,16,242,8,257,25,117,197,190,370,352,297,206,198,263,335,13,209,306,409,73,82,165,317,390,196,219,115,152,391,386,332,32,28,79,104,262,266,318,6,78,36,133,210,268,327,427,404,432,149,379,123,44,47,231,368,396,400,224,270,351,361,381,415,2,188,20,69,212,337,425,431,174,239,246,348,408,27,110,325,393,292,145,228,251,311,363,441,202,369,417,436,5,37,171,285,384,128,162,76,161,382,223,373,399,440,462,107,98,273,46,60,54,303,49,155,371,280,23,26,108,103,258,413,105,180,349,50,158,301,150,331,52,372,357,147,215,256,245,338,151,233,140,350,289,383,394,12,119,265,300,295,75,142,236,333,279,329,330,389,403,423,17,135,207,312,272,296,127,157,283,406,179,243,356,365,410,443,45,227,277,343,362,39,130,143,221,354,42,217,18,86,100,120,154,146,250,340,254,320,355,433,92,226,57,66,106,159,315,0,62,93,237,287,307,87,294,377,402,10,208,324,385,407,21,101,175,176,284,434,347,276,293,353,40,129,166,204,216,232,126,193,278,282,321,341,34,195,238,442,218,360,203,319,4,68,170,291,359,334,81,169,308,414,112,132,234,380,452,164,136,131,113,64,322,346,376,429,201,220,247,411,439,118,194,421,14,65,160,191,229,412,422,426,183,178,395,447,437,122,177,309,378,15,77,124,310,405,24,137,342,89,91,214,438,35,138,211,314,323,397,241,30,71,222,392,51,96,125,184,261,398,416,418,9,290,375,428,33,90,95,167,267,299,367,173],"type":"read_ok"}}
2024/02/25 18:59:35 Received {c70 n20 {"type":"broadcast","message":496,"msg_id":38}}
2024/02/25 18:59:35 Sent {"src":"n20","dest":"c70","body":{"in_reply_to":38,"type":"broadcast_ok"}}
2024/02/25 18:59:35 Sent {"src":"n20","dest":"n12","body":{"messages":[496],"msg_id":13,"type":"broadcast"}}
2024/02/25 18:59:36 Received {n12 n20 {"messages":[468,466,469,450,457,458,449,460,451,454,461,459,463,453,464,455,467,465,448,470],"msg_id":481,"type":"broadcast"}}
2024/02/25 18:59:36 Sent {"src":"n20","dest":"n12","body":{"in_reply_to":481,"type":"broadcast_ok"}}
2024/02/25 18:59:36 Received {n12 n20 {"in_reply_to":13,"type":"broadcast_ok"}}
2024/02/25 18:59:36 Received {c70 n20 {"type":"read","msg_id":39}}
2024/02/25 18:59:36 Sent {"src":"n20","dest":"c70","body":{"in_reply_to":39,"messages":[327,427,404,432,36,133,210,268,149,379,123,396,400,44,47,231,368,381,415,224,270,351,361,2,188,425,431,450,455,20,69,212,337,408,174,239,246,348,27,110,325,393,292,363,441,145,228,251,311,202,369,417,436,384,5,37,171,285,128,162,76,161,382,448,223,373,399,440,462,107,98,273,463,470,46,60,54,303,49,155,371,280,258,413,23,26,108,103,105,180,349,50,158,301,466,150,331,52,372,357,147,215,256,245,338,469,151,233,140,350,289,383,394,449,295,12,119,265,300,459,75,142,236,333,403,423,279,329,330,389,17,135,207,312,272,296,468,127,157,283,406,410,443,453,179,243,356,365,362,45,227,277,343,354,39,130,143,221,42,217,154,146,250,340,18,86,100,120,254,320,355,433,92,226,315,457,57,66,106,159,287,307,0,62,93,237,87,294,377,402,407,10,208,324,385,21,101,175,176,284,434,347,276,293,353,216,232,40,129,166,204,321,341,126,193,278,282,34,195,238,442,218,360,203,319,359,334,4,68,170,291,454,81,169,308,414,452,112,132,234,380,164,136,131,113,429,64,322,346,376,439,201,220,247,411,118,194,421,229,412,422,426,14,65,160,191,183,178,395,447,437,122,177,309,378,405,15,77,124,310,24,137,342,89,91,214,438,35,496,397,460,138,211,314,323,241,30,71,222,392,261,398,416,418,51,96,125,184,9,290,375,428,267,299,367,33,90,95,167,173,366,430,72,139,186,200,7,31,22,88,424,59,187,286,467,102,144,302,336,109,63,74,153,185,43,156,446,19,111,163,248,264,326,61,58,121,168,387,97,141,259,313,1,38,99,281,445,48,192,189,316,94,252,274,3,148,205,244,255,260,55,199,235,56,419,41,134,465,182,253,364,401,172,181,304,70,225,328,305,344,345,53,114,271,275,339,461,67,84,269,374,444,85,249,420,456,458,83,80,116,288,11,29,230,298,213,240,358,388,435,16,242,8,257,451,370,352,25,117,197,190,297,206,198,263,335,13,209,306,409,73,82,165,317,390,196,219,115,152,391,386,332,464,262,266,318,32,28,79,104,6,78],"type":"read_ok"}}
2024/02/25 18:59:36 Received {c70 n20 {"type":"broadcast","message":524,"msg_id":40}}
2024/02/25 18:59:36 Sent {"src":"n20","dest":"c70","body":{"in_reply_to":40,"type":"broadcast_ok"}}
2024/02/25 18:59:36 Sent {"src":"n20","dest":"n12","body":{"messages":[524],"msg_id":14,"type":"broadcast"}}
2024/02/25 18:59:36 Received {n12 n20 {"messages":[483,507,477,490,482,494,473,487,501,486,476,489,471,498,499,493,478,491,475,488,480,492,481,472,485,500,484,479,495,497,474,519],"msg_id":515,"type":"broadcast"}}
2024/02/25 18:59:36 Sent {"src":"n20","dest":"n12","body":{"in_reply_to":515,"type":"broadcast_ok"}}
2024/02/25 18:59:36 Received {n12 n20 {"in_reply_to":14,"type":"broadcast_ok"}}
2024/02/25 18:59:36 Received {c70 n20 {"type":"broadcast","message":537,"msg_id":41}}
2024/02/25 18:59:36 Sent {"src":"n20","dest":"c70","body":{"in_reply_to":41,"type":"broadcast_ok"}}
2024/02/25 18:59:36 Received {c70 n20 {"type":"broadcast","message":551,"msg_id":42}}
2024/02/25 18:59:36 Sent {"src":"n20","dest":"c70","body":{"in_reply_to":42,"type":"broadcast_ok"}}
2024/02/25 18:59:36 Sent {"src":"n20","dest":"n12","body":{"messages":[537,551],"msg_id":15,"type":"broadcast"}}
2024/02/25 18:59:37 Received {n12 n20 {"messages":[522,512,514,503,516,533,526,505,517,508,502,527,520,510,523,504,511,506,518,525,513,515,509,521],"msg_id":541,"type":"broadcast"}}
2024/02/25 18:59:37 Sent {"src":"n20","dest":"n12","body":{"in_reply_to":541,"type":"broadcast_ok"}}
2024/02/25 18:59:37 Received {n12 n20 {"in_reply_to":15,"type":"broadcast_ok"}}
2024/02/25 18:59:37 Received {c70 n20 {"type":"read","msg_id":43}}
2024/02/25 18:59:37 Sent {"src":"n20","dest":"c70","body":{"in_reply_to":43,"messages":[55,199,235,56,419,509,41,134,465,182,253,364,401,172,181,304,70,225,345,53,114,271,275,328,305,344,339,461,492,67,84,269,374,444,85,249,420,83,80,116,288,456,458,11,29,230,298,213,240,358,388,435,16,242,520,8,257,451,493,537,25,117,197,190,370,352,487,297,206,198,263,335,478,13,209,306,409,73,82,165,317,390,480,196,219,115,152,391,386,332,464,32,28,79,104,262,266,318,6,78,490,432,36,133,210,268,327,427,404,524,149,379,123,44,47,231,368,396,400,505,224,270,351,361,381,415,2,188,499,455,20,69,212,337,425,431,450,174,239,246,348,408,27,110,325,393,292,483,481,145,228,251,311,363,441,202,369,417,436,498,5,37,171,285,384,515,128,162,76,161,382,448,223,373,399,440,462,488,503,107,98,273,46,60,54,303,463,470,49,155,371,280,472,23,26,108,103,258,413,105,180,349,513,50,158,301,466,150,331,482,517,52,372,357,147,215,256,245,476,338,469,551,151,233,140,350,289,383,394,449,12,119,265,300,295,474,75,142,236,333,459,527,491,279,329,330,389,403,423,486,17,135,207,312,272,296,127,157,283,406,468,500,179,243,356,365,410,443,453,45,227,277,343,362,39,130,143,221,354,42,217,514,516,340,18,86,100,120,154,146,250,254,320,355,433,92,226,504,57,66,106,159,315,457,485,0,62,93,237,287,307,473,87,294,377,402,10,208,324,385,407,507,21,101,175,176,284,434,512,347,276,293,353,40,129,166,204,216,232,495,126,193,278,282,321,341,506,34,195,238,442,218,360,510,203,319,521,4,68,170,291,359,334,81,169,308,414,454,511,112,132,234,380,452,489,475,164,136,131,113,523,64,322,346,376,429,497,519,201,220,247,411,439,479,508,118,194,421,426,14,65,160,191,229,412,422,183,178,395,447,437,484,122,177,309,378,501,15,77,124,310,405,24,137,342,89,91,214,438,533,35,496,138,211,314,323,397,460,241,30,71,222,392,526,418,51,96,125,184,261,398,416,9,290,375,428,471,525,33,90,95,167,267,299,367,173,366,430,477,200,7,31,22,88,72,139,186,424,522,59,187,286,494,102,144,302,336,467,109,502,63,74,153,185,43,156,19,111,163,248,446,61,58,121,168,264,326,97,141,259,313,387,1,38,99,281,48,192,189,316,445,518,94,252,274,3,148,205,244,255,260],"type":"read_ok"}}
2024/02/25 18:59:37 Received {c70 n20 {"type":"broadcast","message":575,"msg_id":44}}
2024/02/25 18:59:37 Sent {"src":"n20","dest":"c70","body":{"in_reply_to":44,"type":"broadcast_ok"}}
2024/02/25 18:59:37 Received {n12 n20 {"messages":[550,536,540,530,528,545,542,534,539,531,548,538,544,543,535,529,546,532,549,547,541,562,573],"msg_id":568,"type":"broadcast"}}
2024/02/25 18:59:37 Sent {"src":"n20","dest":"n12","body":{"in_reply_to":568,"type":"broadcast_ok"}}
2024/02/25 18:59:37 Received {c70 n20 {"type":"broadcast","message":588,"msg_id":45}}
2024/02/25 18:59:37 Sent {"src":"n20","dest":"c70","body":{"in_reply_to":45,"type":"broadcast_ok"}}
2024/02/25 18:59:37 Sent {"src":"n20","dest":"n12","body":{"messages":[575,588],"msg_id":16,"type":"broadcast"}}
2024/02/25 18:59:38 Received {n12 n20 {"messages":[564,556,555,559,560,558,571,553,569,552,568,567,566,561,554,565,574,557,570,572,563],"msg_id":579,"type":"broadcast"}}
2024/02/25 18:59:38 Received {c70 n20 {"type":"broadcast","message":602,"msg_id":46}}
2024/02/25 18:59:38 Sent {"src":"n20","dest":"n12","body":{"in_reply_to":579,"type":"broadcast_ok"}}
2024/02/25 18:59:38 Sent {"src":"n20","dest":"c70","body":{"in_reply_to":46,"type":"broadcast_ok"}}
2024/02/25 18:59:38 Received {n12 n20 {"in_reply_to":16,"type":"broadcast_ok"}}
2024/02/25 18:59:38 Received {c70 n20 {"type":"broadcast","message":614,"msg_id":47}}
2024/02/25 18:59:38 Sent {"src":"n20","dest":"c70","body":{"in_reply_to":47,"type":"broadcast_ok"}}
2024/02/25 18:59:38 Sent {"src":"n20","dest":"n12","body":{"messages":[602,614],"msg_id":17,"type":"broadcast"}}
2024/02/25 18:59:38 Received {n12 n20 {"messages":[587,600,578,584,582,595,583,581,594,598,592,597,577,586,591,585,599,579,590,580,593,596,576,589,610],"msg_id":623,"type":"broadcast"}}
2024/02/25 18:59:38 Sent {"src":"n20","dest":"n12","body":{"in_reply_to":623,"type":"broadcast_ok"}}
2024/02/25 18:59:38 Received {n12 n20 {"in_reply_to":17,"type":"broadcast_ok"}}
2024/02/25 18:59:38 Received {c70 n20 {"type":"broadcast","message":629,"msg_id":48}}
2024/02/25 18:59:38 Sent {"src":"n20","dest":"c70","body":{"in_reply_to":48,"type":"broadcast_ok"}}
2024/02/25 18:59:38 Received {c70 n20 {"type":"broadcast","message":644,"msg_id":49}}
2024/02/25 18:59:38 Sent {"src":"n20","dest":"c70","body":{"in_reply_to":49,"type":"broadcast_ok"}}
2024/02/25 18:59:38 Sent {"src":"n20","dest":"n12","body":{"messages":[629,644],"msg_id":18,"type":"broadcast"}}
2024/02/25 18:59:39 Received {n12 n20 {"messages":[615,624,618,607,619,601,613,606,609,611,617,605,612,604,616,603,608,638],"msg_id":647,"type":"broadcast"}}
2024/02/25 18:59:39 Sent {"src":"n20","dest":"n12","body":{"in_reply_to":647,"type":"broadcast_ok"}}
2024/02/25 18:59:39 Received {n12 n20 {"in_reply_to":18,"type":"broadcast_ok"}}
2024/02/25 18:59:39 Received {c70 n20 {"type":"read","msg_id":50}}
2024/02/25 18:59:39 Sent {"src":"n20","dest":"c70","body":{"in_reply_to":50,"messages":[150,331,482,517,52,372,357,147,215,256,245,476,338,469,551,151,233,140,350,581,597,289,383,394,449,547,12,119,265,300,295,474,75,142,236,333,459,527,486,491,279,329,330,389,403,423,582,17,135,207,312,617,272,296,580,127,157,283,406,468,453,500,179,243,356,365,410,443,543,616,45,227,277,343,362,39,130,143,221,354,42,217,514,516,596,250,340,18,86,100,120,154,146,529,254,320,355,433,546,553,92,226,504,574,557,485,57,66,106,159,315,457,473,575,0,62,93,237,287,307,573,87,294,377,402,593,608,10,208,324,385,407,507,21,101,175,176,542,584,284,434,512,347,276,293,353,495,40,129,166,204,216,232,506,595,126,193,278,282,321,341,34,195,238,442,592,601,218,360,510,203,319,521,4,68,170,291,359,334,81,169,308,414,454,511,475,555,112,132,234,380,452,489,164,550,136,131,113,577,519,523,64,322,346,376,429,497,508,572,201,220,247,411,439,479,118,194,421,552,422,426,14,65,160,191,229,412,561,183,178,395,447,437,484,122,177,309,378,501,610,15,77,124,310,405,638,24,137,342,612,604,89,91,214,438,533,528,35,496,138,211,314,323,397,460,241,606,602,576,30,71,222,392,526,563,618,416,418,51,96,125,184,261,398,578,644,9,290,375,428,471,525,367,33,90,95,167,267,299,173,366,430,477,536,538,629,186,200,7,31,22,88,72,139,424,522,613,605,59,187,286,494,102,144,302,336,467,109,502,549,63,74,153,185,562,43,156,19,111,163,248,446,615,61,58,121,168,264,326,97,141,259,313,387,566,1,38,99,281,48,192,189,316,445,518,94,252,274,3,148,568,205,244,255,260,55,199,235,540,560,591,56,419,509,41,134,465,182,253,364,401,172,181,304,70,225,609,344,345,53,114,271,275,328,305,339,461,492,541,588,586,67,84,269,374,444,583,85,249,567,554,420,571,83,80,116,288,456,458,11,29,230,298,611,213,534,603,240,358,388,435,16,242,520,8,257,451,493,537,487,589,25,117,197,190,370,352,297,206,198,263,335,478,532,13,209,306,409,539,599,73,82,594,165,317,390,531,480,598,196,219,559,115,152,391,386,556,579,332,590,464,565,318,32,28,79,104,262,266,6,78,490,404,432,36,133,210,268,327,427,524,149,379,564,570,123,535,585,505,614,44,47,231,368,396,400,224,270,351,361,381,415,2,188,499,450,455,20,69,212,337,425,431,530,174,239,246,348,408,548,27,110,325,393,292,483,481,145,228,251,311,363,441,202,369,417,436,498,544,5,37,171,285,384,515,128,162,624,76,161,382,448,569,223,373,545,587,399,440,462,488,503,619,107,98,273,558,46,60,54,303,463,470,49,155,371,607,280,472,23,26,108,103,258,413,105,180,349,513,600,50,158,301,466],"type":"read_ok"}}
2024/02/25 18:59:39 Received {n12 n20 {"messages":[642,636,620,622,637,627,641,623,631,625,639,626,640,630,633,634,621,632,628,643,635,668],"msg_id":665,"type":"broadcast"}}
2024/02/25 18:59:39 Received {c70 n20 {"type":"read","msg_id":51}}
2024/02/25 18:59:39 Sent {"src":"n20","dest":"n12","body":{"in_reply_to":665,"type":"broadcast_ok"}}
2024/02/25 18:59:39 Sent {"src":"n20","dest":"c70","body":{"in_reply_to":51,"messages":[603,213,534,388,435,240,358,520,16,242,451,493,537,8,257,197,190,370,352,487,589,25,117,297,263,335,478,532,206,198,306,409,539,599,13,209,594,73,82,390,531,165,317,480,598,559,196,219,391,386,556,579,115,152,332,590,464,565,79,104,262,266,318,32,28,490,6,78,210,268,327,427,404,432,36,133,524,564,570,149,379,585,123,535,231,368,396,400,505,614,44,47,351,361,381,415,224,270,499,2,188,212,337,425,431,450,455,20,69,530,246,348,408,548,174,239,325,393,27,110,481,292,483,251,311,363,441,145,228,417,436,498,544,202,369,171,285,384,515,5,37,624,128,162,382,448,569,76,161,545,587,223,373,462,488,503,619,399,440,273,107,98,54,303,463,470,558,46,60,371,607,49,155,280,472,108,103,258,413,23,26,349,513,600,105,180,301,466,50,158,482,517,150,331,357,52,372,256,147,215,245,476,551,338,469,151,233,140,597,350,581,394,449,547,289,383,265,300,295,474,12,119,236,333,459,527,75,142,330,389,403,423,486,491,279,329,582,207,312,617,17,135,580,272,296,283,406,468,127,157,356,365,410,443,453,500,179,243,543,616,277,343,362,45,227,143,221,354,39,130,514,516,596,42,217,100,120,154,146,250,340,18,86,529,355,433,546,553,254,320,504,574,557,92,226,106,159,315,457,485,57,66,93,237,287,307,473,575,0,62,573,377,402,87,294,324,385,407,507,593,608,10,208,175,176,542,584,21,101,512,284,434,347,353,276,293,166,204,216,232,495,40,129,278,282,321,341,506,595,126,193,238,442,592,601,34,195,510,218,360,521,203,319,170,291,359,334,4,68,308,414,454,511,81,169,234,380,452,489,475,555,112,132,164,550,113,577,136,131,346,376,429,497,519,523,64,322,247,411,439,479,508,572,201,220,421,552,118,194,160,191,229,412,422,426,14,65,561,395,447,183,178,437,484,309,378,501,610,122,177,124,310,405,638,15,77,342,24,137,214,438,533,528,612,604,89,91,35,496,314,323,397,460,138,211,241,606,222,392,526,563,602,576,30,71,618,125,184,261,398,416,418,51,96,578,644,375,428,471,525,9,290,95,167,267,299,367,33,90,173,477,536,538,629,366,430,22,88,72,139,186,200,7,31,613,605,424,522,286,494,59,187,302,336,467,102,144,549,109,502,153,185,562,63,74,43,156,163,248,446,19,111,121,168,264,326,615,61,58,259,313,387,566,97,141,99,281,1,38,189,316,445,518,48,192,274,94,252,568,3,148,255,260,205,244,235,540,560,591,55,199,509,56,419,465,41,134,364,401,182,253,304,172,181,609,70,225,271,275,328,305,344,345,53,114,492,541,588,586,339,461,269,374,67,84,444,583,567,554,85,249,420,571,116,288,456,458,83,80,230,298,611,11,29],"type":"read_ok"}}
2024/02/25 18:59:39 Received {c70 n20 {"type":"broadcast","message":685,"msg_id":52}}
2024/02/25 18:59:39 Sent {"src":"n20","dest":"c70","body":{"in_reply_to":52,"type":"broadcast_ok"}}
2024/02/25 18:59:39 Sent {"src":"n20","dest":"n12","body":{"messages":[685],"msg_id":19,"type":"broadcast"}}
2024/02/25 18:59:40 Received {n12 n20 {"messages":[652,664,656,648,661,660,655,667,646,659,653,665,654,666,647,645,658,651,663,649,650,662,657],"msg_id":677,"type":"broadcast"}}
2024/02/25 18:59:40 Sent {"src":"n20","dest":"n12","body":{"in_reply_to":677,"type":"broadcast_ok"}}
2024/02/25 18:59:40 Received {n12 n20 {"in_reply_to":19,"type":"broadcast_ok"}}
2024/02/25 18:59:40 Received {c70 n20 {"type":"read","msg_id":53}}
2024/02/25 18:59:40 Sent {"src":"n20","dest":"c70","body":{"in_reply_to":53,"messages":[130,143,221,354,39,217,514,516,596,634,42,86,100,120,154,146,250,340,18,529,320,355,433,546,553,254,226,504,574,557,92,66,106,159,315,457,485,57,62,93,237,287,307,473,575,0,573,294,377,402,641,87,208,324,385,407,507,593,608,10,101,175,176,542,584,21,434,512,627,284,347,293,353,276,129,166,204,216,232,495,40,193,278,282,321,341,506,595,126,195,238,442,592,601,654,34,360,510,645,218,319,521,203,68,170,291,359,334,630,667,4,646,169,308,414,454,511,81,132,234,380,452,489,475,555,112,550,164,131,113,577,136,322,346,376,429,497,519,523,64,631,220,247,411,439,479,508,572,201,632,633,194,421,552,622,118,65,160,191,229,412,422,426,14,561,178,395,447,183,484,437,177,309,378,501,610,122,77,124,310,405,638,15,137,342,24,91,214,438,533,528,612,604,89,496,35,211,314,323,397,460,138,606,666,241,71,222,392,526,563,602,576,30,618,96,125,184,261,398,416,418,51,644,650,578,290,375,428,471,525,9,90,95,167,267,299,367,685,33,173,430,477,536,538,629,366,31,22,88,72,139,186,200,7,522,613,605,424,187,286,494,59,144,302,336,467,102,502,549,109,74,153,185,562,63,156,43,111,163,248,446,647,19,58,121,168,264,326,615,61,141,259,313,387,566,97,38,99,281,626,652,1,192,189,316,445,518,621,48,252,274,94,148,568,3,244,255,260,205,199,235,540,560,591,55,419,509,56,134,465,41,253,364,401,182,181,304,172,225,609,70,114,271,275,328,305,344,345,53,461,492,541,588,586,339,84,269,374,637,67,583,444,249,567,554,85,571,420,80,116,288,456,458,662,83,29,230,298,611,11,534,603,213,358,388,435,240,242,520,16,257,451,493,537,8,117,197,190,370,352,487,589,25,297,198,263,335,478,532,648,206,209,306,409,539,599,658,13,82,594,73,317,390,531,165,598,480,219,559,196,152,391,386,556,579,665,115,590,651,332,565,464,28,79,104,262,266,318,668,32,78,490,655,6,133,210,268,327,427,404,432,36,524,379,564,570,149,535,585,123,47,231,368,396,400,505,614,44,270,351,361,381,415,224,188,499,643,2,69,212,337,425,431,450,455,20,530,239,246,348,408,548,174,110,325,393,27,483,481,292,228,251,311,363,441,635,145,369,417,436,498,544,202,37,171,285,384,515,620,663,5,162,624,128,161,382,448,569,76,373,545,587,223,440,462,488,503,619,625,399,98,273,107,60,54,303,463,470,558,664,46,155,371,607,49,472,661,280,26,108,103,258,413,23,180,349,513,600,105,158,301,466,50,331,482,517,623,150,372,357,640,52,215,256,657,147,476,245,469,551,628,338,233,653,151,636,140,581,597,350,383,394,449,547,649,289,119,265,300,295,474,12,142,236,333,459,527,75,329,330,389,403,423,486,491,279,639,660,582,135,207,312,617,17,296,580,642,272,157,283,406,468,127,243,356,365,410,443,453,500,179,616,659,543,227,277,343,362,656,45],"type":"read_ok"}}
2024/02/25 18:59:40 Received {n12 n20 {"messages":[675,679,684,673,671,682,670,681,669,680,676,687,688,672,683,689,674,677,678,686,706],"msg_id":698,"type":"broadcast"}}
2024/02/25 18:59:40 Received {c70 n20 {"type":"read","msg_id":54}}
2024/02/25 18:59:40 Sent {"src":"n20","dest":"n12","body":{"in_reply_to":698,"type":"broadcast_ok"}}
2024/02/25 18:59:40 Sent {"src":"n20","dest":"c70","body":{"in_reply_to":54,"messages":[666,241,606,222,392,526,563,602,576,30,71,618,125,184,261,398,416,418,51,96,650,578,644,375,428,471,525,9,290,95,167,267,299,367,685,33,90,173,477,536,538,629,366,430,22,88,72,139,186,200,7,31,613,605,424,522,286,494,680,59,187,302,336,467,102,144,549,109,502,153,185,562,63,74,43,156,163,248,446,647,19,111,121,168,264,326,615,678,61,58,259,313,387,566,97,141,99,281,626,652,686,1,38,189,316,445,518,621,48,192,274,94,252,568,3,148,255,260,205,244,235,540,560,591,673,55,199,509,688,56,419,465,41,134,364,401,683,182,253,304,172,181,609,670,70,225,271,275,328,305,344,345,53,114,492,541,588,586,339,461,269,374,637,67,84,689,444,583,567,554,85,249,420,571,116,288,456,458,662,83,80,230,298,611,11,29,603,213,534,388,435,240,358,520,16,242,451,493,537,8,257,197,190,370,352,487,589,25,117,297,706,263,335,478,532,648,206,198,306,409,539,599,658,675,13,209,594,73,82,390,531,165,317,480,598,559,196,219,391,386,556,579,665,115,152,651,332,590,464,565,79,104,262,266,318,668,32,28,490,655,6,78,210,268,327,427,404,432,36,133,524,564,570,149,379,585,123,535,231,368,396,400,505,614,44,47,351,361,381,415,224,270,499,643,2,188,212,337,425,431,450,455,20,69,530,246,348,408,548,174,239,325,393,27,110,481,292,483,251,311,363,441,635,145,228,417,436,498,544,202,369,171,285,384,515,620,663,5,37,624,128,162,382,448,569,76,161,545,587,223,373,462,488,503,619,625,399,440,273,677,107,98,54,303,463,470,558,664,46,60,371,607,49,155,661,280,472,108,103,258,413,23,26,349,513,600,105,180,301,466,50,158,482,517,623,150,331,357,640,52,372,256,657,147,215,245,476,551,628,687,338,469,653,151,233,140,636,597,350,581,394,449,547,649,289,383,265,300,295,474,12,119,236,333,459,527,75,142,330,389,403,423,486,491,279,329,660,582,639,207,312,617,17,135,580,642,272,296,283,406,468,127,157,356,365,410,443,453,500,179,243,659,543,616,277,343,362,656,45,227,143,221,354,39,130,514,516,596,634,671,674,42,217,100,120,154,146,250,340,18,86,529,355,433,546,553,254,320,504,574,557,92,226,106,159,315,457,485,57,66,93,237,287,307,473,575,0,62,573,377,402,641,87,294,324,385,407,507,593,608,10,208,175,176,542,584,681,21,101,512,627,284,434,347,353,276,293,166,204,216,232,495,40,129,278,282,321,341,506,595,126,193,684,238,442,592,601,654,34,195,510,645,218,360,521,203,319,170,291,359,334,630,667,4,68,646,308,414,454,511,81,169,234,380,452,489,475,555,112,132,164,550,113,577,136,131,346,376,429,497,519,523,64,322,631,247,411,439,479,508,572,201,220,669,633,632,421,552,622,118,194,160,191,229,412,422,426,14,65,561,395,447,682,183,178,437,484,309,378,501,610,122,177,124,310,405,638,15,77,342,679,676,24,137,214,438,533,528,612,604,89,91,672,35,496,314,323,397,460,138,211],"type":"read_ok"}}
2024/02/25 18:59:40 Received {c70 n20 {"type":"broadcast","message":722,"msg_id":55}}
2024/02/25 18:59:40 Sent {"src":"n20","dest":"c70","body":{"in_reply_to":55,"type":"broadcast_ok"}}
2024/02/25 18:59:40 Sent {"src":"n20","dest":"n12","body":{"messages":[722],"msg_id":20,"type":"broadcast"}}
2024/02/25 18:59:41 Received {n12 n20 {"messages":[699,698,692,690,702,693,705,700,694,708,703,695,707,696,709,701,704,691,697],"msg_id":727,"type":"broadcast"}}
2024/02/25 18:59:41 Sent {"src":"n20","dest":"n12","body":{"in_reply_to":727,"type":"broadcast_ok"}}
2024/02/25 18:59:41 Received {n12 n20 {"in_reply_to":20,"type":"broadcast_ok"}}
2024/02/25 18:59:41 Received {c70 n20 {"type":"read","msg_id":56}}
2024/02/25 18:59:41 Sent {"src":"n20","dest":"c70","body":{"in_reply_to":56,"messages":[73,82,594,707,165,317,390,531,480,598,196,219,559,579,665,115,152,391,386,556,332,590,651,464,565,266,318,668,32,28,79,104,262,6,78,490,655,427,404,432,36,133,210,268,327,524,149,379,564,570,123,535,585,400,505,614,44,47,231,368,396,708,415,224,270,351,361,381,2,188,499,643,431,450,455,20,69,212,337,425,530,548,174,239,246,348,408,27,110,325,393,694,292,483,481,441,635,145,228,251,311,363,544,202,369,417,436,498,515,620,663,5,37,171,285,384,128,162,624,76,161,382,448,569,223,373,545,587,704,619,625,399,440,462,488,503,107,98,273,677,470,558,664,46,60,54,303,463,49,155,371,607,280,472,661,702,413,23,26,108,103,258,709,105,180,349,513,600,50,158,301,466,150,331,482,517,623,52,372,357,640,147,215,256,657,245,476,338,469,551,628,687,151,233,653,140,636,350,581,597,692,649,289,383,394,449,547,474,12,119,265,300,295,527,75,142,236,333,459,423,486,491,279,329,330,389,403,582,639,660,17,135,207,312,617,272,296,580,642,705,127,157,283,406,468,443,453,500,179,243,356,365,410,543,616,659,656,693,700,45,227,277,343,362,39,130,143,221,354,634,671,674,42,217,514,516,596,146,250,340,18,86,100,120,154,529,553,254,320,355,433,546,92,226,504,574,557,457,485,690,57,66,106,159,315,307,473,575,0,62,93,237,287,573,87,294,377,402,641,507,593,608,10,208,324,385,407,584,681,21,101,175,176,542,284,434,512,627,347,276,293,353,232,495,40,129,166,204,216,341,506,595,126,193,278,282,321,684,601,654,695,34,195,238,442,592,218,360,510,645,203,319,521,334,630,667,4,68,170,291,359,646,511,81,169,308,414,454,489,475,555,112,132,234,380,452,164,550,136,131,113,577,497,519,523,64,322,346,376,429,631,479,508,572,201,220,247,411,439,633,632,669,118,194,421,552,622,412,422,426,14,65,160,191,229,561,183,178,395,447,682,437,484,703,610,122,177,309,378,501,638,15,77,124,310,405,24,137,342,679,676,528,612,604,89,91,214,438,533,672,35,496,696,460,699,138,211,314,323,397,241,606,666,563,602,576,30,71,222,392,526,618,398,416,418,51,96,125,184,261,578,644,650,525,9,290,375,428,471,299,367,685,33,90,95,167,267,173,629,366,430,477,536,538,139,186,200,7,31,22,88,72,424,522,613,605,59,187,286,494,680,102,144,302,336,467,109,502,549,63,74,153,185,562,43,156,698,647,19,111,163,248,446,326,615,678,61,58,121,168,264,566,97,141,259,313,387,652,686,1,38,99,281,626,518,621,48,192,189,316,445,94,252,274,3,148,568,205,244,255,260,591,673,55,199,235,540,560,56,419,509,688,697,41,134,465,691,182,253,364,401,683,172,181,304,70,225,609,670,305,344,345,53,114,271,275,328,586,339,461,492,541,588,722,67,84,269,374,637,444,583,689,85,249,567,554,420,571,458,662,83,80,116,288,456,11,29,230,298,611,213,534,603,240,358,388,435,16,242,520,8,257,451,493,537,352,487,589,25,117,197,190,370,297,706,532,648,206,198,263,335,478,599,658,675,13,209,306,409,539,701],"type":"read_ok"}}
2024/02/25 18:59:41 Received {c70 n20 {"type":"broadcast","message":749,"msg_id":57}}
2024/02/25 18:59:41 Sent {"src":"n20","dest":"c70","body":{"in_reply_to":57,"type":"broadcast_ok"}}
2024/02/25 18:59:41 Sent {"src":"n20","dest":"n12","body":{"messages":[749],"msg_id":21,"type":"broadcast"}}
2024/02/25 18:59:41 Received {n12 n20 {"messages":[723,717,713,716,726,714,718,728,727,720,711,719,710,712,724,715,725,721,742],"msg_id":761,"type":"broadcast"}}
2024/02/25 18:59:41 Sent {"src":"n20","dest":"n12","body":{"in_reply_to":761,"type":"broadcast_ok"}}
2024/02/25 18:59:41 Received {n12 n20 {"in_reply_to":21,"type":"broadcast_ok"}}
2024/02/25 18:59:41 Received {c70 n20 {"type":"read","msg_id":58}}
2024/02/25 18:59:41 Sent {"src":"n20","dest":"c70","body":{"in_reply_to":58,"messages":[151,233,653,140,636,350,581,597,692,649,289,383,394,449,547,474,12,119,265,300,295,527,75,142,236,333,459,423,486,491,279,329,330,389,403,582,639,660,17,135,207,312,617,272,296,580,642,705,127,157,283,406,468,443,453,500,179,243,356,365,410,543,616,659,656,693,700,45,227,277,343,362,39,130,143,221,354,634,671,674,42,217,514,516,596,146,250,340,18,86,100,120,154,529,553,725,254,320,355,433,546,92,226,504,574,557,457,485,690,57,66,106,159,315,307,473,575,0,62,93,237,287,573,87,294,377,402,641,507,593,608,10,208,324,385,407,584,681,713,21,101,175,176,542,720,284,434,512,627,347,276,293,353,232,495,40,129,166,204,216,341,506,595,126,193,278,282,321,684,601,654,695,34,195,238,442,592,218,360,510,645,203,319,521,710,334,630,667,4,68,170,291,359,646,511,81,169,308,414,454,489,475,555,112,132,234,380,452,164,550,136,131,113,577,715,497,519,523,64,322,346,376,429,631,479,508,572,201,220,247,411,439,633,632,669,118,194,421,552,622,412,422,426,14,65,160,191,229,561,183,178,395,447,682,437,484,703,610,122,177,309,378,501,638,15,77,124,310,405,24,137,342,679,676,528,612,604,89,91,214,438,533,672,35,496,696,460,699,138,211,314,323,397,241,606,666,563,602,576,30,71,222,392,526,618,398,416,418,51,96,125,184,261,578,644,650,525,9,290,375,428,471,299,367,685,33,90,95,167,267,173,629,366,430,477,536,538,139,186,200,7,31,22,88,72,424,522,613,605,59,187,286,494,680,102,144,302,336,467,109,502,549,723,63,74,153,185,562,43,156,698,647,19,111,163,248,446,326,615,678,61,58,121,168,264,566,726,97,141,259,313,387,652,686,1,38,99,281,626,518,621,724,48,192,189,316,445,94,252,274,3,148,568,205,244,255,260,591,673,55,199,235,540,560,721,56,419,509,688,697,41,134,465,691,182,253,364,401,683,172,181,304,70,225,609,670,711,305,344,345,53,114,271,275,328,586,339,461,492,541,588,722,67,84,269,374,637,444,583,689,85,249,567,554,420,571,458,662,83,80,116,288,456,11,29,230,298,611,213,534,603,240,358,388,435,16,242,520,716,8,257,451,493,537,352,487,589,25,117,197,190,370,297,706,532,648,206,198,263,335,478,599,658,675,13,209,306,409,539,701,73,82,594,707,165,317,390,531,480,598,196,219,559,579,665,115,152,391,386,556,332,590,651,464,565,266,318,668,32,28,79,104,262,712,6,78,490,655,427,404,432,36,133,210,268,327,524,149,379,564,570,123,535,585,400,505,614,44,47,231,368,396,708,415,224,270,351,361,381,2,188,499,643,749,431,450,455,20,69,212,337,425,530,719,548,174,239,246,348,408,27,110,325,393,694,292,483,481,742,441,635,145,228,251,311,363,544,202,369,417,436,498,515,620,663,5,37,171,285,384,128,162,624,76,161,382,448,569,714,223,373,545,587,704,619,625,399,440,462,488,503,107,98,273,677,470,558,664,46,60,54,303,463,49,155,371,607,728,280,472,661,702,413,23,26,108,103,258,709,105,180,349,513,600,727,50,158,301,466,717,150,331,482,517,623,52,372,357,640,718,147,215,256,657,245,476,338,469,551,628,687],"type":"read_ok"}}
2024/02/25 18:59:42 Received {n12 n20 {"messages":[739,732,746,748,735,738,737,730,744,741,733,734,740,751,731,745,747,729,743,736,750],"msg_id":774,"type":"broadcast"}}
2024/02/25 18:59:42 Received {c70 n20 {"type":"read","msg_id":59}}
2024/02/25 18:59:42 Sent {"src":"n20","dest":"n12","body":{"in_reply_to":774,"type":"broadcast_ok"}}
2024/02/25 18:59:42 Sent {"src":"n20","dest":"c70","body":{"in_reply_to":59,"messages":[420,571,116,288,456,458,662,83,80,230,298,611,11,29,603,213,534,388,435,240,358,520,16,242,451,493,537,716,8,257,197,190,370,352,487,589,25,117,743,297,706,263,335,478,532,648,206,198,306,409,539,599,658,675,13,209,701,732,594,707,73,82,390,531,165,317,480,598,559,196,219,391,386,556,579,665,115,152,651,332,590,464,565,79,104,262,266,318,668,32,28,712,490,655,6,78,210,268,327,427,404,432,36,133,524,564,570,149,379,585,123,535,231,368,396,400,505,614,44,47,708,351,361,381,415,224,270,499,643,749,2,188,212,337,425,431,450,455,20,69,530,719,246,348,408,548,174,239,325,393,694,27,110,481,742,292,483,251,311,363,441,635,145,228,417,436,498,544,202,369,171,285,384,515,620,663,5,37,624,128,162,382,448,569,76,161,545,587,704,714,223,373,462,488,503,619,625,399,440,273,677,107,98,54,303,463,470,558,664,46,60,371,607,728,49,155,661,702,280,472,108,103,258,413,23,26,349,513,600,709,105,180,301,466,717,727,751,50,158,482,517,623,150,331,357,640,718,52,372,256,657,147,215,741,245,476,551,628,687,739,338,469,653,746,151,233,140,636,597,692,734,350,581,394,449,547,649,289,383,265,300,295,474,12,119,236,333,459,527,75,142,330,389,403,423,486,491,279,329,660,744,582,639,207,312,617,730,17,135,580,642,705,272,296,283,406,468,127,157,356,365,410,443,453,500,179,243,659,543,616,277,343,362,656,693,700,45,227,143,221,354,39,130,514,516,596,634,671,674,42,217,100,120,154,146,250,340,18,86,529,731,355,433,546,553,725,729,254,320,504,574,557,92,226,106,159,315,457,485,690,57,66,93,237,287,307,473,575,0,62,573,377,402,641,735,738,87,294,324,385,407,507,593,608,10,208,175,176,542,584,681,713,21,101,720,512,627,737,733,284,434,347,736,353,276,293,166,204,216,232,495,40,129,278,282,321,341,506,595,126,193,684,238,442,592,601,654,695,34,195,510,645,218,360,521,710,203,319,170,291,359,334,630,667,4,68,646,308,414,454,511,81,169,234,380,452,489,475,555,112,132,164,550,113,577,715,136,131,346,376,429,497,519,523,64,322,631,747,247,411,439,479,508,572,201,220,669,633,632,421,552,622,118,194,160,191,229,412,422,426,14,65,561,395,447,682,183,178,703,748,437,484,309,378,501,610,122,177,124,310,405,638,15,77,342,679,676,24,137,214,438,533,528,612,604,89,91,672,696,35,496,314,323,397,460,699,138,211,666,241,606,222,392,526,563,602,576,30,71,618,125,184,261,398,416,418,51,96,650,578,644,375,428,471,525,9,290,95,167,267,299,367,685,33,90,173,477,536,538,629,366,430,22,88,72,139,186,200,7,31,613,605,424,522,286,494,680,59,187,302,336,467,102,144,549,723,109,502,153,185,562,63,74,698,43,156,163,248,446,647,19,111,121,168,264,326,615,678,61,58,259,313,387,566,726,97,141,99,281,626,652,686,1,38,189,316,445,518,621,724,48,192,274,94,252,568,3,148,255,260,205,244,235,540,560,591,673,55,199,509,688,697,721,745,56,419,465,41,134,364,401,683,691,182,253,304,750,172,181,609,670,711,70,225,271,275,328,305,344,345,53,114,492,541,588,586,339,461,269,374,637,722,67,84,689,740,444,583,567,554,85,249],"type":"read_ok"}}
2024/02/25 18:59:42 Received {c70 n20 {"type":"broadcast","message":789,"msg_id":60}}
2024/02/25 18:59:42 Sent {"src":"n20","dest":"c70","body":{"in_reply_to":60,"type":"broadcast_ok"}}
2024/02/25 18:59:42 Sent {"src":"n20","dest":"n12","body":{"messages":[789],"msg_id":22,"type":"broadcast"}}
2024/02/25 18:59:42 Received {n12 n20 {"messages":[757,772,752,765,762,754,756,771,769,776,770,759,753,767,768,773,766,764,760,775,758,774,761,777,755,763],"msg_id":793,"type":"broadcast"}}
2024/02/25 18:59:42 Sent {"src":"n20","dest":"n12","body":{"in_reply_to":793,"type":"broadcast_ok"}}
2024/02/25 18:59:42 Received {n12 n20 {"in_reply_to":22,"type":"broadcast_ok"}}
2024/02/25 18:59:42 Received {c70 n20 {"type":"broadcast","message":800,"msg_id":61}}
2024/02/25 18:59:42 Sent {"src":"n20","dest":"c70","body":{"in_reply_to":61,"type":"broadcast_ok"}}
2024/02/25 18:59:42 Received {c70 n20 {"type":"broadcast","message":813,"msg_id":62}}
2024/02/25 18:59:42 Sent {"src":"n20","dest":"c70","body":{"in_reply_to":62,"type":"broadcast_ok"}}
2024/02/25 18:59:42 Sent {"src":"n20","dest":"n12","body":{"messages":[800,813],"msg_id":23,"type":"broadcast"}}
2024/02/25 18:59:43 Received {n12 n20 {"messages":[779,786,783,788,781,784,790,792,785,780,793,778,791,787,782,809],"msg_id":836,"type":"broadcast"}}
2024/02/25 18:59:43 Sent {"src":"n20","dest":"n12","body":{"in_reply_to":836,"type":"broadcast_ok"}}
2024/02/25 18:59:43 Received {n12 n20 {"in_reply_to":23,"type":"broadcast_ok"}}
2024/02/25 18:59:43 Received {c70 n20 {"type":"broadcast","message":827,"msg_id":63}}
2024/02/25 18:59:43 Sent {"src":"n20","dest":"c70","body":{"in_reply_to":63,"type":"broadcast_ok"}}
2024/02/25 18:59:43 Received {c70 n20 {"type":"read","msg_id":64}}
2024/02/25 18:59:43 Sent {"src":"n20","dest":"c70","body":{"in_reply_to":64,"messages":[271,275,328,305,344,345,53,114,492,541,588,586,775,758,339,461,269,374,637,722,67,84,689,740,444,583,567,554,85,249,420,571,116,288,456,458,662,83,80,230,298,611,11,29,603,213,534,388,435,240,358,520,16,242,451,493,537,716,774,8,257,197,190,370,352,487,589,25,117,743,297,706,263,335,478,532,648,206,198,306,409,539,599,658,675,13,209,785,701,732,594,707,73,82,390,531,165,317,480,598,559,196,219,391,386,556,579,665,115,152,651,332,590,464,565,79,104,262,266,318,668,32,28,712,490,655,6,78,210,268,327,427,404,432,36,133,524,564,570,149,379,585,123,535,231,368,396,400,505,614,44,47,708,351,361,381,415,224,270,499,643,749,2,188,212,337,425,431,450,455,20,69,530,719,246,348,408,548,174,239,325,393,694,778,27,110,481,742,292,483,251,311,363,441,635,145,228,417,436,498,544,782,202,369,171,285,384,515,620,663,5,37,790,624,128,162,382,448,569,76,161,545,587,704,714,769,223,373,462,488,503,619,625,779,399,440,273,677,107,98,54,303,463,470,558,664,46,60,371,607,728,49,155,661,702,280,472,108,103,258,413,786,23,26,349,513,600,709,756,800,105,180,301,466,717,727,751,50,158,482,517,623,150,331,357,640,718,52,372,256,657,147,215,741,245,476,551,628,687,739,767,338,469,653,746,755,151,233,140,636,597,692,734,350,581,394,449,547,649,289,383,265,300,295,474,757,12,119,236,333,459,527,75,142,330,389,403,423,486,491,279,329,660,744,582,639,207,312,617,730,17,135,580,642,705,272,296,283,406,468,127,157,356,365,410,443,453,500,179,243,659,764,543,616,277,343,362,656,693,700,45,227,143,221,354,39,130,514,516,596,634,671,674,42,217,773,784,100,120,154,146,250,340,18,86,529,731,355,433,546,553,725,729,254,320,771,788,504,574,557,791,92,226,106,159,315,457,485,690,57,66,93,237,287,307,473,575,0,62,573,377,402,641,735,738,762,87,294,324,385,407,507,593,608,10,208,175,176,542,584,681,713,21,101,720,512,627,737,733,284,434,347,736,353,276,293,166,204,216,232,495,783,40,129,278,282,321,341,506,595,126,193,684,238,442,592,601,654,695,34,195,510,645,218,360,521,710,203,319,170,291,359,334,630,667,4,68,646,765,308,414,454,511,759,81,169,234,380,452,489,475,555,112,132,772,753,770,164,550,113,577,715,136,131,346,376,429,497,519,523,64,322,631,747,247,411,439,479,508,572,201,220,669,761,827,633,632,421,552,622,118,194,160,191,229,412,422,426,14,65,561,395,447,682,183,178,703,748,437,484,309,378,501,610,122,177,124,310,405,638,752,776,15,77,787,342,679,676,24,137,214,438,533,528,612,604,89,91,793,672,781,696,35,496,314,323,397,460,699,138,211,666,241,606,222,392,526,563,602,576,30,71,618,763,125,184,261,398,416,418,51,96,650,578,644,375,428,471,525,9,290,95,167,267,299,367,685,33,90,809,173,777,477,536,538,629,366,430,22,88,72,139,186,200,7,31,613,605,424,522,286,494,680,768,59,187,302,336,467,102,144,549,723,109,502,153,185,562,63,74,698,43,156,163,248,446,647,19,111,121,168,264,326,615,678,61,58,259,313,387,566,726,97,141,99,281,626,652,686,813,1,38,792,189,316,445,518,621,724,48,192,274,789,94,252,568,3,148,255,260,754,205,244,235,540,560,591,673,55,199,509,688,697,721,745,760,56,419,465,766,41,134,364,401,683,691,182,253,304,750,780,172,181,609,670,711,70,225],"type":"read_ok"}}
2024/02/25 18:59:43 Sent {"src":"n20","dest":"n12","body":{"messages":[827],"msg_id":24,"type":"broadcast"}}
2024/02/25 18:59:43 Received {n12 n20 {"messages":[812,798,811,807,805,804,801,815,797,810,795,808,794,803,806,802,796,814,799,822],"msg_id":864,"type":"broadcast"}}
2024/02/25 18:59:43 Sent {"src":"n20","dest":"n12","body":{"in_reply_to":864,"type":"broadcast_ok"}}
2024/02/25 18:59:43 Received {n12 n20 {"in_reply_to":24,"type":"broadcast_ok"}}
2024/02/25 18:59:43 Received {c70 n20 {"type":"broadcast","message":853,"msg_id":65}}
2024/02/25 18:59:43 Sent {"src":"n20","dest":"c70","body":{"in_reply_to":65,"type":"broadcast_ok"}}
2024/02/25 18:59:43 Sent {"src":"n20","dest":"n12","body":{"messages":[853],"msg_id":25,"type":"broadcast"}}
2024/02/25 18:59:44 Received {n12 n20 {"messages":[837,816,830,836,819,834,824,838,823,840,839,826,842,828,843,829,817,831,825,841,821,820,835,818,832,833,863],"msg_id":873,"type":"broadcast"}}
2024/02/25 18:59:44 Received {c70 n20 {"type":"read","msg_id":66}}
2024/02/25 18:59:44 Sent {"src":"n20","dest":"n12","body":{"in_reply_to":873,"type":"broadcast_ok"}}
2024/02/25 18:59:44 Sent {"src":"n20","dest":"c70","body":{"in_reply_to":66,"messages":[156,698,446,19,163,326,615,678,387,566,726,97,259,686,1,38,99,281,792,621,189,789,568,838,205,754,820,591,55,540,697,721,760,419,134,691,182,253,364,401,304,780,833,70,670,588,53,114,328,492,67,84,374,444,583,249,554,420,571,83,80,456,662,611,11,29,230,298,534,603,240,388,435,242,451,537,117,197,352,589,706,743,808,532,198,539,306,701,732,785,830,834,317,480,810,219,391,332,839,464,262,266,318,668,79,6,655,327,404,133,794,379,570,535,585,396,400,505,614,44,231,708,381,361,749,425,20,174,246,393,292,483,481,742,441,145,228,251,782,202,436,285,128,162,624,569,76,161,382,704,769,223,373,545,619,625,779,399,488,107,98,823,826,831,46,54,470,664,828,155,371,607,728,472,702,413,786,818,26,108,103,258,105,349,513,717,50,158,301,466,623,718,357,640,215,657,245,741,739,767,822,338,551,628,755,233,746,140,581,692,547,649,449,757,459,75,142,236,333,491,389,582,660,744,730,796,17,135,312,705,296,406,453,500,243,804,543,616,659,764,362,656,693,277,143,354,825,596,42,516,154,250,18,86,100,120,546,553,725,729,254,355,771,557,791,226,504,574,315,485,57,287,575,93,237,573,738,87,407,208,324,681,713,101,175,720,812,737,733,512,347,832,276,293,829,216,232,166,797,836,321,341,506,595,126,193,278,282,684,601,654,695,442,645,521,334,630,835,4,68,291,359,454,511,169,414,489,112,132,164,770,821,136,113,577,715,429,497,519,523,64,322,631,815,439,572,201,220,827,632,761,622,194,421,426,191,561,682,183,178,395,378,405,638,776,15,77,124,787,24,137,793,843,91,214,438,672,35,699,138,211,314,323,526,30,222,392,261,416,96,650,267,299,367,90,167,173,799,430,477,536,72,186,200,7,22,424,522,613,768,59,102,302,109,562,63,153,43,647,111,248,264,61,58,121,168,141,313,626,652,813,445,518,724,48,192,316,807,94,252,274,3,148,244,255,260,560,673,199,235,745,56,509,688,41,465,766,683,795,172,181,750,225,609,711,811,345,339,461,541,271,275,305,344,586,775,758,269,637,722,689,740,85,567,819,116,288,458,213,358,16,520,774,8,257,493,716,25,190,370,487,297,803,478,648,206,263,335,599,658,675,13,209,409,73,82,594,707,165,390,531,598,837,196,559,806,556,579,665,115,152,386,590,651,565,805,863,32,28,104,712,78,490,427,432,36,210,268,524,149,564,123,47,368,801,415,224,270,351,2,188,499,643,431,450,455,69,212,337,530,719,408,548,239,348,694,778,27,110,325,363,635,311,498,544,369,417,384,515,620,663,5,37,171,790,448,714,587,503,440,462,273,677,60,303,463,558,49,798,817,802,280,661,23,600,709,756,800,180,727,751,150,331,482,517,52,372,147,256,476,687,469,151,653,636,842,734,350,597,289,383,394,295,474,12,119,265,300,527,841,403,423,486,279,329,330,639,617,207,272,580,642,468,127,157,283,410,443,179,356,365,700,45,227,343,39,130,221,634,671,674,217,514,773,784,146,340,529,731,320,433,788,92,457,690,66,106,159,307,473,0,62,641,735,762,294,377,402,507,593,608,10,385,542,584,21,176,284,434,627,736,353,495,783,40,129,204,592,34,195,238,218,360,510,814,203,319,710,170,667,646,765,759,81,308,452,475,555,234,380,772,753,550,131,346,376,747,479,508,247,411,633,669,118,552,229,412,422,14,65,160,840,447,437,484,703,748,501,610,122,177,309,752,310,824,676,342,679,604,781,89,533,528,612,496,696,397,460,241,606,666,563,602,576,71,618,763,398,418,51,125,184,578,644,471,525,9,290,375,428,685,33,95,777,809,538,629,366,139,31,88,605,680,853,187,286,494,467,144,336,816,502,549,723,74,185],"type":"read_ok"}}
2024/02/25 18:59:44 Received {n12 n20 {"in_reply_to":25,"type":"broadcast_ok"}}
2024/02/25 18:59:44 Received {c70 n20 {"type":"read","msg_id":67}}
2024/02/25 18:59:44 Sent {"src":"n20","dest":"c70","body":{"in_reply_to":67,"messages":[134,182,253,364,401,691,304,780,833,70,670,53,114,328,492,588,67,84,374,444,583,249,554,420,571,83,80,456,662,11,29,230,298,611,534,603,240,388,435,242,451,537,117,197,352,589,706,743,808,198,532,306,539,701,732,785,830,317,834,480,810,219,391,332,839,464,318,668,79,262,266,6,655,404,133,327,379,570,794,535,585,505,614,44,231,396,400,708,361,381,749,20,425,174,246,393,292,483,481,742,145,228,251,441,782,202,436,285,128,162,624,76,161,382,569,769,223,373,545,704,625,779,399,488,619,107,98,831,46,54,470,664,823,826,155,371,607,728,828,472,702,818,26,108,103,258,413,786,105,349,513,50,158,301,466,717,623,357,640,718,215,657,245,741,767,822,338,551,628,739,233,746,755,140,581,692,449,547,649,757,75,142,236,333,459,491,389,582,660,744,796,17,135,312,730,296,705,406,453,500,243,543,616,659,764,804,693,277,362,656,143,354,825,42,516,596,250,18,86,100,120,154,725,729,254,355,546,553,771,226,504,574,557,791,485,57,315,575,93,237,287,573,738,87,208,324,407,681,713,101,175,720,812,512,737,733,347,832,276,293,829,166,216,232,797,836,506,595,126,193,278,282,321,341,684,654,695,442,601,645,521,835,4,68,291,359,334,630,169,414,454,511,112,132,489,164,770,136,113,577,715,821,519,523,64,322,429,497,631,815,572,201,220,439,632,761,827,194,421,622,426,191,561,183,178,395,682,378,776,15,77,124,405,638,787,24,137,91,214,438,672,793,843,35,699,138,211,314,323,30,222,392,526,416,96,261,650,367,90,167,267,299,173,799,430,477,536,186,200,7,22,72,424,522,613,59,768,102,302,109,63,153,562,43,111,248,647,61,58,121,168,264,141,313,813,626,652,724,48,192,316,445,518,94,252,274,807,3,148,244,255,260,673,199,235,560,745,56,509,688,41,465,766,795,683,172,181,750,225,609,711,811,461,541,271,275,305,344,345,339,586,775,758,269,637,722,689,740,85,567,819,116,288,458,213,358,16,520,8,257,493,716,774,25,190,370,487,297,803,648,206,263,335,478,658,675,13,209,409,599,73,82,594,707,165,390,531,598,837,196,559,806,665,115,152,386,556,579,590,651,565,805,863,32,28,104,712,78,490,432,36,210,268,427,524,149,564,123,47,368,801,224,270,351,415,2,188,499,643,450,455,69,212,337,431,530,719,239,348,408,548,27,110,325,694,778,635,311,363,369,417,498,544,620,663,5,37,171,384,515,790,448,587,714,440,462,503,273,677,60,303,463,558,49,798,817,280,661,802,23,756,800,180,600,709,751,727,150,331,482,517,52,372,147,256,476,469,687,151,653,636,842,350,597,734,289,383,394,12,119,265,300,295,474,527,841,486,279,329,330,403,423,639,207,617,272,580,642,127,157,283,468,179,356,365,410,443,700,45,227,343,39,130,221,671,674,217,514,634,773,784,340,146,529,731,320,433,788,92,690,66,106,159,457,473,0,62,307,762,294,377,402,641,735,593,608,10,385,507,21,176,542,584,284,434,627,736,353,495,783,40,129,204,34,195,238,592,218,360,510,203,319,710,814,170,667,646,765,759,81,308,475,555,234,380,452,772,753,550,131,346,376,747,508,247,411,479,633,669,118,552,422,14,65,160,229,412,447,840,437,484,703,748,122,177,309,501,610,752,310,824,342,679,676,89,533,528,612,604,781,496,696,397,460,241,606,666,602,576,71,563,618,763,418,51,125,184,398,578,644,9,290,375,428,471,525,685,33,95,777,809,366,538,629,31,88,139,605,853,187,286,494,680,144,336,467,502,549,723,816,74,185,156,698,19,163,446,615,678,326,726,97,259,387,566,686,1,38,99,281,792,621,189,789,568,838,205,754,820,55,540,591,760,419,697,721],"type":"read_ok"}}
2024/02/25 18:59:44 Received {n12 n20 {"messages":[861,855,848,860,850,856,852,849,864,845,857,858,859,846,862,854,847,844,851,871],"msg_id":902,"type":"broadcast"}}
2024/02/25 18:59:44 Sent {"src":"n20","dest":"n12","body":{"in_reply_to":902,"type":"broadcast_ok"}}
2024/02/25 18:59:44 Received {c70 n20 {"type":"read","msg_id":68}}
2024/02/25 18:59:44 Sent {"src":"n20","dest":"c70","body":{"in_reply_to":68,"messages":[24,137,438,672,793,843,91,214,35,314,323,699,138,211,222,392,526,30,261,416,96,650,167,267,299,367,90,799,173,477,536,430,22,72,186,200,7,613,424,522,768,59,302,102,109,153,562,63,43,248,647,111,121,168,264,61,58,313,141,626,652,813,316,445,518,724,864,48,192,274,807,94,252,3,148,260,244,255,235,560,673,199,509,688,745,56,465,766,41,683,795,750,172,181,711,811,225,609,305,344,345,339,461,541,271,275,758,586,775,722,269,637,856,689,740,85,567,819,458,116,288,213,358,16,520,493,716,774,852,8,257,370,487,25,190,297,803,335,478,648,206,263,409,599,658,675,13,209,594,707,73,82,531,165,390,598,837,806,196,559,386,556,579,665,115,152,590,651,863,565,805,104,712,32,28,78,490,268,427,432,524,36,210,854,149,564,123,801,47,368,351,415,224,270,499,643,2,188,337,431,450,455,530,719,69,212,408,548,239,348,325,694,778,861,27,110,635,311,363,417,498,544,369,171,384,515,620,663,790,5,37,448,587,714,462,503,440,273,677,463,558,60,303,817,49,798,802,280,661,23,709,756,800,180,600,727,751,482,517,150,331,52,372,256,147,476,687,469,653,151,842,636,734,350,597,394,289,383,265,300,295,474,12,119,527,841,330,403,423,486,279,329,639,207,617,642,846,272,580,283,468,127,157,356,365,410,443,179,343,700,45,227,221,858,39,130,514,634,671,674,217,773,784,146,340,529,731,433,320,788,92,106,159,457,690,66,307,473,0,62,377,402,641,735,762,294,385,507,593,608,10,176,542,584,21,627,284,434,736,353,204,495,783,40,129,238,592,34,195,510,218,360,710,814,203,319,646,765,170,667,759,81,308,234,380,452,475,555,772,753,550,131,346,376,747,247,411,479,508,669,633,857,118,552,160,229,412,422,14,65,447,840,703,748,437,484,309,501,610,122,177,310,752,824,342,679,676,528,612,604,781,89,533,696,496,397,460,666,241,606,563,602,576,71,618,763,125,184,398,418,51,578,644,375,428,471,525,9,290,95,685,33,809,777,538,629,366,88,139,31,605,286,494,680,853,187,336,467,144,549,723,816,502,185,74,698,156,163,446,19,326,615,678,259,387,566,726,97,99,281,686,1,38,792,189,621,789,568,838,820,205,754,540,591,55,697,721,760,419,134,364,401,691,182,253,833,304,780,844,70,670,328,492,588,53,114,374,67,84,444,583,249,554,420,571,456,662,83,80,230,298,611,11,29,534,603,435,240,388,242,451,537,352,589,117,197,808,706,743,198,532,701,732,785,306,539,830,317,834,480,810,219,849,391,332,839,464,266,318,668,79,262,6,655,404,133,327,794,379,570,535,585,396,400,505,614,708,44,231,361,381,749,20,425,174,246,393,481,742,862,292,483,251,441,145,228,436,782,202,285,850,624,128,162,382,569,76,161,545,704,769,223,373,488,619,625,779,399,107,98,470,664,823,826,831,46,54,607,728,828,155,371,847,472,702,103,258,413,786,818,26,108,513,855,105,349,301,466,717,50,158,623,357,640,718,657,215,741,245,551,628,739,767,822,338,746,755,233,140,851,581,692,449,547,649,757,236,333,459,75,142,389,491,660,744,582,312,730,796,17,135,296,705,406,859,453,500,243,659,764,804,543,616,277,362,656,693,825,143,354,516,596,42,100,120,154,250,18,86,355,546,553,725,729,254,771,504,574,557,791,226,315,485,57,93,237,287,575,573,738,87,324,407,208,175,681,713,101,720,812,733,848,512,737,347,832,829,276,293,232,797,836,871,166,216,278,282,321,341,506,595,126,193,684,442,601,654,695,645,521,291,359,334,630,835,4,68,454,511,860,169,414,489,112,132,770,164,577,715,821,136,113,429,497,519,523,64,322,815,631,439,572,201,220,761,827,632,622,194,421,191,426,561,395,682,183,178,845,378,124,405,638,776,15,77,787],"type":"read_ok"}}
2024/02/25 18:59:44 Received {c70 n20 {"type":"broadcast","message":898,"msg_id":69}}
2024/02/25 18:59:44 Sent {"src":"n20","dest":"c70","body":{"in_reply_to":69,"type":"broadcast_ok"}}
2024/02/25 18:59:44 Sent {"src":"n20","dest":"n12","body":{"messages":[898],"msg_id":26,"type":"broadcast"}}
2024/02/25 18:59:45 Received {n12 n20 {"messages":[874,883,868,878,869,879,873,877,866,875,867,876,870,865,872,894],"msg_id":930,"type":"broadcast"}}
2024/02/25 18:59:45 Sent {"src":"n20","dest":"n12","body":{"in_reply_to":930,"type":"broadcast_ok"}}
2024/02/25 18:59:45 Received {n12 n20 {"in_reply_to":26,"type":"broadcast_ok"}}
2024/02/25 18:59:45 Received {n12 n20 {"messages":[886,900,885,902,903,896,891,904,892,889,905,888,899,881,884,895,887,897,880,893,890,901,882],"msg_id":945,"type":"broadcast"}}
2024/02/25 18:59:45 Sent {"src":"n20","dest":"n12","body":{"in_reply_to":945,"type":"broadcast_ok"}}
2024/02/25 18:59:46 Received {n12 n20 {"messages":[906],"msg_id":974,"type":"broadcast"}}
2024/02/25 18:59:46 Sent {"src":"n20","dest":"n12","body":{"in_reply_to":974,"type":"broadcast_ok"}}
2024/02/25 18:59:55 Received {c70 n20 {"type":"read","msg_id":70}}
2024/02/25 18:59:55 Sent {"src":"n20","dest":"c70","body":{"in_reply_to":70,"messages":[660,744,389,491,582,730,796,17,135,312,296,705,406,859,879,543,616,659,764,804,243,453,500,693,277,362,656,143,354,825,42,516,596,120,154,250,18,86,100,553,725,729,771,254,355,546,557,791,226,504,574,57,315,485,575,573,905,93,237,287,87,738,901,208,324,407,713,720,812,866,101,175,681,848,512,737,733,347,832,873,276,293,829,797,836,871,166,216,232,282,321,341,506,595,126,193,278,684,695,442,601,654,645,521,359,334,630,835,4,68,291,511,860,169,414,454,112,132,489,164,770,715,821,136,113,577,497,519,523,631,815,64,322,429,888,572,632,761,827,201,220,439,194,421,622,899,191,426,561,682,183,178,395,845,875,378,405,638,776,787,15,77,124,24,137,672,793,843,867,91,214,438,35,323,699,138,211,314,526,30,222,392,261,416,96,650,167,267,299,367,90,799,173,430,477,536,72,186,200,7,22,424,522,613,768,59,102,302,109,884,562,63,153,43,111,248,647,168,264,886,61,58,121,313,141,626,652,813,445,518,724,864,48,192,316,807,895,94,252,274,3,148,244,255,260,673,874,199,235,560,688,745,56,509,766,41,465,683,795,172,181,750,811,225,609,711,344,345,339,461,541,271,275,305,586,775,758,269,637,722,689,740,856,85,567,819,116,288,458,213,358,16,520,882,716,774,852,8,257,493,487,25,190,370,297,803,478,648,903,206,263,335,599,658,675,13,209,409,898,707,904,73,82,594,165,390,531,598,837,196,559,806,556,579,665,115,152,386,590,651,872,565,805,863,712,32,28,104,78,490,427,432,524,36,210,268,149,564,854,123,47,368,801,415,224,270,351,643,2,188,499,431,450,455,530,719,69,212,337,548,239,348,408,694,778,861,27,110,325,311,363,635,544,890,369,417,498,384,515,620,663,790,5,37,171,448,587,714,440,462,503,273,677,558,877,60,303,463,49,798,817,280,661,802,23,756,800,891,180,600,709,727,751,517,150,331,482,52,372,147,256,476,469,687,885,151,653,636,842,865,350,597,734,289,383,394,300,295,474,12,119,265,527,841,403,423,486,639,279,329,330,207,617,846,272,580,642,468,127,157,283,410,443,179,356,365,700,887,45,227,343,858,39,130,221,671,674,773,784,880,217,514,634,731,146,340,529,320,433,788,92,457,690,66,106,159,473,0,62,307,641,735,762,294,377,402,593,608,10,385,507,584,21,176,542,284,434,627,736,876,353,495,783,40,129,204,894,592,34,195,238,218,360,510,814,203,319,710,765,170,667,646,81,308,759,475,555,772,753,234,380,452,550,131,346,376,747,508,633,669,247,411,479,118,552,857,229,412,422,14,65,160,447,840,748,437,484,703,501,610,122,177,309,310,752,824,342,679,676,612,604,781,89,533,528,496,696,397,460,241,606,666,576,618,763,71,563,602,184,398,418,51,125,578,644,428,471,525,9,290,375,685,33,95,777,809,878,366,538,629,88,139,31,605,494,680,853,187,286,336,467,144,816,897,502,549,723,185,74,156,698,889,19,163,446,326,615,678,387,566,726,97,259,281,686,1,38,99,792,189,621,789,568,838,883,205,754,820,893,55,540,591,697,721,760,419,134,401,691,182,253,364,304,780,833,70,670,844,492,588,53,114,328,67,84,374,444,583,249,554,420,571,662,83,80,456,298,611,11,29,230,534,603,240,388,435,242,451,537,589,117,197,352,706,743,808,198,532,732,785,306,539,701,830,317,834,900,480,810,219,849,906,391,332,839,464,318,668,79,262,266,6,655,896,133,327,404,892,379,570,794,535,585,400,505,614,708,44,231,396,361,381,749,20,425,174,246,393,742,862,292,483,481,441,145,228,251,202,436,782,285,850,128,162,624,569,76,161,382,704,769,223,373,545,625,779,399,488,619,107,98,870,664,823,826,831,46,54,470,728,828,155,371,607,472,702,847,258,413,786,818,26,108,103,855,105,349,513,466,717,50,158,301,623,869,902,357,640,718,215,657,881,245,741,739,767,822,338,551,628,233,746,755,140,868,581,692,851,449,547,649,757,333,459,75,142,236],"type":"read_ok"}}
