2024/02/25 18:59:24 Received {c22 n21 {"type":"init","node_id":"n21","node_ids":["n0","n1","n2","n3","n4","n5","n6","n7","n8","n9","n10","n11","n12","n13","n14","n15","n16","n17","n18","n19","n20","n21","n22","n23","n24"],"msg_id":1}}
2024/02/25 18:59:24 Node n21 initialized
2024/02/25 18:59:24 Sent {"src":"n21","dest":"c22","body":{"in_reply_to":1,"type":"init_ok"}}
2024/02/25 18:59:25 Received {c46 n21 {"type":"topology","topology":{"n2":["n7","n3","n1"],"n21":["n16","n22","n20"],"n23":["n18","n24","n22"],"n5":["n10","n0","n6"],"n8":["n13","n3","n9","n7"],"n6":["n11","n1","n7","n5"],"n19":["n24","n14","n18"],"n14":["n19","n9","n13"],"n17":["n22","n12","n18","n16"],"n1":["n6","n2","n0"],"n24":["n19","n23"],"n4":["n9","n3"],"n0":["n5","n1"],"n18":["n23","n13","n19","n17"],"n9":["n14","n4","n8"],"n10":["n15","n5","n11"],"n22":["n17","n23","n21"],"n15":["n20","n10","n16"],"n13":["n18","n8","n14","n12"],"n3":["n8","n4","n2"],"n12":["n17","n7","n13","n11"],"n11":["n16","n6","n12","n10"],"n16":["n21","n11","n17","n15"],"n7":["n12","n2","n8","n6"],"n20":["n15","n21"]},"msg_id":1}}
2024/02/25 18:59:25 Sent {"src":"n21","dest":"c46","body":{"in_reply_to":1,"type":"topology_ok"}}
2024/02/25 18:59:25 Received {c71 n21 {"type":"read","msg_id":1}}
2024/02/25 18:59:25 Sent {"src":"n21","dest":"c71","body":{"in_reply_to":1,"messages":[],"type":"read_ok"}}
2024/02/25 18:59:25 Received {c71 n21 {"type":"broadcast","message":26,"msg_id":2}}
2024/02/25 18:59:25 Sent {"src":"n21","dest":"c71","body":{"in_reply_to":2,"type":"broadcast_ok"}}
2024/02/25 18:59:25 Received {c71 n21 {"type":"read","msg_id":3}}
2024/02/25 18:59:25 Sent {"src":"n21","dest":"c71","body":{"in_reply_to":3,"messages":[26],"type":"read_ok"}}
2024/02/25 18:59:25 Sent {"src":"n21","dest":"n12","body":{"messages":[26],"msg_id":1,"type":"broadcast"}}
2024/02/25 18:59:26 Received {n12 n21 {"messages":[9,20,3,16,2,15,7,14,17,4,18,10,19,5,0,11,12,8,6,13,1,39],"msg_id":17,"type":"broadcast"}}
2024/02/25 18:59:26 Sent {"src":"n21","dest":"n12","body":{"in_reply_to":17,"type":"broadcast_ok"}}
2024/02/25 18:59:26 Received {n12 n21 {"in_reply_to":1,"type":"broadcast_ok"}}
2024/02/25 18:59:26 Received {c71 n21 {"type":"read","msg_id":4}}
2024/02/25 18:59:26 Sent {"src":"n21","dest":"c71","body":{"in_reply_to":4,"messages":[12,1,9,7,18,6,39,15,14,19,17,10,0,8,13,26,3,2,5,11,20,16,4],"type":"read_ok"}}
2024/02/25 18:59:26 Received {c71 n21 {"type":"read","msg_id":5}}
2024/02/25 18:59:26 Sent {"src":"n21","dest":"c71","body":{"in_reply_to":5,"messages":[14,19,6,39,15,3,2,17,10,0,8,13,26,16,4,5,11,20,7,18,12,1,9],"type":"read_ok"}}
2024/02/25 18:59:26 Received {n12 n21 {"messages":[35,27,45,24,32,43,31,37,30,48,36,28,29,46,21,38,22,23,40,25,42,33,41,44,47,34,64],"msg_id":46,"type":"broadcast"}}
2024/02/25 18:59:26 Sent {"src":"n21","dest":"n12","body":{"in_reply_to":46,"type":"broadcast_ok"}}
2024/02/25 18:59:26 Received {c71 n21 {"type":"broadcast","message":80,"msg_id":6}}
2024/02/25 18:59:26 Sent {"src":"n21","dest":"c71","body":{"in_reply_to":6,"type":"broadcast_ok"}}
2024/02/25 18:59:26 Received {c71 n21 {"type":"read","msg_id":7}}
2024/02/25 18:59:26 Sent {"src":"n21","dest":"c71","body":{"in_reply_to":7,"messages":[2,17,0,27,34,3,38,44,64,20,7,12,48,29,22,9,19,39,43,46,21,23,15,10,8,13,24,31,36,25,26,47,4,5,11,28,33,16,1,35,32,37,30,40,42,18,80,41,6,45,14],"type":"read_ok"}}
2024/02/25 18:59:26 Sent {"src":"n21","dest":"n12","body":{"messages":[80],"msg_id":2,"type":"broadcast"}}
2024/02/25 18:59:27 Received {n12 n21 {"messages":[55,67,50,61,73,75,56,60,51,62,72,57,68,59,69,52,65,49,63,70,53,58,54,66,71],"msg_id":64,"type":"broadcast"}}
2024/02/25 18:59:27 Sent {"src":"n21","dest":"n12","body":{"in_reply_to":64,"type":"broadcast_ok"}}
2024/02/25 18:59:27 Received {n12 n21 {"in_reply_to":2,"type":"broadcast_ok"}}
2024/02/25 18:59:27 Received {c71 n21 {"type":"read","msg_id":8}}
2024/02/25 18:59:27 Sent {"src":"n21","dest":"c71","body":{"in_reply_to":8,"messages":[47,10,13,31,60,51,5,33,50,42,41,57,32,37,30,14,6,0,3,2,17,75,54,38,44,64,22,55,56,7,12,48,68,71,19,39,46,36,25,73,58,66,26,8,24,28,62,16,4,11,40,80,65,49,18,1,35,45,70,59,69,52,27,34,67,20,72,9,29,63,23,61,53,15,43,21],"type":"read_ok"}}
2024/02/25 18:59:27 Received {n12 n21 {"messages":[74,88,78,79,87,81,90,83,92,86,76,85,89,91,84,77,82,109],"msg_id":77,"type":"broadcast"}}
2024/02/25 18:59:27 Received {c71 n21 {"type":"broadcast","message":113,"msg_id":9}}
2024/02/25 18:59:27 Sent {"src":"n21","dest":"n12","body":{"in_reply_to":77,"type":"broadcast_ok"}}
2024/02/25 18:59:27 Sent {"src":"n21","dest":"c71","body":{"in_reply_to":9,"type":"broadcast_ok"}}
2024/02/25 18:59:27 Received {c71 n21 {"type":"broadcast","message":128,"msg_id":10}}
2024/02/25 18:59:27 Sent {"src":"n21","dest":"c71","body":{"in_reply_to":10,"type":"broadcast_ok"}}
2024/02/25 18:59:27 Sent {"src":"n21","dest":"n12","body":{"messages":[113,128],"msg_id":3,"type":"broadcast"}}
2024/02/25 18:59:28 Received {n12 n21 {"messages":[106,112,100,111,101,93,104,95,107,94,105,98,102,96,108,103,110,97,99,122,136],"msg_id":101,"type":"broadcast"}}
2024/02/25 18:59:28 Sent {"src":"n21","dest":"n12","body":{"in_reply_to":101,"type":"broadcast_ok"}}
2024/02/25 18:59:28 Received {c71 n21 {"type":"broadcast","message":139,"msg_id":11}}
2024/02/25 18:59:28 Sent {"src":"n21","dest":"c71","body":{"in_reply_to":11,"type":"broadcast_ok"}}
2024/02/25 18:59:28 Received {n12 n21 {"in_reply_to":3,"type":"broadcast_ok"}}
2024/02/25 18:59:28 Received {c71 n21 {"type":"broadcast","message":150,"msg_id":12}}
2024/02/25 18:59:28 Sent {"src":"n21","dest":"c71","body":{"in_reply_to":12,"type":"broadcast_ok"}}
2024/02/25 18:59:28 Sent {"src":"n21","dest":"n12","body":{"messages":[139,150],"msg_id":4,"type":"broadcast"}}
2024/02/25 18:59:28 Received {n12 n21 {"messages":[126,114,133,127,117,118,132,120,134,130,116,131,125,121,135,119,123,137,115,129,124,145],"msg_id":136,"type":"broadcast"}}
2024/02/25 18:59:28 Sent {"src":"n21","dest":"n12","body":{"in_reply_to":136,"type":"broadcast_ok"}}
2024/02/25 18:59:28 Received {n12 n21 {"in_reply_to":4,"type":"broadcast_ok"}}
2024/02/25 18:59:28 Received {c71 n21 {"type":"broadcast","message":162,"msg_id":13}}
2024/02/25 18:59:28 Sent {"src":"n21","dest":"c71","body":{"in_reply_to":13,"type":"broadcast_ok"}}
2024/02/25 18:59:28 Received {c71 n21 {"type":"broadcast","message":173,"msg_id":14}}
2024/02/25 18:59:28 Sent {"src":"n21","dest":"c71","body":{"in_reply_to":14,"type":"broadcast_ok"}}
2024/02/25 18:59:28 Sent {"src":"n21","dest":"n12","body":{"messages":[162,173],"msg_id":5,"type":"broadcast"}}
2024/02/25 18:59:29 Received {n12 n21 {"messages":[143,140,151,158,138,149,154,142,141,152,153,147,146,148,144,155],"msg_id":149,"type":"broadcast"}}
2024/02/25 18:59:29 Sent {"src":"n21","dest":"n12","body":{"in_reply_to":149,"type":"broadcast_ok"}}
2024/02/25 18:59:29 Received {n12 n21 {"in_reply_to":5,"type":"broadcast_ok"}}
2024/02/25 18:59:29 Received {c71 n21 {"type":"broadcast","message":187,"msg_id":15}}
2024/02/25 18:59:29 Sent {"src":"n21","dest":"c71","body":{"in_reply_to":15,"type":"broadcast_ok"}}
2024/02/25 18:59:29 Sent {"src":"n21","dest":"n12","body":{"messages":[187],"msg_id":6,"type":"broadcast"}}
2024/02/25 18:59:29 Received {n12 n21 {"messages":[156,172,168,166,175,157,169,160,159,163,177,170,164,165,161,176,167,174,171,197],"msg_id":179,"type":"broadcast"}}
2024/02/25 18:59:29 Received {c71 n21 {"type":"broadcast","message":202,"msg_id":16}}
2024/02/25 18:59:29 Sent {"src":"n21","dest":"n12","body":{"in_reply_to":179,"type":"broadcast_ok"}}
2024/02/25 18:59:29 Sent {"src":"n21","dest":"c71","body":{"in_reply_to":16,"type":"broadcast_ok"}}
2024/02/25 18:59:29 Received {n12 n21 {"in_reply_to":6,"type":"broadcast_ok"}}
2024/02/25 18:59:29 Received {c71 n21 {"type":"broadcast","message":213,"msg_id":17}}
2024/02/25 18:59:29 Sent {"src":"n21","dest":"c71","body":{"in_reply_to":17,"type":"broadcast_ok"}}
2024/02/25 18:59:29 Sent {"src":"n21","dest":"n12","body":{"messages":[202,213],"msg_id":7,"type":"broadcast"}}
2024/02/25 18:59:30 Received {n12 n21 {"messages":[186,180,182,195,179,183,178,192,190,191,185,189,193,181,194,188,184,196,208],"msg_id":196,"type":"broadcast"}}
2024/02/25 18:59:30 Sent {"src":"n21","dest":"n12","body":{"in_reply_to":196,"type":"broadcast_ok"}}
2024/02/25 18:59:30 Received {n12 n21 {"in_reply_to":7,"type":"broadcast_ok"}}
2024/02/25 18:59:30 Received {c71 n21 {"type":"broadcast","message":231,"msg_id":18}}
2024/02/25 18:59:30 Sent {"src":"n21","dest":"c71","body":{"in_reply_to":18,"type":"broadcast_ok"}}
2024/02/25 18:59:30 Sent {"src":"n21","dest":"n12","body":{"messages":[231],"msg_id":8,"type":"broadcast"}}
2024/02/25 18:59:30 Received {n12 n21 {"messages":[212,223,201,214,204,215,209,205,216,206,198,210,203,207,199,211,200,242],"msg_id":234,"type":"broadcast"}}
2024/02/25 18:59:30 Received {c71 n21 {"type":"read","msg_id":19}}
2024/02/25 18:59:30 Sent {"src":"n21","dest":"n12","body":{"in_reply_to":234,"type":"broadcast_ok"}}
2024/02/25 18:59:30 Sent {"src":"n21","dest":"c71","body":{"in_reply_to":19,"messages":[201,209,194,51,158,160,170,106,0,107,134,145,147,231,212,2,54,77,136,143,154,75,12,56,124,202,183,196,7,118,203,39,97,144,157,186,25,28,62,90,82,11,152,207,27,174,153,63,187,189,9,21,123,166,92,150,13,95,114,165,200,50,37,42,41,172,78,205,6,83,128,214,126,223,64,113,105,115,197,71,94,146,167,68,24,73,58,100,93,132,26,151,4,162,215,199,211,16,108,161,191,210,40,127,137,133,59,173,193,67,181,99,163,119,182,112,61,53,121,208,10,33,131,175,180,5,190,164,216,139,148,17,44,242,38,156,55,46,140,19,36,66,109,110,141,204,8,101,98,86,65,18,70,213,45,85,120,177,179,34,125,176,184,89,168,178,84,88,129,171,43,47,155,206,31,79,76,135,60,30,57,74,138,32,130,159,14,117,3,81,103,188,22,122,48,169,195,185,111,149,142,104,35,80,49,87,1,192,69,52,102,116,72,91,96,20,198,29,23,15],"type":"read_ok"}}
2024/02/25 18:59:30 Received {n12 n21 {"in_reply_to":8,"type":"broadcast_ok"}}
2024/02/25 18:59:30 Received {c71 n21 {"type":"broadcast","message":254,"msg_id":20}}
2024/02/25 18:59:30 Sent {"src":"n21","dest":"c71","body":{"in_reply_to":20,"type":"broadcast_ok"}}
2024/02/25 18:59:30 Sent {"src":"n21","dest":"n12","body":{"messages":[254],"msg_id":9,"type":"broadcast"}}
2024/02/25 18:59:31 Received {n12 n21 {"messages":[221,239,230,232,227,229,236,217,237,220,238,235,240,241,228,245,234,222,225,244,224,243,218,233,219,226],"msg_id":243,"type":"broadcast"}}
2024/02/25 18:59:31 Sent {"src":"n21","dest":"n12","body":{"in_reply_to":243,"type":"broadcast_ok"}}
2024/02/25 18:59:31 Received {n12 n21 {"in_reply_to":9,"type":"broadcast_ok"}}
2024/02/25 18:59:31 Received {c71 n21 {"type":"broadcast","message":269,"msg_id":21}}
2024/02/25 18:59:31 Sent {"src":"n21","dest":"c71","body":{"in_reply_to":21,"type":"broadcast_ok"}}
2024/02/25 18:59:31 Received {c71 n21 {"type":"read","msg_id":22}}
2024/02/25 18:59:31 Sent {"src":"n21","dest":"c71","body":{"in_reply_to":22,"messages":[123,166,240,21,92,150,13,95,114,165,200,50,42,41,172,37,78,205,222,244,6,128,214,83,126,223,64,105,115,197,113,71,94,146,167,225,269,68,24,73,58,100,93,132,151,26,4,162,215,199,211,16,108,161,191,210,233,40,127,137,133,59,173,193,181,67,163,226,99,119,182,112,53,121,61,208,218,10,33,131,175,180,190,5,164,216,230,139,148,17,44,242,38,156,217,55,46,140,221,219,19,36,66,109,110,141,204,8,101,98,229,86,65,18,70,213,45,85,120,177,179,238,34,125,176,184,243,89,168,178,84,88,129,171,43,47,155,206,31,79,76,135,60,30,57,74,138,32,130,159,14,117,3,103,188,81,22,122,48,195,185,169,149,142,241,111,104,35,80,49,87,228,1,192,52,102,116,69,72,91,96,20,198,29,23,234,15,201,209,194,158,160,51,245,232,170,106,0,107,134,145,147,231,212,2,54,77,136,143,154,235,75,12,56,124,202,183,196,254,7,236,118,203,39,97,144,157,186,237,25,28,62,90,82,227,224,11,152,207,239,220,27,174,153,63,187,189,9],"type":"read_ok"}}
2024/02/25 18:59:31 Sent {"src":"n21","dest":"n12","body":{"messages":[269],"msg_id":10,"type":"broadcast"}}
2024/02/25 18:59:31 Received {n12 n21 {"messages":[255,260,262,253,247,257,246,250,249,259,251,248,258,252,256],"msg_id":285,"type":"broadcast"}}
2024/02/25 18:59:31 Sent {"src":"n21","dest":"n12","body":{"in_reply_to":285,"type":"broadcast_ok"}}
2024/02/25 18:59:31 Received {n12 n21 {"in_reply_to":10,"type":"broadcast_ok"}}
2024/02/25 18:59:31 Received {c71 n21 {"type":"broadcast","message":292,"msg_id":23}}
2024/02/25 18:59:31 Sent {"src":"n21","dest":"c71","body":{"in_reply_to":23,"type":"broadcast_ok"}}
2024/02/25 18:59:31 Sent {"src":"n21","dest":"n12","body":{"messages":[292],"msg_id":11,"type":"broadcast"}}
2024/02/25 18:59:32 Received {n12 n21 {"messages":[266,271,268,278,272,273,267,270,280,276,263,261,274,265,277,264,275,279,289,300],"msg_id":292,"type":"broadcast"}}
2024/02/25 18:59:32 Received {c71 n21 {"type":"broadcast","message":304,"msg_id":24}}
2024/02/25 18:59:32 Sent {"src":"n21","dest":"n12","body":{"in_reply_to":292,"type":"broadcast_ok"}}
2024/02/25 18:59:32 Sent {"src":"n21","dest":"c71","body":{"in_reply_to":24,"type":"broadcast_ok"}}
2024/02/25 18:59:32 Received {n12 n21 {"in_reply_to":11,"type":"broadcast_ok"}}
2024/02/25 18:59:32 Received {c71 n21 {"type":"read","msg_id":25}}
2024/02/25 18:59:32 Sent {"src":"n21","dest":"c71","body":{"in_reply_to":25,"messages":[146,167,225,269,247,68,71,94,58,100,93,132,151,26,24,73,252,278,265,215,199,211,16,4,162,191,210,233,40,108,161,133,127,137,193,181,67,59,173,99,163,226,279,112,119,182,280,61,53,121,10,208,218,175,180,190,5,33,131,164,271,139,216,230,264,17,148,257,249,38,44,242,261,55,156,217,221,219,19,46,140,109,110,141,204,8,36,66,229,86,101,98,18,65,262,45,70,213,177,179,238,251,270,34,85,120,184,243,89,125,176,259,266,300,84,168,178,171,43,88,129,206,31,47,155,135,260,60,79,76,74,138,32,30,57,14,130,159,3,117,267,81,103,188,48,22,122,275,169,195,185,241,111,149,142,104,258,263,49,87,228,255,1,35,80,192,272,273,116,69,52,102,96,20,72,91,29,198,276,304,15,23,234,194,201,209,51,158,160,232,245,106,170,134,145,147,231,212,2,0,107,289,136,143,154,235,75,54,77,124,202,183,196,254,7,12,56,236,246,268,253,39,118,203,157,186,237,25,97,144,90,82,227,224,256,11,28,62,274,152,220,27,207,239,153,174,277,189,248,9,63,187,240,21,123,166,250,13,92,150,165,200,50,95,114,172,37,42,41,222,244,292,6,78,205,83,128,214,64,126,223,197,113,105,115],"type":"read_ok"}}
2024/02/25 18:59:32 Sent {"src":"n21","dest":"n12","body":{"messages":[304],"msg_id":12,"type":"broadcast"}}
2024/02/25 18:59:32 Received {n12 n21 {"messages":[302,293,291,286,296,284,295,297,283,301,290,288,299,287,298,282,281,294,285,314,328],"msg_id":320,"type":"broadcast"}}
2024/02/25 18:59:32 Received {c71 n21 {"type":"read","msg_id":26}}
2024/02/25 18:59:32 Sent {"src":"n21","dest":"n12","body":{"in_reply_to":320,"type":"broadcast_ok"}}
2024/02/25 18:59:32 Sent {"src":"n21","dest":"c71","body":{"in_reply_to":26,"messages":[26,24,73,58,100,93,132,151,252,278,265,295,16,4,162,215,199,211,40,108,161,191,210,233,133,127,137,67,59,173,193,181,283,99,163,226,112,119,182,279,61,53,121,280,287,314,10,208,218,5,33,131,175,180,190,299,164,271,297,139,216,230,302,291,17,148,257,264,38,44,242,249,55,156,217,261,19,46,140,221,219,8,36,66,109,110,141,204,86,101,98,229,18,65,45,70,213,262,34,85,120,177,179,238,251,270,89,125,176,184,243,281,84,168,178,259,266,300,290,43,88,129,171,31,47,155,206,60,79,76,135,260,296,32,30,57,74,138,14,130,159,3,117,288,81,103,188,267,294,48,22,122,169,195,185,275,111,149,142,241,104,258,263,1,35,80,49,87,228,255,192,272,273,284,69,52,102,116,20,72,91,96,29,198,15,23,234,276,304,282,285,194,201,209,51,158,160,232,245,106,170,2,0,107,134,145,147,231,212,289,75,54,77,136,143,154,235,7,12,56,124,202,183,196,254,236,246,268,39,118,203,253,25,97,144,157,186,237,11,28,62,90,82,227,224,256,274,293,152,286,27,207,239,220,153,174,277,9,63,187,189,248,21,123,166,240,301,13,92,150,250,50,95,114,165,200,298,37,42,41,172,6,78,205,222,244,292,83,128,214,64,126,223,328,113,105,115,197,68,71,94,146,167,225,269,247],"type":"read_ok"}}
2024/02/25 18:59:32 Received {n12 n21 {"in_reply_to":12,"type":"broadcast_ok"}}
2024/02/25 18:59:32 Received {c71 n21 {"type":"broadcast","message":350,"msg_id":27}}
2024/02/25 18:59:32 Sent {"src":"n21","dest":"c71","body":{"in_reply_to":27,"type":"broadcast_ok"}}
2024/02/25 18:59:32 Sent {"src":"n21","dest":"n12","body":{"messages":[350],"msg_id":13,"type":"broadcast"}}
2024/02/25 18:59:33 Received {n12 n21 {"messages":[303,326,316,305,325,309,308,322,321,307,319,312,327,313,329,311,324,317,320,318,306,310,323,315,344],"msg_id":350,"type":"broadcast"}}
2024/02/25 18:59:33 Sent {"src":"n21","dest":"n12","body":{"in_reply_to":350,"type":"broadcast_ok"}}
2024/02/25 18:59:33 Received {n12 n21 {"in_reply_to":13,"type":"broadcast_ok"}}
2024/02/25 18:59:33 Received {c71 n21 {"type":"read","msg_id":28}}
2024/02/25 18:59:33 Sent {"src":"n21","dest":"c71","body":{"in_reply_to":28,"messages":[154,235,75,54,77,136,143,183,196,254,7,12,56,124,202,236,246,268,39,118,203,253,237,312,25,97,144,157,186,227,224,256,11,28,62,90,82,274,293,152,286,27,207,239,220,325,153,174,277,9,63,187,189,248,21,123,166,240,301,13,92,150,250,298,50,95,114,165,200,37,42,41,172,292,322,6,78,205,222,244,83,128,214,350,64,126,223,328,113,105,115,197,225,269,247,68,71,94,146,167,303,93,132,151,26,24,73,58,100,252,278,265,295,211,309,16,4,162,215,199,233,40,108,161,191,210,133,127,137,283,67,59,173,193,181,99,163,226,112,119,182,279,310,314,61,53,121,280,287,10,208,218,190,299,5,33,131,175,180,164,271,297,308,318,139,216,230,302,291,17,148,257,264,321,38,44,242,249,305,55,156,217,261,319,19,46,140,221,219,141,204,8,36,66,109,110,86,101,98,229,316,18,65,45,70,213,262,238,251,270,34,85,120,177,179,281,89,125,176,184,243,300,290,307,84,168,178,259,266,43,88,129,171,329,31,47,155,206,296,320,306,60,79,76,135,260,315,32,30,57,74,138,14,130,159,3,117,288,313,81,103,188,267,294,48,22,122,344,169,195,185,275,111,149,142,241,104,258,263,311,228,255,1,35,80,49,87,192,272,273,284,69,52,102,116,326,20,72,91,96,29,198,317,323,282,285,15,23,234,276,304,194,201,209,51,158,160,327,232,245,106,170,324,147,231,212,2,0,107,134,145,289],"type":"read_ok"}}
2024/02/25 18:59:33 Received {c71 n21 {"type":"broadcast","message":372,"msg_id":29}}
2024/02/25 18:59:33 Sent {"src":"n21","dest":"c71","body":{"in_reply_to":29,"type":"broadcast_ok"}}
2024/02/25 18:59:33 Sent {"src":"n21","dest":"n12","body":{"messages":[372],"msg_id":14,"type":"broadcast"}}
2024/02/25 18:59:33 Received {n12 n21 {"messages":[332,341,331,348,330,337,340,349,336,334,342,346,345,347,335,351,339,333,338,343,356],"msg_id":381,"type":"broadcast"}}
2024/02/25 18:59:33 Sent {"src":"n21","dest":"n12","body":{"in_reply_to":381,"type":"broadcast_ok"}}
2024/02/25 18:59:33 Received {n12 n21 {"in_reply_to":14,"type":"broadcast_ok"}}
2024/02/25 18:59:33 Received {c71 n21 {"type":"read","msg_id":30}}
2024/02/25 18:59:33 Sent {"src":"n21","dest":"c71","body":{"in_reply_to":30,"messages":[81,103,188,267,294,313,48,22,122,344,169,195,185,275,111,149,142,241,104,258,263,311,342,1,35,80,49,87,228,255,192,272,273,284,69,52,102,116,326,337,20,72,91,96,345,29,198,317,323,332,15,23,234,276,304,282,285,194,201,209,51,158,160,327,232,245,106,170,324,212,2,0,107,134,145,147,231,289,341,75,54,77,136,143,154,235,254,7,12,56,124,202,183,196,236,246,268,39,118,203,253,25,97,144,157,186,237,312,256,11,28,62,90,82,227,224,274,293,348,152,286,27,207,239,220,325,153,174,277,372,9,63,187,189,248,21,123,166,240,301,13,92,150,250,50,95,114,165,200,298,349,37,42,41,172,6,78,205,222,244,292,322,83,128,214,350,343,64,126,223,328,334,113,105,115,197,247,68,71,94,146,167,225,269,303,151,26,24,73,58,100,93,132,252,278,265,295,331,16,4,162,215,199,211,309,40,108,161,191,210,233,133,127,137,67,59,173,193,181,283,99,163,226,356,112,119,182,279,310,339,61,53,121,280,287,314,10,208,218,351,5,33,131,175,180,190,299,164,271,297,308,139,216,230,302,291,318,17,148,257,264,321,38,44,242,249,305,55,156,217,261,346,347,19,46,140,221,219,319,8,36,66,109,110,141,204,86,101,98,229,316,333,18,65,45,70,213,262,270,34,85,120,177,179,238,251,89,125,176,184,243,281,307,84,168,178,259,266,300,290,338,43,88,129,171,329,340,335,31,47,155,206,306,60,79,76,135,260,296,320,315,32,30,57,74,138,336,14,130,159,330,3,117,288],"type":"read_ok"}}
2024/02/25 18:59:34 Received {n12 n21 {"messages":[360,370,358,371,359,354,364,361,369,355,365,362,366,352,363,367,373,353,357,368],"msg_id":405,"type":"broadcast"}}
2024/02/25 18:59:34 Received {c71 n21 {"type":"read","msg_id":31}}
2024/02/25 18:59:34 Sent {"src":"n21","dest":"n12","body":{"in_reply_to":405,"type":"broadcast_ok"}}
2024/02/25 18:59:34 Sent {"src":"n21","dest":"c71","body":{"in_reply_to":31,"messages":[136,143,154,235,341,75,54,77,352,124,202,183,196,254,7,12,56,236,246,268,253,365,39,118,203,157,186,237,312,25,97,144,90,82,227,224,256,11,28,62,274,293,348,152,286,367,362,220,325,361,27,207,239,372,358,363,353,153,174,277,189,248,9,63,187,240,301,21,123,166,250,13,92,150,165,200,298,349,50,95,114,172,37,42,41,222,244,292,322,6,78,205,350,343,83,128,214,328,334,354,64,126,223,197,113,105,115,146,167,225,269,247,68,71,94,303,360,58,100,93,132,151,26,24,73,295,252,278,265,215,199,211,309,331,16,4,162,191,210,233,355,40,108,161,369,133,127,137,193,181,283,67,59,173,356,99,163,226,279,310,339,112,119,182,280,287,314,373,61,53,121,351,10,208,218,175,180,190,299,5,33,131,308,164,271,297,302,291,318,139,216,230,264,321,17,148,257,249,305,38,44,242,261,346,347,55,156,217,221,219,319,19,46,140,109,110,141,204,8,36,66,229,316,333,86,101,98,18,65,262,45,70,213,177,179,238,251,270,34,85,120,184,243,281,89,125,176,259,266,300,290,307,84,168,178,338,171,329,340,335,364,43,88,129,206,31,47,155,135,260,296,320,306,60,79,76,315,74,138,336,32,30,57,330,14,130,159,371,3,117,288,267,294,313,366,81,103,188,344,48,22,122,275,169,195,185,241,111,149,142,311,104,258,263,49,87,228,255,342,1,35,80,368,284,192,272,273,116,326,337,69,52,102,96,345,20,72,91,323,357,29,198,317,276,304,282,285,332,15,23,234,194,201,209,327,51,158,160,232,245,106,170,324,134,145,147,231,212,2,0,107,289,370,359],"type":"read_ok"}}
2024/02/25 18:59:34 Received {c71 n21 {"type":"broadcast","message":413,"msg_id":32}}
2024/02/25 18:59:34 Sent {"src":"n21","dest":"c71","body":{"in_reply_to":32,"type":"broadcast_ok"}}
2024/02/25 18:59:34 Sent {"src":"n21","dest":"n12","body":{"messages":[413],"msg_id":15,"type":"broadcast"}}
2024/02/25 18:59:34 Received {n12 n21 {"messages":[387,397,376,378,389,390,379,393,377,384,374,391,375,386,381,383,396,382,395,380,394,388,385,392,424],"msg_id":420,"type":"broadcast"}}
2024/02/25 18:59:34 Received {c71 n21 {"type":"broadcast","message":428,"msg_id":33}}
2024/02/25 18:59:34 Sent {"src":"n21","dest":"n12","body":{"in_reply_to":420,"type":"broadcast_ok"}}
2024/02/25 18:59:34 Sent {"src":"n21","dest":"c71","body":{"in_reply_to":33,"type":"broadcast_ok"}}
2024/02/25 18:59:34 Received {n12 n21 {"in_reply_to":15,"type":"broadcast_ok"}}
2024/02/25 18:59:34 Received {c71 n21 {"type":"broadcast","message":443,"msg_id":34}}
2024/02/25 18:59:34 Sent {"src":"n21","dest":"c71","body":{"in_reply_to":34,"type":"broadcast_ok"}}
2024/02/25 18:59:34 Sent {"src":"n21","dest":"n12","body":{"messages":[428,443],"msg_id":16,"type":"broadcast"}}
2024/02/25 18:59:35 Received {n12 n21 {"messages":[398,414,409,411,404,421,412,419,401,403,420,399,415,416,402,410,405,425,423,422,406,407,400,418,417,408],"msg_id":452,"type":"broadcast"}}
2024/02/25 18:59:35 Sent {"src":"n21","dest":"n12","body":{"in_reply_to":452,"type":"broadcast_ok"}}
2024/02/25 18:59:35 Received {n12 n21 {"in_reply_to":16,"type":"broadcast_ok"}}
2024/02/25 18:59:35 Received {c71 n21 {"type":"read","msg_id":35}}
2024/02/25 18:59:35 Sent {"src":"n21","dest":"c71","body":{"in_reply_to":35,"messages":[110,141,407,389,101,229,333,65,213,270,382,85,120,251,281,423,89,176,243,338,168,266,307,171,340,364,43,88,206,296,306,79,315,30,330,416,14,371,294,81,103,188,48,122,394,275,169,111,142,311,258,49,228,342,80,368,284,192,273,116,326,337,96,345,20,72,317,402,304,285,332,15,23,194,51,415,232,245,404,106,324,410,107,134,359,154,54,77,352,124,183,254,56,236,268,253,118,157,312,383,144,293,393,405,11,28,82,421,152,367,362,220,361,372,363,374,153,174,277,189,9,63,240,301,21,123,400,13,250,388,95,412,408,6,78,384,414,83,128,214,328,334,354,126,197,105,115,146,225,247,71,94,360,58,100,295,199,211,309,16,162,191,233,355,108,161,193,181,283,67,422,99,226,356,279,339,112,119,182,280,61,53,121,351,208,218,175,409,164,297,308,139,318,385,17,249,305,38,44,242,156,347,19,395,109,204,8,36,66,86,98,316,18,396,420,45,70,262,238,34,177,179,125,184,300,290,386,84,178,259,329,335,129,376,31,47,155,135,260,320,60,76,138,336,425,32,57,74,130,159,3,117,288,267,313,366,22,344,406,378,195,185,241,149,104,263,87,255,1,35,272,398,69,52,102,443,91,357,391,29,198,323,276,282,234,403,201,209,327,390,158,160,379,170,147,231,212,289,370,2,0,145,136,143,235,341,75,411,202,196,7,12,246,365,39,203,186,237,25,97,224,256,274,348,62,90,227,286,325,27,207,239,358,353,419,248,187,166,92,150,165,200,298,349,377,50,114,172,37,42,41,222,244,292,322,387,205,397,350,343,399,401,64,223,113,167,269,68,303,93,132,151,26,24,73,413,252,278,265,215,331,4,210,424,40,369,381,428,133,127,137,375,59,173,163,310,417,287,314,373,10,180,190,299,392,5,33,131,271,291,418,216,230,302,321,148,257,264,346,380,55,217,261,219,319,46,140,221],"type":"read_ok"}}
2024/02/25 18:59:35 Received {c71 n21 {"type":"read","msg_id":36}}
2024/02/25 18:59:35 Sent {"src":"n21","dest":"c71","body":{"in_reply_to":36,"messages":[172,37,42,41,222,244,292,322,387,205,397,350,343,399,401,64,223,113,167,269,68,303,93,132,151,26,24,73,413,252,278,265,215,331,4,210,424,40,369,381,428,133,127,137,375,59,173,163,310,417,287,314,373,10,180,190,299,392,5,33,131,271,291,418,216,230,302,321,148,257,264,346,380,55,217,261,219,319,46,140,221,110,141,407,389,101,229,333,65,213,270,382,85,120,251,281,423,89,176,243,338,168,266,307,171,340,364,43,88,206,296,306,79,315,30,330,416,14,371,294,81,103,188,48,122,394,275,169,111,142,311,258,49,228,342,80,368,284,192,273,116,326,337,96,345,20,72,317,402,304,285,332,15,23,194,51,415,232,245,404,106,324,410,107,134,359,154,54,77,352,124,183,254,56,236,268,253,118,157,312,383,144,293,393,405,11,28,82,421,152,367,362,220,361,372,363,374,153,174,277,189,9,63,240,301,21,123,400,13,250,388,95,412,408,6,78,384,414,83,128,214,328,334,354,126,197,105,115,146,225,247,71,94,360,58,100,295,199,211,309,16,162,191,233,355,108,161,193,181,283,67,422,99,226,356,279,339,112,119,182,280,61,53,121,351,208,218,175,409,164,297,308,139,318,385,17,249,305,38,44,242,156,347,19,395,109,204,8,36,66,86,98,316,18,396,420,45,70,262,238,34,177,179,125,184,300,290,386,84,178,259,329,335,129,376,31,47,155,135,260,320,60,76,138,336,425,32,57,74,130,159,3,117,288,267,313,366,22,344,406,378,195,185,241,149,104,263,87,255,1,35,272,398,69,52,102,443,91,357,391,29,198,323,276,282,234,403,201,209,327,390,158,160,379,170,147,231,212,289,370,2,0,145,136,143,235,341,75,411,202,196,7,12,246,365,39,203,186,237,25,97,224,256,274,348,62,90,227,286,325,27,207,239,358,353,419,248,187,166,92,150,165,200,298,349,377,50,114],"type":"read_ok"}}
2024/02/25 18:59:35 Received {n12 n21 {"messages":[445,452,440,436,427,442,433,430,437,438,431,446,429,444,426,441,432,447,439,434,435,462],"msg_id":457,"type":"broadcast"}}
2024/02/25 18:59:35 Sent {"src":"n21","dest":"n12","body":{"in_reply_to":457,"type":"broadcast_ok"}}
2024/02/25 18:59:35 Received {c71 n21 {"type":"read","msg_id":37}}
2024/02/25 18:59:35 Sent {"src":"n21","dest":"c71","body":{"in_reply_to":37,"messages":[206,306,315,442,429,79,296,30,416,14,330,371,188,294,81,103,394,437,48,122,169,275,111,142,258,311,228,342,368,80,49,284,192,273,337,116,326,96,345,436,20,72,317,402,304,285,332,15,23,194,427,51,415,232,245,404,106,324,359,410,107,134,154,352,446,54,77,183,254,236,268,56,124,118,253,312,383,144,157,82,293,393,405,11,28,421,439,152,367,362,220,361,277,372,363,374,153,174,189,9,63,240,301,21,123,388,400,13,250,95,412,408,6,78,214,384,414,83,128,328,334,354,126,115,197,105,94,146,225,247,71,360,58,100,295,162,199,211,309,16,161,191,233,355,108,193,181,283,67,356,422,99,226,182,279,339,112,119,121,280,61,53,218,351,208,175,308,409,164,297,385,139,318,17,242,249,305,38,44,156,347,19,395,66,109,204,8,36,316,86,98,420,18,396,262,45,70,179,238,432,34,177,125,184,259,300,290,386,84,178,335,376,441,129,329,155,31,47,135,260,320,60,76,74,138,336,425,32,57,130,159,288,462,3,117,366,267,313,406,22,344,378,438,195,185,149,241,104,263,87,255,1,35,272,102,398,69,52,91,443,323,357,391,29,198,282,234,276,403,201,209,327,390,444,158,160,379,170,145,147,231,212,289,370,2,0,143,235,341,411,433,75,136,202,196,246,7,12,365,39,203,186,237,25,97,227,224,256,274,348,62,90,286,435,431,239,325,27,207,419,358,353,187,248,166,92,150,165,200,298,349,377,452,50,114,41,172,434,37,42,205,222,244,292,322,387,397,350,343,399,223,401,64,113,167,269,68,303,73,93,132,151,26,24,265,413,252,278,215,331,4,210,424,40,137,369,381,428,430,133,127,173,375,59,163,310,373,417,287,314,10,131,180,190,299,392,5,33,440,271,445,302,291,418,426,216,230,264,321,148,257,261,346,380,55,217,221,219,319,46,140,407,110,141,333,389,101,229,65,213,447,251,270,382,85,120,243,281,423,89,176,307,338,168,266,171,340,364,43,88],"type":"read_ok"}}
2024/02/25 18:59:35 Received {c71 n21 {"type":"broadcast","message":497,"msg_id":38}}
2024/02/25 18:59:35 Sent {"src":"n21","dest":"c71","body":{"in_reply_to":38,"type":"broadcast_ok"}}
2024/02/25 18:59:35 Sent {"src":"n21","dest":"n12","body":{"messages":[497],"msg_id":17,"type":"broadcast"}}
2024/02/25 18:59:36 Received {n12 n21 {"messages":[456,468,466,469,450,457,458,449,460,451,454,461,459,463,453,464,455,467,465,448,470],"msg_id":483,"type":"broadcast"}}
2024/02/25 18:59:36 Sent {"src":"n21","dest":"n12","body":{"in_reply_to":483,"type":"broadcast_ok"}}
2024/02/25 18:59:36 Received {n12 n21 {"in_reply_to":17,"type":"broadcast_ok"}}
2024/02/25 18:59:36 Received {c71 n21 {"type":"broadcast","message":511,"msg_id":39}}
2024/02/25 18:59:36 Sent {"src":"n21","dest":"c71","body":{"in_reply_to":39,"type":"broadcast_ok"}}
2024/02/25 18:59:36 Received {c71 n21 {"type":"read","msg_id":40}}
2024/02/25 18:59:36 Sent {"src":"n21","dest":"c71","body":{"in_reply_to":40,"messages":[126,328,334,354,105,115,197,455,71,94,146,225,247,360,58,100,295,16,162,199,211,309,108,161,191,233,355,448,67,193,181,283,461,99,226,356,422,112,119,182,279,339,464,61,53,121,280,208,218,351,175,164,297,308,409,139,318,385,17,38,44,242,249,305,156,347,511,19,395,8,36,66,109,204,450,86,98,316,18,396,420,45,70,262,34,177,179,238,432,125,184,84,178,259,300,290,386,129,329,335,376,441,467,31,47,155,60,76,135,260,320,457,32,57,74,138,336,425,130,159,3,117,288,462,267,313,366,22,344,406,195,185,378,438,453,149,241,466,104,263,1,35,87,255,272,69,52,102,398,91,443,29,198,323,357,391,234,276,282,201,209,403,158,160,327,390,444,379,170,289,370,2,0,145,147,231,212,433,75,136,143,235,341,411,7,12,202,196,246,39,203,365,460,25,97,186,237,348,463,62,90,227,224,256,274,286,435,456,431,497,470,27,207,239,325,358,353,419,187,248,166,92,150,377,452,50,114,165,200,298,349,37,42,41,172,434,397,205,222,244,292,322,387,350,343,399,64,223,401,113,68,167,269,303,449,252,278,26,24,73,93,132,151,265,413,4,215,331,40,210,424,430,133,127,137,369,381,428,59,173,375,163,310,287,314,373,417,10,392,465,5,33,131,180,190,299,271,445,440,216,230,302,291,418,426,148,257,264,321,55,217,261,346,380,46,140,221,219,319,110,141,407,101,229,333,389,65,213,447,85,120,251,270,382,89,176,243,281,423,168,266,307,338,43,88,171,340,364,206,79,296,306,315,442,429,30,14,330,416,371,81,103,188,294,48,122,394,437,169,275,111,142,258,311,468,459,80,49,228,342,368,458,192,273,284,116,326,337,451,20,72,96,345,436,317,402,15,23,304,285,332,194,427,51,232,245,415,106,324,404,107,134,359,410,454,54,77,154,352,446,56,124,183,254,236,268,118,253,144,157,312,383,11,28,82,293,393,405,152,367,421,439,362,220,361,153,174,277,372,363,374,9,63,189,469,21,123,240,301,13,250,388,400,95,412,408,6,78,83,128,214,384,414],"type":"read_ok"}}
2024/02/25 18:59:36 Sent {"src":"n21","dest":"n12","body":{"messages":[511],"msg_id":18,"type":"broadcast"}}
2024/02/25 18:59:36 Received {n12 n21 {"messages":[483,496,507,477,490,482,494,473,487,501,486,476,489,471,498,499,493,478,491,475,488,480,492,481,472,485,500,484,479,495,474,519],"msg_id":527,"type":"broadcast"}}
2024/02/25 18:59:36 Sent {"src":"n21","dest":"n12","body":{"in_reply_to":527,"type":"broadcast_ok"}}
2024/02/25 18:59:36 Received {n12 n21 {"in_reply_to":18,"type":"broadcast_ok"}}
2024/02/25 18:59:36 Received {c71 n21 {"type":"broadcast","message":538,"msg_id":41}}
2024/02/25 18:59:36 Sent {"src":"n21","dest":"c71","body":{"in_reply_to":41,"type":"broadcast_ok"}}
2024/02/25 18:59:36 Received {c71 n21 {"type":"read","msg_id":42}}
2024/02/25 18:59:36 Sent {"src":"n21","dest":"c71","body":{"in_reply_to":42,"messages":[396,420,18,70,262,45,177,179,238,432,34,184,125,178,259,300,290,386,538,84,329,335,376,441,467,129,47,155,31,76,135,260,320,60,57,74,138,336,425,457,486,32,159,481,130,117,288,462,3,313,366,267,344,406,22,185,378,438,453,195,241,466,149,263,104,35,87,255,494,1,488,272,52,102,398,519,69,443,91,198,323,357,391,489,492,29,276,282,234,209,403,201,160,327,390,444,158,379,170,0,145,147,231,212,289,370,2,136,143,235,341,411,433,75,12,202,196,246,7,203,365,460,39,97,186,237,25,90,227,224,256,274,348,463,62,435,456,286,497,470,431,207,239,325,27,353,419,473,358,248,187,471,166,150,92,114,165,200,298,349,377,452,50,42,41,172,434,490,37,222,244,292,322,387,397,205,343,399,499,350,223,401,500,64,113,167,269,303,449,477,501,68,24,73,93,132,151,252,278,26,413,265,215,331,480,485,4,210,424,40,127,137,369,381,428,430,493,133,173,375,59,163,498,310,314,373,417,287,10,33,131,180,190,299,392,465,5,478,445,440,472,271,230,302,291,418,426,216,257,264,321,148,217,261,346,380,55,140,221,219,319,487,46,141,407,110,229,333,389,101,65,447,475,213,120,251,270,382,85,176,243,281,423,89,266,307,338,168,88,171,340,364,479,43,206,296,306,315,442,429,79,30,330,416,14,484,371,103,188,294,81,122,394,437,48,275,169,142,111,311,468,459,258,49,228,342,368,458,80,273,284,192,326,337,451,116,72,96,345,436,20,402,317,23,304,285,332,483,15,427,194,51,245,415,232,324,404,507,106,134,359,410,454,107,77,154,352,446,482,54,124,183,254,236,268,56,253,118,157,312,383,144,28,82,293,393,405,11,367,421,439,152,491,362,361,220,174,277,372,363,374,153,63,189,469,9,123,240,301,21,250,388,400,13,412,474,95,408,78,6,128,214,384,414,83,328,334,354,126,115,197,455,105,94,146,225,247,360,71,100,295,496,476,58,162,199,211,309,16,161,191,233,355,448,108,193,181,283,461,67,226,356,422,99,119,182,279,339,464,112,53,121,280,61,218,351,495,208,175,297,308,409,164,318,385,139,17,44,242,249,305,38,347,511,156,395,19,36,66,109,204,450,8,98,316,86],"type":"read_ok"}}
2024/02/25 18:59:36 Sent {"src":"n21","dest":"n12","body":{"messages":[538],"msg_id":19,"type":"broadcast"}}
2024/02/25 18:59:37 Received {n12 n21 {"messages":[522,512,524,514,503,516,533,526,505,517,508,502,527,520,510,523,504,506,518,525,513,515,509,521],"msg_id":545,"type":"broadcast"}}
2024/02/25 18:59:37 Sent {"src":"n21","dest":"n12","body":{"in_reply_to":545,"type":"broadcast_ok"}}
2024/02/25 18:59:37 Received {n12 n21 {"in_reply_to":19,"type":"broadcast_ok"}}
2024/02/25 18:59:37 Received {c71 n21 {"type":"broadcast","message":565,"msg_id":43}}
2024/02/25 18:59:37 Sent {"src":"n21","dest":"c71","body":{"in_reply_to":43,"type":"broadcast_ok"}}
2024/02/25 18:59:37 Sent {"src":"n21","dest":"n12","body":{"messages":[565],"msg_id":20,"type":"broadcast"}}
2024/02/25 18:59:37 Received {n12 n21 {"messages":[550,536,540,530,537,551,528,545,542,534,539,531,548,544,543,535,529,546,532,549,547,541,562,573],"msg_id":566,"type":"broadcast"}}
2024/02/25 18:59:37 Received {c71 n21 {"type":"broadcast","message":576,"msg_id":44}}
2024/02/25 18:59:37 Sent {"src":"n21","dest":"n12","body":{"in_reply_to":566,"type":"broadcast_ok"}}
2024/02/25 18:59:37 Sent {"src":"n21","dest":"c71","body":{"in_reply_to":44,"type":"broadcast_ok"}}
2024/02/25 18:59:37 Received {n12 n21 {"in_reply_to":20,"type":"broadcast_ok"}}
2024/02/25 18:59:37 Received {c71 n21 {"type":"broadcast","message":589,"msg_id":45}}
2024/02/25 18:59:37 Sent {"src":"n21","dest":"c71","body":{"in_reply_to":45,"type":"broadcast_ok"}}
2024/02/25 18:59:37 Sent {"src":"n21","dest":"n12","body":{"messages":[576,589],"msg_id":21,"type":"broadcast"}}
2024/02/25 18:59:38 Received {n12 n21 {"messages":[564,556,555,559,560,558,571,553,569,552,568,567,566,561,554,574,557,570,572,563],"msg_id":599,"type":"broadcast"}}
2024/02/25 18:59:38 Received {c71 n21 {"type":"broadcast","message":603,"msg_id":46}}
2024/02/25 18:59:38 Sent {"src":"n21","dest":"n12","body":{"in_reply_to":599,"type":"broadcast_ok"}}
2024/02/25 18:59:38 Sent {"src":"n21","dest":"c71","body":{"in_reply_to":46,"type":"broadcast_ok"}}
2024/02/25 18:59:38 Received {n12 n21 {"in_reply_to":21,"type":"broadcast_ok"}}
2024/02/25 18:59:38 Received {c71 n21 {"type":"read","msg_id":47}}
2024/02/25 18:59:38 Sent {"src":"n21","dest":"c71","body":{"in_reply_to":47,"messages":[570,71,94,146,225,247,360,552,58,100,295,496,476,535,16,162,199,211,309,568,108,161,191,233,355,448,67,193,181,283,461,99,226,356,422,508,112,119,182,279,339,464,61,53,121,280,514,208,218,351,495,557,175,164,297,308,409,565,139,318,385,518,513,17,566,38,44,242,249,305,156,347,511,19,395,569,567,8,36,66,109,204,450,86,98,316,18,396,420,541,553,45,70,262,34,177,179,238,432,550,125,184,538,84,178,259,300,290,386,503,506,129,329,335,376,441,467,31,47,155,60,76,135,260,320,457,486,32,57,74,138,336,425,548,130,159,481,502,549,3,117,288,462,267,313,366,22,344,406,195,185,378,438,453,564,149,241,466,104,263,526,542,1,35,87,255,494,272,488,69,52,102,398,519,589,91,443,561,492,29,198,323,357,391,489,234,276,282,201,209,403,158,160,327,390,444,379,170,289,370,2,0,145,147,231,212,433,75,136,143,235,341,411,7,12,202,196,246,537,39,203,365,460,540,534,25,97,186,237,348,463,62,90,227,224,256,274,286,435,456,431,497,470,517,27,207,239,325,358,353,419,473,187,248,166,471,92,150,560,377,452,50,114,165,200,298,349,551,520,37,42,41,172,434,490,397,574,205,222,244,292,322,387,350,343,399,499,64,223,401,500,113,501,68,167,269,303,449,477,252,278,26,24,73,93,132,151,265,413,4,215,331,480,485,40,210,424,430,493,133,127,137,369,381,428,59,173,375,545,163,310,498,287,314,373,417,529,546,10,515,392,465,5,33,131,180,190,299,478,271,445,440,472,504,573,216,230,302,291,418,426,148,257,264,321,555,536,544,556,554,55,217,261,346,380,512,531,46,140,221,219,319,487,110,141,407,101,229,333,389,65,213,447,475,559,85,120,251,270,382,521,89,176,243,281,423,168,266,307,338,558,603,43,88,171,340,364,479,206,523,571,79,296,306,315,442,429,30,14,330,416,510,371,484,81,103,188,294,48,122,394,437,522,576,169,275,111,142,539,258,311,468,459,505,516,80,49,228,342,368,458,192,273,284,116,326,337,451,547,20,72,96,345,436,532,317,402,15,23,304,285,332,483,194,427,51,533,543,563,232,245,415,572,106,324,404,507,107,134,359,410,454,54,77,154,352,446,482,527,56,124,183,254,236,268,118,253,562,144,157,312,383,524,11,28,82,293,393,405,152,367,421,439,528,362,491,220,361,153,174,277,372,363,374,9,63,189,469,509,530,21,123,240,301,13,250,388,400,95,412,474,525,408,6,78,83,128,214,384,414,126,328,334,354,105,115,197,455],"type":"read_ok"}}
2024/02/25 18:59:38 Sent {"src":"n21","dest":"n12","body":{"messages":[603],"msg_id":22,"type":"broadcast"}}
2024/02/25 18:59:38 Received {n12 n21 {"messages":[587,600,578,575,588,584,582,595,583,581,594,598,592,597,577,586,591,585,599,579,590,580,593,596,610],"msg_id":606,"type":"broadcast"}}
2024/02/25 18:59:38 Sent {"src":"n21","dest":"n12","body":{"in_reply_to":606,"type":"broadcast_ok"}}
2024/02/25 18:59:38 Received {n12 n21 {"in_reply_to":22,"type":"broadcast_ok"}}
2024/02/25 18:59:38 Received {c71 n21 {"type":"broadcast","message":630,"msg_id":48}}
2024/02/25 18:59:38 Sent {"src":"n21","dest":"c71","body":{"in_reply_to":48,"type":"broadcast_ok"}}
2024/02/25 18:59:38 Received {c71 n21 {"type":"read","msg_id":49}}
2024/02/25 18:59:38 Sent {"src":"n21","dest":"c71","body":{"in_reply_to":49,"messages":[258,311,468,459,505,80,49,228,342,368,458,516,192,273,284,116,326,337,451,547,584,20,72,96,345,436,532,598,317,402,15,23,304,285,332,483,194,427,51,533,543,563,232,245,415,572,106,324,404,507,107,134,359,410,454,54,77,154,352,446,482,56,124,183,254,236,268,527,118,253,562,144,157,312,383,11,28,82,293,393,405,524,152,367,421,439,528,362,491,220,361,585,153,174,277,372,363,374,586,591,9,63,189,469,509,530,597,21,123,240,301,13,250,388,400,95,412,474,525,408,587,6,78,83,128,214,384,414,126,328,334,354,592,105,115,197,455,71,94,146,225,247,360,570,58,100,295,496,476,535,552,16,162,199,211,309,568,108,161,191,233,355,448,67,193,181,283,461,99,226,356,422,112,119,182,279,339,464,508,61,53,121,280,514,208,218,351,495,557,175,164,297,308,409,565,139,318,385,518,513,17,566,38,44,242,249,305,156,347,511,19,395,569,8,36,66,109,204,450,567,86,98,316,18,396,420,541,553,45,70,262,34,177,179,238,432,550,125,184,84,178,259,300,290,386,538,506,129,329,335,376,441,467,503,31,47,155,60,76,135,260,320,486,32,57,74,138,336,425,457,548,130,159,481,502,549,3,117,288,462,267,313,366,22,344,406,195,185,378,438,453,564,149,241,466,104,263,526,542,593,1,35,87,255,494,272,488,69,52,102,398,519,589,588,91,443,561,29,198,323,357,391,489,492,234,276,282,201,209,403,158,160,327,390,444,379,170,370,2,0,145,147,231,212,289,581,75,136,143,235,341,411,433,7,12,202,196,246,537,582,39,203,365,460,540,534,578,594,25,97,186,237,463,62,90,227,224,256,274,348,286,435,456,431,497,470,517,580,630,27,207,239,325,358,353,419,473,187,248,166,471,583,92,150,560,452,50,114,165,200,298,349,377,551,600,577,37,42,41,172,434,490,520,574,205,222,244,292,322,387,397,350,343,399,499,575,64,223,401,500,113,68,167,269,303,449,477,501,278,26,24,73,93,132,151,252,265,413,610,4,215,331,480,485,40,210,424,596,493,133,127,137,369,381,428,430,59,173,375,545,579,163,310,498,287,314,373,417,529,546,10,515,465,5,33,131,180,190,299,392,478,271,445,440,472,504,216,230,302,291,418,426,573,148,257,264,321,555,536,544,556,554,55,217,261,346,380,531,46,140,221,219,319,487,512,110,141,407,599,101,229,333,389,65,595,213,447,475,559,85,120,251,270,382,521,89,176,243,281,423,168,266,307,338,590,603,43,88,171,340,364,479,558,206,523,571,79,296,306,315,442,429,30,14,330,416,510,371,484,81,103,188,294,48,122,394,437,522,576,169,275,111,142,539],"type":"read_ok"}}
2024/02/25 18:59:38 Sent {"src":"n21","dest":"n12","body":{"messages":[630],"msg_id":23,"type":"broadcast"}}
2024/02/25 18:59:39 Received {n12 n21 {"messages":[602,614,615,624,618,607,619,601,613,606,609,611,617,605,612,604,616,608,638],"msg_id":634,"type":"broadcast"}}
2024/02/25 18:59:39 Sent {"src":"n21","dest":"n12","body":{"in_reply_to":634,"type":"broadcast_ok"}}
2024/02/25 18:59:39 Received {n12 n21 {"in_reply_to":23,"type":"broadcast_ok"}}
2024/02/25 18:59:39 Received {c71 n21 {"type":"read","msg_id":50}}
2024/02/25 18:59:39 Sent {"src":"n21","dest":"c71","body":{"in_reply_to":50,"messages":[130,159,481,502,549,3,117,288,462,267,313,366,22,344,406,195,185,378,438,453,564,149,241,466,104,263,526,542,593,1,35,87,255,494,272,488,69,52,102,398,519,589,588,91,443,561,619,29,198,323,357,391,489,492,234,276,282,201,209,403,158,160,327,390,444,379,170,370,2,0,145,147,231,212,289,581,75,136,143,235,341,411,433,7,12,202,196,246,537,582,39,203,365,460,540,534,578,594,25,97,186,237,607,463,62,90,227,224,256,274,348,286,435,456,431,497,470,517,580,630,27,207,239,325,358,353,419,473,187,248,166,471,583,92,150,560,452,50,114,165,200,298,349,377,551,600,577,618,37,42,41,172,434,490,520,574,205,222,244,292,322,387,397,350,343,399,499,575,64,223,401,500,113,612,68,167,269,303,449,477,501,278,26,24,73,93,132,151,252,265,413,610,4,215,331,480,485,40,210,424,596,493,133,127,137,369,381,428,430,59,173,375,545,579,163,310,498,287,314,373,417,529,546,10,515,465,5,33,131,180,190,299,392,478,271,445,440,472,504,216,230,302,291,418,426,573,148,257,264,321,555,536,544,556,554,55,217,261,346,380,531,46,140,221,219,319,487,512,110,141,407,599,101,229,333,389,65,595,613,213,447,475,559,85,120,251,270,382,521,89,176,243,281,423,168,266,307,338,590,603,43,88,171,340,364,479,558,206,523,571,79,296,306,315,442,429,30,14,330,416,510,371,484,81,103,188,294,48,122,394,437,522,576,169,275,111,142,539,615,258,311,468,459,505,611,80,49,228,342,368,458,516,192,273,284,116,326,337,451,547,584,20,72,96,345,436,532,598,317,402,15,23,304,285,332,483,624,194,427,51,533,543,563,232,245,415,572,106,324,404,507,605,107,134,359,410,454,54,77,154,352,446,482,616,609,56,124,183,254,236,268,527,118,253,562,144,157,312,383,11,28,82,293,393,405,524,152,367,421,439,528,617,362,491,220,361,585,153,174,277,372,363,374,586,591,9,63,189,469,509,530,597,21,123,240,301,13,250,388,400,95,412,474,525,408,587,6,78,83,128,214,384,414,126,328,334,354,592,105,115,197,455,71,94,146,225,247,360,570,638,58,100,295,496,476,535,552,16,162,199,211,309,568,108,161,191,233,355,448,67,193,181,283,461,99,226,356,422,112,119,182,279,339,464,508,61,53,121,280,514,208,218,351,495,557,604,175,164,297,308,409,565,139,318,385,518,513,17,566,38,44,242,249,305,608,156,347,511,19,395,569,8,36,66,109,204,450,567,86,98,316,602,18,396,420,541,553,45,70,262,34,177,179,238,432,550,601,125,184,614,84,178,259,300,290,386,538,506,129,329,335,376,441,467,503,31,47,155,60,76,135,260,320,606,486,32,57,74,138,336,425,457,548],"type":"read_ok"}}
2024/02/25 18:59:39 Received {n12 n21 {"messages":[629,644,642,636,620,622,637,627,641,623,631,625,639,626,640,633,634,621,632,628,643,635,668],"msg_id":655,"type":"broadcast"}}
2024/02/25 18:59:39 Received {c71 n21 {"type":"read","msg_id":51}}
2024/02/25 18:59:39 Sent {"src":"n21","dest":"n12","body":{"in_reply_to":655,"type":"broadcast_ok"}}
2024/02/25 18:59:39 Sent {"src":"n21","dest":"c71","body":{"in_reply_to":51,"messages":[611,80,49,228,342,368,458,516,192,273,284,116,326,337,451,547,584,20,72,96,345,436,532,598,317,402,15,23,304,285,332,483,624,194,427,51,533,543,563,232,245,415,572,106,324,404,507,605,107,134,359,410,454,54,77,154,352,446,482,616,609,56,124,183,254,236,268,527,118,253,562,144,157,312,383,11,28,82,293,393,405,524,152,367,421,439,528,617,362,491,220,361,585,153,174,277,372,363,374,586,591,9,63,189,469,509,530,597,21,123,240,301,13,250,388,400,95,412,474,525,408,587,6,78,83,128,214,384,414,126,328,334,354,592,105,115,197,455,71,94,146,225,247,360,570,638,58,100,295,496,476,535,552,16,162,199,211,309,568,108,161,191,233,355,448,67,193,181,283,461,99,226,356,422,112,119,182,279,339,464,508,61,53,121,280,514,208,218,351,495,557,604,175,164,297,308,409,565,139,318,385,518,513,17,566,38,44,242,249,305,608,156,347,511,19,395,569,8,36,66,109,204,450,567,86,98,316,602,18,396,420,541,553,45,70,262,34,177,179,238,432,550,601,125,184,614,84,178,259,300,290,386,538,506,129,329,335,376,441,467,503,31,47,155,60,76,135,260,320,606,486,32,57,74,138,336,425,457,548,130,159,481,502,549,3,117,288,462,267,313,366,22,344,406,195,185,378,438,453,564,149,241,466,104,263,526,542,593,1,35,87,255,494,272,488,69,52,102,398,519,589,588,91,443,561,619,29,198,323,357,391,489,492,234,276,282,201,209,403,158,160,327,390,444,379,170,370,2,0,145,147,231,212,289,581,75,136,143,235,341,411,433,7,12,202,196,246,537,582,39,203,365,460,540,534,578,594,25,97,186,237,607,463,62,90,227,224,256,274,348,286,435,456,431,497,470,517,580,630,27,207,239,325,358,353,419,473,187,248,166,471,583,92,150,560,452,50,114,165,200,298,349,377,551,600,577,618,37,42,41,172,434,490,520,574,205,222,244,292,322,387,397,350,343,399,499,575,64,223,401,500,113,612,68,167,269,303,449,477,501,278,26,24,73,93,132,151,252,265,413,610,4,215,331,480,485,40,210,424,596,493,133,127,137,369,381,428,430,59,173,375,545,579,163,310,498,287,314,373,417,529,546,10,515,465,5,33,131,180,190,299,392,478,271,445,440,472,504,216,230,302,291,418,426,573,148,257,264,321,555,536,544,556,554,55,217,261,346,380,531,46,140,221,219,319,487,512,110,141,407,599,101,229,333,389,65,595,613,213,447,475,559,85,120,251,270,382,521,89,176,243,281,423,168,266,307,338,590,603,43,88,171,340,364,479,558,206,523,571,79,296,306,315,442,429,30,14,330,416,510,371,484,81,103,188,294,48,122,394,437,522,576,169,275,111,142,539,615,258,311,468,459,505],"type":"read_ok"}}
2024/02/25 18:59:39 Received {c71 n21 {"type":"broadcast","message":686,"msg_id":52}}
2024/02/25 18:59:39 Sent {"src":"n21","dest":"c71","body":{"in_reply_to":52,"type":"broadcast_ok"}}
2024/02/25 18:59:39 Sent {"src":"n21","dest":"n12","body":{"messages":[686],"msg_id":24,"type":"broadcast"}}
2024/02/25 18:59:40 Received {n12 n21 {"messages":[652,664,656,648,661,660,655,667,646,659,653,665,654,666,647,645,658,651,663,649,650,662,657],"msg_id":682,"type":"broadcast"}}
2024/02/25 18:59:40 Sent {"src":"n21","dest":"n12","body":{"in_reply_to":682,"type":"broadcast_ok"}}
2024/02/25 18:59:40 Received {n12 n21 {"in_reply_to":24,"type":"broadcast_ok"}}
2024/02/25 18:59:40 Received {c71 n21 {"type":"read","msg_id":53}}
2024/02/25 18:59:40 Sent {"src":"n21","dest":"c71","body":{"in_reply_to":53,"messages":[263,526,542,593,639,628,104,35,87,255,494,1,488,649,272,52,102,398,519,589,588,69,443,561,619,91,198,323,357,391,489,492,640,29,276,282,234,209,403,654,201,160,327,390,444,158,379,170,0,145,147,231,212,289,370,2,581,136,143,235,341,411,433,75,12,202,196,246,537,7,203,365,460,540,534,578,582,39,594,97,186,237,607,25,90,227,224,256,274,348,463,62,632,435,456,661,666,286,497,470,517,580,630,431,207,239,325,27,353,419,473,358,248,187,471,583,166,150,560,629,92,114,165,200,298,349,377,452,50,600,577,551,42,41,172,434,490,520,618,37,623,222,244,292,322,387,397,574,205,343,399,499,575,350,223,401,500,64,612,113,167,269,303,449,477,501,68,24,73,93,132,151,252,278,26,413,610,265,215,331,480,485,4,210,424,596,40,127,137,369,381,428,430,493,133,631,622,173,375,545,579,59,163,498,310,314,373,417,529,546,287,515,10,33,131,180,190,299,392,465,5,478,445,440,472,504,627,635,271,230,302,291,418,426,573,625,216,257,264,321,555,148,544,556,554,658,536,217,261,346,380,55,140,221,219,319,487,512,531,46,141,407,599,110,229,333,389,101,595,613,656,65,447,475,559,213,120,251,270,382,521,85,176,243,281,423,668,89,266,307,338,590,168,88,171,340,364,479,558,603,43,523,571,637,641,621,206,296,306,315,442,429,79,30,330,416,510,14,484,371,103,188,294,81,122,394,437,522,576,48,275,169,142,539,615,111,311,468,459,505,258,49,228,342,368,458,516,611,80,273,284,655,192,326,337,451,547,584,667,116,72,96,345,436,532,598,648,20,663,402,317,23,304,285,332,483,624,15,427,664,194,533,543,563,636,51,245,415,572,232,324,404,507,605,106,134,359,410,454,107,77,154,352,446,482,616,651,54,124,183,254,236,268,527,609,56,253,562,118,157,312,383,647,144,28,82,293,393,405,524,11,367,421,439,528,617,152,491,662,362,361,585,220,174,277,372,363,374,586,153,63,189,469,509,530,597,591,9,123,240,301,21,250,388,400,13,412,474,525,95,587,408,78,6,128,214,384,414,659,83,328,334,354,592,126,115,197,455,642,646,105,94,146,225,247,360,570,643,71,100,295,496,476,535,552,638,58,162,199,211,309,568,16,161,191,233,355,448,653,108,650,193,181,283,461,67,226,356,422,626,99,119,182,279,339,464,508,112,53,121,280,514,61,218,351,495,557,604,657,208,686,175,297,308,409,565,164,318,385,518,513,652,139,566,17,44,242,249,305,608,38,347,511,660,156,395,569,19,36,66,109,204,450,567,8,98,316,602,86,396,420,541,553,644,620,634,18,70,262,633,45,177,179,238,432,550,601,34,184,125,178,259,300,290,386,538,614,84,645,329,335,376,441,467,503,506,129,47,155,31,76,135,260,320,606,665,60,57,74,138,336,425,457,486,32,548,159,481,502,549,130,117,288,462,3,313,366,267,344,406,22,185,378,438,453,564,195,241,466,149],"type":"read_ok"}}
2024/02/25 18:59:40 Received {n12 n21 {"messages":[675,679,685,684,673,671,682,670,681,669,680,676,687,688,672,683,689,674,677,678,706],"msg_id":714,"type":"broadcast"}}
2024/02/25 18:59:40 Received {c71 n21 {"type":"read","msg_id":54}}
2024/02/25 18:59:40 Sent {"src":"n21","dest":"n12","body":{"in_reply_to":714,"type":"broadcast_ok"}}
2024/02/25 18:59:40 Sent {"src":"n21","dest":"c71","body":{"in_reply_to":54,"messages":[168,266,307,338,590,43,88,171,340,364,479,558,603,206,523,571,637,641,621,79,296,306,315,442,429,30,14,330,416,510,371,484,81,103,188,294,48,122,394,437,522,576,169,275,111,142,539,615,258,311,468,459,505,80,49,228,342,368,458,516,611,670,192,273,284,655,116,326,337,451,547,584,667,20,72,96,345,436,532,598,648,663,317,402,15,23,304,285,332,483,624,194,427,664,51,533,543,563,636,684,680,232,245,415,572,106,324,404,507,605,107,134,359,410,454,54,77,154,352,446,482,616,651,56,124,183,254,236,268,527,609,118,253,562,678,144,157,312,383,647,11,28,82,293,393,405,524,687,152,367,421,439,528,617,362,491,662,220,361,585,153,174,277,372,363,374,586,9,63,189,469,509,530,597,591,21,123,240,301,13,250,388,400,95,412,474,525,408,587,6,78,83,128,214,384,414,659,126,328,334,354,592,688,674,105,115,197,455,642,646,71,94,146,225,247,360,570,643,669,58,100,295,496,476,535,552,638,16,162,199,211,309,568,108,161,191,233,355,448,653,650,67,193,181,283,461,99,226,356,422,626,112,119,182,279,339,464,508,61,53,121,280,514,208,218,351,495,557,604,657,175,686,164,297,308,409,565,676,139,318,385,518,513,652,17,566,38,44,242,249,305,608,156,347,511,660,19,395,569,8,36,66,109,204,450,567,675,689,86,98,316,602,18,396,420,541,553,644,620,634,45,70,262,633,34,177,179,238,432,550,601,682,125,184,683,84,178,259,300,290,386,538,614,645,129,329,335,376,441,467,503,506,31,47,155,60,76,135,260,320,606,665,32,57,74,138,336,425,457,486,548,130,159,481,502,549,3,117,288,462,267,313,366,22,344,406,195,185,378,438,453,564,149,241,466,104,263,526,542,593,639,628,1,35,87,255,494,272,488,649,69,52,102,398,519,589,588,91,443,561,619,29,198,323,357,391,489,492,640,234,276,282,201,209,403,654,158,160,327,390,444,379,685,673,170,2,0,145,147,231,212,289,370,581,75,136,143,235,341,411,433,7,12,202,196,246,537,39,203,365,460,540,534,578,582,594,25,97,186,237,607,677,62,90,227,224,256,274,348,463,632,286,435,456,661,666,431,497,470,517,580,630,27,207,239,325,358,353,419,473,187,248,166,471,583,92,150,560,629,50,114,165,200,298,349,377,452,551,600,577,37,42,41,172,434,490,520,618,623,205,222,244,292,322,387,397,574,350,343,399,499,575,64,223,401,500,113,612,68,167,269,303,449,477,501,26,24,73,93,132,151,252,278,265,413,610,4,215,331,480,485,40,210,424,596,133,127,137,369,381,428,430,493,622,631,706,59,173,375,545,579,163,310,498,287,314,373,417,529,546,10,515,5,33,131,180,190,299,392,465,478,271,445,440,472,504,627,635,216,230,302,291,418,426,573,625,148,257,264,321,555,536,544,556,554,658,55,217,261,346,380,672,46,140,221,219,319,487,512,531,679,110,141,407,599,671,101,229,333,389,65,595,613,656,213,447,475,559,85,120,251,270,382,521,89,176,243,281,423,668,681],"type":"read_ok"}}
2024/02/25 18:59:40 Received {c71 n21 {"type":"read","msg_id":55}}
2024/02/25 18:59:40 Sent {"src":"n21","dest":"c71","body":{"in_reply_to":55,"messages":[435,456,661,666,286,497,470,517,580,630,431,207,239,325,27,353,419,473,358,248,187,471,583,166,150,560,629,92,114,165,200,298,349,377,452,50,600,577,551,42,41,172,434,490,520,618,37,623,222,244,292,322,387,397,574,205,343,399,499,575,350,223,401,500,64,612,113,167,269,303,449,477,501,68,24,73,93,132,151,252,278,26,413,610,265,215,331,480,485,4,210,424,596,40,127,137,369,381,428,430,493,133,631,706,622,173,375,545,579,59,163,498,310,314,373,417,529,546,287,515,10,33,131,180,190,299,392,465,5,478,445,440,472,504,627,635,271,230,302,291,418,426,573,625,216,257,264,321,555,148,544,556,554,658,536,217,261,346,380,672,55,140,221,219,319,487,512,531,46,679,141,407,599,671,110,229,333,389,101,595,613,656,65,447,475,559,213,120,251,270,382,521,85,176,243,281,423,668,681,89,266,307,338,590,168,88,171,340,364,479,558,603,43,523,571,637,641,621,206,296,306,315,442,429,79,30,330,416,510,14,484,371,103,188,294,81,122,394,437,522,576,48,275,169,142,539,615,111,311,468,459,505,258,49,228,342,368,458,516,611,80,670,273,284,655,192,326,337,451,547,584,667,116,72,96,345,436,532,598,648,20,663,402,317,23,304,285,332,483,624,15,427,664,194,533,543,563,636,684,680,51,245,415,572,232,324,404,507,605,106,134,359,410,454,107,77,154,352,446,482,616,651,54,124,183,254,236,268,527,609,56,253,562,678,118,157,312,383,647,144,28,82,293,393,405,524,687,11,367,421,439,528,617,152,491,662,362,361,585,220,174,277,372,363,374,586,153,63,189,469,509,530,597,591,9,123,240,301,21,250,388,400,13,412,474,525,95,587,408,78,6,128,214,384,414,659,83,328,334,354,592,688,674,126,115,197,455,642,646,105,94,146,225,247,360,570,643,71,669,100,295,496,476,535,552,638,58,162,199,211,309,568,16,161,191,233,355,448,653,108,650,193,181,283,461,67,226,356,422,626,99,119,182,279,339,464,508,112,53,121,280,514,61,218,351,495,557,604,657,208,686,175,297,308,409,565,676,164,318,385,518,513,652,139,566,17,44,242,249,305,608,38,347,511,660,156,395,569,19,36,66,109,204,450,567,675,8,689,98,316,602,86,396,420,541,553,644,620,634,18,70,262,633,45,177,179,238,432,550,601,682,34,184,683,125,178,259,300,290,386,538,614,84,645,329,335,376,441,467,503,506,129,47,155,31,76,135,260,320,606,665,60,57,74,138,336,425,457,486,32,548,159,481,502,549,130,117,288,462,3,313,366,267,344,406,22,185,378,438,453,564,195,241,466,149,263,526,542,593,639,628,104,35,87,255,494,1,488,649,272,52,102,398,519,589,588,69,443,561,619,91,198,323,357,391,489,492,640,29,276,282,234,209,403,654,201,160,327,390,444,158,685,673,379,170,0,145,147,231,212,289,370,2,581,136,143,235,341,411,433,75,12,202,196,246,537,7,203,365,460,540,534,578,582,39,594,97,186,237,607,677,25,90,227,224,256,274,348,463,62,632],"type":"read_ok"}}
2024/02/25 18:59:41 Received {n12 n21 {"messages":[699,698,692,690,702,693,705,700,694,708,703,695,707,696,709,701,704,691,697],"msg_id":736,"type":"broadcast"}}
2024/02/25 18:59:41 Sent {"src":"n21","dest":"n12","body":{"in_reply_to":736,"type":"broadcast_ok"}}
2024/02/25 18:59:41 Received {c71 n21 {"type":"read","msg_id":56}}
2024/02/25 18:59:41 Sent {"src":"n21","dest":"c71","body":{"in_reply_to":56,"messages":[6,78,384,414,659,83,128,214,354,592,688,674,126,328,334,455,642,646,105,115,197,225,247,360,570,643,71,94,146,669,496,476,535,552,638,58,100,295,211,309,568,16,162,199,233,355,448,653,108,161,191,650,283,461,701,67,193,181,422,626,99,226,356,279,339,464,508,112,119,182,280,514,704,61,53,121,495,557,604,657,208,218,351,175,686,698,409,565,676,164,297,308,518,513,652,139,318,385,17,566,702,249,305,608,38,44,242,660,156,347,511,19,395,569,109,204,450,567,675,8,36,66,689,602,691,86,98,316,541,553,644,620,634,18,396,420,633,45,70,262,238,432,550,601,682,34,177,179,125,184,683,300,290,386,538,614,84,178,259,645,376,441,467,503,506,129,329,335,699,31,47,155,260,320,606,665,60,76,135,138,336,425,457,486,32,57,74,548,695,502,549,130,159,481,462,3,117,288,267,313,366,22,344,406,438,453,564,195,185,378,149,241,466,542,593,639,628,104,263,526,255,494,1,35,87,272,488,649,398,519,589,588,69,52,102,619,692,91,443,561,357,391,489,492,640,29,198,323,234,276,282,654,201,209,403,390,444,158,160,327,379,685,673,170,700,147,231,212,289,370,2,0,145,581,703,235,341,411,433,75,136,143,196,246,537,7,12,202,460,540,534,578,582,39,203,365,594,237,607,677,25,97,186,224,256,274,348,463,62,90,227,632,661,666,693,286,435,456,517,580,630,708,431,497,470,325,27,207,239,473,358,353,419,187,248,166,471,583,629,92,150,560,200,298,349,377,452,50,114,165,551,600,577,172,434,490,520,618,37,42,41,623,292,322,387,397,574,205,222,244,709,499,575,350,343,399,500,64,223,401,113,612,303,449,477,501,68,167,269,93,132,151,252,278,26,24,73,265,413,610,480,485,4,215,331,596,40,210,424,369,381,428,430,493,133,127,137,622,631,706,545,579,59,173,375,163,310,498,417,529,546,696,697,287,314,373,10,515,180,190,299,392,465,5,33,131,478,472,504,627,635,271,445,440,291,418,426,573,625,216,230,302,321,555,148,257,264,554,658,707,536,544,556,346,380,672,55,217,261,219,319,487,512,531,46,140,221,679,599,671,110,141,407,389,101,229,333,656,65,595,613,559,213,447,475,270,382,521,85,120,251,281,423,668,681,89,176,243,338,590,168,266,307,340,364,479,558,603,43,88,171,637,641,621,206,523,571,315,442,429,79,296,306,30,510,14,330,416,371,484,294,81,103,188,437,522,576,48,122,394,169,275,615,111,142,539,459,505,258,311,468,342,368,458,516,611,80,49,228,670,655,192,273,284,451,547,584,667,116,326,337,345,436,532,598,648,20,72,96,663,705,317,402,285,332,483,624,15,23,304,194,427,664,563,636,684,680,51,533,543,572,232,245,415,507,605,106,324,404,410,454,107,134,359,352,446,482,616,651,54,77,154,254,236,268,527,609,56,124,183,694,678,118,253,562,383,647,144,157,312,293,393,405,524,687,11,28,82,690,439,528,617,152,367,421,362,491,662,220,361,585,372,363,374,586,153,174,277,469,509,530,597,591,9,63,189,301,21,123,240,400,13,250,388,525,95,412,474,408,587],"type":"read_ok"}}
2024/02/25 18:59:41 Received {c71 n21 {"type":"broadcast","message":750,"msg_id":57}}
2024/02/25 18:59:41 Sent {"src":"n21","dest":"c71","body":{"in_reply_to":57,"type":"broadcast_ok"}}
2024/02/25 18:59:41 Sent {"src":"n21","dest":"n12","body":{"messages":[750],"msg_id":25,"type":"broadcast"}}
2024/02/25 18:59:41 Received {n12 n21 {"messages":[723,722,717,713,716,726,714,718,728,727,720,711,719,710,712,724,715,725,721,742],"msg_id":752,"type":"broadcast"}}
2024/02/25 18:59:41 Sent {"src":"n21","dest":"n12","body":{"in_reply_to":752,"type":"broadcast_ok"}}
2024/02/25 18:59:41 Received {n12 n21 {"in_reply_to":25,"type":"broadcast_ok"}}
2024/02/25 18:59:41 Received {c71 n21 {"type":"broadcast","message":763,"msg_id":58}}
2024/02/25 18:59:41 Sent {"src":"n21","dest":"c71","body":{"in_reply_to":58,"type":"broadcast_ok"}}
2024/02/25 18:59:41 Sent {"src":"n21","dest":"n12","body":{"messages":[763],"msg_id":26,"type":"broadcast"}}
2024/02/25 18:59:42 Received {n12 n21 {"messages":[749,739,732,746,748,735,738,737,730,744,741,733,734,740,751,731,745,747,729,743,736],"msg_id":783,"type":"broadcast"}}
2024/02/25 18:59:42 Received {c71 n21 {"type":"read","msg_id":59}}
2024/02/25 18:59:42 Sent {"src":"n21","dest":"n12","body":{"in_reply_to":783,"type":"broadcast_ok"}}
2024/02/25 18:59:42 Sent {"src":"n21","dest":"c71","body":{"in_reply_to":59,"messages":[220,361,585,734,153,174,277,372,363,374,586,591,9,63,189,469,509,530,597,714,736,21,123,240,301,13,250,388,400,95,412,474,525,408,587,6,78,83,128,214,384,414,659,126,328,334,354,592,688,674,105,115,197,455,642,646,643,71,94,146,225,247,360,570,669,638,58,100,295,496,476,535,552,747,16,162,199,211,309,568,108,161,191,233,355,448,653,650,67,193,181,283,461,701,99,226,356,422,626,112,119,182,279,339,464,508,61,53,121,280,514,704,735,717,208,218,351,495,557,604,657,729,175,686,698,164,297,308,409,565,676,139,318,385,518,513,652,17,566,702,38,44,242,249,305,608,156,347,511,660,19,395,569,750,675,8,36,66,109,204,450,567,689,86,98,316,602,691,725,634,18,396,420,541,553,644,620,45,70,262,633,682,34,177,179,238,432,550,601,125,184,683,614,84,178,259,300,290,386,538,645,506,129,329,335,376,441,467,503,699,31,47,155,60,76,135,260,320,606,665,486,32,57,74,138,336,425,457,548,695,130,159,481,502,549,3,117,288,462,267,313,366,22,344,406,195,185,378,438,453,564,149,241,466,104,263,526,542,593,639,628,1,35,87,255,494,272,488,649,724,746,69,52,102,398,519,589,588,91,443,561,619,692,640,29,198,323,357,391,489,492,719,234,276,282,201,209,403,654,158,160,327,390,444,379,685,673,170,700,711,370,2,0,145,147,231,212,289,581,703,723,75,136,143,235,341,411,433,7,12,202,196,246,537,728,582,39,203,365,460,540,534,578,594,742,25,97,186,237,607,677,740,463,62,90,227,224,256,274,348,632,286,435,456,661,666,693,431,497,470,517,580,630,708,27,207,239,325,738,730,358,353,419,473,749,187,248,166,471,583,92,150,560,629,452,50,114,165,200,298,349,377,551,600,577,618,37,42,41,172,434,490,520,623,574,205,222,244,292,322,387,397,709,350,343,399,499,575,751,64,223,401,500,113,612,722,68,167,269,303,449,477,501,278,26,24,73,93,132,151,252,265,413,610,712,743,4,215,331,480,485,40,210,424,596,726,763,493,133,127,137,369,381,428,430,622,631,706,59,173,375,545,579,163,310,498,697,287,314,373,417,529,546,696,10,515,465,5,33,131,180,190,299,392,478,271,445,440,472,504,627,635,625,216,230,302,291,418,426,573,148,257,264,321,555,536,544,556,554,658,707,55,217,261,346,380,672,531,46,140,221,219,319,487,512,679,110,141,407,599,671,101,229,333,389,748,65,595,613,656,213,447,475,559,731,85,120,251,270,382,521,715,89,176,243,281,423,668,681,168,266,307,338,590,745,603,43,88,171,340,364,479,558,713,206,523,571,637,641,621,79,296,306,315,442,429,30,14,330,416,510,371,484,81,103,188,294,718,48,122,394,437,522,576,169,275,111,142,539,615,258,311,468,459,505,611,80,49,228,342,368,458,516,670,192,273,284,655,727,720,116,326,337,451,547,584,667,744,648,20,72,96,345,436,532,598,663,705,710,739,732,317,402,15,23,304,285,332,483,624,194,427,664,51,533,543,563,636,684,680,232,245,415,572,106,324,404,507,605,107,134,359,410,454,651,54,77,154,352,446,482,616,609,56,124,183,254,236,268,527,694,716,741,118,253,562,678,737,144,157,312,383,647,721,687,11,28,82,293,393,405,524,690,152,367,421,439,528,617,733,362,491,662],"type":"read_ok"}}
2024/02/25 18:59:42 Received {n12 n21 {"in_reply_to":26,"type":"broadcast_ok"}}
2024/02/25 18:59:42 Received {c71 n21 {"type":"broadcast","message":790,"msg_id":60}}
2024/02/25 18:59:42 Sent {"src":"n21","dest":"c71","body":{"in_reply_to":60,"type":"broadcast_ok"}}
2024/02/25 18:59:42 Sent {"src":"n21","dest":"n12","body":{"messages":[790],"msg_id":27,"type":"broadcast"}}
2024/02/25 18:59:42 Received {n12 n21 {"messages":[757,772,752,765,762,754,756,771,769,776,770,759,753,767,768,773,766,764,760,775,758,774,761,777,755],"msg_id":812,"type":"broadcast"}}
2024/02/25 18:59:42 Sent {"src":"n21","dest":"n12","body":{"in_reply_to":812,"type":"broadcast_ok"}}
2024/02/25 18:59:42 Received {n12 n21 {"in_reply_to":27,"type":"broadcast_ok"}}
2024/02/25 18:59:42 Received {c71 n21 {"type":"read","msg_id":61}}
2024/02/25 18:59:42 Sent {"src":"n21","dest":"c71","body":{"in_reply_to":61,"messages":[556,554,658,707,536,544,261,346,380,672,55,217,221,219,319,487,512,531,46,140,679,407,599,671,110,141,333,389,748,101,229,613,656,65,595,475,559,213,447,251,270,382,521,715,731,85,120,243,281,423,668,681,89,176,307,338,590,745,168,266,171,340,364,479,558,603,43,88,713,571,637,641,621,206,523,306,315,442,429,79,296,30,416,510,14,330,371,484,188,294,718,81,103,394,437,522,576,773,48,122,169,275,539,615,111,142,468,459,505,258,311,228,342,368,458,516,611,80,49,670,284,655,727,192,273,337,451,547,584,667,720,116,326,744,96,345,436,532,598,648,20,72,710,739,732,663,705,317,402,304,285,332,483,624,15,23,664,194,427,543,563,636,684,680,51,533,415,572,757,232,245,404,507,605,762,106,324,359,410,454,107,134,154,352,446,482,616,651,54,77,183,254,236,268,527,609,56,124,741,694,716,562,678,737,118,253,312,383,647,721,144,157,82,293,393,405,524,687,11,28,690,421,439,528,617,733,152,367,662,362,491,585,220,361,277,372,363,374,586,734,153,174,189,469,509,530,597,591,9,63,714,736,240,301,758,21,123,388,400,752,770,774,13,250,474,525,775,777,95,412,408,587,6,78,214,384,414,659,83,128,334,354,592,688,674,126,328,197,455,642,646,105,115,146,225,247,360,570,643,71,94,669,295,496,476,535,552,638,58,100,747,199,211,309,568,16,162,191,233,355,448,653,108,161,650,755,181,283,461,701,67,193,356,422,626,99,226,182,279,339,464,508,112,119,121,280,514,704,735,61,53,351,495,557,604,657,717,208,218,729,698,756,175,686,308,409,565,676,164,297,385,518,513,652,139,318,702,769,17,566,242,249,305,608,38,44,511,660,156,347,569,750,771,19,395,66,109,204,450,567,675,8,36,689,316,602,691,725,86,98,420,541,553,644,620,634,18,396,262,633,45,70,179,238,432,550,601,682,34,177,683,767,125,184,259,300,290,386,538,614,84,178,645,335,376,441,467,503,506,129,329,699,155,761,31,47,135,260,320,606,665,790,60,76,74,138,336,425,457,486,32,57,548,695,481,502,549,130,159,288,462,3,117,366,753,267,313,406,22,344,378,438,453,564,195,185,466,764,149,241,526,542,593,639,628,104,263,87,255,494,1,35,649,724,746,272,488,102,398,519,589,588,69,52,561,619,692,91,443,323,357,391,489,492,640,29,198,776,759,719,772,282,234,276,403,654,201,209,327,390,444,158,160,673,379,685,711,765,170,700,145,147,231,212,289,370,2,0,581,703,143,235,341,411,433,723,75,136,202,196,246,537,728,7,12,365,460,540,534,578,582,39,203,594,742,186,237,607,677,740,25,97,227,224,256,274,348,463,62,90,632,456,661,666,693,286,435,470,517,580,630,708,760,431,497,239,325,738,730,27,207,419,473,749,358,353,187,248,583,166,471,560,629,92,150,165,200,298,349,377,452,50,114,577,551,600,41,172,434,490,520,618,37,42,623,244,292,322,387,397,574,205,222,709,399,499,575,751,350,343,401,500,64,223,113,612,269,303,449,477,501,722,68,167,73,93,132,151,252,278,26,24,610,712,743,265,413,331,480,485,4,215,424,596,726,763,766,40,210,137,369,381,428,430,493,133,127,706,622,631,375,545,579,59,173,163,310,498,373,417,529,546,696,697,287,314,10,515,131,180,190,299,392,465,5,33,478,768,440,472,504,627,635,271,445,302,291,418,426,573,625,216,230,754,264,321,555,148,257],"type":"read_ok"}}
2024/02/25 18:59:42 Received {c71 n21 {"type":"broadcast","message":814,"msg_id":62}}
2024/02/25 18:59:42 Sent {"src":"n21","dest":"c71","body":{"in_reply_to":62,"type":"broadcast_ok"}}
2024/02/25 18:59:42 Sent {"src":"n21","dest":"n12","body":{"messages":[814],"msg_id":28,"type":"broadcast"}}
2024/02/25 18:59:43 Received {n12 n21 {"messages":[779,789,786,783,788,781,784,792,785,780,793,778,791,787,782,809],"msg_id":822,"type":"broadcast"}}
2024/02/25 18:59:43 Sent {"src":"n21","dest":"n12","body":{"in_reply_to":822,"type":"broadcast_ok"}}
2024/02/25 18:59:43 Received {n12 n21 {"in_reply_to":28,"type":"broadcast_ok"}}
2024/02/25 18:59:43 Received {c71 n21 {"type":"broadcast","message":828,"msg_id":63}}
2024/02/25 18:59:43 Sent {"src":"n21","dest":"c71","body":{"in_reply_to":63,"type":"broadcast_ok"}}
2024/02/25 18:59:43 Received {c71 n21 {"type":"broadcast","message":843,"msg_id":64}}
2024/02/25 18:59:43 Sent {"src":"n21","dest":"c71","body":{"in_reply_to":64,"type":"broadcast_ok"}}
2024/02/25 18:59:43 Sent {"src":"n21","dest":"n12","body":{"messages":[828,843],"msg_id":29,"type":"broadcast"}}
2024/02/25 18:59:43 Received {n12 n21 {"messages":[812,798,811,800,813,807,805,804,801,815,797,810,795,808,794,803,806,802,796,799,822],"msg_id":843,"type":"broadcast"}}
2024/02/25 18:59:43 Sent {"src":"n21","dest":"n12","body":{"in_reply_to":843,"type":"broadcast_ok"}}
2024/02/25 18:59:43 Received {n12 n21 {"in_reply_to":29,"type":"broadcast_ok"}}
2024/02/25 18:59:43 Received {c71 n21 {"type":"broadcast","message":854,"msg_id":65}}
2024/02/25 18:59:43 Sent {"src":"n21","dest":"c71","body":{"in_reply_to":65,"type":"broadcast_ok"}}
2024/02/25 18:59:43 Sent {"src":"n21","dest":"n12","body":{"messages":[854],"msg_id":30,"type":"broadcast"}}
2024/02/25 18:59:44 Received {n12 n21 {"messages":[837,816,830,827,836,819,834,824,838,823,840,839,826,842,829,817,831,825,841,821,820,835,818,832,833,863],"msg_id":869,"type":"broadcast"}}
2024/02/25 18:59:44 Received {c71 n21 {"type":"read","msg_id":66}}
2024/02/25 18:59:44 Sent {"src":"n21","dest":"n12","body":{"in_reply_to":869,"type":"broadcast_ok"}}
2024/02/25 18:59:44 Sent {"src":"n21","dest":"c71","body":{"in_reply_to":66,"messages":[47,790,135,260,606,457,486,32,57,74,138,336,548,695,130,481,549,782,366,825,833,22,344,840,195,185,453,820,149,466,764,628,104,263,542,35,255,494,488,649,746,588,69,398,589,836,91,837,640,29,323,391,489,776,759,839,234,276,282,403,654,796,160,327,444,379,170,700,711,289,2,0,145,231,723,143,235,341,7,196,246,537,578,582,203,534,742,800,740,830,25,97,186,607,677,62,90,224,286,435,456,708,760,431,497,470,517,630,809,738,730,358,353,473,248,822,92,150,377,452,50,114,200,349,551,600,37,41,434,490,574,222,244,292,322,387,806,343,399,575,64,401,500,829,612,68,303,449,477,265,610,26,73,93,151,252,278,841,215,331,40,424,596,726,493,127,369,631,375,545,579,812,163,498,314,373,417,529,10,515,842,465,33,131,190,478,768,271,440,472,230,302,291,148,264,321,555,834,556,261,380,672,221,487,512,531,407,599,229,389,65,656,213,447,85,521,176,243,281,423,854,826,168,307,590,787,171,340,479,603,713,206,523,571,637,641,296,315,429,14,330,416,510,103,718,773,48,394,111,142,615,459,505,516,49,342,368,670,273,655,116,326,337,451,584,598,648,20,96,532,663,705,739,317,624,483,194,427,51,563,680,783,832,232,415,757,324,507,762,134,359,410,454,788,616,77,154,352,609,124,183,236,268,716,741,118,737,383,647,11,82,405,690,152,617,362,491,361,734,153,174,372,374,63,189,509,714,240,301,400,752,835,412,777,408,6,83,126,334,592,688,197,646,643,146,247,552,58,295,747,199,211,309,568,108,233,448,755,67,181,283,461,801,626,811,779,182,53,704,657,218,351,495,557,604,729,698,756,793,297,308,565,318,385,652,566,769,608,156,347,511,19,569,789,567,8,36,66,109,450,689,810,98,691,634,420,541,644,45,70,682,34,179,238,432,828,184,767,815,300,290,503,506,129,335,376,441,467,31,155,761,665,60,76,320,425,159,502,3,117,288,462,267,313,753,406,378,438,564,799,241,526,593,639,1,87,272,724,52,102,519,443,561,619,692,492,198,357,719,772,804,201,209,823,824,158,390,802,685,673,765,370,147,212,581,703,433,75,136,411,728,12,202,39,365,460,540,594,237,348,463,227,256,274,632,661,666,693,580,843,27,207,239,325,419,749,795,187,166,471,583,794,560,629,165,298,577,520,618,42,172,623,397,205,709,785,350,499,751,223,113,501,722,167,269,24,132,413,712,743,4,480,485,766,210,763,430,133,137,381,428,622,706,59,173,310,287,546,696,697,863,392,5,180,299,807,445,504,627,635,791,216,418,426,573,625,754,257,536,544,554,658,707,55,217,346,786,813,46,140,219,319,679,110,141,671,101,333,748,595,613,475,559,808,120,251,270,382,715,731,89,668,681,266,338,745,43,88,364,558,621,79,306,442,30,371,484,81,188,294,817,122,437,522,576,169,275,539,258,311,468,831,611,80,228,458,792,192,284,727,667,720,547,744,72,345,436,710,732,784,402,797,838,15,23,304,285,332,664,533,543,636,684,245,572,816,106,404,605,107,651,54,446,482,527,56,254,694,253,562,678,819,781,144,157,312,721,524,687,28,293,393,733,367,421,439,528,662,821,220,585,586,277,363,597,591,9,469,530,736,21,123,758,13,250,388,770,774,818,95,474,525,775,587,78,778,128,214,384,414,659,674,328,354,105,115,455,642,570,71,94,225,360,669,805,638,100,496,476,535,16,162,653,161,191,355,650,803,193,701,99,226,356,422,508,112,119,279,339,464,735,61,121,280,514,717,208,814,175,686,164,409,676,139,518,513,17,702,38,44,242,249,305,660,395,750,771,675,204,86,316,602,725,620,18,396,553,827,262,633,601,177,550,780,125,683,798,538,614,84,178,259,386,645,329,699],"type":"read_ok"}}
2024/02/25 18:59:44 Received {n12 n21 {"in_reply_to":30,"type":"broadcast_ok"}}
2024/02/25 18:59:44 Received {c71 n21 {"type":"read","msg_id":67}}
2024/02/25 18:59:44 Sent {"src":"n21","dest":"c71","body":{"in_reply_to":67,"messages":[432,682,34,179,238,828,815,184,767,290,300,441,467,503,506,129,335,376,31,155,761,320,665,60,76,425,159,502,3,117,288,462,267,313,753,406,378,438,564,799,241,593,639,526,1,87,272,724,519,52,102,692,443,561,619,492,198,357,719,772,804,823,201,209,802,824,158,390,685,673,765,212,370,147,581,703,411,433,75,136,728,12,202,540,39,365,460,594,237,256,274,348,463,227,632,666,693,661,580,843,27,207,239,325,749,795,419,187,166,471,583,794,560,629,298,165,577,520,618,42,172,623,397,205,709,751,785,350,499,223,113,501,722,167,269,743,24,132,413,712,485,4,480,763,766,210,381,428,430,133,137,622,706,59,173,310,863,287,546,696,697,299,392,5,180,807,445,504,627,635,625,754,791,216,418,426,573,257,707,536,544,554,658,813,55,217,346,786,679,46,140,219,319,110,141,671,101,333,748,595,613,475,559,808,715,731,120,251,270,382,89,668,681,266,338,745,43,88,364,558,621,442,79,306,30,371,484,81,188,294,817,522,576,122,437,169,275,539,258,311,468,831,458,611,80,228,792,727,192,284,547,667,720,744,436,72,345,732,784,710,402,797,838,332,15,23,304,285,664,533,543,636,684,816,245,572,605,106,404,107,446,482,651,54,527,56,254,694,819,253,562,678,721,781,144,157,312,393,524,687,28,293,528,733,367,421,439,662,821,220,585,363,586,277,530,597,591,9,469,736,758,21,123,774,818,13,250,388,770,775,95,474,525,587,78,414,659,778,128,214,384,674,328,354,642,105,115,455,360,570,71,94,225,669,805,476,535,638,100,496,16,162,355,653,161,191,650,803,701,193,99,226,356,422,339,464,508,112,119,279,514,735,61,121,280,717,208,814,175,686,676,164,409,513,139,518,17,702,305,38,44,242,249,660,771,395,750,204,675,725,86,316,602,553,620,18,396,827,262,633,550,601,177,780,798,125,683,386,538,614,84,178,259,645,329,699,47,606,790,135,260,336,457,486,32,57,74,138,548,695,549,782,130,481,366,825,833,22,344,840,195,185,453,820,149,466,764,628,104,263,542,494,35,255,746,488,649,589,588,69,398,837,836,91,391,489,640,29,323,839,776,759,234,276,282,796,403,654,444,160,327,379,170,700,711,231,289,2,0,145,341,723,143,235,246,537,7,196,534,578,582,203,742,800,607,677,740,830,25,97,186,62,90,224,286,435,456,630,708,760,431,497,470,517,738,730,809,358,353,473,248,822,92,150,349,377,452,50,114,200,551,600,434,490,37,41,322,387,574,222,244,292,806,575,343,399,64,401,500,829,612,449,477,68,303,252,278,265,610,26,73,93,151,841,215,331,726,40,424,596,493,127,369,631,579,812,375,545,163,498,314,373,417,529,10,515,842,190,465,33,131,478,768,271,440,472,230,302,291,834,148,264,321,555,556,261,380,672,221,487,512,531,407,599,229,389,65,656,213,447,85,521,854,826,176,243,281,423,168,307,590,787,713,171,340,479,603,641,206,523,571,637,429,296,315,14,330,416,510,103,718,773,48,394,111,142,615,459,505,368,516,49,342,670,273,655,584,116,326,337,451,532,598,648,20,96,663,705,739,317,483,624,194,427,832,51,563,680,783,757,232,415,762,324,507,454,788,134,359,410,616,77,154,352,236,268,609,124,183,716,741,737,118,647,383,405,11,82,690,617,152,362,491,361,374,734,153,174,372,509,63,189,714,240,301,400,752,835,777,412,408,6,83,592,688,126,334,646,197,247,643,146,552,58,295,747,309,568,199,211,448,108,233,755,461,67,181,283,626,811,801,779,182,704,53,557,604,657,218,351,495,729,698,756,565,793,297,308,652,318,385,566,769,608,156,347,511,789,19,569,450,567,8,36,66,109,689,691,810,98,644,634,420,541,45,70],"type":"read_ok"}}
2024/02/25 18:59:44 Received {n12 n21 {"messages":[853,861,855,848,860,850,856,852,849,864,845,857,858,859,846,862,847,844,851,871],"msg_id":901,"type":"broadcast"}}
2024/02/25 18:59:44 Sent {"src":"n21","dest":"n12","body":{"in_reply_to":901,"type":"broadcast_ok"}}
2024/02/25 18:59:44 Received {c71 n21 {"type":"broadcast","message":888,"msg_id":68}}
2024/02/25 18:59:44 Sent {"src":"n21","dest":"c71","body":{"in_reply_to":68,"type":"broadcast_ok"}}
2024/02/25 18:59:44 Received {c71 n21 {"type":"broadcast","message":899,"msg_id":69}}
2024/02/25 18:59:44 Sent {"src":"n21","dest":"c71","body":{"in_reply_to":69,"type":"broadcast_ok"}}
2024/02/25 18:59:44 Sent {"src":"n21","dest":"n12","body":{"messages":[888,899],"msg_id":31,"type":"broadcast"}}
2024/02/25 18:59:45 Received {n12 n21 {"messages":[874,883,868,878,869,879,873,877,866,875,867,876,870,865,872,894],"msg_id":925,"type":"broadcast"}}
2024/02/25 18:59:45 Sent {"src":"n21","dest":"n12","body":{"in_reply_to":925,"type":"broadcast_ok"}}
2024/02/25 18:59:45 Received {n12 n21 {"in_reply_to":31,"type":"broadcast_ok"}}
2024/02/25 18:59:45 Received {n12 n21 {"messages":[898,886,900,885,902,903,896,891,904,892,889,905,881,884,895,887,897,880,893,890,901,882],"msg_id":960,"type":"broadcast"}}
2024/02/25 18:59:45 Sent {"src":"n21","dest":"n12","body":{"in_reply_to":960,"type":"broadcast_ok"}}
2024/02/25 18:59:46 Received {n12 n21 {"messages":[906],"msg_id":979,"type":"broadcast"}}
2024/02/25 18:59:46 Sent {"src":"n21","dest":"n12","body":{"in_reply_to":979,"type":"broadcast_ok"}}
2024/02/25 18:59:55 Received {c71 n21 {"type":"read","msg_id":70}}
2024/02/25 18:59:55 Sent {"src":"n21","dest":"c71","body":{"in_reply_to":70,"messages":[804,201,209,823,866,158,390,802,824,685,673,765,147,212,370,581,703,75,136,411,433,12,202,728,39,365,460,540,594,903,237,227,256,274,348,463,632,888,661,666,693,580,899,890,27,207,239,325,843,419,749,795,883,889,187,166,471,583,794,858,560,629,165,298,577,902,42,172,520,618,623,864,205,397,709,350,499,751,785,855,223,113,850,167,269,501,722,24,132,413,712,743,4,480,485,210,763,766,905,133,137,381,428,430,622,706,59,173,852,897,310,287,546,696,697,863,844,5,180,299,392,807,445,504,627,635,216,418,426,573,625,754,791,257,856,536,544,554,658,707,861,55,217,346,786,813,46,140,219,319,679,877,110,141,671,846,101,333,748,884,595,613,475,559,808,851,120,251,270,382,715,731,89,668,681,266,338,745,43,88,364,558,621,79,306,442,30,371,484,860,81,188,294,817,122,437,522,576,169,275,539,258,311,468,831,80,228,458,611,792,192,284,727,547,667,720,744,72,345,436,710,732,784,402,797,838,15,23,304,285,332,900,664,533,543,636,684,245,572,816,106,404,605,107,54,446,482,651,56,254,527,694,253,562,678,819,144,157,312,721,781,28,293,393,524,687,893,367,421,439,528,733,892,662,821,220,585,872,277,363,586,9,469,530,597,591,736,21,123,758,13,250,388,770,774,818,845,95,474,525,775,587,868,78,128,214,384,414,659,778,857,328,354,674,105,115,455,642,71,94,225,360,570,669,805,100,496,476,535,638,16,162,161,191,355,653,650,803,193,701,99,226,356,422,112,119,279,339,464,508,61,121,280,514,735,865,208,717,814,175,686,164,409,676,139,518,513,17,702,847,38,44,242,249,305,660,395,750,771,204,675,86,316,602,725,18,396,553,620,827,262,633,849,177,550,601,780,125,683,798,84,178,259,386,538,614,645,329,699,879,47,135,260,606,790,32,57,74,138,336,457,486,548,695,130,481,549,782,366,825,833,848,22,344,840,195,185,453,820,149,466,764,104,263,542,628,35,255,494,488,649,746,859,69,398,589,588,91,837,836,29,323,391,489,640,776,759,839,878,234,276,282,403,654,796,896,160,327,444,379,170,700,711,2,0,145,231,289,143,235,341,723,7,196,246,537,203,534,578,582,742,800,25,97,186,607,677,740,830,62,90,224,286,435,456,431,497,470,517,630,708,760,881,738,730,809,358,353,473,248,822,874,92,150,50,114,200,349,377,452,551,600,898,37,41,434,490,222,244,292,322,387,574,806,343,399,575,64,401,500,829,612,68,303,449,477,26,73,93,151,252,278,265,610,841,215,331,40,424,596,726,127,369,493,631,375,545,579,812,163,498,314,373,417,529,10,515,842,886,891,33,131,190,465,478,768,271,440,472,230,302,291,148,264,321,555,834,556,261,380,672,221,487,512,531,887,407,599,901,229,389,65,656,213,447,85,521,176,243,281,423,854,826,168,307,590,787,171,340,479,603,713,206,523,571,637,641,296,315,429,885,14,330,416,510,869,103,718,48,394,773,867,111,142,615,459,505,49,342,368,516,670,273,655,116,326,337,451,584,20,96,532,598,648,663,705,739,853,317,483,624,873,194,427,51,563,680,783,832,232,415,757,324,507,762,134,359,410,454,788,77,154,352,616,124,183,236,268,609,716,741,118,737,383,647,11,82,405,690,152,617,362,491,361,153,174,372,374,734,63,189,509,714,240,301,400,752,835,412,777,408,6,83,126,334,592,688,197,646,146,247,643,58,295,552,747,199,211,309,568,108,233,448,882,755,67,181,283,461,626,811,801,182,779,53,704,218,351,495,557,604,657,729,698,756,862,906,297,308,565,793,318,385,652,566,769,608,156,347,511,894,19,569,789,870,8,36,66,109,450,567,689,98,691,810,420,541,644,634,45,70,895,34,179,238,432,682,828,184,767,815,875,880,300,290,129,335,376,441,467,503,506,31,155,761,60,76,320,665,425,159,502,3,117,288,462,267,313,753,406,378,438,564,799,241,526,593,639,1,87,272,724,52,102,519,871,876,904,443,561,619,692,198,357,492,719,772],"type":"read_ok"}}
