2024/02/25 18:59:24 Received {c20 n22 {"type":"init","node_id":"n22","node_ids":["n0","n1","n2","n3","n4","n5","n6","n7","n8","n9","n10","n11","n12","n13","n14","n15","n16","n17","n18","n19","n20","n21","n22","n23","n24"],"msg_id":1}}
2024/02/25 18:59:24 Node n22 initialized
2024/02/25 18:59:24 Sent {"src":"n22","dest":"c20","body":{"in_reply_to":1,"type":"init_ok"}}
2024/02/25 18:59:25 Received {c47 n22 {"type":"topology","topology":{"n2":["n7","n3","n1"],"n21":["n16","n22","n20"],"n23":["n18","n24","n22"],"n5":["n10","n0","n6"],"n8":["n13","n3","n9","n7"],"n6":["n11","n1","n7","n5"],"n19":["n24","n14","n18"],"n14":["n19","n9","n13"],"n17":["n22","n12","n18","n16"],"n1":["n6","n2","n0"],"n24":["n19","n23"],"n4":["n9","n3"],"n0":["n5","n1"],"n18":["n23","n13","n19","n17"],"n9":["n14","n4","n8"],"n10":["n15","n5","n11"],"n22":["n17","n23","n21"],"n15":["n20","n10","n16"],"n13":["n18","n8","n14","n12"],"n3":["n8","n4","n2"],"n12":["n17","n7","n13","n11"],"n11":["n16","n6","n12","n10"],"n16":["n21","n11","n17","n15"],"n7":["n12","n2","n8","n6"],"n20":["n15","n21"]},"msg_id":1}}
2024/02/25 18:59:25 Sent {"src":"n22","dest":"c47","body":{"in_reply_to":1,"type":"topology_ok"}}
2024/02/25 18:59:25 Received {c72 n22 {"type":"broadcast","message":8,"msg_id":1}}
2024/02/25 18:59:25 Sent {"src":"n22","dest":"c72","body":{"in_reply_to":1,"type":"broadcast_ok"}}
2024/02/25 18:59:25 Sent {"src":"n22","dest":"n12","body":{"messages":[8],"msg_id":1,"type":"broadcast"}}
2024/02/25 18:59:25 Received {c72 n22 {"type":"read","msg_id":2}}
2024/02/25 18:59:25 Sent {"src":"n22","dest":"c72","body":{"in_reply_to":2,"messages":[8],"type":"read_ok"}}
2024/02/25 18:59:25 Received {n12 n22 {"in_reply_to":1,"type":"broadcast_ok"}}
2024/02/25 18:59:25 Received {c72 n22 {"type":"broadcast","message":44,"msg_id":3}}
2024/02/25 18:59:25 Sent {"src":"n22","dest":"c72","body":{"in_reply_to":3,"type":"broadcast_ok"}}
2024/02/25 18:59:25 Sent {"src":"n22","dest":"n12","body":{"messages":[44],"msg_id":2,"type":"broadcast"}}
2024/02/25 18:59:26 Received {n12 n22 {"messages":[9,20,3,16,2,15,7,14,17,4,18,10,19,5,0,11,12,6,13,1,39],"msg_id":18,"type":"broadcast"}}
2024/02/25 18:59:26 Sent {"src":"n22","dest":"n12","body":{"in_reply_to":18,"type":"broadcast_ok"}}
2024/02/25 18:59:26 Received {n12 n22 {"in_reply_to":2,"type":"broadcast_ok"}}
2024/02/25 18:59:26 Received {c72 n22 {"type":"broadcast","message":58,"msg_id":4}}
2024/02/25 18:59:26 Sent {"src":"n22","dest":"c72","body":{"in_reply_to":4,"type":"broadcast_ok"}}
2024/02/25 18:59:26 Received {c72 n22 {"type":"read","msg_id":5}}
2024/02/25 18:59:26 Sent {"src":"n22","dest":"c72","body":{"in_reply_to":5,"messages":[14,19,0,11,8,16,2,7,1,9,3,15,17,4,5,12,13,20,58,39,18,10,6,44],"type":"read_ok"}}
2024/02/25 18:59:26 Sent {"src":"n22","dest":"n12","body":{"messages":[58],"msg_id":3,"type":"broadcast"}}
2024/02/25 18:59:26 Received {n12 n22 {"messages":[35,27,45,24,32,43,31,37,30,48,36,28,29,46,21,38,22,23,40,25,42,33,26,41,47,34,64],"msg_id":35,"type":"broadcast"}}
2024/02/25 18:59:26 Sent {"src":"n22","dest":"n12","body":{"in_reply_to":35,"type":"broadcast_ok"}}
2024/02/25 18:59:26 Received {n12 n22 {"in_reply_to":3,"type":"broadcast_ok"}}
2024/02/25 18:59:26 Received {c72 n22 {"type":"read","msg_id":6}}
2024/02/25 18:59:26 Sent {"src":"n22","dest":"c72","body":{"in_reply_to":6,"messages":[39,30,29,25,3,15,5,13,44,18,6,37,36,28,26,34,14,19,11,43,48,46,21,41,9,16,45,32,58,35,31,20,17,4,12,47,64,10,27,23,33,42,8,0,22,40,38,2,7,1,24],"type":"read_ok"}}
2024/02/25 18:59:26 Received {c72 n22 {"type":"broadcast","message":89,"msg_id":7}}
2024/02/25 18:59:26 Sent {"src":"n22","dest":"c72","body":{"in_reply_to":7,"type":"broadcast_ok"}}
2024/02/25 18:59:26 Sent {"src":"n22","dest":"n12","body":{"messages":[89],"msg_id":4,"type":"broadcast"}}
2024/02/25 18:59:27 Received {n12 n22 {"messages":[55,67,50,61,73,75,56,60,51,62,72,57,68,59,69,52,65,49,63,70,53,54,66,71],"msg_id":51,"type":"broadcast"}}
2024/02/25 18:59:27 Sent {"src":"n22","dest":"n12","body":{"in_reply_to":51,"type":"broadcast_ok"}}
2024/02/25 18:59:27 Received {n12 n22 {"in_reply_to":4,"type":"broadcast_ok"}}
2024/02/25 18:59:27 Received {c72 n22 {"type":"read","msg_id":8}}
2024/02/25 18:59:27 Sent {"src":"n22","dest":"c72","body":{"in_reply_to":8,"messages":[9,45,48,46,41,17,12,58,35,61,63,10,27,33,47,64,50,56,57,59,0,22,42,1,38,15,5,13,39,89,52,44,18,6,51,68,19,11,43,36,34,73,16,32,21,60,72,66,20,4,31,55,71,23,70,53,54,8,40,67,62,69,2,7,24,65,49,3,30,29,25,75,37,14,28,26],"type":"read_ok"}}
2024/02/25 18:59:27 Received {n12 n22 {"messages":[74,88,78,79,87,81,90,83,92,86,76,85,91,84,80,77,82,109],"msg_id":93,"type":"broadcast"}}
2024/02/25 18:59:27 Received {c72 n22 {"type":"read","msg_id":9}}
2024/02/25 18:59:27 Sent {"src":"n22","dest":"n12","body":{"in_reply_to":93,"type":"broadcast_ok"}}
2024/02/25 18:59:27 Sent {"src":"n22","dest":"c72","body":{"in_reply_to":9,"messages":[0,22,42,1,38,52,15,5,13,39,89,44,18,6,51,68,73,19,11,43,36,34,66,16,32,21,60,72,20,4,31,55,71,23,70,53,54,8,40,67,62,69,2,7,24,65,49,3,30,29,25,75,37,14,28,26,9,45,48,46,41,63,17,12,58,35,61,50,56,57,10,27,33,47,64,59],"type":"read_ok"}}
2024/02/25 18:59:27 Received {c72 n22 {"type":"read","msg_id":10}}
2024/02/25 18:59:27 Sent {"src":"n22","dest":"c72","body":{"in_reply_to":10,"messages":[66,83,16,32,21,60,72,20,4,31,55,71,23,70,53,54,84,82,8,40,67,62,69,2,7,24,65,49,3,30,29,25,75,37,78,86,80,77,14,28,26,74,85,79,9,45,48,46,41,63,87,90,17,12,58,35,61,50,56,57,10,27,33,47,64,59,109,0,22,42,88,92,1,38,52,15,5,13,39,89,81,44,18,6,51,68,73,76,91,19,11,43,36,34],"type":"read_ok"}}
2024/02/25 18:59:28 Received {n12 n22 {"messages":[106,112,100,111,101,93,104,95,107,94,105,98,102,96,108,103,110,97,99,122,136],"msg_id":110,"type":"broadcast"}}
2024/02/25 18:59:28 Received {c72 n22 {"type":"read","msg_id":11}}
2024/02/25 18:59:28 Sent {"src":"n22","dest":"c72","body":{"in_reply_to":11,"messages":[11,34,16,21,66,83,71,110,23,54,40,62,69,2,65,49,104,3,29,25,75,122,37,86,26,45,48,41,79,102,63,90,96,10,27,47,0,22,88,92,94,136,1,38,106,89,44,6,51,68,19,43,36,73,76,91,101,32,60,72,108,20,4,31,55,70,53,98,103,8,67,84,82,112,111,7,24,30,78,80,14,28,74,85,77,95,107,9,46,97,105,17,12,58,35,61,87,93,33,64,50,56,57,59,42,109,99,100,15,5,13,39,52,18,81],"type":"read_ok"}}
2024/02/25 18:59:28 Sent {"src":"n22","dest":"n12","body":{"in_reply_to":110,"type":"broadcast_ok"}}
2024/02/25 18:59:28 Received {c72 n22 {"type":"read","msg_id":12}}
2024/02/25 18:59:28 Sent {"src":"n22","dest":"c72","body":{"in_reply_to":12,"messages":[1,38,106,89,68,44,6,51,73,76,91,101,19,43,36,108,32,60,72,55,20,4,31,103,70,53,98,82,112,111,8,67,84,7,24,30,78,80,85,77,95,107,14,28,74,9,46,97,35,61,87,93,105,17,12,58,56,57,59,33,64,50,42,109,99,100,39,52,15,5,13,18,81,11,34,83,16,21,66,71,110,23,54,40,62,69,104,2,65,49,75,122,3,29,25,37,86,26,79,102,45,48,41,63,90,96,10,27,47,92,94,136,0,22,88],"type":"read_ok"}}
2024/02/25 18:59:28 Received {n12 n22 {"messages":[126,114,133,127,117,118,132,120,134,130,116,131,125,121,135,119,123,137,115,129,113,128,124,145],"msg_id":142,"type":"broadcast"}}
2024/02/25 18:59:28 Sent {"src":"n22","dest":"n12","body":{"in_reply_to":142,"type":"broadcast_ok"}}
2024/02/25 18:59:28 Received {c72 n22 {"type":"read","msg_id":13}}
2024/02/25 18:59:28 Sent {"src":"n22","dest":"c72","body":{"in_reply_to":13,"messages":[82,112,111,133,8,67,84,119,145,7,24,130,125,30,120,134,78,80,85,77,95,107,14,28,74,9,46,97,35,61,87,93,105,17,12,58,56,57,59,132,115,33,64,50,137,42,109,99,100,123,39,52,15,5,13,18,81,11,34,83,116,16,21,66,71,110,23,54,40,62,69,104,135,129,2,65,49,75,122,3,29,25,37,86,26,124,79,102,45,48,41,63,90,96,127,113,10,27,47,92,94,136,114,117,0,22,88,131,1,38,106,89,68,126,44,6,51,73,76,91,101,19,43,36,108,32,60,72,55,128,20,4,31,103,118,121,70,53,98],"type":"read_ok"}}
2024/02/25 18:59:28 Received {c72 n22 {"type":"broadcast","message":174,"msg_id":14}}
2024/02/25 18:59:28 Sent {"src":"n22","dest":"c72","body":{"in_reply_to":14,"type":"broadcast_ok"}}
2024/02/25 18:59:28 Sent {"src":"n22","dest":"n12","body":{"messages":[174],"msg_id":5,"type":"broadcast"}}
2024/02/25 18:59:29 Received {n12 n22 {"messages":[143,140,151,158,138,149,154,142,141,152,153,147,146,148,144,155,139,150],"msg_id":150,"type":"broadcast"}}
2024/02/25 18:59:29 Sent {"src":"n22","dest":"n12","body":{"in_reply_to":150,"type":"broadcast_ok"}}
2024/02/25 18:59:29 Received {n12 n22 {"in_reply_to":5,"type":"broadcast_ok"}}
2024/02/25 18:59:29 Received {c72 n22 {"type":"broadcast","message":188,"msg_id":15}}
2024/02/25 18:59:29 Sent {"src":"n22","dest":"c72","body":{"in_reply_to":15,"type":"broadcast_ok"}}
2024/02/25 18:59:29 Sent {"src":"n22","dest":"n12","body":{"messages":[188],"msg_id":6,"type":"broadcast"}}
2024/02/25 18:59:29 Received {n12 n22 {"messages":[156,172,168,166,175,157,169,160,159,163,177,170,164,165,161,176,167,171,162,173,197],"msg_id":185,"type":"broadcast"}}
2024/02/25 18:59:29 Sent {"src":"n22","dest":"n12","body":{"in_reply_to":185,"type":"broadcast_ok"}}
2024/02/25 18:59:29 Received {n12 n22 {"in_reply_to":6,"type":"broadcast_ok"}}
2024/02/25 18:59:29 Received {c72 n22 {"type":"read","msg_id":16}}
2024/02/25 18:59:29 Sent {"src":"n22","dest":"c72","body":{"in_reply_to":16,"messages":[102,188,45,48,41,79,63,90,96,113,177,162,10,27,47,127,94,136,114,117,0,22,88,92,131,149,172,159,1,38,106,151,89,174,155,126,139,44,6,51,68,76,91,101,148,19,43,36,73,154,144,175,165,32,60,72,108,128,167,20,4,31,55,118,121,70,53,98,103,112,111,133,8,67,84,82,145,170,7,24,130,119,166,30,120,134,125,78,80,156,77,95,107,147,14,28,74,85,176,9,46,97,157,61,87,93,105,17,12,58,35,158,164,171,57,59,132,115,33,64,50,56,153,141,152,197,42,109,99,137,100,123,146,163,52,15,5,13,39,18,81,143,11,34,116,140,142,16,21,66,83,71,110,150,23,54,40,62,69,169,135,129,173,2,65,49,104,122,160,3,29,25,75,37,86,138,161,26,124,168],"type":"read_ok"}}
2024/02/25 18:59:29 Received {c72 n22 {"type":"read","msg_id":17}}
2024/02/25 18:59:29 Sent {"src":"n22","dest":"c72","body":{"in_reply_to":17,"messages":[30,120,134,125,166,78,80,156,14,28,74,85,77,95,107,147,9,46,97,157,176,17,12,58,35,61,87,93,105,158,164,171,33,64,50,56,57,59,132,115,153,42,109,99,137,141,152,197,100,123,146,163,15,5,13,39,52,18,81,143,11,34,16,21,66,83,116,140,142,71,110,150,23,54,40,62,69,169,2,65,49,104,135,129,173,3,29,25,75,122,160,37,86,138,161,26,124,168,45,48,41,79,102,188,63,90,96,10,27,47,127,113,177,162,0,22,88,92,94,136,114,117,131,149,172,1,38,106,151,159,89,174,155,44,6,51,68,126,139,19,43,36,73,76,91,101,148,32,60,72,108,154,144,175,165,20,4,31,55,128,167,70,53,98,103,118,121,8,67,84,82,112,111,133,7,24,130,119,145,170],"type":"read_ok"}}
2024/02/25 18:59:30 Received {n12 n22 {"messages":[186,180,182,195,179,183,178,192,190,191,185,189,193,181,194,187,184,196,208],"msg_id":205,"type":"broadcast"}}
2024/02/25 18:59:30 Sent {"src":"n22","dest":"n12","body":{"in_reply_to":205,"type":"broadcast_ok"}}
2024/02/25 18:59:30 Received {c72 n22 {"type":"read","msg_id":18}}
2024/02/25 18:59:30 Sent {"src":"n22","dest":"c72","body":{"in_reply_to":18,"messages":[13,39,52,15,5,143,18,81,190,11,34,66,83,116,140,142,16,21,150,186,71,110,181,196,23,54,69,169,40,62,49,104,135,129,173,179,2,65,191,25,75,122,160,3,29,138,161,37,86,168,26,124,41,79,102,188,185,193,45,48,96,178,194,63,90,47,127,113,177,162,10,27,88,92,94,136,114,117,0,22,172,131,149,106,151,159,182,1,38,155,189,89,174,51,68,126,139,44,6,36,73,76,91,101,148,19,43,184,72,108,154,144,175,165,32,60,31,55,128,167,195,20,4,98,103,118,121,208,70,53,84,82,112,111,133,8,67,130,119,145,170,7,24,134,125,166,30,120,156,180,187,78,80,74,85,77,95,107,147,14,28,97,157,176,9,46,58,35,61,87,93,105,17,12,171,183,158,164,50,56,57,59,132,115,33,64,153,99,137,141,152,197,192,42,109,146,163,100,123],"type":"read_ok"}}
2024/02/25 18:59:30 Received {n12 n22 {"messages":[212,223,201,214,204,215,209,205,216,206,198,210,203,207,199,211,200,202,213,242],"msg_id":230,"type":"broadcast"}}
2024/02/25 18:59:30 Received {c72 n22 {"type":"read","msg_id":19}}
2024/02/25 18:59:30 Sent {"src":"n22","dest":"n12","body":{"in_reply_to":230,"type":"broadcast_ok"}}
2024/02/25 18:59:30 Sent {"src":"n22","dest":"c72","body":{"in_reply_to":19,"messages":[1,159,174,155,189,199,44,51,68,139,216,36,91,148,60,144,165,213,20,4,55,128,167,70,53,98,103,121,8,67,133,203,24,119,120,134,202,74,85,77,95,207,9,46,176,206,87,105,17,58,35,61,158,183,59,33,56,57,153,192,42,109,99,137,141,100,123,163,5,39,52,143,140,16,21,66,83,71,23,196,69,169,212,129,2,104,191,211,242,25,122,160,201,209,37,86,26,124,185,45,48,79,102,188,96,178,194,10,27,47,162,136,172,38,106,151,182,89,6,126,184,204,19,43,73,76,101,198,32,72,108,154,175,31,195,205,118,208,84,82,112,111,7,130,145,170,30,125,166,78,80,156,180,187,14,28,107,147,97,157,93,12,164,171,132,115,64,50,152,197,210,146,15,13,18,81,11,34,190,142,116,110,150,186,215,54,181,223,40,62,173,179,65,49,135,3,29,75,138,161,168,41,193,214,63,90,127,113,177,200,114,117,131,0,22,88,92,94,149],"type":"read_ok"}}
2024/02/25 18:59:30 Received {c72 n22 {"type":"read","msg_id":20}}
2024/02/25 18:59:30 Sent {"src":"n22","dest":"c72","body":{"in_reply_to":20,"messages":[121,70,53,98,103,8,67,133,203,24,119,120,134,202,207,74,85,77,95,9,46,176,206,61,87,105,17,58,35,158,183,57,59,33,56,153,141,192,42,109,99,137,100,123,163,52,5,39,143,140,16,21,66,83,71,23,196,212,69,169,129,2,104,191,209,211,242,25,122,160,201,37,86,26,124,188,185,45,48,79,102,96,178,194,10,27,47,162,136,172,38,106,151,182,89,6,126,101,184,204,19,43,73,76,175,198,32,72,108,154,31,195,205,118,208,84,82,112,111,7,130,145,170,30,125,166,187,78,80,156,180,14,28,107,147,97,157,93,12,164,171,132,115,64,50,152,197,210,146,15,13,18,81,11,34,190,116,142,215,110,150,186,223,54,181,40,62,135,173,179,65,49,3,29,75,138,161,168,41,193,214,63,90,127,113,177,200,94,114,117,131,0,22,88,92,149,1,159,174,155,189,199,216,44,51,68,139,36,91,148,60,144,165,167,213,20,4,55,128],"type":"read_ok"}}
2024/02/25 18:59:31 Received {n12 n22 {"messages":[221,239,230,232,227,229,236,217,237,220,238,235,240,241,228,245,234,222,225,244,224,243,218,231,233,219,226],"msg_id":255,"type":"broadcast"}}
2024/02/25 18:59:31 Sent {"src":"n22","dest":"n12","body":{"in_reply_to":255,"type":"broadcast_ok"}}
2024/02/25 18:59:31 Received {c72 n22 {"type":"read","msg_id":21}}
2024/02/25 18:59:31 Sent {"src":"n22","dest":"c72","body":{"in_reply_to":21,"messages":[51,68,139,216,44,91,148,36,144,165,60,4,55,128,167,213,245,20,53,98,103,121,70,67,133,203,8,119,225,224,24,134,202,120,219,235,85,77,95,207,74,46,176,206,9,58,35,61,87,105,158,183,17,56,57,59,153,220,33,109,99,137,141,192,42,123,163,100,39,52,5,228,143,21,66,83,140,240,16,71,196,23,169,212,239,69,104,129,191,2,122,160,201,209,211,242,237,25,86,37,124,238,26,48,79,102,188,185,229,45,178,194,96,27,47,162,10,172,136,106,151,182,38,89,126,6,43,73,76,101,184,204,234,19,72,108,154,175,198,32,195,205,31,208,118,82,112,111,233,84,130,145,170,217,7,125,166,30,80,156,180,187,78,28,107,147,14,157,97,93,164,171,12,50,132,115,64,197,210,152,146,13,15,81,18,34,190,11,142,243,116,150,186,215,110,181,223,231,54,62,230,227,40,49,135,173,179,236,65,29,75,241,222,218,226,3,161,138,168,193,214,41,90,221,232,63,113,177,200,127,22,88,92,94,114,117,131,0,244,149,159,1,155,189,199,174],"type":"read_ok"}}
2024/02/25 18:59:31 Received {c72 n22 {"type":"read","msg_id":22}}
2024/02/25 18:59:31 Sent {"src":"n22","dest":"c72","body":{"in_reply_to":22,"messages":[110,150,186,215,54,181,223,231,40,62,230,227,236,65,49,135,173,179,218,226,3,29,75,241,222,138,161,168,41,193,214,63,90,221,232,127,113,177,200,114,117,131,0,22,88,92,94,149,244,1,159,174,155,189,199,44,51,68,139,216,36,91,148,60,144,165,213,245,20,4,55,128,167,70,53,98,103,121,8,67,133,203,24,119,225,224,120,134,202,235,219,74,85,77,95,207,9,46,176,206,105,158,183,17,58,35,61,87,220,33,56,57,59,153,192,42,109,99,137,141,100,123,163,5,39,52,143,228,240,16,21,66,83,140,71,23,196,69,169,212,239,2,104,129,191,211,242,237,25,122,160,201,209,37,86,26,124,238,185,229,45,48,79,102,188,96,178,194,10,27,47,162,136,172,38,106,151,182,89,6,126,184,204,234,19,43,73,76,101,198,32,72,108,154,175,31,195,205,118,208,84,82,112,111,233,7,130,145,170,217,30,125,166,78,80,156,180,187,14,28,107,147,97,157,12,93,164,171,64,50,132,115,152,197,210,146,15,13,18,81,11,34,190,116,142,243],"type":"read_ok"}}
2024/02/25 18:59:31 Received {n12 n22 {"messages":[255,260,262,253,247,257,246,250,249,259,254,251,248,258,252,256],"msg_id":276,"type":"broadcast"}}
2024/02/25 18:59:31 Sent {"src":"n22","dest":"n12","body":{"in_reply_to":276,"type":"broadcast_ok"}}
2024/02/25 18:59:31 Received {c72 n22 {"type":"read","msg_id":23}}
2024/02/25 18:59:31 Sent {"src":"n22","dest":"c72","body":{"in_reply_to":23,"messages":[8,67,133,203,24,119,225,224,120,134,202,254,235,219,207,74,85,77,95,253,9,46,176,206,87,105,158,183,17,58,35,61,153,220,33,56,57,59,141,192,42,109,99,137,100,123,163,5,39,52,143,228,257,140,240,16,21,66,83,71,23,196,69,169,212,239,246,2,104,129,191,209,211,242,237,25,122,160,201,37,86,249,26,124,238,251,188,185,229,45,48,79,102,96,178,194,10,27,47,162,136,172,262,38,106,151,182,89,6,126,259,101,184,204,234,19,43,73,76,247,175,198,32,72,108,154,31,195,205,118,208,233,258,84,82,112,111,217,7,130,145,170,30,125,166,187,78,80,156,180,14,28,107,147,97,157,12,93,164,171,250,64,50,132,115,152,197,210,146,15,13,252,18,81,11,34,190,116,142,243,110,150,186,215,54,181,223,231,40,62,230,227,179,236,65,49,135,173,222,218,226,3,29,75,241,138,161,168,41,193,214,260,63,90,221,232,127,113,177,200,94,114,117,131,0,22,88,92,149,244,1,159,174,155,189,199,216,255,248,44,51,68,139,36,91,148,256,60,144,165,167,213,245,20,4,55,128,121,70,53,98,103],"type":"read_ok"}}
2024/02/25 18:59:32 Received {n12 n22 {"messages":[266,271,268,278,272,273,267,270,280,276,263,261,274,269,265,277,264,275,279,289,300],"msg_id":303,"type":"broadcast"}}
2024/02/25 18:59:32 Received {c72 n22 {"type":"read","msg_id":24}}
2024/02/25 18:59:32 Sent {"src":"n22","dest":"n12","body":{"in_reply_to":303,"type":"broadcast_ok"}}
2024/02/25 18:59:32 Sent {"src":"n22","dest":"c72","body":{"in_reply_to":24,"messages":[178,194,278,289,96,27,47,162,10,172,262,268,264,136,106,151,182,38,89,126,259,6,43,73,76,101,184,204,234,19,247,72,108,154,175,198,32,195,205,31,208,118,82,112,111,233,258,84,130,145,170,217,266,7,125,166,274,30,80,156,180,187,78,28,107,147,14,157,269,97,93,164,171,12,50,132,115,250,64,197,210,271,152,146,13,252,15,81,263,261,18,34,190,11,142,243,279,116,150,186,215,267,110,181,223,231,54,62,230,227,40,49,135,173,179,236,272,65,29,75,241,222,218,226,3,161,138,168,193,214,260,277,41,90,221,232,63,113,177,200,270,127,22,88,92,94,114,117,131,0,244,149,159,1,155,189,199,174,51,68,139,216,255,248,280,44,91,148,256,36,144,165,60,4,55,128,167,213,245,20,53,98,103,121,70,67,133,203,8,119,225,224,24,134,202,254,120,219,235,85,77,95,207,273,74,46,176,206,253,9,58,35,61,87,105,158,183,17,56,57,59,153,220,33,109,99,137,141,192,42,123,163,100,39,52,5,228,257,143,275,21,66,83,140,240,16,265,300,71,196,23,169,212,239,276,69,104,129,191,246,2,122,160,201,209,211,242,237,25,86,249,37,124,238,251,26,48,79,102,188,185,229,45],"type":"read_ok"}}
2024/02/25 18:59:32 Received {c72 n22 {"type":"broadcast","message":318,"msg_id":25}}
2024/02/25 18:59:32 Sent {"src":"n22","dest":"c72","body":{"in_reply_to":25,"type":"broadcast_ok"}}
2024/02/25 18:59:32 Sent {"src":"n22","dest":"n12","body":{"messages":[318],"msg_id":7,"type":"broadcast"}}
2024/02/25 18:59:32 Received {n12 n22 {"messages":[302,293,291,286,296,284,295,297,283,301,290,288,299,287,298,282,281,294,285,292,314,328],"msg_id":323,"type":"broadcast"}}
2024/02/25 18:59:32 Sent {"src":"n22","dest":"n12","body":{"in_reply_to":323,"type":"broadcast_ok"}}
2024/02/25 18:59:32 Received {n12 n22 {"in_reply_to":7,"type":"broadcast_ok"}}
2024/02/25 18:59:32 Received {c72 n22 {"type":"read","msg_id":26}}
2024/02/25 18:59:32 Sent {"src":"n22","dest":"c72","body":{"in_reply_to":26,"messages":[257,296,143,228,275,66,83,140,240,16,21,300,71,265,23,196,212,239,276,69,169,129,191,246,2,104,160,201,209,211,242,237,25,122,249,37,86,238,251,26,124,79,102,188,185,229,299,45,48,194,278,289,96,178,47,162,291,301,10,27,262,268,264,285,136,172,151,182,38,106,89,259,6,126,73,76,101,184,204,234,19,43,247,292,108,154,175,198,298,32,72,205,328,31,195,118,208,112,111,233,258,84,82,145,170,217,266,7,130,166,274,288,30,125,156,180,187,283,78,80,107,147,14,28,269,318,97,157,164,171,12,93,132,115,250,64,50,210,271,286,152,197,146,252,15,13,263,261,18,81,190,11,34,243,279,116,142,186,215,267,110,150,223,231,54,181,230,227,282,40,62,135,173,179,236,272,294,65,49,75,241,222,218,226,314,3,29,138,161,168,214,260,277,41,193,221,232,63,90,177,200,270,290,127,113,88,92,94,114,117,131,0,22,149,244,1,159,189,199,174,155,68,139,216,255,248,280,44,51,284,148,256,36,91,165,60,144,55,128,167,213,245,20,4,98,103,121,70,53,133,203,287,8,67,225,224,24,119,202,254,295,281,120,134,293,235,219,77,95,207,273,74,85,176,206,253,9,46,35,61,87,105,158,183,17,58,302,57,59,153,220,297,33,56,99,137,141,192,42,109,163,100,123,52,5,39],"type":"read_ok"}}
2024/02/25 18:59:32 Received {c72 n22 {"type":"read","msg_id":27}}
2024/02/25 18:59:32 Sent {"src":"n22","dest":"c72","body":{"in_reply_to":27,"messages":[81,263,261,18,34,190,11,142,243,279,116,150,186,215,267,110,181,223,231,54,62,230,227,282,40,49,135,173,179,236,272,294,65,29,75,241,222,218,226,314,3,161,138,168,193,214,260,277,41,90,221,232,63,113,177,200,270,290,127,22,88,92,94,114,117,131,0,244,149,159,1,155,189,199,174,51,68,139,216,255,248,280,44,284,91,148,256,36,144,165,60,4,55,128,167,213,245,20,53,98,103,121,70,67,133,203,287,8,119,225,224,24,134,202,254,295,281,120,219,293,235,85,77,95,207,273,74,46,176,206,253,9,58,35,61,87,105,158,183,17,302,56,57,59,153,220,297,33,109,99,137,141,192,42,123,163,100,39,52,5,228,257,296,143,275,21,66,83,140,240,16,265,300,71,196,23,169,212,239,276,69,104,129,191,246,2,122,160,201,209,211,242,237,25,86,249,37,124,238,251,26,48,79,102,188,185,229,299,45,178,194,278,289,96,27,47,162,291,301,10,172,262,268,264,285,136,106,151,182,38,89,126,259,6,43,73,76,101,184,204,234,19,292,247,72,108,154,175,198,298,32,195,205,328,31,208,118,82,112,111,233,258,84,130,145,170,217,266,7,125,166,274,288,30,80,156,180,187,283,78,28,107,147,14,157,269,318,97,93,164,171,12,50,132,115,250,64,197,210,271,286,152,146,13,252,15],"type":"read_ok"}}
2024/02/25 18:59:33 Received {n12 n22 {"messages":[303,326,316,305,325,309,308,322,321,307,319,312,327,313,329,311,324,317,320,306,310,323,315,304,344],"msg_id":344,"type":"broadcast"}}
2024/02/25 18:59:33 Sent {"src":"n22","dest":"n12","body":{"in_reply_to":344,"type":"broadcast_ok"}}
2024/02/25 18:59:33 Received {c72 n22 {"type":"read","msg_id":28}}
2024/02/25 18:59:33 Sent {"src":"n22","dest":"c72","body":{"in_reply_to":28,"messages":[71,265,300,23,196,239,276,321,69,169,212,191,246,2,104,129,201,209,211,242,237,25,122,160,326,37,86,249,251,26,124,238,102,188,185,229,299,45,48,79,278,289,96,178,194,162,291,301,10,27,47,268,264,285,136,172,262,182,308,322,38,106,151,89,310,6,126,259,76,101,184,204,234,19,43,73,247,292,154,175,198,298,32,72,108,328,31,195,205,118,208,111,233,258,307,320,84,82,112,170,217,266,7,130,145,274,288,30,125,166,180,187,283,78,80,156,147,14,28,107,318,97,157,269,171,12,93,164,115,250,64,50,132,271,286,152,197,210,146,15,13,252,261,313,18,81,263,11,34,190,279,306,116,142,243,215,267,329,110,150,186,231,54,181,223,227,282,317,40,62,230,173,179,236,272,294,65,49,135,325,344,241,222,218,226,314,3,29,75,327,138,161,168,304,260,277,312,41,193,214,232,63,90,221,200,270,290,309,323,127,113,177,92,94,114,117,131,0,22,88,149,244,319,1,159,199,305,315,174,155,189,139,216,255,248,280,44,51,68,284,256,36,91,148,60,144,165,128,167,213,245,20,4,55,103,121,70,53,98,203,287,8,67,133,224,316,24,119,225,254,295,281,120,134,202,235,219,293,95,207,273,74,85,77,206,253,9,46,176,61,87,105,158,183,17,58,35,302,59,153,220,297,33,56,57,137,141,192,42,109,99,100,123,163,5,39,52,296,143,228,257,275,303,83,140,240,311,324,16,21,66],"type":"read_ok"}}
2024/02/25 18:59:33 Received {c72 n22 {"type":"broadcast","message":373,"msg_id":29}}
2024/02/25 18:59:33 Sent {"src":"n22","dest":"c72","body":{"in_reply_to":29,"type":"broadcast_ok"}}
2024/02/25 18:59:33 Sent {"src":"n22","dest":"n12","body":{"messages":[373],"msg_id":8,"type":"broadcast"}}
2024/02/25 18:59:33 Received {n12 n22 {"messages":[332,341,331,348,330,337,340,349,336,334,342,346,345,347,335,351,339,333,350,338,343,356],"msg_id":362,"type":"broadcast"}}
2024/02/25 18:59:33 Sent {"src":"n22","dest":"n12","body":{"in_reply_to":362,"type":"broadcast_ok"}}
2024/02/25 18:59:33 Received {n12 n22 {"in_reply_to":8,"type":"broadcast_ok"}}
2024/02/25 18:59:33 Received {c72 n22 {"type":"read","msg_id":30}}
2024/02/25 18:59:33 Sent {"src":"n22","dest":"c72","body":{"in_reply_to":30,"messages":[11,34,190,116,142,243,279,306,346,356,110,150,186,215,267,329,54,181,223,231,40,62,230,227,282,317,272,294,65,49,135,173,179,236,325,344,226,314,3,29,75,241,222,218,327,138,161,168,304,332,41,193,214,260,277,312,63,90,221,232,309,323,127,113,177,200,270,290,117,131,0,22,88,92,94,114,149,244,319,1,159,174,155,189,199,305,315,248,280,44,51,68,139,216,255,284,343,36,91,148,256,60,144,165,245,351,20,4,55,128,167,213,70,53,98,103,121,333,8,67,133,203,287,24,119,225,224,316,337,120,134,202,254,295,281,235,219,293,74,85,77,95,207,273,9,46,176,206,253,330,158,183,17,58,35,61,87,105,302,340,297,33,56,57,59,153,220,42,109,99,137,141,192,100,123,163,5,39,52,143,228,257,296,275,303,311,324,16,21,66,83,140,240,71,265,300,23,196,69,169,212,239,276,321,2,104,129,191,246,242,237,25,122,160,201,209,211,326,37,86,249,349,26,124,238,251,342,229,299,45,48,79,102,188,185,96,178,194,278,289,10,27,47,162,291,301,338,136,172,262,268,264,285,341,38,106,151,182,308,322,89,310,6,126,259,336,347,204,234,19,43,73,76,101,184,247,292,298,32,72,108,154,175,198,31,195,205,328,118,208,307,320,84,82,112,111,233,258,334,331,348,7,130,145,170,217,266,30,125,166,274,288,78,80,156,180,187,283,14,28,107,147,97,157,269,318,345,350,12,93,164,171,373,64,50,132,115,250,335,152,197,210,271,286,146,15,13,252,18,81,263,261,313,339],"type":"read_ok"}}
2024/02/25 18:59:34 Received {n12 n22 {"messages":[360,370,358,371,359,354,364,361,369,355,365,362,366,352,363,367,353,372,357,368],"msg_id":406,"type":"broadcast"}}
2024/02/25 18:59:34 Received {c72 n22 {"type":"read","msg_id":31}}
2024/02/25 18:59:34 Sent {"src":"n22","dest":"n12","body":{"in_reply_to":406,"type":"broadcast_ok"}}
2024/02/25 18:59:34 Sent {"src":"n22","dest":"c72","body":{"in_reply_to":31,"messages":[100,123,163,5,39,52,296,370,143,228,257,275,303,83,140,240,311,324,16,21,66,354,71,265,300,23,196,239,276,321,69,169,212,191,246,2,104,129,201,209,211,242,237,25,122,160,326,349,37,86,249,251,342,26,124,238,102,188,185,229,299,45,48,79,368,278,289,355,96,178,194,162,291,301,10,27,47,268,264,285,338,136,172,262,182,308,322,341,38,106,151,89,310,336,347,6,126,259,76,101,184,204,234,19,43,73,247,292,154,175,198,298,365,32,72,108,328,31,195,205,118,208,111,233,258,307,320,84,82,112,334,170,217,266,331,348,7,130,145,360,274,288,30,125,166,180,187,283,78,80,156,147,14,28,107,318,345,350,97,157,269,171,373,12,93,164,115,250,335,64,50,132,271,286,152,197,210,146,15,13,252,261,313,339,18,81,263,11,34,190,279,306,346,116,142,243,215,267,329,356,359,110,150,186,231,54,181,223,227,282,317,40,62,230,173,179,236,272,294,65,49,135,325,344,241,222,218,226,314,3,29,75,327,372,138,161,371,168,304,260,277,312,332,369,41,193,214,357,232,63,90,221,200,270,290,309,323,127,113,177,366,92,94,114,117,131,0,22,88,149,244,319,1,159,199,305,315,174,155,189,139,216,255,248,280,44,51,68,353,284,343,362,256,36,91,148,60,144,165,128,167,213,245,351,20,4,55,103,121,333,70,53,98,203,287,352,8,67,133,224,316,24,119,225,254,295,281,337,120,134,202,358,364,235,219,293,95,207,273,74,85,77,206,253,330,9,46,176,61,87,105,158,183,17,58,35,363,302,340,361,59,153,220,297,367,33,56,57,137,141,192,42,109,99],"type":"read_ok"}}
2024/02/25 18:59:34 Received {c72 n22 {"type":"read","msg_id":32}}
2024/02/25 18:59:34 Sent {"src":"n22","dest":"c72","body":{"in_reply_to":32,"messages":[356,359,110,150,186,215,267,329,54,181,223,231,40,62,230,227,282,317,272,294,65,49,135,173,179,236,325,344,226,314,3,29,75,241,222,218,327,372,138,161,371,168,304,332,369,41,193,214,260,277,312,357,63,90,221,232,309,323,127,113,177,200,270,290,366,117,131,0,22,88,92,94,114,149,244,319,1,159,174,155,189,199,305,315,248,280,44,51,68,139,216,255,284,343,362,353,36,91,148,256,60,144,165,245,351,20,4,55,128,167,213,70,53,98,103,121,333,8,67,133,203,287,352,24,119,225,224,316,337,120,134,202,254,295,281,235,219,293,358,364,74,85,77,95,207,273,9,46,176,206,253,330,158,183,17,58,35,61,87,105,302,340,361,363,297,367,33,56,57,59,153,220,42,109,99,137,141,192,100,123,163,5,39,52,143,228,257,296,370,275,303,311,324,16,21,66,83,140,240,71,265,300,354,23,196,69,169,212,239,276,321,2,104,129,191,246,242,237,25,122,160,201,209,211,326,37,86,249,349,26,124,238,251,342,229,299,45,48,79,102,188,185,368,96,178,194,278,289,355,10,27,47,162,291,301,338,136,172,262,268,264,285,341,38,106,151,182,308,322,89,310,6,126,259,336,347,204,234,19,43,73,76,101,184,247,292,298,365,32,72,108,154,175,198,31,195,205,328,118,208,307,320,84,82,112,111,233,258,334,331,348,7,130,145,170,217,266,360,30,125,166,274,288,78,80,156,180,187,283,14,28,107,147,97,157,269,318,345,350,12,93,164,171,373,64,50,132,115,250,335,152,197,210,271,286,146,15,13,252,18,81,263,261,313,339,11,34,190,116,142,243,279,306,346],"type":"read_ok"}}
2024/02/25 18:59:34 Received {n12 n22 {"messages":[387,397,376,378,389,390,379,393,377,384,374,391,375,386,381,383,396,382,395,380,394,388,385,392,424],"msg_id":426,"type":"broadcast"}}
2024/02/25 18:59:34 Received {c72 n22 {"type":"broadcast","message":429,"msg_id":33}}
2024/02/25 18:59:34 Sent {"src":"n22","dest":"n12","body":{"in_reply_to":426,"type":"broadcast_ok"}}
2024/02/25 18:59:34 Sent {"src":"n22","dest":"c72","body":{"in_reply_to":33,"type":"broadcast_ok"}}
2024/02/25 18:59:34 Received {c72 n22 {"type":"broadcast","message":444,"msg_id":34}}
2024/02/25 18:59:34 Sent {"src":"n22","dest":"c72","body":{"in_reply_to":34,"type":"broadcast_ok"}}
2024/02/25 18:59:34 Sent {"src":"n22","dest":"n12","body":{"messages":[429,444],"msg_id":9,"type":"broadcast"}}
2024/02/25 18:59:35 Received {n12 n22 {"messages":[398,414,409,411,404,421,412,419,401,403,420,399,415,416,402,410,405,425,423,422,406,407,400,418,413,417,408],"msg_id":453,"type":"broadcast"}}
2024/02/25 18:59:35 Sent {"src":"n22","dest":"n12","body":{"in_reply_to":453,"type":"broadcast_ok"}}
2024/02/25 18:59:35 Received {n12 n22 {"in_reply_to":9,"type":"broadcast_ok"}}
2024/02/25 18:59:35 Received {c72 n22 {"type":"read","msg_id":35}}
2024/02/25 18:59:35 Sent {"src":"n22","dest":"c72","body":{"in_reply_to":35,"messages":[165,60,144,128,245,20,4,121,333,70,133,287,8,67,224,316,295,134,254,358,411,219,273,429,74,176,253,330,9,46,416,87,105,58,363,302,59,153,220,33,56,137,141,192,395,42,109,163,123,39,52,257,388,143,275,16,21,300,71,23,212,239,276,169,129,246,160,237,122,326,406,37,249,251,342,26,124,299,368,409,45,48,96,162,301,386,10,27,425,136,262,322,341,151,308,259,347,415,6,126,76,184,204,234,247,19,43,72,298,400,118,418,320,383,84,111,217,348,130,170,401,125,274,156,187,283,394,80,14,28,318,345,387,171,12,93,335,64,50,210,152,146,393,13,252,263,261,420,34,279,116,142,359,421,110,186,223,227,282,317,40,135,173,179,294,49,344,218,3,402,327,390,378,168,304,260,312,369,221,177,270,290,366,382,88,22,319,244,159,417,189,199,305,315,174,155,216,248,280,51,353,403,343,36,91,389,55,167,213,351,98,103,53,203,352,225,24,119,281,337,396,423,413,120,202,293,364,235,77,95,207,384,85,206,444,412,35,61,158,183,17,361,340,57,297,367,99,100,5,410,296,370,379,228,303,66,83,140,240,311,324,354,265,380,196,321,69,191,2,104,201,209,211,242,25,419,86,349,408,238,374,188,185,229,79,102,278,289,355,178,194,47,291,264,285,338,385,404,172,268,182,38,106,89,310,336,292,377,73,101,154,175,198,365,32,108,205,328,31,195,208,398,233,258,307,334,391,82,112,266,331,360,7,145,288,30,166,180,399,78,107,147,269,350,97,157,164,373,132,115,250,271,286,197,15,422,313,339,18,81,405,11,190,243,306,346,267,329,356,407,150,215,231,375,424,54,181,230,62,236,272,65,325,75,241,222,226,314,29,372,371,138,161,214,277,332,41,193,357,232,397,63,90,200,309,323,127,113,414,92,94,114,117,131,0,381,149,392,1,376,68,139,255,44,362,284,148,256],"type":"read_ok"}}
2024/02/25 18:59:35 Received {c72 n22 {"type":"read","msg_id":36}}
2024/02/25 18:59:35 Sent {"src":"n22","dest":"c72","body":{"in_reply_to":36,"messages":[347,415,6,126,259,184,204,234,247,19,43,76,72,298,400,118,418,383,84,111,320,348,130,170,217,125,274,401,187,283,394,80,156,14,28,318,345,387,171,12,93,335,64,50,152,210,146,393,13,252,261,420,263,34,279,116,142,421,110,186,359,223,227,282,317,40,173,179,294,49,135,344,218,3,327,402,390,168,304,378,260,312,369,221,270,290,177,366,382,22,88,244,319,159,417,199,305,315,174,155,189,216,248,280,51,353,403,343,36,91,389,167,213,351,55,103,53,98,203,352,24,119,225,337,396,423,413,120,202,281,364,235,293,95,207,384,85,77,206,444,412,61,158,183,17,35,340,361,297,367,57,99,100,5,410,296,370,379,228,303,83,140,240,311,324,66,354,265,196,380,321,69,191,2,104,201,209,211,242,25,419,86,349,238,374,408,185,229,79,102,188,289,355,178,194,278,47,291,285,338,385,404,172,268,264,38,106,182,89,310,336,377,73,101,292,175,198,365,32,108,154,328,31,195,205,208,398,258,307,334,391,82,112,233,331,360,7,145,266,30,166,288,180,399,78,147,107,350,97,157,269,373,164,115,250,132,271,286,197,15,422,313,339,18,81,11,190,405,306,346,243,329,356,407,150,215,267,231,375,424,54,181,62,230,236,272,65,325,241,222,226,314,29,75,372,138,161,371,277,332,41,193,214,357,232,397,63,90,200,309,323,127,113,414,92,94,114,117,131,0,381,149,1,376,392,139,255,44,68,284,362,256,148,60,144,165,128,245,20,4,121,333,70,287,8,67,133,224,316,134,254,295,358,411,219,273,429,74,253,330,9,46,176,416,87,105,58,363,302,59,153,220,33,56,137,141,192,395,42,109,123,163,39,52,388,143,257,275,16,21,71,300,23,239,276,169,212,246,129,237,122,160,326,37,249,406,342,26,124,251,368,409,45,48,299,96,301,386,10,27,162,136,262,425,341,151,308,322],"type":"read_ok"}}
2024/02/25 18:59:35 Received {n12 n22 {"messages":[445,452,440,436,427,442,433,430,437,438,431,446,426,441,432,447,428,443,439,434,435,462],"msg_id":469,"type":"broadcast"}}
2024/02/25 18:59:35 Sent {"src":"n22","dest":"n12","body":{"in_reply_to":469,"type":"broadcast_ok"}}
2024/02/25 18:59:35 Received {c72 n22 {"type":"broadcast","message":484,"msg_id":37}}
2024/02/25 18:59:35 Sent {"src":"n22","dest":"c72","body":{"in_reply_to":37,"type":"broadcast_ok"}}
2024/02/25 18:59:35 Received {c72 n22 {"type":"read","msg_id":38}}
2024/02/25 18:59:35 Sent {"src":"n22","dest":"c72","body":{"in_reply_to":38,"messages":[196,380,69,321,452,437,2,104,191,427,25,201,209,211,242,419,86,349,238,374,408,79,102,188,185,229,178,194,278,289,355,47,291,404,172,268,264,285,338,385,38,106,182,89,310,336,446,426,73,101,292,377,32,108,154,175,198,365,31,195,205,328,208,398,391,82,112,233,258,307,334,7,145,266,331,360,30,166,288,78,180,399,107,147,97,157,269,350,164,373,132,115,250,197,271,286,15,422,441,18,81,313,339,11,190,405,243,306,346,442,150,215,267,329,356,407,54,181,231,375,424,62,230,439,65,236,272,325,372,29,75,241,222,226,314,138,161,371,41,193,214,277,332,357,63,90,232,397,127,113,200,309,323,414,149,381,0,92,94,114,117,131,1,376,392,44,68,139,255,284,362,148,256,434,60,144,165,20,4,128,245,447,484,70,121,333,8,67,133,287,224,316,134,254,295,219,358,411,74,273,429,9,46,176,253,330,416,58,87,105,302,363,33,56,59,153,220,435,395,42,109,137,141,192,123,163,39,52,388,143,257,275,16,21,71,300,23,428,169,212,239,276,129,246,122,160,237,326,37,249,406,26,124,251,342,45,48,299,368,409,96,10,27,162,301,386,440,136,262,425,151,308,322,341,6,126,259,347,415,247,19,43,76,184,204,234,72,298,400,118,418,84,111,320,383,130,170,217,348,462,125,274,401,436,80,156,187,283,394,14,28,445,318,345,387,12,93,171,64,50,335,433,152,210,146,393,13,252,431,263,261,420,34,116,142,279,110,186,359,421,223,40,227,282,317,443,49,135,173,179,294,344,3,218,327,402,390,168,304,378,438,260,312,369,221,177,270,290,366,382,22,88,244,319,159,417,174,155,189,199,305,315,403,51,216,248,280,343,353,36,91,389,55,167,213,351,53,98,103,203,352,24,119,225,413,120,202,281,337,396,423,235,293,364,85,77,95,207,384,432,444,412,206,158,183,17,35,61,340,361,57,297,367,99,100,5,410,430,228,296,370,379,303,311,324,66,83,140,240,265,354],"type":"read_ok"}}
2024/02/25 18:59:35 Sent {"src":"n22","dest":"n12","body":{"messages":[484],"msg_id":10,"type":"broadcast"}}
2024/02/25 18:59:36 Received {n12 n22 {"messages":[456,468,466,469,450,457,458,449,460,451,454,461,459,463,453,464,455,467,465,448,470],"msg_id":487,"type":"broadcast"}}
2024/02/25 18:59:36 Sent {"src":"n22","dest":"n12","body":{"in_reply_to":487,"type":"broadcast_ok"}}
2024/02/25 18:59:36 Received {n12 n22 {"in_reply_to":10,"type":"broadcast_ok"}}
2024/02/25 18:59:36 Received {c72 n22 {"type":"read","msg_id":39}}
2024/02/25 18:59:36 Sent {"src":"n22","dest":"c72","body":{"in_reply_to":39,"messages":[81,313,339,18,190,405,11,306,346,442,243,215,267,329,356,407,150,181,231,375,424,465,54,230,439,62,236,272,325,65,75,241,222,226,314,372,29,161,371,467,138,193,214,277,332,357,41,90,232,397,63,113,200,309,323,414,127,92,94,114,117,131,149,381,0,376,392,1,459,68,139,255,284,362,44,256,434,148,144,165,60,4,128,245,447,484,20,121,333,456,70,67,133,287,451,8,316,449,224,254,295,134,358,411,219,273,429,74,46,176,253,330,416,9,87,105,302,363,58,56,59,153,220,435,33,109,137,141,192,395,448,42,163,466,123,52,39,257,388,143,275,21,16,300,71,428,23,212,239,276,169,246,129,160,237,326,122,249,406,37,124,251,342,26,48,299,368,409,45,460,96,27,162,301,386,440,10,262,425,136,308,322,341,151,126,259,347,415,6,43,76,184,204,234,247,19,298,72,400,418,118,111,320,383,84,170,217,348,462,130,274,401,436,125,156,187,283,394,80,28,445,14,345,387,318,93,171,12,50,335,433,64,210,152,393,146,252,431,13,261,420,263,470,34,142,279,116,186,359,421,455,110,223,227,282,317,443,40,135,173,179,294,344,453,49,218,327,402,3,390,304,378,438,168,312,369,260,221,270,290,366,382,177,88,244,319,461,22,417,159,155,189,199,305,315,174,216,248,280,343,353,403,51,91,36,389,167,213,351,55,98,103,53,352,203,119,225,24,202,281,337,396,423,413,120,293,364,235,77,95,207,384,432,85,444,412,206,35,61,158,183,340,361,17,297,367,57,99,100,410,430,5,296,370,379,228,303,83,140,240,311,324,457,66,354,265,380,196,321,452,437,69,104,191,2,201,209,211,242,419,427,454,25,349,469,86,374,408,238,102,188,185,229,463,79,194,278,289,355,178,291,47,268,264,285,338,385,404,172,106,182,464,38,310,89,446,426,336,101,292,377,458,73,108,154,175,198,365,32,195,205,328,450,31,398,208,112,233,258,307,334,391,82,145,266,331,360,7,166,288,30,180,399,78,147,107,157,269,350,97,373,164,115,250,132,271,286,197,468,422,441,15],"type":"read_ok"}}
2024/02/25 18:59:36 Received {c72 n22 {"type":"read","msg_id":40}}
2024/02/25 18:59:36 Sent {"src":"n22","dest":"c72","body":{"in_reply_to":40,"messages":[412,206,444,61,158,183,340,361,17,35,367,57,297,99,100,430,5,410,370,379,228,296,303,140,240,311,324,457,66,83,265,354,196,380,452,437,69,321,191,2,104,209,211,242,419,427,454,25,201,469,86,349,408,238,374,188,185,229,463,79,102,278,289,355,178,194,47,291,264,285,338,385,404,172,268,182,464,38,106,89,310,426,336,446,292,377,458,73,101,154,175,198,365,32,108,205,328,450,31,195,208,398,233,258,307,334,391,82,112,266,331,360,7,145,288,30,166,399,78,180,107,147,269,350,97,157,164,373,250,132,115,286,197,271,468,441,15,422,313,339,18,81,405,11,190,346,442,243,306,267,329,356,407,150,215,231,375,424,465,54,181,439,62,230,272,325,65,236,241,222,226,314,372,29,75,371,467,138,161,214,277,332,357,41,193,232,397,63,90,200,309,323,414,127,113,94,114,117,131,149,381,0,92,392,1,376,459,139,255,284,362,44,68,434,148,256,165,60,144,128,245,447,484,20,4,333,456,70,121,133,287,451,8,67,449,224,316,295,134,254,411,219,358,429,74,273,176,253,330,416,9,46,105,302,363,58,87,59,153,220,435,33,56,137,141,192,395,448,42,109,466,123,163,39,52,388,143,257,275,16,21,71,300,23,428,239,276,169,212,129,246,237,326,122,160,406,37,249,251,342,26,124,299,368,409,45,48,96,460,162,301,386,440,10,27,425,136,262,322,341,151,308,259,347,415,6,126,76,184,204,234,247,19,43,72,298,400,118,418,320,383,84,111,217,348,462,130,170,401,436,125,274,187,283,394,80,156,445,14,28,387,318,345,171,12,93,335,433,64,50,152,210,146,393,431,13,252,420,263,261,34,470,279,116,142,359,421,455,110,186,223,282,317,443,40,227,173,179,294,344,453,49,135,327,402,3,218,390,378,438,168,304,369,260,312,221,290,366,382,177,270,244,319,461,22,88,159,417,189,199,305,315,174,155,248,280,343,353,403,51,216,36,91,389,213,351,55,167,103,53,98,203,352,225,24,119,281,337,396,423,413,120,202,364,235,293,95,207,384,432,85,77],"type":"read_ok"}}
2024/02/25 18:59:36 Received {n12 n22 {"messages":[483,496,507,477,490,482,494,473,487,501,486,476,489,471,498,499,493,478,491,475,488,480,492,481,472,485,500,479,495,497,474,519],"msg_id":513,"type":"broadcast"}}
2024/02/25 18:59:36 Sent {"src":"n22","dest":"n12","body":{"in_reply_to":513,"type":"broadcast_ok"}}
2024/02/25 18:59:36 Received {c72 n22 {"type":"broadcast","message":539,"msg_id":41}}
2024/02/25 18:59:36 Sent {"src":"n22","dest":"c72","body":{"in_reply_to":41,"type":"broadcast_ok"}}
2024/02/25 18:59:36 Received {c72 n22 {"type":"read","msg_id":42}}
2024/02/25 18:59:36 Sent {"src":"n22","dest":"c72","body":{"in_reply_to":42,"messages":[54,181,231,375,424,465,479,62,230,439,65,236,272,325,480,29,75,241,222,226,314,372,138,161,371,467,482,476,41,193,214,277,332,357,63,90,232,397,127,113,200,309,323,414,0,92,94,114,117,131,149,381,1,376,392,499,459,44,68,139,255,284,362,148,256,434,60,144,165,20,4,128,245,447,484,70,121,333,456,8,67,133,287,451,224,316,449,492,134,254,295,219,358,411,74,273,429,489,9,46,176,253,330,416,58,87,105,302,363,33,56,59,153,220,435,42,109,137,141,192,395,448,123,163,466,39,52,143,257,388,275,16,21,486,497,71,300,23,428,169,212,239,276,129,246,493,122,160,237,326,37,249,406,26,124,251,342,45,48,299,368,409,96,460,10,27,162,301,386,440,495,136,262,425,151,308,322,341,6,126,259,347,415,19,43,76,184,204,234,247,491,72,298,400,118,418,84,111,320,383,130,170,217,348,462,125,274,401,436,80,156,187,283,394,14,28,445,318,345,387,12,93,171,64,50,335,433,152,210,146,393,13,252,431,263,261,420,34,470,116,142,279,110,186,359,421,455,223,40,227,282,317,443,487,539,49,135,173,179,294,344,453,3,218,327,402,390,490,168,304,378,438,260,312,369,221,471,177,270,290,366,382,22,88,244,319,461,159,417,174,155,189,199,305,315,51,216,248,280,343,353,403,519,36,91,507,500,389,55,167,213,351,53,98,103,203,352,24,119,225,477,120,202,281,337,396,423,413,501,235,293,364,472,85,77,95,207,384,432,481,206,444,412,17,35,61,158,183,340,361,57,297,367,99,100,5,410,430,228,296,370,379,303,66,83,140,240,311,324,457,265,354,196,380,69,321,452,437,2,104,191,485,25,201,209,211,242,419,427,454,86,349,469,238,374,408,79,102,188,185,229,463,178,194,278,289,355,488,47,291,172,268,264,285,338,385,404,474,38,106,182,464,89,310,336,446,426,475,73,101,292,377,458,32,108,154,175,198,365,31,195,205,328,450,208,398,82,112,233,258,307,334,391,496,7,145,266,331,360,30,166,288,494,498,78,180,399,107,147,97,157,269,350,164,373,132,115,250,483,197,271,286,468,473,15,422,441,18,81,313,339,11,190,405,243,306,346,442,478,150,215,267,329,356,407],"type":"read_ok"}}
2024/02/25 18:59:36 Sent {"src":"n22","dest":"n12","body":{"messages":[539],"msg_id":11,"type":"broadcast"}}
2024/02/25 18:59:37 Received {n12 n22 {"messages":[522,512,524,514,503,516,533,526,505,517,508,502,527,520,510,523,504,511,506,518,525,513,515,509,521],"msg_id":550,"type":"broadcast"}}
2024/02/25 18:59:37 Sent {"src":"n22","dest":"n12","body":{"in_reply_to":550,"type":"broadcast_ok"}}
2024/02/25 18:59:37 Received {n12 n22 {"in_reply_to":11,"type":"broadcast_ok"}}
2024/02/25 18:59:37 Received {c72 n22 {"type":"broadcast","message":566,"msg_id":43}}
2024/02/25 18:59:37 Sent {"src":"n22","dest":"c72","body":{"in_reply_to":43,"type":"broadcast_ok"}}
2024/02/25 18:59:37 Sent {"src":"n22","dest":"n12","body":{"messages":[566],"msg_id":12,"type":"broadcast"}}
2024/02/25 18:59:37 Received {n12 n22 {"messages":[550,536,540,530,537,551,528,545,542,534,531,548,538,544,543,535,529,546,532,549,547,541,562,573],"msg_id":556,"type":"broadcast"}}
2024/02/25 18:59:37 Received {c72 n22 {"type":"broadcast","message":577,"msg_id":44}}
2024/02/25 18:59:37 Sent {"src":"n22","dest":"n12","body":{"in_reply_to":556,"type":"broadcast_ok"}}
2024/02/25 18:59:37 Sent {"src":"n22","dest":"c72","body":{"in_reply_to":44,"type":"broadcast_ok"}}
2024/02/25 18:59:37 Received {n12 n22 {"in_reply_to":12,"type":"broadcast_ok"}}
2024/02/25 18:59:37 Received {c72 n22 {"type":"read","msg_id":45}}
2024/02/25 18:59:37 Sent {"src":"n22","dest":"c72","body":{"in_reply_to":45,"messages":[23,428,169,212,239,276,129,246,493,122,160,237,326,510,37,249,406,26,124,251,342,502,45,48,299,368,409,96,460,515,495,10,27,162,301,386,440,136,262,425,577,151,308,322,341,6,126,259,347,415,548,247,491,19,43,76,184,204,234,72,298,400,118,418,84,111,320,383,130,170,217,348,462,518,125,274,401,436,80,156,187,283,394,14,28,445,318,345,387,12,93,171,64,50,335,433,152,210,551,146,393,13,252,431,263,261,420,528,34,470,116,142,279,537,534,110,186,359,421,455,505,223,539,512,40,227,282,317,443,487,566,453,506,49,135,173,179,294,344,3,218,327,402,526,390,490,168,304,378,438,260,312,369,221,471,177,270,290,366,382,22,88,244,319,461,527,159,417,503,174,155,189,199,305,315,403,519,51,216,248,280,343,353,36,91,507,500,389,514,55,167,213,351,53,98,103,203,352,521,24,119,225,477,413,501,120,202,281,337,396,423,529,235,293,364,472,481,85,77,95,207,384,432,206,444,412,531,361,17,35,61,158,183,340,57,297,367,99,550,100,547,5,410,430,228,296,370,379,549,303,457,66,83,140,240,311,324,265,354,196,380,69,321,452,437,2,104,191,485,427,454,25,201,209,211,242,419,86,349,469,238,374,408,541,79,102,188,185,229,463,178,194,278,289,355,488,47,291,404,474,172,268,264,285,338,385,38,106,182,464,540,89,310,533,336,446,426,475,543,73,101,292,377,458,516,562,32,108,154,175,198,365,31,195,205,328,450,208,398,391,496,82,112,233,258,307,334,542,546,7,145,266,331,360,508,523,30,166,288,494,498,520,78,180,399,513,107,147,97,157,269,350,544,164,373,132,115,250,483,197,271,286,509,468,473,15,422,441,511,18,81,313,339,11,190,405,243,306,346,442,478,150,215,267,329,356,407,479,54,181,231,375,424,465,62,230,439,65,236,272,325,480,532,372,536,29,75,241,222,226,314,138,161,371,467,482,476,535,41,193,214,277,332,357,63,90,232,397,127,113,200,309,323,414,149,381,0,92,94,114,117,131,1,376,392,499,459,44,68,139,255,284,362,148,256,434,60,144,165,522,538,545,20,4,128,245,447,484,70,121,333,456,8,67,133,287,451,517,224,316,449,492,525,134,254,295,219,358,411,74,273,429,489,524,9,46,176,253,330,416,58,87,105,302,363,530,33,56,59,153,220,435,448,42,109,137,141,192,395,123,163,466,39,52,143,257,388,573,275,16,21,486,497,504,71,300],"type":"read_ok"}}
2024/02/25 18:59:37 Sent {"src":"n22","dest":"n12","body":{"messages":[577],"msg_id":13,"type":"broadcast"}}
2024/02/25 18:59:38 Received {n12 n22 {"messages":[564,556,555,559,560,558,571,553,569,552,568,567,561,554,565,574,557,570,572,563],"msg_id":595,"type":"broadcast"}}
2024/02/25 18:59:38 Received {c72 n22 {"type":"broadcast","message":604,"msg_id":46}}
2024/02/25 18:59:38 Sent {"src":"n22","dest":"n12","body":{"in_reply_to":595,"type":"broadcast_ok"}}
2024/02/25 18:59:38 Sent {"src":"n22","dest":"c72","body":{"in_reply_to":46,"type":"broadcast_ok"}}
2024/02/25 18:59:38 Received {n12 n22 {"in_reply_to":13,"type":"broadcast_ok"}}
2024/02/25 18:59:38 Received {c72 n22 {"type":"read","msg_id":47}}
2024/02/25 18:59:38 Sent {"src":"n22","dest":"c72","body":{"in_reply_to":47,"messages":[343,353,403,519,51,216,248,280,561,36,91,507,500,389,514,55,167,213,351,53,98,103,203,352,521,24,119,225,477,396,423,413,501,120,202,281,337,529,235,293,364,472,384,432,481,560,85,77,95,207,206,444,412,531,183,340,361,17,35,61,158,57,297,367,99,550,100,547,5,410,430,553,549,228,296,370,379,303,311,324,457,66,83,140,240,265,354,196,380,69,321,452,437,2,104,191,485,242,419,427,454,25,201,209,211,86,349,469,567,238,374,408,541,229,463,79,102,188,185,355,488,178,194,278,289,47,291,338,385,404,474,172,268,264,285,540,38,106,182,464,89,310,533,543,336,446,426,475,458,73,101,292,377,198,365,516,562,32,108,154,175,450,31,195,205,328,208,398,307,334,391,496,82,112,233,258,542,546,360,508,7,145,266,331,498,520,523,30,166,288,494,78,180,399,513,107,147,544,97,157,269,350,164,373,132,115,250,483,197,271,286,509,468,473,15,422,441,511,18,81,313,339,11,190,405,478,243,306,346,442,356,407,564,150,215,267,329,424,465,479,54,181,231,375,62,230,439,480,532,65,236,272,325,226,314,372,536,29,75,241,222,482,476,138,161,371,467,535,332,357,41,193,214,277,556,63,90,232,397,323,414,127,113,200,309,117,131,149,381,0,92,94,114,572,1,376,392,499,459,284,362,44,68,139,255,148,256,434,538,60,144,165,522,447,484,545,558,20,4,128,245,70,121,333,456,451,517,8,67,133,287,525,224,316,449,492,134,254,295,219,358,411,524,74,273,429,489,330,416,569,9,46,176,253,363,530,58,87,105,302,220,435,33,56,59,153,192,395,448,42,109,137,141,123,163,466,604,39,52,143,257,388,573,275,504,552,16,21,486,497,71,300,23,428,169,212,239,276,129,246,493,510,122,160,237,326,37,249,406,568,502,26,124,251,342,409,45,48,299,368,563,96,460,515,571,386,440,495,565,10,27,162,301,136,262,425,577,151,308,322,341,415,548,6,126,259,347,204,234,247,491,19,43,76,184,72,298,557,400,118,418,555,554,84,111,320,383,462,518,130,170,217,348,125,274,401,436,394,80,156,187,283,14,28,445,318,345,387,12,93,171,574,64,50,335,433,152,210,551,559,146,393,13,252,431,570,263,261,420,528,34,470,116,142,279,455,505,537,534,110,186,359,421,223,443,487,539,512,40,227,282,317,566,294,344,453,506,49,135,173,179,526,3,218,327,402,390,490,168,304,378,438,260,312,369,221,471,382,177,270,290,366,461,527,22,88,244,319,159,417,305,315,503,174,155,189,199],"type":"read_ok"}}
2024/02/25 18:59:38 Sent {"src":"n22","dest":"n12","body":{"messages":[604],"msg_id":14,"type":"broadcast"}}
2024/02/25 18:59:38 Received {n12 n22 {"messages":[587,600,578,575,588,584,582,595,583,581,594,598,592,597,586,591,585,599,579,590,580,593,596,576,589,610],"msg_id":624,"type":"broadcast"}}
2024/02/25 18:59:38 Sent {"src":"n22","dest":"n12","body":{"in_reply_to":624,"type":"broadcast_ok"}}
2024/02/25 18:59:38 Received {n12 n22 {"in_reply_to":14,"type":"broadcast_ok"}}
2024/02/25 18:59:38 Received {c72 n22 {"type":"broadcast","message":631,"msg_id":48}}
2024/02/25 18:59:38 Sent {"src":"n22","dest":"c72","body":{"in_reply_to":48,"type":"broadcast_ok"}}
2024/02/25 18:59:38 Sent {"src":"n22","dest":"n12","body":{"messages":[631],"msg_id":15,"type":"broadcast"}}
2024/02/25 18:59:39 Received {n12 n22 {"messages":[602,614,615,624,618,607,619,601,613,606,609,611,617,605,612,616,603,608,638],"msg_id":630,"type":"broadcast"}}
2024/02/25 18:59:39 Received {c72 n22 {"type":"read","msg_id":49}}
2024/02/25 18:59:39 Sent {"src":"n22","dest":"n12","body":{"in_reply_to":630,"type":"broadcast_ok"}}
2024/02/25 18:59:39 Sent {"src":"n22","dest":"c72","body":{"in_reply_to":49,"messages":[221,471,382,606,177,270,290,366,461,527,22,88,244,319,159,417,602,305,315,503,174,155,189,199,343,353,403,519,51,216,248,280,581,561,592,36,91,507,500,389,514,579,55,167,213,351,53,98,103,203,352,521,24,119,225,477,396,423,413,501,120,202,281,337,529,589,235,293,364,472,384,432,481,560,85,77,95,207,206,444,412,531,183,340,361,600,17,35,61,158,57,297,367,99,550,100,547,585,5,410,430,553,549,595,228,296,370,379,303,613,311,324,457,66,83,140,240,265,354,196,380,69,321,452,437,618,2,104,191,485,242,419,427,454,25,201,209,211,86,349,469,567,238,374,408,541,229,463,79,102,188,185,355,488,178,194,278,289,47,291,338,385,404,474,172,268,264,285,576,540,611,38,106,182,464,89,310,533,543,583,336,446,426,475,458,619,612,73,101,292,377,198,365,516,562,32,108,154,175,450,31,195,205,328,208,398,307,334,391,496,82,112,233,258,542,546,360,508,7,145,266,331,498,520,523,30,166,288,494,78,180,399,513,107,147,544,97,157,269,350,164,373,132,115,250,483,197,271,286,509,468,473,580,15,422,441,511,18,81,313,339,11,190,405,478,243,306,346,442,356,407,564,150,215,267,329,424,465,479,54,181,231,375,62,230,439,480,532,584,597,65,236,272,325,226,314,372,536,29,75,241,222,482,476,616,138,161,371,467,535,617,332,357,586,593,41,193,214,277,631,556,608,63,90,232,397,323,414,127,113,200,309,117,131,149,381,0,92,94,114,572,596,1,376,392,499,459,284,362,44,68,139,255,148,256,434,588,538,60,144,165,522,447,484,545,558,20,4,128,245,70,121,333,456,451,517,8,67,133,287,525,224,316,449,492,134,254,295,219,358,411,524,74,273,429,489,330,416,569,9,46,176,253,363,530,58,87,105,302,220,435,638,33,56,59,153,192,395,448,598,42,109,137,141,603,123,163,466,604,39,52,143,257,388,573,275,594,504,552,16,21,486,497,71,300,582,23,428,575,169,212,239,276,129,246,493,607,510,122,160,237,326,37,249,406,568,502,26,124,251,342,409,45,48,299,368,563,96,460,515,571,386,440,495,565,10,27,162,301,587,136,262,425,577,151,308,322,341,599,415,548,590,6,126,259,347,204,234,247,491,19,43,76,184,72,298,557,400,118,418,555,554,601,84,111,320,383,462,518,130,170,217,348,125,274,401,436,394,80,156,187,283,14,28,445,624,318,345,387,605,12,93,171,591,574,609,64,50,335,433,152,210,551,559,146,393,13,252,431,615,570,263,261,420,528,34,470,116,142,279,455,505,537,534,110,186,359,421,578,223,610,443,487,539,512,40,227,282,317,566,614,294,344,453,506,49,135,173,179,526,3,218,327,402,390,490,168,304,378,438,260,312,369],"type":"read_ok"}}
2024/02/25 18:59:39 Received {n12 n22 {"in_reply_to":15,"type":"broadcast_ok"}}
2024/02/25 18:59:39 Received {c72 n22 {"type":"read","msg_id":50}}
2024/02/25 18:59:39 Sent {"src":"n22","dest":"c72","body":{"in_reply_to":50,"messages":[26,124,251,342,502,45,48,299,368,409,96,460,515,571,563,565,10,27,162,301,386,440,495,136,262,425,577,587,151,308,322,341,599,6,126,259,347,415,548,590,491,19,43,76,184,204,234,247,72,298,557,400,118,418,555,84,111,320,383,554,601,130,170,217,348,462,518,125,274,401,436,80,156,187,283,394,14,28,445,624,318,345,387,605,12,93,171,591,64,50,335,433,574,609,152,210,551,559,146,393,13,252,431,615,263,261,420,528,570,34,470,116,142,279,534,110,186,359,421,455,505,537,578,223,610,512,40,227,282,317,443,487,539,566,614,506,49,135,173,179,294,344,453,3,218,327,402,526,390,490,168,304,378,438,260,312,369,221,471,177,270,290,366,382,606,22,88,244,319,461,527,159,417,602,174,155,189,199,305,315,503,519,51,216,248,280,343,353,403,581,36,91,507,500,561,592,389,514,55,167,213,351,579,53,98,103,203,352,521,24,119,225,477,501,120,202,281,337,396,423,413,529,235,293,364,472,589,560,85,77,95,207,384,432,481,206,444,412,531,600,17,35,61,158,183,340,361,57,297,367,99,550,100,547,5,410,430,553,585,228,296,370,379,549,595,303,613,66,83,140,240,311,324,457,265,354,196,380,69,321,452,437,2,104,191,485,618,454,25,201,209,211,242,419,427,86,349,469,567,238,374,408,541,79,102,188,185,229,463,178,194,278,289,355,488,47,291,474,172,268,264,285,338,385,404,576,38,106,182,464,540,611,89,310,533,336,446,426,475,543,583,73,101,292,377,458,619,612,562,32,108,154,175,198,365,516,31,195,205,328,450,208,398,496,82,112,233,258,307,334,391,542,546,7,145,266,331,360,508,30,166,288,494,498,520,523,78,180,399,513,107,147,97,157,269,350,544,164,373,132,115,250,483,197,271,286,509,468,473,15,422,441,511,580,18,81,313,339,11,190,405,243,306,346,442,478,150,215,267,329,356,407,564,54,181,231,375,424,465,479,62,230,439,597,65,236,272,325,480,532,584,536,29,75,241,222,226,314,372,138,161,371,467,482,476,616,535,617,593,41,193,214,277,332,357,586,631,63,90,232,397,556,608,127,113,200,309,323,414,381,0,92,94,114,117,131,149,572,1,376,392,499,596,459,44,68,139,255,284,362,148,256,434,588,60,144,165,522,538,558,20,4,128,245,447,484,545,70,121,333,456,8,67,133,287,451,517,224,316,449,492,525,134,254,295,219,358,411,74,273,429,489,524,9,46,176,253,330,416,569,58,87,105,302,363,530,33,56,59,153,220,435,638,598,42,109,137,141,192,395,448,123,163,466,604,603,39,52,143,257,388,573,275,594,16,21,486,497,504,552,71,300,582,23,428,169,212,239,276,575,129,246,493,607,122,160,237,326,510,37,249,406,568],"type":"read_ok"}}
2024/02/25 18:59:39 Received {n12 n22 {"messages":[629,644,642,636,620,622,637,627,641,623,625,639,626,640,630,633,634,621,632,628,643,635,668],"msg_id":668,"type":"broadcast"}}
2024/02/25 18:59:39 Sent {"src":"n22","dest":"n12","body":{"in_reply_to":668,"type":"broadcast_ok"}}
2024/02/25 18:59:39 Received {c72 n22 {"type":"broadcast","message":674,"msg_id":51}}
2024/02/25 18:59:39 Sent {"src":"n22","dest":"c72","body":{"in_reply_to":51,"type":"broadcast_ok"}}
2024/02/25 18:59:39 Received {c72 n22 {"type":"read","msg_id":52}}
2024/02/25 18:59:39 Sent {"src":"n22","dest":"c72","body":{"in_reply_to":52,"messages":[475,543,583,336,446,426,377,458,619,612,73,101,292,175,198,365,516,562,32,108,154,637,328,450,31,195,205,208,398,258,307,334,391,496,82,112,233,542,546,331,360,508,7,145,266,494,498,520,523,627,30,166,288,513,78,180,399,107,147,632,350,544,97,157,269,164,373,483,132,115,250,509,197,271,286,468,473,634,511,580,15,422,441,339,18,81,313,11,190,405,442,478,243,306,346,329,356,407,564,629,150,215,267,375,424,465,479,54,181,231,62,230,439,325,480,532,584,597,65,236,272,222,226,314,372,536,29,75,241,467,482,476,616,635,138,161,371,535,617,628,277,332,357,586,593,41,193,214,631,397,556,608,63,90,232,309,323,414,127,113,200,114,117,131,149,381,0,92,94,572,499,596,1,376,392,459,255,284,362,44,68,139,588,148,256,434,522,538,60,144,165,245,447,484,545,558,20,4,128,456,70,121,333,287,451,517,8,67,133,492,525,641,224,316,449,134,254,295,219,358,411,489,524,74,273,429,253,330,416,569,630,9,46,176,302,363,530,623,58,87,105,153,220,435,638,33,56,59,141,192,395,448,598,42,109,137,604,603,123,163,466,39,52,573,143,257,388,275,594,497,504,552,16,21,486,71,300,582,23,428,276,575,169,212,239,607,129,246,493,326,510,643,122,160,237,568,37,249,406,342,502,26,124,251,368,409,45,48,299,571,563,633,96,460,515,301,386,440,495,565,10,27,162,577,587,136,262,425,341,151,308,322,599,347,415,548,590,6,126,259,184,204,234,247,491,19,43,76,72,298,557,400,118,418,555,383,554,601,84,111,320,348,462,518,130,170,217,436,125,274,401,283,394,668,80,156,187,624,14,28,445,605,318,345,387,591,12,93,171,433,574,609,64,50,335,559,152,210,551,146,393,615,13,252,431,528,570,263,261,420,34,470,116,142,279,421,455,505,537,534,110,186,359,578,223,610,317,443,487,539,512,40,227,282,566,614,179,294,344,453,506,49,135,173,402,526,3,218,327,390,490,438,640,168,304,378,260,312,369,221,471,366,382,606,625,177,270,290,319,461,527,22,88,244,639,626,159,417,602,199,305,315,503,174,155,189,280,343,353,403,519,51,216,248,581,620,674,500,561,592,644,622,36,91,507,389,514,351,579,621,55,167,213,53,98,103,203,352,521,477,24,119,225,337,396,423,413,501,120,202,281,529,472,589,642,235,293,364,207,384,432,481,560,85,77,95,531,206,444,412,158,183,340,361,600,17,35,61,57,297,367,99,550,100,547,553,585,5,410,430,379,549,595,228,296,370,303,613,240,311,324,457,66,83,140,265,354,196,380,437,69,321,452,485,618,2,104,191,211,242,419,427,454,25,201,209,567,86,349,469,541,238,374,408,185,229,463,636,79,102,188,289,355,488,178,194,278,47,291,285,338,385,404,474,172,268,264,576,464,540,611,38,106,182,89,310,533],"type":"read_ok"}}
2024/02/25 18:59:39 Sent {"src":"n22","dest":"n12","body":{"messages":[674],"msg_id":16,"type":"broadcast"}}
2024/02/25 18:59:40 Received {n12 n22 {"messages":[652,664,656,648,661,660,655,667,646,659,653,665,654,666,647,645,658,651,663,649,650,662,657],"msg_id":679,"type":"broadcast"}}
2024/02/25 18:59:40 Sent {"src":"n22","dest":"n12","body":{"in_reply_to":679,"type":"broadcast_ok"}}
2024/02/25 18:59:40 Received {n12 n22 {"in_reply_to":16,"type":"broadcast_ok"}}
2024/02/25 18:59:40 Received {c72 n22 {"type":"read","msg_id":53}}
2024/02/25 18:59:40 Sent {"src":"n22","dest":"c72","body":{"in_reply_to":53,"messages":[221,471,366,382,606,625,177,270,290,319,461,527,22,88,244,639,626,159,417,602,199,305,315,503,174,155,189,280,343,353,403,519,51,216,248,581,620,674,500,561,592,644,622,36,91,507,389,514,351,579,621,55,167,213,53,98,103,203,352,521,477,24,119,225,337,396,423,413,501,120,202,281,529,472,589,642,667,235,293,364,207,384,432,481,560,85,77,95,531,206,444,412,158,183,340,361,600,17,35,61,57,297,367,99,550,100,547,553,585,5,410,430,379,549,595,228,296,370,303,613,240,311,324,457,66,83,140,265,354,196,380,437,69,321,452,485,618,2,104,191,211,242,419,427,454,25,201,209,567,86,349,469,541,238,374,408,185,229,463,636,656,79,102,188,289,355,488,654,178,194,278,47,291,285,338,385,404,474,172,268,264,576,464,540,611,38,106,182,89,310,533,475,543,583,663,336,446,426,377,458,619,612,646,73,101,292,175,198,365,516,562,32,108,154,637,328,450,31,195,205,208,398,258,307,334,391,496,82,112,233,542,546,331,360,508,7,145,266,494,498,520,523,627,30,166,288,647,513,78,180,399,107,147,632,350,544,97,157,269,164,373,483,132,115,250,509,197,271,286,468,473,634,511,580,657,15,422,441,339,18,81,313,11,190,405,442,478,243,306,346,329,356,407,564,629,150,215,267,659,375,424,465,479,661,54,181,231,645,62,230,439,325,480,532,584,597,65,236,272,222,226,314,372,536,29,75,241,467,482,476,616,635,138,161,371,535,617,628,277,332,357,586,593,41,193,214,631,397,556,608,63,90,232,309,323,414,127,113,200,114,117,131,149,381,0,92,94,572,499,596,1,376,392,459,255,284,362,44,68,139,588,148,256,434,522,538,60,144,165,245,447,484,545,558,20,4,128,456,70,121,333,287,451,517,8,67,133,492,525,641,224,316,449,134,254,295,219,358,411,489,524,664,74,273,429,253,330,416,569,630,9,46,176,302,363,530,623,58,87,105,153,220,435,638,33,56,59,141,192,395,448,598,42,109,137,665,604,603,123,163,466,39,52,573,143,257,388,275,594,497,504,552,16,21,486,71,300,582,23,428,276,575,169,212,239,607,129,246,493,326,510,643,122,160,237,568,648,37,249,406,342,502,26,124,251,368,409,651,45,48,299,571,563,633,653,96,460,515,301,386,440,495,565,10,27,162,577,587,136,262,425,341,151,308,322,599,347,415,548,590,655,6,126,259,184,204,234,247,491,19,43,76,72,298,557,400,118,418,555,383,554,601,84,111,320,348,462,518,130,170,217,436,125,274,401,283,394,668,652,80,156,187,624,14,28,445,605,318,345,387,591,12,93,171,433,574,609,64,50,335,559,152,210,551,146,393,658,615,13,252,431,528,570,263,261,420,34,470,116,142,279,421,455,505,537,534,110,186,359,578,662,649,650,223,610,660,317,443,487,539,512,40,227,282,566,614,179,294,344,453,506,49,135,173,402,526,3,218,327,390,490,666,438,640,168,304,378,260,312,369],"type":"read_ok"}}
2024/02/25 18:59:40 Received {n12 n22 {"messages":[675,679,685,684,673,671,682,670,681,669,680,676,687,688,672,683,689,677,678,686,706],"msg_id":697,"type":"broadcast"}}
2024/02/25 18:59:40 Received {c72 n22 {"type":"read","msg_id":54}}
2024/02/25 18:59:40 Sent {"src":"n22","dest":"n12","body":{"in_reply_to":697,"type":"broadcast_ok"}}
2024/02/25 18:59:40 Sent {"src":"n22","dest":"c72","body":{"in_reply_to":54,"messages":[152,210,551,559,146,393,658,13,252,431,615,263,261,420,528,570,34,470,116,142,279,505,537,534,110,186,359,421,455,578,662,223,610,660,649,650,487,539,512,40,227,282,317,443,566,614,344,453,506,49,135,173,179,294,3,218,327,402,526,390,490,666,168,304,378,438,640,260,312,369,221,471,606,625,177,270,290,366,382,527,22,88,244,319,461,159,417,602,639,626,315,503,174,155,189,199,305,353,403,519,51,216,248,280,343,581,620,674,592,644,622,36,91,507,500,561,389,514,621,55,167,213,351,579,53,98,103,203,352,521,24,119,225,477,423,413,501,120,202,281,337,396,529,642,667,235,293,364,472,589,432,481,560,85,77,95,207,384,206,444,412,531,340,361,600,17,35,61,158,183,57,297,367,99,550,100,547,5,410,430,553,585,595,228,296,370,379,549,303,613,324,457,66,83,140,240,311,265,354,196,380,69,321,452,437,2,104,191,485,618,419,427,454,25,201,209,211,242,86,349,469,567,238,374,408,541,463,636,656,79,102,188,185,229,488,654,178,194,278,289,355,47,291,385,404,474,172,268,264,285,338,576,611,38,106,182,464,540,89,310,533,583,663,336,446,426,475,543,619,612,646,73,101,292,377,458,365,516,562,32,108,154,175,198,637,31,195,205,328,450,208,398,334,391,496,82,112,233,258,307,542,546,508,7,145,266,331,360,520,523,627,30,166,288,494,498,647,78,180,399,513,107,147,632,97,157,269,350,544,164,373,132,115,250,483,197,271,286,509,468,473,634,657,15,422,441,511,580,18,81,313,339,11,190,405,243,306,346,442,478,407,564,629,150,215,267,329,356,659,465,479,661,54,181,231,375,424,62,230,439,645,532,584,597,65,236,272,325,480,314,372,536,29,75,241,222,226,476,616,635,138,161,371,467,482,535,617,628,357,586,593,41,193,214,277,332,631,608,63,90,232,397,556,414,127,113,200,309,323,131,149,381,0,92,94,114,117,572,1,376,392,499,596,459,362,44,68,139,255,284,148,256,434,588,60,144,165,522,538,484,545,558,20,4,128,245,447,70,121,333,456,517,8,67,133,287,451,641,224,316,449,492,525,134,254,295,219,358,411,664,74,273,429,489,524,416,569,630,9,46,176,253,330,530,623,58,87,105,302,363,435,638,33,56,59,153,220,395,448,598,42,109,137,141,192,665,123,163,466,604,603,39,52,143,257,388,573,275,594,552,16,21,486,497,504,71,300,582,23,428,169,212,239,276,575,129,246,493,607,643,122,160,237,326,510,37,249,406,568,648,26,124,251,342,502,651,45,48,299,368,409,633,653,96,460,515,571,563,440,495,565,10,27,162,301,386,136,262,425,577,587,151,308,322,341,599,548,590,655,6,126,259,347,415,234,247,491,19,43,76,184,204,72,298,557,400,118,418,555,601,84,111,320,383,554,518,130,170,217,348,462,125,274,401,436,668,652,80,156,187,283,394,14,28,445,624,318,345,387,605,12,93,171,591,609,64,50,335,433,574],"type":"read_ok"}}
2024/02/25 18:59:40 Received {c72 n22 {"type":"read","msg_id":55}}
2024/02/25 18:59:40 Sent {"src":"n22","dest":"c72","body":{"in_reply_to":55,"messages":[15,422,441,511,580,657,18,81,313,339,11,190,405,243,306,346,442,478,629,150,215,267,329,356,407,564,659,661,54,181,231,375,424,465,479,62,230,439,645,597,65,236,272,325,480,532,584,536,29,75,241,222,226,314,372,670,635,138,161,371,467,482,476,616,535,617,628,593,41,193,214,277,332,357,586,631,63,90,232,397,556,608,127,113,200,309,323,414,381,0,92,94,114,117,131,149,572,1,376,392,499,596,682,459,44,68,139,255,284,362,148,256,434,588,60,144,165,522,538,684,558,20,4,128,245,447,484,545,70,121,333,456,680,8,67,133,287,451,517,676,224,316,449,492,525,641,134,254,295,219,358,411,688,74,273,429,489,524,664,675,630,9,46,176,253,330,416,569,671,58,87,105,302,363,530,623,33,56,59,153,220,435,638,598,42,109,137,141,192,395,448,665,123,163,466,604,603,39,52,686,143,257,388,573,685,275,594,16,21,486,497,504,552,687,71,300,582,23,428,169,212,239,276,575,129,246,493,607,122,160,237,326,510,643,669,37,249,406,568,648,26,124,251,342,502,45,48,299,368,409,651,96,460,515,571,563,633,653,565,10,27,162,301,386,440,495,136,262,425,577,587,151,308,322,341,599,679,655,6,126,259,347,415,548,590,491,19,43,76,184,204,234,247,72,298,557,400,118,418,555,84,111,320,383,554,601,130,170,217,348,462,518,125,274,401,436,80,156,187,283,394,668,652,14,28,445,624,318,345,387,605,12,93,171,591,64,50,335,433,574,609,152,210,551,559,146,393,658,13,252,431,615,263,261,420,528,570,34,470,116,142,279,534,110,186,359,421,455,505,537,578,662,223,610,660,649,650,512,40,227,282,317,443,487,539,566,614,677,506,49,135,173,179,294,344,453,3,218,327,402,526,390,490,666,681,168,304,378,438,640,260,312,369,221,471,177,270,290,366,382,606,625,22,88,244,319,461,527,159,417,602,639,626,174,155,189,199,305,315,503,519,51,216,248,280,343,353,403,581,620,674,622,36,91,507,500,561,592,644,389,514,55,167,213,351,579,621,683,53,98,103,203,352,521,672,24,119,225,477,501,120,202,281,337,396,423,413,529,235,293,364,472,589,642,667,560,85,77,95,207,384,432,481,673,206,444,412,531,600,17,35,61,158,183,340,361,57,297,367,99,550,100,547,5,410,430,553,585,228,296,370,379,549,595,303,613,66,83,140,240,311,324,457,265,354,196,380,69,321,452,437,2,104,191,485,618,454,25,201,209,211,242,419,427,86,349,469,567,706,238,374,408,541,656,79,102,188,185,229,463,636,689,178,194,278,289,355,488,654,47,291,474,172,268,264,285,338,385,404,576,38,106,182,464,540,611,89,310,533,336,446,426,475,543,583,663,646,73,101,292,377,458,619,612,562,32,108,154,175,198,365,516,637,678,31,195,205,328,450,208,398,496,82,112,233,258,307,334,391,542,546,7,145,266,331,360,508,627,30,166,288,494,498,520,523,647,78,180,399,513,107,147,632,97,157,269,350,544,164,373,132,115,250,483,197,271,286,509,468,473,634],"type":"read_ok"}}
2024/02/25 18:59:41 Received {n12 n22 {"messages":[699,698,692,690,702,693,705,700,694,708,703,695,707,696,709,701,704,691,697],"msg_id":734,"type":"broadcast"}}
2024/02/25 18:59:41 Sent {"src":"n22","dest":"n12","body":{"in_reply_to":734,"type":"broadcast_ok"}}
2024/02/25 18:59:41 Received {c72 n22 {"type":"read","msg_id":56}}
2024/02/25 18:59:41 Sent {"src":"n22","dest":"c72","body":{"in_reply_to":56,"messages":[365,516,562,32,108,154,175,198,637,678,31,195,205,328,450,208,398,334,391,496,82,112,233,258,307,542,546,508,7,145,266,331,360,520,523,627,30,166,288,494,498,647,78,180,399,513,695,107,147,632,97,157,269,350,544,164,373,132,115,250,483,197,271,286,509,468,473,634,657,698,15,422,441,511,580,18,81,313,339,11,190,405,243,306,346,442,478,407,564,629,150,215,267,329,356,659,465,479,661,54,181,231,375,424,62,230,439,645,532,584,597,65,236,272,325,480,709,314,372,536,29,75,241,222,226,670,476,616,635,138,161,371,467,482,535,617,628,357,586,593,41,193,214,277,332,631,608,63,90,232,397,556,414,127,113,200,309,323,131,149,381,0,92,94,114,117,572,682,1,376,392,499,596,459,362,44,68,139,255,284,148,256,434,588,684,60,144,165,522,538,484,545,558,20,4,128,245,447,70,121,333,456,680,517,676,8,67,133,287,451,641,224,316,449,492,525,134,254,295,219,358,411,664,675,688,74,273,429,489,524,416,569,630,9,46,176,253,330,671,530,623,58,87,105,302,363,435,638,33,56,59,153,220,395,448,598,42,109,137,141,192,665,123,163,466,604,603,39,52,686,143,257,388,573,685,275,594,552,687,701,16,21,486,497,504,71,300,582,23,428,169,212,239,276,575,129,246,493,607,699,643,669,122,160,237,326,510,37,249,406,568,648,26,124,251,342,502,651,45,48,299,368,409,633,653,96,460,515,571,563,440,495,565,10,27,162,301,386,694,136,262,425,577,587,151,308,322,341,599,679,692,548,590,655,6,126,259,347,415,234,247,491,19,43,76,184,204,72,298,557,400,700,118,418,555,601,84,111,320,383,554,518,130,170,217,348,462,125,274,401,436,668,652,80,156,187,283,394,14,28,445,624,318,345,387,605,12,93,171,591,703,609,64,50,335,433,574,152,210,551,559,146,393,658,704,13,252,431,615,263,261,420,528,570,34,470,116,142,279,505,537,534,110,186,359,421,455,578,662,705,223,610,660,649,650,487,539,512,40,227,282,317,443,566,614,677,344,453,506,49,135,173,179,294,691,3,218,327,402,526,390,490,666,681,702,168,304,378,438,640,260,312,369,697,221,471,606,625,177,270,290,366,382,527,22,88,244,319,461,696,159,417,602,639,626,315,503,174,155,189,199,305,353,403,519,51,216,248,280,343,581,620,674,592,644,622,36,91,507,500,561,389,514,621,683,55,167,213,351,579,53,98,103,203,352,521,672,24,119,225,477,423,413,501,120,202,281,337,396,529,642,667,235,293,364,472,589,432,481,560,85,77,95,207,384,673,206,444,412,531,340,361,600,17,35,61,158,183,57,297,367,99,550,690,100,547,5,410,430,553,585,595,228,296,370,379,549,303,613,324,457,693,66,83,140,240,311,265,354,196,380,69,321,452,437,2,104,191,485,618,419,427,454,25,201,209,211,242,708,86,349,469,567,706,238,374,408,541,463,636,656,79,102,188,185,229,488,654,689,178,194,278,289,355,47,291,385,404,474,172,268,264,285,338,576,611,38,106,182,464,540,89,310,533,583,663,707,336,446,426,475,543,619,612,646,73,101,292,377,458],"type":"read_ok"}}
2024/02/25 18:59:41 Received {c72 n22 {"type":"broadcast","message":751,"msg_id":57}}
2024/02/25 18:59:41 Sent {"src":"n22","dest":"c72","body":{"in_reply_to":57,"type":"broadcast_ok"}}
2024/02/25 18:59:41 Sent {"src":"n22","dest":"n12","body":{"messages":[751],"msg_id":17,"type":"broadcast"}}
2024/02/25 18:59:41 Received {n12 n22 {"messages":[723,722,717,713,716,726,714,718,728,727,720,711,719,710,712,724,715,725,721,742],"msg_id":746,"type":"broadcast"}}
2024/02/25 18:59:41 Sent {"src":"n22","dest":"n12","body":{"in_reply_to":746,"type":"broadcast_ok"}}
2024/02/25 18:59:41 Received {n12 n22 {"in_reply_to":17,"type":"broadcast_ok"}}
2024/02/25 18:59:41 Received {c72 n22 {"type":"broadcast","message":764,"msg_id":58}}
2024/02/25 18:59:41 Sent {"src":"n22","dest":"c72","body":{"in_reply_to":58,"type":"broadcast_ok"}}
2024/02/25 18:59:41 Sent {"src":"n22","dest":"n12","body":{"messages":[764],"msg_id":18,"type":"broadcast"}}
2024/02/25 18:59:42 Received {n12 n22 {"messages":[749,739,732,746,748,735,738,737,730,744,741,733,734,740,731,745,747,729,743,736,750],"msg_id":776,"type":"broadcast"}}
2024/02/25 18:59:42 Received {c72 n22 {"type":"broadcast","message":778,"msg_id":59}}
2024/02/25 18:59:42 Sent {"src":"n22","dest":"n12","body":{"in_reply_to":776,"type":"broadcast_ok"}}
2024/02/25 18:59:42 Sent {"src":"n22","dest":"c72","body":{"in_reply_to":59,"type":"broadcast_ok"}}
2024/02/25 18:59:42 Received {n12 n22 {"in_reply_to":18,"type":"broadcast_ok"}}
2024/02/25 18:59:42 Received {c72 n22 {"type":"broadcast","message":791,"msg_id":60}}
2024/02/25 18:59:42 Sent {"src":"n22","dest":"c72","body":{"in_reply_to":60,"type":"broadcast_ok"}}
2024/02/25 18:59:42 Sent {"src":"n22","dest":"n12","body":{"messages":[778,791],"msg_id":19,"type":"broadcast"}}
2024/02/25 18:59:42 Received {n12 n22 {"messages":[757,772,752,765,762,754,756,771,769,776,770,759,753,767,768,773,766,760,775,758,774,761,777,755,763],"msg_id":799,"type":"broadcast"}}
2024/02/25 18:59:42 Sent {"src":"n22","dest":"n12","body":{"in_reply_to":799,"type":"broadcast_ok"}}
2024/02/25 18:59:42 Received {n12 n22 {"in_reply_to":19,"type":"broadcast_ok"}}
2024/02/25 18:59:42 Received {c72 n22 {"type":"broadcast","message":801,"msg_id":61}}
2024/02/25 18:59:42 Sent {"src":"n22","dest":"c72","body":{"in_reply_to":61,"type":"broadcast_ok"}}
2024/02/25 18:59:42 Received {c72 n22 {"type":"broadcast","message":815,"msg_id":62}}
2024/02/25 18:59:42 Sent {"src":"n22","dest":"c72","body":{"in_reply_to":62,"type":"broadcast_ok"}}
2024/02/25 18:59:42 Sent {"src":"n22","dest":"n12","body":{"messages":[801,815],"msg_id":20,"type":"broadcast"}}
2024/02/25 18:59:43 Received {n12 n22 {"messages":[779,789,786,783,788,781,784,790,792,785,780,793,787,782,809],"msg_id":840,"type":"broadcast"}}
2024/02/25 18:59:43 Sent {"src":"n22","dest":"n12","body":{"in_reply_to":840,"type":"broadcast_ok"}}
2024/02/25 18:59:43 Received {n12 n22 {"in_reply_to":20,"type":"broadcast_ok"}}
2024/02/25 18:59:43 Received {c72 n22 {"type":"broadcast","message":829,"msg_id":63}}
2024/02/25 18:59:43 Sent {"src":"n22","dest":"c72","body":{"in_reply_to":63,"type":"broadcast_ok"}}
2024/02/25 18:59:43 Sent {"src":"n22","dest":"n12","body":{"messages":[829],"msg_id":21,"type":"broadcast"}}
2024/02/25 18:59:43 Received {n12 n22 {"messages":[812,798,811,800,813,807,805,804,797,810,795,808,794,803,806,802,796,814,799,822],"msg_id":845,"type":"broadcast"}}
2024/02/25 18:59:43 Received {c72 n22 {"type":"broadcast","message":844,"msg_id":64}}
2024/02/25 18:59:43 Sent {"src":"n22","dest":"n12","body":{"in_reply_to":845,"type":"broadcast_ok"}}
2024/02/25 18:59:43 Sent {"src":"n22","dest":"c72","body":{"in_reply_to":64,"type":"broadcast_ok"}}
2024/02/25 18:59:43 Received {n12 n22 {"in_reply_to":21,"type":"broadcast_ok"}}
2024/02/25 18:59:43 Received {c72 n22 {"type":"read","msg_id":65}}
2024/02/25 18:59:43 Sent {"src":"n22","dest":"c72","body":{"in_reply_to":65,"messages":[502,26,124,251,342,409,651,722,756,45,48,299,368,563,633,653,96,460,515,571,386,440,495,565,10,27,162,301,735,587,694,719,136,262,425,577,151,308,322,341,599,679,692,415,548,590,655,6,126,259,347,204,234,247,491,19,43,76,184,762,760,72,298,557,400,700,118,418,555,779,554,601,740,84,111,320,383,462,518,774,130,170,217,348,125,274,401,436,394,668,652,80,156,187,283,714,14,28,445,624,318,345,387,605,703,813,12,93,171,591,574,609,64,50,335,433,152,210,551,559,146,393,658,704,746,13,252,431,615,570,783,263,261,420,528,34,470,749,796,116,142,279,455,505,537,534,110,186,359,421,578,662,650,705,725,223,610,660,649,443,487,539,512,40,227,282,317,566,614,677,814,294,344,453,506,49,135,173,179,691,712,526,3,218,327,402,782,805,390,490,666,681,640,702,168,304,378,438,723,260,312,369,697,775,221,471,710,721,382,606,625,743,177,270,290,366,461,527,741,790,22,88,244,319,626,696,159,417,602,639,305,315,503,778,174,155,189,199,343,353,403,519,51,216,248,280,581,620,674,561,592,644,622,36,91,507,500,793,807,389,514,579,621,683,55,167,213,351,53,98,103,730,203,352,521,672,784,24,119,225,477,396,423,413,501,120,202,281,337,529,727,777,589,642,667,799,235,293,364,472,384,432,481,560,85,77,95,207,673,822,206,444,412,531,183,340,361,600,17,35,61,158,57,297,367,99,550,690,711,100,547,737,585,5,410,430,553,549,595,728,715,228,296,370,379,303,613,311,324,457,693,66,83,140,240,781,265,354,196,380,729,69,321,452,437,618,713,2,104,191,485,242,419,427,454,25,201,209,211,708,773,706,742,86,349,469,567,752,786,238,374,408,541,229,463,636,656,79,102,188,185,355,488,654,689,178,194,278,289,776,800,47,291,791,338,385,404,474,172,268,264,285,576,792,540,611,38,106,182,464,731,785,89,310,533,716,543,583,663,707,336,446,426,475,458,619,612,646,73,101,292,377,198,365,516,562,32,108,154,175,637,678,724,450,795,31,195,205,328,208,398,307,334,391,496,82,112,233,258,542,546,733,768,360,508,7,145,266,331,498,520,523,627,30,166,288,494,647,695,798,78,180,399,513,107,147,632,544,763,788,97,157,269,350,164,373,803,806,804,132,115,250,483,197,271,286,509,734,801,780,468,473,634,748,580,657,698,726,15,422,441,511,18,81,313,339,809,11,190,405,765,478,243,306,346,442,356,407,564,629,150,215,267,329,659,424,465,479,661,54,181,231,375,797,808,787,62,230,439,645,480,532,584,597,65,236,272,325,709,226,314,372,536,29,75,241,222,670,739,482,476,616,635,138,161,371,467,747,789,535,617,628,771,332,357,586,593,41,193,214,277,631,802,556,608,764,63,90,232,397,323,414,844,127,113,200,309,117,131,149,381,0,92,94,114,572,811,596,682,758,1,376,392,499,459,284,362,718,720,44,68,139,255,770,794,148,256,434,588,538,684,772,815,60,144,165,522,447,484,545,558,20,4,128,245,738,754,759,680,750,70,121,333,456,451,517,676,757,8,67,133,287,812,525,641,224,316,449,492,134,254,295,745,219,358,411,761,524,664,675,688,74,273,429,489,732,330,416,569,630,9,46,176,253,671,751,753,363,530,623,58,87,105,302,220,435,638,33,56,59,153,192,395,448,598,42,109,137,141,665,603,123,163,466,604,39,52,686,744,685,736,143,257,388,573,275,594,829,810,504,552,687,701,16,21,486,497,71,300,582,717,23,428,766,575,169,212,239,276,699,129,246,493,607,510,643,669,767,122,160,237,326,648,769,755,37,249,406,568],"type":"read_ok"}}
2024/02/25 18:59:43 Sent {"src":"n22","dest":"n12","body":{"messages":[844],"msg_id":22,"type":"broadcast"}}
2024/02/25 18:59:44 Received {n12 n22 {"messages":[837,816,830,827,836,819,834,824,838,823,840,839,826,842,828,843,817,831,825,841,821,820,835,818,832,833,863],"msg_id":885,"type":"broadcast"}}
2024/02/25 18:59:44 Received {c72 n22 {"type":"read","msg_id":66}}
2024/02/25 18:59:44 Sent {"src":"n22","dest":"n12","body":{"in_reply_to":885,"type":"broadcast_ok"}}
2024/02/25 18:59:44 Sent {"src":"n22","dest":"c72","body":{"in_reply_to":66,"messages":[413,202,281,777,642,667,235,293,364,589,432,481,77,384,444,531,340,158,183,367,550,690,5,553,228,296,379,303,613,457,693,66,83,140,240,311,781,729,69,2,191,618,825,427,454,211,242,86,349,469,706,828,374,408,102,229,463,656,654,800,178,194,289,355,488,47,791,792,172,264,285,338,576,611,89,533,336,446,583,292,377,458,619,724,820,32,154,198,516,562,205,450,795,208,82,307,496,542,733,145,266,331,360,166,520,78,513,695,147,632,97,157,544,164,373,803,827,132,483,197,271,509,780,634,748,698,726,15,422,580,81,11,765,243,306,442,407,150,215,267,329,356,465,661,181,375,424,797,62,230,439,645,532,236,325,709,536,29,222,670,476,635,138,161,467,747,617,771,586,593,41,214,277,802,608,764,63,556,414,844,323,0,114,117,682,758,826,392,596,362,720,44,139,255,770,148,256,434,588,863,545,558,245,447,738,754,759,750,70,333,456,676,757,133,451,812,224,449,492,134,254,745,411,761,664,675,688,74,429,819,176,253,330,671,753,58,87,302,363,638,153,220,395,448,192,163,466,604,603,833,52,686,143,257,573,685,275,594,829,831,21,486,497,504,701,71,582,23,766,239,129,246,669,767,122,326,510,26,502,651,722,756,45,368,409,460,515,571,495,10,27,735,694,719,425,577,587,151,308,322,679,548,347,415,234,247,491,19,184,760,72,418,555,740,834,84,111,554,217,348,462,125,401,436,668,652,80,156,283,394,14,445,624,318,345,387,813,837,12,171,609,50,335,433,152,210,551,393,13,252,431,783,34,749,142,537,534,110,186,705,725,816,223,649,487,539,40,227,282,677,506,49,173,294,691,327,402,681,821,168,304,438,640,702,369,723,221,471,606,743,527,790,88,244,461,639,315,778,174,155,199,403,519,51,216,620,674,592,500,561,793,389,514,167,213,730,352,521,119,225,423,501,120,337,396,529,727,799,472,560,85,95,207,673,822,206,412,361,600,17,35,61,57,297,99,711,100,547,737,823,410,430,585,595,728,715,370,549,324,265,354,196,380,832,321,452,437,104,485,713,419,25,201,209,708,773,567,742,238,541,752,786,79,188,185,636,278,689,776,291,268,385,404,474,38,106,182,464,540,310,716,731,785,426,475,543,663,707,73,101,612,646,108,175,365,637,678,31,195,328,398,546,768,112,233,258,334,391,7,508,627,647,30,288,494,498,523,798,180,399,107,763,788,269,350,806,115,250,804,286,801,468,473,734,657,441,511,18,313,339,190,405,809,346,478,564,629,659,479,54,231,808,787,584,597,65,272,480,314,372,75,241,226,739,616,371,482,789,535,628,357,193,332,631,90,232,397,127,113,200,309,131,149,381,92,94,572,811,1,376,499,459,718,68,284,794,684,772,815,60,144,165,522,538,484,20,4,128,121,680,517,8,67,287,641,316,525,295,219,358,273,489,524,732,751,843,9,46,416,569,630,530,623,105,435,33,56,59,598,42,109,137,141,665,123,841,39,744,736,388,810,16,552,687,300,717,428,169,212,276,575,817,493,607,699,643,160,237,769,755,37,249,406,568,648,124,251,342,48,299,633,653,96,563,440,565,162,301,386,136,262,341,599,692,590,655,6,126,259,43,76,204,762,298,557,400,700,118,779,842,601,320,383,518,774,130,170,274,836,187,28,714,605,824,93,591,703,64,574,559,146,658,704,615,746,818,263,261,420,528,570,470,796,839,116,279,505,359,421,455,578,662,610,660,650,512,317,443,566,614,814,840,344,453,135,179,712,3,218,526,805,390,490,666,782,378,260,312,697,710,721,775,625,177,270,290,366,382,741,22,319,696,159,417,602,626,503,189,305,353,248,280,343,581,830,644,622,36,91,507,807,835,55,351,579,621,683,53,98,103,203,672,838,24,477,784],"type":"read_ok"}}
2024/02/25 18:59:44 Received {n12 n22 {"in_reply_to":22,"type":"broadcast_ok"}}
2024/02/25 18:59:44 Received {c72 n22 {"type":"read","msg_id":67}}
2024/02/25 18:59:44 Sent {"src":"n22","dest":"c72","body":{"in_reply_to":67,"messages":[52,686,257,573,685,143,594,829,275,486,497,504,701,831,21,582,71,766,23,239,246,129,326,510,669,767,122,502,26,368,409,651,722,756,45,460,515,571,27,495,10,735,425,577,587,694,719,308,322,151,679,347,415,548,184,234,247,491,19,760,72,555,418,111,554,740,834,84,217,348,462,401,436,125,156,283,394,668,652,80,445,624,14,345,387,318,171,813,837,12,50,335,433,609,210,551,152,393,252,431,13,783,749,34,142,186,537,534,110,649,705,725,816,223,227,282,487,539,40,677,173,294,506,49,691,327,402,681,304,438,640,702,821,168,369,723,471,221,606,743,88,244,461,527,790,639,155,199,315,778,174,216,403,519,51,620,674,500,561,592,793,514,389,213,167,730,352,521,119,225,337,396,423,501,120,727,529,472,799,95,207,560,85,822,673,412,206,35,61,361,600,17,297,57,711,99,547,737,823,100,410,430,585,370,549,595,728,715,324,354,265,380,832,196,321,452,437,485,713,104,201,209,419,25,773,708,742,567,541,752,786,238,188,185,636,79,689,776,278,291,385,404,474,268,106,182,464,540,38,716,731,785,310,475,543,663,707,426,101,612,646,73,175,365,637,678,108,195,328,31,398,233,258,334,391,546,768,112,508,7,288,494,498,523,627,647,30,180,399,798,107,269,350,763,788,806,115,250,804,286,473,734,801,468,441,511,657,313,339,18,190,405,809,346,478,564,629,659,231,479,54,808,787,272,480,584,597,65,75,241,226,314,372,739,371,482,616,789,628,535,193,332,357,631,90,232,397,113,200,309,127,92,94,131,149,381,811,572,376,499,1,459,68,284,718,794,144,165,522,538,684,772,815,60,4,128,484,20,121,680,67,287,517,8,316,525,641,295,358,219,273,489,524,732,46,416,569,630,751,843,9,105,530,623,56,59,435,33,109,137,141,598,42,665,841,123,744,39,388,736,810,552,687,16,300,717,428,212,276,575,817,169,493,607,699,160,237,643,249,406,568,648,769,755,37,124,251,342,48,299,563,633,653,96,162,301,386,440,565,262,136,341,692,599,126,259,590,655,6,43,76,204,762,298,557,700,400,779,842,118,320,383,601,170,518,774,130,274,187,836,28,714,605,93,591,703,824,574,64,559,658,704,146,615,746,261,420,528,570,818,263,470,796,839,279,116,359,421,455,505,662,578,610,660,650,317,443,512,614,814,840,566,135,179,344,453,712,218,526,3,490,666,782,805,390,378,312,697,260,710,721,775,270,290,366,382,625,177,319,741,22,417,602,626,696,159,189,305,503,248,280,343,353,830,581,91,507,644,622,36,807,351,579,621,683,835,55,98,103,53,672,838,203,477,784,24,202,281,413,777,293,364,589,642,667,235,77,384,432,481,444,531,158,183,340,367,550,690,553,5,296,379,228,613,303,83,140,240,311,457,693,66,781,729,69,191,618,825,2,211,242,427,454,349,469,706,828,86,408,374,229,463,656,102,194,289,355,488,654,800,178,791,47,264,285,338,576,792,172,611,533,89,446,583,336,377,458,619,292,154,198,516,562,724,820,32,450,795,205,208,307,496,542,733,82,266,331,360,145,520,166,513,695,78,147,632,157,544,97,373,803,164,483,827,132,271,509,197,634,748,780,422,580,698,726,15,81,765,11,306,442,243,215,267,329,356,407,150,181,375,424,465,661,797,230,439,645,62,236,325,532,709,222,536,29,670,161,467,476,635,138,747,617,771,214,277,586,593,41,802,556,608,764,63,323,414,844,114,117,0,392,596,682,758,826,139,255,362,720,44,770,256,434,588,148,863,245,447,545,558,754,759,738,333,456,750,70,133,451,676,757,812,449,492,224,254,745,134,411,761,429,664,675,688,74,253,330,671,753,819,176,87,302,363,58,153,220,638,192,395,448,466,604,603,833,163],"type":"read_ok"}}
2024/02/25 18:59:44 Received {n12 n22 {"messages":[853,861,855,848,860,850,856,852,849,864,845,857,858,859,846,862,854,847,851,871],"msg_id":894,"type":"broadcast"}}
2024/02/25 18:59:44 Sent {"src":"n22","dest":"n12","body":{"in_reply_to":894,"type":"broadcast_ok"}}
2024/02/25 18:59:44 Received {c72 n22 {"type":"broadcast","message":889,"msg_id":68}}
2024/02/25 18:59:44 Sent {"src":"n22","dest":"c72","body":{"in_reply_to":68,"type":"broadcast_ok"}}
2024/02/25 18:59:44 Received {c72 n22 {"type":"read","msg_id":69}}
2024/02/25 18:59:44 Sent {"src":"n22","dest":"c72","body":{"in_reply_to":69,"messages":[167,213,730,352,521,119,225,529,727,120,337,396,423,501,799,472,560,85,95,207,673,822,206,412,361,600,17,35,61,57,297,850,99,711,856,100,547,737,823,410,430,585,595,728,715,370,549,324,265,354,196,380,832,321,452,437,104,485,713,419,25,201,209,708,773,567,742,238,541,752,786,79,188,185,636,278,689,776,291,268,385,404,474,860,38,106,182,464,540,310,716,731,785,426,475,543,663,707,73,101,612,646,108,175,365,637,678,31,195,328,398,859,546,768,112,233,258,334,391,7,508,627,647,30,288,494,498,523,180,399,798,107,269,350,763,788,806,115,250,804,286,468,473,734,801,441,511,657,18,313,339,190,405,809,848,346,478,564,629,659,54,231,479,808,787,65,272,480,584,597,739,75,241,226,314,372,371,482,616,789,535,628,193,332,357,631,90,232,397,861,127,113,200,309,853,572,811,92,94,131,149,381,1,376,499,459,68,284,718,858,794,684,772,815,60,144,165,522,538,484,20,4,128,121,680,517,8,67,287,641,316,525,295,219,358,845,273,489,524,732,751,843,9,46,416,569,630,530,623,105,435,33,56,59,665,854,42,109,137,141,598,123,841,39,744,736,388,810,16,552,687,300,717,851,428,169,212,276,575,817,493,607,699,643,160,237,769,755,37,249,406,568,648,124,251,342,48,299,633,653,96,563,440,565,162,301,386,136,262,341,599,692,590,655,6,126,259,43,76,204,762,298,557,400,700,889,118,779,842,601,320,383,518,774,130,170,274,187,836,864,28,714,605,824,93,591,703,64,574,559,146,658,704,615,746,818,263,261,420,528,570,470,796,839,116,279,871,505,359,421,455,578,662,610,660,650,512,317,443,566,614,814,840,344,453,135,179,712,3,218,526,805,390,490,666,782,378,260,312,697,710,721,775,625,177,270,290,366,382,741,22,319,696,159,417,602,626,503,189,305,353,248,280,343,581,830,644,622,36,91,507,807,835,55,351,579,621,683,53,98,103,203,672,838,24,477,784,202,281,413,777,846,642,667,235,293,364,589,432,481,77,384,444,531,340,158,183,367,550,690,5,553,228,296,379,303,613,457,693,66,83,140,240,311,781,729,69,2,191,618,825,427,454,211,242,86,349,469,706,828,374,408,102,229,463,656,654,800,178,194,289,355,488,47,791,792,847,172,264,285,338,576,611,862,89,533,336,446,583,292,377,458,619,724,820,32,154,198,516,562,205,450,795,208,82,307,496,542,733,145,266,331,360,166,520,78,513,695,147,632,97,157,544,164,373,803,132,483,827,197,271,509,634,748,780,15,422,580,698,726,81,11,765,243,306,442,407,150,215,267,329,356,797,181,375,424,465,661,62,230,439,645,236,325,532,709,29,222,536,670,747,138,161,467,476,635,617,771,802,41,214,277,586,593,63,556,608,764,323,414,844,0,114,117,392,596,682,758,826,770,44,139,255,362,720,148,256,434,588,863,545,558,245,447,738,754,759,750,70,333,456,676,757,133,451,812,224,449,492,134,254,745,411,761,664,675,688,74,429,819,176,253,330,671,753,58,87,302,363,638,153,220,192,395,448,163,466,604,603,833,52,686,143,257,573,685,275,594,829,831,21,486,497,504,701,71,582,23,766,239,129,246,669,767,122,326,510,26,502,651,722,756,45,368,409,460,515,571,495,10,27,735,694,719,425,577,587,151,308,322,679,548,347,415,234,247,491,19,184,760,72,855,418,555,740,834,84,111,554,217,348,462,125,401,436,652,80,156,283,394,668,14,445,624,318,345,387,813,837,12,171,609,50,335,433,152,210,551,393,857,13,252,431,849,783,34,749,142,537,534,110,186,705,725,816,223,649,487,539,40,227,282,677,506,49,173,294,691,327,402,681,821,168,304,438,640,702,369,723,221,471,606,743,852,527,790,88,244,461,639,315,778,174,155,199,403,519,51,216,620,674,592,500,561,793,389,514],"type":"read_ok"}}
2024/02/25 18:59:44 Sent {"src":"n22","dest":"n12","body":{"messages":[889],"msg_id":23,"type":"broadcast"}}
2024/02/25 18:59:45 Received {n12 n22 {"messages":[874,883,868,878,869,879,873,877,866,875,867,876,870,865,872,894],"msg_id":915,"type":"broadcast"}}
2024/02/25 18:59:45 Sent {"src":"n22","dest":"n12","body":{"in_reply_to":915,"type":"broadcast_ok"}}
2024/02/25 18:59:45 Received {n12 n22 {"in_reply_to":23,"type":"broadcast_ok"}}
2024/02/25 18:59:45 Received {n12 n22 {"messages":[898,886,900,885,902,903,896,891,904,892,905,888,899,881,884,895,887,897,880,893,890,901,882],"msg_id":941,"type":"broadcast"}}
2024/02/25 18:59:45 Sent {"src":"n22","dest":"n12","body":{"in_reply_to":941,"type":"broadcast_ok"}}
2024/02/25 18:59:46 Received {n12 n22 {"messages":[906],"msg_id":968,"type":"broadcast"}}
2024/02/25 18:59:46 Sent {"src":"n22","dest":"n12","body":{"in_reply_to":968,"type":"broadcast_ok"}}
2024/02/25 18:59:55 Received {c72 n22 {"type":"read","msg_id":70}}
2024/02/25 18:59:55 Sent {"src":"n22","dest":"c72","body":{"in_reply_to":70,"messages":[474,268,385,404,464,540,860,38,106,182,785,310,716,731,663,707,426,475,543,646,900,73,101,612,637,678,108,175,365,31,195,328,398,859,334,391,546,768,112,233,258,7,508,498,523,627,647,30,288,494,180,399,798,107,788,269,350,763,806,115,250,804,286,801,897,468,473,734,873,441,511,657,18,313,339,848,892,190,405,809,346,478,564,629,659,808,54,231,479,787,584,597,65,272,480,314,372,739,881,75,241,226,789,371,482,616,535,628,631,193,332,357,90,232,397,309,853,861,127,113,200,149,381,572,811,92,94,131,895,1,376,499,459,858,68,284,718,794,522,538,684,772,815,60,144,165,870,484,899,20,4,128,121,680,517,8,67,287,316,525,641,295,219,358,845,732,273,489,524,569,630,751,843,9,46,416,105,530,623,435,888,33,56,59,141,598,665,854,42,109,137,123,841,39,744,388,736,810,869,16,552,687,300,717,851,428,575,817,169,212,276,493,607,699,160,237,643,568,648,769,755,37,249,406,124,251,342,48,299,653,903,96,563,633,440,565,162,301,386,136,262,341,599,692,590,655,6,126,259,762,43,76,204,298,557,400,700,889,118,779,842,320,383,601,774,130,170,518,274,879,885,187,836,864,28,714,605,824,93,591,703,64,574,559,146,658,704,615,746,528,570,818,263,261,420,470,796,839,116,279,871,505,578,662,875,359,421,455,882,610,660,650,566,614,814,840,317,443,512,453,712,135,179,344,3,218,526,782,805,390,490,666,378,894,260,312,697,710,721,775,366,382,625,177,270,290,22,319,741,626,696,159,417,602,305,503,189,280,343,353,248,830,581,644,622,807,36,91,507,621,683,835,55,351,579,53,98,103,672,838,203,477,784,24,777,846,202,281,413,589,642,667,235,293,364,384,432,481,77,531,444,158,183,340,367,880,550,690,883,898,5,553,379,228,296,303,613,866,240,311,457,693,66,83,140,781,729,69,825,2,191,618,454,211,242,427,706,828,86,349,469,374,408,656,896,102,229,463,355,488,654,800,178,194,289,47,791,338,576,792,847,172,264,285,611,862,89,533,336,446,583,619,292,377,458,516,562,724,820,32,154,198,205,450,795,208,872,542,733,82,307,496,360,145,266,331,166,520,887,78,513,695,147,632,891,97,157,544,164,373,803,901,132,483,827,197,271,509,634,748,780,698,726,905,15,422,580,81,11,765,243,306,442,329,356,407,150,215,267,465,661,797,181,375,424,645,890,62,230,439,709,236,325,532,670,29,222,536,476,635,747,138,161,467,617,771,586,593,802,41,214,277,764,63,556,608,323,414,844,0,114,117,758,826,392,596,682,362,720,770,44,139,255,588,148,256,434,863,904,558,738,754,759,245,447,545,750,70,333,456,757,812,133,451,676,224,449,492,134,254,745,411,761,675,688,74,429,664,671,753,819,176,253,330,363,58,87,302,153,220,638,192,395,448,603,833,163,466,604,52,686,685,143,257,573,874,275,594,829,504,701,831,21,486,497,71,582,23,766,239,129,246,669,767,122,326,510,902,26,502,651,722,756,45,368,409,460,515,571,735,10,27,495,694,719,425,577,587,151,308,322,679,347,415,548,247,491,760,19,184,234,72,855,418,555,740,834,84,111,554,217,348,462,876,125,401,436,394,668,652,878,80,156,283,14,445,624,318,345,387,837,12,171,813,609,50,335,433,152,210,551,393,857,893,849,13,252,431,783,34,749,142,534,110,186,537,725,816,223,649,705,487,539,677,40,227,282,506,691,49,173,294,327,402,681,640,702,821,168,304,438,369,723,221,471,868,606,743,852,527,790,88,244,461,639,199,315,778,174,155,403,519,51,216,620,674,793,906,500,561,592,389,514,167,213,865,730,352,521,119,225,423,501,529,727,120,337,396,472,799,884,207,560,85,95,673,822,206,412,361,600,17,35,61,57,297,850,867,99,711,856,823,100,547,737,886,410,430,585,549,595,728,715,370,324,265,354,196,380,832,437,321,452,104,485,713,419,708,773,877,25,201,209,567,742,786,238,541,752,636,79,188,185,278,689,776,291],"type":"read_ok"}}
