2024/02/25 18:59:24 Received {c19 n23 {"type":"init","node_id":"n23","node_ids":["n0","n1","n2","n3","n4","n5","n6","n7","n8","n9","n10","n11","n12","n13","n14","n15","n16","n17","n18","n19","n20","n21","n22","n23","n24"],"msg_id":1}}
2024/02/25 18:59:24 Node n23 initialized
2024/02/25 18:59:24 Sent {"src":"n23","dest":"c19","body":{"in_reply_to":1,"type":"init_ok"}}
2024/02/25 18:59:25 Received {c48 n23 {"type":"topology","topology":{"n2":["n7","n3","n1"],"n21":["n16","n22","n20"],"n23":["n18","n24","n22"],"n5":["n10","n0","n6"],"n8":["n13","n3","n9","n7"],"n6":["n11","n1","n7","n5"],"n19":["n24","n14","n18"],"n14":["n19","n9","n13"],"n17":["n22","n12","n18","n16"],"n1":["n6","n2","n0"],"n24":["n19","n23"],"n4":["n9","n3"],"n0":["n5","n1"],"n18":["n23","n13","n19","n17"],"n9":["n14","n4","n8"],"n10":["n15","n5","n11"],"n22":["n17","n23","n21"],"n15":["n20","n10","n16"],"n13":["n18","n8","n14","n12"],"n3":["n8","n4","n2"],"n12":["n17","n7","n13","n11"],"n11":["n16","n6","n12","n10"],"n16":["n21","n11","n17","n15"],"n7":["n12","n2","n8","n6"],"n20":["n15","n21"]},"msg_id":1}}
2024/02/25 18:59:25 Sent {"src":"n23","dest":"c48","body":{"in_reply_to":1,"type":"topology_ok"}}
2024/02/25 18:59:25 Received {c73 n23 {"type":"broadcast","message":9,"msg_id":1}}
2024/02/25 18:59:25 Sent {"src":"n23","dest":"c73","body":{"in_reply_to":1,"type":"broadcast_ok"}}
2024/02/25 18:59:25 Sent {"src":"n23","dest":"n12","body":{"messages":[9],"msg_id":1,"type":"broadcast"}}
2024/02/25 18:59:25 Received {n12 n23 {"in_reply_to":1,"type":"broadcast_ok"}}
2024/02/25 18:59:25 Received {c73 n23 {"type":"broadcast","message":27,"msg_id":2}}
2024/02/25 18:59:25 Sent {"src":"n23","dest":"c73","body":{"in_reply_to":2,"type":"broadcast_ok"}}
2024/02/25 18:59:25 Received {c73 n23 {"type":"broadcast","message":45,"msg_id":3}}
2024/02/25 18:59:25 Sent {"src":"n23","dest":"c73","body":{"in_reply_to":3,"type":"broadcast_ok"}}
2024/02/25 18:59:25 Sent {"src":"n23","dest":"n12","body":{"messages":[27,45],"msg_id":2,"type":"broadcast"}}
2024/02/25 18:59:26 Received {n12 n23 {"messages":[20,3,16,2,15,7,14,17,4,18,10,19,5,0,11,12,8,6,13,1,39],"msg_id":15,"type":"broadcast"}}
2024/02/25 18:59:26 Sent {"src":"n23","dest":"n12","body":{"in_reply_to":15,"type":"broadcast_ok"}}
2024/02/25 18:59:26 Received {n12 n23 {"in_reply_to":2,"type":"broadcast_ok"}}
2024/02/25 18:59:26 Received {c73 n23 {"type":"read","msg_id":4}}
2024/02/25 18:59:26 Sent {"src":"n23","dest":"c73","body":{"in_reply_to":4,"messages":[5,11,1,9,27,2,4,19,45,3,16,10,15,14,8,13,12,6,39,20,7,17,18,0],"type":"read_ok"}}
2024/02/25 18:59:26 Received {c73 n23 {"type":"broadcast","message":69,"msg_id":5}}
2024/02/25 18:59:26 Sent {"src":"n23","dest":"c73","body":{"in_reply_to":5,"type":"broadcast_ok"}}
2024/02/25 18:59:26 Sent {"src":"n23","dest":"n12","body":{"messages":[69],"msg_id":3,"type":"broadcast"}}
2024/02/25 18:59:26 Received {n12 n23 {"messages":[35,24,32,43,31,37,30,48,36,28,29,46,21,38,22,23,40,25,42,33,26,41,44,47,34,64],"msg_id":26,"type":"broadcast"}}
2024/02/25 18:59:26 Sent {"src":"n23","dest":"n12","body":{"in_reply_to":26,"type":"broadcast_ok"}}
2024/02/25 18:59:26 Received {n12 n23 {"in_reply_to":3,"type":"broadcast_ok"}}
2024/02/25 18:59:26 Received {c73 n23 {"type":"broadcast","message":81,"msg_id":6}}
2024/02/25 18:59:26 Sent {"src":"n23","dest":"c73","body":{"in_reply_to":6,"type":"broadcast_ok"}}
2024/02/25 18:59:26 Received {c73 n23 {"type":"broadcast","message":90,"msg_id":7}}
2024/02/25 18:59:26 Sent {"src":"n23","dest":"c73","body":{"in_reply_to":7,"type":"broadcast_ok"}}
2024/02/25 18:59:26 Sent {"src":"n23","dest":"n12","body":{"messages":[81,90],"msg_id":4,"type":"broadcast"}}
2024/02/25 18:59:27 Received {n12 n23 {"messages":[55,67,50,61,73,75,56,60,51,62,72,57,68,59,52,65,49,63,70,53,58,54,66,71],"msg_id":56,"type":"broadcast"}}
2024/02/25 18:59:27 Sent {"src":"n23","dest":"n12","body":{"in_reply_to":56,"type":"broadcast_ok"}}
2024/02/25 18:59:27 Received {n12 n23 {"in_reply_to":4,"type":"broadcast_ok"}}
2024/02/25 18:59:27 Received {c73 n23 {"type":"read","msg_id":8}}
2024/02/25 18:59:27 Sent {"src":"n23","dest":"c73","body":{"in_reply_to":8,"messages":[18,35,31,28,64,49,5,51,10,36,58,14,81,67,20,7,69,34,75,2,19,11,1,40,44,60,63,54,16,71,15,17,0,12,6,39,41,50,9,27,33,47,90,52,66,3,32,68,8,43,25,62,53,38,23,26,59,4,24,21,61,56,70,45,37,29,46,22,55,72,65,13,30,48,42,73,57],"type":"read_ok"}}
2024/02/25 18:59:27 Received {n12 n23 {"messages":[74,88,78,79,87,83,92,86,76,85,89,91,84,80,77,82,109],"msg_id":80,"type":"broadcast"}}
2024/02/25 18:59:27 Received {c73 n23 {"type":"broadcast","message":114,"msg_id":9}}
2024/02/25 18:59:27 Sent {"src":"n23","dest":"n12","body":{"in_reply_to":80,"type":"broadcast_ok"}}
2024/02/25 18:59:27 Sent {"src":"n23","dest":"c73","body":{"in_reply_to":9,"type":"broadcast_ok"}}
2024/02/25 18:59:27 Received {c73 n23 {"type":"read","msg_id":10}}
2024/02/25 18:59:27 Sent {"src":"n23","dest":"c73","body":{"in_reply_to":10,"messages":[14,81,67,87,75,86,20,7,69,34,40,44,60,63,2,19,11,1,54,78,80,109,16,71,114,15,74,92,91,39,41,50,79,17,0,12,6,90,52,66,9,27,33,47,84,3,32,68,89,53,8,43,25,62,85,77,82,38,23,26,59,56,70,4,24,21,61,22,55,72,65,45,37,29,46,73,57,88,13,30,48,42,64,49,83,76,18,35,31,28,5,51,10,36,58],"type":"read_ok"}}
2024/02/25 18:59:27 Sent {"src":"n23","dest":"n12","body":{"messages":[114],"msg_id":5,"type":"broadcast"}}
2024/02/25 18:59:28 Received {n12 n23 {"messages":[106,112,100,111,101,93,104,95,107,94,105,98,102,96,108,103,110,97,99,122,136],"msg_id":103,"type":"broadcast"}}
2024/02/25 18:59:28 Received {c73 n23 {"type":"broadcast","message":140,"msg_id":11}}
2024/02/25 18:59:28 Sent {"src":"n23","dest":"n12","body":{"in_reply_to":103,"type":"broadcast_ok"}}
2024/02/25 18:59:28 Sent {"src":"n23","dest":"c73","body":{"in_reply_to":11,"type":"broadcast_ok"}}
2024/02/25 18:59:28 Received {n12 n23 {"in_reply_to":5,"type":"broadcast_ok"}}
2024/02/25 18:59:28 Received {c73 n23 {"type":"broadcast","message":151,"msg_id":12}}
2024/02/25 18:59:28 Sent {"src":"n23","dest":"c73","body":{"in_reply_to":12,"type":"broadcast_ok"}}
2024/02/25 18:59:28 Sent {"src":"n23","dest":"n12","body":{"messages":[140,151],"msg_id":6,"type":"broadcast"}}
2024/02/25 18:59:28 Received {n12 n23 {"messages":[126,133,127,117,118,132,120,134,130,116,131,125,121,135,119,123,137,115,129,113,128,124,145],"msg_id":126,"type":"broadcast"}}
2024/02/25 18:59:28 Sent {"src":"n23","dest":"n12","body":{"in_reply_to":126,"type":"broadcast_ok"}}
2024/02/25 18:59:28 Received {n12 n23 {"in_reply_to":6,"type":"broadcast_ok"}}
2024/02/25 18:59:28 Received {c73 n23 {"type":"read","msg_id":13}}
2024/02/25 18:59:28 Sent {"src":"n23","dest":"c73","body":{"in_reply_to":13,"messages":[36,14,81,87,116,7,69,34,75,96,54,78,80,19,11,1,44,63,108,131,16,71,140,130,15,74,104,127,128,17,41,33,90,118,137,89,113,115,8,43,25,62,53,119,38,59,85,82,111,102,97,122,4,24,21,61,56,45,29,22,42,101,121,126,64,49,83,76,112,117,5,51,107,105,103,10,58,95,123,67,99,151,20,86,134,129,145,2,40,60,109,92,91,114,98,120,79,0,12,6,39,50,106,100,110,9,27,47,52,66,132,3,32,68,84,94,133,125,135,124,23,26,77,136,70,93,37,46,55,72,65,88,13,30,48,73,57,18,35,31,28],"type":"read_ok"}}
2024/02/25 18:59:28 Received {c73 n23 {"type":"broadcast","message":175,"msg_id":14}}
2024/02/25 18:59:28 Sent {"src":"n23","dest":"c73","body":{"in_reply_to":14,"type":"broadcast_ok"}}
2024/02/25 18:59:28 Sent {"src":"n23","dest":"n12","body":{"messages":[175],"msg_id":7,"type":"broadcast"}}
2024/02/25 18:59:29 Received {n12 n23 {"messages":[143,158,138,149,154,142,141,152,153,147,146,148,144,155,139,150],"msg_id":158,"type":"broadcast"}}
2024/02/25 18:59:29 Sent {"src":"n23","dest":"n12","body":{"in_reply_to":158,"type":"broadcast_ok"}}
2024/02/25 18:59:29 Received {n12 n23 {"in_reply_to":7,"type":"broadcast_ok"}}
2024/02/25 18:59:29 Received {c73 n23 {"type":"read","msg_id":15}}
2024/02/25 18:59:29 Sent {"src":"n23","dest":"c73","body":{"in_reply_to":15,"messages":[12,6,39,50,79,175,0,27,47,52,66,106,100,110,9,132,32,68,84,3,133,125,135,124,94,26,77,136,138,23,70,46,55,72,65,93,37,30,48,73,57,88,13,35,31,28,18,147,144,153,36,81,87,116,14,69,34,75,96,7,11,1,44,63,54,78,80,19,131,154,146,108,71,140,130,16,74,104,127,128,15,41,17,90,118,137,155,33,113,158,148,89,43,25,62,53,115,8,59,85,82,111,119,139,38,24,21,61,56,102,97,122,4,143,29,22,45,101,121,42,49,83,76,112,126,149,141,64,51,107,105,103,117,152,5,58,95,123,10,99,151,142,67,86,134,129,145,20,40,60,109,2,91,114,98,120,150,92],"type":"read_ok"}}
2024/02/25 18:59:29 Received {n12 n23 {"messages":[156,172,168,166,157,169,160,159,163,177,170,164,165,161,176,167,174,171,162,173,197],"msg_id":180,"type":"broadcast"}}
2024/02/25 18:59:29 Sent {"src":"n23","dest":"n12","body":{"in_reply_to":180,"type":"broadcast_ok"}}
2024/02/25 18:59:29 Received {c73 n23 {"type":"read","msg_id":16}}
2024/02/25 18:59:29 Sent {"src":"n23","dest":"c73","body":{"in_reply_to":16,"messages":[156,157,36,81,87,116,171,14,69,34,75,96,7,11,1,44,63,54,78,80,19,131,154,146,108,71,140,130,167,16,74,104,127,128,15,41,17,90,118,137,155,176,33,113,158,148,161,89,43,25,62,53,115,172,163,8,173,59,85,82,111,119,139,38,24,21,61,56,102,97,122,4,143,29,22,168,162,45,101,121,160,170,42,49,83,76,112,126,149,141,64,159,164,166,51,107,105,103,117,152,5,58,95,123,174,10,99,151,142,165,67,86,134,129,145,20,40,60,109,2,91,114,98,120,150,92,12,6,39,50,79,175,169,0,197,27,47,52,66,106,100,110,9,132,32,68,84,3,133,125,135,124,94,26,77,136,138,177,23,70,46,55,72,65,93,37,30,48,73,57,88,13,35,31,28,18,147,144,153],"type":"read_ok"}}
2024/02/25 18:59:29 Received {c73 n23 {"type":"broadcast","message":214,"msg_id":17}}
2024/02/25 18:59:29 Sent {"src":"n23","dest":"c73","body":{"in_reply_to":17,"type":"broadcast_ok"}}
2024/02/25 18:59:29 Sent {"src":"n23","dest":"n12","body":{"messages":[214],"msg_id":8,"type":"broadcast"}}
2024/02/25 18:59:30 Received {n12 n23 {"messages":[186,180,182,195,179,183,178,192,190,191,185,189,193,181,194,188,187,184,196,208],"msg_id":215,"type":"broadcast"}}
2024/02/25 18:59:30 Sent {"src":"n23","dest":"n12","body":{"in_reply_to":215,"type":"broadcast_ok"}}
2024/02/25 18:59:30 Received {n12 n23 {"in_reply_to":8,"type":"broadcast_ok"}}
2024/02/25 18:59:30 Received {c73 n23 {"type":"broadcast","message":232,"msg_id":18}}
2024/02/25 18:59:30 Sent {"src":"n23","dest":"c73","body":{"in_reply_to":18,"type":"broadcast_ok"}}
2024/02/25 18:59:30 Sent {"src":"n23","dest":"n12","body":{"messages":[232],"msg_id":9,"type":"broadcast"}}
2024/02/25 18:59:30 Received {n12 n23 {"messages":[212,223,201,204,215,209,205,216,206,198,210,203,207,199,211,200,202,213,242],"msg_id":218,"type":"broadcast"}}
2024/02/25 18:59:30 Received {c73 n23 {"type":"read","msg_id":19}}
2024/02/25 18:59:30 Sent {"src":"n23","dest":"n12","body":{"in_reply_to":218,"type":"broadcast_ok"}}
2024/02/25 18:59:30 Sent {"src":"n23","dest":"c73","body":{"in_reply_to":19,"messages":[135,124,191,94,133,125,136,138,177,23,26,77,70,72,65,93,37,46,55,73,57,88,180,13,30,48,28,18,35,31,153,147,144,194,36,156,157,116,171,14,81,87,75,96,7,69,34,44,63,54,78,80,19,11,1,146,190,108,131,154,130,167,192,16,71,140,127,128,183,15,74,104,17,41,137,155,176,33,90,118,148,161,195,89,113,158,62,53,115,172,163,8,43,25,173,182,82,111,119,139,38,59,85,61,56,102,97,122,4,24,21,143,186,187,168,162,232,45,29,22,160,170,188,42,101,121,76,112,126,149,141,64,49,83,166,159,164,105,103,117,152,5,51,107,123,174,178,193,10,58,95,142,165,184,67,99,151,129,145,181,20,86,134,109,2,40,60,214,179,98,120,150,189,196,92,91,114,39,50,79,175,169,0,12,6,197,52,66,106,100,110,9,27,47,132,185,208,84,3,32,68],"type":"read_ok"}}
2024/02/25 18:59:30 Received {n12 n23 {"in_reply_to":9,"type":"broadcast_ok"}}
2024/02/25 18:59:30 Received {c73 n23 {"type":"broadcast","message":255,"msg_id":20}}
2024/02/25 18:59:30 Sent {"src":"n23","dest":"c73","body":{"in_reply_to":20,"type":"broadcast_ok"}}
2024/02/25 18:59:30 Sent {"src":"n23","dest":"n12","body":{"messages":[255],"msg_id":10,"type":"broadcast"}}
2024/02/25 18:59:31 Received {n12 n23 {"messages":[221,239,230,227,229,236,217,237,220,238,235,240,241,228,245,234,222,225,244,224,243,218,231,233,219,226],"msg_id":261,"type":"broadcast"}}
2024/02/25 18:59:31 Sent {"src":"n23","dest":"n12","body":{"in_reply_to":261,"type":"broadcast_ok"}}
2024/02/25 18:59:31 Received {n12 n23 {"in_reply_to":10,"type":"broadcast_ok"}}
2024/02/25 18:59:31 Received {c73 n23 {"type":"read","msg_id":21}}
2024/02/25 18:59:31 Sent {"src":"n23","dest":"c73","body":{"in_reply_to":21,"messages":[37,55,93,30,73,57,88,200,18,35,222,233,153,234,157,87,171,69,34,75,237,154,146,19,44,63,54,80,16,71,140,192,230,104,127,183,227,17,218,90,118,89,158,148,173,8,25,53,115,172,38,59,216,207,199,24,21,186,45,22,168,232,242,42,121,160,188,210,159,164,64,49,83,76,141,204,198,51,103,117,152,201,95,178,193,67,99,165,184,20,129,145,224,40,211,236,91,114,98,189,196,12,6,50,175,197,110,208,32,68,84,235,191,206,255,26,77,136,226,46,72,65,238,13,48,180,31,28,240,245,244,147,144,36,156,194,212,14,81,116,7,96,228,190,205,219,11,1,78,108,131,130,167,229,15,74,128,41,223,213,243,33,137,155,176,113,161,195,241,43,62,163,182,215,85,82,111,119,139,122,143,187,4,61,56,102,97,29,162,101,170,209,203,239,112,126,149,166,202,5,107,105,10,58,123,174,225,151,142,86,134,181,2,60,109,214,179,220,92,120,150,0,39,79,169,106,100,132,9,27,47,52,66,185,3,94,133,125,135,124,23,138,177,231,70,221,217],"type":"read_ok"}}
2024/02/25 18:59:31 Received {c73 n23 {"type":"read","msg_id":22}}
2024/02/25 18:59:31 Sent {"src":"n23","dest":"c73","body":{"in_reply_to":22,"messages":[143,187,4,61,56,102,97,122,29,162,101,170,209,203,112,126,149,166,202,239,5,107,105,10,58,123,174,225,151,142,86,134,181,2,60,109,214,179,220,92,120,150,0,39,79,169,100,132,9,27,47,52,66,106,185,3,94,133,125,135,124,23,138,177,231,70,221,217,37,55,93,30,73,57,88,200,18,35,222,233,153,234,157,87,171,69,34,75,237,146,19,44,63,54,80,154,16,71,140,192,230,104,127,183,227,17,218,90,118,89,158,148,8,25,53,115,172,173,38,59,216,207,199,24,21,186,45,22,168,232,242,42,121,160,188,210,164,64,49,83,76,141,159,198,51,103,117,152,201,204,95,178,193,67,99,165,184,20,129,145,224,40,211,236,91,114,98,189,196,12,6,50,175,197,110,208,32,68,84,235,191,206,255,26,77,136,226,46,72,65,238,13,48,180,31,28,240,245,244,147,144,36,156,194,212,14,81,116,7,96,228,205,219,11,1,78,108,131,190,130,167,229,15,74,128,41,223,213,243,33,137,155,176,113,161,195,241,43,62,163,182,85,82,111,119,139,215],"type":"read_ok"}}
2024/02/25 18:59:31 Received {n12 n23 {"messages":[260,262,253,247,257,246,250,249,259,254,251,248,258,252,256],"msg_id":265,"type":"broadcast"}}
2024/02/25 18:59:31 Sent {"src":"n23","dest":"n12","body":{"in_reply_to":265,"type":"broadcast_ok"}}
2024/02/25 18:59:31 Received {c73 n23 {"type":"broadcast","message":293,"msg_id":23}}
2024/02/25 18:59:31 Sent {"src":"n23","dest":"c73","body":{"in_reply_to":23,"type":"broadcast_ok"}}
2024/02/25 18:59:31 Sent {"src":"n23","dest":"n12","body":{"messages":[293],"msg_id":11,"type":"broadcast"}}
2024/02/25 18:59:32 Received {n12 n23 {"messages":[266,271,268,278,272,273,267,270,280,276,263,261,274,269,265,277,264,275,279,289,300],"msg_id":295,"type":"broadcast"}}
2024/02/25 18:59:32 Sent {"src":"n23","dest":"n12","body":{"in_reply_to":295,"type":"broadcast_ok"}}
2024/02/25 18:59:32 Received {c73 n23 {"type":"broadcast","message":305,"msg_id":24}}
2024/02/25 18:59:32 Sent {"src":"n23","dest":"c73","body":{"in_reply_to":24,"type":"broadcast_ok"}}
2024/02/25 18:59:32 Received {n12 n23 {"in_reply_to":11,"type":"broadcast_ok"}}
2024/02/25 18:59:32 Received {c73 n23 {"type":"read","msg_id":25}}
2024/02/25 18:59:32 Sent {"src":"n23","dest":"c73","body":{"in_reply_to":25,"messages":[142,256,151,134,181,86,60,109,271,2,179,220,246,214,120,150,92,39,79,169,0,27,47,52,66,106,100,132,9,185,3,133,125,135,124,94,138,177,231,23,221,217,70,55,93,37,73,57,88,200,30,35,222,233,18,234,153,157,171,87,34,75,237,253,250,69,44,63,54,80,154,146,262,19,71,140,192,230,16,127,183,227,275,104,218,17,118,305,90,158,148,270,89,25,53,115,172,173,8,59,216,207,199,38,21,186,24,22,168,232,242,45,121,160,188,210,259,42,49,83,76,141,159,164,260,64,103,117,152,201,204,198,51,178,193,95,99,165,184,252,67,129,145,224,251,20,248,267,40,236,273,211,114,98,189,196,91,6,50,175,197,269,12,208,110,68,84,235,32,206,255,261,277,191,77,136,26,226,72,65,238,258,46,48,180,13,28,240,245,244,31,144,147,156,194,212,263,36,81,116,14,96,228,249,7,1,78,108,131,190,205,219,11,289,276,167,229,265,130,74,128,15,223,213,243,293,280,41,137,155,176,33,161,195,241,268,278,113,62,163,182,264,43,82,111,119,139,215,274,279,85,61,56,102,97,122,143,187,4,272,266,162,254,29,170,209,203,257,300,101,126,149,166,202,239,247,112,107,105,5,58,123,174,225,10],"type":"read_ok"}}
2024/02/25 18:59:32 Sent {"src":"n23","dest":"n12","body":{"messages":[305],"msg_id":12,"type":"broadcast"}}
2024/02/25 18:59:32 Received {n12 n23 {"messages":[302,291,286,296,284,295,297,283,301,290,288,299,287,298,282,281,294,285,292,314,328],"msg_id":325,"type":"broadcast"}}
2024/02/25 18:59:32 Sent {"src":"n23","dest":"n12","body":{"in_reply_to":325,"type":"broadcast_ok"}}
2024/02/25 18:59:32 Received {n12 n23 {"in_reply_to":12,"type":"broadcast_ok"}}
2024/02/25 18:59:32 Received {c73 n23 {"type":"broadcast","message":332,"msg_id":26}}
2024/02/25 18:59:32 Sent {"src":"n23","dest":"c73","body":{"in_reply_to":26,"type":"broadcast_ok"}}
2024/02/25 18:59:32 Received {c73 n23 {"type":"read","msg_id":27}}
2024/02/25 18:59:32 Sent {"src":"n23","dest":"c73","body":{"in_reply_to":27,"messages":[18,35,222,233,153,234,157,87,171,284,69,34,75,237,253,250,146,262,19,44,63,54,80,154,16,71,140,192,230,295,104,127,183,227,275,17,218,297,90,118,305,89,158,148,270,301,291,8,25,53,115,172,173,283,38,59,216,207,199,286,24,21,186,45,22,168,232,242,42,121,160,188,210,259,164,260,64,49,83,76,141,159,198,282,51,103,117,152,201,204,95,178,193,67,99,165,184,252,20,129,145,224,251,40,248,267,211,236,273,290,91,114,98,189,196,12,6,50,175,197,269,110,208,288,32,68,84,235,281,191,206,255,261,277,26,77,136,226,46,72,65,238,258,13,48,180,287,298,31,28,240,245,244,302,147,144,299,36,156,194,212,263,328,14,81,116,285,7,96,228,249,205,219,11,1,78,108,131,190,276,289,130,167,229,265,15,74,128,41,223,213,243,293,280,33,137,155,176,113,161,195,241,268,278,43,62,163,182,264,274,279,85,82,111,119,139,215,143,187,4,61,56,102,97,122,266,272,314,29,162,254,296,101,170,209,203,257,300,247,112,126,149,166,202,239,5,107,105,10,58,123,174,225,151,142,256,292,86,134,181,332,2,60,109,271,214,179,220,246,92,120,150,0,39,79,169,100,132,9,27,47,52,66,106,185,3,94,133,125,135,124,23,138,177,231,70,221,217,37,55,93,30,73,57,88,200,294],"type":"read_ok"}}
2024/02/25 18:59:32 Sent {"src":"n23","dest":"n12","body":{"messages":[332],"msg_id":13,"type":"broadcast"}}
2024/02/25 18:59:33 Received {n12 n23 {"messages":[303,326,316,325,309,308,322,321,307,319,312,327,313,329,311,324,317,320,318,306,310,323,315,304,344],"msg_id":342,"type":"broadcast"}}
2024/02/25 18:59:33 Sent {"src":"n23","dest":"n12","body":{"in_reply_to":342,"type":"broadcast_ok"}}
2024/02/25 18:59:33 Received {n12 n23 {"in_reply_to":13,"type":"broadcast_ok"}}
2024/02/25 18:59:33 Received {c73 n23 {"type":"broadcast","message":360,"msg_id":28}}
2024/02/25 18:59:33 Sent {"src":"n23","dest":"c73","body":{"in_reply_to":28,"type":"broadcast_ok"}}
2024/02/25 18:59:33 Received {c73 n23 {"type":"read","msg_id":29}}
2024/02/25 18:59:33 Sent {"src":"n23","dest":"c73","body":{"in_reply_to":29,"messages":[215,274,279,85,82,111,119,139,316,122,143,187,4,61,56,102,97,266,272,314,326,29,162,254,296,300,101,170,209,203,257,239,247,112,126,149,166,202,5,107,105,306,10,58,123,174,225,151,142,256,292,86,134,181,332,2,60,109,271,214,179,220,246,92,120,150,0,39,79,169,106,100,132,9,27,47,52,66,185,307,3,94,133,125,135,124,23,138,177,231,70,221,217,37,55,93,303,294,30,73,57,88,200,18,35,222,233,153,234,344,157,87,171,284,324,250,69,34,75,237,253,154,146,262,19,44,63,54,80,295,304,16,71,140,192,230,104,127,183,227,275,17,218,297,90,118,305,89,158,148,270,301,173,291,8,25,53,115,172,286,283,323,38,59,216,207,199,360,24,21,186,309,329,311,45,22,168,232,242,259,42,121,160,188,210,159,164,260,64,49,83,76,141,204,198,282,51,103,117,152,201,95,178,193,67,99,165,184,252,313,320,20,129,145,224,251,40,248,267,211,236,273,290,91,114,98,189,196,269,12,6,50,175,197,110,208,288,32,68,84,235,281,321,191,206,255,261,277,26,77,136,226,46,72,65,238,258,13,48,180,287,302,298,319,31,28,240,245,244,147,144,299,328,325,36,156,194,212,263,14,81,116,285,7,96,228,249,315,190,205,219,11,1,78,108,131,276,289,312,317,130,167,229,265,15,74,128,280,310,41,223,213,243,293,33,137,155,176,322,278,308,327,113,161,195,241,268,318,43,62,163,182,264],"type":"read_ok"}}
2024/02/25 18:59:33 Sent {"src":"n23","dest":"n12","body":{"messages":[360],"msg_id":14,"type":"broadcast"}}
2024/02/25 18:59:33 Received {n12 n23 {"messages":[341,331,348,330,337,340,349,336,334,342,346,345,347,335,351,339,333,350,338,343,356],"msg_id":361,"type":"broadcast"}}
2024/02/25 18:59:33 Sent {"src":"n23","dest":"n12","body":{"in_reply_to":361,"type":"broadcast_ok"}}
2024/02/25 18:59:33 Received {n12 n23 {"in_reply_to":14,"type":"broadcast_ok"}}
2024/02/25 18:59:33 Received {c73 n23 {"type":"read","msg_id":30}}
2024/02/25 18:59:33 Sent {"src":"n23","dest":"c73","body":{"in_reply_to":30,"messages":[335,91,114,98,189,196,331,12,6,50,175,197,269,110,208,288,347,348,32,68,84,235,281,341,191,206,255,261,277,321,26,77,136,342,351,339,226,46,72,65,238,258,13,48,180,287,298,319,31,28,240,245,244,302,147,144,299,325,36,156,194,212,263,328,14,81,116,285,7,96,228,249,315,330,205,219,11,1,78,108,131,190,276,289,312,317,130,167,229,265,15,74,128,310,41,223,213,243,293,280,33,137,155,176,322,308,327,113,161,195,241,268,278,318,337,43,62,163,182,264,274,279,85,82,111,119,139,215,316,143,187,4,61,56,102,97,122,266,272,314,326,338,29,162,254,296,101,170,209,203,257,300,247,350,112,126,149,166,202,239,5,107,105,306,10,58,123,174,225,151,142,256,292,86,134,181,332,349,346,2,60,109,271,214,179,220,246,92,120,150,334,0,39,79,169,100,132,9,27,47,52,66,106,185,307,3,333,94,133,125,135,124,23,138,177,231,70,221,217,37,55,93,303,356,30,73,57,88,200,294,18,35,222,233,153,234,344,157,87,171,284,324,69,34,75,237,253,250,146,262,19,44,63,54,80,154,304,16,71,140,192,230,295,104,127,183,227,275,17,218,297,90,118,305,89,158,148,270,301,291,343,8,25,53,115,172,173,283,323,38,59,216,207,199,286,24,21,186,309,329,360,45,22,168,232,242,311,340,42,121,160,188,210,259,164,260,64,49,83,76,141,159,345,198,282,51,103,117,152,201,204,95,178,193,67,99,165,184,252,320,20,129,145,224,251,313,40,248,267,336,211,236,273,290],"type":"read_ok"}}
2024/02/25 18:59:34 Received {n12 n23 {"messages":[370,358,371,359,354,364,361,369,355,365,362,366,352,363,367,373,353,372,357,368],"msg_id":388,"type":"broadcast"}}
2024/02/25 18:59:34 Received {c73 n23 {"type":"broadcast","message":398,"msg_id":31}}
2024/02/25 18:59:34 Sent {"src":"n23","dest":"n12","body":{"in_reply_to":388,"type":"broadcast_ok"}}
2024/02/25 18:59:34 Sent {"src":"n23","dest":"c73","body":{"in_reply_to":31,"type":"broadcast_ok"}}
2024/02/25 18:59:34 Received {c73 n23 {"type":"broadcast","message":414,"msg_id":32}}
2024/02/25 18:59:34 Sent {"src":"n23","dest":"c73","body":{"in_reply_to":32,"type":"broadcast_ok"}}
2024/02/25 18:59:34 Sent {"src":"n23","dest":"n12","body":{"messages":[398,414],"msg_id":15,"type":"broadcast"}}
2024/02/25 18:59:34 Received {n12 n23 {"messages":[387,397,376,378,389,390,379,393,377,384,374,391,375,386,381,383,396,382,395,380,394,388,385,392,424],"msg_id":431,"type":"broadcast"}}
2024/02/25 18:59:34 Received {c73 n23 {"type":"read","msg_id":33}}
2024/02/25 18:59:34 Sent {"src":"n23","dest":"n12","body":{"in_reply_to":431,"type":"broadcast_ok"}}
2024/02/25 18:59:34 Sent {"src":"n23","dest":"c73","body":{"in_reply_to":33,"messages":[34,75,237,253,250,69,44,63,54,80,154,146,262,19,352,368,369,71,140,192,230,295,304,16,127,183,227,275,104,218,297,17,118,305,365,366,90,158,148,270,301,391,89,25,53,115,172,173,291,343,8,59,216,207,199,286,283,323,38,21,186,309,329,360,24,22,168,232,242,311,45,121,160,188,210,259,340,42,49,83,76,141,159,164,260,64,345,103,117,152,201,204,198,282,51,178,193,95,99,165,184,252,67,129,145,224,251,313,320,20,248,267,336,414,40,236,273,290,393,386,211,114,98,189,196,331,335,384,91,6,50,175,197,269,359,395,12,208,288,347,364,110,68,84,235,281,341,348,370,32,206,255,261,277,321,378,191,77,136,342,351,339,389,382,26,396,226,72,65,238,258,46,48,180,287,372,13,28,240,245,244,302,298,319,31,424,144,299,147,156,194,212,263,328,325,36,81,116,285,14,96,228,249,315,330,7,1,78,108,131,190,205,219,11,289,312,317,371,363,373,374,276,167,229,265,397,376,388,130,74,128,15,223,213,243,293,280,310,354,41,137,155,176,322,33,161,195,241,268,278,308,327,113,337,357,318,62,163,182,264,381,43,82,111,119,139,215,274,279,85,392,316,61,56,102,97,122,143,187,4,272,314,326,338,390,266,162,254,296,29,170,209,203,257,300,101,126,149,166,202,239,247,350,112,377,107,105,306,398,5,58,123,174,225,361,10,142,256,292,151,134,181,332,349,346,86,60,109,271,387,2,179,220,246,214,120,150,334,358,362,92,39,79,169,353,0,27,47,52,66,106,100,132,9,307,185,333,379,3,133,125,135,124,94,138,177,231,367,23,221,217,70,55,93,303,356,385,37,73,57,88,200,294,380,30,35,222,233,375,18,234,344,153,394,157,171,284,324,355,383,87],"type":"read_ok"}}
2024/02/25 18:59:34 Received {n12 n23 {"in_reply_to":15,"type":"broadcast_ok"}}
2024/02/25 18:59:34 Received {c73 n23 {"type":"broadcast","message":445,"msg_id":34}}
2024/02/25 18:59:34 Sent {"src":"n23","dest":"c73","body":{"in_reply_to":34,"type":"broadcast_ok"}}
2024/02/25 18:59:34 Sent {"src":"n23","dest":"n12","body":{"messages":[445],"msg_id":16,"type":"broadcast"}}
2024/02/25 18:59:35 Received {n12 n23 {"messages":[409,411,404,421,412,419,401,403,420,399,415,416,402,410,405,425,423,422,406,407,400,418,413,417,408],"msg_id":450,"type":"broadcast"}}
2024/02/25 18:59:35 Sent {"src":"n23","dest":"n12","body":{"in_reply_to":450,"type":"broadcast_ok"}}
2024/02/25 18:59:35 Received {n12 n23 {"in_reply_to":16,"type":"broadcast_ok"}}
2024/02/25 18:59:35 Received {c73 n23 {"type":"read","msg_id":35}}
2024/02/25 18:59:35 Sent {"src":"n23","dest":"c73","body":{"in_reply_to":35,"messages":[94,133,23,231,367,217,55,303,356,57,88,200,18,35,222,233,234,344,394,421,87,171,284,34,237,250,352,408,63,54,80,154,262,295,304,192,230,104,127,17,218,297,90,305,365,89,158,270,301,25,53,115,172,291,323,38,216,199,286,283,24,186,309,360,425,422,45,22,168,242,311,42,210,64,83,76,164,345,51,103,204,198,401,178,193,67,99,165,184,252,20,145,224,251,40,267,414,273,393,386,331,384,114,98,196,420,359,395,12,175,197,110,208,288,364,341,370,235,281,191,206,255,261,277,339,389,382,26,77,342,65,238,372,298,31,240,424,404,325,36,156,194,212,14,81,116,285,228,249,190,205,219,1,108,363,276,312,130,167,397,376,388,15,310,41,223,213,176,417,405,161,241,308,327,318,381,43,62,163,182,215,279,85,82,111,316,187,4,61,390,266,272,326,29,162,254,101,257,112,126,149,166,105,10,58,174,225,151,292,410,346,419,134,181,349,2,60,109,271,387,214,179,220,246,150,358,39,169,353,106,132,9,27,47,66,185,3,379,125,135,124,138,177,70,221,385,37,93,294,380,30,73,375,153,416,157,383,324,355,69,75,253,400,19,44,146,369,368,16,71,140,183,227,275,415,423,411,118,366,148,391,8,173,343,59,207,21,329,232,121,160,188,259,340,49,141,159,260,117,152,201,282,95,445,129,313,320,412,248,336,211,236,290,335,91,189,269,6,50,347,348,32,68,84,321,378,136,351,226,396,46,72,258,13,48,180,287,302,319,28,245,244,147,144,299,328,263,330,7,96,315,11,78,131,373,374,289,317,371,229,265,413,74,128,280,354,243,293,409,33,137,155,322,406,357,403,113,195,268,278,337,264,274,119,139,392,122,143,56,102,97,314,338,296,300,170,209,203,239,247,350,202,377,5,107,306,398,361,123,142,256,86,332,362,92,120,334,0,79,399,402,407,100,52,307,333,418],"type":"read_ok"}}
2024/02/25 18:59:35 Received {c73 n23 {"type":"broadcast","message":469,"msg_id":36}}
2024/02/25 18:59:35 Sent {"src":"n23","dest":"c73","body":{"in_reply_to":36,"type":"broadcast_ok"}}
2024/02/25 18:59:35 Sent {"src":"n23","dest":"n12","body":{"messages":[469],"msg_id":17,"type":"broadcast"}}
2024/02/25 18:59:35 Received {n12 n23 {"messages":[452,440,436,427,442,433,430,437,438,431,446,429,444,426,441,432,447,428,443,439,434,435,462],"msg_id":467,"type":"broadcast"}}
2024/02/25 18:59:35 Sent {"src":"n23","dest":"n12","body":{"in_reply_to":467,"type":"broadcast_ok"}}
2024/02/25 18:59:35 Received {n12 n23 {"in_reply_to":17,"type":"broadcast_ok"}}
2024/02/25 18:59:35 Received {c73 n23 {"type":"read","msg_id":37}}
2024/02/25 18:59:35 Sent {"src":"n23","dest":"c73","body":{"in_reply_to":37,"messages":[383,324,355,69,75,253,400,430,19,44,146,369,368,16,71,140,433,183,227,275,415,423,118,366,411,436,148,391,8,173,343,59,207,446,21,329,469,232,121,160,188,259,340,49,141,159,260,117,152,201,282,95,445,129,313,320,412,442,248,336,211,236,290,91,189,335,447,6,50,269,347,32,68,84,348,321,378,136,351,226,396,426,46,72,258,13,48,180,287,428,28,245,244,302,319,147,144,299,434,263,328,7,96,315,330,371,373,374,11,78,131,289,317,229,265,413,74,128,243,293,280,354,409,33,137,155,322,406,357,403,113,195,268,278,337,264,119,139,274,392,314,338,56,102,97,122,143,296,170,209,203,300,202,239,247,350,377,5,107,306,398,123,361,142,256,86,332,362,92,120,334,0,79,399,402,407,52,100,307,333,418,94,133,23,231,367,217,55,303,356,57,88,200,438,18,35,222,233,234,344,394,421,87,171,284,34,237,250,352,408,63,54,80,154,262,192,230,295,304,443,104,127,17,218,297,429,444,90,305,365,89,158,270,301,25,53,115,172,291,323,38,216,199,286,283,24,186,309,360,425,422,45,22,168,242,311,42,210,64,83,76,164,345,51,103,204,198,401,178,193,440,437,67,99,165,184,252,20,145,224,251,40,267,414,273,393,386,432,420,114,98,196,331,384,12,175,197,359,395,110,208,288,364,439,235,281,341,370,452,191,206,255,261,277,382,26,77,342,339,389,65,238,372,31,240,298,424,404,36,156,194,212,325,14,81,116,285,228,249,276,312,363,1,108,190,205,219,130,167,397,376,388,15,41,223,213,310,431,176,417,405,161,241,308,327,318,43,62,163,182,381,316,85,82,111,215,279,326,390,4,61,187,266,272,29,162,254,101,257,462,112,126,149,166,427,105,10,58,174,225,435,151,292,410,134,181,349,346,419,2,60,109,271,387,214,179,220,246,150,358,39,169,353,132,185,441,9,27,47,66,106,3,379,125,135,124,138,177,70,221,385,37,93,30,73,294,380,375,153,416,157],"type":"read_ok"}}
2024/02/25 18:59:35 Received {c73 n23 {"type":"read","msg_id":38}}
2024/02/25 18:59:35 Sent {"src":"n23","dest":"c73","body":{"in_reply_to":38,"messages":[69,75,253,400,430,19,44,146,369,368,16,71,140,433,183,227,275,415,423,118,366,411,436,148,391,8,173,343,59,207,446,21,329,469,232,121,160,188,259,340,49,141,159,260,117,152,201,282,95,445,129,313,320,412,442,248,336,211,236,290,91,189,335,447,6,50,269,347,32,68,84,348,321,378,136,351,226,396,426,46,72,258,13,48,180,287,428,28,245,244,302,319,147,144,299,434,263,328,7,96,315,330,11,78,131,289,317,371,373,374,229,265,413,74,128,243,293,280,354,409,33,137,155,322,406,113,195,268,278,337,357,403,264,119,139,274,392,56,102,97,122,143,314,338,296,170,209,203,300,202,239,247,350,377,5,107,306,398,123,361,142,256,86,332,92,120,334,362,0,79,399,402,407,52,100,307,333,418,94,133,23,231,367,217,55,303,356,57,88,200,438,18,35,222,233,234,344,394,421,87,171,284,34,237,250,63,54,80,154,262,352,408,192,230,295,304,443,104,127,17,218,297,429,444,90,305,365,89,158,270,301,25,53,115,172,291,38,216,199,286,283,323,24,186,309,360,425,45,22,168,242,311,422,42,210,64,83,76,164,345,51,103,204,198,401,178,193,440,437,67,99,165,184,252,20,145,224,251,40,267,414,273,393,386,432,114,98,196,331,384,420,12,175,197,359,395,110,208,288,364,439,235,281,341,370,452,191,206,255,261,277,26,77,342,339,389,382,65,238,372,31,240,298,424,404,36,156,194,212,325,14,81,116,285,228,249,1,108,190,205,219,276,312,363,130,167,397,376,388,15,41,223,213,310,431,176,417,161,241,308,327,318,405,43,62,163,182,381,85,82,111,215,279,316,4,61,187,266,272,326,390,29,162,254,101,257,462,112,126,149,166,427,105,10,58,174,225,435,151,292,410,134,181,349,346,419,2,60,109,271,387,214,179,220,246,150,358,39,169,353,9,27,47,66,106,132,185,441,3,379,125,135,124,138,177,70,221,37,93,385,30,73,294,380,375,153,416,157,324,355,383],"type":"read_ok"}}
2024/02/25 18:59:36 Received {n12 n23 {"messages":[456,468,466,450,457,458,449,460,451,454,461,459,463,453,464,455,467,465,448,470],"msg_id":504,"type":"broadcast"}}
2024/02/25 18:59:36 Sent {"src":"n23","dest":"n12","body":{"in_reply_to":504,"type":"broadcast_ok"}}
2024/02/25 18:59:36 Received {c73 n23 {"type":"broadcast","message":512,"msg_id":39}}
2024/02/25 18:59:36 Sent {"src":"n23","dest":"c73","body":{"in_reply_to":39,"type":"broadcast_ok"}}
2024/02/25 18:59:36 Received {c73 n23 {"type":"read","msg_id":40}}
2024/02/25 18:59:36 Sent {"src":"n23","dest":"c73","body":{"in_reply_to":40,"messages":[153,416,157,324,355,383,449,454,69,75,253,400,430,19,44,146,369,368,16,71,140,433,183,227,275,415,423,118,366,411,436,148,391,8,173,343,59,207,446,21,329,469,512,232,450,451,464,470,121,160,188,259,340,49,141,159,260,117,152,201,282,95,445,129,313,320,412,442,248,336,211,236,290,91,189,335,447,6,50,269,347,32,68,84,348,321,378,136,351,226,396,426,46,72,258,13,48,180,287,428,28,245,244,302,319,147,144,299,434,263,328,7,96,315,330,371,373,374,11,78,131,289,317,229,265,413,74,128,466,243,293,280,354,409,33,137,155,322,406,357,403,113,195,268,278,337,264,460,459,119,139,274,392,455,314,338,56,102,97,122,143,296,170,209,203,300,202,239,247,350,377,5,107,306,398,123,361,457,461,142,256,86,332,92,120,334,362,0,79,399,402,407,52,100,307,333,418,94,133,23,231,367,217,55,303,356,57,88,200,438,18,35,222,233,467,234,344,394,421,87,171,284,448,34,237,250,352,408,63,54,80,154,262,192,230,295,304,443,104,127,17,218,297,429,444,90,305,365,456,89,158,270,301,25,53,115,172,291,323,38,216,199,286,283,24,186,309,360,425,422,45,22,168,242,311,42,210,64,83,76,164,345,51,103,204,198,401,178,193,440,437,67,99,165,184,252,20,145,224,251,40,267,414,453,273,393,386,432,463,420,114,98,196,331,384,12,175,197,359,395,110,208,288,364,439,235,281,341,370,452,191,206,255,261,277,382,468,465,26,77,342,339,389,65,238,372,31,240,298,424,404,36,156,194,212,325,14,81,116,285,228,249,276,312,363,1,108,190,205,219,130,167,397,376,388,15,41,223,213,310,431,176,417,405,161,241,308,327,318,43,62,163,182,381,316,85,82,111,215,279,326,390,458,4,61,187,266,272,29,162,254,101,257,462,112,126,149,166,427,105,10,58,174,225,435,151,292,410,134,181,349,346,419,2,60,109,271,387,214,179,220,246,150,358,39,169,353,132,185,441,9,27,47,66,106,3,379,125,135,124,138,177,70,221,37,93,385,30,73,294,380,375],"type":"read_ok"}}
2024/02/25 18:59:36 Sent {"src":"n23","dest":"n12","body":{"messages":[512],"msg_id":18,"type":"broadcast"}}
2024/02/25 18:59:36 Received {n12 n23 {"messages":[483,496,507,477,490,482,494,473,487,501,486,476,489,471,498,499,493,478,491,475,488,480,492,481,472,485,500,484,479,495,497,474,519],"msg_id":509,"type":"broadcast"}}
2024/02/25 18:59:36 Sent {"src":"n23","dest":"n12","body":{"in_reply_to":509,"type":"broadcast_ok"}}
2024/02/25 18:59:36 Received {n12 n23 {"in_reply_to":18,"type":"broadcast_ok"}}
2024/02/25 18:59:36 Received {c73 n23 {"type":"broadcast","message":540,"msg_id":41}}
2024/02/25 18:59:36 Sent {"src":"n23","dest":"c73","body":{"in_reply_to":41,"type":"broadcast_ok"}}
2024/02/25 18:59:36 Received {c73 n23 {"type":"read","msg_id":42}}
2024/02/25 18:59:36 Sent {"src":"n23","dest":"c73","body":{"in_reply_to":42,"messages":[394,421,490,448,87,171,284,34,237,250,154,262,352,408,496,63,54,80,304,443,192,230,295,104,127,429,444,17,218,297,456,90,305,365,301,89,158,270,172,291,25,53,115,286,283,323,38,216,199,360,425,24,186,309,242,311,422,477,45,22,168,42,210,164,345,64,83,76,198,401,51,103,204,437,491,178,193,440,184,252,473,478,67,99,165,251,20,145,224,453,482,40,267,414,432,463,273,393,386,331,384,420,114,98,196,359,395,12,175,197,364,439,519,110,208,288,370,452,235,281,341,261,277,191,206,255,339,389,382,468,465,26,77,342,65,238,476,372,424,404,31,240,298,212,325,36,156,194,285,14,81,116,228,249,205,219,276,312,363,1,108,190,376,388,130,167,397,15,310,431,497,41,223,213,176,417,493,327,318,405,485,161,241,308,182,381,43,62,163,215,279,316,85,82,111,266,272,326,390,458,4,61,187,487,29,162,254,501,101,257,462,166,427,474,112,126,149,105,225,435,500,10,58,174,498,151,292,410,346,419,134,181,349,271,387,2,60,109,246,214,179,220,150,358,489,39,169,353,66,106,132,185,441,9,27,47,483,3,379,507,125,135,124,484,138,177,486,70,221,37,93,385,380,30,73,294,375,153,416,157,499,481,449,454,324,355,383,400,430,69,75,253,369,368,19,44,146,433,472,16,71,140,415,423,183,227,275,495,436,118,366,411,148,391,8,173,343,59,207,446,512,21,329,469,464,232,450,451,259,340,470,121,160,188,260,49,141,159,282,492,117,152,201,95,445,412,442,129,313,320,248,336,211,236,290,447,91,189,335,475,6,50,269,347,348,32,68,84,321,378,479,136,351,226,396,426,46,72,258,287,428,471,13,48,180,302,319,28,245,244,434,147,144,299,263,328,540,330,7,96,315,289,317,371,373,374,11,78,131,229,265,413,74,128,354,409,466,243,293,280,322,406,33,137,155,278,337,357,403,113,195,268,264,460,459,392,455,119,139,274,122,143,314,338,488,56,102,97,296,300,170,209,203,350,377,202,239,247,398,5,107,306,461,494,123,361,457,142,256,86,332,480,362,92,120,334,402,407,0,79,399,52,100,307,333,418,94,133,23,231,367,217,55,303,356,438,57,88,200,233,467,18,35,222,234,344],"type":"read_ok"}}
2024/02/25 18:59:36 Sent {"src":"n23","dest":"n12","body":{"messages":[540],"msg_id":19,"type":"broadcast"}}
2024/02/25 18:59:37 Received {n12 n23 {"messages":[522,524,514,503,516,533,526,505,517,508,502,527,520,510,523,504,511,506,518,525,513,515,509,521],"msg_id":543,"type":"broadcast"}}
2024/02/25 18:59:37 Sent {"src":"n23","dest":"n12","body":{"in_reply_to":543,"type":"broadcast_ok"}}
2024/02/25 18:59:37 Received {n12 n23 {"in_reply_to":19,"type":"broadcast_ok"}}
2024/02/25 18:59:37 Received {c73 n23 {"type":"read","msg_id":43}}
2024/02/25 18:59:37 Sent {"src":"n23","dest":"c73","body":{"in_reply_to":43,"messages":[413,229,265,74,128,280,354,409,466,243,293,155,322,406,33,137,268,278,337,357,403,113,195,459,264,460,274,392,455,119,139,97,122,143,314,338,488,56,102,296,203,300,170,209,247,350,377,202,239,306,398,5,107,457,461,494,509,123,361,142,256,86,332,480,334,362,92,120,399,402,407,0,79,307,520,52,100,333,418,94,133,367,23,231,217,356,55,303,200,438,510,57,88,222,233,467,18,35,234,344,490,505,394,421,284,448,87,171,250,34,237,80,154,262,352,408,496,63,54,295,304,443,192,230,104,127,297,429,444,17,218,365,456,525,90,305,270,301,89,158,115,172,291,25,53,199,286,283,323,526,38,216,309,360,425,24,186,168,242,311,422,477,45,22,42,210,76,164,345,64,83,204,198,401,51,103,440,437,491,521,178,193,165,184,252,473,478,67,99,224,251,20,145,414,453,482,40,267,386,432,463,273,393,196,331,384,420,114,98,197,359,395,12,175,288,364,439,519,110,208,341,370,452,235,281,255,261,277,191,206,342,339,389,382,468,465,26,77,476,65,238,372,298,424,404,506,31,240,523,511,194,212,325,514,36,156,116,285,14,81,533,517,228,249,190,205,219,276,312,363,1,108,397,376,388,130,167,15,213,310,431,497,41,223,493,176,417,308,327,318,405,485,161,241,163,182,381,43,62,111,215,279,316,85,82,187,266,272,326,390,458,4,61,487,254,29,162,462,501,101,257,149,166,427,474,112,126,105,174,225,435,500,10,58,410,498,151,292,349,346,419,134,181,109,271,387,2,60,220,246,214,179,489,150,358,353,39,169,47,66,106,132,185,441,9,27,483,3,379,124,507,524,125,135,486,484,138,177,522,70,221,385,37,93,294,380,30,73,375,516,153,416,481,502,157,499,383,449,454,513,324,355,253,400,430,69,75,146,369,368,19,44,140,433,472,518,16,71,275,415,423,183,227,495,411,436,118,366,148,391,343,504,8,173,446,59,207,469,512,508,21,329,451,464,232,450,188,259,340,470,121,160,159,260,49,141,201,282,492,117,152,95,445,320,412,442,129,313,248,336,290,211,236,335,447,91,189,269,475,6,50,347,84,348,32,68,479,515,321,378,136,351,426,226,396,258,503,46,72,180,287,428,471,527,13,48,244,302,319,28,245,299,434,147,144,540,263,328,315,330,7,96,131,289,317,371,373,374,11,78],"type":"read_ok"}}
2024/02/25 18:59:37 Received {n12 n23 {"messages":[550,536,530,537,551,528,545,542,534,539,531,548,538,544,543,535,529,546,532,549,547,541,562,573],"msg_id":569,"type":"broadcast"}}
2024/02/25 18:59:37 Received {c73 n23 {"type":"broadcast","message":578,"msg_id":44}}
2024/02/25 18:59:37 Sent {"src":"n23","dest":"n12","body":{"in_reply_to":569,"type":"broadcast_ok"}}
2024/02/25 18:59:37 Sent {"src":"n23","dest":"c73","body":{"in_reply_to":44,"type":"broadcast_ok"}}
2024/02/25 18:59:37 Received {c73 n23 {"type":"read","msg_id":45}}
2024/02/25 18:59:37 Sent {"src":"n23","dest":"c73","body":{"in_reply_to":45,"messages":[235,281,341,370,452,191,206,255,261,277,382,468,465,26,77,342,339,389,546,65,238,476,562,372,506,31,240,298,424,404,523,511,514,36,156,194,212,325,14,81,116,285,228,249,533,517,276,312,363,1,108,190,205,219,130,167,397,376,388,15,497,41,223,213,310,431,176,417,493,405,485,161,241,308,327,318,43,62,163,182,381,316,545,85,82,111,215,279,326,390,458,4,61,187,266,272,487,29,162,254,101,257,462,501,474,549,112,126,149,166,427,105,578,500,10,58,174,225,435,151,292,410,498,134,181,349,346,419,2,60,109,271,387,214,179,220,246,150,358,489,39,169,353,132,185,441,9,27,47,66,106,483,3,379,125,135,124,507,524,138,177,486,484,70,221,522,37,93,385,30,73,294,380,375,516,153,416,157,499,481,502,513,324,355,383,449,454,69,75,253,400,430,19,44,146,369,368,518,16,71,140,433,472,550,183,227,275,415,423,495,118,366,411,436,148,391,8,173,343,504,59,207,446,21,329,469,512,508,232,450,451,464,470,121,160,188,259,340,49,141,159,260,117,152,201,282,492,95,445,542,532,129,313,320,412,442,248,336,543,211,236,290,91,189,335,447,6,50,269,475,347,32,68,84,348,321,378,479,515,136,351,544,226,396,426,46,72,258,503,471,527,13,48,180,287,428,28,245,244,302,319,147,144,299,434,263,328,540,7,96,315,330,371,373,374,11,78,131,289,317,229,265,413,551,74,128,466,538,243,293,280,354,409,33,137,155,322,406,357,403,113,195,268,278,337,264,460,459,531,119,139,274,392,455,314,338,488,56,102,97,122,143,296,170,209,203,300,530,202,239,247,350,377,5,107,306,398,509,123,361,457,461,494,142,256,86,332,480,92,120,334,362,0,79,399,402,407,52,100,307,520,333,418,94,133,23,231,367,217,535,55,303,356,537,57,88,200,438,510,541,18,35,222,233,467,234,344,394,421,490,505,547,87,171,284,448,528,34,237,250,352,408,496,63,54,80,154,262,534,192,230,295,304,443,104,127,17,218,297,429,444,539,90,305,365,456,525,89,158,270,301,529,25,53,115,172,291,323,526,38,216,199,286,283,24,186,309,360,425,422,477,45,22,168,242,311,42,210,64,83,76,164,345,51,103,204,198,401,521,536,178,193,440,437,491,473,478,548,67,99,165,184,252,20,145,224,251,573,40,267,414,453,482,273,393,386,432,463,420,114,98,196,331,384,12,175,197,359,395,519,110,208,288,364,439],"type":"read_ok"}}
2024/02/25 18:59:37 Sent {"src":"n23","dest":"n12","body":{"messages":[578],"msg_id":20,"type":"broadcast"}}
2024/02/25 18:59:38 Received {n12 n23 {"messages":[564,556,555,559,560,558,571,553,569,552,568,567,566,561,554,565,574,557,570,572,563],"msg_id":593,"type":"broadcast"}}
2024/02/25 18:59:38 Received {c73 n23 {"type":"read","msg_id":46}}
2024/02/25 18:59:38 Sent {"src":"n23","dest":"n12","body":{"in_reply_to":593,"type":"broadcast_ok"}}
2024/02/25 18:59:38 Sent {"src":"n23","dest":"c73","body":{"in_reply_to":46,"messages":[62,163,182,381,43,82,111,215,279,316,545,85,61,187,266,272,326,390,458,4,487,162,254,560,29,257,462,501,101,126,149,166,427,474,549,112,578,105,58,174,225,435,500,10,292,410,498,151,181,349,346,419,134,60,109,271,387,2,179,220,246,214,358,489,150,169,353,39,27,47,66,106,132,185,441,9,483,379,3,135,124,507,524,125,177,486,484,138,221,522,70,93,385,553,37,73,294,380,30,516,561,375,416,153,499,481,502,157,355,383,449,454,513,324,75,253,400,430,69,44,146,369,368,19,71,140,433,472,518,16,227,275,415,423,550,183,495,366,411,436,118,391,148,173,343,504,8,207,446,59,329,469,512,508,21,450,451,464,232,160,188,259,340,470,563,121,141,159,260,49,152,201,282,492,571,117,559,95,542,445,313,320,412,442,532,129,336,543,248,236,290,211,189,335,447,91,50,269,475,6,347,68,84,348,32,378,479,515,321,351,544,136,396,426,226,72,258,503,46,48,180,287,428,471,527,13,245,244,302,319,552,28,144,299,434,147,328,540,263,96,315,330,7,78,131,289,317,371,373,374,11,265,413,551,229,128,572,74,293,280,354,409,466,538,566,243,137,155,322,406,33,195,268,278,337,357,403,113,460,459,531,558,264,139,274,392,455,119,102,97,122,143,314,338,488,56,296,209,203,300,170,239,247,350,377,530,202,107,306,398,5,361,457,461,494,509,554,123,256,142,332,86,480,120,334,362,92,79,399,402,407,569,0,100,307,520,52,418,333,133,94,231,367,23,535,217,303,356,55,88,200,438,510,537,57,35,222,233,467,541,18,344,234,421,490,505,547,568,394,171,284,448,528,87,237,250,564,555,34,54,80,154,262,352,408,496,63,230,295,304,443,534,192,127,104,218,297,429,444,570,17,305,365,456,525,539,90,158,270,301,89,53,115,172,291,529,25,216,199,286,283,323,526,38,186,309,360,425,24,22,168,242,311,422,477,45,210,556,42,83,76,164,345,64,103,204,198,401,51,193,440,437,491,521,536,178,99,165,184,252,473,478,548,67,557,145,224,251,20,267,414,453,482,573,40,393,386,432,463,273,98,196,331,384,420,567,114,175,197,359,395,12,208,288,364,439,519,110,281,341,370,452,235,206,255,261,277,191,77,342,339,389,382,468,465,26,546,238,476,562,65,372,240,298,424,404,506,31,511,523,156,194,212,325,514,36,81,116,285,574,14,249,533,517,228,108,190,205,219,276,312,363,1,167,397,376,388,130,15,223,213,310,431,497,41,417,493,176,241,308,327,318,405,485,565,161],"type":"read_ok"}}
2024/02/25 18:59:38 Received {n12 n23 {"in_reply_to":20,"type":"broadcast_ok"}}
2024/02/25 18:59:38 Received {c73 n23 {"type":"broadcast","message":615,"msg_id":47}}
2024/02/25 18:59:38 Sent {"src":"n23","dest":"c73","body":{"in_reply_to":47,"type":"broadcast_ok"}}
2024/02/25 18:59:38 Sent {"src":"n23","dest":"n12","body":{"messages":[615],"msg_id":21,"type":"broadcast"}}
2024/02/25 18:59:38 Received {n12 n23 {"messages":[587,600,575,588,584,582,595,583,581,594,598,592,597,577,586,591,585,599,579,590,580,593,596,576,589,610],"msg_id":610,"type":"broadcast"}}
2024/02/25 18:59:38 Sent {"src":"n23","dest":"n12","body":{"in_reply_to":610,"type":"broadcast_ok"}}
2024/02/25 18:59:38 Received {n12 n23 {"in_reply_to":21,"type":"broadcast_ok"}}
2024/02/25 18:59:38 Received {c73 n23 {"type":"read","msg_id":48}}
2024/02/25 18:59:38 Sent {"src":"n23","dest":"c73","body":{"in_reply_to":48,"messages":[392,455,119,139,274,122,143,314,338,488,56,102,97,296,300,170,209,203,350,377,530,596,202,239,247,398,5,107,306,461,494,509,554,123,361,457,142,256,577,86,332,480,586,362,92,120,334,402,407,569,0,79,399,520,52,100,307,333,418,94,133,583,23,231,367,217,535,610,55,303,356,438,510,537,57,88,200,233,467,541,18,35,222,234,344,505,547,568,584,394,421,490,448,528,594,87,171,284,564,555,34,237,250,154,262,352,408,496,63,54,80,304,443,534,192,230,295,104,127,429,444,570,17,218,297,456,525,539,90,305,365,301,89,158,270,172,291,529,25,53,115,286,283,323,526,38,216,199,360,425,580,24,186,309,242,311,422,477,45,22,168,42,210,556,164,345,64,83,76,198,401,51,103,204,437,491,521,536,595,178,193,440,184,252,473,478,548,67,99,165,557,588,251,20,145,224,453,482,573,40,267,414,432,463,273,393,386,331,384,420,567,114,98,196,359,395,585,12,175,197,364,439,519,587,110,208,288,370,452,235,281,341,261,277,191,206,255,339,389,382,468,465,26,77,342,546,562,65,238,476,372,424,404,506,31,240,298,523,511,212,325,514,36,156,194,285,574,14,81,116,517,228,249,533,205,219,276,312,363,1,108,190,589,376,388,130,167,397,15,310,431,497,41,223,213,176,417,493,327,318,405,485,565,161,241,308,182,381,43,62,163,215,279,316,545,85,82,111,266,272,326,390,458,4,61,187,487,560,29,162,254,501,101,257,462,166,427,474,549,112,126,149,105,578,225,435,500,10,58,174,498,151,292,410,346,419,134,181,349,271,387,2,60,109,246,214,179,220,150,358,489,615,39,169,353,66,106,132,185,441,9,27,47,483,3,379,507,524,125,135,124,484,575,138,177,486,70,221,522,553,37,93,385,380,30,73,294,579,375,516,561,153,416,502,157,499,481,449,454,513,324,355,383,400,430,69,75,253,369,368,19,44,146,433,472,518,16,71,140,415,423,550,183,227,275,495,436,118,366,411,148,391,504,582,581,8,173,343,598,59,207,446,512,508,21,329,469,464,590,232,450,451,259,340,470,563,121,160,188,260,49,141,159,282,492,571,117,152,201,95,559,445,542,412,442,532,129,313,320,248,336,543,211,236,290,447,91,189,335,475,6,50,269,347,348,600,32,68,84,515,321,378,479,136,351,544,226,396,426,503,46,72,258,287,428,471,527,591,13,48,180,302,319,552,599,28,245,244,434,147,144,299,593,263,328,540,330,592,7,96,315,289,317,371,373,374,11,78,131,551,229,265,413,74,128,572,354,409,466,538,566,243,293,280,322,406,33,137,155,278,337,357,403,597,113,195,268,531,558,576,264,460,459],"type":"read_ok"}}
2024/02/25 18:59:39 Received {n12 n23 {"messages":[602,614,624,618,607,619,601,613,606,609,611,617,605,612,604,616,603,608,638],"msg_id":635,"type":"broadcast"}}
2024/02/25 18:59:39 Received {c73 n23 {"type":"read","msg_id":49}}
2024/02/25 18:59:39 Sent {"src":"n23","dest":"n12","body":{"in_reply_to":635,"type":"broadcast_ok"}}
2024/02/25 18:59:39 Sent {"src":"n23","dest":"c73","body":{"in_reply_to":49,"messages":[51,103,204,198,401,178,193,440,437,491,521,536,595,67,99,165,184,252,473,478,548,557,588,20,145,224,251,613,40,267,414,453,482,573,601,273,393,386,432,463,114,98,196,331,384,420,567,608,12,175,197,359,395,585,110,208,288,364,439,519,587,235,281,341,370,452,191,206,255,261,277,26,77,342,339,389,382,468,465,546,65,238,476,562,372,31,240,298,424,404,506,523,511,36,156,194,212,325,514,14,81,116,285,574,228,249,533,517,1,108,190,205,219,276,312,363,589,130,167,397,376,388,15,41,223,213,310,431,497,176,417,493,604,161,241,308,327,318,405,485,565,43,62,163,182,381,85,82,111,215,279,316,545,4,61,187,266,272,326,390,458,487,29,162,254,560,101,257,462,501,112,126,149,166,427,474,549,105,578,10,58,174,225,435,500,151,292,410,498,607,134,181,349,346,419,2,60,109,271,387,214,179,220,246,150,358,489,39,169,353,615,9,27,47,66,106,132,185,441,483,614,3,379,125,135,124,507,524,606,138,177,486,484,575,70,221,522,37,93,385,553,30,73,294,380,375,516,561,579,153,416,602,157,499,481,502,324,355,383,449,454,513,69,75,253,400,430,19,44,146,369,368,16,71,140,433,472,518,183,227,275,415,423,550,495,617,118,366,411,436,148,391,8,173,343,504,582,581,59,207,446,598,21,329,469,512,508,232,450,451,464,590,121,160,188,259,340,470,563,49,141,159,260,117,152,201,282,492,571,95,559,445,542,129,313,320,412,442,532,248,336,543,211,236,290,605,91,189,335,447,6,50,269,475,347,32,68,84,348,600,321,378,479,515,136,351,544,226,396,426,46,72,258,503,13,48,180,287,428,471,527,591,28,245,244,302,319,552,599,147,144,299,434,263,328,540,593,603,612,7,96,315,330,592,11,78,131,289,317,371,373,374,229,265,413,551,74,128,572,243,293,280,354,409,466,538,566,619,33,137,155,322,406,618,113,195,268,278,337,357,403,597,264,460,459,531,558,576,119,139,274,392,455,56,102,97,122,143,314,338,488,296,170,209,203,300,202,239,247,350,377,530,596,5,107,306,398,123,361,457,461,494,509,554,142,256,577,86,332,624,480,586,92,120,334,362,0,79,399,402,407,569,52,100,307,520,333,418,616,94,133,23,231,367,583,217,535,55,303,356,610,57,88,200,438,510,537,18,35,222,233,467,541,234,344,611,394,421,490,505,547,568,584,638,87,171,284,448,528,594,34,237,250,564,555,63,54,80,154,262,352,408,496,192,230,295,304,443,534,104,127,17,218,297,429,444,570,90,305,365,456,525,539,89,158,270,301,25,53,115,172,291,529,38,216,199,286,283,323,526,24,186,309,360,425,580,45,22,168,242,311,422,477,42,210,556,609,64,83,76,164,345],"type":"read_ok"}}
2024/02/25 18:59:39 Received {c73 n23 {"type":"broadcast","message":656,"msg_id":50}}
2024/02/25 18:59:39 Sent {"src":"n23","dest":"c73","body":{"in_reply_to":50,"type":"broadcast_ok"}}
2024/02/25 18:59:39 Sent {"src":"n23","dest":"n12","body":{"messages":[656],"msg_id":22,"type":"broadcast"}}
2024/02/25 18:59:39 Received {n12 n23 {"messages":[629,644,642,636,620,622,637,627,641,623,631,625,639,626,640,630,633,634,621,632,628,643,635,668],"msg_id":657,"type":"broadcast"}}
2024/02/25 18:59:39 Sent {"src":"n23","dest":"n12","body":{"in_reply_to":657,"type":"broadcast_ok"}}
2024/02/25 18:59:39 Received {n12 n23 {"in_reply_to":22,"type":"broadcast_ok"}}
2024/02/25 18:59:39 Received {c73 n23 {"type":"broadcast","message":675,"msg_id":51}}
2024/02/25 18:59:39 Sent {"src":"n23","dest":"c73","body":{"in_reply_to":51,"type":"broadcast_ok"}}
2024/02/25 18:59:39 Received {c73 n23 {"type":"read","msg_id":52}}
2024/02/25 18:59:39 Sent {"src":"n23","dest":"c73","body":{"in_reply_to":52,"messages":[104,127,629,17,218,297,429,444,570,90,305,365,456,525,539,89,158,270,301,25,53,115,172,291,529,38,216,199,286,283,323,526,634,24,186,309,360,425,580,45,22,168,242,311,422,477,42,210,556,609,64,83,76,164,345,51,103,204,198,401,178,193,440,437,491,521,536,595,67,99,165,184,252,473,478,548,557,588,20,145,224,251,613,40,267,414,453,482,573,601,273,393,386,432,463,114,98,196,331,384,420,567,608,12,175,197,359,395,585,110,208,288,364,439,519,587,235,281,341,370,452,191,206,255,261,277,26,77,342,339,389,382,468,465,546,656,620,65,238,476,562,637,623,372,31,240,298,424,404,506,523,511,635,36,156,194,212,325,514,14,81,116,285,574,228,249,533,517,644,1,108,190,205,219,276,312,363,589,130,167,397,376,388,15,41,223,213,310,431,497,630,176,417,493,604,161,241,308,327,318,405,485,565,43,62,163,182,381,639,85,82,111,215,279,316,545,4,61,187,266,272,326,390,458,487,29,162,254,560,101,257,462,501,112,126,149,166,427,474,549,105,578,640,10,58,174,225,435,500,151,292,410,498,607,633,134,181,349,346,419,2,60,109,271,387,214,179,220,246,150,358,489,675,39,169,353,615,9,27,47,66,106,132,185,441,483,614,3,379,125,135,124,507,524,606,138,177,486,484,575,70,221,522,37,93,385,553,30,73,294,380,375,516,561,579,153,416,602,157,499,481,502,324,355,383,449,454,513,69,75,253,400,430,626,19,44,146,369,368,16,71,140,433,472,518,183,227,275,415,423,550,495,617,641,118,366,411,436,148,391,8,173,343,504,582,581,668,59,207,446,598,21,329,469,512,508,232,450,451,464,590,121,160,188,259,340,470,563,636,49,141,159,260,625,117,152,201,282,492,571,95,559,445,542,129,313,320,412,442,532,248,336,543,211,236,290,605,91,189,335,447,6,50,269,475,347,32,68,84,348,600,321,378,479,515,136,351,544,226,396,426,627,46,72,258,503,13,48,180,287,428,471,527,591,28,245,244,302,319,552,599,147,144,299,434,263,328,540,593,603,612,7,96,315,330,592,11,78,131,289,317,371,373,374,229,265,413,551,74,128,572,243,293,280,354,409,466,538,566,619,33,137,155,322,406,618,113,195,268,278,337,357,403,597,264,460,459,531,558,576,119,139,274,392,455,56,102,97,122,143,314,338,488,643,296,170,209,203,300,202,239,247,350,377,530,596,5,107,306,398,123,361,457,461,494,509,554,142,256,577,86,332,624,480,586,92,120,334,362,0,79,399,402,407,569,52,100,307,520,622,333,418,616,94,133,23,231,367,583,628,217,535,642,632,55,303,356,610,57,88,200,438,510,537,18,35,222,233,467,541,234,344,611,394,421,490,505,547,568,584,638,87,171,284,448,528,594,34,237,250,564,555,631,63,54,80,154,262,352,408,496,621,192,230,295,304,443,534],"type":"read_ok"}}
2024/02/25 18:59:39 Sent {"src":"n23","dest":"n12","body":{"messages":[675],"msg_id":23,"type":"broadcast"}}
2024/02/25 18:59:40 Received {n12 n23 {"messages":[652,664,648,661,660,655,667,646,659,653,665,654,666,647,645,658,651,663,649,650,662,657],"msg_id":686,"type":"broadcast"}}
2024/02/25 18:59:40 Sent {"src":"n23","dest":"n12","body":{"in_reply_to":686,"type":"broadcast_ok"}}
2024/02/25 18:59:40 Received {n12 n23 {"in_reply_to":23,"type":"broadcast_ok"}}
2024/02/25 18:59:40 Received {c73 n23 {"type":"broadcast","message":699,"msg_id":53}}
2024/02/25 18:59:40 Sent {"src":"n23","dest":"c73","body":{"in_reply_to":53,"type":"broadcast_ok"}}
2024/02/25 18:59:40 Sent {"src":"n23","dest":"n12","body":{"messages":[699],"msg_id":24,"type":"broadcast"}}
2024/02/25 18:59:40 Received {n12 n23 {"messages":[679,685,684,673,671,682,670,681,669,680,676,687,688,672,683,689,674,677,678,686,706],"msg_id":715,"type":"broadcast"}}
2024/02/25 18:59:40 Received {c73 n23 {"type":"read","msg_id":54}}
2024/02/25 18:59:40 Sent {"src":"n23","dest":"n12","body":{"in_reply_to":715,"type":"broadcast_ok"}}
2024/02/25 18:59:40 Sent {"src":"n23","dest":"c73","body":{"in_reply_to":54,"messages":[431,497,630,646,41,223,213,310,176,417,493,604,318,405,485,565,161,241,308,327,670,381,639,43,62,163,182,279,316,545,85,82,111,215,272,326,390,458,4,61,187,266,487,29,162,254,560,101,257,462,501,427,474,549,112,126,149,166,105,578,640,435,500,674,10,58,174,225,607,633,151,292,410,498,419,669,134,181,349,346,387,2,60,109,271,214,179,220,246,150,358,489,675,39,169,353,615,106,132,185,441,9,27,47,66,483,614,3,379,524,606,125,135,124,507,575,654,138,177,486,484,689,70,221,522,655,37,93,385,553,679,676,30,73,294,380,375,516,561,579,153,416,602,157,499,481,502,454,513,324,355,383,449,430,626,69,75,253,400,368,19,44,146,369,472,518,16,71,140,433,423,550,183,227,275,415,495,617,641,118,366,411,436,148,391,582,581,668,8,173,343,504,59,207,446,598,508,21,329,469,512,590,652,232,450,451,464,340,470,563,636,121,160,188,259,625,678,49,141,159,260,492,571,117,152,201,282,95,559,445,542,442,532,129,313,320,412,248,336,543,650,699,211,236,290,605,651,91,189,335,447,671,6,50,269,475,347,600,672,32,68,84,348,321,378,479,515,136,351,544,653,226,396,426,627,46,72,258,503,428,471,527,591,13,48,180,287,319,552,599,28,245,244,302,673,680,147,144,299,434,603,263,328,540,593,612,592,7,96,315,330,317,371,373,374,11,78,131,289,658,229,265,413,551,74,128,572,409,466,538,566,243,293,280,354,619,406,618,33,137,155,322,337,357,403,597,113,195,268,278,558,576,264,460,459,531,455,686,119,139,274,392,143,314,338,488,56,102,97,122,643,296,666,170,209,203,300,377,530,596,685,202,239,247,350,647,5,107,306,398,494,509,554,123,361,457,461,142,256,577,86,332,624,480,586,667,665,92,120,334,362,407,569,0,79,399,402,622,52,100,307,520,333,418,616,94,133,628,23,231,367,583,661,217,535,642,632,55,303,356,610,510,537,57,88,200,438,467,541,648,682,18,35,222,233,234,344,611,687,547,568,584,638,394,421,490,505,528,594,663,87,171,284,448,555,631,681,34,237,250,564,262,352,408,496,63,54,80,154,621,443,534,645,192,230,295,304,104,127,629,444,570,17,218,297,429,525,539,649,684,90,305,365,456,683,662,89,158,270,301,291,529,657,25,53,115,172,283,323,526,634,38,216,199,286,425,580,24,186,309,360,311,422,477,45,22,168,242,42,210,556,609,345,659,64,83,76,164,401,51,103,204,198,491,521,536,595,178,193,440,437,252,473,478,548,67,99,165,184,557,588,664,613,706,20,145,224,251,482,573,601,40,267,414,453,463,273,393,386,432,384,420,567,608,114,98,196,331,395,585,12,175,197,359,439,519,587,110,208,288,364,452,235,281,341,370,277,660,191,206,255,261,389,382,468,465,26,77,342,339,546,656,620,637,623,65,238,476,562,372,404,506,31,240,298,424,523,511,635,325,514,36,156,194,212,574,14,81,116,285,644,688,228,249,533,517,219,276,312,363,1,108,190,205,589,388,130,167,397,376,15,677],"type":"read_ok"}}
2024/02/25 18:59:40 Received {n12 n23 {"in_reply_to":24,"type":"broadcast_ok"}}
2024/02/25 18:59:40 Received {c73 n23 {"type":"broadcast","message":723,"msg_id":55}}
2024/02/25 18:59:40 Sent {"src":"n23","dest":"c73","body":{"in_reply_to":55,"type":"broadcast_ok"}}
2024/02/25 18:59:40 Sent {"src":"n23","dest":"n12","body":{"messages":[723],"msg_id":25,"type":"broadcast"}}
2024/02/25 18:59:41 Received {n12 n23 {"messages":[698,692,690,702,693,705,700,694,708,703,695,707,696,709,701,704,691,697],"msg_id":723,"type":"broadcast"}}
2024/02/25 18:59:41 Sent {"src":"n23","dest":"n12","body":{"in_reply_to":723,"type":"broadcast_ok"}}
2024/02/25 18:59:41 Received {n12 n23 {"in_reply_to":25,"type":"broadcast_ok"}}
2024/02/25 18:59:41 Received {c73 n23 {"type":"read","msg_id":56}}
2024/02/25 18:59:41 Sent {"src":"n23","dest":"c73","body":{"in_reply_to":56,"messages":[481,502,157,499,383,449,454,513,324,355,253,400,430,626,69,75,146,369,368,690,19,44,140,433,472,518,16,71,275,415,423,550,183,227,641,495,617,411,436,118,366,148,391,343,504,582,581,668,8,173,446,598,59,207,469,512,508,698,21,329,451,464,590,652,707,232,450,188,259,340,470,563,636,121,160,159,260,625,678,49,141,201,282,492,571,117,152,95,559,693,445,542,320,412,442,532,692,129,313,543,650,248,336,290,605,699,211,236,335,447,651,91,189,269,475,671,6,50,347,84,348,600,672,32,68,479,515,321,378,544,136,351,426,627,653,702,694,226,396,258,503,46,72,180,287,428,471,527,591,13,48,244,302,319,552,599,28,245,299,434,673,680,695,147,144,540,593,603,263,328,612,315,330,592,7,96,131,289,317,371,373,374,11,78,413,551,658,229,265,572,704,74,128,280,354,409,466,538,566,243,293,619,155,322,406,618,33,137,268,278,337,357,403,597,113,195,459,531,558,576,264,460,274,392,455,686,119,139,97,122,143,314,338,488,56,102,643,709,296,666,203,300,697,170,209,247,350,377,530,596,685,202,239,306,398,647,5,107,457,461,494,509,554,123,361,577,142,256,624,86,332,667,480,586,334,362,665,92,120,399,402,407,569,0,79,307,520,622,52,100,616,333,418,94,133,367,583,628,23,231,642,632,661,691,217,535,356,610,703,55,303,200,438,510,537,57,88,222,233,467,541,648,682,18,35,611,687,234,344,490,505,547,568,584,638,394,421,284,448,528,594,663,87,171,250,564,555,631,681,34,237,80,154,262,352,408,496,63,54,621,295,304,443,534,645,192,230,629,104,127,297,429,444,570,17,218,365,456,525,539,649,684,90,305,683,270,301,662,89,158,115,172,291,529,657,25,53,199,286,283,323,526,634,38,216,309,360,425,580,24,186,168,242,311,422,477,45,22,556,609,42,210,76,164,345,659,64,83,204,198,401,51,103,440,437,491,521,536,595,178,193,165,184,252,473,478,548,67,99,664,557,588,224,251,613,706,20,145,414,453,482,573,601,705,40,267,386,432,463,273,393,196,331,384,420,567,608,114,98,197,359,395,585,12,175,288,364,439,519,587,110,208,341,370,452,235,281,255,261,277,660,191,206,342,339,389,382,468,465,26,77,620,546,656,476,562,637,623,65,238,372,298,424,404,506,701,31,240,635,523,511,194,212,325,514,36,156,116,285,574,696,14,81,533,517,644,688,228,249,190,205,219,276,312,363,1,108,589,397,376,388,130,167,15,677,213,310,431,497,630,646,41,223,700,493,604,176,417,308,327,318,405,485,565,161,241,670,163,182,381,639,708,43,62,111,215,279,316,545,85,82,187,266,272,326,390,458,4,61,487,723,254,560,29,162,462,501,101,257,149,166,427,474,549,112,126,640,105,578,174,225,435,500,674,10,58,410,498,607,633,151,292,349,346,419,669,134,181,109,271,387,2,60,220,246,214,179,489,675,150,358,353,615,39,169,47,66,106,132,185,441,9,27,483,614,3,379,124,507,524,606,125,135,486,484,575,654,138,177,522,655,689,70,221,385,553,37,93,294,380,679,676,30,73,561,579,375,516,602,153,416],"type":"read_ok"}}
2024/02/25 18:59:41 Received {c73 n23 {"type":"broadcast","message":752,"msg_id":57}}
2024/02/25 18:59:41 Sent {"src":"n23","dest":"c73","body":{"in_reply_to":57,"type":"broadcast_ok"}}
2024/02/25 18:59:41 Received {n12 n23 {"messages":[722,717,713,716,726,714,718,728,727,720,711,719,710,712,724,715,725,721,742],"msg_id":754,"type":"broadcast"}}
2024/02/25 18:59:41 Sent {"src":"n23","dest":"n12","body":{"in_reply_to":754,"type":"broadcast_ok"}}
2024/02/25 18:59:41 Received {c73 n23 {"type":"broadcast","message":765,"msg_id":58}}
2024/02/25 18:59:41 Sent {"src":"n23","dest":"c73","body":{"in_reply_to":58,"type":"broadcast_ok"}}
2024/02/25 18:59:41 Sent {"src":"n23","dest":"n12","body":{"messages":[752,765],"msg_id":26,"type":"broadcast"}}
2024/02/25 18:59:42 Received {n12 n23 {"messages":[749,739,732,746,748,735,738,737,730,744,741,733,734,740,751,731,745,747,729,743,736,750],"msg_id":784,"type":"broadcast"}}
2024/02/25 18:59:42 Received {c73 n23 {"type":"broadcast","message":779,"msg_id":59}}
2024/02/25 18:59:42 Sent {"src":"n23","dest":"n12","body":{"in_reply_to":784,"type":"broadcast_ok"}}
2024/02/25 18:59:42 Sent {"src":"n23","dest":"c73","body":{"in_reply_to":59,"type":"broadcast_ok"}}
2024/02/25 18:59:42 Received {n12 n23 {"in_reply_to":26,"type":"broadcast_ok"}}
2024/02/25 18:59:42 Received {c73 n23 {"type":"read","msg_id":60}}
2024/02/25 18:59:42 Sent {"src":"n23","dest":"c73","body":{"in_reply_to":60,"messages":[85,82,111,215,279,316,545,4,61,187,266,272,326,390,458,487,723,29,162,254,560,714,101,257,462,501,112,126,149,166,427,474,549,105,578,640,10,58,174,225,435,500,674,151,292,410,498,607,633,134,181,349,346,419,669,2,60,109,271,387,214,179,220,246,150,358,489,675,39,169,353,615,9,27,47,66,106,132,185,441,483,614,724,735,3,379,722,728,125,135,124,507,524,606,138,177,486,484,575,654,70,221,522,655,689,727,37,93,385,553,30,73,294,380,679,676,375,516,561,579,153,416,602,157,499,481,502,711,324,355,383,449,454,513,69,75,253,400,430,626,19,44,146,369,368,690,16,71,140,433,472,518,719,740,183,227,275,415,423,550,720,495,617,641,118,366,411,436,148,391,730,8,173,343,504,582,581,668,59,207,446,598,21,329,469,512,508,698,751,232,450,451,464,590,652,707,121,160,188,259,340,470,563,636,752,737,49,141,159,260,625,678,117,152,201,282,492,571,726,749,95,559,445,542,693,729,129,313,320,412,442,532,692,248,336,543,650,211,236,290,605,699,91,189,335,447,651,731,6,50,269,475,671,347,32,68,84,348,600,672,321,378,479,515,745,136,351,544,226,396,426,627,653,702,694,46,72,258,503,13,48,180,287,428,471,527,591,739,28,245,244,302,319,552,599,717,147,144,299,434,673,680,695,263,328,540,593,603,718,612,746,736,7,96,315,330,592,11,78,131,289,317,371,373,374,229,265,413,551,658,74,128,572,704,243,293,280,354,409,466,538,566,619,765,33,137,155,322,406,618,113,195,268,278,337,357,403,597,710,733,264,460,459,531,558,576,119,139,274,392,455,686,56,102,97,122,143,314,338,488,643,296,666,709,170,209,203,300,697,747,202,239,247,350,377,530,596,685,5,107,306,398,647,732,123,361,457,461,494,509,554,142,256,577,86,332,624,750,480,586,667,92,120,334,362,665,0,79,399,402,407,569,52,100,307,520,622,742,333,418,616,94,133,23,231,367,583,628,217,535,642,632,661,691,715,744,55,303,356,610,703,57,88,200,438,510,537,18,35,222,233,467,541,648,682,234,344,611,687,394,421,490,505,547,568,584,638,87,171,284,448,528,594,663,34,237,250,564,555,631,681,63,54,80,154,262,352,408,496,621,738,192,230,295,304,443,534,645,104,127,629,17,218,297,429,444,570,90,305,365,456,525,539,649,684,683,89,158,270,301,662,713,748,25,53,115,172,291,529,657,38,216,199,286,283,323,526,634,24,186,309,360,425,580,45,22,168,242,311,422,477,42,210,556,609,721,64,83,76,164,345,659,51,103,204,198,401,741,178,193,440,437,491,521,536,595,725,67,99,165,184,252,473,478,548,557,588,664,20,145,224,251,613,706,40,267,414,453,482,573,601,705,273,393,386,432,463,114,98,196,331,384,420,567,608,779,12,175,197,359,395,585,110,208,288,364,439,519,587,734,235,281,341,370,452,191,206,255,261,277,660,26,77,342,339,389,382,468,465,546,656,620,65,238,476,562,637,623,372,716,31,240,298,424,404,506,701,523,511,635,36,156,194,212,325,514,14,81,116,285,574,696,228,249,533,517,644,688,1,108,190,205,219,276,312,363,589,130,167,397,376,388,15,677,41,223,213,310,431,497,630,646,700,712,743,176,417,493,604,161,241,308,327,318,405,485,565,670,43,62,163,182,381,639,708],"type":"read_ok"}}
2024/02/25 18:59:42 Sent {"src":"n23","dest":"n12","body":{"messages":[779],"msg_id":27,"type":"broadcast"}}
2024/02/25 18:59:42 Received {n12 n23 {"messages":[757,772,762,754,756,771,769,776,770,759,753,767,768,773,766,764,760,775,758,774,761,777,755,763],"msg_id":794,"type":"broadcast"}}
2024/02/25 18:59:42 Sent {"src":"n23","dest":"n12","body":{"in_reply_to":794,"type":"broadcast_ok"}}
2024/02/25 18:59:42 Received {n12 n23 {"in_reply_to":27,"type":"broadcast_ok"}}
2024/02/25 18:59:42 Received {c73 n23 {"type":"read","msg_id":61}}
2024/02/25 18:59:42 Sent {"src":"n23","dest":"c73","body":{"in_reply_to":61,"messages":[576,264,460,459,531,558,686,119,139,274,392,455,314,338,488,56,102,97,122,143,643,296,666,709,747,757,170,209,203,300,697,530,596,685,202,239,247,350,377,732,777,5,107,306,398,647,509,554,123,361,457,461,494,142,256,577,86,332,624,750,480,586,667,92,120,334,362,665,569,0,79,399,402,407,742,52,100,307,520,622,333,418,616,94,133,23,231,367,583,628,691,715,744,217,535,642,632,661,55,303,356,610,703,537,57,88,200,438,510,541,648,682,18,35,222,233,467,234,344,611,687,568,584,638,394,421,490,505,547,594,663,87,171,284,448,528,631,681,34,237,250,564,555,352,408,496,63,54,80,154,262,621,738,534,645,758,192,230,295,304,443,104,127,629,766,760,570,17,218,297,429,444,539,649,684,90,305,365,456,525,683,713,748,89,158,270,301,662,529,657,25,53,115,172,291,323,526,634,38,216,199,286,283,580,24,186,309,360,425,422,477,45,22,168,242,311,42,210,556,609,721,659,64,83,76,164,345,741,763,51,103,204,198,401,521,536,595,178,193,440,437,491,725,473,478,548,67,99,165,184,252,557,588,664,753,706,20,145,224,251,613,573,601,705,40,267,414,453,482,273,393,386,432,463,420,567,608,114,98,196,331,384,779,585,12,175,197,359,395,519,587,734,110,208,288,364,439,235,281,341,370,452,660,191,206,255,261,277,382,468,465,26,77,342,339,389,546,656,620,768,623,65,238,476,562,637,372,716,774,506,701,31,240,298,424,404,523,511,635,514,36,156,194,212,325,696,764,14,81,116,285,574,688,776,228,249,533,517,644,276,312,363,1,108,190,205,219,589,759,130,167,397,376,388,15,677,770,497,630,646,41,223,213,310,431,700,712,743,176,417,493,604,405,485,565,161,241,308,327,318,670,639,708,43,62,163,182,381,316,545,85,82,111,215,279,326,390,458,4,61,187,266,272,487,723,29,162,254,560,714,101,257,462,501,474,549,756,112,126,149,166,427,105,578,640,500,674,10,58,174,225,435,633,755,151,292,410,498,607,669,134,181,349,346,419,2,60,109,271,387,214,179,220,246,150,358,489,675,39,169,353,615,772,132,185,441,9,27,47,66,106,483,614,724,735,3,379,722,728,606,125,135,124,507,524,654,138,177,486,484,575,727,70,221,522,655,689,37,93,385,553,676,30,73,294,380,679,375,516,561,579,769,153,416,602,157,499,481,502,711,513,767,775,324,355,383,449,454,626,69,75,253,400,430,690,19,44,146,369,368,518,719,740,16,71,140,433,472,550,720,761,183,227,275,415,423,495,617,641,118,366,411,436,148,391,730,581,668,8,173,343,504,582,59,207,446,598,754,698,751,762,21,329,469,512,508,652,707,232,450,451,464,590,470,563,636,121,160,188,259,340,752,737,678,771,49,141,159,260,625,571,726,749,117,152,201,282,492,95,559,445,542,693,729,532,692,129,313,320,412,442,248,336,543,650,211,236,290,605,699,731,91,189,335,447,651,6,50,269,475,671,347,672,32,68,84,348,600,321,378,479,515,745,136,351,544,702,694,226,396,426,627,653,46,72,258,503,471,527,591,13,48,180,287,428,739,773,552,599,717,28,245,244,302,319,680,695,147,144,299,434,673,718,263,328,540,593,603,612,746,736,7,96,315,330,592,371,373,374,11,78,131,289,317,229,265,413,551,658,74,128,572,704,466,538,566,243,293,280,354,409,619,765,618,33,137,155,322,406,357,403,597,113,195,268,278,337,710,733],"type":"read_ok"}}
2024/02/25 18:59:43 Received {n12 n23 {"messages":[789,786,783,788,781,784,790,792,785,780,793,778,791,787,782,809],"msg_id":818,"type":"broadcast"}}
2024/02/25 18:59:43 Received {c73 n23 {"type":"broadcast","message":816,"msg_id":62}}
2024/02/25 18:59:43 Sent {"src":"n23","dest":"c73","body":{"in_reply_to":62,"type":"broadcast_ok"}}
2024/02/25 18:59:43 Sent {"src":"n23","dest":"n12","body":{"in_reply_to":818,"type":"broadcast_ok"}}
2024/02/25 18:59:43 Received {c73 n23 {"type":"broadcast","message":830,"msg_id":63}}
2024/02/25 18:59:43 Sent {"src":"n23","dest":"c73","body":{"in_reply_to":63,"type":"broadcast_ok"}}
2024/02/25 18:59:43 Sent {"src":"n23","dest":"n12","body":{"messages":[816,830],"msg_id":28,"type":"broadcast"}}
2024/02/25 18:59:43 Received {n12 n23 {"messages":[812,798,811,800,813,807,805,804,801,815,797,810,795,808,794,803,806,802,796,814,799,822],"msg_id":841,"type":"broadcast"}}
2024/02/25 18:59:43 Received {c73 n23 {"type":"read","msg_id":64}}
2024/02/25 18:59:43 Sent {"src":"n23","dest":"n12","body":{"in_reply_to":841,"type":"broadcast_ok"}}
2024/02/25 18:59:43 Sent {"src":"n23","dest":"c73","body":{"in_reply_to":64,"messages":[586,667,480,120,334,362,665,92,79,399,402,407,569,798,0,100,307,520,622,742,814,52,418,616,333,133,94,231,367,583,628,786,812,23,535,642,632,661,691,715,744,217,303,356,610,703,55,88,200,438,510,537,57,35,222,233,467,541,648,682,18,344,611,687,234,421,490,505,547,568,584,638,394,171,284,448,528,594,663,87,237,250,564,555,631,681,34,54,80,154,262,352,408,496,63,738,621,230,295,304,443,534,645,758,192,127,629,766,760,784,104,218,297,429,444,570,17,305,365,456,525,539,649,684,90,683,158,270,301,662,713,748,89,53,115,172,291,529,657,25,216,199,286,283,323,526,634,38,186,309,360,425,580,24,22,168,242,311,422,477,45,210,556,609,721,42,83,76,164,345,659,64,103,204,198,401,741,763,51,193,440,437,491,521,536,595,178,815,810,725,99,165,184,252,473,478,548,67,588,664,753,797,557,145,224,251,613,706,800,20,267,414,453,482,573,601,705,40,811,393,386,432,463,782,273,98,196,331,384,420,567,608,114,802,779,175,197,359,395,585,12,208,288,364,439,519,587,734,110,780,781,281,341,370,452,235,206,255,261,277,660,191,77,342,339,389,382,468,465,26,656,620,546,768,238,476,562,637,623,65,716,774,372,240,298,424,404,506,701,31,511,635,523,156,194,212,325,514,791,794,36,81,116,285,574,696,764,14,249,533,517,644,688,776,228,108,190,205,219,276,312,363,1,759,589,167,397,376,388,130,677,770,15,223,213,310,431,497,630,646,41,712,743,700,417,493,604,176,241,308,327,318,405,485,565,161,670,62,163,182,381,639,708,43,82,111,215,279,316,545,85,61,187,266,272,326,390,458,4,723,487,162,254,560,714,29,257,462,501,101,126,149,166,427,474,549,756,112,578,640,105,58,174,225,435,500,674,10,292,410,498,607,633,755,151,181,349,346,419,669,789,134,60,109,271,387,2,179,220,246,805,214,358,489,675,787,150,169,353,615,772,788,804,39,27,47,66,106,132,185,441,9,614,724,735,783,483,379,722,728,3,135,124,507,524,606,125,177,486,484,575,654,801,138,221,522,655,689,727,70,93,385,553,808,37,73,294,380,679,676,30,516,561,579,769,375,416,602,809,153,499,481,502,711,157,355,383,449,454,513,767,775,324,75,253,400,430,626,69,44,146,369,368,690,19,71,140,433,472,518,719,740,16,227,275,415,423,550,720,761,183,617,641,807,796,495,366,411,436,118,391,730,148,173,343,504,582,581,668,813,8,207,446,598,754,793,59,329,469,512,508,698,751,762,21,450,451,464,590,652,707,816,232,160,188,259,340,470,563,636,121,737,752,141,159,260,625,678,771,49,152,201,282,492,571,726,749,117,822,559,95,542,693,729,803,445,313,320,412,442,532,692,129,336,543,650,799,248,236,290,605,699,211,189,335,447,651,731,91,50,269,475,671,6,347,68,84,348,600,672,32,378,479,515,745,321,351,544,136,396,426,627,653,702,694,778,226,72,258,503,46,48,180,287,428,471,527,591,13,773,739,245,244,302,319,552,599,717,28,144,299,434,673,680,695,790,147,830,785,328,540,593,603,718,263,746,736,612,96,315,330,592,7,78,131,289,317,371,373,374,11,792,265,413,551,658,229,128,572,704,74,293,280,354,409,466,538,566,243,765,619,137,155,322,406,618,795,33,195,268,278,337,357,403,597,113,733,710,460,459,531,558,576,264,139,274,392,455,686,119,102,97,122,143,314,338,488,56,643,666,709,296,209,203,300,697,747,757,170,239,247,350,377,530,596,685,202,107,306,398,647,732,777,5,361,457,461,494,509,554,123,256,577,806,142,332,624,86,750],"type":"read_ok"}}
2024/02/25 18:59:43 Received {n12 n23 {"in_reply_to":28,"type":"broadcast_ok"}}
2024/02/25 18:59:43 Received {c73 n23 {"type":"broadcast","message":855,"msg_id":65}}
2024/02/25 18:59:43 Sent {"src":"n23","dest":"c73","body":{"in_reply_to":65,"type":"broadcast_ok"}}
2024/02/25 18:59:43 Sent {"src":"n23","dest":"n12","body":{"messages":[855],"msg_id":29,"type":"broadcast"}}
2024/02/25 18:59:44 Received {n12 n23 {"messages":[837,827,836,819,834,824,838,823,840,839,826,842,828,843,829,817,831,825,841,821,820,835,818,832,833,863],"msg_id":875,"type":"broadcast"}}
2024/02/25 18:59:44 Sent {"src":"n23","dest":"n12","body":{"in_reply_to":875,"type":"broadcast_ok"}}
2024/02/25 18:59:44 Received {n12 n23 {"in_reply_to":29,"type":"broadcast_ok"}}
2024/02/25 18:59:44 Received {c73 n23 {"type":"read","msg_id":66}}
2024/02/25 18:59:44 Sent {"src":"n23","dest":"c73","body":{"in_reply_to":66,"messages":[296,666,170,209,203,300,239,247,377,685,5,107,306,732,361,457,494,577,332,120,334,665,798,0,569,814,52,100,520,622,742,616,133,812,23,583,786,744,217,535,642,632,55,703,648,682,35,222,467,234,344,687,584,638,490,284,528,681,237,564,496,54,80,192,304,443,534,758,833,629,760,297,429,649,456,525,270,301,662,713,25,115,172,529,837,216,199,286,283,526,309,360,425,580,168,242,422,556,609,83,76,103,198,763,193,595,725,815,664,753,67,165,252,478,557,588,797,20,224,706,800,40,267,482,601,393,432,114,608,779,12,585,838,863,781,780,370,191,206,277,468,26,342,339,389,382,476,562,637,716,774,855,298,424,404,825,820,794,36,194,212,514,764,14,81,574,696,249,517,688,312,1,108,276,759,167,376,388,15,630,646,41,223,431,497,700,712,417,493,604,308,327,318,405,670,708,43,62,381,639,82,111,316,818,458,61,326,487,29,162,254,560,714,501,756,126,166,474,105,640,674,58,174,225,435,500,292,498,607,633,349,419,271,387,179,220,246,805,358,489,675,787,39,169,772,788,804,441,9,66,735,783,3,379,722,728,125,135,124,524,606,801,138,484,575,655,689,727,93,385,553,808,679,676,579,153,834,502,767,775,383,449,513,75,400,146,368,719,71,472,518,227,423,495,617,411,391,730,668,173,343,582,581,446,598,754,793,751,512,508,707,816,450,451,464,636,121,160,259,340,752,49,771,726,749,117,152,492,571,95,559,542,693,729,803,129,320,412,442,828,248,336,543,650,799,211,290,605,699,335,651,731,6,50,32,68,84,600,831,321,378,515,136,351,226,396,426,702,72,503,591,48,180,599,717,28,245,244,319,552,695,790,147,299,673,785,830,263,328,603,718,612,736,96,315,592,373,374,11,131,413,658,128,572,566,280,354,409,466,842,33,137,155,618,403,597,268,278,357,710,264,459,576,119,139,455,686,56,122,143,709,757,697,747,202,350,530,596,829,777,398,647,554,123,461,509,142,256,806,86,624,819,750,480,586,667,92,362,79,399,402,407,307,333,418,94,231,367,628,715,661,691,303,356,610,826,57,88,200,438,510,537,18,233,541,611,394,421,505,547,568,663,87,171,448,594,34,250,555,631,408,63,154,262,352,621,738,230,295,645,104,127,766,784,17,218,444,570,684,90,305,365,539,683,89,158,748,53,291,657,38,323,634,24,186,45,22,311,477,42,210,721,64,164,345,659,51,204,401,741,810,178,440,437,491,521,536,99,184,473,548,145,251,613,414,453,573,705,811,273,386,463,782,802,98,196,331,384,420,567,175,197,359,395,587,734,110,208,288,364,439,519,235,281,341,452,255,261,660,465,77,546,656,620,768,65,238,623,372,31,240,506,701,523,511,635,791,156,325,116,285,228,533,644,776,843,363,190,205,219,589,130,397,677,770,213,310,743,176,485,565,161,241,163,182,85,215,279,545,390,4,187,266,272,723,836,101,257,462,549,112,149,427,578,10,755,151,410,789,134,181,346,669,2,60,109,214,835,150,353,615,817,185,27,47,106,132,483,614,724,507,177,486,654,823,70,221,522,37,30,73,294,380,375,516,561,769,416,602,809,157,499,481,711,324,355,454,69,253,430,626,19,44,369,690,740,16,140,433,720,761,183,275,415,550,641,807,796,118,366,436,148,813,8,504,59,207,762,21,329,469,698,232,590,652,563,188,470,737,141,159,260,625,678,832,201,282,822,445,839,313,532,692,841,236,91,189,447,269,475,671,347,348,672,824,479,745,544,694,778,627,653,46,258,827,840,527,13,287,428,471,739,773,302,144,434,680,540,593,746,7,330,78,289,317,371,792,229,265,551,74,704,821,538,243,293,619,765,795,322,406,113,195,337,733,460,531,558,274,392,338,488,102,97,314,643],"type":"read_ok"}}
2024/02/25 18:59:44 Received {c73 n23 {"type":"read","msg_id":67}}
2024/02/25 18:59:44 Sent {"src":"n23","dest":"c73","body":{"in_reply_to":67,"messages":[74,704,821,538,243,293,619,765,406,795,322,337,113,195,733,558,460,531,274,392,314,338,488,102,97,643,296,666,170,209,203,300,239,247,377,685,732,5,107,306,494,361,457,577,332,665,120,334,569,798,0,622,742,814,52,100,520,616,133,786,812,23,583,744,217,535,642,632,703,55,467,648,682,35,222,234,344,687,584,638,490,528,284,681,237,564,496,54,80,758,833,192,304,443,534,760,629,297,429,525,649,456,270,301,662,713,837,25,115,172,529,526,216,199,286,283,309,360,425,580,168,242,422,556,609,83,76,103,198,763,193,595,725,815,557,588,664,753,67,165,252,478,797,20,224,706,800,40,267,482,601,393,432,114,608,779,12,585,838,863,781,780,370,277,191,206,389,382,468,26,342,339,637,476,562,716,774,855,820,298,424,404,825,514,794,36,194,212,574,696,764,14,81,249,517,688,276,312,1,108,759,388,167,376,15,431,497,630,646,41,223,700,712,417,493,604,318,405,308,327,670,381,639,708,43,62,82,111,316,818,326,458,61,487,714,29,162,254,560,501,474,756,126,166,105,640,435,500,674,58,174,225,607,633,292,498,419,349,387,271,179,220,246,805,787,358,489,675,804,39,169,772,788,441,9,66,783,735,3,379,722,728,524,606,125,135,124,575,801,138,484,689,727,655,808,93,385,553,679,676,579,834,153,502,513,767,775,383,449,75,400,368,146,472,518,719,71,423,227,495,617,411,391,730,582,581,668,173,343,754,793,446,598,508,751,512,707,816,450,451,464,340,636,121,160,259,752,49,771,492,571,726,749,117,152,95,559,803,542,693,729,828,129,320,412,442,799,248,336,543,650,699,211,290,605,651,731,335,6,50,831,32,68,84,600,321,378,515,136,351,702,226,396,426,72,503,591,48,180,319,552,599,717,28,245,244,673,695,790,147,299,785,830,603,718,263,328,612,736,592,96,315,373,374,11,131,658,413,128,572,409,466,566,280,354,842,618,33,137,155,357,403,597,268,278,710,576,264,459,455,686,119,139,143,56,122,709,697,747,757,829,202,350,530,596,647,777,398,509,554,123,461,142,256,806,86,624,819,750,480,586,667,92,362,407,79,399,402,307,333,418,94,628,231,367,661,691,715,826,303,356,610,510,537,57,88,200,438,541,18,233,611,547,568,394,421,505,594,663,87,171,448,555,631,34,250,262,352,408,63,154,621,738,230,295,645,784,104,127,766,444,570,17,218,539,684,90,305,365,683,89,158,748,53,291,657,38,323,634,24,186,45,22,311,477,42,210,721,64,164,345,659,51,204,401,741,521,536,810,178,440,437,491,99,184,473,548,145,251,613,811,414,453,573,705,273,386,463,782,420,567,802,98,196,331,384,175,197,359,395,439,519,587,734,110,208,288,364,452,235,281,341,660,255,261,465,77,546,656,620,768,623,65,238,372,31,240,506,701,523,511,635,325,791,156,116,285,843,228,533,644,776,219,363,190,205,589,130,397,677,770,213,310,743,176,485,565,161,241,163,182,85,215,279,545,272,390,4,187,266,723,836,101,257,462,427,549,112,149,578,10,755,151,410,669,789,134,181,346,2,60,109,214,835,150,353,615,817,106,132,185,27,47,483,614,724,507,654,177,486,823,70,221,522,37,30,73,294,380,769,375,516,561,416,602,809,711,157,499,481,454,324,355,430,626,69,253,690,19,44,369,740,16,140,433,550,720,761,183,275,415,796,641,807,118,366,436,148,813,8,504,59,207,698,762,21,329,469,590,652,232,470,563,188,737,678,832,141,159,260,625,201,282,822,839,445,313,532,692,841,236,91,189,447,671,269,475,347,348,672,824,745,479,544,653,694,778,627,827,840,46,258,428,471,527,13,287,739,773,302,680,144,434,540,593,746,7,330,317,371,78,289,792,229,265,551],"type":"read_ok"}}
2024/02/25 18:59:44 Received {n12 n23 {"messages":[853,861,848,860,850,856,852,849,864,845,857,858,859,846,862,854,847,844,851,871],"msg_id":911,"type":"broadcast"}}
2024/02/25 18:59:44 Sent {"src":"n23","dest":"n12","body":{"in_reply_to":911,"type":"broadcast_ok"}}
2024/02/25 18:59:44 Received {c73 n23 {"type":"read","msg_id":68}}
2024/02/25 18:59:44 Sent {"src":"n23","dest":"c73","body":{"in_reply_to":68,"messages":[445,839,313,532,692,841,236,844,91,189,447,269,475,671,347,348,672,824,479,745,544,694,778,627,653,46,258,827,840,527,13,287,428,471,739,773,302,144,434,680,540,593,746,7,330,78,289,317,371,792,229,265,551,74,704,821,538,243,293,619,765,795,322,406,113,195,337,733,460,531,558,274,392,338,488,102,97,314,643,296,666,170,209,203,300,239,247,377,685,5,107,306,732,361,457,494,577,332,120,334,665,798,0,569,814,52,100,520,622,742,616,133,812,23,583,786,217,535,642,632,744,55,703,35,222,467,648,682,859,234,344,687,584,638,490,284,528,681,237,564,496,54,80,851,192,304,443,534,758,833,629,760,297,429,856,649,456,525,270,301,662,713,25,115,172,529,837,216,199,286,283,526,309,360,425,580,168,242,422,556,609,83,76,103,198,763,193,595,725,815,664,753,67,165,252,478,557,588,797,20,224,706,800,40,267,482,601,393,432,114,608,779,12,585,838,863,781,780,370,191,206,277,26,342,339,389,382,468,476,562,637,716,774,855,298,424,404,825,820,36,194,212,514,794,14,81,574,696,764,249,517,688,1,108,276,312,759,167,376,388,15,864,700,712,41,223,431,497,630,646,417,493,604,308,327,318,405,670,43,62,381,639,708,82,111,316,818,61,326,458,487,29,162,254,560,714,501,845,126,166,474,756,105,640,58,174,225,435,500,674,292,498,607,633,349,419,271,387,179,220,246,805,358,489,675,787,39,169,772,788,804,441,9,66,735,783,3,379,722,728,125,135,124,524,606,801,138,484,575,655,689,727,93,385,553,808,679,676,849,579,153,834,502,767,775,383,449,513,75,400,146,368,862,719,71,472,518,227,423,495,617,411,391,730,668,173,343,582,581,446,598,754,793,871,751,512,508,707,816,450,451,464,636,121,160,259,340,752,49,771,853,726,749,117,152,492,571,95,559,542,693,729,803,129,320,412,442,828,248,336,543,650,799,211,290,605,699,846,335,651,731,6,50,32,68,84,600,831,321,378,515,136,351,226,396,426,702,72,503,591,48,180,599,717,28,245,244,319,552,695,790,147,299,673,785,830,263,328,603,718,612,736,96,315,592,373,374,11,131,413,658,128,572,860,566,280,354,409,466,842,33,137,155,618,403,597,268,278,357,710,264,459,576,119,139,455,686,56,122,143,709,757,697,747,202,350,530,596,829,861,777,398,647,554,123,461,509,142,256,806,86,624,819,750,480,586,667,92,362,79,399,402,407,307,333,418,94,231,367,628,661,691,715,854,303,356,610,826,57,88,200,438,510,537,18,233,541,611,394,421,505,547,568,663,87,171,448,594,34,250,555,631,408,63,154,262,352,621,738,230,295,645,104,127,766,784,17,218,444,570,684,90,305,365,539,683,89,158,748,53,291,657,858,38,323,634,24,186,45,22,311,477,42,210,721,64,164,345,659,51,204,401,741,810,178,440,437,491,521,536,99,184,473,548,145,251,613,414,453,573,705,811,273,386,463,782,802,98,196,331,384,420,567,175,197,359,395,857,587,734,110,208,288,364,439,519,235,281,341,452,255,261,660,77,465,546,656,620,768,65,238,623,372,31,240,506,701,523,511,635,156,325,791,116,285,228,533,644,776,843,190,205,219,363,589,130,397,852,677,770,213,310,743,176,161,241,485,565,163,182,85,215,279,545,836,4,187,266,272,390,723,101,257,462,112,149,427,549,578,10,850,151,410,755,789,134,181,346,669,2,60,109,848,214,835,150,353,615,817,185,27,47,106,132,483,614,724,507,177,486,654,823,70,221,522,37,30,73,294,380,847,375,516,561,769,416,602,809,157,499,481,711,324,355,454,69,253,430,626,19,44,369,690,740,16,140,433,720,761,183,275,415,550,641,807,796,118,366,436,148,813,8,504,59,207,762,21,329,469,698,232,590,652,563,188,470,737,141,159,260,625,678,832,201,282,822],"type":"read_ok"}}
2024/02/25 18:59:44 Received {c73 n23 {"type":"broadcast","message":900,"msg_id":69}}
2024/02/25 18:59:44 Sent {"src":"n23","dest":"c73","body":{"in_reply_to":69,"type":"broadcast_ok"}}
2024/02/25 18:59:44 Sent {"src":"n23","dest":"n12","body":{"messages":[900],"msg_id":30,"type":"broadcast"}}
2024/02/25 18:59:45 Received {n12 n23 {"messages":[874,883,868,878,869,879,873,877,866,875,867,876,870,865,872,894],"msg_id":926,"type":"broadcast"}}
2024/02/25 18:59:45 Sent {"src":"n23","dest":"n12","body":{"in_reply_to":926,"type":"broadcast_ok"}}
2024/02/25 18:59:45 Received {n12 n23 {"in_reply_to":30,"type":"broadcast_ok"}}
2024/02/25 18:59:45 Received {n12 n23 {"messages":[898,886,885,902,903,896,891,904,892,889,905,888,899,881,884,895,887,897,880,893,890,901,882],"msg_id":957,"type":"broadcast"}}
2024/02/25 18:59:45 Sent {"src":"n23","dest":"n12","body":{"in_reply_to":957,"type":"broadcast_ok"}}
2024/02/25 18:59:46 Received {n12 n23 {"messages":[906],"msg_id":961,"type":"broadcast"}}
2024/02/25 18:59:46 Sent {"src":"n23","dest":"n12","body":{"in_reply_to":961,"type":"broadcast_ok"}}
2024/02/25 18:59:55 Received {c73 n23 {"type":"read","msg_id":70}}
2024/02/25 18:59:55 Sent {"src":"n23","dest":"c73","body":{"in_reply_to":70,"messages":[144,434,680,540,593,746,7,330,893,78,289,317,371,792,229,265,551,74,704,821,243,293,538,619,765,322,406,795,113,195,337,733,460,531,558,274,392,488,102,97,314,338,643,296,666,170,209,203,300,239,247,377,685,5,107,306,732,361,457,494,897,577,889,332,120,334,665,0,569,798,52,100,520,622,742,814,616,133,23,583,786,812,894,217,535,642,632,744,904,55,703,890,35,222,467,648,682,859,234,344,687,638,490,584,284,528,237,564,681,496,54,80,192,304,443,534,758,833,851,629,760,297,429,856,456,525,649,270,301,662,713,25,115,172,529,837,216,199,286,283,526,878,309,360,425,580,168,242,422,556,609,891,83,76,103,198,763,193,595,725,815,753,67,165,252,478,557,588,664,797,905,20,224,706,800,40,267,482,601,393,432,114,608,779,12,585,838,863,865,781,780,867,370,191,206,277,26,342,339,389,382,468,883,476,562,637,900,716,774,855,298,424,404,825,820,36,194,212,514,794,14,81,574,696,764,249,517,688,1,108,276,312,759,868,167,376,388,876,15,864,712,41,223,431,497,630,646,700,417,493,604,903,308,327,318,405,670,43,62,381,639,708,82,111,316,818,61,326,458,487,29,162,254,560,714,501,845,126,166,474,756,105,640,58,174,225,435,500,674,292,498,607,633,349,419,271,387,179,220,246,805,358,489,675,787,39,169,772,788,804,9,66,441,735,783,3,379,722,728,902,880,125,135,124,524,606,138,484,575,801,655,689,727,93,385,553,808,679,676,849,579,153,834,502,383,449,513,767,775,75,400,146,368,862,71,472,518,719,227,423,495,617,906,411,391,730,173,343,582,581,668,446,598,754,793,871,512,508,751,450,451,464,707,816,121,160,259,340,636,752,49,771,853,117,152,492,571,726,749,95,559,542,693,729,803,129,320,412,442,828,248,336,543,650,799,211,290,605,699,846,335,651,731,6,50,881,32,68,84,600,831,321,378,515,136,351,226,396,426,702,72,503,48,180,591,28,245,244,319,552,599,717,147,299,673,695,790,785,830,263,328,603,718,888,612,736,96,315,592,11,131,373,374,413,658,884,128,572,860,280,354,409,466,566,842,33,137,155,618,268,278,357,403,597,710,264,459,576,119,139,455,686,56,122,143,709,697,747,757,202,350,530,596,829,861,398,647,777,123,461,509,554,142,256,806,866,86,624,819,750,480,586,667,92,362,79,399,402,407,307,333,418,94,231,367,628,661,691,715,854,303,356,610,826,873,57,88,200,438,510,537,18,233,541,611,394,421,505,547,568,87,171,448,594,663,34,250,555,631,63,154,262,352,408,621,738,230,295,645,104,127,766,784,17,218,444,570,901,90,305,365,539,684,683,869,89,158,748,53,291,657,858,38,323,634,24,186,45,22,311,477,42,210,721,64,164,345,659,895,51,204,401,741,886,178,440,437,491,521,536,810,99,184,473,548,882,145,251,613,892,414,453,573,705,811,273,386,463,782,98,196,331,384,420,567,802,175,197,359,395,857,734,110,208,288,364,439,519,587,235,281,341,452,255,261,660,77,465,546,656,620,870,768,65,238,623,372,31,240,506,701,523,511,635,156,325,791,116,285,885,228,533,644,776,843,190,205,219,363,589,130,397,852,677,770,213,310,743,176,161,241,485,565,872,163,182,85,215,279,545,898,4,187,266,272,390,723,836,101,257,462,112,149,427,549,887,578,10,850,875,151,410,755,134,181,346,669,789,2,60,109,848,214,835,150,353,615,817,724,27,47,106,132,185,483,614,507,879,177,486,654,70,221,522,823,37,30,73,294,380,847,375,516,561,769,877,416,602,809,157,499,481,711,324,355,454,69,253,430,626,19,44,369,690,16,140,433,740,896,183,275,415,550,720,761,641,807,796,899,118,366,436,148,8,504,813,59,207,21,329,469,698,762,232,590,652,188,470,563,737,141,159,260,625,678,832,201,282,822,445,839,313,532,692,841,236,844,91,189,447,269,475,671,347,348,672,824,479,745,544,874,627,653,694,778,46,258,827,840,13,287,428,471,527,739,773,302],"type":"read_ok"}}
