2024/02/25 18:59:24 Received {c24 n24 {"type":"init","node_id":"n24","node_ids":["n0","n1","n2","n3","n4","n5","n6","n7","n8","n9","n10","n11","n12","n13","n14","n15","n16","n17","n18","n19","n20","n21","n22","n23","n24"],"msg_id":1}}
2024/02/25 18:59:24 Node n24 initialized
2024/02/25 18:59:24 Sent {"src":"n24","dest":"c24","body":{"in_reply_to":1,"type":"init_ok"}}
2024/02/25 18:59:25 Received {c49 n24 {"type":"topology","topology":{"n2":["n7","n3","n1"],"n21":["n16","n22","n20"],"n23":["n18","n24","n22"],"n5":["n10","n0","n6"],"n8":["n13","n3","n9","n7"],"n6":["n11","n1","n7","n5"],"n19":["n24","n14","n18"],"n14":["n19","n9","n13"],"n17":["n22","n12","n18","n16"],"n1":["n6","n2","n0"],"n24":["n19","n23"],"n4":["n9","n3"],"n0":["n5","n1"],"n18":["n23","n13","n19","n17"],"n9":["n14","n4","n8"],"n10":["n15","n5","n11"],"n22":["n17","n23","n21"],"n15":["n20","n10","n16"],"n13":["n18","n8","n14","n12"],"n3":["n8","n4","n2"],"n12":["n17","n7","n13","n11"],"n11":["n16","n6","n12","n10"],"n16":["n21","n11","n17","n15"],"n7":["n12","n2","n8","n6"],"n20":["n15","n21"]},"msg_id":1}}
2024/02/25 18:59:25 Sent {"src":"n24","dest":"c49","body":{"in_reply_to":1,"type":"topology_ok"}}
2024/02/25 18:59:25 Received {c74 n24 {"type":"broadcast","message":10,"msg_id":1}}
2024/02/25 18:59:25 Sent {"src":"n24","dest":"c74","body":{"in_reply_to":1,"type":"broadcast_ok"}}
2024/02/25 18:59:25 Sent {"src":"n24","dest":"n12","body":{"messages":[10],"msg_id":1,"type":"broadcast"}}
2024/02/25 18:59:25 Received {n12 n24 {"in_reply_to":1,"type":"broadcast_ok"}}
2024/02/25 18:59:25 Received {c74 n24 {"type":"broadcast","message":28,"msg_id":2}}
2024/02/25 18:59:25 Sent {"src":"n24","dest":"c74","body":{"in_reply_to":2,"type":"broadcast_ok"}}
2024/02/25 18:59:25 Received {c74 n24 {"type":"read","msg_id":3}}
2024/02/25 18:59:25 Sent {"src":"n24","dest":"c74","body":{"in_reply_to":3,"messages":[28,10],"type":"read_ok"}}
2024/02/25 18:59:25 Sent {"src":"n24","dest":"n12","body":{"messages":[28],"msg_id":2,"type":"broadcast"}}
2024/02/25 18:59:26 Received {n12 n24 {"messages":[9,20,3,16,2,15,7,14,17,4,18,19,5,0,11,12,8,6,13,1,39],"msg_id":22,"type":"broadcast"}}
2024/02/25 18:59:26 Sent {"src":"n24","dest":"n12","body":{"in_reply_to":22,"type":"broadcast_ok"}}
2024/02/25 18:59:26 Received {n12 n24 {"in_reply_to":2,"type":"broadcast_ok"}}
2024/02/25 18:59:26 Received {c74 n24 {"type":"broadcast","message":59,"msg_id":4}}
2024/02/25 18:59:26 Sent {"src":"n24","dest":"c74","body":{"in_reply_to":4,"type":"broadcast_ok"}}
2024/02/25 18:59:26 Received {c74 n24 {"type":"read","msg_id":5}}
2024/02/25 18:59:26 Sent {"src":"n24","dest":"c74","body":{"in_reply_to":5,"messages":[15,14,17,8,13,3,16,4,19,5,10,28,9,20,6,1,39,2,7,18,0,11,12,59],"type":"read_ok"}}
2024/02/25 18:59:26 Sent {"src":"n24","dest":"n12","body":{"messages":[59],"msg_id":3,"type":"broadcast"}}
2024/02/25 18:59:26 Received {n12 n24 {"messages":[35,27,45,24,32,43,31,37,30,48,36,29,46,21,38,22,23,40,25,42,33,26,41,44,47,34,64],"msg_id":37,"type":"broadcast"}}
2024/02/25 18:59:26 Sent {"src":"n24","dest":"n12","body":{"in_reply_to":37,"type":"broadcast_ok"}}
2024/02/25 18:59:26 Received {n12 n24 {"in_reply_to":3,"type":"broadcast_ok"}}
2024/02/25 18:59:26 Received {c74 n24 {"type":"read","msg_id":6}}
2024/02/25 18:59:26 Sent {"src":"n24","dest":"c74","body":{"in_reply_to":6,"messages":[34,7,12,37,21,44,40,25,15,17,8,13,38,48,26,3,4,35,32,31,9,20,39,29,22,41,2,18,0,11,59,14,64,16,19,5,45,47,24,43,30,10,28,6,1,27,36,46,23,42,33],"type":"read_ok"}}
2024/02/25 18:59:26 Received {c74 n24 {"type":"broadcast","message":91,"msg_id":7}}
2024/02/25 18:59:26 Sent {"src":"n24","dest":"c74","body":{"in_reply_to":7,"type":"broadcast_ok"}}
2024/02/25 18:59:26 Sent {"src":"n24","dest":"n12","body":{"messages":[91],"msg_id":4,"type":"broadcast"}}
2024/02/25 18:59:27 Received {n12 n24 {"messages":[55,67,50,61,73,75,56,60,51,62,72,57,68,69,52,65,49,63,70,53,58,54,66,71],"msg_id":49,"type":"broadcast"}}
2024/02/25 18:59:27 Sent {"src":"n24","dest":"n12","body":{"in_reply_to":49,"type":"broadcast_ok"}}
2024/02/25 18:59:27 Received {n12 n24 {"in_reply_to":4,"type":"broadcast_ok"}}
2024/02/25 18:59:27 Received {c74 n24 {"type":"read","msg_id":8}}
2024/02/25 18:59:27 Sent {"src":"n24","dest":"c74","body":{"in_reply_to":8,"messages":[7,12,21,34,55,51,57,70,53,8,38,25,61,72,3,4,35,32,31,48,26,62,20,22,49,18,11,59,41,60,14,75,16,45,91,28,27,24,30,23,42,68,52,37,44,15,17,13,40,65,63,9,39,29,56,2,0,64,54,19,5,47,50,58,66,71,10,6,1,43,36,46,33,67,73,69],"type":"read_ok"}}
2024/02/25 18:59:27 Received {n12 n24 {"messages":[74,88,78,79,87,81,90,83,92,86,76,85,89,84,80,77,82,109],"msg_id":74,"type":"broadcast"}}
2024/02/25 18:59:27 Received {c74 n24 {"type":"broadcast","message":115,"msg_id":9}}
2024/02/25 18:59:27 Sent {"src":"n24","dest":"n12","body":{"in_reply_to":74,"type":"broadcast_ok"}}
2024/02/25 18:59:27 Sent {"src":"n24","dest":"c74","body":{"in_reply_to":9,"type":"broadcast_ok"}}
2024/02/25 18:59:27 Received {c74 n24 {"type":"broadcast","message":129,"msg_id":10}}
2024/02/25 18:59:27 Sent {"src":"n24","dest":"c74","body":{"in_reply_to":10,"type":"broadcast_ok"}}
2024/02/25 18:59:27 Sent {"src":"n24","dest":"n12","body":{"messages":[115,129],"msg_id":5,"type":"broadcast"}}
2024/02/25 18:59:28 Received {n12 n24 {"messages":[106,112,100,111,101,93,104,95,107,94,105,98,102,96,108,103,110,97,99,122,136],"msg_id":120,"type":"broadcast"}}
2024/02/25 18:59:28 Received {c74 n24 {"type":"read","msg_id":11}}
2024/02/25 18:59:28 Sent {"src":"n24","dest":"n12","body":{"in_reply_to":120,"type":"broadcast_ok"}}
2024/02/25 18:59:28 Sent {"src":"n24","dest":"c74","body":{"in_reply_to":11,"messages":[36,46,67,10,6,43,70,87,83,21,34,57,77,106,95,38,25,72,35,62,89,100,41,101,93,96,18,11,59,76,102,14,75,79,16,45,115,80,105,37,88,97,92,112,15,17,40,65,63,29,56,0,74,136,64,85,109,58,66,111,5,47,50,69,1,33,73,51,53,7,12,55,8,61,81,31,48,26,104,107,3,4,32,20,22,49,60,82,99,108,91,129,94,30,23,42,68,52,28,27,24,44,13,86,103,110,9,39,98,2,54,84,122,90,19,71,78],"type":"read_ok"}}
2024/02/25 18:59:28 Received {n12 n24 {"in_reply_to":5,"type":"broadcast_ok"}}
2024/02/25 18:59:28 Received {c74 n24 {"type":"read","msg_id":12}}
2024/02/25 18:59:28 Sent {"src":"n24","dest":"c74","body":{"in_reply_to":12,"messages":[19,71,78,90,10,6,43,36,46,67,21,34,57,70,87,83,38,25,72,77,106,95,35,62,89,100,18,11,59,41,101,93,96,14,75,79,76,102,16,45,115,80,105,37,88,97,15,17,40,92,112,65,63,29,56,0,74,136,64,85,109,5,47,50,58,66,111,1,33,73,69,7,12,55,51,53,8,61,81,107,3,4,32,31,48,26,104,20,22,49,60,82,99,91,129,94,108,52,28,27,24,30,23,42,68,44,13,86,103,9,39,98,110,2,54,84,122],"type":"read_ok"}}
2024/02/25 18:59:28 Received {n12 n24 {"messages":[126,114,133,127,117,118,132,120,134,130,116,131,125,121,135,119,123,137,113,128,124,145],"msg_id":124,"type":"broadcast"}}
2024/02/25 18:59:28 Sent {"src":"n24","dest":"n12","body":{"in_reply_to":124,"type":"broadcast_ok"}}
2024/02/25 18:59:28 Received {c74 n24 {"type":"read","msg_id":13}}
2024/02/25 18:59:28 Sent {"src":"n24","dest":"c74","body":{"in_reply_to":13,"messages":[131,9,39,98,110,130,2,137,54,84,122,135,19,71,78,90,132,67,133,121,10,6,43,36,46,83,21,34,57,70,87,95,38,25,72,77,106,35,62,89,100,93,96,18,11,59,41,101,124,14,75,79,76,102,16,45,115,128,80,105,37,88,97,145,125,15,17,40,92,112,65,63,29,56,120,0,74,136,123,64,85,109,126,116,111,117,5,47,50,58,66,1,33,73,69,7,12,55,51,53,8,61,81,119,26,104,107,3,4,32,31,48,20,22,49,127,60,82,99,91,129,94,108,42,68,52,28,27,24,30,23,44,114,113,13,86,103,134,118],"type":"read_ok"}}
2024/02/25 18:59:28 Received {c74 n24 {"type":"broadcast","message":176,"msg_id":14}}
2024/02/25 18:59:28 Sent {"src":"n24","dest":"c74","body":{"in_reply_to":14,"type":"broadcast_ok"}}
2024/02/25 18:59:28 Sent {"src":"n24","dest":"n12","body":{"messages":[176],"msg_id":6,"type":"broadcast"}}
2024/02/25 18:59:29 Received {n12 n24 {"messages":[143,140,151,158,138,149,154,142,141,152,153,147,146,148,144,155,139,150],"msg_id":146,"type":"broadcast"}}
2024/02/25 18:59:29 Sent {"src":"n24","dest":"n12","body":{"in_reply_to":146,"type":"broadcast_ok"}}
2024/02/25 18:59:29 Received {n12 n24 {"in_reply_to":6,"type":"broadcast_ok"}}
2024/02/25 18:59:29 Received {c74 n24 {"type":"broadcast","message":189,"msg_id":15}}
2024/02/25 18:59:29 Sent {"src":"n24","dest":"c74","body":{"in_reply_to":15,"type":"broadcast_ok"}}
2024/02/25 18:59:29 Sent {"src":"n24","dest":"n12","body":{"messages":[189],"msg_id":7,"type":"broadcast"}}
2024/02/25 18:59:29 Received {n12 n24 {"messages":[156,172,168,166,175,157,169,160,159,163,177,170,164,165,161,167,174,171,162,173,197],"msg_id":181,"type":"broadcast"}}
2024/02/25 18:59:29 Sent {"src":"n24","dest":"n12","body":{"in_reply_to":181,"type":"broadcast_ok"}}
2024/02/25 18:59:29 Received {n12 n24 {"in_reply_to":7,"type":"broadcast_ok"}}
2024/02/25 18:59:29 Received {c74 n24 {"type":"broadcast","message":203,"msg_id":16}}
2024/02/25 18:59:29 Sent {"src":"n24","dest":"c74","body":{"in_reply_to":16,"type":"broadcast_ok"}}
2024/02/25 18:59:29 Received {c74 n24 {"type":"read","msg_id":17}}
2024/02/25 18:59:29 Sent {"src":"n24","dest":"c74","body":{"in_reply_to":17,"messages":[91,129,94,108,23,42,68,52,28,27,24,30,168,161,44,114,113,140,172,166,197,13,86,103,134,118,143,157,130,131,158,159,9,39,98,110,2,137,141,144,54,84,122,135,132,147,171,19,71,78,90,46,67,133,121,10,6,43,36,148,175,170,167,87,83,21,34,57,70,106,95,149,38,25,72,77,35,62,89,142,100,138,139,162,101,93,96,169,18,11,59,41,102,124,177,14,75,79,76,174,16,45,115,128,80,105,151,152,37,88,97,145,112,125,189,15,17,40,92,65,63,29,56,120,164,155,0,74,136,123,116,176,64,85,109,126,66,111,117,203,5,47,50,58,153,1,33,73,69,53,160,7,12,55,51,156,8,61,81,119,48,26,104,107,3,4,32,31,20,22,49,127,60,154,163,165,173,82,99,146,150],"type":"read_ok"}}
2024/02/25 18:59:29 Sent {"src":"n24","dest":"n12","body":{"messages":[203],"msg_id":8,"type":"broadcast"}}
2024/02/25 18:59:30 Received {n12 n24 {"messages":[186,180,182,195,179,183,178,192,190,191,185,193,181,194,188,187,184,196,208],"msg_id":207,"type":"broadcast"}}
2024/02/25 18:59:30 Sent {"src":"n24","dest":"n12","body":{"in_reply_to":207,"type":"broadcast_ok"}}
2024/02/25 18:59:30 Received {n12 n24 {"in_reply_to":8,"type":"broadcast_ok"}}
2024/02/25 18:59:30 Received {c74 n24 {"type":"read","msg_id":18}}
2024/02/25 18:59:30 Sent {"src":"n24","dest":"c74","body":{"in_reply_to":18,"messages":[87,83,21,34,57,70,106,95,149,38,25,72,77,35,62,89,142,100,138,139,162,101,93,96,169,18,11,59,41,178,185,102,124,177,195,14,75,79,76,174,186,181,16,45,115,128,80,105,151,152,37,88,97,145,112,125,189,183,15,17,40,92,191,65,63,179,187,29,56,120,164,155,0,74,136,123,116,176,64,85,109,126,66,111,117,203,5,47,50,58,192,188,153,1,33,73,69,53,160,208,7,12,55,51,156,193,194,8,61,81,119,48,26,104,107,3,4,32,31,180,184,20,22,49,127,60,154,163,165,173,196,82,99,146,150,91,129,94,108,23,42,68,52,28,27,24,30,168,161,44,114,113,140,172,166,197,13,86,103,134,118,143,157,182,130,131,158,159,9,39,98,110,2,137,190,141,144,54,84,122,135,132,147,171,19,71,78,90,46,67,133,121,10,6,43,36,148,175,170,167],"type":"read_ok"}}
2024/02/25 18:59:30 Received {n12 n24 {"messages":[212,223,201,214,204,215,209,205,216,206,198,210,207,199,211,200,202,213,242],"msg_id":229,"type":"broadcast"}}
2024/02/25 18:59:30 Received {c74 n24 {"type":"read","msg_id":19}}
2024/02/25 18:59:30 Sent {"src":"n24","dest":"n12","body":{"in_reply_to":229,"type":"broadcast_ok"}}
2024/02/25 18:59:30 Sent {"src":"n24","dest":"c74","body":{"in_reply_to":19,"messages":[180,127,196,99,146,150,91,94,108,23,42,28,27,30,161,44,114,140,166,13,86,103,143,182,211,130,131,159,9,39,110,2,190,213,84,122,135,198,78,147,206,133,43,148,170,167,34,57,70,149,25,72,35,62,169,178,185,210,11,59,93,96,177,195,223,14,79,76,124,16,45,115,174,80,105,152,37,97,201,202,17,92,112,189,63,123,64,126,176,192,204,205,50,111,117,203,33,73,7,53,160,200,194,61,26,104,107,3,31,209,184,20,22,49,60,154,163,165,173,82,129,68,52,24,168,113,172,197,134,118,157,158,98,137,54,141,144,171,216,19,71,90,132,46,67,121,10,6,36,175,87,83,21,106,95,214,38,77,89,142,100,138,139,162,18,41,101,75,102,242,207,128,186,181,212,151,88,145,191,15,40,125,183,65,179,187,215,29,56,120,164,0,74,136,155,85,109,116,188,199,5,47,58,66,153,1,69,12,55,51,208,156,193,8,81,119,48,4,32],"type":"read_ok"}}
2024/02/25 18:59:30 Received {c74 n24 {"type":"broadcast","message":256,"msg_id":20}}
2024/02/25 18:59:30 Sent {"src":"n24","dest":"c74","body":{"in_reply_to":20,"type":"broadcast_ok"}}
2024/02/25 18:59:30 Sent {"src":"n24","dest":"n12","body":{"messages":[256],"msg_id":9,"type":"broadcast"}}
2024/02/25 18:59:31 Received {n12 n24 {"messages":[221,239,230,232,227,229,236,217,237,220,238,235,240,241,228,245,234,222,225,244,224,243,218,231,233,219,226],"msg_id":242,"type":"broadcast"}}
2024/02/25 18:59:31 Sent {"src":"n24","dest":"n12","body":{"in_reply_to":242,"type":"broadcast_ok"}}
2024/02/25 18:59:31 Received {n12 n24 {"in_reply_to":9,"type":"broadcast_ok"}}
2024/02/25 18:59:31 Received {c74 n24 {"type":"read","msg_id":21}}
2024/02/25 18:59:31 Sent {"src":"n24","dest":"c74","body":{"in_reply_to":21,"messages":[45,115,174,222,16,105,152,245,80,97,37,92,112,189,201,202,17,231,63,123,126,176,64,111,117,203,192,204,205,50,73,33,53,160,200,7,194,61,31,26,104,107,209,3,22,49,184,230,224,20,154,60,163,165,173,256,82,129,68,52,168,24,113,172,197,134,157,118,158,241,98,220,218,137,141,144,54,71,90,132,171,216,219,19,6,36,46,67,121,175,10,87,83,21,77,106,95,214,38,142,89,138,139,162,100,41,101,18,102,242,232,236,240,75,186,181,212,207,128,233,151,145,88,40,125,183,191,244,15,65,56,120,164,179,187,215,29,74,136,155,0,109,116,85,47,58,66,188,199,5,69,153,1,55,51,208,12,81,119,156,193,239,8,32,48,228,4,180,221,238,127,227,146,150,196,235,225,99,94,108,91,27,30,23,42,28,114,140,161,44,86,103,166,217,13,182,211,143,39,110,130,131,159,229,9,190,213,243,2,122,135,198,84,147,206,78,133,148,170,167,237,43,57,70,226,34,72,149,25,62,35,59,93,96,169,178,185,210,11,234,79,76,124,177,195,223,14],"type":"read_ok"}}
2024/02/25 18:59:31 Received {c74 n24 {"type":"broadcast","message":279,"msg_id":22}}
2024/02/25 18:59:31 Sent {"src":"n24","dest":"c74","body":{"in_reply_to":22,"type":"broadcast_ok"}}
2024/02/25 18:59:31 Sent {"src":"n24","dest":"n12","body":{"messages":[279],"msg_id":10,"type":"broadcast"}}
2024/02/25 18:59:31 Received {n12 n24 {"messages":[255,260,262,253,247,257,246,250,249,259,254,251,248,258,252],"msg_id":277,"type":"broadcast"}}
2024/02/25 18:59:31 Sent {"src":"n24","dest":"n12","body":{"in_reply_to":277,"type":"broadcast_ok"}}
2024/02/25 18:59:31 Received {n12 n24 {"in_reply_to":10,"type":"broadcast_ok"}}
2024/02/25 18:59:31 Received {c74 n24 {"type":"read","msg_id":23}}
2024/02/25 18:59:31 Sent {"src":"n24","dest":"c74","body":{"in_reply_to":23,"messages":[25,72,149,35,62,253,185,210,11,59,93,96,169,178,234,223,14,79,76,124,177,195,16,45,115,174,222,247,80,105,152,245,251,37,97,17,92,112,189,201,202,63,231,262,123,64,126,176,205,50,111,117,203,192,204,33,73,7,53,160,200,61,194,248,3,31,26,104,107,209,20,22,49,184,230,224,60,154,82,163,165,173,256,129,24,68,52,168,113,134,172,197,260,258,118,157,257,98,158,241,255,137,220,218,54,141,144,219,19,71,90,132,171,216,175,10,6,36,46,67,121,21,87,83,38,77,106,95,214,89,142,100,138,139,162,18,41,101,75,102,242,232,236,240,128,186,181,212,207,254,151,233,88,145,15,40,125,183,191,244,65,215,29,56,120,164,179,187,0,74,136,155,85,109,116,5,47,58,66,188,199,1,69,153,12,55,51,208,8,81,119,156,193,239,252,4,32,48,228,279,246,127,180,221,238,227,99,146,150,196,235,225,91,94,108,249,28,27,30,23,42,44,114,140,161,13,86,103,166,217,143,182,211,229,250,9,39,110,130,131,159,2,190,213,243,84,122,135,198,78,147,206,43,133,148,170,167,237,34,57,70,226,259],"type":"read_ok"}}
2024/02/25 18:59:32 Received {n12 n24 {"messages":[266,271,268,278,272,273,267,270,280,276,263,261,274,269,265,277,264,275,289,300],"msg_id":309,"type":"broadcast"}}
2024/02/25 18:59:32 Received {c74 n24 {"type":"broadcast","message":306,"msg_id":24}}
2024/02/25 18:59:32 Sent {"src":"n24","dest":"n12","body":{"in_reply_to":309,"type":"broadcast_ok"}}
2024/02/25 18:59:32 Sent {"src":"n24","dest":"c74","body":{"in_reply_to":24,"type":"broadcast_ok"}}
2024/02/25 18:59:32 Received {c74 n24 {"type":"read","msg_id":25}}
2024/02/25 18:59:32 Sent {"src":"n24","dest":"c74","body":{"in_reply_to":25,"messages":[227,150,196,235,225,99,146,108,249,91,94,30,23,42,274,28,27,140,161,44,114,103,166,217,13,86,211,269,143,182,110,130,131,159,229,250,9,39,213,243,2,190,135,198,84,122,206,78,147,148,170,167,237,43,133,70,226,259,34,57,149,275,25,72,253,261,35,62,265,93,96,169,178,185,210,11,59,276,264,234,270,76,124,177,195,223,14,79,115,174,222,247,16,45,152,245,251,271,80,105,37,97,112,189,201,202,17,92,63,231,262,123,176,272,64,126,117,203,192,204,205,50,111,33,73,160,200,266,7,53,248,61,194,26,104,107,209,3,31,49,184,230,224,20,22,60,154,165,173,256,263,82,163,129,300,52,168,24,68,113,306,197,260,258,134,172,257,277,118,157,241,255,98,158,218,137,220,144,54,141,90,132,171,216,219,19,71,36,46,67,121,175,10,6,83,21,87,106,95,214,38,77,273,89,142,139,162,100,138,101,18,41,242,232,236,240,278,75,102,181,212,207,254,267,128,186,151,233,88,145,125,183,191,244,15,40,65,120,164,179,187,215,29,56,136,155,0,74,116,289,85,109,58,66,188,199,5,47,153,1,69,51,208,268,12,55,119,156,193,239,8,81,48,228,279,246,252,4,32,221,238,280,127,180],"type":"read_ok"}}
2024/02/25 18:59:32 Sent {"src":"n24","dest":"n12","body":{"messages":[306],"msg_id":11,"type":"broadcast"}}
2024/02/25 18:59:32 Received {n12 n24 {"messages":[302,293,291,286,296,284,295,297,283,301,290,288,299,287,298,282,281,294,285,292,314,328],"msg_id":331,"type":"broadcast"}}
2024/02/25 18:59:32 Sent {"src":"n24","dest":"n12","body":{"in_reply_to":331,"type":"broadcast_ok"}}
2024/02/25 18:59:32 Received {n12 n24 {"in_reply_to":11,"type":"broadcast_ok"}}
2024/02/25 18:59:32 Received {c74 n24 {"type":"broadcast","message":333,"msg_id":26}}
2024/02/25 18:59:32 Sent {"src":"n24","dest":"c74","body":{"in_reply_to":26,"type":"broadcast_ok"}}
2024/02/25 18:59:32 Received {c74 n24 {"type":"read","msg_id":27}}
2024/02/25 18:59:32 Sent {"src":"n24","dest":"c74","body":{"in_reply_to":27,"messages":[253,261,298,294,35,62,265,93,96,169,178,185,210,11,59,276,264,234,270,76,124,177,195,223,14,79,115,174,222,247,16,45,152,245,251,271,80,105,37,97,112,189,201,202,284,17,92,63,231,262,123,292,176,272,64,126,117,203,192,204,205,50,111,33,73,160,200,266,7,53,248,281,61,194,26,104,107,209,3,31,49,184,230,224,297,20,22,314,328,60,154,165,173,256,263,82,163,129,300,52,168,24,68,113,306,197,260,258,134,172,257,277,285,118,157,241,255,98,158,218,137,220,144,54,141,90,132,171,216,219,19,71,36,46,67,121,175,10,6,83,299,21,87,106,95,214,38,77,273,89,142,139,162,100,138,101,18,41,242,232,236,240,278,75,102,181,212,207,254,267,287,128,186,151,233,88,145,125,183,191,244,15,40,65,120,164,179,187,215,29,56,136,155,296,0,74,116,289,85,109,58,66,188,199,282,5,47,153,291,1,69,51,208,268,301,12,55,119,156,193,239,8,81,48,228,279,246,252,4,32,221,238,280,283,127,180,227,286,150,196,235,225,288,99,146,108,249,91,94,30,23,42,274,28,27,140,161,44,114,103,166,217,13,86,211,269,143,182,110,130,131,159,229,250,9,39,290,333,213,243,2,190,135,198,84,122,206,78,147,148,170,167,237,293,43,133,70,226,259,295,34,57,149,275,302,25,72],"type":"read_ok"}}
2024/02/25 18:59:32 Sent {"src":"n24","dest":"n12","body":{"messages":[333],"msg_id":12,"type":"broadcast"}}
2024/02/25 18:59:33 Received {n12 n24 {"messages":[303,326,316,305,325,309,308,322,321,307,319,312,327,313,329,311,324,317,320,318,310,323,315,304,344],"msg_id":339,"type":"broadcast"}}
2024/02/25 18:59:33 Sent {"src":"n24","dest":"n12","body":{"in_reply_to":339,"type":"broadcast_ok"}}
2024/02/25 18:59:33 Received {n12 n24 {"in_reply_to":12,"type":"broadcast_ok"}}
2024/02/25 18:59:33 Received {c74 n24 {"type":"read","msg_id":28}}
2024/02/25 18:59:33 Sent {"src":"n24","dest":"c74","body":{"in_reply_to":28,"messages":[1,69,153,291,318,12,55,51,208,268,301,305,8,81,119,156,193,239,322,4,32,48,228,279,246,252,127,180,221,238,280,283,227,286,99,146,150,196,235,225,288,91,94,108,249,303,28,27,30,23,42,274,44,114,140,161,13,86,103,166,217,325,313,143,182,211,269,250,9,39,110,130,131,159,229,290,333,2,190,213,243,84,122,135,198,78,147,206,43,133,148,170,167,237,293,34,57,70,226,259,295,311,25,72,149,275,302,307,35,62,253,261,298,294,265,210,11,59,93,96,169,178,185,234,270,276,264,14,79,76,124,177,195,223,16,45,115,174,222,247,80,105,152,245,251,271,37,97,323,327,17,92,112,189,201,202,284,63,231,262,123,292,64,126,176,272,324,50,111,117,203,192,204,205,33,73,321,7,53,160,200,266,316,61,194,248,281,312,3,31,26,104,107,209,319,20,22,49,184,230,224,297,60,154,314,328,320,82,163,165,173,256,263,129,300,24,68,52,168,113,306,317,134,172,197,260,258,329,118,157,257,277,285,98,158,241,255,137,220,218,54,141,144,19,71,90,132,171,216,219,10,6,36,46,67,121,175,21,87,83,299,309,308,38,77,106,95,214,89,142,273,100,138,139,162,18,41,101,344,75,102,242,232,236,240,278,287,128,186,181,212,207,254,267,315,151,233,88,145,15,40,125,183,191,244,310,65,304,29,56,120,164,179,187,215,0,74,136,155,296,85,109,116,289,326,5,47,58,66,188,199,282],"type":"read_ok"}}
2024/02/25 18:59:33 Received {c74 n24 {"type":"read","msg_id":29}}
2024/02/25 18:59:33 Sent {"src":"n24","dest":"c74","body":{"in_reply_to":29,"messages":[300,129,68,52,168,24,306,317,113,172,197,260,258,329,134,157,257,277,285,118,158,241,255,98,220,218,137,141,144,54,71,90,132,171,216,219,19,6,36,46,67,121,175,10,87,83,299,309,308,21,77,106,95,214,38,142,273,89,138,139,162,100,41,101,344,18,102,242,232,236,240,278,75,186,181,212,207,254,267,287,128,315,233,151,145,88,40,125,183,191,244,310,15,304,65,56,120,164,179,187,215,29,74,136,155,296,0,109,116,289,85,47,58,66,188,199,282,326,5,69,153,291,1,55,51,208,268,301,305,318,12,81,119,156,193,239,322,8,32,48,228,279,246,252,4,180,221,238,280,283,127,286,227,146,150,196,235,225,288,99,94,108,249,303,91,27,30,23,42,274,28,114,140,161,44,86,103,166,217,325,313,13,182,211,269,143,39,110,130,131,159,229,250,9,333,290,190,213,243,2,122,135,198,84,147,206,78,133,148,170,167,237,293,43,57,70,226,259,295,311,34,72,149,275,302,307,25,62,253,261,298,294,35,265,59,93,96,169,178,185,210,11,270,276,264,234,79,76,124,177,195,223,14,45,115,174,222,247,16,105,152,245,251,271,80,97,323,37,92,112,189,201,202,284,327,17,231,63,262,292,123,126,176,272,324,64,111,117,203,192,204,205,50,73,321,33,53,160,200,266,316,7,194,248,281,312,61,31,26,104,107,209,319,3,22,49,184,230,224,297,20,154,314,328,320,60,163,165,173,256,263,82],"type":"read_ok"}}
2024/02/25 18:59:33 Received {n12 n24 {"messages":[332,341,331,348,330,337,340,349,336,334,342,346,345,347,335,351,339,350,338,343,356],"msg_id":374,"type":"broadcast"}}
2024/02/25 18:59:33 Sent {"src":"n24","dest":"n12","body":{"in_reply_to":374,"type":"broadcast_ok"}}
2024/02/25 18:59:33 Received {c74 n24 {"type":"broadcast","message":388,"msg_id":30}}
2024/02/25 18:59:33 Sent {"src":"n24","dest":"c74","body":{"in_reply_to":30,"type":"broadcast_ok"}}
2024/02/25 18:59:33 Sent {"src":"n24","dest":"n12","body":{"messages":[388],"msg_id":13,"type":"broadcast"}}
2024/02/25 18:59:34 Received {n12 n24 {"messages":[360,370,358,371,359,354,364,361,369,355,365,362,366,352,363,367,373,353,372,357,368],"msg_id":395,"type":"broadcast"}}
2024/02/25 18:59:34 Received {c74 n24 {"type":"read","msg_id":31}}
2024/02/25 18:59:34 Sent {"src":"n24","dest":"n12","body":{"in_reply_to":395,"type":"broadcast_ok"}}
2024/02/25 18:59:34 Sent {"src":"n24","dest":"c74","body":{"in_reply_to":31,"messages":[340,351,44,114,140,161,337,325,313,358,13,86,103,166,217,143,182,211,269,334,159,229,250,9,39,110,130,131,290,333,2,190,213,243,84,122,135,198,78,147,206,331,237,293,43,133,148,170,167,295,311,34,57,70,226,259,307,25,72,149,275,302,294,362,35,62,253,261,298,265,330,178,185,210,11,59,93,96,169,234,270,276,264,195,223,360,14,79,76,124,177,247,370,16,45,115,174,222,271,338,373,80,105,152,245,251,37,97,323,202,284,327,17,92,112,189,201,63,231,359,262,361,123,292,354,64,126,176,272,324,204,205,50,111,117,203,192,33,73,321,352,316,348,342,7,53,160,200,266,369,61,194,248,281,312,209,319,346,3,31,26,104,107,224,297,20,22,49,184,230,60,154,314,328,320,263,341,357,82,163,165,173,256,129,300,24,68,52,168,113,306,317,329,349,134,172,197,260,258,118,157,257,277,285,367,98,158,241,255,339,137,220,218,371,54,141,144,216,219,19,71,90,132,171,121,175,10,6,36,46,67,308,336,21,87,83,299,309,38,77,106,95,214,388,363,89,142,273,345,356,100,138,139,162,18,41,101,344,240,278,75,102,242,232,236,254,267,287,128,186,181,212,207,315,151,233,353,88,145,335,244,310,15,40,125,183,191,65,304,355,187,215,29,56,120,164,179,0,74,136,155,296,85,109,116,289,347,199,282,326,5,47,58,66,188,372,1,69,153,291,301,305,318,12,55,51,208,268,332,368,239,322,8,81,119,156,193,246,252,4,32,48,228,279,283,127,180,221,238,280,227,286,350,366,225,288,343,99,146,150,196,235,365,91,94,108,249,303,274,364,28,27,30,23,42],"type":"read_ok"}}
2024/02/25 18:59:34 Received {n12 n24 {"in_reply_to":13,"type":"broadcast_ok"}}
2024/02/25 18:59:34 Received {c74 n24 {"type":"read","msg_id":32}}
2024/02/25 18:59:34 Sent {"src":"n24","dest":"c74","body":{"in_reply_to":32,"messages":[58,66,188,199,282,326,5,47,372,153,291,1,69,51,208,268,301,305,318,12,55,332,368,119,156,193,239,322,8,81,48,228,279,246,252,4,32,221,238,280,283,127,180,350,366,227,286,150,196,235,225,288,343,99,146,108,249,303,365,91,94,30,23,42,274,364,28,27,140,161,337,340,351,44,114,103,166,217,325,313,358,13,86,211,269,334,143,182,110,130,131,159,229,250,9,39,290,333,213,243,2,190,135,198,84,122,206,331,78,147,148,170,167,237,293,43,133,70,226,259,295,311,34,57,149,275,302,307,25,72,253,261,298,294,362,35,62,265,330,93,96,169,178,185,210,11,59,276,264,234,270,76,124,177,195,223,360,14,79,115,174,222,247,370,16,45,152,245,251,271,338,373,80,105,323,37,97,112,189,201,202,284,327,17,92,359,63,231,262,361,123,292,176,272,324,354,64,126,117,203,192,204,205,50,111,321,352,33,73,160,200,266,316,348,342,7,53,248,281,312,369,61,194,26,104,107,209,319,346,3,31,49,184,230,224,297,20,22,314,328,320,60,154,165,173,256,263,341,357,82,163,129,300,52,168,24,68,317,113,306,197,260,258,329,349,134,172,257,277,285,118,157,241,255,339,367,98,158,218,371,137,220,144,54,141,90,132,171,216,219,19,71,36,46,67,121,175,10,6,83,299,309,308,336,21,87,106,95,214,38,77,273,345,356,388,363,89,142,139,162,100,138,101,344,18,41,242,232,236,240,278,75,102,181,212,207,254,267,287,128,186,315,353,151,233,335,88,145,125,183,191,244,310,15,40,355,65,304,120,164,179,187,215,29,56,136,155,296,0,74,116,289,347,85,109],"type":"read_ok"}}
2024/02/25 18:59:34 Received {n12 n24 {"messages":[387,397,376,378,389,390,379,393,377,384,374,391,375,386,381,383,396,382,395,380,394,385,392,424],"msg_id":410,"type":"broadcast"}}
2024/02/25 18:59:34 Sent {"src":"n24","dest":"n12","body":{"in_reply_to":410,"type":"broadcast_ok"}}
2024/02/25 18:59:34 Received {c74 n24 {"type":"read","msg_id":33}}
2024/02/25 18:59:34 Sent {"src":"n24","dest":"c74","body":{"in_reply_to":33,"messages":[52,168,24,68,317,113,306,197,260,258,329,349,134,172,257,277,285,118,157,241,255,339,367,98,158,218,371,137,220,144,54,141,90,132,171,216,219,19,71,36,46,67,121,175,10,6,83,299,309,308,336,21,87,106,95,214,38,77,273,345,356,388,363,89,142,139,162,385,100,138,101,344,18,41,242,232,236,240,278,75,102,181,212,207,254,267,287,128,186,315,353,378,151,233,335,88,145,125,183,191,244,310,15,40,355,65,304,120,164,179,187,215,397,29,56,380,424,136,155,296,0,74,116,289,347,389,85,109,58,66,188,199,282,326,5,47,372,153,291,1,69,51,208,268,301,305,318,12,55,332,368,119,156,193,239,322,8,81,48,228,279,246,252,391,4,32,221,238,280,283,376,127,180,350,366,227,286,150,196,235,225,288,343,99,146,394,108,249,303,365,91,94,30,23,42,274,364,28,27,140,161,337,340,351,44,114,103,166,217,325,313,358,13,86,211,269,334,396,143,182,110,130,131,159,229,250,9,39,393,290,333,213,243,2,190,135,198,375,84,122,206,331,374,386,78,147,148,170,167,237,293,382,43,133,70,226,259,295,311,34,57,149,275,302,307,25,72,253,261,298,294,362,384,35,62,265,330,93,96,169,178,185,210,11,59,276,264,234,270,76,124,177,195,223,360,14,79,115,174,222,247,370,383,16,45,152,245,251,271,338,373,80,105,323,37,97,112,189,201,202,284,327,17,92,359,63,231,392,262,361,379,123,292,176,272,324,354,64,126,117,203,192,204,205,50,111,321,352,33,73,160,200,266,316,348,342,7,53,248,281,312,369,377,395,61,194,26,104,107,209,319,346,3,31,381,49,184,230,224,297,20,22,314,328,320,387,60,154,165,173,256,263,341,357,82,163,390,129,300],"type":"read_ok"}}
2024/02/25 18:59:34 Received {c74 n24 {"type":"read","msg_id":34}}
2024/02/25 18:59:34 Sent {"src":"n24","dest":"c74","body":{"in_reply_to":34,"messages":[186,181,212,207,254,267,287,128,315,233,353,378,151,145,335,88,40,125,183,191,244,310,15,304,355,65,56,120,164,179,187,215,397,29,424,380,74,136,155,296,0,109,116,289,347,389,85,47,58,66,188,199,282,326,5,372,69,153,291,1,55,51,208,268,301,305,318,12,368,332,81,119,156,193,239,322,8,32,48,228,279,246,252,391,4,180,221,238,280,283,376,127,286,350,366,227,146,150,196,235,225,288,343,99,394,94,108,249,303,365,91,27,30,23,42,274,364,28,114,140,161,337,340,351,44,86,103,166,217,325,313,358,13,182,211,269,334,396,143,39,110,130,131,159,229,250,9,333,393,290,190,213,243,2,122,135,198,375,84,147,206,331,374,386,78,133,148,170,167,237,293,382,43,57,70,226,259,295,311,34,72,149,275,302,307,25,62,253,261,298,294,362,384,35,330,265,59,93,96,169,178,185,210,11,270,276,264,234,79,76,124,177,195,223,360,14,45,115,174,222,247,370,383,16,105,152,245,251,271,338,373,80,97,323,37,92,112,189,201,202,284,327,17,231,359,63,361,392,262,292,379,123,126,176,272,324,354,64,111,117,203,192,204,205,50,73,321,352,33,53,160,200,266,316,348,342,7,194,248,281,312,369,377,395,61,31,26,104,107,209,319,346,3,381,22,49,184,230,224,297,20,154,314,328,320,387,60,163,165,173,256,263,341,357,82,300,390,129,68,52,168,24,306,317,113,172,197,260,258,329,349,134,157,257,277,285,118,158,241,255,339,367,98,220,218,371,137,141,144,54,71,90,132,171,216,219,19,6,36,46,67,121,175,10,87,83,299,309,308,336,21,77,106,95,214,38,142,273,345,356,388,363,89,138,139,162,385,100,41,101,344,18,102,242,232,236,240,278,75],"type":"read_ok"}}
2024/02/25 18:59:35 Received {n12 n24 {"messages":[398,414,409,411,404,421,412,419,401,403,420,399,415,416,402,410,405,425,423,422,406,407,400,418,413,417,408],"msg_id":448,"type":"broadcast"}}
2024/02/25 18:59:35 Sent {"src":"n24","dest":"n12","body":{"in_reply_to":448,"type":"broadcast_ok"}}
2024/02/25 18:59:35 Received {c74 n24 {"type":"read","msg_id":35}}
2024/02/25 18:59:35 Sent {"src":"n24","dest":"c74","body":{"in_reply_to":35,"messages":[0,136,155,296,389,188,282,326,372,398,1,69,153,318,12,51,305,332,8,81,156,322,391,4,32,48,403,127,180,221,376,227,286,366,343,150,196,235,394,91,108,249,365,23,274,140,351,13,103,166,217,325,358,400,143,211,396,9,110,130,131,333,2,213,243,198,147,331,374,386,382,133,167,237,226,259,295,311,25,72,149,275,302,35,62,253,330,59,93,169,185,234,264,79,76,124,177,195,383,16,370,373,105,271,338,323,92,327,63,231,359,392,123,64,176,50,111,117,203,192,204,33,321,342,53,160,316,348,402,395,194,248,281,312,369,346,3,31,209,319,381,20,22,224,297,60,314,328,423,82,163,165,173,256,341,357,300,390,24,68,52,168,306,134,172,197,329,157,277,285,98,158,255,339,137,220,371,54,141,144,19,90,171,216,219,6,36,46,87,299,309,336,38,77,106,95,214,89,273,345,356,139,18,101,344,75,102,278,414,181,212,207,267,287,420,233,353,378,88,335,15,40,244,405,56,120,164,179,215,380,401,74,85,109,116,289,347,5,47,58,66,199,422,418,291,55,208,268,301,368,119,193,239,228,279,246,252,238,280,283,350,415,99,146,225,288,94,303,28,27,30,42,364,44,114,161,337,340,86,313,182,269,334,419,39,159,229,250,290,393,413,190,412,84,122,135,375,409,411,78,206,43,148,170,293,421,34,57,70,307,384,261,298,294,362,410,265,210,11,96,178,270,276,360,14,223,45,115,174,222,247,399,416,80,152,245,251,37,97,17,112,189,201,202,284,407,262,361,292,379,126,272,324,354,205,73,352,406,7,200,266,61,377,26,104,107,49,184,230,154,320,387,425,263,129,113,317,260,258,349,118,257,408,241,367,218,71,132,10,67,121,175,21,83,308,142,388,363,417,100,138,162,385,404,41,242,232,236,240,128,186,254,315,151,145,125,183,191,310,65,304,355,29,187,397,424],"type":"read_ok"}}
2024/02/25 18:59:35 Received {c74 n24 {"type":"broadcast","message":470,"msg_id":36}}
2024/02/25 18:59:35 Sent {"src":"n24","dest":"c74","body":{"in_reply_to":36,"type":"broadcast_ok"}}
2024/02/25 18:59:35 Sent {"src":"n24","dest":"n12","body":{"messages":[470],"msg_id":14,"type":"broadcast"}}
2024/02/25 18:59:35 Received {n12 n24 {"messages":[445,452,440,436,427,442,433,430,437,438,431,446,429,444,426,441,432,447,428,443,439,434,435,462],"msg_id":461,"type":"broadcast"}}
2024/02/25 18:59:35 Sent {"src":"n24","dest":"n12","body":{"in_reply_to":461,"type":"broadcast_ok"}}
2024/02/25 18:59:35 Received {n12 n24 {"in_reply_to":14,"type":"broadcast_ok"}}
2024/02/25 18:59:35 Received {c74 n24 {"type":"read","msg_id":37}}
2024/02/25 18:59:35 Sent {"src":"n24","dest":"c74","body":{"in_reply_to":37,"messages":[361,262,379,292,272,324,354,126,205,352,406,73,200,266,7,377,61,26,104,107,49,184,230,320,387,425,154,263,129,317,113,260,258,349,257,408,118,241,367,218,132,71,67,121,175,434,10,83,308,21,388,363,417,442,142,138,162,385,404,100,41,232,236,240,242,186,254,315,443,128,151,430,145,183,191,310,125,304,355,65,187,397,424,29,136,155,296,446,0,439,389,282,326,372,398,188,69,153,435,1,51,305,318,332,12,81,156,322,8,32,48,391,4,180,221,376,403,127,286,366,227,196,235,343,394,150,108,249,365,91,274,23,351,140,103,166,217,325,358,400,13,211,396,143,110,130,131,333,9,213,243,2,452,198,331,374,386,444,147,167,237,382,133,259,295,311,428,226,72,149,275,302,25,62,253,35,330,93,169,185,234,264,59,76,124,177,195,79,370,383,16,271,338,373,105,323,327,92,231,359,63,392,123,176,436,64,111,117,203,192,204,429,50,321,445,33,53,160,316,348,342,402,248,281,312,369,395,427,194,31,209,319,346,3,381,22,224,297,20,314,328,437,60,163,165,173,256,341,357,423,82,300,390,68,52,168,24,306,172,197,329,134,277,285,157,158,255,339,98,220,371,137,141,144,54,90,171,216,219,462,19,36,46,6,87,299,309,336,77,106,95,214,38,273,345,356,89,139,101,344,440,18,102,278,414,75,212,207,267,287,420,181,353,378,233,335,88,40,244,405,15,120,164,179,215,380,401,56,74,109,116,289,347,85,47,58,66,199,422,418,5,291,208,268,301,368,426,55,193,239,119,279,246,252,228,280,283,238,415,438,350,146,225,288,99,303,94,27,30,42,364,28,114,161,337,340,44,313,86,269,334,419,182,159,229,250,290,393,413,431,39,412,190,122,135,375,409,411,84,206,78,148,170,293,43,57,70,421,34,433,307,298,294,362,384,410,447,261,265,96,178,210,270,276,11,223,360,432,14,115,174,222,247,399,416,45,152,245,251,80,97,37,112,189,201,202,284,407,470,17,441],"type":"read_ok"}}
2024/02/25 18:59:35 Received {c74 n24 {"type":"read","msg_id":38}}
2024/02/25 18:59:35 Sent {"src":"n24","dest":"c74","body":{"in_reply_to":38,"messages":[156,322,8,81,48,391,4,32,221,376,403,127,180,366,227,286,235,343,394,150,196,249,365,91,108,23,274,140,351,166,217,325,358,400,13,103,396,143,211,130,131,333,9,110,243,2,213,198,452,374,386,444,147,331,237,382,133,167,295,311,428,226,259,149,275,302,25,72,253,35,62,330,169,185,234,264,59,93,124,177,195,79,76,383,16,370,338,373,105,271,323,92,327,359,63,231,392,123,436,64,176,117,203,192,204,429,50,111,445,33,321,160,316,348,342,53,402,281,312,369,395,427,194,248,209,319,346,3,31,381,224,297,20,22,328,437,60,314,165,173,256,341,357,423,82,163,390,300,52,168,24,68,306,197,329,134,172,285,157,277,255,339,98,158,371,137,220,144,54,141,171,216,219,462,19,90,46,6,36,299,309,336,87,106,95,214,38,77,345,356,89,273,139,344,440,18,101,278,414,75,102,207,267,287,420,181,212,378,233,353,88,335,244,405,15,40,164,179,215,380,401,56,120,74,116,289,347,85,109,58,66,199,422,418,5,47,291,268,301,368,426,55,208,239,119,193,246,252,228,279,283,238,280,438,350,415,225,288,99,146,94,303,30,42,364,28,27,161,337,340,44,114,86,313,334,419,182,269,229,250,290,393,413,431,39,159,190,412,135,375,409,411,84,122,78,206,170,293,43,148,70,421,34,57,307,433,294,362,384,410,447,261,298,265,178,210,270,276,11,96,360,432,14,223,174,222,247,399,416,45,115,245,251,80,152,37,97,189,201,202,284,407,470,17,112,441,262,361,292,379,324,354,126,272,205,406,73,352,200,266,7,61,377,26,104,107,49,184,230,387,425,154,320,263,129,317,113,260,258,349,408,118,257,241,367,218,71,132,121,175,434,10,67,83,308,21,363,417,442,142,388,162,385,404,100,138,41,236,240,242,232,254,315,443,128,186,151,145,430,191,310,125,183,355,65,304,397,424,29,187,155,296,446,0,136,389,439,326,372,398,188,282,153,435,1,69,305,318,332,12,51],"type":"read_ok"}}
2024/02/25 18:59:36 Received {n12 n24 {"messages":[456,468,466,469,450,457,458,449,460,451,454,461,459,463,453,464,455,467,465,448],"msg_id":496,"type":"broadcast"}}
2024/02/25 18:59:36 Sent {"src":"n24","dest":"n12","body":{"in_reply_to":496,"type":"broadcast_ok"}}
2024/02/25 18:59:36 Received {c74 n24 {"type":"read","msg_id":39}}
2024/02/25 18:59:36 Sent {"src":"n24","dest":"c74","body":{"in_reply_to":39,"messages":[127,180,221,376,403,227,286,366,150,196,235,343,394,91,108,249,365,23,274,140,351,13,103,166,217,325,358,400,143,211,396,457,9,110,130,131,333,2,213,243,198,452,468,147,331,374,386,444,133,167,237,382,226,259,295,311,428,25,72,149,275,302,35,62,253,330,59,93,169,185,234,264,79,76,124,177,195,16,370,383,105,271,338,373,323,92,327,63,231,359,392,123,64,176,436,50,111,117,203,192,204,429,33,321,445,53,160,316,348,342,402,194,248,281,312,369,395,427,3,31,209,319,346,381,461,20,22,224,297,60,314,328,437,82,163,165,173,256,341,357,423,300,390,24,68,52,168,306,134,172,197,329,157,277,285,98,158,255,339,137,220,371,54,141,144,19,90,171,216,219,462,6,36,46,459,87,299,309,336,38,77,106,95,214,89,273,345,356,139,18,101,344,440,75,102,278,414,181,212,207,267,287,420,233,353,378,88,335,15,40,244,405,56,120,164,179,215,380,401,74,85,109,116,289,347,456,5,47,58,66,199,422,418,291,453,55,208,268,301,368,426,119,193,239,228,279,246,252,238,280,283,466,350,415,438,99,146,225,288,94,303,28,27,30,42,364,44,114,161,337,340,86,313,182,269,334,419,39,159,229,250,290,393,413,431,190,412,84,122,135,375,409,411,78,206,43,148,170,293,455,34,57,70,421,307,433,261,298,294,362,384,410,447,469,265,11,96,178,210,270,276,449,14,223,360,432,448,45,115,174,222,247,399,416,80,152,245,251,37,97,17,112,189,201,202,284,407,470,441,465,262,361,458,292,379,126,272,324,354,205,73,352,406,450,7,200,266,61,377,26,104,107,49,184,230,467,154,320,387,425,263,451,129,454,113,317,260,258,349,118,257,408,241,367,218,71,132,10,67,121,175,434,21,83,308,464,142,388,363,417,442,100,138,162,385,404,41,463,242,232,236,240,128,186,254,315,443,151,145,430,125,183,191,310,65,304,355,29,187,397,424,0,136,155,296,446,389,439,188,282,326,372,398,1,69,153,435,460,12,51,305,318,332,8,81,156,322,4,32,48,391],"type":"read_ok"}}
2024/02/25 18:59:36 Received {c74 n24 {"type":"broadcast","message":525,"msg_id":40}}
2024/02/25 18:59:36 Sent {"src":"n24","dest":"c74","body":{"in_reply_to":40,"type":"broadcast_ok"}}
2024/02/25 18:59:36 Sent {"src":"n24","dest":"n12","body":{"messages":[525],"msg_id":15,"type":"broadcast"}}
2024/02/25 18:59:36 Received {n12 n24 {"messages":[483,496,507,477,490,482,494,473,487,501,486,476,489,471,498,499,493,478,491,475,488,480,492,481,472,485,500,484,479,495,497,474,519],"msg_id":521,"type":"broadcast"}}
2024/02/25 18:59:36 Sent {"src":"n24","dest":"n12","body":{"in_reply_to":521,"type":"broadcast_ok"}}
2024/02/25 18:59:36 Received {n12 n24 {"in_reply_to":15,"type":"broadcast_ok"}}
2024/02/25 18:59:36 Received {c74 n24 {"type":"broadcast","message":541,"msg_id":41}}
2024/02/25 18:59:36 Sent {"src":"n24","dest":"c74","body":{"in_reply_to":41,"type":"broadcast_ok"}}
2024/02/25 18:59:36 Received {c74 n24 {"type":"read","msg_id":42}}
2024/02/25 18:59:36 Sent {"src":"n24","dest":"c74","body":{"in_reply_to":42,"messages":[86,313,481,182,269,334,419,39,159,229,250,290,393,413,431,190,412,84,122,135,375,409,411,78,206,43,148,170,293,455,488,34,57,70,421,496,307,433,261,298,294,362,384,410,447,469,265,11,96,178,210,270,276,449,14,223,360,432,448,45,115,174,222,247,399,416,80,152,245,251,37,97,17,112,189,201,202,284,407,470,441,465,262,361,458,292,379,126,272,324,354,205,73,352,406,450,7,200,266,525,61,377,26,104,107,49,184,230,467,498,154,320,387,425,263,451,129,454,113,317,260,258,349,118,257,408,241,367,218,472,497,71,132,10,67,121,175,434,21,83,308,464,480,142,388,363,417,442,100,138,162,385,404,41,463,242,232,236,240,128,186,254,315,443,151,499,145,430,125,183,191,310,65,304,355,29,187,397,424,0,136,155,296,446,389,439,489,188,282,326,372,398,487,495,1,69,153,435,460,12,51,305,318,332,8,81,156,322,482,4,32,48,391,484,127,180,221,376,403,500,227,286,366,150,196,235,343,394,91,108,249,365,23,274,140,351,13,103,166,217,325,358,400,479,143,211,396,457,9,110,130,131,333,2,213,243,198,452,468,478,147,331,374,386,444,133,167,237,382,491,226,259,295,311,428,507,25,72,149,275,302,35,62,253,330,59,93,169,185,234,264,494,79,76,124,177,195,16,370,383,105,271,338,373,486,323,92,327,63,231,359,392,123,483,501,64,176,436,490,50,111,117,203,192,204,429,33,321,445,53,160,316,348,342,402,473,485,194,248,281,312,369,395,427,471,3,31,209,319,346,381,461,20,22,224,297,60,314,328,437,82,163,165,173,256,341,357,423,300,390,24,68,52,168,476,306,474,134,172,197,329,477,541,157,277,285,98,158,255,339,137,220,371,54,141,144,19,90,171,216,219,462,6,36,46,459,87,299,309,336,38,77,106,95,214,89,273,345,356,139,475,18,101,344,440,75,102,278,414,519,181,212,207,267,287,420,493,233,353,378,88,335,15,40,244,405,56,120,164,179,215,380,401,74,85,109,116,289,347,456,5,47,58,66,199,422,418,291,453,55,208,268,301,368,426,119,193,239,228,279,246,252,492,238,280,283,466,350,415,438,99,146,225,288,94,303,28,27,30,42,364,44,114,161,337,340],"type":"read_ok"}}
2024/02/25 18:59:36 Sent {"src":"n24","dest":"n12","body":{"messages":[541],"msg_id":16,"type":"broadcast"}}
2024/02/25 18:59:37 Received {n12 n24 {"messages":[522,512,524,514,503,516,533,526,505,517,508,502,527,520,510,523,504,511,506,518,513,515,509,521],"msg_id":535,"type":"broadcast"}}
2024/02/25 18:59:37 Sent {"src":"n24","dest":"n12","body":{"in_reply_to":535,"type":"broadcast_ok"}}
2024/02/25 18:59:37 Received {n12 n24 {"in_reply_to":16,"type":"broadcast_ok"}}
2024/02/25 18:59:37 Received {c74 n24 {"type":"broadcast","message":567,"msg_id":43}}
2024/02/25 18:59:37 Sent {"src":"n24","dest":"c74","body":{"in_reply_to":43,"type":"broadcast_ok"}}
2024/02/25 18:59:37 Sent {"src":"n24","dest":"n12","body":{"messages":[567],"msg_id":17,"type":"broadcast"}}
2024/02/25 18:59:37 Received {n12 n24 {"messages":[550,536,540,530,537,551,528,545,542,534,539,531,548,538,544,543,535,529,546,532,549,547,562,573],"msg_id":558,"type":"broadcast"}}
2024/02/25 18:59:37 Received {c74 n24 {"type":"broadcast","message":579,"msg_id":44}}
2024/02/25 18:59:37 Sent {"src":"n24","dest":"n12","body":{"in_reply_to":558,"type":"broadcast_ok"}}
2024/02/25 18:59:37 Sent {"src":"n24","dest":"c74","body":{"in_reply_to":44,"type":"broadcast_ok"}}
2024/02/25 18:59:37 Received {n12 n24 {"in_reply_to":17,"type":"broadcast_ok"}}
2024/02/25 18:59:37 Received {c74 n24 {"type":"broadcast","message":590,"msg_id":45}}
2024/02/25 18:59:37 Sent {"src":"n24","dest":"c74","body":{"in_reply_to":45,"type":"broadcast_ok"}}
2024/02/25 18:59:37 Sent {"src":"n24","dest":"n12","body":{"messages":[579,590],"msg_id":18,"type":"broadcast"}}
2024/02/25 18:59:38 Received {n12 n24 {"messages":[564,556,555,559,560,558,571,553,569,552,568,566,561,554,565,574,557,570,572,563],"msg_id":591,"type":"broadcast"}}
2024/02/25 18:59:38 Received {c74 n24 {"type":"broadcast","message":605,"msg_id":46}}
2024/02/25 18:59:38 Sent {"src":"n24","dest":"n12","body":{"in_reply_to":591,"type":"broadcast_ok"}}
2024/02/25 18:59:38 Sent {"src":"n24","dest":"c74","body":{"in_reply_to":46,"type":"broadcast_ok"}}
2024/02/25 18:59:38 Received {n12 n24 {"in_reply_to":18,"type":"broadcast_ok"}}
2024/02/25 18:59:38 Received {c74 n24 {"type":"read","msg_id":47}}
2024/02/25 18:59:38 Sent {"src":"n24","dest":"c74","body":{"in_reply_to":47,"messages":[14,223,360,432,448,399,416,504,45,115,174,222,247,543,549,80,152,245,251,37,97,571,284,407,470,17,112,189,201,202,441,465,590,262,361,458,292,379,126,272,324,354,527,205,560,73,352,406,450,7,200,266,525,565,61,377,26,104,107,568,49,184,230,467,498,154,320,387,425,263,451,520,129,544,454,537,113,317,260,258,349,118,257,408,241,367,218,472,497,517,71,132,503,518,10,67,121,175,434,21,83,308,464,480,522,545,546,142,388,363,417,442,547,100,138,162,385,404,41,463,242,232,236,240,548,540,128,186,254,315,443,151,499,510,145,430,125,183,191,310,65,304,355,29,187,397,424,562,0,136,155,296,446,389,439,489,487,495,188,282,326,372,398,1,69,153,435,460,523,12,51,305,318,332,8,81,156,322,482,4,32,48,391,484,500,567,127,180,221,376,403,227,286,366,150,196,235,343,394,91,108,249,365,569,23,274,140,351,358,400,479,13,103,166,217,325,553,143,211,396,457,564,534,9,110,130,131,333,2,213,243,605,198,452,468,478,542,147,331,374,386,444,535,133,167,237,382,491,507,226,259,295,311,428,25,72,149,275,302,35,62,253,330,531,264,494,538,59,93,169,185,234,79,76,124,177,195,16,370,383,561,105,271,338,373,486,323,92,327,551,63,231,359,392,123,483,501,64,176,436,490,204,429,524,50,111,117,203,192,33,321,445,574,402,473,485,53,160,316,348,342,572,395,427,471,194,248,281,312,369,381,461,3,31,209,319,346,20,22,224,297,528,60,314,328,437,526,341,357,423,82,163,165,173,256,552,300,390,511,24,68,52,168,476,306,474,539,559,541,134,172,197,329,477,157,277,285,563,98,158,255,339,137,220,371,54,141,144,462,19,90,171,216,219,6,36,46,459,87,299,309,336,513,38,77,106,95,214,89,273,345,356,533,139,475,514,18,101,344,440,505,75,102,278,414,519,420,493,181,212,207,267,287,233,353,378,566,88,335,579,15,40,244,405,532,557,570,380,401,554,56,120,164,179,215,74,456,555,558,85,109,116,289,347,422,418,530,5,47,58,66,199,291,453,508,502,426,521,55,208,268,301,368,119,193,239,516,228,279,246,252,492,238,280,283,466,350,415,438,99,146,225,288,94,303,28,27,30,42,364,550,573,556,44,114,161,337,340,86,313,481,182,269,334,419,393,413,431,39,159,229,250,290,190,412,536,411,84,122,135,375,409,78,206,529,488,512,43,148,170,293,455,34,57,70,421,496,307,433,410,447,469,261,298,294,362,384,265,506,515,276,449,509,11,96,178,210,270],"type":"read_ok"}}
2024/02/25 18:59:38 Sent {"src":"n24","dest":"n12","body":{"messages":[605],"msg_id":19,"type":"broadcast"}}
2024/02/25 18:59:38 Received {n12 n24 {"messages":[587,600,578,575,588,584,582,595,583,581,594,598,592,597,577,586,591,585,599,580,593,596,576,589,610],"msg_id":602,"type":"broadcast"}}
2024/02/25 18:59:38 Sent {"src":"n24","dest":"n12","body":{"in_reply_to":602,"type":"broadcast_ok"}}
2024/02/25 18:59:38 Received {n12 n24 {"in_reply_to":19,"type":"broadcast_ok"}}
2024/02/25 18:59:38 Received {c74 n24 {"type":"broadcast","message":632,"msg_id":48}}
2024/02/25 18:59:38 Sent {"src":"n24","dest":"c74","body":{"in_reply_to":48,"type":"broadcast_ok"}}
2024/02/25 18:59:38 Sent {"src":"n24","dest":"n12","body":{"messages":[632],"msg_id":20,"type":"broadcast"}}
2024/02/25 18:59:39 Received {n12 n24 {"messages":[602,614,615,624,618,607,619,601,613,606,609,611,617,612,604,616,603,608,638],"msg_id":632,"type":"broadcast"}}
2024/02/25 18:59:39 Received {c74 n24 {"type":"read","msg_id":49}}
2024/02/25 18:59:39 Sent {"src":"n24","dest":"n12","body":{"in_reply_to":632,"type":"broadcast_ok"}}
2024/02/25 18:59:39 Sent {"src":"n24","dest":"c74","body":{"in_reply_to":49,"messages":[26,104,107,568,611,49,184,230,467,498,154,320,387,425,263,451,520,129,544,454,537,113,317,260,258,349,118,257,408,241,367,218,472,497,517,71,132,503,518,589,10,67,121,175,434,607,21,83,308,601,464,480,522,595,142,388,363,417,442,545,546,100,138,162,385,404,547,41,463,242,232,236,240,548,128,186,254,315,443,540,151,499,510,594,145,430,125,183,191,310,596,65,304,355,616,29,187,397,424,0,136,155,296,446,562,389,439,489,188,282,326,372,398,487,495,1,69,153,435,460,580,12,51,305,318,332,523,8,81,156,322,482,593,4,32,48,391,484,127,180,221,376,403,500,567,614,227,286,366,150,196,235,343,394,91,108,249,365,569,23,274,140,351,13,103,166,217,325,358,400,479,143,211,396,457,564,553,9,110,130,131,333,534,598,2,213,243,605,198,452,468,478,542,147,331,374,386,444,133,167,237,382,491,535,226,259,295,311,428,507,25,72,149,275,302,35,62,253,592,330,531,587,585,59,93,169,185,234,264,494,538,79,76,124,177,195,16,370,383,561,618,105,271,338,373,486,323,604,92,327,551,63,231,359,392,123,483,501,64,176,436,490,50,111,117,203,192,204,429,524,33,321,445,574,53,160,316,348,342,402,473,485,572,194,248,281,312,369,395,427,471,602,3,31,209,319,346,381,461,591,20,22,224,297,60,314,328,437,526,528,582,624,82,163,165,173,256,341,357,423,552,300,390,575,615,24,68,52,168,476,511,600,306,474,539,559,134,172,197,329,477,541,157,277,285,563,98,158,255,339,137,220,371,54,141,144,19,90,171,216,219,462,619,6,36,46,459,87,299,309,336,513,603,38,77,106,95,214,89,273,345,356,533,139,475,514,18,101,344,440,505,75,102,278,414,519,609,617,181,212,207,267,287,420,493,233,353,378,566,88,335,579,15,40,244,405,532,557,570,56,120,164,179,215,380,401,554,612,74,85,109,116,289,347,456,555,558,5,47,58,66,199,422,418,530,291,453,508,502,55,208,268,301,368,426,521,119,193,239,516,228,279,246,252,492,632,238,280,283,466,350,415,438,99,146,225,288,94,303,28,27,30,42,364,599,638,44,114,161,337,340,550,573,556,86,313,481,583,182,269,334,419,576,39,159,229,250,290,393,413,431,190,412,536,84,122,135,375,409,411,606,78,206,529,584,581,43,148,170,293,455,488,512,578,34,57,70,421,496,586,608,307,433,261,298,294,362,384,410,447,469,265,506,515,577,11,96,178,210,270,276,449,509,14,223,360,432,448,45,115,174,222,247,399,416,504,543,549,80,152,245,251,597,37,97,571,17,112,189,201,202,284,407,470,441,465,590,262,361,458,292,379,613,126,272,324,354,527,588,205,560,73,352,406,450,7,200,266,525,565,610,61,377],"type":"read_ok"}}
2024/02/25 18:59:39 Received {n12 n24 {"in_reply_to":20,"type":"broadcast_ok"}}
2024/02/25 18:59:39 Received {c74 n24 {"type":"broadcast","message":657,"msg_id":50}}
2024/02/25 18:59:39 Sent {"src":"n24","dest":"c74","body":{"in_reply_to":50,"type":"broadcast_ok"}}
2024/02/25 18:59:39 Sent {"src":"n24","dest":"n12","body":{"messages":[657],"msg_id":21,"type":"broadcast"}}
2024/02/25 18:59:39 Received {n12 n24 {"messages":[629,644,642,636,620,622,637,627,641,623,631,625,639,626,640,630,633,634,621,628,643,635,668],"msg_id":650,"type":"broadcast"}}
2024/02/25 18:59:39 Sent {"src":"n24","dest":"n12","body":{"in_reply_to":650,"type":"broadcast_ok"}}
2024/02/25 18:59:39 Received {n12 n24 {"in_reply_to":21,"type":"broadcast_ok"}}
2024/02/25 18:59:39 Received {c74 n24 {"type":"read","msg_id":51}}
2024/02/25 18:59:39 Sent {"src":"n24","dest":"c74","body":{"in_reply_to":51,"messages":[21,83,308,601,464,480,522,595,545,546,625,142,388,363,417,442,547,100,138,162,385,404,41,463,644,242,232,236,240,548,540,128,186,254,315,443,151,499,510,594,145,430,629,623,125,183,191,310,596,65,304,355,616,29,187,397,424,562,0,136,155,296,446,389,439,489,487,495,188,282,326,372,398,580,1,69,153,435,460,523,12,51,305,318,332,593,8,81,156,322,482,4,32,48,391,484,500,567,614,127,180,221,376,403,227,286,366,640,150,196,235,343,394,91,108,249,365,569,23,274,630,140,351,358,400,479,13,103,166,217,325,553,143,211,396,457,564,534,598,9,110,130,131,333,2,213,243,605,198,452,468,478,542,147,331,374,386,444,535,133,167,237,382,491,507,657,226,259,295,311,428,25,72,149,275,302,35,62,253,592,330,531,587,585,636,264,494,538,59,93,169,185,234,79,76,124,177,195,16,370,383,561,618,627,105,271,338,373,486,323,604,622,92,327,551,621,63,231,359,392,123,483,501,64,176,436,490,204,429,524,50,111,117,203,192,33,321,445,574,402,473,485,53,160,316,348,342,572,639,395,427,471,194,248,281,312,369,602,381,461,591,3,31,209,319,346,20,22,224,297,528,582,624,60,314,328,437,526,341,357,423,82,163,165,173,256,552,300,390,575,615,511,600,24,68,52,168,476,306,474,539,559,541,134,172,197,329,477,157,277,285,563,633,98,158,255,339,137,220,371,54,141,144,462,619,19,90,171,216,219,6,36,46,459,603,668,87,299,309,336,513,38,77,106,95,214,89,273,345,356,533,139,475,514,18,101,344,440,505,609,617,628,75,102,278,414,519,420,493,620,181,212,207,267,287,233,353,378,566,88,335,579,15,40,244,405,532,557,570,380,401,554,56,120,164,179,215,612,74,456,555,558,85,109,116,289,347,422,418,530,5,47,58,66,199,291,453,508,502,426,521,55,208,268,301,368,119,193,239,516,632,228,279,246,252,492,238,280,283,466,350,415,438,99,146,225,288,94,303,599,638,28,27,30,42,364,550,573,556,44,114,161,337,340,86,313,481,583,182,269,334,419,576,393,413,431,39,159,229,250,290,190,412,536,411,606,84,122,135,375,409,78,206,529,584,581,488,512,578,43,148,170,293,455,586,608,643,34,57,70,421,496,307,433,626,410,447,469,261,298,294,362,384,265,506,515,577,276,449,509,11,96,178,210,270,641,14,223,360,432,448,399,416,504,45,115,174,222,247,543,549,80,152,245,251,597,37,97,571,284,407,470,17,112,189,201,202,441,465,590,262,361,458,292,379,613,642,588,126,272,324,354,527,205,560,73,352,406,450,610,7,200,266,525,565,61,377,26,104,107,568,611,49,184,230,467,498,154,320,387,425,634,263,451,520,129,544,454,537,113,317,260,258,349,635,118,257,408,637,631,241,367,218,472,497,517,71,132,503,518,589,607,10,67,121,175,434],"type":"read_ok"}}
2024/02/25 18:59:39 Received {c74 n24 {"type":"read","msg_id":52}}
2024/02/25 18:59:39 Sent {"src":"n24","dest":"c74","body":{"in_reply_to":52,"messages":[263,451,520,129,544,454,537,113,317,260,258,349,118,257,408,637,631,635,241,367,218,472,497,517,71,132,503,518,589,10,67,121,175,434,607,21,83,308,601,464,480,522,595,546,625,142,388,363,417,442,545,100,138,162,385,404,547,41,463,644,242,232,236,240,548,128,186,254,315,443,540,151,499,510,594,145,430,623,125,183,191,310,596,629,65,304,355,616,29,187,397,424,0,136,155,296,446,562,389,439,489,495,188,282,326,372,398,487,1,69,153,435,460,580,12,51,305,318,332,523,8,81,156,322,482,593,4,32,48,391,484,567,614,127,180,221,376,403,500,227,286,366,150,196,235,343,394,640,91,108,249,365,569,23,274,630,140,351,400,479,13,103,166,217,325,358,143,211,396,457,564,553,598,9,110,130,131,333,534,2,213,243,605,198,452,468,478,542,147,331,374,386,444,133,167,237,382,491,535,657,226,259,295,311,428,507,25,72,149,275,302,35,62,253,592,330,531,587,585,636,494,538,59,93,169,185,234,264,79,76,124,177,195,16,370,383,561,618,105,271,338,373,486,627,323,604,622,92,327,551,621,63,231,359,392,123,483,501,64,176,436,490,429,524,50,111,117,203,192,204,33,321,445,574,473,485,53,160,316,348,342,402,572,639,427,471,194,248,281,312,369,395,602,461,591,3,31,209,319,346,381,20,22,224,297,582,624,60,314,328,437,526,528,357,423,82,163,165,173,256,341,552,300,390,575,615,600,24,68,52,168,476,511,306,474,539,559,134,172,197,329,477,541,157,277,285,563,633,98,158,255,339,137,220,371,54,141,144,619,19,90,171,216,219,462,6,36,46,459,668,87,299,309,336,513,603,38,77,106,95,214,89,273,345,356,533,139,475,514,18,101,344,440,505,617,628,75,102,278,414,519,609,493,620,181,212,207,267,287,420,233,353,378,566,88,335,579,15,40,244,405,532,557,570,401,554,56,120,164,179,215,380,612,74,555,558,85,109,116,289,347,456,418,530,5,47,58,66,199,422,291,453,508,502,521,55,208,268,301,368,426,119,193,239,516,228,279,246,252,492,632,238,280,283,466,350,415,438,99,146,225,288,94,303,638,28,27,30,42,364,599,573,556,44,114,161,337,340,550,86,313,481,583,182,269,334,419,576,413,431,39,159,229,250,290,393,190,412,536,606,84,122,135,375,409,411,78,206,529,584,581,512,578,43,148,170,293,455,488,608,643,34,57,70,421,496,586,307,433,626,447,469,261,298,294,362,384,410,265,506,515,577,449,509,11,96,178,210,270,276,14,223,360,432,448,641,416,504,45,115,174,222,247,399,543,549,80,152,245,251,597,37,97,571,407,470,17,112,189,201,202,284,441,465,590,262,361,458,292,379,613,642,126,272,324,354,527,588,205,560,73,352,406,450,7,200,266,525,565,610,61,377,26,104,107,568,611,49,184,230,467,498,154,320,387,425,634],"type":"read_ok"}}
2024/02/25 18:59:40 Received {n12 n24 {"messages":[652,664,656,648,661,660,655,667,646,659,653,665,654,666,647,645,658,651,663,649,650,662],"msg_id":695,"type":"broadcast"}}
2024/02/25 18:59:40 Sent {"src":"n24","dest":"n12","body":{"in_reply_to":695,"type":"broadcast_ok"}}
2024/02/25 18:59:40 Received {c74 n24 {"type":"read","msg_id":53}}
2024/02/25 18:59:40 Sent {"src":"n24","dest":"c74","body":{"in_reply_to":53,"messages":[538,59,93,169,185,234,264,494,79,76,124,177,195,16,370,383,561,618,105,271,338,373,486,627,323,604,622,659,92,327,551,621,63,231,359,392,123,483,501,660,64,176,436,490,524,50,111,117,203,192,204,429,33,321,445,574,485,53,160,316,348,342,402,473,572,639,471,194,248,281,312,369,395,427,602,647,591,3,31,209,319,346,381,461,20,22,224,297,624,60,314,328,437,526,528,582,423,82,163,165,173,256,341,357,552,300,390,575,615,24,68,52,168,476,511,600,306,474,539,559,134,172,197,329,477,541,157,277,285,563,633,98,158,255,339,137,220,371,54,141,144,662,19,90,171,216,219,462,619,6,36,46,459,658,87,299,309,336,513,603,668,38,77,106,95,214,89,273,345,356,533,139,475,514,652,18,101,344,440,505,628,75,102,278,414,519,609,617,620,181,212,207,267,287,420,493,663,233,353,378,566,88,335,579,651,15,40,244,405,532,557,570,554,56,120,164,179,215,380,401,612,665,645,74,558,85,109,116,289,347,456,555,530,5,47,58,66,199,422,418,291,453,508,502,654,55,208,268,301,368,426,521,119,193,239,516,228,279,246,252,492,632,238,280,283,466,350,415,438,99,146,225,288,646,94,303,28,27,30,42,364,599,638,556,44,114,161,337,340,550,573,86,313,481,583,656,182,269,334,419,576,431,39,159,229,250,290,393,413,190,412,536,84,122,135,375,409,411,606,78,206,529,584,581,578,43,148,170,293,455,488,512,643,34,57,70,421,496,586,608,307,433,626,661,469,261,298,294,362,384,410,447,265,506,515,577,509,11,96,178,210,270,276,449,14,223,360,432,448,641,504,45,115,174,222,247,399,416,543,549,80,152,245,251,597,650,37,97,571,470,17,112,189,201,202,284,407,441,465,590,262,361,458,648,292,379,613,642,667,126,272,324,354,527,588,205,560,73,352,406,450,7,200,266,525,565,610,61,377,26,104,107,568,611,49,184,230,467,498,154,320,387,425,634,263,451,520,129,544,454,537,113,317,260,258,349,118,257,408,637,631,635,241,367,218,472,497,517,71,132,503,518,589,10,67,121,175,434,607,21,83,308,601,464,480,522,595,664,625,142,388,363,417,442,545,546,653,100,138,162,385,404,547,655,41,463,644,242,232,236,240,548,128,186,254,315,443,540,151,499,510,594,145,430,125,183,191,310,596,629,623,65,304,355,616,29,187,397,424,0,136,155,296,446,562,666,389,439,489,188,282,326,372,398,487,495,1,69,153,435,460,580,12,51,305,318,332,523,8,81,156,322,482,593,649,4,32,48,391,484,614,127,180,221,376,403,500,567,227,286,366,150,196,235,343,394,640,91,108,249,365,569,23,274,630,140,351,479,13,103,166,217,325,358,400,143,211,396,457,564,553,9,110,130,131,333,534,598,2,213,243,605,198,452,468,478,542,147,331,374,386,444,133,167,237,382,491,535,226,259,295,311,428,507,657,25,72,149,275,302,35,62,253,592,330,531,587,585,636],"type":"read_ok"}}
2024/02/25 18:59:40 Received {n12 n24 {"messages":[675,679,685,684,673,671,682,670,681,669,680,676,687,688,672,683,689,674,677,678,686,706],"msg_id":700,"type":"broadcast"}}
2024/02/25 18:59:40 Received {c74 n24 {"type":"read","msg_id":54}}
2024/02/25 18:59:40 Sent {"src":"n24","dest":"n12","body":{"in_reply_to":700,"type":"broadcast_ok"}}
2024/02/25 18:59:40 Sent {"src":"n24","dest":"c74","body":{"in_reply_to":54,"messages":[556,44,114,161,337,340,550,573,86,313,481,583,656,182,269,334,419,576,431,39,159,229,250,290,393,413,190,412,536,84,122,135,375,409,411,606,78,206,529,584,581,578,43,148,170,293,455,488,512,643,34,57,70,421,496,586,608,688,307,433,626,661,687,706,469,261,298,294,362,384,410,447,265,506,515,577,509,11,96,178,210,270,276,449,14,223,360,432,448,641,671,504,45,115,174,222,247,399,416,543,549,682,80,152,245,251,597,650,37,97,571,672,470,17,112,189,201,202,284,407,441,465,590,262,361,458,648,292,379,613,642,667,126,272,324,354,527,588,205,560,73,352,406,450,7,200,266,525,565,610,61,377,26,104,107,568,611,49,184,230,467,498,154,320,387,425,634,263,451,520,129,544,673,454,537,113,317,260,258,349,669,118,257,408,637,631,635,241,367,218,472,497,517,71,132,503,518,589,10,67,121,175,434,607,21,83,308,601,684,464,480,522,595,664,625,142,388,363,417,442,545,546,653,100,138,162,385,404,547,655,41,463,644,242,232,236,240,548,128,186,254,315,443,540,689,151,499,510,594,683,145,430,125,183,191,310,596,629,623,65,304,355,616,29,187,397,424,0,136,155,296,446,562,666,389,439,489,679,680,188,282,326,372,398,487,495,1,69,153,435,460,580,12,51,305,318,332,523,8,81,156,322,482,593,649,4,32,48,391,484,614,127,180,221,376,403,500,567,227,286,366,678,150,196,235,343,394,640,91,108,249,365,569,677,23,274,630,140,351,479,13,103,166,217,325,358,400,143,211,396,457,564,553,9,110,130,131,333,534,598,2,213,243,605,198,452,468,478,542,670,147,331,374,386,444,133,167,237,382,491,535,676,226,259,295,311,428,507,657,25,72,149,275,302,35,62,253,592,330,531,587,585,636,538,59,93,169,185,234,264,494,79,76,124,177,195,16,370,383,561,618,105,271,338,373,486,627,323,604,622,659,92,327,551,621,63,231,359,392,123,483,501,660,64,176,436,490,524,50,111,117,203,192,204,429,33,321,445,574,485,53,160,316,348,342,402,473,572,639,471,194,248,281,312,369,395,427,602,647,591,3,31,209,319,346,381,461,20,22,224,297,624,60,314,328,437,526,528,582,423,82,163,165,173,256,341,357,552,674,300,390,575,615,24,68,52,168,476,511,600,306,474,539,559,134,172,197,329,477,541,157,277,285,563,633,98,158,255,339,137,220,371,54,141,144,662,19,90,171,216,219,462,619,6,36,46,459,658,87,299,309,336,513,603,668,38,77,106,95,214,89,273,345,356,533,139,475,514,652,18,101,344,440,505,681,628,75,102,278,414,519,609,617,620,181,212,207,267,287,420,493,663,233,353,378,566,88,335,579,651,685,686,15,40,244,405,532,557,570,554,56,120,164,179,215,380,401,612,665,645,74,558,85,109,116,289,347,456,555,530,5,47,58,66,199,422,418,291,453,508,502,654,675,55,208,268,301,368,426,521,119,193,239,516,228,279,246,252,492,632,238,280,283,466,350,415,438,99,146,225,288,646,94,303,28,27,30,42,364,599,638],"type":"read_ok"}}
2024/02/25 18:59:40 Received {c74 n24 {"type":"read","msg_id":55}}
2024/02/25 18:59:40 Sent {"src":"n24","dest":"c74","body":{"in_reply_to":55,"messages":[218,472,497,517,71,132,503,518,589,10,67,121,175,434,607,21,83,308,601,684,464,480,522,595,664,625,142,388,363,417,442,545,546,653,100,138,162,385,404,547,655,41,463,644,242,232,236,240,548,128,186,254,315,443,540,689,151,499,510,594,683,145,430,125,183,191,310,596,629,623,65,304,355,616,29,187,397,424,0,136,155,296,446,562,666,389,439,489,679,680,188,282,326,372,398,487,495,1,69,153,435,460,580,12,51,305,318,332,523,8,81,156,322,482,593,649,4,32,48,391,484,614,127,180,221,376,403,500,567,227,286,366,678,150,196,235,343,394,640,91,108,249,365,569,677,23,274,630,140,351,479,13,103,166,217,325,358,400,143,211,396,457,564,553,9,110,130,131,333,534,598,2,213,243,605,198,452,468,478,542,670,147,331,374,386,444,133,167,237,382,491,535,676,226,259,295,311,428,507,657,25,72,149,275,302,35,62,253,592,330,531,587,585,636,538,59,93,169,185,234,264,494,79,76,124,177,195,16,370,383,561,618,105,271,338,373,486,627,323,604,622,659,92,327,551,621,63,231,359,392,123,483,501,660,64,176,436,490,524,50,111,117,203,192,204,429,33,321,445,574,485,53,160,316,348,342,402,473,572,639,471,194,248,281,312,369,395,427,602,647,591,3,31,209,319,346,381,461,20,22,224,297,624,60,314,328,437,526,528,582,423,82,163,165,173,256,341,357,552,674,300,390,575,615,24,68,52,168,476,511,600,306,474,539,559,134,172,197,329,477,541,157,277,285,563,633,98,158,255,339,137,220,371,54,141,144,662,19,90,171,216,219,462,619,6,36,46,459,658,87,299,309,336,513,603,668,38,77,106,95,214,89,273,345,356,533,139,475,514,652,18,101,344,440,505,681,628,75,102,278,414,519,609,617,620,181,212,207,267,287,420,493,663,233,353,378,566,88,335,579,651,685,686,15,40,244,405,532,557,570,554,56,120,164,179,215,380,401,612,665,645,74,558,85,109,116,289,347,456,555,530,5,47,58,66,199,422,418,291,453,508,502,654,675,55,208,268,301,368,426,521,119,193,239,516,228,279,246,252,492,632,238,280,283,466,350,415,438,99,146,225,288,646,94,303,28,27,30,42,364,599,638,556,44,114,161,337,340,550,573,86,313,481,583,656,182,269,334,419,576,431,39,159,229,250,290,393,413,190,412,536,84,122,135,375,409,411,606,78,206,529,584,581,578,43,148,170,293,455,488,512,643,34,57,70,421,496,586,608,688,307,433,626,661,687,706,469,261,298,294,362,384,410,447,265,506,515,577,509,11,96,178,210,270,276,449,14,223,360,432,448,641,671,504,45,115,174,222,247,399,416,543,549,682,80,152,245,251,597,650,37,97,571,672,470,17,112,189,201,202,284,407,441,465,590,262,361,458,648,292,379,613,642,667,126,272,324,354,527,588,205,560,73,352,406,450,7,200,266,525,565,610,61,377,26,104,107,568,611,49,184,230,467,498,154,320,387,425,634,263,451,520,129,544,673,454,537,113,317,260,258,349,669,118,257,408,637,631,635,241,367],"type":"read_ok"}}
2024/02/25 18:59:41 Received {n12 n24 {"messages":[699,698,692,690,702,693,705,700,694,708,703,695,707,696,709,701,704,691,697],"msg_id":744,"type":"broadcast"}}
2024/02/25 18:59:41 Sent {"src":"n24","dest":"n12","body":{"in_reply_to":744,"type":"broadcast_ok"}}
2024/02/25 18:59:41 Received {c74 n24 {"type":"read","msg_id":56}}
2024/02/25 18:59:41 Sent {"src":"n24","dest":"c74","body":{"in_reply_to":56,"messages":[380,401,554,56,120,164,179,215,612,665,645,695,74,456,555,558,85,109,116,289,347,422,418,530,5,47,58,66,199,675,694,291,453,508,502,654,426,521,55,208,268,301,368,119,193,239,516,632,228,279,246,252,492,238,280,283,466,350,415,438,99,146,225,288,646,94,303,599,638,28,27,30,42,364,550,573,556,44,114,161,337,340,86,313,481,583,656,182,269,334,419,576,393,413,431,39,159,229,250,290,190,412,536,411,606,699,84,122,135,375,409,78,206,529,584,581,488,512,578,43,148,170,293,455,586,608,643,34,57,70,421,496,688,693,706,307,433,626,661,687,410,447,469,261,298,294,362,384,265,506,515,577,276,449,509,11,96,178,210,270,641,671,14,223,360,432,448,399,416,504,45,115,174,222,247,543,549,682,650,80,152,245,251,597,37,97,571,672,284,407,470,17,112,189,201,202,441,465,590,704,708,262,361,458,648,690,292,379,613,642,667,588,126,272,324,354,527,205,560,73,352,406,450,610,7,200,266,525,565,61,377,26,104,107,568,611,49,184,230,467,498,154,320,387,425,634,263,451,520,129,544,673,454,537,113,317,260,258,349,669,635,118,257,408,637,631,241,367,218,472,497,517,71,132,503,518,589,607,10,67,121,175,434,21,83,308,601,684,464,480,522,595,664,545,546,625,142,388,363,417,442,697,547,655,653,100,138,162,385,404,41,463,644,242,232,236,240,548,540,689,128,186,254,315,443,151,499,510,594,683,145,430,629,623,125,183,191,310,596,65,304,355,616,29,187,397,424,562,666,0,136,155,296,446,389,439,489,679,487,495,680,188,282,326,372,398,580,1,69,153,435,460,523,12,51,305,318,332,593,649,8,81,156,322,482,4,32,48,391,484,500,567,614,127,180,221,376,403,701,227,286,366,678,640,150,196,235,343,394,677,709,91,108,249,365,569,23,274,630,140,351,358,400,479,13,103,166,217,325,553,143,211,396,457,564,534,598,9,110,130,131,333,2,213,243,605,670,198,452,468,478,542,147,331,374,386,444,535,676,133,167,237,382,491,507,657,692,226,259,295,311,428,25,72,149,275,302,35,62,253,592,691,330,531,587,585,636,264,494,538,59,93,169,185,234,702,705,79,76,124,177,195,16,370,383,561,618,627,105,271,338,373,486,323,604,622,659,92,327,551,621,703,63,231,359,392,123,483,501,660,698,64,176,436,490,707,204,429,524,50,111,117,203,192,33,321,445,574,402,473,485,53,160,316,348,342,572,639,395,427,471,194,248,281,312,369,602,647,381,461,591,3,31,209,319,346,20,22,224,297,696,528,582,624,60,314,328,437,526,341,357,423,82,163,165,173,256,552,674,300,390,575,615,511,600,24,68,52,168,476,306,474,539,559,541,134,172,197,329,477,157,277,285,563,633,98,158,255,339,137,220,371,54,141,144,462,619,662,19,90,171,216,219,6,36,46,459,658,603,668,87,299,309,336,513,38,77,106,95,214,89,273,345,356,533,139,475,514,652,681,18,101,344,440,505,609,617,628,75,102,278,414,519,700,420,493,620,181,212,207,267,287,663,233,353,378,566,686,88,335,579,651,685,15,40,244,405,532,557,570],"type":"read_ok"}}
2024/02/25 18:59:41 Received {n12 n24 {"messages":[723,722,717,713,716,726,714,718,728,727,720,711,719,710,712,724,715,725,721,742],"msg_id":768,"type":"broadcast"}}
2024/02/25 18:59:41 Received {c74 n24 {"type":"read","msg_id":57}}
2024/02/25 18:59:41 Sent {"src":"n24","dest":"n12","body":{"in_reply_to":768,"type":"broadcast_ok"}}
2024/02/25 18:59:41 Sent {"src":"n24","dest":"c74","body":{"in_reply_to":57,"messages":[323,604,622,659,92,327,551,621,703,63,231,359,392,123,483,501,660,698,64,176,436,490,707,204,429,524,50,111,117,203,192,716,33,321,445,574,402,473,485,53,160,316,348,342,572,639,395,427,471,194,248,281,312,369,602,647,381,461,591,3,31,209,319,346,20,22,224,297,696,528,582,624,60,314,328,437,526,341,357,423,82,163,165,173,256,552,674,300,390,575,615,511,600,24,68,52,168,476,306,474,539,559,713,541,134,172,197,329,477,157,277,285,563,633,98,158,255,339,137,220,371,54,141,144,462,619,662,19,90,171,216,219,6,36,46,459,658,603,668,87,299,309,336,513,38,77,106,95,214,89,273,345,356,533,139,475,514,652,681,18,101,344,440,505,609,617,628,75,102,278,414,519,700,717,420,493,620,181,212,207,267,287,663,233,353,378,566,686,88,335,579,651,685,15,40,244,405,532,557,570,726,380,401,554,56,120,164,179,215,612,665,645,695,711,74,456,555,558,85,109,116,289,347,422,418,530,5,47,58,66,199,675,694,291,453,508,502,654,426,521,55,208,268,301,368,119,193,239,516,632,228,279,246,252,492,238,280,283,466,350,415,438,742,99,146,225,288,646,94,303,599,638,28,27,30,42,364,550,573,556,44,114,161,337,340,86,313,481,583,656,182,269,334,419,576,393,413,431,39,159,229,250,290,190,412,536,411,606,699,84,122,135,375,409,78,206,529,584,581,488,512,578,43,148,170,293,455,586,608,643,34,57,70,421,496,688,693,706,307,433,626,661,687,410,447,469,261,298,294,362,384,265,506,515,577,276,449,509,11,96,178,210,270,641,671,14,223,360,432,448,399,416,504,45,115,174,222,247,543,549,682,650,80,152,245,251,597,37,97,571,672,284,407,470,17,112,189,201,202,441,465,590,704,708,262,361,458,648,690,292,379,613,642,667,588,126,272,324,354,527,205,560,73,352,406,450,610,7,200,266,525,565,61,377,26,104,107,568,611,49,184,230,467,498,154,320,387,425,634,263,451,520,129,544,673,454,537,718,113,317,260,258,349,669,635,118,257,408,637,631,241,367,218,472,497,517,725,71,132,503,518,589,607,10,67,121,175,434,21,83,308,601,684,464,480,522,595,664,545,546,625,142,388,363,417,442,697,728,547,655,653,100,138,162,385,404,41,463,644,714,242,232,236,240,548,540,689,128,186,254,315,443,151,499,510,594,683,145,430,629,623,722,125,183,191,310,596,65,304,355,616,29,187,397,424,562,666,0,136,155,296,446,389,439,489,679,487,495,680,188,282,326,372,398,580,727,1,69,153,435,460,523,720,12,51,305,318,332,593,649,8,81,156,322,482,4,32,48,391,484,500,567,614,127,180,221,376,403,701,227,286,366,678,640,150,196,235,343,394,677,709,724,91,108,249,365,569,721,23,274,630,710,140,351,358,400,479,13,103,166,217,325,553,143,211,396,457,564,534,598,712,9,110,130,131,333,2,213,243,605,670,198,452,468,478,542,147,331,374,386,444,535,676,133,167,237,382,491,507,657,692,226,259,295,311,428,723,719,25,72,149,275,302,35,62,253,592,691,330,531,587,585,636,264,494,538,59,93,169,185,234,702,705,79,76,124,177,195,16,370,383,561,618,627,715,105,271,338,373,486],"type":"read_ok"}}
2024/02/25 18:59:41 Received {c74 n24 {"type":"read","msg_id":58}}
2024/02/25 18:59:41 Sent {"src":"n24","dest":"c74","body":{"in_reply_to":58,"messages":[323,604,622,659,703,92,327,551,621,63,231,359,392,698,123,483,501,660,707,64,176,436,490,192,204,429,524,50,111,117,203,716,33,321,445,574,342,402,473,485,53,160,316,348,572,639,369,395,427,471,194,248,281,312,602,647,346,381,461,591,3,31,209,319,696,20,22,224,297,526,528,582,624,60,314,328,437,256,341,357,423,82,163,165,173,552,674,300,390,575,615,476,511,600,24,68,52,168,713,306,474,539,559,477,541,134,172,197,329,633,157,277,285,563,98,158,255,339,137,220,371,54,141,144,219,462,619,662,19,90,171,216,658,6,36,46,459,513,603,668,87,299,309,336,214,38,77,106,95,533,89,273,345,356,139,475,514,652,505,681,18,101,344,440,519,609,617,628,75,102,278,414,700,717,287,420,493,620,181,212,207,267,663,233,353,378,566,685,686,88,335,579,651,532,15,40,244,405,557,570,726,215,380,401,554,56,120,164,179,711,612,665,645,695,74,347,456,555,558,85,109,116,289,199,422,418,530,5,47,58,66,654,675,694,291,453,508,502,368,426,521,55,208,268,301,119,193,239,516,492,632,228,279,246,252,238,280,283,466,350,415,438,742,646,99,146,225,288,94,303,364,599,638,28,27,30,42,340,550,573,556,44,114,161,337,656,86,313,481,583,576,182,269,334,419,290,393,413,431,39,159,229,250,190,412,536,409,411,606,699,84,122,135,375,581,78,206,529,584,455,488,512,578,43,148,170,293,496,586,608,643,34,57,70,421,688,693,687,706,307,433,626,661,384,410,447,469,261,298,294,362,265,506,515,577,270,276,449,509,11,96,178,210,448,641,671,14,223,360,432,247,399,416,504,45,115,174,222,543,549,682,597,650,80,152,245,251,37,97,571,672,202,284,407,470,17,112,189,201,441,465,590,704,708,262,361,458,648,667,690,292,379,613,642,527,588,126,272,324,354,205,560,73,352,406,450,565,610,7,200,266,525,61,377,611,26,104,107,568,498,49,184,230,467,634,154,320,387,425,263,451,520,129,544,673,454,537,718,113,317,260,258,349,669,631,635,118,257,408,637,241,367,218,472,497,517,589,725,71,132,503,518,434,607,10,67,121,175,684,21,83,308,601,664,464,480,522,595,442,545,546,625,142,388,363,417,697,728,404,547,655,653,100,138,162,385,41,463,644,548,714,242,232,236,240,443,540,689,128,186,254,315,683,151,499,510,594,145,430,596,629,623,722,125,183,191,310,65,304,355,616,29,187,397,424,446,562,666,0,136,155,296,389,439,489,679,398,487,495,680,188,282,326,372,460,580,727,1,69,153,435,332,523,720,12,51,305,318,482,593,649,8,81,156,322,484,4,32,48,391,403,500,567,614,127,180,221,376,701,227,286,366,678,394,640,150,196,235,343,569,677,709,724,91,108,249,365,721,23,274,630,710,140,351,325,358,400,479,13,103,166,217,564,553,143,211,396,457,333,534,598,712,9,110,130,131,2,213,243,605,542,670,198,452,468,478,444,147,331,374,386,491,535,676,133,167,237,382,428,507,657,692,226,259,295,311,302,723,719,25,72,149,275,35,62,253,592,636,691,330,531,587,585,234,264,494,538,59,93,169,185,702,705,195,79,76,124,177,618,16,370,383,561,486,627,715,105,271,338,373],"type":"read_ok"}}
2024/02/25 18:59:42 Received {n12 n24 {"messages":[749,739,732,746,748,735,738,737,730,744,741,733,734,740,751,731,745,747,729,743,736,750],"msg_id":792,"type":"broadcast"}}
2024/02/25 18:59:42 Received {c74 n24 {"type":"read","msg_id":59}}
2024/02/25 18:59:42 Sent {"src":"n24","dest":"n12","body":{"in_reply_to":792,"type":"broadcast_ok"}}
2024/02/25 18:59:42 Sent {"src":"n24","dest":"c74","body":{"in_reply_to":59,"messages":[680,188,282,326,372,398,487,495,1,69,153,435,460,580,727,12,51,305,318,332,523,720,8,81,156,322,482,593,649,4,32,48,391,484,732,614,127,180,221,376,403,500,567,701,227,286,366,678,150,196,235,343,394,640,724,91,108,249,365,569,677,709,721,741,23,274,630,710,140,351,479,13,103,166,217,325,358,400,143,211,396,457,564,553,712,9,110,130,131,333,534,598,750,2,213,243,605,745,198,452,468,478,542,670,147,331,374,386,444,736,133,167,237,382,491,535,676,692,226,259,295,311,428,507,657,25,72,149,275,302,723,719,35,62,253,592,330,531,587,585,636,691,538,59,93,169,185,234,264,494,702,705,79,76,124,177,195,16,370,383,561,618,105,271,338,373,486,627,715,323,604,622,659,92,327,551,621,703,63,231,359,392,123,483,501,660,698,64,176,436,490,707,524,50,111,117,203,192,204,429,716,33,321,445,574,485,53,160,316,348,342,402,473,572,639,471,194,248,281,312,369,395,427,602,647,738,591,3,31,209,319,346,381,461,20,22,224,297,696,624,60,314,328,437,526,528,582,734,751,423,82,163,165,173,256,341,357,552,674,735,300,390,575,615,731,24,68,52,168,476,511,600,306,474,539,559,713,134,172,197,329,477,541,157,277,285,563,633,98,158,255,339,137,220,371,54,141,144,662,19,90,171,216,219,462,619,6,36,46,459,658,87,299,309,336,513,603,668,38,77,106,95,214,89,273,345,356,533,139,475,514,652,18,101,344,440,505,681,628,75,102,278,414,519,609,617,700,717,620,181,212,207,267,287,420,493,663,744,233,353,378,566,88,335,579,651,685,686,15,40,244,405,532,557,570,726,747,554,56,120,164,179,215,380,401,612,665,645,695,711,74,558,85,109,116,289,347,456,555,530,5,47,58,66,199,422,418,291,453,508,502,654,675,694,55,208,268,301,368,426,521,119,193,239,516,228,279,246,252,492,632,238,280,283,466,350,415,438,742,99,146,225,288,646,94,303,28,27,30,42,364,599,638,556,44,114,161,337,340,550,573,86,313,481,583,656,182,269,334,419,576,431,39,159,229,250,290,393,413,190,412,536,699,84,122,135,375,409,411,606,78,206,529,584,581,737,578,43,148,170,293,455,488,512,643,34,57,70,421,496,586,608,688,693,307,433,626,661,687,706,469,261,298,294,362,384,410,447,265,506,515,577,509,11,96,178,210,270,276,449,730,14,223,360,432,448,641,671,504,45,115,174,222,247,399,416,543,549,682,80,152,245,251,597,650,37,97,571,672,470,17,112,189,201,202,284,407,441,465,590,704,708,746,733,262,361,458,648,292,379,613,642,667,690,126,272,324,354,527,588,205,560,73,352,406,450,7,200,266,525,565,610,749,61,377,26,104,107,568,611,49,184,230,467,498,154,320,387,425,634,263,451,520,129,544,673,454,537,718,113,317,740,729,260,258,349,669,118,257,408,637,631,635,241,367,739,218,472,497,517,71,132,503,518,589,725,10,67,121,175,434,607,21,83,308,601,684,464,480,522,595,664,625,142,388,363,417,442,545,546,697,728,653,100,138,162,385,404,547,655,41,463,644,748,242,232,236,240,548,714,128,186,254,315,443,540,689,151,499,510,594,683,145,430,722,125,183,191,310,596,629,623,65,304,355,616,743,29,187,397,424,0,136,155,296,446,562,666,389,439,489,679],"type":"read_ok"}}
2024/02/25 18:59:42 Received {c74 n24 {"type":"read","msg_id":60}}
2024/02/25 18:59:42 Sent {"src":"n24","dest":"c74","body":{"in_reply_to":60,"messages":[5,47,58,66,199,422,418,530,291,453,508,502,654,675,694,55,208,268,301,368,426,521,119,193,239,516,228,279,246,252,492,632,238,280,283,466,350,415,438,742,99,146,225,288,646,94,303,28,27,30,42,364,599,638,44,114,161,337,340,550,573,556,86,313,481,583,656,182,269,334,419,576,39,159,229,250,290,393,413,431,190,412,536,84,122,135,375,409,411,606,699,78,206,529,584,581,737,43,148,170,293,455,488,512,578,34,57,70,421,496,586,608,643,688,693,307,433,626,661,687,706,261,298,294,362,384,410,447,469,265,506,515,577,11,96,178,210,270,276,449,509,730,14,223,360,432,448,641,671,45,115,174,222,247,399,416,504,543,549,682,80,152,245,251,597,650,37,97,571,672,17,112,189,201,202,284,407,470,441,465,590,704,708,746,733,262,361,458,648,292,379,613,642,667,690,126,272,324,354,527,588,205,560,73,352,406,450,7,200,266,525,565,610,749,61,377,26,104,107,568,611,49,184,230,467,498,154,320,387,425,634,263,451,520,129,544,673,454,537,718,113,317,740,729,260,258,349,669,118,257,408,637,631,635,241,367,739,218,472,497,517,71,132,503,518,589,725,10,67,121,175,434,607,21,83,308,601,684,464,480,522,595,664,142,388,363,417,442,545,546,625,697,728,100,138,162,385,404,547,655,653,41,463,644,748,242,232,236,240,548,714,128,186,254,315,443,540,689,151,499,510,594,683,145,430,125,183,191,310,596,629,623,722,65,304,355,616,743,29,187,397,424,0,136,155,296,446,562,666,389,439,489,679,188,282,326,372,398,487,495,680,1,69,153,435,460,580,727,12,51,305,318,332,523,720,8,81,156,322,482,593,649,4,32,48,391,484,732,127,180,221,376,403,500,567,614,701,227,286,366,678,150,196,235,343,394,640,91,108,249,365,569,677,709,724,721,741,23,274,630,710,140,351,13,103,166,217,325,358,400,479,143,211,396,457,564,553,9,110,130,131,333,534,598,712,750,2,213,243,605,745,198,452,468,478,542,670,147,331,374,386,444,736,133,167,237,382,491,535,676,226,259,295,311,428,507,657,692,25,72,149,275,302,723,719,35,62,253,592,330,531,587,585,636,691,59,93,169,185,234,264,494,538,702,705,79,76,124,177,195,16,370,383,561,618,105,271,338,373,486,627,715,323,604,622,659,92,327,551,621,703,63,231,359,392,123,483,501,660,698,64,176,436,490,707,50,111,117,203,192,204,429,524,716,33,321,445,574,53,160,316,348,342,402,473,485,572,639,194,248,281,312,369,395,427,471,602,647,738,3,31,209,319,346,381,461,591,20,22,224,297,696,60,314,328,437,526,528,582,624,734,751,82,163,165,173,256,341,357,423,552,674,735,300,390,575,615,731,24,68,52,168,476,511,600,306,474,539,559,713,134,172,197,329,477,541,157,277,285,563,633,98,158,255,339,137,220,371,54,141,144,19,90,171,216,219,462,619,662,6,36,46,459,658,87,299,309,336,513,603,668,38,77,106,95,214,89,273,345,356,533,139,475,514,652,18,101,344,440,505,681,75,102,278,414,519,609,617,628,700,717,181,212,207,267,287,420,493,620,663,744,233,353,378,566,88,335,579,651,685,686,15,40,244,405,532,557,570,726,747,56,120,164,179,215,380,401,554,612,665,645,695,711,74,85,109,116,289,347,456,555,558],"type":"read_ok"}}
2024/02/25 18:59:42 Received {n12 n24 {"messages":[757,772,752,765,762,754,756,771,769,776,770,759,753,767,768,773,766,764,760,775,758,774,761,777,755,763],"msg_id":800,"type":"broadcast"}}
2024/02/25 18:59:42 Sent {"src":"n24","dest":"n12","body":{"in_reply_to":800,"type":"broadcast_ok"}}
2024/02/25 18:59:42 Received {c74 n24 {"type":"broadcast","message":802,"msg_id":61}}
2024/02/25 18:59:42 Sent {"src":"n24","dest":"c74","body":{"in_reply_to":61,"type":"broadcast_ok"}}
2024/02/25 18:59:42 Sent {"src":"n24","dest":"n12","body":{"messages":[802],"msg_id":22,"type":"broadcast"}}
2024/02/25 18:59:43 Received {n12 n24 {"messages":[779,789,786,783,788,781,784,790,792,785,780,793,778,791,787,782,809],"msg_id":828,"type":"broadcast"}}
2024/02/25 18:59:43 Received {c74 n24 {"type":"broadcast","message":817,"msg_id":62}}
2024/02/25 18:59:43 Sent {"src":"n24","dest":"n12","body":{"in_reply_to":828,"type":"broadcast_ok"}}
2024/02/25 18:59:43 Sent {"src":"n24","dest":"c74","body":{"in_reply_to":62,"type":"broadcast_ok"}}
2024/02/25 18:59:43 Received {n12 n24 {"in_reply_to":22,"type":"broadcast_ok"}}
2024/02/25 18:59:43 Received {c74 n24 {"type":"broadcast","message":831,"msg_id":63}}
2024/02/25 18:59:43 Sent {"src":"n24","dest":"c74","body":{"in_reply_to":63,"type":"broadcast_ok"}}
2024/02/25 18:59:43 Sent {"src":"n24","dest":"n12","body":{"messages":[817,831],"msg_id":23,"type":"broadcast"}}
2024/02/25 18:59:43 Received {n12 n24 {"messages":[812,798,811,800,813,807,805,804,801,815,797,810,795,808,794,803,806,796,814,799,822],"msg_id":862,"type":"broadcast"}}
2024/02/25 18:59:43 Received {c74 n24 {"type":"read","msg_id":64}}
2024/02/25 18:59:43 Sent {"src":"n24","dest":"n12","body":{"in_reply_to":862,"type":"broadcast_ok"}}
2024/02/25 18:59:43 Sent {"src":"n24","dest":"c74","body":{"in_reply_to":64,"messages":[145,430,784,629,623,722,125,183,191,310,596,769,786,65,304,355,616,743,29,187,397,424,761,562,666,0,136,155,296,446,389,439,489,679,785,487,495,680,188,282,326,372,398,580,727,1,69,153,435,460,523,720,12,51,305,318,332,593,649,814,8,81,156,322,482,732,4,32,48,391,484,500,567,614,127,180,221,376,403,701,227,286,366,678,798,640,803,150,196,235,343,394,677,709,724,91,108,249,365,569,721,741,23,274,630,710,766,140,351,358,400,479,13,103,166,217,325,553,143,211,396,457,564,534,598,712,9,110,130,131,333,750,787,806,762,2,213,243,605,745,670,198,452,468,478,542,736,147,331,374,386,444,535,676,777,133,167,237,382,491,507,657,692,226,259,295,311,428,723,719,789,25,72,149,275,302,831,35,62,253,592,771,691,794,330,531,587,585,636,264,494,538,59,93,169,185,234,702,705,763,79,76,124,177,195,765,16,370,383,561,618,627,715,815,105,271,338,373,486,323,604,622,659,788,92,327,551,621,703,63,231,359,392,123,483,501,660,698,770,64,176,436,490,707,204,429,524,50,111,117,203,192,716,774,33,321,445,574,402,473,485,53,160,316,348,342,572,639,395,427,471,194,248,281,312,369,602,647,738,805,381,461,591,3,31,209,319,346,759,20,22,224,297,696,528,582,624,60,314,328,437,526,734,751,341,357,423,82,163,165,173,256,552,674,735,300,390,575,615,731,511,600,768,24,68,52,168,476,807,306,474,539,559,713,541,134,172,197,329,477,157,277,285,563,633,98,158,255,339,137,220,371,54,141,144,773,462,619,662,19,90,171,216,219,6,36,46,459,658,603,668,87,299,309,336,513,38,77,106,95,214,89,273,345,356,533,139,475,514,652,681,809,796,18,101,344,440,505,609,617,628,75,102,278,414,519,700,717,420,493,620,181,212,207,267,287,663,744,791,233,353,378,566,757,686,88,335,579,651,685,15,40,244,405,532,557,570,726,747,380,401,554,56,120,164,179,215,612,665,645,695,711,74,456,555,558,85,109,116,289,347,781,422,418,530,5,47,58,66,199,758,779,817,675,694,801,291,453,508,502,654,426,521,55,208,268,301,368,119,193,239,516,632,228,279,246,252,492,238,280,283,466,350,415,438,742,778,99,146,225,288,646,94,303,756,599,638,780,28,27,30,42,364,550,573,556,44,114,161,337,340,86,313,481,583,656,182,269,334,419,576,393,413,431,39,159,229,250,290,190,412,536,411,606,699,84,122,135,375,409,737,78,206,529,584,581,488,512,578,43,148,170,293,455,811,586,608,643,34,57,70,421,496,688,693,764,800,706,307,433,626,661,687,410,447,469,261,298,294,362,384,760,265,506,515,577,276,449,509,11,96,178,210,270,730,752,755,641,671,14,223,360,432,448,399,416,504,45,115,174,222,247,543,549,682,753,792,650,80,152,245,251,597,37,97,571,672,799,284,407,470,17,112,189,201,202,441,465,590,704,708,746,733,262,361,458,648,690,812,292,379,613,642,667,588,782,126,272,324,354,527,205,560,73,352,406,450,802,610,749,7,200,266,525,565,61,377,813,26,104,107,568,611,49,184,230,467,498,804,154,320,387,425,634,263,451,520,129,544,673,822,454,537,718,754,113,317,740,729,783,260,258,349,669,810,635,767,790,118,257,408,637,631,241,367,739,776,218,472,497,517,795,725,71,132,503,518,589,607,10,67,121,175,434,21,83,308,601,684,793,464,480,522,595,664,545,546,625,142,388,363,417,442,697,728,547,655,653,100,138,162,385,404,772,41,463,644,748,714,242,232,236,240,548,540,689,775,128,186,254,315,443,797,808,151,499,510,594,683],"type":"read_ok"}}
2024/02/25 18:59:43 Received {n12 n24 {"in_reply_to":23,"type":"broadcast_ok"}}
2024/02/25 18:59:43 Received {c74 n24 {"type":"broadcast","message":856,"msg_id":65}}
2024/02/25 18:59:43 Sent {"src":"n24","dest":"c74","body":{"in_reply_to":65,"type":"broadcast_ok"}}
2024/02/25 18:59:43 Sent {"src":"n24","dest":"n12","body":{"messages":[856],"msg_id":24,"type":"broadcast"}}
2024/02/25 18:59:44 Received {n12 n24 {"messages":[837,816,830,827,836,819,834,824,838,823,840,839,826,842,828,843,829,825,841,821,820,835,818,832,833,863],"msg_id":866,"type":"broadcast"}}
2024/02/25 18:59:44 Sent {"src":"n24","dest":"n12","body":{"in_reply_to":866,"type":"broadcast_ok"}}
2024/02/25 18:59:44 Received {n12 n24 {"in_reply_to":24,"type":"broadcast_ok"}}
2024/02/25 18:59:44 Received {c74 n24 {"type":"broadcast","message":866,"msg_id":66}}
2024/02/25 18:59:44 Sent {"src":"n24","dest":"c74","body":{"in_reply_to":66,"type":"broadcast_ok"}}
2024/02/25 18:59:44 Received {c74 n24 {"type":"broadcast","message":875,"msg_id":67}}
2024/02/25 18:59:44 Sent {"src":"n24","dest":"c74","body":{"in_reply_to":67,"type":"broadcast_ok"}}
2024/02/25 18:59:44 Sent {"src":"n24","dest":"n12","body":{"messages":[866,875],"msg_id":25,"type":"broadcast"}}
2024/02/25 18:59:44 Received {n12 n24 {"messages":[853,861,855,848,860,850,852,849,864,845,857,858,859,846,862,854,847,844,851,871],"msg_id":889,"type":"broadcast"}}
2024/02/25 18:59:44 Sent {"src":"n24","dest":"n12","body":{"in_reply_to":889,"type":"broadcast_ok"}}
2024/02/25 18:59:44 Received {n12 n24 {"in_reply_to":25,"type":"broadcast_ok"}}
2024/02/25 18:59:44 Received {c74 n24 {"type":"broadcast","message":890,"msg_id":68}}
2024/02/25 18:59:44 Sent {"src":"n24","dest":"c74","body":{"in_reply_to":68,"type":"broadcast_ok"}}
2024/02/25 18:59:44 Received {c74 n24 {"type":"broadcast","message":901,"msg_id":69}}
2024/02/25 18:59:44 Sent {"src":"n24","dest":"c74","body":{"in_reply_to":69,"type":"broadcast_ok"}}
2024/02/25 18:59:44 Sent {"src":"n24","dest":"n12","body":{"messages":[890,901],"msg_id":26,"type":"broadcast"}}
2024/02/25 18:59:45 Received {n12 n24 {"messages":[874,883,868,878,869,879,873,877,867,876,870,865,872,894],"msg_id":917,"type":"broadcast"}}
2024/02/25 18:59:45 Sent {"src":"n24","dest":"n12","body":{"in_reply_to":917,"type":"broadcast_ok"}}
2024/02/25 18:59:45 Received {n12 n24 {"in_reply_to":26,"type":"broadcast_ok"}}
2024/02/25 18:59:45 Received {n12 n24 {"messages":[898,886,900,885,902,903,896,891,904,892,889,905,888,899,881,884,895,887,897,880,893,882],"msg_id":937,"type":"broadcast"}}
2024/02/25 18:59:45 Sent {"src":"n24","dest":"n12","body":{"in_reply_to":937,"type":"broadcast_ok"}}
2024/02/25 18:59:46 Received {n12 n24 {"messages":[906],"msg_id":975,"type":"broadcast"}}
2024/02/25 18:59:46 Sent {"src":"n24","dest":"n12","body":{"in_reply_to":975,"type":"broadcast_ok"}}
2024/02/25 18:59:55 Received {c74 n24 {"type":"read","msg_id":70}}
2024/02/25 18:59:55 Sent {"src":"n24","dest":"c74","body":{"in_reply_to":70,"messages":[134,329,157,277,285,158,838,137,220,371,54,773,19,90,462,459,658,513,603,87,299,336,106,214,273,356,533,835,846,101,344,681,628,700,75,414,609,267,287,420,493,620,181,212,207,663,233,378,757,889,88,651,686,40,532,726,380,401,665,120,179,215,74,781,116,456,558,418,530,758,779,817,5,47,199,694,291,453,508,426,521,55,301,368,193,516,279,246,492,280,283,466,742,99,288,646,94,303,756,28,599,780,556,161,337,550,313,481,182,334,419,290,393,39,159,229,412,699,816,375,409,411,529,578,43,293,455,688,764,57,70,608,687,706,900,433,626,661,261,469,760,265,509,752,11,210,449,223,360,432,247,399,416,504,174,753,245,833,37,97,799,407,441,465,590,906,17,189,284,708,837,886,648,876,379,667,690,527,588,126,272,205,352,406,565,905,7,266,525,61,377,568,611,813,107,498,897,634,320,387,451,544,754,851,783,810,260,258,631,767,790,408,241,367,218,472,71,132,607,67,121,308,684,826,823,480,522,417,442,545,625,142,728,655,653,100,404,547,41,644,885,236,548,186,315,683,151,499,594,430,857,125,191,722,304,786,29,397,296,446,0,136,155,898,389,679,830,487,495,680,188,372,398,460,727,1,69,153,523,720,836,12,51,305,8,482,890,4,32,848,403,567,614,180,221,376,867,227,286,678,235,824,724,741,108,365,569,766,140,351,103,217,358,553,396,457,564,598,750,787,806,9,110,130,762,842,213,243,605,452,468,670,901,147,331,444,382,535,676,133,167,237,507,692,259,311,428,719,25,302,723,831,253,592,771,794,903,531,587,585,494,538,702,705,169,185,264,177,195,763,79,76,124,16,370,383,715,815,865,373,486,627,788,832,323,604,659,551,63,231,896,879,483,501,875,176,436,707,50,117,204,33,574,872,485,639,53,348,473,471,805,248,369,427,319,346,381,461,591,3,31,209,297,20,22,224,624,902,437,526,528,357,552,674,735,82,163,165,731,893,300,390,615,68,476,768,306,539,559,541,855,172,197,477,563,633,869,98,255,339,141,144,852,619,662,171,216,219,6,36,46,309,668,860,38,77,95,89,345,652,139,475,514,809,796,18,440,505,617,717,102,278,519,744,878,858,353,566,791,335,579,685,880,15,244,405,818,557,570,747,612,645,695,711,56,164,554,894,347,555,85,109,289,853,58,66,422,801,502,654,675,208,268,119,239,228,252,632,238,827,778,350,415,438,146,225,364,638,27,30,42,573,44,114,340,86,583,656,269,576,821,250,413,431,190,536,606,884,84,122,135,581,737,78,206,584,512,811,148,170,488,586,643,693,800,34,421,496,307,384,410,447,298,294,362,863,506,515,577,276,730,755,834,96,178,270,671,877,14,448,641,222,45,115,792,543,549,682,597,650,899,881,80,152,251,571,672,470,704,112,201,202,746,733,841,262,361,458,812,895,292,613,642,354,782,324,560,450,802,73,200,610,749,26,104,467,840,49,184,230,425,804,154,263,520,891,129,673,822,454,537,718,729,113,317,740,669,349,637,635,118,257,776,739,497,517,795,843,518,589,725,503,175,434,10,820,21,83,601,595,664,793,464,546,388,363,697,772,138,162,385,463,748,871,714,242,232,240,540,689,775,797,128,254,443,874,510,808,849,145,784,629,623,844,183,310,596,743,769,65,355,616,868,187,424,761,562,666,859,439,489,785,282,326,435,580,318,332,866,593,649,814,883,81,156,322,732,48,391,484,127,500,701,366,798,873,394,640,803,870,150,196,343,709,721,888,91,249,677,710,23,274,630,400,479,882,13,166,325,143,211,712,839,862,131,333,534,2,745,854,198,478,542,904,374,386,736,887,491,777,856,829,226,295,657,789,72,149,275,35,62,330,636,691,59,93,234,561,618,765,105,271,338,622,703,92,327,621,359,864,392,847,850,123,660,698,64,490,770,429,524,716,774,828,111,203,192,321,445,892,402,572,160,316,342,395,602,647,738,194,281,312,825,696,759,582,734,751,60,314,328,423,173,256,341,575,511,600,807,861,845,24,52,168,474,713,819],"type":"read_ok"}}
