2024/02/25 18:59:24 Received {c3 n4 {"type":"init","node_id":"n4","node_ids":["n0","n1","n2","n3","n4","n5","n6","n7","n8","n9","n10","n11","n12","n13","n14","n15","n16","n17","n18","n19","n20","n21","n22","n23","n24"],"msg_id":1}}
2024/02/25 18:59:24 Node n4 initialized
2024/02/25 18:59:24 Sent {"src":"n4","dest":"c3","body":{"in_reply_to":1,"type":"init_ok"}}
2024/02/25 18:59:25 Received {c29 n4 {"type":"topology","topology":{"n2":["n7","n3","n1"],"n21":["n16","n22","n20"],"n23":["n18","n24","n22"],"n5":["n10","n0","n6"],"n8":["n13","n3","n9","n7"],"n6":["n11","n1","n7","n5"],"n19":["n24","n14","n18"],"n14":["n19","n9","n13"],"n17":["n22","n12","n18","n16"],"n1":["n6","n2","n0"],"n24":["n19","n23"],"n4":["n9","n3"],"n0":["n5","n1"],"n18":["n23","n13","n19","n17"],"n9":["n14","n4","n8"],"n10":["n15","n5","n11"],"n22":["n17","n23","n21"],"n15":["n20","n10","n16"],"n13":["n18","n8","n14","n12"],"n3":["n8","n4","n2"],"n12":["n17","n7","n13","n11"],"n11":["n16","n6","n12","n10"],"n16":["n21","n11","n17","n15"],"n7":["n12","n2","n8","n6"],"n20":["n15","n21"]},"msg_id":1}}
2024/02/25 18:59:25 Sent {"src":"n4","dest":"c29","body":{"in_reply_to":1,"type":"topology_ok"}}
2024/02/25 18:59:25 Received {c54 n4 {"type":"read","msg_id":1}}
2024/02/25 18:59:25 Sent {"src":"n4","dest":"c54","body":{"in_reply_to":1,"messages":[],"type":"read_ok"}}
2024/02/25 18:59:25 Received {c54 n4 {"type":"read","msg_id":2}}
2024/02/25 18:59:25 Sent {"src":"n4","dest":"c54","body":{"in_reply_to":2,"messages":[],"type":"read_ok"}}
2024/02/25 18:59:25 Received {c54 n4 {"type":"read","msg_id":3}}
2024/02/25 18:59:25 Sent {"src":"n4","dest":"c54","body":{"in_reply_to":3,"messages":[],"type":"read_ok"}}
2024/02/25 18:59:25 Received {c54 n4 {"type":"broadcast","message":32,"msg_id":4}}
2024/02/25 18:59:25 Sent {"src":"n4","dest":"c54","body":{"in_reply_to":4,"type":"broadcast_ok"}}
2024/02/25 18:59:25 Received {c54 n4 {"type":"read","msg_id":5}}
2024/02/25 18:59:25 Sent {"src":"n4","dest":"c54","body":{"in_reply_to":5,"messages":[32],"type":"read_ok"}}
2024/02/25 18:59:25 Sent {"src":"n4","dest":"n12","body":{"messages":[32],"msg_id":1,"type":"broadcast"}}
2024/02/25 18:59:26 Received {n12 n4 {"messages":[9,20,3,16,2,15,7,14,17,4,18,10,19,5,0,11,12,8,6,13,1,39],"msg_id":21,"type":"broadcast"}}
2024/02/25 18:59:26 Sent {"src":"n4","dest":"n12","body":{"in_reply_to":21,"type":"broadcast_ok"}}
2024/02/25 18:59:26 Received {n12 n4 {"in_reply_to":1,"type":"broadcast_ok"}}
2024/02/25 18:59:26 Received {c54 n4 {"type":"read","msg_id":6}}
2024/02/25 18:59:26 Sent {"src":"n4","dest":"c54","body":{"in_reply_to":6,"messages":[12,3,15,18,5,4,0,8,6,9,16,14,17,1,39,32,10,19,13,20,2,7,11],"type":"read_ok"}}
2024/02/25 18:59:26 Received {c54 n4 {"type":"read","msg_id":7}}
2024/02/25 18:59:26 Sent {"src":"n4","dest":"c54","body":{"in_reply_to":7,"messages":[32,10,19,13,39,20,2,7,11,3,15,18,5,12,8,6,9,16,14,17,4,0,1],"type":"read_ok"}}
2024/02/25 18:59:26 Received {n12 n4 {"messages":[35,27,45,24,43,31,37,30,48,36,28,29,46,21,38,22,23,40,25,42,33,26,41,44,47,34,64],"msg_id":31,"type":"broadcast"}}
2024/02/25 18:59:26 Sent {"src":"n4","dest":"n12","body":{"in_reply_to":31,"type":"broadcast_ok"}}
2024/02/25 18:59:26 Received {c54 n4 {"type":"read","msg_id":8}}
2024/02/25 18:59:26 Sent {"src":"n4","dest":"c54","body":{"in_reply_to":8,"messages":[11,27,24,43,26,44,15,18,12,45,30,1,31,36,14,17,4,0,6,21,34,42,33,10,19,13,39,25,38,41,47,20,2,7,29,46,3,5,23,40,64,9,16,8,37,28,32,35,48,22],"type":"read_ok"}}
2024/02/25 18:59:27 Received {n12 n4 {"messages":[55,67,50,61,73,75,56,60,51,62,72,57,68,59,69,52,65,49,63,70,53,58,54,66,71],"msg_id":67,"type":"broadcast"}}
2024/02/25 18:59:27 Received {c54 n4 {"type":"broadcast","message":94,"msg_id":9}}
2024/02/25 18:59:27 Sent {"src":"n4","dest":"n12","body":{"in_reply_to":67,"type":"broadcast_ok"}}
2024/02/25 18:59:27 Sent {"src":"n4","dest":"c54","body":{"in_reply_to":9,"type":"broadcast_ok"}}
2024/02/25 18:59:27 Received {c54 n4 {"type":"broadcast","message":105,"msg_id":10}}
2024/02/25 18:59:27 Sent {"src":"n4","dest":"c54","body":{"in_reply_to":10,"type":"broadcast_ok"}}
2024/02/25 18:59:27 Sent {"src":"n4","dest":"n12","body":{"messages":[94,105],"msg_id":2,"type":"broadcast"}}
2024/02/25 18:59:27 Received {n12 n4 {"messages":[74,88,78,79,87,81,90,83,92,86,76,85,89,91,84,80,77,82,109],"msg_id":87,"type":"broadcast"}}
2024/02/25 18:59:27 Sent {"src":"n4","dest":"n12","body":{"in_reply_to":87,"type":"broadcast_ok"}}
2024/02/25 18:59:27 Received {n12 n4 {"in_reply_to":2,"type":"broadcast_ok"}}
2024/02/25 18:59:27 Received {c54 n4 {"type":"read","msg_id":11}}
2024/02/25 18:59:27 Sent {"src":"n4","dest":"c54","body":{"in_reply_to":11,"messages":[48,22,68,69,32,35,71,87,84,11,43,30,44,60,58,66,85,15,12,109,36,21,34,55,57,70,14,0,39,25,33,51,53,54,10,13,90,29,52,20,7,88,92,3,59,40,64,72,49,78,79,9,23,77,83,82,75,62,67,27,24,26,63,105,18,45,6,1,31,61,73,94,17,4,81,80,50,19,42,38,41,47,65,76,89,2,46,91,5,74,37,28,56,86,16,8],"type":"read_ok"}}
2024/02/25 18:59:27 Received {c54 n4 {"type":"read","msg_id":12}}
2024/02/25 18:59:27 Sent {"src":"n4","dest":"c54","body":{"in_reply_to":12,"messages":[87,84,11,43,71,44,60,58,66,85,15,12,30,109,21,34,55,57,70,14,0,36,25,33,51,53,54,10,13,39,90,52,20,7,29,92,3,59,88,64,72,49,78,79,9,23,40,77,82,75,62,83,27,24,67,63,105,18,45,26,1,31,61,73,94,17,4,6,81,80,19,42,50,41,47,65,76,89,2,46,38,91,5,74,28,56,86,16,8,37,22,68,69,32,35,48],"type":"read_ok"}}
2024/02/25 18:59:28 Received {n12 n4 {"messages":[106,112,100,111,101,93,104,95,107,98,102,96,108,103,110,97,99,122,136],"msg_id":118,"type":"broadcast"}}
2024/02/25 18:59:28 Sent {"src":"n4","dest":"n12","body":{"in_reply_to":118,"type":"broadcast_ok"}}
2024/02/25 18:59:28 Received {c54 n4 {"type":"broadcast","message":143,"msg_id":13}}
2024/02/25 18:59:28 Sent {"src":"n4","dest":"c54","body":{"in_reply_to":13,"type":"broadcast_ok"}}
2024/02/25 18:59:28 Received {c54 n4 {"type":"read","msg_id":14}}
2024/02/25 18:59:28 Sent {"src":"n4","dest":"c54","body":{"in_reply_to":14,"messages":[0,57,104,39,25,33,51,54,96,29,52,59,136,9,72,78,79,77,101,62,83,82,27,24,106,99,26,63,100,107,1,61,73,81,80,2,46,47,76,89,91,98,143,8,86,102,35,48,69,95,11,71,60,66,109,14,36,21,34,55,70,10,13,53,90,20,7,111,3,88,92,23,40,64,49,75,67,18,45,105,110,17,4,6,31,94,93,19,42,50,38,41,65,5,74,112,16,37,28,56,108,97,32,22,68,103,122,43,87,84,15,12,30,44,58,85],"type":"read_ok"}}
2024/02/25 18:59:28 Sent {"src":"n4","dest":"n12","body":{"messages":[143],"msg_id":3,"type":"broadcast"}}
2024/02/25 18:59:28 Received {n12 n4 {"messages":[126,114,133,127,117,118,132,120,134,130,116,131,125,121,135,119,123,137,115,129,113,128,124,145],"msg_id":128,"type":"broadcast"}}
2024/02/25 18:59:28 Sent {"src":"n4","dest":"n12","body":{"in_reply_to":128,"type":"broadcast_ok"}}
2024/02/25 18:59:28 Received {n12 n4 {"in_reply_to":3,"type":"broadcast_ok"}}
2024/02/25 18:59:28 Received {c54 n4 {"type":"read","msg_id":15}}
2024/02/25 18:59:28 Sent {"src":"n4","dest":"c54","body":{"in_reply_to":15,"messages":[35,48,69,95,11,71,124,60,66,109,131,14,36,21,34,55,70,10,13,53,90,114,20,7,111,3,88,92,23,40,64,49,117,75,118,67,18,45,105,110,17,4,6,31,94,93,19,42,50,116,121,137,38,41,65,134,119,145,5,74,112,126,127,115,128,16,37,28,56,108,97,32,22,68,103,122,43,87,84,15,12,30,44,58,85,0,57,104,113,120,130,39,25,33,51,54,96,123,29,52,59,136,9,72,78,79,77,101,62,83,82,27,24,106,99,26,63,100,107,132,1,61,73,81,80,98,129,2,46,47,76,89,91,143,135,8,86,102,133,125],"type":"read_ok"}}
2024/02/25 18:59:29 Received {n12 n4 {"messages":[140,151,158,138,149,154,142,141,152,153,147,146,148,144,155,139,150],"msg_id":164,"type":"broadcast"}}
2024/02/25 18:59:29 Received {c54 n4 {"type":"broadcast","message":180,"msg_id":16}}
2024/02/25 18:59:29 Sent {"src":"n4","dest":"n12","body":{"in_reply_to":164,"type":"broadcast_ok"}}
2024/02/25 18:59:29 Sent {"src":"n4","dest":"c54","body":{"in_reply_to":16,"type":"broadcast_ok"}}
2024/02/25 18:59:29 Received {c54 n4 {"type":"read","msg_id":17}}
2024/02/25 18:59:29 Sent {"src":"n4","dest":"c54","body":{"in_reply_to":17,"messages":[60,66,109,131,14,36,21,34,55,70,10,13,53,90,114,20,7,111,3,88,92,153,146,23,40,64,49,117,144,75,118,67,18,45,105,110,17,4,6,31,94,93,19,42,50,116,121,137,158,148,38,41,65,134,119,154,141,5,74,112,126,127,115,145,16,37,28,56,108,97,128,32,22,68,103,122,152,43,87,84,15,12,30,44,58,85,0,57,104,113,142,139,39,25,33,51,54,96,120,130,123,29,52,59,136,155,9,72,78,79,77,101,62,83,82,27,24,106,99,151,26,63,100,107,132,180,1,61,73,81,80,147,2,46,47,76,89,91,98,129,149,143,135,8,86,102,133,125,140,35,48,69,95,138,11,71,124,150],"type":"read_ok"}}
2024/02/25 18:59:29 Sent {"src":"n4","dest":"n12","body":{"messages":[180],"msg_id":4,"type":"broadcast"}}
2024/02/25 18:59:29 Received {n12 n4 {"messages":[156,172,168,166,175,157,169,160,159,163,177,170,164,165,161,176,167,174,171,162,173,197],"msg_id":171,"type":"broadcast"}}
2024/02/25 18:59:29 Sent {"src":"n4","dest":"n12","body":{"in_reply_to":171,"type":"broadcast_ok"}}
2024/02/25 18:59:29 Received {n12 n4 {"in_reply_to":4,"type":"broadcast_ok"}}
2024/02/25 18:59:29 Received {c54 n4 {"type":"read","msg_id":18}}
2024/02/25 18:59:29 Sent {"src":"n4","dest":"c54","body":{"in_reply_to":18,"messages":[140,8,86,102,133,125,162,197,35,48,69,95,138,11,71,124,150,173,60,66,109,131,160,70,14,36,21,34,55,10,13,53,90,114,20,7,111,177,3,88,92,153,146,144,23,40,64,49,117,75,118,166,67,18,45,105,110,93,17,4,6,31,94,137,158,148,19,42,50,116,121,154,141,169,38,41,65,134,119,115,145,5,74,112,126,127,97,128,176,16,37,28,56,108,152,156,163,32,22,68,103,122,43,87,84,168,85,159,170,15,12,30,44,58,139,167,0,57,104,113,142,96,120,130,39,25,33,51,54,123,29,52,175,161,59,136,155,171,101,174,9,72,78,79,77,62,83,82,27,24,106,99,151,180,164,26,63,100,107,132,147,1,61,73,81,80,157,91,98,129,2,46,47,76,89,149,165,143,135,172],"type":"read_ok"}}
2024/02/25 18:59:30 Received {n12 n4 {"messages":[186,182,195,179,183,178,192,190,191,185,189,193,181,194,188,187,184,196,208],"msg_id":200,"type":"broadcast"}}
2024/02/25 18:59:30 Received {c54 n4 {"type":"broadcast","message":217,"msg_id":19}}
2024/02/25 18:59:30 Sent {"src":"n4","dest":"n12","body":{"in_reply_to":200,"type":"broadcast_ok"}}
2024/02/25 18:59:30 Sent {"src":"n4","dest":"c54","body":{"in_reply_to":19,"type":"broadcast_ok"}}
2024/02/25 18:59:30 Received {c54 n4 {"type":"broadcast","message":237,"msg_id":20}}
2024/02/25 18:59:30 Sent {"src":"n4","dest":"c54","body":{"in_reply_to":20,"type":"broadcast_ok"}}
2024/02/25 18:59:30 Sent {"src":"n4","dest":"n12","body":{"messages":[217,237],"msg_id":5,"type":"broadcast"}}
2024/02/25 18:59:30 Received {n12 n4 {"messages":[212,223,201,214,204,215,209,205,216,206,198,210,203,207,199,211,200,202,213,242],"msg_id":220,"type":"broadcast"}}
2024/02/25 18:59:30 Sent {"src":"n4","dest":"n12","body":{"in_reply_to":220,"type":"broadcast_ok"}}
2024/02/25 18:59:30 Received {n12 n4 {"in_reply_to":5,"type":"broadcast_ok"}}
2024/02/25 18:59:30 Received {c54 n4 {"type":"broadcast","message":247,"msg_id":21}}
2024/02/25 18:59:30 Sent {"src":"n4","dest":"c54","body":{"in_reply_to":21,"type":"broadcast_ok"}}
2024/02/25 18:59:30 Received {c54 n4 {"type":"broadcast","message":257,"msg_id":22}}
2024/02/25 18:59:30 Sent {"src":"n4","dest":"c54","body":{"in_reply_to":22,"type":"broadcast_ok"}}
2024/02/25 18:59:30 Sent {"src":"n4","dest":"n12","body":{"messages":[247,257],"msg_id":6,"type":"broadcast"}}
2024/02/25 18:59:31 Received {n12 n4 {"messages":[221,239,230,232,227,229,236,220,238,235,240,241,228,245,234,222,225,244,224,243,218,231,233,219,226],"msg_id":249,"type":"broadcast"}}
2024/02/25 18:59:31 Sent {"src":"n4","dest":"n12","body":{"in_reply_to":249,"type":"broadcast_ok"}}
2024/02/25 18:59:31 Received {n12 n4 {"in_reply_to":6,"type":"broadcast_ok"}}
2024/02/25 18:59:31 Received {c54 n4 {"type":"broadcast","message":271,"msg_id":23}}
2024/02/25 18:59:31 Sent {"src":"n4","dest":"c54","body":{"in_reply_to":23,"type":"broadcast_ok"}}
2024/02/25 18:59:31 Sent {"src":"n4","dest":"n12","body":{"messages":[271],"msg_id":7,"type":"broadcast"}}
2024/02/25 18:59:31 Received {n12 n4 {"messages":[255,260,262,253,246,250,249,259,254,251,248,258,252,256],"msg_id":282,"type":"broadcast"}}
2024/02/25 18:59:31 Received {c54 n4 {"type":"read","msg_id":24}}
2024/02/25 18:59:31 Sent {"src":"n4","dest":"n12","body":{"in_reply_to":282,"type":"broadcast_ok"}}
2024/02/25 18:59:31 Sent {"src":"n4","dest":"c54","body":{"in_reply_to":24,"messages":[88,92,153,23,117,259,118,201,191,205,110,216,4,94,93,179,42,50,116,137,148,187,38,65,154,141,233,250,5,74,112,127,115,193,256,37,28,176,156,189,32,22,68,103,122,152,181,242,234,218,258,43,168,195,271,243,249,15,12,30,44,85,170,104,142,186,212,25,54,123,175,161,200,251,59,136,155,171,229,240,211,220,9,72,78,101,174,182,62,83,82,225,24,99,235,239,219,26,107,132,180,164,204,1,73,147,232,244,157,209,76,89,165,143,262,102,217,230,224,35,69,95,245,173,66,131,160,183,223,210,55,70,10,228,226,7,111,3,146,215,40,64,49,144,208,75,166,222,67,18,45,105,213,221,17,6,31,19,121,158,41,134,119,169,202,126,145,237,231,16,56,108,97,128,163,248,87,84,184,207,199,58,159,198,238,253,0,57,113,139,167,203,39,33,51,96,120,130,29,52,185,79,77,27,106,151,194,63,100,192,257,61,81,80,206,247,149,178,2,46,47,91,98,129,190,214,254,135,172,260,246,8,86,133,125,140,236,48,138,162,197,196,255,11,71,124,150,60,109,188,227,241,14,36,21,34,13,53,90,114,252,20,177],"type":"read_ok"}}
2024/02/25 18:59:31 Received {n12 n4 {"in_reply_to":7,"type":"broadcast_ok"}}
2024/02/25 18:59:31 Received {c54 n4 {"type":"read","msg_id":25}}
2024/02/25 18:59:31 Sent {"src":"n4","dest":"c54","body":{"in_reply_to":25,"messages":[143,262,102,217,230,224,35,69,95,245,173,66,131,160,183,223,210,55,70,10,228,226,7,111,3,146,215,40,64,49,144,208,75,166,222,67,18,45,105,213,221,17,6,31,19,121,158,41,134,119,169,202,126,145,237,231,16,56,108,97,128,163,248,87,84,184,207,199,58,159,198,238,253,0,57,113,139,167,203,39,33,51,96,120,130,29,52,185,79,77,27,106,151,194,63,100,192,257,61,81,80,206,247,2,46,47,91,98,129,149,178,190,214,254,135,172,8,86,133,125,140,236,260,246,48,138,162,197,196,255,11,71,124,150,60,109,188,227,241,14,36,21,34,13,53,90,114,252,20,177,88,92,153,23,117,259,118,201,191,205,110,216,4,94,93,179,42,50,116,137,148,187,38,65,154,141,5,74,112,127,115,193,233,250,256,37,28,176,32,22,68,103,122,152,156,189,181,242,234,218,258,43,168,195,271,15,12,30,44,85,170,243,249,104,142,186,212,25,54,123,175,161,200,59,136,155,171,229,240,251,9,72,78,101,174,182,211,220,62,83,82,225,24,99,235,26,107,132,180,164,204,239,219,1,73,147,232,244,157,209,76,89,165],"type":"read_ok"}}
2024/02/25 18:59:32 Received {n12 n4 {"messages":[266,268,278,272,273,267,270,280,276,263,261,274,269,265,277,264,275,279,289,300],"msg_id":296,"type":"broadcast"}}
2024/02/25 18:59:32 Received {c54 n4 {"type":"broadcast","message":309,"msg_id":26}}
2024/02/25 18:59:32 Sent {"src":"n4","dest":"n12","body":{"in_reply_to":296,"type":"broadcast_ok"}}
2024/02/25 18:59:32 Sent {"src":"n4","dest":"c54","body":{"in_reply_to":26,"type":"broadcast_ok"}}
2024/02/25 18:59:32 Received {c54 n4 {"type":"read","msg_id":27}}
2024/02/25 18:59:32 Sent {"src":"n4","dest":"c54","body":{"in_reply_to":27,"messages":[49,144,208,40,64,222,75,166,67,105,213,221,18,45,31,17,6,158,19,121,119,169,202,41,134,237,231,126,145,108,97,128,277,16,56,163,248,184,207,199,87,84,198,238,253,58,159,113,139,167,203,279,0,57,51,96,120,130,266,39,33,185,29,52,278,79,77,151,194,27,106,192,257,63,100,80,206,276,61,81,247,47,91,98,129,149,178,2,46,254,190,214,135,172,133,125,140,236,260,246,8,86,268,274,162,197,196,255,48,138,124,150,11,71,188,227,241,60,109,21,34,264,14,36,90,114,252,13,53,263,20,177,153,88,92,259,23,117,118,201,191,205,110,216,93,179,4,94,116,137,148,187,42,50,154,141,38,65,112,127,115,193,233,250,5,74,275,256,273,176,269,37,28,68,103,122,152,156,189,32,22,234,218,258,181,242,195,271,261,43,168,30,44,85,170,243,249,15,12,186,212,280,104,142,123,25,54,200,175,161,155,171,229,240,251,59,136,78,101,174,182,211,220,9,72,82,225,267,62,83,235,272,24,99,132,180,164,204,239,219,26,107,147,232,244,1,73,157,209,165,76,89,270,143,262,230,224,300,102,217,95,245,35,69,173,160,183,223,210,66,131,265,289,55,70,226,10,228,309,7,111,215,3,146],"type":"read_ok"}}
2024/02/25 18:59:32 Sent {"src":"n4","dest":"n12","body":{"messages":[309],"msg_id":8,"type":"broadcast"}}
2024/02/25 18:59:32 Received {n12 n4 {"messages":[302,293,291,286,296,284,295,297,283,301,290,288,299,287,298,282,281,294,285,292,314,328],"msg_id":327,"type":"broadcast"}}
2024/02/25 18:59:32 Sent {"src":"n4","dest":"n12","body":{"in_reply_to":327,"type":"broadcast_ok"}}
2024/02/25 18:59:32 Received {n12 n4 {"in_reply_to":8,"type":"broadcast_ok"}}
2024/02/25 18:59:32 Received {c54 n4 {"type":"read","msg_id":28}}
2024/02/25 18:59:32 Sent {"src":"n4","dest":"c54","body":{"in_reply_to":28,"messages":[33,51,96,120,130,266,296,39,52,185,29,77,278,79,106,151,194,27,100,192,257,63,81,80,206,276,61,247,46,47,91,98,129,149,178,2,214,254,190,172,287,135,86,133,125,140,236,260,246,8,274,268,138,162,197,196,255,302,48,71,124,150,11,109,188,227,241,285,60,36,21,34,264,14,53,90,114,252,13,177,263,282,292,20,92,153,88,117,259,23,201,118,205,191,216,110,94,93,179,288,4,50,116,137,148,187,42,65,154,141,38,74,112,127,115,193,233,250,5,273,275,256,28,176,269,37,22,68,103,122,152,156,189,32,242,234,218,258,286,299,181,168,195,271,261,43,12,30,44,85,170,243,249,15,297,142,186,212,280,104,54,123,25,161,200,295,175,136,155,171,229,240,251,314,59,72,78,101,174,182,211,220,9,83,82,225,267,293,62,99,235,272,24,107,132,180,164,204,239,219,26,73,147,232,244,1,209,157,89,165,76,262,270,281,143,217,230,224,300,102,69,95,245,283,35,173,131,160,183,223,210,294,66,70,265,289,328,55,228,226,10,111,309,7,146,215,3,64,49,144,208,290,40,166,222,75,67,45,105,213,221,18,6,31,17,121,158,19,134,119,169,202,41,145,237,231,284,126,56,108,97,128,277,16,248,298,163,84,184,207,199,291,301,87,159,198,238,253,58,57,113,139,167,203,279,0],"type":"read_ok"}}
2024/02/25 18:59:33 Received {n12 n4 {"messages":[303,326,316,305,325,308,322,321,307,319,312,327,313,329,311,324,317,320,318,306,310,323,315,304,344],"msg_id":340,"type":"broadcast"}}
2024/02/25 18:59:33 Received {c54 n4 {"type":"read","msg_id":29}}
2024/02/25 18:59:33 Sent {"src":"n4","dest":"n12","body":{"in_reply_to":340,"type":"broadcast_ok"}}
2024/02/25 18:59:33 Sent {"src":"n4","dest":"c54","body":{"in_reply_to":29,"messages":[79,77,278,27,106,151,194,63,100,192,257,61,81,80,206,276,305,247,2,46,47,91,98,129,149,178,190,214,254,135,172,287,8,86,133,125,140,236,260,246,268,274,311,48,138,162,197,196,255,302,11,71,124,150,322,60,109,188,227,241,285,14,36,21,34,264,310,13,53,90,114,252,20,177,263,282,292,327,88,92,153,23,117,259,118,201,191,205,315,110,216,303,4,94,93,179,288,42,50,116,137,148,187,38,65,154,141,5,74,112,127,115,193,233,250,256,273,275,37,28,176,269,32,22,68,103,122,152,156,189,181,242,234,218,258,286,299,325,43,168,195,271,261,317,15,12,30,44,85,170,243,249,297,104,142,186,212,280,316,308,25,54,123,312,175,161,200,295,59,136,155,171,229,240,251,314,313,9,72,78,101,174,182,211,220,62,83,82,225,267,293,24,99,235,272,26,107,132,180,164,204,239,219,329,1,73,147,232,244,307,157,209,321,319,76,89,165,318,143,262,270,281,102,217,230,224,300,35,69,95,245,283,173,66,131,160,183,223,210,294,323,55,70,265,289,328,10,228,226,304,7,111,309,3,146,215,40,64,49,144,208,290,75,166,222,326,344,67,18,45,105,213,221,17,6,31,324,19,121,158,41,134,119,169,202,320,126,145,237,231,284,16,56,108,97,128,277,163,248,298,306,87,84,184,207,199,291,301,58,159,198,238,253,0,57,113,139,167,203,279,39,33,51,96,120,130,266,296,29,52,185],"type":"read_ok"}}
2024/02/25 18:59:33 Received {c54 n4 {"type":"read","msg_id":30}}
2024/02/25 18:59:33 Sent {"src":"n4","dest":"c54","body":{"in_reply_to":30,"messages":[196,255,302,48,138,162,197,322,11,71,124,150,241,285,60,109,188,227,264,310,14,36,21,34,252,13,53,90,114,292,327,20,177,263,282,88,92,153,23,117,259,118,201,191,205,315,110,216,303,288,4,94,93,179,148,187,42,50,116,137,38,65,154,141,115,193,233,250,5,74,112,127,256,273,275,37,28,176,269,122,152,156,189,32,22,68,103,258,286,299,325,181,242,234,218,261,317,43,168,195,271,85,170,243,249,15,12,30,44,297,280,316,308,104,142,186,212,25,54,123,312,175,161,200,295,229,240,251,314,59,136,155,171,313,174,182,211,220,9,72,78,101,267,293,62,83,82,225,24,99,235,272,164,204,239,219,26,107,132,180,329,244,307,1,73,147,232,157,209,321,319,76,89,165,318,143,262,270,281,300,102,217,230,224,283,35,69,95,245,173,223,210,294,323,66,131,160,183,328,55,70,265,289,10,228,226,304,7,111,309,3,146,215,208,290,40,64,49,144,344,75,166,222,326,67,221,18,45,105,213,17,6,31,324,19,121,158,202,320,41,134,119,169,284,126,145,237,231,128,277,16,56,108,97,163,248,298,306,199,291,301,87,84,184,207,253,58,159,198,238,167,203,279,0,57,113,139,120,130,266,296,39,33,51,96,29,52,185,79,77,278,27,106,151,194,63,100,192,257,276,305,61,81,80,206,247,98,129,149,178,2,46,47,91,190,214,254,135,172,287,140,236,260,246,8,86,133,125,268,274,311],"type":"read_ok"}}
2024/02/25 18:59:33 Received {n12 n4 {"messages":[332,341,331,348,330,337,340,349,336,334,342,346,345,347,335,351,339,333,350,338,343,356],"msg_id":383,"type":"broadcast"}}
2024/02/25 18:59:33 Received {c54 n4 {"type":"read","msg_id":31}}
2024/02/25 18:59:33 Sent {"src":"n4","dest":"n12","body":{"in_reply_to":383,"type":"broadcast_ok"}}
2024/02/25 18:59:33 Sent {"src":"n4","dest":"c54","body":{"in_reply_to":31,"messages":[175,161,200,295,240,251,314,59,136,155,171,229,313,182,211,220,9,72,78,101,174,293,62,83,82,225,267,24,99,235,272,204,239,219,26,107,132,180,164,329,351,307,1,73,147,232,244,157,209,321,319,76,89,165,318,335,143,262,270,281,330,102,217,230,224,300,35,69,95,245,283,173,333,210,294,323,66,131,160,183,223,349,356,55,70,265,289,328,10,228,226,304,7,111,309,3,146,215,336,290,40,64,49,144,208,75,166,222,326,344,67,340,18,45,105,213,221,17,6,31,324,346,19,121,158,350,320,345,41,134,119,169,202,126,145,237,231,284,277,16,56,108,97,128,163,248,298,306,291,301,87,84,184,207,199,58,159,198,238,253,203,279,0,57,113,139,167,130,266,296,39,33,51,96,120,334,343,29,52,185,79,77,278,27,106,151,194,63,100,192,257,305,332,61,81,80,206,276,247,341,129,149,178,2,46,47,91,98,190,214,254,135,172,287,236,260,246,8,86,133,125,140,268,274,311,255,302,342,48,138,162,197,196,348,11,71,124,150,322,285,60,109,188,227,241,310,347,14,36,21,34,264,337,13,53,90,114,252,327,20,177,263,282,292,88,92,153,23,117,259,118,201,191,205,315,110,216,303,331,339,4,94,93,179,288,187,42,50,116,137,148,38,65,154,141,193,233,250,5,74,112,127,115,256,273,275,37,28,176,269,152,156,189,32,22,68,103,122,286,299,325,181,242,234,218,258,317,43,168,195,271,261,170,243,249,15,12,30,44,85,297,316,308,104,142,186,212,280,25,54,123,312,338],"type":"read_ok"}}
2024/02/25 18:59:33 Received {c54 n4 {"type":"read","msg_id":32}}
2024/02/25 18:59:33 Sent {"src":"n4","dest":"c54","body":{"in_reply_to":32,"messages":[333,173,131,160,183,223,210,294,323,66,349,70,265,289,328,356,55,228,226,304,10,111,309,7,146,215,336,3,64,49,144,208,290,40,166,222,326,344,75,340,67,45,105,213,221,18,6,31,324,346,17,121,158,350,19,134,119,169,202,320,345,41,145,237,231,284,126,56,108,97,128,277,16,248,298,306,163,84,184,207,199,291,301,87,159,198,238,253,58,57,113,139,167,203,279,0,33,51,96,120,130,266,296,39,343,334,52,185,29,77,278,79,106,151,194,27,100,192,257,63,81,80,206,276,305,332,61,341,247,46,47,91,98,129,149,178,2,214,254,190,172,287,135,86,133,125,140,236,260,246,8,274,311,268,138,162,197,196,255,302,342,48,71,124,150,322,348,11,109,188,227,241,285,60,36,21,34,264,310,347,14,53,90,114,252,337,13,177,263,282,292,327,20,92,153,88,117,259,23,201,118,205,315,191,216,303,331,339,110,94,93,179,288,4,50,116,137,148,187,42,65,154,141,38,74,112,127,115,193,233,250,5,273,275,256,28,176,269,37,22,68,103,122,152,156,189,32,242,234,218,258,286,299,325,181,168,195,271,261,317,43,12,30,44,85,170,243,249,15,297,142,186,212,280,316,308,104,54,123,312,338,25,161,200,295,175,136,155,171,229,240,251,314,59,313,72,78,101,174,182,211,220,9,83,82,225,267,293,62,99,235,272,24,107,132,180,164,204,239,219,26,351,329,73,147,232,244,307,1,209,321,319,157,89,165,318,335,76,262,270,281,330,143,217,230,224,300,102,69,95,245,283,35],"type":"read_ok"}}
2024/02/25 18:59:34 Received {n12 n4 {"messages":[360,370,358,371,359,354,364,361,369,355,365,362,366,352,363,367,373,353,372,357,368],"msg_id":385,"type":"broadcast"}}
2024/02/25 18:59:34 Received {c54 n4 {"type":"broadcast","message":401,"msg_id":33}}
2024/02/25 18:59:34 Sent {"src":"n4","dest":"n12","body":{"in_reply_to":385,"type":"broadcast_ok"}}
2024/02/25 18:59:34 Sent {"src":"n4","dest":"c54","body":{"in_reply_to":33,"type":"broadcast_ok"}}
2024/02/25 18:59:34 Received {c54 n4 {"type":"read","msg_id":34}}
2024/02/25 18:59:34 Sent {"src":"n4","dest":"c54","body":{"in_reply_to":34,"messages":[191,205,315,110,216,303,331,339,4,94,93,179,288,42,50,116,137,148,187,38,65,154,141,370,5,74,112,127,115,193,233,250,256,273,275,37,28,176,269,32,22,68,103,122,152,156,189,181,242,234,218,258,286,299,325,43,168,195,271,261,317,401,15,12,30,44,85,170,243,249,297,104,142,186,212,280,316,308,25,54,123,312,338,175,161,200,295,371,59,136,155,171,229,240,251,314,313,9,72,78,101,174,182,211,220,62,83,82,225,267,293,365,24,99,235,272,26,107,132,180,164,204,239,219,329,351,1,73,147,232,244,307,367,157,209,321,319,76,89,165,318,335,355,143,262,270,281,330,366,102,217,230,224,300,360,35,69,95,245,283,173,333,66,131,160,183,223,210,294,323,349,55,70,265,289,328,356,10,228,226,304,7,111,309,3,146,215,336,40,64,49,144,208,290,354,75,166,222,326,344,368,67,340,18,45,105,213,221,363,17,6,31,324,346,373,19,121,158,350,41,134,119,169,202,320,345,357,126,145,237,231,284,16,56,108,97,128,277,163,248,298,306,87,84,184,207,199,291,301,58,159,198,238,253,0,57,113,139,167,203,279,39,33,51,96,120,130,266,296,334,343,353,29,52,185,359,79,77,278,358,362,27,106,151,194,372,63,100,192,257,61,81,80,206,276,305,332,247,341,2,46,47,91,98,129,149,178,190,214,254,369,135,172,287,8,86,133,125,140,236,260,246,268,274,311,48,138,162,197,196,255,302,342,11,71,124,150,322,348,352,60,109,188,227,241,285,14,36,21,34,264,310,347,13,53,90,114,252,337,361,20,177,263,282,292,327,88,92,153,23,117,259,118,201,364],"type":"read_ok"}}
2024/02/25 18:59:34 Sent {"src":"n4","dest":"n12","body":{"messages":[401],"msg_id":9,"type":"broadcast"}}
2024/02/25 18:59:34 Received {n12 n4 {"messages":[387,397,376,378,389,390,379,393,377,384,374,391,375,386,381,383,396,382,395,380,394,388,385,392,424],"msg_id":422,"type":"broadcast"}}
2024/02/25 18:59:34 Sent {"src":"n4","dest":"n12","body":{"in_reply_to":422,"type":"broadcast_ok"}}
2024/02/25 18:59:34 Received {n12 n4 {"in_reply_to":9,"type":"broadcast_ok"}}
2024/02/25 18:59:34 Received {c54 n4 {"type":"broadcast","message":433,"msg_id":35}}
2024/02/25 18:59:34 Sent {"src":"n4","dest":"c54","body":{"in_reply_to":35,"type":"broadcast_ok"}}
2024/02/25 18:59:34 Received {c54 n4 {"type":"read","msg_id":36}}
2024/02/25 18:59:34 Sent {"src":"n4","dest":"c54","body":{"in_reply_to":36,"messages":[191,205,315,387,110,216,303,331,339,4,94,93,179,288,187,42,50,116,137,148,424,38,65,154,141,370,193,233,250,5,74,112,127,115,396,256,273,275,376,377,37,28,176,269,152,156,189,32,22,68,103,122,286,299,325,181,242,234,218,258,317,401,43,168,195,271,261,170,243,249,15,12,30,44,85,297,385,316,308,104,142,186,212,280,25,54,123,312,338,175,161,200,295,371,240,251,314,59,136,155,171,229,313,182,211,220,9,72,78,101,174,293,365,380,62,83,82,225,267,24,99,235,272,389,204,239,219,26,107,132,180,164,329,351,307,367,383,1,73,147,232,244,395,157,209,321,319,388,355,374,76,89,165,318,335,366,143,262,270,281,330,360,102,217,230,224,300,35,69,95,245,283,173,333,382,210,294,323,66,131,160,183,223,349,386,356,392,55,70,265,289,328,10,228,226,304,7,111,309,3,146,215,336,290,354,40,64,49,144,208,368,75,166,222,326,344,67,340,363,18,45,105,213,221,373,17,6,31,324,346,19,121,158,350,320,345,357,41,134,119,169,202,126,145,237,231,284,277,378,381,16,56,108,97,128,163,248,298,306,291,301,87,84,184,207,199,58,159,198,238,253,203,279,0,57,113,139,167,130,266,296,39,33,51,96,120,334,343,353,29,52,185,359,393,375,79,77,278,358,362,433,27,106,151,194,372,63,100,192,257,305,332,61,81,80,206,276,247,341,129,149,178,2,46,47,91,98,190,214,254,369,390,135,172,287,236,260,246,8,86,133,125,140,268,274,311,255,302,342,48,138,162,197,196,348,352,379,11,71,124,150,322,285,60,109,188,227,241,310,347,14,36,21,34,264,337,361,397,13,53,90,114,252,327,20,177,263,282,292,88,92,153,384,23,117,259,391,118,201,364,394],"type":"read_ok"}}
2024/02/25 18:59:34 Sent {"src":"n4","dest":"n12","body":{"messages":[433],"msg_id":10,"type":"broadcast"}}
2024/02/25 18:59:35 Received {n12 n4 {"messages":[398,414,409,411,404,421,412,419,403,420,399,415,416,402,410,405,425,423,422,406,407,400,418,413,417,408],"msg_id":433,"type":"broadcast"}}
2024/02/25 18:59:35 Sent {"src":"n4","dest":"n12","body":{"in_reply_to":433,"type":"broadcast_ok"}}
2024/02/25 18:59:35 Received {n12 n4 {"in_reply_to":10,"type":"broadcast_ok"}}
2024/02/25 18:59:35 Received {c54 n4 {"type":"read","msg_id":37}}
2024/02/25 18:59:35 Sent {"src":"n4","dest":"c54","body":{"in_reply_to":37,"messages":[330,143,224,360,102,217,245,69,95,173,183,210,294,349,386,66,131,160,328,404,407,10,228,226,7,309,3,144,290,49,326,344,166,67,340,411,221,363,45,105,213,324,373,350,19,169,345,357,41,134,126,405,381,108,298,199,291,84,184,238,253,159,198,113,167,422,39,33,51,353,412,52,185,393,358,278,372,433,415,106,192,61,80,341,98,149,178,46,254,135,172,287,140,268,311,86,133,125,255,302,342,138,162,322,352,71,227,241,285,60,109,188,347,21,34,310,252,397,53,90,114,282,292,327,92,391,23,117,259,201,394,191,205,110,4,42,116,148,370,38,154,141,273,376,413,74,112,250,423,28,176,269,103,122,22,286,325,181,242,234,261,317,401,408,168,195,271,170,243,15,12,416,385,420,316,308,142,186,312,338,371,175,240,59,155,313,174,182,9,72,101,225,293,62,83,82,272,24,180,204,107,132,244,367,1,147,321,355,76,89,281,366,414,262,270,300,230,283,35,333,382,223,323,425,289,356,392,55,70,265,304,111,336,146,215,208,354,40,64,368,75,222,18,409,400,346,17,6,31,121,158,202,320,119,402,284,145,237,231,97,128,277,378,16,56,410,306,163,248,207,301,87,58,203,279,0,57,139,96,120,130,266,296,334,343,29,359,375,418,362,79,77,399,194,27,151,257,63,100,206,276,305,332,81,247,421,91,129,2,47,369,390,190,214,246,274,417,8,236,260,197,196,48,150,348,379,11,124,14,36,264,13,337,361,20,177,263,88,153,384,118,364,315,387,403,339,216,303,331,288,94,93,179,398,50,137,187,65,424,193,233,256,275,377,5,127,115,396,37,152,156,189,32,68,218,258,299,43,44,85,249,30,297,212,280,104,25,54,123,295,161,200,171,229,251,314,136,406,78,211,220,267,365,380,389,419,99,235,164,239,219,26,329,351,232,307,383,73,395,319,388,157,209,318,335,374,165],"type":"read_ok"}}
2024/02/25 18:59:35 Received {n12 n4 {"messages":[445,452,440,436,427,442,430,437,438,431,446,429,444,426,441,432,447,428,443,439,434,435,462],"msg_id":477,"type":"broadcast"}}
2024/02/25 18:59:35 Received {c54 n4 {"type":"broadcast","message":473,"msg_id":38}}
2024/02/25 18:59:35 Sent {"src":"n4","dest":"n12","body":{"in_reply_to":477,"type":"broadcast_ok"}}
2024/02/25 18:59:35 Sent {"src":"n4","dest":"c54","body":{"in_reply_to":38,"type":"broadcast_ok"}}
2024/02/25 18:59:35 Received {c54 n4 {"type":"broadcast","message":487,"msg_id":39}}
2024/02/25 18:59:35 Sent {"src":"n4","dest":"c54","body":{"in_reply_to":39,"type":"broadcast_ok"}}
2024/02/25 18:59:35 Received {c54 n4 {"type":"broadcast","message":501,"msg_id":40}}
2024/02/25 18:59:35 Sent {"src":"n4","dest":"c54","body":{"in_reply_to":40,"type":"broadcast_ok"}}
2024/02/25 18:59:35 Sent {"src":"n4","dest":"n12","body":{"messages":[473,487,501],"msg_id":11,"type":"broadcast"}}
2024/02/25 18:59:36 Received {n12 n4 {"messages":[456,468,466,469,450,457,458,449,460,451,454,461,459,463,453,464,455,467,465,448,470],"msg_id":502,"type":"broadcast"}}
2024/02/25 18:59:36 Sent {"src":"n4","dest":"n12","body":{"in_reply_to":502,"type":"broadcast_ok"}}
2024/02/25 18:59:36 Received {n12 n4 {"in_reply_to":11,"type":"broadcast_ok"}}
2024/02/25 18:59:36 Received {c54 n4 {"type":"broadcast","message":514,"msg_id":41}}
2024/02/25 18:59:36 Sent {"src":"n4","dest":"c54","body":{"in_reply_to":41,"type":"broadcast_ok"}}
2024/02/25 18:59:36 Sent {"src":"n4","dest":"n12","body":{"messages":[514],"msg_id":12,"type":"broadcast"}}
2024/02/25 18:59:36 Received {n12 n4 {"messages":[483,496,507,477,490,482,494,486,476,489,471,498,499,493,478,491,475,488,480,492,481,472,485,500,484,479,495,497,474,519],"msg_id":514,"type":"broadcast"}}
2024/02/25 18:59:36 Received {c54 n4 {"type":"broadcast","message":528,"msg_id":42}}
2024/02/25 18:59:36 Sent {"src":"n4","dest":"n12","body":{"in_reply_to":514,"type":"broadcast_ok"}}
2024/02/25 18:59:36 Sent {"src":"n4","dest":"c54","body":{"in_reply_to":42,"type":"broadcast_ok"}}
2024/02/25 18:59:36 Received {n12 n4 {"in_reply_to":12,"type":"broadcast_ok"}}
2024/02/25 18:59:36 Received {c54 n4 {"type":"broadcast","message":545,"msg_id":43}}
2024/02/25 18:59:36 Sent {"src":"n4","dest":"c54","body":{"in_reply_to":43,"type":"broadcast_ok"}}
2024/02/25 18:59:36 Sent {"src":"n4","dest":"n12","body":{"messages":[528,545],"msg_id":13,"type":"broadcast"}}
2024/02/25 18:59:37 Received {n12 n4 {"messages":[522,512,524,503,516,533,526,505,517,508,502,527,520,510,523,504,511,506,518,525,513,515,509,521],"msg_id":551,"type":"broadcast"}}
2024/02/25 18:59:37 Received {c54 n4 {"type":"broadcast","message":556,"msg_id":44}}
2024/02/25 18:59:37 Sent {"src":"n4","dest":"n12","body":{"in_reply_to":551,"type":"broadcast_ok"}}
2024/02/25 18:59:37 Sent {"src":"n4","dest":"c54","body":{"in_reply_to":44,"type":"broadcast_ok"}}
2024/02/25 18:59:37 Received {n12 n4 {"in_reply_to":13,"type":"broadcast_ok"}}
2024/02/25 18:59:37 Received {c54 n4 {"type":"read","msg_id":45}}
2024/02/25 18:59:37 Sent {"src":"n4","dest":"c54","body":{"in_reply_to":45,"messages":[50,137,187,398,475,65,424,440,429,275,377,5,127,115,193,233,256,396,37,437,258,299,32,68,152,156,189,218,513,43,499,30,44,85,249,297,104,212,280,25,54,123,426,511,161,200,295,489,519,136,171,229,251,314,78,211,220,406,456,449,267,365,380,512,99,235,389,419,458,523,464,503,26,164,239,219,329,351,516,73,232,307,383,395,157,209,319,388,165,318,335,374,143,330,102,217,224,360,447,69,95,245,528,522,173,498,349,386,66,131,160,183,210,294,470,328,404,486,525,509,10,228,226,407,493,526,7,309,3,49,144,290,166,326,344,67,340,411,502,45,105,213,221,363,324,373,451,19,350,435,41,134,169,345,357,126,405,434,108,381,298,431,84,184,199,291,159,198,238,253,439,113,167,422,39,33,51,353,52,185,412,520,393,497,278,358,459,430,448,500,106,372,433,415,454,514,192,463,61,80,444,521,341,466,461,46,98,149,178,254,501,135,172,287,455,483,474,496,491,86,133,125,140,268,311,138,162,255,302,342,438,71,322,352,505,60,109,188,227,241,285,21,34,310,347,53,90,114,252,397,432,282,292,327,481,92,427,23,117,259,391,462,201,394,191,205,110,4,42,116,148,38,154,141,370,468,74,112,250,273,376,413,28,176,269,423,460,286,325,22,103,122,181,242,234,507,490,408,515,168,195,271,261,317,401,416,494,15,12,170,243,385,420,142,186,316,308,312,338,510,175,371,453,59,155,240,313,480,9,72,101,174,182,485,62,83,82,225,293,472,24,272,492,504,107,132,180,204,508,1,147,244,367,321,76,89,355,476,262,270,281,366,414,479,230,300,35,283,333,382,443,223,323,425,436,55,70,265,289,356,392,304,111,146,215,336,445,469,40,64,208,354,527,75,222,368,18,409,400,17,6,31,346,441,477,121,158,452,119,202,320,402,145,237,231,284,446,488,410,428,16,56,97,128,277,378,467,163,248,306,495,87,207,301,58,0,57,139,203,279,343,457,96,120,130,266,296,334,484,518,29,359,375,418,471,545,79,77,362,478,506,399,27,151,194,533,63,100,257,81,206,276,305,332,247,421,369,390,2,47,91,129,190,214,473,450,8,236,260,246,274,417,48,197,196,11,124,150,348,379,442,482,14,36,264,13,337,361,556,20,177,263,88,153,384,524,118,364,487,517,315,387,403,465,216,303,331,339,94,93,179,288],"type":"read_ok"}}
2024/02/25 18:59:37 Sent {"src":"n4","dest":"n12","body":{"messages":[556],"msg_id":14,"type":"broadcast"}}
2024/02/25 18:59:37 Received {n12 n4 {"messages":[550,536,540,530,537,551,542,534,539,531,548,538,544,543,535,529,546,532,549,547,541,562,573],"msg_id":557,"type":"broadcast"}}
2024/02/25 18:59:37 Received {c54 n4 {"type":"broadcast","message":582,"msg_id":46}}
2024/02/25 18:59:37 Sent {"src":"n4","dest":"n12","body":{"in_reply_to":557,"type":"broadcast_ok"}}
2024/02/25 18:59:37 Sent {"src":"n4","dest":"c54","body":{"in_reply_to":46,"type":"broadcast_ok"}}
2024/02/25 18:59:37 Received {n12 n4 {"in_reply_to":14,"type":"broadcast_ok"}}
2024/02/25 18:59:37 Received {c54 n4 {"type":"broadcast","message":595,"msg_id":47}}
2024/02/25 18:59:37 Sent {"src":"n4","dest":"c54","body":{"in_reply_to":47,"type":"broadcast_ok"}}
2024/02/25 18:59:37 Sent {"src":"n4","dest":"n12","body":{"messages":[582,595],"msg_id":15,"type":"broadcast"}}
2024/02/25 18:59:38 Received {n12 n4 {"messages":[564,555,559,560,558,571,553,569,552,568,567,566,561,554,565,574,557,570,572,563],"msg_id":598,"type":"broadcast"}}
2024/02/25 18:59:38 Sent {"src":"n4","dest":"n12","body":{"in_reply_to":598,"type":"broadcast_ok"}}
2024/02/25 18:59:38 Received {n12 n4 {"in_reply_to":15,"type":"broadcast_ok"}}
2024/02/25 18:59:38 Received {c54 n4 {"type":"broadcast","message":607,"msg_id":48}}
2024/02/25 18:59:38 Sent {"src":"n4","dest":"c54","body":{"in_reply_to":48,"type":"broadcast_ok"}}
2024/02/25 18:59:38 Received {c54 n4 {"type":"broadcast","message":619,"msg_id":49}}
2024/02/25 18:59:38 Sent {"src":"n4","dest":"c54","body":{"in_reply_to":49,"type":"broadcast_ok"}}
2024/02/25 18:59:38 Sent {"src":"n4","dest":"n12","body":{"messages":[607,619],"msg_id":16,"type":"broadcast"}}
2024/02/25 18:59:38 Received {n12 n4 {"messages":[587,600,578,575,588,584,583,581,594,598,592,597,577,586,591,585,599,579,590,580,593,596,576,589,610],"msg_id":613,"type":"broadcast"}}
2024/02/25 18:59:38 Sent {"src":"n4","dest":"n12","body":{"in_reply_to":613,"type":"broadcast_ok"}}
2024/02/25 18:59:38 Received {n12 n4 {"in_reply_to":16,"type":"broadcast_ok"}}
2024/02/25 18:59:38 Received {c54 n4 {"type":"broadcast","message":636,"msg_id":50}}
2024/02/25 18:59:38 Sent {"src":"n4","dest":"c54","body":{"in_reply_to":50,"type":"broadcast_ok"}}
2024/02/25 18:59:38 Sent {"src":"n4","dest":"n12","body":{"messages":[636],"msg_id":17,"type":"broadcast"}}
2024/02/25 18:59:39 Received {n12 n4 {"messages":[602,614,615,624,618,601,613,606,609,611,617,605,612,604,616,603,608,638],"msg_id":642,"type":"broadcast"}}
2024/02/25 18:59:39 Sent {"src":"n4","dest":"n12","body":{"in_reply_to":642,"type":"broadcast_ok"}}
2024/02/25 18:59:39 Received {n12 n4 {"in_reply_to":17,"type":"broadcast_ok"}}
2024/02/25 18:59:39 Received {c54 n4 {"type":"broadcast","message":648,"msg_id":51}}
2024/02/25 18:59:39 Sent {"src":"n4","dest":"c54","body":{"in_reply_to":51,"type":"broadcast_ok"}}
2024/02/25 18:59:39 Received {c54 n4 {"type":"broadcast","message":661,"msg_id":52}}
2024/02/25 18:59:39 Sent {"src":"n4","dest":"c54","body":{"in_reply_to":52,"type":"broadcast_ok"}}
2024/02/25 18:59:39 Sent {"src":"n4","dest":"n12","body":{"messages":[648,661],"msg_id":18,"type":"broadcast"}}
2024/02/25 18:59:39 Received {n12 n4 {"messages":[629,644,642,620,622,637,627,641,623,631,625,639,626,640,630,633,634,621,632,628,643,635,668],"msg_id":669,"type":"broadcast"}}
2024/02/25 18:59:39 Sent {"src":"n4","dest":"n12","body":{"in_reply_to":669,"type":"broadcast_ok"}}
2024/02/25 18:59:39 Received {n12 n4 {"in_reply_to":18,"type":"broadcast_ok"}}
2024/02/25 18:59:39 Received {c54 n4 {"type":"read","msg_id":53}}
2024/02/25 18:59:39 Sent {"src":"n4","dest":"c54","body":{"in_reply_to":53,"messages":[629,27,151,194,533,542,529,565,628,63,100,257,81,206,276,305,332,639,247,421,590,390,2,47,91,129,190,214,369,473,586,8,236,260,246,274,417,450,48,197,196,11,124,150,348,379,442,618,482,566,577,14,36,264,560,13,337,361,556,581,20,177,263,88,153,384,524,598,118,364,487,517,569,567,315,387,403,465,216,303,331,339,94,93,179,288,615,50,137,187,398,475,65,424,440,429,588,377,5,127,115,193,233,256,275,396,623,625,37,437,299,32,68,152,156,189,218,258,513,43,499,543,563,579,648,632,30,44,85,249,297,104,212,280,633,25,54,123,426,511,539,161,200,295,489,519,614,136,171,229,251,314,576,78,211,220,406,456,449,591,267,365,380,512,99,235,389,419,458,523,503,26,164,239,219,329,351,464,516,538,570,630,73,232,307,383,395,157,209,319,388,165,318,335,374,554,596,638,143,330,530,558,561,557,621,102,217,224,360,447,69,95,245,528,522,608,173,498,547,386,66,131,160,183,210,294,349,470,540,328,404,486,525,509,10,228,226,407,493,526,606,7,309,549,3,544,594,49,144,290,564,613,166,326,344,67,340,411,502,534,597,45,105,213,221,363,600,603,324,373,451,602,19,350,435,601,41,134,169,345,357,126,405,434,624,108,381,298,431,84,184,199,291,159,198,238,253,439,113,167,422,39,33,51,353,535,52,185,412,520,393,497,627,278,358,459,430,448,611,106,372,433,415,454,514,500,192,463,532,609,61,80,444,521,641,341,466,461,616,46,98,149,178,254,501,568,135,172,287,455,483,474,491,86,133,125,140,268,311,496,589,138,162,255,302,342,438,71,322,352,60,109,188,227,241,285,505,21,34,310,347,604,587,53,90,114,252,397,432,531,580,282,292,327,481,92,427,23,117,259,391,462,559,201,394,583,191,205,573,110,4,582,574,42,116,148,38,154,141,370,468,612,643,74,112,250,273,376,413,642,28,176,269,423,460,325,22,103,122,181,242,234,286,507,490,584,515,168,195,271,261,317,401,408,571,636,494,15,12,170,243,385,420,416,142,186,316,308,546,312,338,510,175,371,453,553,599,59,155,240,313,480,9,72,101,174,182,485,593,62,83,82,225,293,472,550,24,272,492,504,107,132,180,204,508,1,147,244,367,631,321,76,89,355,476,668,661,262,270,281,366,414,479,592,230,300,637,35,283,644,622,333,382,443,223,323,425,436,537,619,55,70,265,289,356,392,640,304,626,111,146,215,336,445,469,617,40,64,208,354,527,75,222,368,575,578,18,409,400,551,17,6,31,346,441,477,562,121,158,452,548,119,202,320,402,145,237,231,284,446,488,428,16,56,97,128,277,378,410,467,541,635,163,248,306,495,610,605,634,87,207,301,555,58,552,620,0,57,139,203,279,536,457,96,120,130,266,296,334,343,484,518,572,607,29,585,359,375,418,471,545,595,79,77,362,478,506,399],"type":"read_ok"}}
2024/02/25 18:59:40 Received {n12 n4 {"messages":[652,664,656,660,655,667,646,659,653,665,654,666,647,645,658,651,663,649,650,662,657],"msg_id":685,"type":"broadcast"}}
2024/02/25 18:59:40 Received {c54 n4 {"type":"read","msg_id":54}}
2024/02/25 18:59:40 Sent {"src":"n4","dest":"n12","body":{"in_reply_to":685,"type":"broadcast_ok"}}
2024/02/25 18:59:40 Sent {"src":"n4","dest":"c54","body":{"in_reply_to":54,"messages":[54,123,426,511,539,25,200,295,489,519,614,662,161,171,229,251,314,576,649,136,211,220,406,456,449,591,78,365,380,512,267,235,389,419,458,523,99,164,239,219,329,351,464,503,26,538,570,630,516,232,307,383,395,73,209,319,388,655,157,318,335,374,554,596,638,165,330,530,558,561,557,621,143,217,224,360,447,654,102,95,245,528,522,608,69,498,547,173,131,160,183,210,294,349,386,66,540,470,404,486,525,509,328,228,226,407,493,526,606,10,309,549,7,544,594,3,144,290,564,613,49,326,344,166,340,411,502,534,597,67,105,213,221,363,600,603,646,45,373,451,602,324,350,435,601,19,134,169,345,357,41,405,434,624,126,381,108,431,660,298,184,199,291,84,198,238,253,439,159,167,422,113,33,51,353,535,39,185,412,520,659,645,52,497,627,393,358,459,278,448,611,430,372,433,415,454,514,500,106,463,532,609,658,192,80,444,521,641,61,466,461,341,98,149,178,254,501,568,616,46,172,287,455,483,474,135,133,125,140,268,311,496,491,86,589,162,255,302,342,438,138,322,352,71,109,188,227,241,285,505,60,34,310,347,604,21,90,114,252,397,432,531,587,53,580,292,327,481,282,427,92,117,259,391,462,559,667,23,394,583,201,205,573,191,110,582,574,4,116,148,42,154,141,370,468,612,38,112,250,273,376,413,642,643,74,176,269,423,460,28,103,122,181,242,234,286,325,22,490,584,507,195,271,261,317,401,408,515,168,636,571,12,170,243,385,420,416,494,15,186,316,308,546,142,338,510,312,371,453,553,599,175,155,240,313,480,59,72,101,174,182,485,593,9,83,82,225,293,472,550,62,272,492,504,665,24,132,180,204,508,107,147,244,367,631,1,321,89,355,476,668,76,270,281,366,414,479,592,661,262,300,637,230,283,644,622,35,382,443,333,323,425,436,537,619,223,70,265,289,356,392,640,653,55,626,304,111,215,336,445,469,617,146,64,208,354,527,656,40,222,368,575,75,578,409,400,551,18,6,31,346,441,477,562,663,17,158,452,548,650,121,202,320,402,652,119,237,231,284,446,488,145,56,97,128,277,378,410,428,16,541,635,467,248,306,495,610,605,634,664,163,207,301,555,87,552,620,58,57,139,203,279,536,0,120,130,266,296,334,343,457,96,518,572,607,484,585,29,375,418,471,545,595,359,77,362,478,506,79,399,151,194,533,542,529,565,629,27,628,100,257,651,63,206,276,305,332,639,81,421,590,247,47,91,129,190,214,369,390,2,586,473,236,260,246,274,417,450,8,197,196,48,124,150,348,379,442,618,11,566,577,482,36,264,560,14,337,361,556,581,13,177,263,20,153,384,524,598,88,364,487,517,569,567,118,387,403,465,315,303,331,339,666,216,93,179,288,615,94,137,187,398,475,50,424,440,429,588,65,127,115,193,233,256,275,377,5,623,625,396,437,37,68,152,156,189,218,258,299,32,513,499,543,563,579,648,632,43,44,85,249,297,30,212,280,633,647,657,104],"type":"read_ok"}}
2024/02/25 18:59:40 Received {c54 n4 {"type":"read","msg_id":55}}
2024/02/25 18:59:40 Sent {"src":"n4","dest":"c54","body":{"in_reply_to":55,"messages":[343,457,96,120,130,266,296,334,484,518,572,607,29,585,359,375,418,471,545,595,79,77,362,478,506,399,565,629,27,151,194,533,542,529,628,63,100,257,651,81,206,276,305,332,639,247,421,590,369,390,2,47,91,129,190,214,473,586,450,8,236,260,246,274,417,48,197,196,618,11,124,150,348,379,442,482,566,577,14,36,264,560,13,337,361,556,581,20,177,263,88,153,384,524,598,118,364,487,517,569,567,315,387,403,465,216,303,331,339,666,94,93,179,288,615,50,137,187,398,475,65,424,440,429,588,275,377,5,127,115,193,233,256,396,623,625,37,437,258,299,32,68,152,156,189,218,513,632,43,499,543,563,579,648,30,44,85,249,297,104,212,280,633,647,657,25,54,123,426,511,539,662,161,200,295,489,519,614,649,136,171,229,251,314,576,591,78,211,220,406,456,449,267,365,380,512,99,235,389,419,458,523,464,503,26,164,239,219,329,351,516,538,570,630,73,232,307,383,395,157,209,319,388,655,638,165,318,335,374,554,596,621,143,330,530,558,561,557,102,217,224,360,447,654,69,95,245,528,522,608,173,498,547,349,386,66,131,160,183,210,294,470,540,328,404,486,525,509,606,10,228,226,407,493,526,7,309,549,3,544,594,49,144,290,564,613,166,326,344,67,340,411,502,534,597,603,646,45,105,213,221,363,600,324,373,451,602,19,350,435,601,41,134,169,345,357,126,405,434,624,108,381,298,431,660,84,184,199,291,159,198,238,253,439,113,167,422,39,33,51,353,535,52,185,412,520,659,645,393,497,627,278,358,459,430,448,611,500,106,372,433,415,454,514,192,463,532,609,658,61,80,444,521,641,341,466,461,568,616,46,98,149,178,254,501,135,172,287,455,483,474,496,491,86,133,125,140,268,311,589,138,162,255,302,342,438,71,322,352,505,60,109,188,227,241,285,21,34,310,347,604,531,587,53,90,114,252,397,432,580,282,292,327,481,92,427,667,23,117,259,391,462,559,201,394,583,191,205,573,110,4,582,574,42,116,148,38,154,141,370,468,612,642,643,74,112,250,273,376,413,28,176,269,423,460,286,325,22,103,122,181,242,234,507,490,584,408,515,168,195,271,261,317,401,571,636,416,494,15,12,170,243,385,420,142,186,316,308,546,312,338,510,175,371,453,553,599,59,155,240,313,480,593,9,72,101,174,182,485,550,62,83,82,225,293,472,24,272,492,504,665,107,132,180,204,508,1,147,244,367,631,321,76,89,355,476,668,592,661,262,270,281,366,414,479,230,300,637,35,283,644,622,333,382,443,223,323,425,436,537,619,640,653,55,70,265,289,356,392,304,626,111,146,215,336,445,469,617,40,64,208,354,527,656,75,222,368,575,578,18,409,400,551,562,663,17,6,31,346,441,477,121,158,452,548,650,119,202,320,402,652,145,237,231,284,446,488,410,428,16,56,97,128,277,378,467,541,635,634,664,163,248,306,495,610,605,87,207,301,555,58,552,620,0,57,139,203,279,536],"type":"read_ok"}}
2024/02/25 18:59:40 Received {n12 n4 {"messages":[675,679,685,684,673,671,682,670,681,669,680,676,687,688,672,683,689,674,677,678,686,706],"msg_id":718,"type":"broadcast"}}
2024/02/25 18:59:40 Received {c54 n4 {"type":"broadcast","message":714,"msg_id":56}}
2024/02/25 18:59:40 Sent {"src":"n4","dest":"n12","body":{"in_reply_to":718,"type":"broadcast_ok"}}
2024/02/25 18:59:40 Sent {"src":"n4","dest":"c54","body":{"in_reply_to":56,"type":"broadcast_ok"}}
2024/02/25 18:59:40 Received {c54 n4 {"type":"read","msg_id":57}}
2024/02/25 18:59:40 Sent {"src":"n4","dest":"c54","body":{"in_reply_to":57,"messages":[23,117,259,391,462,559,667,201,394,583,191,205,573,110,682,4,582,574,42,116,148,38,154,141,370,468,612,643,74,112,250,273,376,413,642,28,176,269,423,460,325,22,103,122,181,242,234,286,507,490,584,515,168,195,271,261,317,401,408,571,636,494,15,12,170,243,385,420,416,142,186,316,308,546,312,338,510,175,371,453,553,599,59,155,240,313,480,9,72,101,174,182,485,593,62,83,82,225,293,472,550,24,272,492,504,665,107,132,180,204,508,1,147,244,367,631,679,321,76,89,355,476,668,661,262,270,281,366,414,479,592,688,714,230,300,637,35,283,644,622,333,382,443,223,323,425,436,537,619,653,55,70,265,289,356,392,640,684,304,626,111,146,215,336,445,469,617,40,64,208,354,527,656,75,222,368,575,578,18,409,400,551,678,663,17,6,31,346,441,477,562,121,158,452,548,650,675,119,202,320,402,652,145,237,231,284,446,488,428,16,56,97,128,277,378,410,467,541,635,664,163,248,306,495,610,605,634,87,207,301,555,58,552,620,0,57,139,203,279,536,457,96,120,130,266,296,334,343,484,518,572,607,29,585,359,375,418,471,545,595,79,77,362,478,506,399,629,27,151,194,533,542,529,565,628,63,100,257,651,81,206,276,305,332,639,247,421,590,671,681,390,2,47,91,129,190,214,369,473,586,685,8,236,260,246,274,417,450,48,197,196,11,124,150,348,379,442,618,482,566,577,14,36,264,560,13,337,361,556,581,20,177,263,88,153,384,524,598,118,364,487,517,569,567,315,387,403,465,216,303,331,339,666,94,93,179,288,615,50,137,187,398,475,65,424,440,429,588,377,5,127,115,193,233,256,275,396,623,625,37,437,299,32,68,152,156,189,218,258,513,43,499,543,563,579,648,632,30,44,85,249,297,104,212,280,633,647,657,25,54,123,426,511,539,706,161,200,295,489,519,614,662,136,171,229,251,314,576,649,78,211,220,406,456,449,591,267,365,380,512,99,235,389,419,458,523,503,26,164,239,219,329,351,464,516,538,570,630,73,232,307,383,395,157,209,319,388,655,676,165,318,335,374,554,596,638,689,143,330,530,558,561,557,621,102,217,224,360,447,654,69,95,245,528,522,608,173,498,547,386,66,131,160,183,210,294,349,470,540,328,404,486,525,509,674,10,228,226,407,493,526,606,7,309,549,687,3,544,594,670,680,49,144,290,564,613,166,326,344,67,340,411,502,534,597,646,45,105,213,221,363,600,603,324,373,451,602,19,350,435,601,41,134,169,345,357,126,405,434,624,108,381,672,298,431,660,84,184,199,291,159,198,238,253,439,113,167,422,686,39,33,51,353,535,52,185,412,520,659,645,393,497,627,278,358,459,669,430,448,611,106,372,433,415,454,514,500,192,463,532,609,658,61,80,444,521,641,341,466,461,616,46,98,149,178,254,501,568,135,172,287,455,483,474,491,86,133,125,140,268,311,496,589,138,162,255,302,342,438,71,322,352,60,109,188,227,241,285,505,21,34,310,347,604,587,53,90,114,252,397,432,531,580,673,677,282,292,327,481,683,92,427],"type":"read_ok"}}
2024/02/25 18:59:40 Received {c54 n4 {"type":"read","msg_id":58}}
2024/02/25 18:59:40 Sent {"src":"n4","dest":"c54","body":{"in_reply_to":58,"messages":[330,530,558,561,557,621,143,217,224,360,447,654,102,95,245,528,522,608,69,498,547,173,131,160,183,210,294,349,386,66,540,470,404,486,525,509,674,328,228,226,407,493,526,606,10,309,549,687,7,544,594,670,680,3,144,290,564,613,49,326,344,166,340,411,502,534,597,67,105,213,221,363,600,603,646,45,373,451,602,324,350,435,601,19,134,169,345,357,41,405,434,624,126,381,672,108,431,660,298,184,199,291,84,198,238,253,439,159,167,422,686,113,33,51,353,535,39,185,412,520,659,645,52,497,627,393,358,459,669,278,448,611,430,372,433,415,454,514,500,106,463,532,609,658,192,80,444,521,641,61,466,461,341,98,149,178,254,501,568,616,46,172,287,455,483,474,135,133,125,140,268,311,496,491,86,589,162,255,302,342,438,138,322,352,71,109,188,227,241,285,505,60,34,310,347,604,21,90,114,252,397,432,531,587,53,673,677,580,292,327,481,683,282,427,92,117,259,391,462,559,667,23,394,583,201,205,573,191,682,110,582,574,4,116,148,42,154,141,370,468,612,38,112,250,273,376,413,642,643,74,176,269,423,460,28,103,122,181,242,234,286,325,22,490,584,507,195,271,261,317,401,408,515,168,636,571,12,170,243,385,420,416,494,15,186,316,308,546,142,338,510,312,371,453,553,599,175,155,240,313,480,59,72,101,174,182,485,593,9,83,82,225,293,472,550,62,272,492,504,665,24,132,180,204,508,107,147,244,367,631,679,1,321,89,355,476,668,76,270,281,366,414,479,592,661,262,714,688,300,637,230,283,644,622,35,382,443,333,323,425,436,537,619,223,70,265,289,356,392,640,653,55,684,626,304,111,215,336,445,469,617,146,64,208,354,527,656,40,222,368,575,75,578,409,400,551,678,18,6,31,346,441,477,562,663,17,158,452,548,650,675,121,202,320,402,652,119,237,231,284,446,488,145,56,97,128,277,378,410,428,16,541,635,467,248,306,495,610,605,634,664,163,207,301,555,87,552,620,58,57,139,203,279,536,0,120,130,266,296,334,343,457,96,518,572,607,484,585,29,375,418,471,545,595,359,77,362,478,506,79,399,151,194,533,542,529,565,629,27,628,100,257,651,63,206,276,305,332,639,81,421,590,671,681,247,47,91,129,190,214,369,390,2,586,685,473,236,260,246,274,417,450,8,197,196,48,124,150,348,379,442,618,11,566,577,482,36,264,560,14,337,361,556,581,13,177,263,20,153,384,524,598,88,364,487,517,569,567,118,387,403,465,315,303,331,339,666,216,93,179,288,615,94,137,187,398,475,50,424,440,429,588,65,127,115,193,233,256,275,377,5,623,625,396,437,37,68,152,156,189,218,258,299,32,513,499,543,563,579,648,632,43,44,85,249,297,30,212,280,633,647,657,104,54,123,426,511,539,25,200,295,489,519,614,662,706,161,171,229,251,314,576,649,136,211,220,406,456,449,591,78,365,380,512,267,235,389,419,458,523,99,164,239,219,329,351,464,503,26,538,570,630,516,232,307,383,395,73,209,319,388,655,157,318,335,374,554,596,638,676,165,689],"type":"read_ok"}}
2024/02/25 18:59:40 Sent {"src":"n4","dest":"n12","body":{"messages":[714],"msg_id":19,"type":"broadcast"}}
2024/02/25 18:59:41 Received {n12 n4 {"messages":[699,698,692,690,702,693,705,700,694,708,703,695,707,696,709,701,704,691,697],"msg_id":726,"type":"broadcast"}}
2024/02/25 18:59:41 Sent {"src":"n4","dest":"n12","body":{"in_reply_to":726,"type":"broadcast_ok"}}
2024/02/25 18:59:41 Received {n12 n4 {"in_reply_to":19,"type":"broadcast_ok"}}
2024/02/25 18:59:41 Received {c54 n4 {"type":"read","msg_id":59}}
2024/02/25 18:59:41 Sent {"src":"n4","dest":"c54","body":{"in_reply_to":59,"messages":[638,676,165,318,335,374,554,596,689,621,143,330,530,558,561,557,102,217,224,360,447,654,69,95,245,528,522,608,173,498,547,349,386,66,131,160,183,210,294,470,540,328,404,486,525,509,674,606,10,228,226,407,493,526,7,309,549,687,3,544,594,670,680,702,49,144,290,564,613,166,326,344,67,340,411,502,534,597,603,646,45,105,213,221,363,600,324,373,451,602,19,350,435,601,41,134,169,345,357,126,405,434,624,108,381,672,298,431,660,84,184,199,291,691,159,198,238,253,439,113,167,422,686,39,33,51,353,535,52,185,412,520,659,645,393,497,627,278,358,459,669,430,448,611,500,106,372,433,415,454,514,192,463,532,609,658,61,80,444,521,641,341,466,461,700,568,616,46,98,149,178,254,501,135,172,287,455,483,474,496,491,86,133,125,140,268,311,589,699,697,138,162,255,302,342,438,71,322,352,505,701,60,109,188,227,241,285,21,34,310,347,604,531,587,53,90,114,252,397,432,580,673,677,282,292,327,481,683,92,427,667,23,117,259,391,462,559,201,394,583,191,205,573,110,682,4,582,574,42,116,148,38,154,141,370,468,612,642,643,74,112,250,273,376,413,28,176,269,423,460,286,325,22,103,122,181,242,234,507,490,584,408,515,168,195,271,261,317,401,571,636,416,494,15,12,170,243,385,420,142,186,316,308,546,312,338,510,175,371,453,553,599,59,155,240,313,480,593,9,72,101,174,182,485,550,62,83,82,225,293,472,24,272,492,504,665,107,132,180,204,508,704,1,147,244,367,631,679,321,76,89,355,476,668,592,661,262,270,281,366,414,479,688,714,694,230,300,637,35,283,644,622,333,382,443,698,692,223,323,425,436,537,619,640,653,55,70,265,289,356,392,684,304,626,707,111,709,146,215,336,445,469,617,40,64,208,354,527,656,75,222,368,575,578,18,409,400,551,678,562,663,17,6,31,346,441,477,121,158,452,548,650,675,119,202,320,402,652,145,237,231,284,446,488,410,428,16,56,97,128,277,378,467,541,635,634,664,163,248,306,495,610,605,87,207,301,555,58,552,620,690,0,57,139,203,279,536,343,457,96,120,130,266,296,334,484,518,572,607,29,585,359,375,418,471,545,595,79,77,362,478,506,399,565,629,27,151,194,533,542,529,628,63,100,257,651,81,206,276,305,332,639,247,421,590,671,681,369,390,2,47,91,129,190,214,473,586,685,450,8,236,260,246,274,417,48,197,196,618,11,124,150,348,379,442,482,566,577,14,36,264,560,13,337,361,556,581,20,177,263,88,153,384,524,598,118,364,487,517,569,567,315,387,403,465,705,216,303,331,339,666,94,93,179,288,615,50,137,187,398,475,65,424,440,429,588,275,377,5,127,115,193,233,256,396,623,625,703,37,437,258,299,32,68,152,156,189,218,513,632,43,499,543,563,579,648,30,44,85,249,297,104,212,280,633,647,657,696,25,54,123,426,511,539,662,706,161,200,295,489,519,614,708,649,695,136,171,229,251,314,576,591,693,78,211,220,406,456,449,267,365,380,512,99,235,389,419,458,523,464,503,26,164,239,219,329,351,516,538,570,630,73,232,307,383,395,157,209,319,388,655],"type":"read_ok"}}
2024/02/25 18:59:41 Received {n12 n4 {"messages":[723,722,717,713,716,726,718,728,727,720,711,719,710,712,724,715,725,721,742],"msg_id":745,"type":"broadcast"}}
2024/02/25 18:59:41 Received {c54 n4 {"type":"read","msg_id":60}}
2024/02/25 18:59:41 Sent {"src":"n4","dest":"n12","body":{"in_reply_to":745,"type":"broadcast_ok"}}
2024/02/25 18:59:41 Sent {"src":"n4","dest":"c54","body":{"in_reply_to":60,"messages":[61,80,444,521,641,341,466,461,700,501,568,616,46,98,149,178,254,474,135,172,287,455,483,311,496,491,86,133,125,140,268,589,438,699,697,138,162,255,302,342,711,71,322,352,726,285,505,701,60,109,188,227,241,724,21,34,310,347,604,432,531,587,53,90,114,252,397,580,673,677,282,292,327,481,683,92,427,559,667,23,117,259,391,462,201,394,583,191,205,573,717,110,682,4,582,574,42,116,148,612,38,154,141,370,468,413,642,643,74,112,250,273,376,28,176,269,423,460,234,286,325,22,103,122,181,242,507,490,584,401,408,515,168,195,271,261,317,571,636,420,416,494,15,12,170,243,385,142,186,316,308,546,312,338,510,175,371,453,553,599,59,155,240,313,480,485,593,9,72,101,174,182,472,550,712,62,83,82,225,293,24,272,492,504,665,704,107,132,180,204,508,679,1,147,244,367,631,321,76,89,355,476,668,479,592,661,262,270,281,366,414,688,714,694,710,230,300,637,35,283,644,622,728,333,382,443,698,692,619,223,323,425,436,537,392,640,653,55,70,265,289,356,684,304,626,707,111,709,617,146,215,336,445,469,656,40,64,208,354,527,75,222,368,575,578,723,18,409,400,551,678,477,562,663,17,6,31,346,441,675,121,158,452,548,650,119,202,320,402,652,488,727,145,237,231,284,446,378,410,428,16,56,97,128,277,467,541,635,605,634,664,163,248,306,495,610,87,207,301,555,58,552,620,690,536,0,57,139,203,279,334,343,457,96,120,130,266,296,484,518,572,607,29,585,595,359,375,418,471,545,79,77,362,478,506,399,529,565,629,27,151,194,533,542,628,63,100,257,651,639,81,206,276,305,332,247,421,590,671,681,214,369,390,2,47,91,129,190,473,586,685,417,450,8,236,260,246,274,48,197,196,442,618,721,11,124,150,348,379,482,566,577,14,36,264,560,13,337,361,556,581,20,177,263,88,153,384,524,598,567,715,118,364,487,517,569,315,387,403,465,705,216,303,331,339,666,94,93,179,288,615,50,137,187,398,475,65,424,440,429,588,256,275,377,5,127,115,193,233,396,623,625,703,37,437,218,258,299,32,68,152,156,189,513,648,632,43,499,543,563,579,30,44,85,249,297,657,104,212,280,633,647,539,696,718,25,54,123,426,511,725,614,662,706,161,200,295,489,519,708,576,649,695,136,171,229,251,314,720,449,591,693,78,211,220,406,456,267,365,380,512,523,99,235,389,419,458,351,464,503,26,164,239,219,329,516,538,570,630,73,232,307,383,395,157,209,319,388,655,596,638,676,165,318,335,374,554,689,557,621,143,330,530,558,561,654,102,217,224,360,447,608,69,95,245,528,522,173,498,547,294,349,386,66,131,160,183,210,470,540,674,328,404,486,525,509,526,606,10,228,226,407,493,7,309,549,687,702,3,544,594,670,680,49,144,290,564,613,166,326,344,597,67,340,411,502,534,600,603,646,45,105,213,221,363,324,373,451,602,19,350,435,601,716,41,134,169,345,357,126,405,434,624,108,381,672,298,431,660,742,84,184,199,291,691,159,198,238,253,439,113,167,422,686,722,713,39,33,51,353,535,645,52,185,412,520,659,393,497,627,278,358,459,669,430,448,611,719,514,500,106,372,433,415,454,192,463,532,609,658],"type":"read_ok"}}
2024/02/25 18:59:41 Received {c54 n4 {"type":"broadcast","message":769,"msg_id":61}}
2024/02/25 18:59:41 Sent {"src":"n4","dest":"c54","body":{"in_reply_to":61,"type":"broadcast_ok"}}
2024/02/25 18:59:41 Sent {"src":"n4","dest":"n12","body":{"messages":[769],"msg_id":20,"type":"broadcast"}}
2024/02/25 18:59:42 Received {n12 n4 {"messages":[749,739,732,746,748,735,738,737,730,744,741,733,734,740,751,731,745,747,729,743,736,750],"msg_id":779,"type":"broadcast"}}
2024/02/25 18:59:42 Sent {"src":"n4","dest":"n12","body":{"in_reply_to":779,"type":"broadcast_ok"}}
2024/02/25 18:59:42 Received {n12 n4 {"in_reply_to":20,"type":"broadcast_ok"}}
2024/02/25 18:59:42 Received {c54 n4 {"type":"read","msg_id":62}}
2024/02/25 18:59:42 Sent {"src":"n4","dest":"c54","body":{"in_reply_to":62,"messages":[715,118,364,487,517,569,567,315,387,403,465,705,216,303,331,339,666,750,94,93,179,288,615,50,137,187,398,475,743,65,424,440,429,588,749,275,377,5,127,115,193,233,256,396,623,625,703,37,437,258,299,32,68,152,156,189,218,513,632,43,499,543,563,579,648,30,44,85,249,297,751,104,212,280,633,647,657,696,718,25,54,123,426,511,539,725,662,706,161,200,295,489,519,614,708,649,695,136,171,229,251,314,576,720,591,693,78,211,220,406,456,449,267,365,380,512,99,235,389,419,458,523,464,503,26,164,239,219,329,351,516,538,570,630,73,232,307,383,395,157,209,319,388,655,638,676,165,318,335,374,554,596,689,621,731,143,330,530,558,561,557,102,217,224,360,447,654,733,69,95,245,528,522,608,173,498,547,349,386,66,131,160,183,210,294,470,540,328,404,486,525,509,674,606,10,228,226,407,493,526,7,309,549,687,3,544,594,670,680,702,49,144,290,564,613,166,326,344,67,340,411,502,534,597,603,646,45,105,213,221,363,600,769,324,373,451,602,19,350,435,601,41,134,169,345,357,716,126,405,434,624,108,381,672,298,431,660,84,184,199,291,691,742,159,198,238,253,439,113,167,422,686,713,39,33,51,353,535,722,52,185,412,520,659,645,393,497,627,748,278,358,459,669,430,448,611,719,500,106,372,433,415,454,514,192,463,532,609,658,61,80,444,521,641,341,466,461,700,568,616,46,98,149,178,254,501,135,172,287,455,483,474,496,491,86,133,125,140,268,311,589,699,697,138,162,255,302,342,438,711,736,71,322,352,726,505,701,60,109,188,227,241,285,21,34,310,347,604,724,531,587,53,90,114,252,397,432,580,673,677,282,292,327,481,683,92,427,667,732,23,117,259,391,462,559,201,394,583,191,205,573,717,110,682,4,582,574,747,42,116,148,38,154,141,370,468,612,642,643,74,112,250,273,376,413,730,28,176,269,423,460,286,325,22,103,122,181,242,234,507,490,584,408,515,168,195,271,261,317,401,571,636,416,494,15,12,170,243,385,420,142,186,316,308,546,312,338,510,175,371,453,553,599,59,155,240,313,480,593,9,72,101,174,182,485,550,712,62,83,82,225,293,472,24,272,492,504,665,734,107,132,180,204,508,704,744,1,147,244,367,631,679,321,76,89,355,476,668,592,661,262,270,281,366,414,479,688,714,694,710,741,230,300,637,35,283,644,622,728,333,382,443,698,692,735,223,323,425,436,537,619,640,653,55,70,265,289,356,392,684,304,626,707,111,709,146,215,336,445,469,617,737,40,64,208,354,527,656,75,222,368,575,578,18,409,400,551,678,723,562,663,17,6,31,346,441,477,740,121,158,452,548,650,675,119,202,320,402,652,727,145,237,231,284,446,488,410,428,16,56,97,128,277,378,467,541,635,729,634,664,163,248,306,495,610,605,87,207,301,555,58,552,620,690,0,57,139,203,279,536,343,457,96,120,130,266,296,334,484,518,572,607,29,585,359,375,418,471,545,595,79,77,362,478,506,399,565,629,27,151,194,533,542,529,628,63,100,257,651,739,81,206,276,305,332,639,247,421,590,671,681,369,390,2,47,91,129,190,214,473,586,685,450,8,236,260,246,274,417,48,197,196,618,721,11,124,150,348,379,442,482,566,577,14,36,264,560,746,13,337,361,556,581,20,177,263,738,88,153,384,524,598,745],"type":"read_ok"}}
2024/02/25 18:59:42 Received {c54 n4 {"type":"read","msg_id":63}}
2024/02/25 18:59:42 Sent {"src":"n4","dest":"c54","body":{"in_reply_to":63,"messages":[75,222,368,575,578,18,409,400,551,678,723,562,663,17,6,31,346,441,477,740,121,158,452,548,650,675,119,202,320,402,652,727,145,237,231,284,446,488,410,428,16,56,97,128,277,378,467,541,635,729,634,664,163,248,306,495,610,605,87,207,301,555,58,552,620,690,0,57,139,203,279,536,343,457,96,120,130,266,296,334,484,518,572,607,29,585,359,375,418,471,545,595,79,77,362,478,506,399,565,629,27,151,194,533,542,529,628,63,100,257,651,739,81,206,276,305,332,639,247,421,590,671,681,369,390,2,47,91,129,190,214,473,586,685,450,8,236,260,246,274,417,48,197,196,618,721,11,124,150,348,379,442,482,566,577,14,36,264,560,746,13,337,361,556,581,20,177,263,738,88,153,384,524,598,745,715,118,364,487,517,569,567,315,387,403,465,705,216,303,331,339,666,750,94,93,179,288,615,50,137,187,398,475,743,65,424,440,429,588,749,275,377,5,127,115,193,233,256,396,623,625,703,37,437,258,299,32,68,152,156,189,218,513,632,43,499,543,563,579,648,30,44,85,249,297,751,104,212,280,633,647,657,696,718,25,54,123,426,511,539,725,662,706,161,200,295,489,519,614,708,649,695,136,171,229,251,314,576,720,591,693,78,211,220,406,456,449,267,365,380,512,99,235,389,419,458,523,464,503,26,164,239,219,329,351,516,538,570,630,73,232,307,383,395,157,209,319,388,655,638,676,165,318,335,374,554,596,689,621,731,143,330,530,558,561,557,102,217,224,360,447,654,733,69,95,245,528,522,608,173,498,547,349,386,66,131,160,183,210,294,470,540,328,404,486,525,509,674,606,10,228,226,407,493,526,7,309,549,687,3,544,594,670,680,702,49,144,290,564,613,166,326,344,67,340,411,502,534,597,603,646,45,105,213,221,363,600,769,324,373,451,602,19,350,435,601,41,134,169,345,357,716,126,405,434,624,108,381,672,298,431,660,84,184,199,291,691,742,159,198,238,253,439,113,167,422,686,713,39,33,51,353,535,722,52,185,412,520,659,645,393,497,627,748,278,358,459,669,430,448,611,719,500,106,372,433,415,454,514,192,463,532,609,658,61,80,444,521,641,341,466,461,700,568,616,46,98,149,178,254,501,135,172,287,455,483,474,496,491,86,133,125,140,268,311,589,699,697,138,162,255,302,342,438,711,736,71,322,352,726,505,701,60,109,188,227,241,285,21,34,310,347,604,724,531,587,53,90,114,252,397,432,580,673,677,282,292,327,481,683,92,427,667,732,23,117,259,391,462,559,201,394,583,191,205,573,717,110,682,4,582,574,747,42,116,148,38,154,141,370,468,612,642,643,74,112,250,273,376,413,730,28,176,269,423,460,286,325,22,103,122,181,242,234,507,490,584,408,515,168,195,271,261,317,401,571,636,416,494,15,12,170,243,385,420,142,186,316,308,546,312,338,510,175,371,453,553,599,59,155,240,313,480,593,9,72,101,174,182,485,550,712,62,83,82,225,293,472,24,272,492,504,665,734,107,132,180,204,508,704,744,1,147,244,367,631,679,321,76,89,355,476,668,592,661,262,270,281,366,414,479,688,714,694,710,741,230,300,637,35,283,644,622,728,333,382,443,698,692,735,223,323,425,436,537,619,640,653,55,70,265,289,356,392,684,304,626,707,111,709,146,215,336,445,469,617,737,40,64,208,354,527,656],"type":"read_ok"}}
2024/02/25 18:59:42 Received {n12 n4 {"messages":[757,772,752,765,762,754,756,771,776,770,759,753,767,768,773,766,764,760,775,758,774,761,777,755,763],"msg_id":798,"type":"broadcast"}}
2024/02/25 18:59:42 Sent {"src":"n4","dest":"n12","body":{"in_reply_to":798,"type":"broadcast_ok"}}
2024/02/25 18:59:42 Received {c54 n4 {"type":"broadcast","message":805,"msg_id":64}}
2024/02/25 18:59:42 Sent {"src":"n4","dest":"c54","body":{"in_reply_to":64,"type":"broadcast_ok"}}
2024/02/25 18:59:42 Sent {"src":"n4","dest":"n12","body":{"messages":[805],"msg_id":21,"type":"broadcast"}}
2024/02/25 18:59:43 Received {n12 n4 {"messages":[779,789,786,783,788,781,784,790,792,785,780,793,778,791,787,782,809],"msg_id":839,"type":"broadcast"}}
2024/02/25 18:59:43 Received {c54 n4 {"type":"broadcast","message":819,"msg_id":65}}
2024/02/25 18:59:43 Sent {"src":"n4","dest":"n12","body":{"in_reply_to":839,"type":"broadcast_ok"}}
2024/02/25 18:59:43 Sent {"src":"n4","dest":"c54","body":{"in_reply_to":65,"type":"broadcast_ok"}}
2024/02/25 18:59:43 Received {n12 n4 {"in_reply_to":21,"type":"broadcast_ok"}}
2024/02/25 18:59:43 Received {c54 n4 {"type":"read","msg_id":66}}
2024/02/25 18:59:43 Sent {"src":"n4","dest":"c54","body":{"in_reply_to":66,"messages":[681,247,421,590,671,190,214,369,390,2,47,91,129,790,473,586,685,765,274,417,450,8,236,260,246,48,197,196,379,442,618,721,11,124,150,348,759,482,566,577,746,14,36,264,560,581,13,337,361,556,20,177,263,738,598,88,153,384,524,745,569,567,715,758,118,364,487,517,705,782,315,387,403,465,666,750,216,303,331,339,615,94,93,179,288,475,743,757,50,137,187,398,588,749,778,65,424,440,429,233,256,275,377,5,127,115,193,767,396,623,625,703,37,437,763,189,218,258,299,32,68,152,156,513,579,648,632,755,43,499,543,563,297,751,786,30,44,85,249,647,657,104,212,280,633,511,539,696,718,25,54,123,426,725,789,519,614,662,706,161,200,295,489,708,314,576,649,695,136,171,229,251,720,456,449,591,693,78,211,220,406,775,809,267,365,380,512,458,523,792,791,99,235,389,419,329,351,464,503,26,164,239,219,516,538,570,630,395,73,232,307,383,655,157,209,319,388,554,596,638,676,165,318,335,374,689,561,557,621,731,143,330,530,558,805,447,654,774,102,217,224,360,522,608,733,770,69,95,245,528,173,498,547,210,294,349,386,66,131,160,183,470,540,793,509,674,780,328,404,486,525,493,526,606,10,228,226,407,783,7,309,549,687,680,702,3,544,594,670,613,49,144,290,564,166,326,344,534,597,67,340,411,502,363,600,603,646,45,105,213,221,769,771,324,373,451,602,19,350,435,601,357,716,41,134,169,345,779,126,405,434,624,108,381,672,298,431,660,691,742,84,184,199,291,439,159,198,238,253,777,113,167,422,686,535,722,713,39,33,51,353,659,645,754,52,185,412,520,393,497,627,748,278,358,459,669,760,430,448,611,719,454,514,500,106,372,433,415,658,192,463,532,609,641,766,61,80,444,521,341,466,461,700,254,501,568,616,46,98,149,178,483,474,781,135,172,287,455,268,311,496,491,86,133,125,140,589,342,438,699,697,138,162,255,302,711,736,71,322,352,726,241,285,505,701,60,109,188,227,604,724,21,34,310,347,397,432,531,587,53,90,114,252,580,673,677,683,282,292,327,481,92,427,756,773,462,559,667,732,23,117,259,391,753,201,394,583,785,191,205,573,717,110,682,4,582,574,747,42,116,148,468,612,38,154,141,370,376,413,642,643,74,112,250,273,730,764,460,28,176,269,423,242,234,286,325,22,103,122,181,507,490,584,317,401,408,515,168,195,271,261,571,636,385,420,416,494,15,12,170,243,546,142,186,316,308,312,338,510,762,599,175,371,453,553,480,59,155,240,313,182,485,593,9,72,101,174,293,472,550,712,62,83,82,225,665,24,272,492,504,508,704,734,107,132,180,204,631,679,744,1,147,244,367,321,668,76,89,355,476,414,479,592,661,262,270,281,366,741,688,714,694,710,230,300,637,728,35,283,644,622,692,735,333,382,443,698,537,619,223,323,425,436,356,392,640,653,55,70,265,289,684,752,304,626,707,111,709,469,617,146,215,336,445,527,656,737,784,40,64,208,354,75,222,368,575,578,819,678,723,18,409,400,551,441,477,562,663,17,6,31,346,740,650,675,121,158,452,548,652,119,202,320,402,446,488,727,145,237,231,284,277,378,410,428,16,56,97,128,787,467,541,635,729,610,605,634,664,163,248,306,495,87,207,301,555,58,552,620,690,279,536,772,768,0,57,139,203,296,334,343,457,96,120,130,266,776,484,518,572,607,29,585,545,595,359,375,418,471,506,79,77,362,478,399,542,529,565,629,27,151,194,533,628,761,63,100,257,651,332,639,739,788,81,206,276,305],"type":"read_ok"}}
2024/02/25 18:59:43 Sent {"src":"n4","dest":"n12","body":{"messages":[819],"msg_id":22,"type":"broadcast"}}
2024/02/25 18:59:43 Received {n12 n4 {"messages":[812,798,811,800,813,807,804,801,815,797,810,795,808,794,803,806,802,796,814,799,822],"msg_id":846,"type":"broadcast"}}
2024/02/25 18:59:43 Received {c54 n4 {"type":"read","msg_id":67}}
2024/02/25 18:59:43 Sent {"src":"n4","dest":"n12","body":{"in_reply_to":846,"type":"broadcast_ok"}}
2024/02/25 18:59:43 Sent {"src":"n4","dest":"c54","body":{"in_reply_to":67,"messages":[323,425,436,537,619,223,70,265,289,356,392,640,653,55,752,684,626,707,304,709,111,215,336,445,469,617,146,64,208,354,527,656,737,784,40,222,368,575,75,819,578,409,400,551,678,723,18,6,31,346,441,477,562,663,17,740,158,452,548,650,675,121,202,320,402,652,813,119,237,231,284,446,488,727,145,56,97,128,277,378,410,428,16,541,635,729,787,467,248,306,495,610,605,634,664,163,207,301,555,87,552,620,690,58,57,139,203,279,536,772,768,0,120,130,266,296,334,343,457,96,518,572,607,776,808,484,585,29,375,418,471,545,595,359,77,362,478,506,79,797,399,151,194,533,542,529,565,629,27,761,628,100,257,651,63,206,276,305,332,639,739,788,81,794,421,590,671,681,247,47,91,129,190,214,369,390,2,812,586,685,765,790,473,236,260,246,274,417,450,804,8,197,196,48,124,150,348,379,442,618,721,11,759,566,577,482,36,264,560,746,14,337,361,556,581,13,177,263,738,20,153,384,524,598,88,802,745,364,487,517,569,567,715,758,118,387,403,465,705,782,798,315,303,331,339,666,750,216,93,179,288,615,94,137,187,398,475,743,757,50,424,440,429,588,749,778,65,127,115,193,233,256,275,377,5,623,625,703,767,800,396,437,763,810,37,68,152,156,189,218,258,299,32,513,499,543,563,579,648,632,755,43,44,85,249,297,751,786,30,212,280,633,647,657,104,54,123,426,511,539,696,718,25,789,725,200,295,489,519,614,662,706,161,708,171,229,251,314,576,649,695,136,720,211,220,406,456,449,591,693,78,365,380,512,775,809,267,235,389,419,458,523,792,791,99,164,239,219,329,351,464,503,26,538,570,630,516,232,307,383,395,73,209,319,388,655,157,318,335,374,554,596,638,676,165,689,330,530,558,561,557,621,731,143,805,217,224,360,447,654,774,102,95,245,528,522,608,733,770,69,498,547,173,131,160,183,210,294,349,386,66,540,793,470,404,486,525,509,674,780,328,228,226,407,493,526,606,10,309,549,687,783,7,544,594,670,680,702,3,144,290,564,613,49,326,344,166,340,411,502,534,597,67,105,213,221,363,600,603,646,45,769,373,451,602,771,324,350,435,601,19,134,169,345,357,716,41,405,434,624,779,799,126,381,672,108,431,660,298,184,199,291,691,742,814,84,198,238,253,439,159,167,422,686,777,113,33,51,353,535,722,713,39,185,412,520,659,645,754,52,497,627,748,815,393,358,459,669,278,448,611,719,760,430,372,433,415,454,514,500,806,106,463,532,609,658,192,80,444,521,641,766,61,466,461,700,341,98,149,178,254,501,568,616,46,172,287,455,483,474,781,135,133,125,140,268,311,496,491,86,807,589,162,255,302,342,438,699,697,138,736,711,322,352,726,71,109,188,227,241,285,505,701,60,34,310,347,604,724,21,90,114,252,397,432,531,587,53,673,677,580,292,327,481,683,282,427,756,773,92,117,259,391,462,559,667,732,23,753,394,583,785,801,201,205,573,717,191,682,811,110,582,574,747,4,116,148,42,154,141,370,468,612,38,112,250,273,376,413,642,643,74,764,822,730,176,269,423,460,28,103,122,181,242,234,286,325,22,490,584,507,195,271,261,317,401,408,515,168,636,571,12,170,243,385,420,416,494,15,186,316,308,546,142,338,510,762,312,371,453,553,599,175,155,240,313,480,59,72,101,174,182,485,593,795,9,796,83,82,225,293,472,550,712,62,272,492,504,665,24,132,180,204,508,704,734,107,147,244,367,631,679,744,1,321,89,355,476,668,803,76,270,281,366,414,479,592,661,262,714,694,710,741,688,300,637,230,283,644,622,728,35,382,443,698,692,735,333],"type":"read_ok"}}
2024/02/25 18:59:43 Received {n12 n4 {"in_reply_to":22,"type":"broadcast_ok"}}
2024/02/25 18:59:43 Received {c54 n4 {"type":"read","msg_id":68}}
2024/02/25 18:59:43 Sent {"src":"n4","dest":"c54","body":{"in_reply_to":68,"messages":[543,563,579,648,632,755,43,499,85,249,297,751,786,30,44,280,633,647,657,104,212,123,426,511,539,696,718,25,54,725,789,295,489,519,614,662,706,161,200,708,229,251,314,576,649,695,136,171,720,220,406,456,449,591,693,78,211,380,512,775,809,267,365,389,419,458,523,792,791,99,235,239,219,329,351,464,503,26,164,570,630,516,538,307,383,395,73,232,319,388,655,157,209,335,374,554,596,638,676,165,318,689,530,558,561,557,621,731,143,330,805,224,360,447,654,774,102,217,245,528,522,608,733,770,69,95,547,173,498,160,183,210,294,349,386,66,131,793,470,540,486,525,509,674,780,328,404,226,407,493,526,606,10,228,549,687,783,7,309,594,670,680,702,3,544,290,564,613,49,144,344,166,326,411,502,534,597,67,340,213,221,363,600,603,646,45,105,769,451,602,771,324,373,435,601,19,350,169,345,357,716,41,134,434,624,779,799,126,405,672,108,381,660,298,431,199,291,691,742,814,84,184,238,253,439,159,198,422,686,777,113,167,51,353,535,722,713,39,33,412,520,659,645,754,52,185,627,748,815,393,497,459,669,278,358,611,719,760,430,448,433,415,454,514,500,806,106,372,532,609,658,192,463,444,521,641,766,61,80,461,700,341,466,149,178,254,501,568,616,46,98,287,455,483,474,781,135,172,125,140,268,311,496,491,86,133,589,807,255,302,342,438,699,697,138,162,711,736,352,726,71,322,188,227,241,285,505,701,60,109,310,347,604,724,21,34,114,252,397,432,531,587,53,90,677,580,673,327,481,683,282,292,756,773,92,427,259,391,462,559,667,732,23,117,753,583,785,801,201,394,573,717,191,205,811,110,682,574,747,4,582,148,42,116,141,370,468,612,38,154,250,273,376,413,642,643,74,112,822,730,764,269,423,460,28,176,122,181,242,234,286,325,22,103,584,507,490,271,261,317,401,408,515,168,195,571,636,170,243,385,420,416,494,15,12,316,308,546,142,186,510,762,312,338,453,553,599,175,371,240,313,480,59,155,101,174,182,485,593,795,9,72,796,82,225,293,472,550,712,62,83,492,504,665,24,272,180,204,508,704,734,107,132,244,367,631,679,744,1,147,321,355,476,668,803,76,89,281,366,414,479,592,661,262,270,694,710,741,688,714,637,230,300,644,622,728,35,283,443,698,692,735,333,382,425,436,537,619,223,323,265,289,356,392,640,653,55,70,684,752,707,304,626,111,709,336,445,469,617,146,215,208,354,527,656,737,784,40,64,368,575,75,222,578,819,400,551,678,723,18,409,31,346,441,477,562,663,17,6,740,452,548,650,675,121,158,320,402,652,813,119,202,231,284,446,488,727,145,237,97,128,277,378,410,428,16,56,635,729,787,467,541,306,495,610,605,634,664,163,248,301,555,87,207,620,690,58,552,139,203,279,536,772,768,0,57,130,266,296,334,343,457,96,120,572,607,776,808,484,518,29,585,418,471,545,595,359,375,362,478,506,79,77,399,797,194,533,542,529,565,629,27,151,628,761,257,651,63,100,276,305,332,639,739,788,81,206,794,590,671,681,247,421,91,129,190,214,369,390,2,47,812,685,765,790,473,586,260,246,274,417,450,804,8,236,196,48,197,150,348,379,442,618,721,11,124,759,577,482,566,264,560,746,14,36,361,556,581,13,337,263,738,20,177,384,524,598,88,153,745,802,487,517,569,567,715,758,118,364,403,465,705,782,798,315,387,331,339,666,750,216,303,179,288,615,94,93,187,398,475,743,757,50,137,440,429,588,749,778,65,424,115,193,233,256,275,377,5,127,625,703,767,800,396,623,763,810,37,437,152,156,189,218,258,299,32,68,513],"type":"read_ok"}}
2024/02/25 18:59:44 Received {n12 n4 {"messages":[837,816,830,827,836,834,824,838,823,840,839,826,842,828,843,829,817,831,825,841,821,820,835,818,832,833,863],"msg_id":879,"type":"broadcast"}}
2024/02/25 18:59:44 Sent {"src":"n4","dest":"n12","body":{"in_reply_to":879,"type":"broadcast_ok"}}
2024/02/25 18:59:44 Received {c54 n4 {"type":"read","msg_id":69}}
2024/02/25 18:59:44 Sent {"src":"n4","dest":"c54","body":{"in_reply_to":69,"messages":[227,241,60,109,604,21,310,432,53,90,580,673,677,282,840,92,391,559,732,753,801,394,583,205,573,110,682,747,582,42,468,38,413,642,643,250,730,822,460,28,269,181,286,325,122,507,261,401,515,168,195,271,571,636,243,385,420,416,494,12,142,762,312,510,553,599,175,371,453,240,485,795,72,101,796,225,504,665,492,204,704,734,132,367,631,147,803,355,414,479,661,262,270,710,741,714,300,637,35,644,698,382,443,436,537,619,223,289,356,640,55,265,684,752,304,709,445,469,336,656,575,222,819,551,678,409,346,477,663,6,740,675,818,121,158,650,652,823,202,320,824,145,237,231,277,378,410,428,97,729,541,635,495,610,605,664,306,827,690,58,552,620,203,279,536,768,57,139,830,266,343,96,130,776,808,572,79,797,833,533,542,529,629,628,651,63,257,305,788,81,276,247,129,214,369,390,812,765,586,685,246,274,450,8,236,197,196,348,442,11,124,150,482,566,577,36,264,13,337,581,263,88,153,745,802,758,828,118,487,715,315,705,782,216,331,339,94,179,615,832,137,475,743,429,588,778,843,65,424,440,275,377,800,127,193,256,37,841,156,189,299,513,32,68,152,579,755,499,543,563,817,30,85,786,633,657,511,718,25,54,123,489,519,614,706,200,295,708,839,251,314,456,591,78,220,267,458,523,99,464,503,164,239,570,383,395,232,388,374,638,165,318,689,558,561,621,143,447,774,102,217,224,528,733,95,829,183,294,66,131,160,540,525,328,404,493,526,826,226,783,837,7,670,680,702,3,594,564,144,344,534,340,221,363,603,646,45,213,769,602,771,324,451,601,350,345,357,41,134,624,799,405,434,431,742,814,84,184,199,821,159,198,253,113,422,535,51,659,52,748,497,627,669,278,358,448,611,415,454,806,106,658,641,61,444,700,466,178,254,616,46,98,455,474,781,135,172,268,311,86,125,302,342,438,699,697,726,71,322,352,285,505,701,188,347,724,34,252,397,531,587,114,481,683,292,327,773,842,427,756,462,667,23,117,259,785,201,717,191,811,4,574,116,148,370,612,154,141,273,376,74,112,764,423,176,242,234,22,103,490,584,317,408,15,170,816,308,546,186,316,338,831,313,480,59,155,174,182,593,9,293,472,550,712,62,83,82,24,272,508,107,180,679,744,1,244,321,476,668,76,89,366,592,281,688,694,230,863,283,622,728,692,735,333,323,425,392,653,70,626,707,111,617,146,215,354,527,737,784,40,64,208,75,368,578,723,838,18,400,441,562,17,31,452,548,402,813,119,284,446,488,727,128,16,56,787,467,634,163,248,555,87,207,301,772,0,296,334,457,120,607,484,518,29,585,471,545,595,359,375,418,478,506,77,362,399,835,565,27,151,194,761,100,332,639,739,206,794,671,681,421,590,190,2,47,91,836,790,473,417,804,260,48,379,618,721,759,14,560,746,361,556,20,177,738,384,524,598,567,364,517,569,798,387,403,465,303,666,750,93,288,757,825,50,187,398,749,396,623,625,703,767,5,115,233,437,763,810,218,258,43,648,632,751,44,249,297,647,104,212,280,426,539,696,725,789,662,161,576,649,695,136,171,229,720,406,449,693,211,512,775,809,365,380,419,792,791,235,389,219,329,351,26,630,516,538,73,307,655,157,209,319,554,596,676,335,557,731,330,530,805,360,654,522,608,770,69,245,820,173,498,547,210,349,386,470,793,509,674,780,486,407,606,10,228,687,309,549,544,613,49,290,166,326,502,597,67,411,600,105,373,19,435,716,169,779,126,108,381,672,834,298,660,291,691,238,439,686,777,167,353,722,713,39,33,520,645,754,185,412,815,393,459,719,760,430,514,500,372,433,609,192,463,532,521,766,80,341,461,501,568,149,483,287,140,496,491,133,589,807,138,162,255,711,736],"type":"read_ok"}}
2024/02/25 18:59:44 Received {c54 n4 {"type":"broadcast","message":868,"msg_id":70}}
2024/02/25 18:59:44 Sent {"src":"n4","dest":"c54","body":{"in_reply_to":70,"type":"broadcast_ok"}}
2024/02/25 18:59:44 Received {c54 n4 {"type":"broadcast","message":878,"msg_id":71}}
2024/02/25 18:59:44 Sent {"src":"n4","dest":"c54","body":{"in_reply_to":71,"type":"broadcast_ok"}}
2024/02/25 18:59:44 Sent {"src":"n4","dest":"n12","body":{"messages":[868,878],"msg_id":23,"type":"broadcast"}}
2024/02/25 18:59:44 Received {n12 n4 {"messages":[853,861,855,848,860,850,856,852,849,864,845,857,858,859,846,862,854,847,844,851,871],"msg_id":891,"type":"broadcast"}}
2024/02/25 18:59:44 Sent {"src":"n4","dest":"n12","body":{"in_reply_to":891,"type":"broadcast_ok"}}
2024/02/25 18:59:44 Received {n12 n4 {"in_reply_to":23,"type":"broadcast_ok"}}
2024/02/25 18:59:44 Received {c54 n4 {"type":"read","msg_id":72}}
2024/02/25 18:59:44 Sent {"src":"n4","dest":"c54","body":{"in_reply_to":72,"messages":[360,654,69,245,522,608,770,173,498,547,820,210,349,386,470,793,486,509,674,780,10,228,407,606,309,549,687,544,49,290,613,166,326,67,411,502,597,105,600,373,19,435,716,169,126,779,108,381,672,298,660,834,291,691,238,439,167,686,777,39,33,353,722,713,645,754,185,412,520,393,815,459,430,719,760,514,500,372,433,192,463,532,609,766,80,521,341,461,501,568,149,287,483,496,491,133,140,589,807,138,162,255,711,736,60,109,227,241,21,310,604,432,53,90,580,673,677,282,92,840,391,559,732,753,860,394,583,801,205,573,110,682,582,747,42,846,38,468,413,642,643,250,730,822,28,269,460,849,286,325,122,181,507,401,515,168,195,271,261,571,636,420,416,494,12,243,385,142,312,510,762,175,371,453,553,599,240,864,72,101,485,795,796,225,492,504,665,704,734,132,204,147,367,631,803,355,479,661,262,270,414,714,710,741,300,637,35,644,382,443,698,223,436,537,619,847,684,752,871,55,265,289,356,640,304,709,336,445,469,656,222,575,819,409,551,678,477,663,6,346,740,121,158,650,675,818,823,202,320,652,824,145,237,231,541,635,729,97,277,378,410,428,850,827,878,306,495,610,605,664,58,552,620,690,536,768,57,139,203,279,830,343,96,130,266,808,572,776,79,797,833,529,629,533,542,628,63,257,651,81,276,305,788,868,247,214,369,390,129,812,586,685,765,450,8,236,246,274,197,196,442,11,124,150,348,482,566,577,36,264,13,337,581,848,263,88,153,745,802,118,487,715,758,828,315,705,782,216,331,339,94,179,615,137,475,743,832,778,843,65,424,440,429,588,800,127,193,256,275,377,37,841,299,513,32,68,152,156,189,499,543,563,579,755,30,85,786,817,633,657,25,54,123,511,718,706,708,839,200,295,489,519,614,251,314,78,220,456,591,267,99,458,523,164,239,464,503,570,232,383,395,388,165,318,374,638,689,143,558,561,621,844,102,217,224,447,774,95,528,733,829,540,66,131,160,183,294,328,404,525,226,493,526,826,7,783,837,3,594,670,680,702,144,564,344,340,534,646,769,45,213,221,363,603,324,451,602,771,350,601,41,134,345,357,799,405,434,624,431,742,814,84,184,199,159,198,253,821,113,422,858,51,535,861,52,659,497,627,748,278,358,669,448,611,806,106,415,454,658,61,444,641,466,700,616,46,98,178,254,474,781,135,172,455,311,86,125,268,855,302,342,438,699,697,71,322,352,726,285,505,701,188,34,347,724,853,531,587,114,252,397,292,327,481,683,842,427,756,773,23,117,259,462,667,201,785,191,717,811,4,574,845,116,148,612,154,141,370,74,112,273,376,764,176,423,234,22,103,242,490,584,408,317,15,170,816,186,316,308,546,338,831,59,155,313,480,9,174,182,593,472,550,712,62,83,82,293,24,272,107,180,508,679,744,1,244,321,854,76,89,476,668,592,281,366,688,694,230,283,622,728,863,735,333,692,323,425,851,70,392,653,856,626,707,111,617,146,215,737,784,40,64,208,354,527,75,368,578,859,723,838,18,400,562,17,31,441,452,548,813,119,402,488,727,284,446,16,56,128,467,787,163,248,634,87,207,301,555,772,0,334,457,120,296,484,518,607,29,585,857,595,359,375,418,471,545,77,362,478,506,399,835,565,27,151,194,761,100,862,206,332,639,739,794,421,590,671,681,2,47,91,190,836,473,790,417,804,260,48,618,721,379,759,14,560,746,361,556,20,177,738,384,524,598,364,517,569,567,387,403,465,798,303,666,750,93,288,50,187,398,757,825,749,625,703,767,5,115,233,396,623,437,763,810,218,258,43,648,632,44,249,297,751,104,212,280,647,426,539,696,725,789,161,662,695,720,136,171,229,576,649,211,406,449,693,365,380,512,775,809,235,389,419,792,791,538,630,26,219,329,351,516,73,307,157,209,319,655,335,554,596,676,852,330,530,557,731,805],"type":"read_ok"}}
2024/02/25 18:59:45 Received {n12 n4 {"messages":[874,883,869,879,873,877,866,875,867,876,870,865,872,894],"msg_id":916,"type":"broadcast"}}
2024/02/25 18:59:45 Sent {"src":"n4","dest":"n12","body":{"in_reply_to":916,"type":"broadcast_ok"}}
2024/02/25 18:59:45 Received {c54 n4 {"type":"broadcast","message":906,"msg_id":73}}
2024/02/25 18:59:45 Sent {"src":"n4","dest":"c54","body":{"in_reply_to":73,"type":"broadcast_ok"}}
2024/02/25 18:59:45 Sent {"src":"n4","dest":"n12","body":{"messages":[906],"msg_id":24,"type":"broadcast"}}
2024/02/25 18:59:45 Received {n12 n4 {"messages":[898,886,900,885,902,903,896,891,904,892,889,905,888,899,881,884,895,887,897,880,893,890,901,882],"msg_id":938,"type":"broadcast"}}
2024/02/25 18:59:45 Sent {"src":"n4","dest":"n12","body":{"in_reply_to":938,"type":"broadcast_ok"}}
2024/02/25 18:59:45 Received {n12 n4 {"in_reply_to":24,"type":"broadcast_ok"}}
2024/02/25 18:59:55 Received {c54 n4 {"type":"read","msg_id":74}}
2024/02/25 18:59:55 Sent {"src":"n4","dest":"c54","body":{"in_reply_to":74,"messages":[501,568,874,149,483,287,140,496,491,589,807,873,133,162,255,711,736,138,109,227,241,60,310,604,21,90,432,580,673,677,53,282,840,92,559,732,753,860,391,583,801,394,573,205,682,110,747,582,846,42,468,38,413,642,643,730,822,250,269,460,849,881,28,181,286,325,507,896,122,195,271,261,401,515,571,636,168,243,385,420,416,494,12,142,510,762,883,312,371,453,553,599,175,240,101,485,795,796,864,72,225,504,665,492,204,704,734,132,367,631,147,885,803,355,270,414,479,661,714,710,741,262,637,894,300,644,35,443,698,382,436,537,619,847,223,265,289,356,640,684,752,871,55,304,709,445,469,901,336,656,575,222,819,551,678,865,409,346,477,663,740,6,158,650,675,818,121,320,652,823,866,867,202,237,231,824,145,277,378,410,428,541,635,729,97,850,495,610,605,664,827,878,306,552,620,690,58,57,139,203,279,536,768,830,130,266,343,96,572,776,808,79,833,797,533,542,529,629,628,257,651,63,276,305,788,868,81,247,129,214,369,390,812,685,765,895,586,236,246,274,450,8,196,872,197,124,150,348,442,11,566,577,482,264,36,337,581,848,13,879,263,153,88,802,745,487,715,758,828,118,705,782,315,331,339,216,179,615,880,94,475,743,832,137,424,440,429,588,778,843,900,65,193,256,275,377,800,127,841,37,68,152,156,189,299,513,32,543,563,579,755,499,85,786,817,30,657,633,54,123,511,718,25,295,489,519,614,706,708,839,200,314,251,220,456,591,78,267,458,523,99,239,464,503,570,164,383,395,232,388,318,374,638,689,165,558,561,621,844,143,217,224,447,774,889,102,528,733,905,95,829,131,160,183,294,540,66,404,525,904,328,493,526,826,226,783,837,7,594,670,680,702,3,564,888,144,344,534,340,213,221,363,603,646,769,45,451,602,771,324,601,350,134,345,357,41,434,624,799,405,431,184,199,742,814,84,198,253,821,159,422,858,113,535,861,51,659,52,627,748,497,358,669,278,611,898,448,415,454,806,106,658,444,641,61,700,466,98,178,254,616,46,172,455,474,781,135,125,268,311,86,342,438,699,697,855,302,322,352,726,71,285,505,701,188,347,724,853,34,252,397,531,587,906,886,114,327,481,683,292,756,773,842,427,117,259,462,667,23,785,201,717,191,811,574,845,4,148,116,141,370,612,154,112,273,376,764,74,423,176,103,242,234,490,584,22,408,317,170,816,15,316,308,546,186,338,831,155,313,480,59,174,182,593,9,83,82,293,472,550,712,62,272,24,180,508,107,244,679,744,1,854,891,321,89,476,668,76,366,592,688,694,281,230,622,728,863,283,692,735,333,425,851,323,392,653,856,70,707,626,111,215,617,146,64,208,354,527,737,784,40,368,903,75,859,893,578,400,723,838,18,31,441,562,17,548,452,402,813,119,446,488,727,284,56,128,467,787,892,16,248,634,163,207,301,555,87,772,0,120,296,334,457,518,607,484,585,857,29,375,418,471,545,595,359,77,362,478,506,835,399,151,194,565,27,761,100,332,639,739,794,862,206,590,671,681,876,421,47,91,190,2,836,790,887,473,260,417,804,48,379,618,721,759,560,746,14,556,361,177,738,20,524,598,384,517,569,567,899,364,403,465,798,387,666,750,303,288,93,187,398,757,825,50,749,115,233,396,623,625,703,767,5,763,810,884,437,258,218,648,632,43,249,297,751,897,44,212,280,647,104,539,696,725,789,426,662,161,171,229,576,649,695,720,136,406,449,693,211,380,512,775,809,365,389,419,792,791,235,219,329,351,516,538,630,26,307,73,209,319,655,890,157,554,596,676,335,530,557,731,805,852,330,654,360,245,522,608,770,69,498,547,820,173,349,386,470,793,210,509,674,780,486,228,407,606,10,549,687,869,309,544,290,613,49,326,882,166,411,502,597,67,600,877,105,373,435,19,716,169,779,126,381,672,108,660,834,298,691,291,439,902,238,686,777,875,167,33,353,722,713,39,412,520,645,754,185,815,393,459,719,760,430,433,514,500,372,463,532,609,192,521,766,870,80,461,341],"type":"read_ok"}}
