2024/02/25 18:59:24 Received {c0 n5 {"type":"init","node_id":"n5","node_ids":["n0","n1","n2","n3","n4","n5","n6","n7","n8","n9","n10","n11","n12","n13","n14","n15","n16","n17","n18","n19","n20","n21","n22","n23","n24"],"msg_id":1}}
2024/02/25 18:59:24 Node n5 initialized
2024/02/25 18:59:24 Sent {"src":"n5","dest":"c0","body":{"in_reply_to":1,"type":"init_ok"}}
2024/02/25 18:59:25 Received {c30 n5 {"type":"topology","topology":{"n2":["n7","n3","n1"],"n21":["n16","n22","n20"],"n23":["n18","n24","n22"],"n5":["n10","n0","n6"],"n8":["n13","n3","n9","n7"],"n6":["n11","n1","n7","n5"],"n19":["n24","n14","n18"],"n14":["n19","n9","n13"],"n17":["n22","n12","n18","n16"],"n1":["n6","n2","n0"],"n24":["n19","n23"],"n4":["n9","n3"],"n0":["n5","n1"],"n18":["n23","n13","n19","n17"],"n9":["n14","n4","n8"],"n10":["n15","n5","n11"],"n22":["n17","n23","n21"],"n15":["n20","n10","n16"],"n13":["n18","n8","n14","n12"],"n3":["n8","n4","n2"],"n12":["n17","n7","n13","n11"],"n11":["n16","n6","n12","n10"],"n16":["n21","n11","n17","n15"],"n7":["n12","n2","n8","n6"],"n20":["n15","n21"]},"msg_id":1}}
2024/02/25 18:59:25 Sent {"src":"n5","dest":"c30","body":{"in_reply_to":1,"type":"topology_ok"}}
2024/02/25 18:59:25 Received {c55 n5 {"type":"read","msg_id":1}}
2024/02/25 18:59:25 Sent {"src":"n5","dest":"c55","body":{"in_reply_to":1,"messages":[],"type":"read_ok"}}
2024/02/25 18:59:25 Received {c55 n5 {"type":"read","msg_id":2}}
2024/02/25 18:59:25 Sent {"src":"n5","dest":"c55","body":{"in_reply_to":2,"messages":[],"type":"read_ok"}}
2024/02/25 18:59:25 Received {c55 n5 {"type":"broadcast","message":33,"msg_id":3}}
2024/02/25 18:59:25 Sent {"src":"n5","dest":"c55","body":{"in_reply_to":3,"type":"broadcast_ok"}}
2024/02/25 18:59:25 Sent {"src":"n5","dest":"n12","body":{"messages":[33],"msg_id":1,"type":"broadcast"}}
2024/02/25 18:59:25 Received {c55 n5 {"type":"broadcast","message":49,"msg_id":4}}
2024/02/25 18:59:25 Sent {"src":"n5","dest":"c55","body":{"in_reply_to":4,"type":"broadcast_ok"}}
2024/02/25 18:59:26 Received {n12 n5 {"messages":[9,20,3,16,2,15,7,14,17,4,18,10,19,5,0,11,12,8,6,13,1,39],"msg_id":23,"type":"broadcast"}}
2024/02/25 18:59:26 Sent {"src":"n5","dest":"n12","body":{"in_reply_to":23,"type":"broadcast_ok"}}
2024/02/25 18:59:26 Received {n12 n5 {"in_reply_to":1,"type":"broadcast_ok"}}
2024/02/25 18:59:26 Received {c55 n5 {"type":"read","msg_id":5}}
2024/02/25 18:59:26 Sent {"src":"n5","dest":"c55","body":{"in_reply_to":5,"messages":[16,14,17,6,0,12,39,3,4,18,10,5,33,49,20,11,8,13,1,9,2,15,7,19],"type":"read_ok"}}
2024/02/25 18:59:26 Received {c55 n5 {"type":"read","msg_id":6}}
2024/02/25 18:59:26 Sent {"src":"n5","dest":"c55","body":{"in_reply_to":6,"messages":[15,7,19,8,13,1,9,2,17,6,16,14,18,10,5,0,12,39,3,4,20,11,33,49],"type":"read_ok"}}
2024/02/25 18:59:26 Sent {"src":"n5","dest":"n12","body":{"messages":[49],"msg_id":2,"type":"broadcast"}}
2024/02/25 18:59:26 Received {n12 n5 {"messages":[35,27,45,24,32,43,31,37,30,48,36,28,29,46,21,38,22,23,40,25,42,26,41,44,47,34,64],"msg_id":41,"type":"broadcast"}}
2024/02/25 18:59:26 Sent {"src":"n5","dest":"n12","body":{"in_reply_to":41,"type":"broadcast_ok"}}
2024/02/25 18:59:26 Received {n12 n5 {"in_reply_to":2,"type":"broadcast_ok"}}
2024/02/25 18:59:26 Received {c55 n5 {"type":"read","msg_id":7}}
2024/02/25 18:59:26 Sent {"src":"n5","dest":"c55","body":{"in_reply_to":7,"messages":[13,1,21,47,9,15,7,19,64,45,30,23,42,16,14,17,6,4,18,38,40,26,44,33,49,20,46,28,29,34,2,8,32,36,27,37,22,41,12,39,24,31,3,10,5,0,25,11,35,43,48],"type":"read_ok"}}
2024/02/25 18:59:27 Received {n12 n5 {"messages":[55,67,50,61,73,75,56,60,51,62,72,57,68,59,69,52,65,63,70,53,58,54,66,71],"msg_id":52,"type":"broadcast"}}
2024/02/25 18:59:27 Received {c55 n5 {"type":"read","msg_id":8}}
2024/02/25 18:59:27 Sent {"src":"n5","dest":"n12","body":{"in_reply_to":52,"type":"broadcast_ok"}}
2024/02/25 18:59:27 Sent {"src":"n5","dest":"c55","body":{"in_reply_to":8,"messages":[20,46,26,55,69,2,8,36,28,29,34,27,37,22,41,3,12,39,24,31,56,52,63,53,11,35,43,15,7,1,21,73,62,16,6,45,30,65,71,59,33,49,38,40,44,32,67,50,61,66,54,10,5,0,72,48,25,75,58,9,19,13,47,64,60,51,68,70,14,17,23,42,4,18,57],"type":"read_ok"}}
2024/02/25 18:59:27 Received {c55 n5 {"type":"read","msg_id":9}}
2024/02/25 18:59:27 Sent {"src":"n5","dest":"c55","body":{"in_reply_to":9,"messages":[44,33,49,38,40,66,32,67,50,61,54,10,5,0,72,48,25,75,58,64,60,51,68,9,19,13,47,70,14,17,23,42,4,18,57,69,20,46,26,55,29,34,2,8,36,28,27,37,22,41,31,56,52,63,3,12,39,24,53,11,35,43,73,62,15,7,1,21,65,71,16,6,45,30,59],"type":"read_ok"}}
2024/02/25 18:59:27 Received {n12 n5 {"messages":[74,88,78,79,87,81,90,83,92,86,76,85,89,91,84,80,77,82,109],"msg_id":89,"type":"broadcast"}}
2024/02/25 18:59:27 Sent {"src":"n5","dest":"n12","body":{"in_reply_to":89,"type":"broadcast_ok"}}
2024/02/25 18:59:27 Received {c55 n5 {"type":"broadcast","message":119,"msg_id":10}}
2024/02/25 18:59:27 Sent {"src":"n5","dest":"c55","body":{"in_reply_to":10,"type":"broadcast_ok"}}
2024/02/25 18:59:27 Received {c55 n5 {"type":"read","msg_id":11}}
2024/02/25 18:59:27 Sent {"src":"n5","dest":"c55","body":{"in_reply_to":11,"messages":[3,12,39,24,31,56,52,63,53,79,11,35,43,80,15,7,1,21,73,62,84,16,6,45,30,65,71,86,59,90,33,49,38,40,44,78,89,32,67,50,61,66,109,54,10,5,0,72,83,91,48,25,75,58,9,19,13,47,64,60,51,68,70,81,14,17,23,42,82,4,18,57,85,77,20,46,26,55,69,87,92,76,119,2,8,36,28,29,34,27,37,22,41,74,88],"type":"read_ok"}}
2024/02/25 18:59:27 Sent {"src":"n5","dest":"n12","body":{"messages":[119],"msg_id":3,"type":"broadcast"}}
2024/02/25 18:59:28 Received {n12 n5 {"messages":[106,112,100,111,101,93,104,95,107,94,105,98,102,96,108,103,110,97,99,122,136],"msg_id":114,"type":"broadcast"}}
2024/02/25 18:59:28 Sent {"src":"n5","dest":"n12","body":{"in_reply_to":114,"type":"broadcast_ok"}}
2024/02/25 18:59:28 Received {n12 n5 {"in_reply_to":3,"type":"broadcast_ok"}}
2024/02/25 18:59:28 Received {c55 n5 {"type":"broadcast","message":144,"msg_id":12}}
2024/02/25 18:59:28 Sent {"src":"n5","dest":"c55","body":{"in_reply_to":12,"type":"broadcast_ok"}}
2024/02/25 18:59:28 Received {c55 n5 {"type":"broadcast","message":155,"msg_id":13}}
2024/02/25 18:59:28 Sent {"src":"n5","dest":"c55","body":{"in_reply_to":13,"type":"broadcast_ok"}}
2024/02/25 18:59:28 Sent {"src":"n5","dest":"n12","body":{"messages":[144,155],"msg_id":4,"type":"broadcast"}}
2024/02/25 18:59:28 Received {n12 n5 {"messages":[126,114,133,127,117,118,132,120,134,130,116,131,125,121,135,123,137,115,129,113,128,124,145],"msg_id":138,"type":"broadcast"}}
2024/02/25 18:59:28 Sent {"src":"n5","dest":"n12","body":{"in_reply_to":138,"type":"broadcast_ok"}}
2024/02/25 18:59:28 Received {n12 n5 {"in_reply_to":4,"type":"broadcast_ok"}}
2024/02/25 18:59:28 Received {c55 n5 {"type":"broadcast","message":167,"msg_id":14}}
2024/02/25 18:59:28 Sent {"src":"n5","dest":"c55","body":{"in_reply_to":14,"type":"broadcast_ok"}}
2024/02/25 18:59:28 Sent {"src":"n5","dest":"n12","body":{"messages":[167],"msg_id":5,"type":"broadcast"}}
2024/02/25 18:59:29 Received {n12 n5 {"messages":[143,140,151,158,138,149,154,142,141,152,153,147,146,148,139,150],"msg_id":167,"type":"broadcast"}}
2024/02/25 18:59:29 Received {c55 n5 {"type":"read","msg_id":15}}
2024/02/25 18:59:29 Sent {"src":"n5","dest":"n12","body":{"in_reply_to":167,"type":"broadcast_ok"}}
2024/02/25 18:59:29 Sent {"src":"n5","dest":"c55","body":{"in_reply_to":15,"messages":[41,74,88,27,22,63,79,94,140,149,141,39,52,152,116,11,43,21,107,103,132,15,1,71,86,121,124,138,150,16,6,106,144,40,89,110,97,125,143,33,49,61,109,105,137,145,146,67,50,99,126,130,54,104,10,153,115,58,108,64,60,51,81,122,155,13,47,42,82,112,139,14,23,133,131,154,4,77,55,87,76,111,95,96,46,26,123,8,127,37,24,31,56,53,3,12,113,35,80,62,84,117,135,7,73,65,100,93,129,147,45,30,136,134,148,59,90,78,38,44,32,66,158,72,83,91,118,5,0,75,48,25,68,70,9,19,17,85,98,102,114,167,18,57,92,119,151,20,69,28,29,34,101,120,128,2,36,142],"type":"read_ok"}}
2024/02/25 18:59:29 Received {n12 n5 {"in_reply_to":5,"type":"broadcast_ok"}}
2024/02/25 18:59:29 Received {c55 n5 {"type":"broadcast","message":193,"msg_id":16}}
2024/02/25 18:59:29 Sent {"src":"n5","dest":"c55","body":{"in_reply_to":16,"type":"broadcast_ok"}}
2024/02/25 18:59:29 Sent {"src":"n5","dest":"n12","body":{"messages":[193],"msg_id":6,"type":"broadcast"}}
2024/02/25 18:59:29 Received {n12 n5 {"messages":[156,172,168,166,175,157,169,160,159,163,177,170,164,165,161,176,174,171,162,173,197],"msg_id":175,"type":"broadcast"}}
2024/02/25 18:59:29 Sent {"src":"n5","dest":"n12","body":{"in_reply_to":175,"type":"broadcast_ok"}}
2024/02/25 18:59:29 Received {n12 n5 {"in_reply_to":6,"type":"broadcast_ok"}}
2024/02/25 18:59:29 Received {c55 n5 {"type":"broadcast","message":206,"msg_id":17}}
2024/02/25 18:59:29 Sent {"src":"n5","dest":"c55","body":{"in_reply_to":17,"type":"broadcast_ok"}}
2024/02/25 18:59:29 Sent {"src":"n5","dest":"n12","body":{"messages":[206],"msg_id":7,"type":"broadcast"}}
2024/02/25 18:59:30 Received {n12 n5 {"messages":[186,180,182,195,179,183,178,192,190,191,185,189,181,194,188,187,184,196,208],"msg_id":201,"type":"broadcast"}}
2024/02/25 18:59:30 Received {c55 n5 {"type":"broadcast","message":218,"msg_id":18}}
2024/02/25 18:59:30 Sent {"src":"n5","dest":"n12","body":{"in_reply_to":201,"type":"broadcast_ok"}}
2024/02/25 18:59:30 Sent {"src":"n5","dest":"c55","body":{"in_reply_to":18,"type":"broadcast_ok"}}
2024/02/25 18:59:30 Received {n12 n5 {"in_reply_to":7,"type":"broadcast_ok"}}
2024/02/25 18:59:30 Received {c55 n5 {"type":"read","msg_id":19}}
2024/02/25 18:59:30 Sent {"src":"n5","dest":"c55","body":{"in_reply_to":19,"messages":[18,57,85,98,102,114,167,170,206,20,69,92,119,151,190,2,36,28,29,34,101,120,128,142,177,27,22,41,74,88,173,179,39,52,63,79,94,140,149,141,152,11,43,116,172,195,185,15,1,21,107,103,132,218,16,6,71,86,121,124,138,150,106,144,33,49,40,89,110,97,125,143,164,196,67,50,61,109,105,137,145,146,165,192,54,104,99,126,130,169,197,194,10,153,58,108,115,156,13,47,64,60,51,81,122,155,168,161,14,23,42,82,112,139,166,175,4,77,133,131,154,189,46,26,55,87,76,111,95,96,193,186,8,127,123,37,208,3,12,24,31,56,53,181,35,80,113,171,182,7,73,62,84,117,135,180,178,45,30,65,100,93,129,147,163,174,188,59,90,136,134,148,157,176,38,44,78,159,32,66,160,187,184,158,183,5,0,72,83,91,118,48,25,75,191,9,19,68,70,17,162],"type":"read_ok"}}
2024/02/25 18:59:30 Sent {"src":"n5","dest":"n12","body":{"messages":[218],"msg_id":8,"type":"broadcast"}}
2024/02/25 18:59:30 Received {n12 n5 {"messages":[212,223,201,214,204,215,209,205,216,198,210,203,207,199,211,200,202,213,242],"msg_id":237,"type":"broadcast"}}
2024/02/25 18:59:30 Sent {"src":"n5","dest":"n12","body":{"in_reply_to":237,"type":"broadcast_ok"}}
2024/02/25 18:59:30 Received {n12 n5 {"in_reply_to":8,"type":"broadcast_ok"}}
2024/02/25 18:59:30 Received {c55 n5 {"type":"broadcast","message":248,"msg_id":20}}
2024/02/25 18:59:30 Sent {"src":"n5","dest":"c55","body":{"in_reply_to":20,"type":"broadcast_ok"}}
2024/02/25 18:59:30 Received {c55 n5 {"type":"broadcast","message":258,"msg_id":21}}
2024/02/25 18:59:30 Sent {"src":"n5","dest":"c55","body":{"in_reply_to":21,"type":"broadcast_ok"}}
2024/02/25 18:59:30 Sent {"src":"n5","dest":"n12","body":{"messages":[248,258],"msg_id":9,"type":"broadcast"}}
2024/02/25 18:59:31 Received {n12 n5 {"messages":[221,239,230,232,227,229,236,217,237,220,238,235,240,241,228,245,234,222,225,244,224,243,231,233,219,226],"msg_id":248,"type":"broadcast"}}
2024/02/25 18:59:31 Sent {"src":"n5","dest":"n12","body":{"in_reply_to":248,"type":"broadcast_ok"}}
2024/02/25 18:59:31 Received {n12 n5 {"in_reply_to":9,"type":"broadcast_ok"}}
2024/02/25 18:59:31 Received {c55 n5 {"type":"read","msg_id":22}}
2024/02/25 18:59:31 Sent {"src":"n5","dest":"c55","body":{"in_reply_to":22,"messages":[30,129,188,136,134,148,157,227,38,44,159,204,32,66,184,219,158,183,234,5,91,118,25,75,191,68,70,162,102,114,170,201,228,233,69,119,151,190,248,209,2,36,29,101,120,128,142,244,226,207,27,22,74,88,173,179,210,229,52,94,152,11,116,1,107,103,215,205,237,235,16,6,71,150,241,144,110,196,238,67,109,105,145,146,165,198,231,104,99,194,153,58,115,224,13,155,239,14,23,42,82,139,166,175,4,77,131,189,225,202,55,76,95,96,186,223,216,220,8,127,37,242,24,31,53,181,243,35,80,222,84,117,135,180,178,45,65,100,93,147,163,174,59,90,176,200,213,78,236,160,187,0,72,83,48,9,19,230,240,17,18,57,85,98,167,206,20,92,28,34,177,41,39,63,79,140,149,141,43,172,195,185,15,21,132,218,86,121,124,138,106,164,33,49,40,89,97,125,143,50,61,137,192,199,217,54,126,130,169,197,212,10,211,108,156,161,47,64,60,51,81,122,168,112,214,133,154,46,26,87,111,193,123,232,208,258,221,245,3,12,56,203,113,171,182,7,73,62],"type":"read_ok"}}
2024/02/25 18:59:31 Received {n12 n5 {"messages":[255,260,262,253,247,257,246,250,249,259,254,251,252,256],"msg_id":269,"type":"broadcast"}}
2024/02/25 18:59:31 Received {c55 n5 {"type":"read","msg_id":23}}
2024/02/25 18:59:31 Sent {"src":"n5","dest":"n12","body":{"in_reply_to":269,"type":"broadcast_ok"}}
2024/02/25 18:59:31 Sent {"src":"n5","dest":"c55","body":{"in_reply_to":23,"messages":[71,150,241,16,6,144,110,196,105,145,146,165,198,238,67,109,231,194,104,99,153,224,58,115,239,13,155,42,82,139,166,175,255,14,23,131,189,225,4,77,95,96,186,223,216,202,55,76,220,251,8,127,37,242,53,181,243,24,31,222,35,80,135,180,178,84,117,100,93,147,163,174,45,65,176,200,213,59,90,78,236,160,187,83,0,72,48,259,230,240,9,19,17,246,85,98,167,206,253,18,57,20,92,177,28,34,41,79,140,149,141,39,63,195,185,43,172,132,218,249,256,15,21,124,138,86,121,106,40,89,97,125,143,164,33,49,137,192,199,217,50,61,130,169,197,212,260,54,126,10,211,262,108,156,60,51,81,122,168,161,47,64,257,112,214,133,154,87,111,193,46,26,123,232,221,245,208,258,56,203,252,3,12,182,250,113,171,62,7,73,188,30,129,148,157,227,247,136,134,159,204,38,44,184,219,254,32,66,234,158,183,118,5,91,191,25,75,68,70,162,170,201,228,233,102,114,151,190,248,69,119,29,101,120,128,142,209,2,36,244,226,74,88,173,179,210,207,27,22,229,152,52,94,11,116,103,215,205,237,235,1,107],"type":"read_ok"}}
2024/02/25 18:59:31 Received {c55 n5 {"type":"read","msg_id":24}}
2024/02/25 18:59:31 Sent {"src":"n5","dest":"c55","body":{"in_reply_to":24,"messages":[4,77,131,189,225,223,216,202,55,76,95,96,186,220,8,127,251,37,242,24,31,53,181,243,35,80,222,84,117,135,180,178,163,174,45,65,100,93,147,59,90,176,200,213,78,236,160,187,0,72,83,48,259,9,19,230,240,17,246,206,253,18,57,85,98,167,20,92,28,34,177,41,141,39,63,79,140,149,43,172,195,185,256,15,21,132,218,249,86,121,124,138,106,125,143,164,33,49,40,89,97,217,50,61,137,192,199,212,260,54,126,130,169,197,10,211,108,156,262,122,168,161,47,64,60,51,81,257,112,214,133,154,46,26,87,111,193,123,232,208,258,221,245,3,12,56,203,252,113,171,182,250,7,73,62,30,129,188,247,136,134,148,157,227,38,44,159,204,32,66,184,219,254,158,183,234,5,91,118,25,75,191,68,70,162,233,102,114,170,201,228,69,119,151,190,248,128,142,209,2,36,29,101,120,244,226,179,210,207,27,22,74,88,173,229,52,94,152,11,116,237,235,1,107,103,215,205,16,6,71,150,241,144,110,196,165,198,238,67,109,105,145,146,231,104,99,194,153,58,115,224,13,155,239,166,175,255,14,23,42,82,139],"type":"read_ok"}}
2024/02/25 18:59:32 Received {n12 n5 {"messages":[266,271,268,278,272,273,267,270,280,276,263,261,274,269,265,277,264,275,279,289,300],"msg_id":298,"type":"broadcast"}}
2024/02/25 18:59:32 Received {c55 n5 {"type":"broadcast","message":310,"msg_id":25}}
2024/02/25 18:59:32 Sent {"src":"n5","dest":"n12","body":{"in_reply_to":298,"type":"broadcast_ok"}}
2024/02/25 18:59:32 Sent {"src":"n5","dest":"c55","body":{"in_reply_to":25,"type":"broadcast_ok"}}
2024/02/25 18:59:32 Received {c55 n5 {"type":"read","msg_id":26}}
2024/02/25 18:59:32 Sent {"src":"n5","dest":"c55","body":{"in_reply_to":26,"messages":[78,236,278,160,187,0,72,83,48,259,9,19,230,240,17,246,253,18,57,85,98,167,206,20,92,28,34,177,41,39,63,79,140,149,141,43,172,195,185,277,15,21,132,218,249,256,86,121,124,138,106,143,164,33,49,40,89,97,125,50,61,137,192,199,217,260,54,126,130,169,197,212,10,211,108,156,262,168,161,47,64,60,51,81,122,257,310,112,214,270,264,133,154,279,46,26,87,111,193,272,123,232,208,258,221,245,275,3,12,56,203,252,266,113,171,182,250,7,73,62,30,129,188,268,136,134,148,157,227,247,38,44,159,204,32,66,184,219,254,158,183,234,267,5,91,118,269,25,75,191,68,70,162,102,114,170,201,228,233,69,119,151,190,248,142,209,2,36,29,101,120,128,244,226,210,207,27,22,74,88,173,179,229,289,52,94,152,11,116,271,235,1,107,103,215,205,237,16,6,71,150,241,144,110,196,198,238,67,109,105,145,146,165,231,263,104,99,194,274,153,58,115,224,13,155,239,261,300,175,255,14,23,42,82,139,166,265,4,77,131,189,225,273,216,202,55,76,95,96,186,223,220,8,127,251,37,242,24,31,53,181,243,35,80,222,84,117,135,180,178,276,174,45,65,100,93,147,163,59,90,176,200,213,280],"type":"read_ok"}}
2024/02/25 18:59:32 Received {c55 n5 {"type":"broadcast","message":323,"msg_id":27}}
2024/02/25 18:59:32 Sent {"src":"n5","dest":"c55","body":{"in_reply_to":27,"type":"broadcast_ok"}}
2024/02/25 18:59:32 Sent {"src":"n5","dest":"n12","body":{"messages":[310,323],"msg_id":10,"type":"broadcast"}}
2024/02/25 18:59:32 Received {n12 n5 {"messages":[302,293,291,286,296,284,295,297,283,301,290,288,299,287,298,282,281,294,285,292,314,328],"msg_id":333,"type":"broadcast"}}
2024/02/25 18:59:32 Sent {"src":"n5","dest":"n12","body":{"in_reply_to":333,"type":"broadcast_ok"}}
2024/02/25 18:59:32 Received {n12 n5 {"in_reply_to":10,"type":"broadcast_ok"}}
2024/02/25 18:59:32 Received {c55 n5 {"type":"broadcast","message":338,"msg_id":28}}
2024/02/25 18:59:32 Sent {"src":"n5","dest":"c55","body":{"in_reply_to":28,"type":"broadcast_ok"}}
2024/02/25 18:59:32 Sent {"src":"n5","dest":"n12","body":{"messages":[338],"msg_id":11,"type":"broadcast"}}
2024/02/25 18:59:33 Received {n12 n5 {"messages":[303,326,316,305,325,309,308,322,321,307,319,312,327,313,329,311,324,317,320,318,306,315,304,344],"msg_id":352,"type":"broadcast"}}
2024/02/25 18:59:33 Received {c55 n5 {"type":"read","msg_id":29}}
2024/02/25 18:59:33 Sent {"src":"n5","dest":"n12","body":{"in_reply_to":352,"type":"broadcast_ok"}}
2024/02/25 18:59:33 Sent {"src":"n5","dest":"c55","body":{"in_reply_to":29,"messages":[239,261,300,295,13,155,42,82,139,166,175,255,14,23,287,131,189,225,273,265,324,4,77,95,96,186,223,216,202,55,76,220,251,8,127,312,304,37,242,53,181,243,24,31,222,315,35,80,135,180,178,276,84,117,100,93,147,163,174,320,45,65,176,200,213,280,59,90,278,290,78,236,160,187,293,83,338,325,0,72,321,48,259,230,240,9,19,17,246,85,98,167,206,253,281,18,57,327,318,20,92,177,303,28,34,41,79,140,149,141,284,39,63,195,185,302,43,172,132,218,249,256,277,323,15,21,328,124,138,86,121,106,40,89,97,125,143,164,33,49,137,192,199,217,288,50,61,130,169,197,212,260,54,126,309,10,211,262,326,108,156,60,51,81,122,168,161,47,64,292,257,310,270,264,285,112,214,279,291,299,314,133,154,87,111,193,272,46,26,123,232,221,245,208,258,56,203,252,266,275,3,12,182,250,297,301,113,171,62,7,73,188,30,129,148,157,227,247,268,316,136,134,159,204,38,44,184,219,254,283,32,66,234,267,311,158,183,118,269,5,91,191,25,75,68,70,329,162,296,170,201,228,233,102,114,151,190,248,305,69,119,29,101,120,128,142,209,2,36,244,226,74,88,173,179,210,207,27,22,286,294,229,289,152,307,52,94,271,322,11,116,103,215,205,237,235,317,1,107,71,150,241,319,16,6,144,306,110,196,105,145,146,165,198,238,67,109,313,344,231,263,194,274,298,308,104,99,153,224,282,58,115],"type":"read_ok"}}
2024/02/25 18:59:33 Received {n12 n5 {"in_reply_to":11,"type":"broadcast_ok"}}
2024/02/25 18:59:33 Received {c55 n5 {"type":"read","msg_id":30}}
2024/02/25 18:59:33 Sent {"src":"n5","dest":"c55","body":{"in_reply_to":30,"messages":[13,155,239,261,300,295,14,23,42,82,139,166,175,255,287,4,77,131,189,225,273,265,324,55,76,95,96,186,223,216,202,220,8,127,251,37,242,312,304,24,31,53,181,243,35,80,222,315,84,117,135,180,178,276,45,65,100,93,147,163,174,320,59,90,176,200,213,280,78,236,278,290,160,187,293,0,72,83,338,325,48,259,321,9,19,230,240,17,246,18,57,85,98,167,206,253,281,327,318,20,92,28,34,177,303,41,39,63,79,140,149,141,284,43,172,195,185,302,15,21,132,218,249,256,277,323,328,86,121,124,138,106,33,49,40,89,97,125,143,164,50,61,137,192,199,217,288,54,126,130,169,197,212,260,10,211,309,108,156,262,326,47,64,60,51,81,122,168,161,257,310,292,112,214,270,264,285,133,154,279,291,299,314,46,26,87,111,193,272,123,232,208,258,221,245,3,12,56,203,252,266,275,113,171,182,250,297,301,7,73,62,30,129,188,136,134,148,157,227,247,268,316,38,44,159,204,32,66,184,219,254,283,158,183,234,267,311,5,91,118,269,25,75,191,68,70,162,296,329,102,114,170,201,228,233,69,119,151,190,248,305,2,36,29,101,120,128,142,209,244,226,27,22,74,88,173,179,210,207,229,289,286,294,52,94,152,307,11,116,271,322,1,107,103,215,205,237,235,317,16,6,71,150,241,319,144,306,110,196,67,109,105,145,146,165,198,238,231,263,313,344,104,99,194,274,298,308,153,58,115,224,282],"type":"read_ok"}}
2024/02/25 18:59:33 Received {n12 n5 {"messages":[332,341,331,348,330,337,340,349,336,334,342,346,345,347,335,351,339,333,350,343,356],"msg_id":378,"type":"broadcast"}}
2024/02/25 18:59:33 Received {c55 n5 {"type":"read","msg_id":31}}
2024/02/25 18:59:33 Sent {"src":"n5","dest":"n12","body":{"in_reply_to":378,"type":"broadcast_ok"}}
2024/02/25 18:59:33 Sent {"src":"n5","dest":"c55","body":{"in_reply_to":31,"messages":[38,44,159,204,32,66,184,219,254,283,343,158,183,234,267,311,5,91,118,269,25,75,191,346,68,70,332,162,296,329,102,114,170,201,228,233,69,119,151,190,248,305,2,36,29,101,120,128,142,209,244,226,27,22,74,88,173,179,210,207,229,289,286,294,339,52,94,152,307,11,116,271,322,340,345,1,107,103,215,205,237,235,317,342,16,6,71,150,241,319,144,306,110,196,348,67,109,105,145,146,165,198,238,231,263,313,344,104,99,194,274,298,308,153,334,58,115,224,282,13,155,239,261,300,295,14,23,42,82,139,166,175,255,287,4,77,131,189,225,273,265,324,55,76,95,96,186,223,216,202,220,8,127,251,37,242,312,304,24,31,53,181,243,35,80,222,315,337,333,84,117,135,180,178,276,351,45,65,100,93,147,163,174,320,59,90,176,200,213,280,78,236,278,290,349,160,187,293,335,0,72,83,338,325,48,259,321,9,19,230,240,356,17,246,18,57,85,98,167,206,253,281,327,318,20,92,28,34,177,303,41,39,63,79,140,149,141,284,43,172,195,185,302,347,15,21,132,218,249,256,277,323,328,330,86,121,124,138,106,33,49,40,89,97,125,143,164,50,61,137,192,199,217,288,54,126,130,169,197,212,260,10,211,309,108,156,262,326,47,64,60,51,81,122,168,161,257,310,292,331,112,214,270,264,285,133,154,279,291,299,314,46,26,87,111,193,272,350,123,232,208,258,221,245,3,12,56,203,252,266,275,341,113,171,182,250,297,301,336,7,73,62,30,129,188,136,134,148,157,227,247,268,316],"type":"read_ok"}}
2024/02/25 18:59:33 Received {c55 n5 {"type":"broadcast","message":392,"msg_id":32}}
2024/02/25 18:59:33 Sent {"src":"n5","dest":"c55","body":{"in_reply_to":32,"type":"broadcast_ok"}}
2024/02/25 18:59:33 Sent {"src":"n5","dest":"n12","body":{"messages":[392],"msg_id":12,"type":"broadcast"}}
2024/02/25 18:59:34 Received {n12 n5 {"messages":[360,370,358,371,359,354,364,361,369,355,365,362,366,352,363,367,373,353,372,357,368],"msg_id":390,"type":"broadcast"}}
2024/02/25 18:59:34 Received {c55 n5 {"type":"read","msg_id":33}}
2024/02/25 18:59:34 Sent {"src":"n5","dest":"n12","body":{"in_reply_to":390,"type":"broadcast_ok"}}
2024/02/25 18:59:34 Sent {"src":"n5","dest":"c55","body":{"in_reply_to":33,"messages":[2,36,29,101,120,128,142,209,244,226,27,22,74,88,173,179,210,207,229,289,286,294,339,52,94,152,307,359,11,116,271,322,340,345,1,107,103,215,205,237,235,317,342,16,6,71,150,241,319,144,306,353,110,196,348,67,109,105,145,146,165,198,238,231,263,313,344,104,99,194,274,298,308,153,334,58,115,224,282,392,372,13,155,239,261,300,295,352,14,23,42,82,139,166,175,255,287,368,4,77,131,189,225,273,265,324,370,55,76,95,96,186,223,216,202,220,355,8,127,251,37,242,312,304,24,31,53,181,243,35,80,222,315,337,333,84,117,135,180,178,276,351,45,65,100,93,147,163,174,320,59,90,176,200,213,280,365,78,236,278,290,349,160,187,367,293,335,0,72,83,338,325,48,259,321,9,19,230,240,356,17,246,18,57,85,98,167,206,253,281,327,318,20,92,360,28,34,177,303,41,39,63,79,140,149,141,284,43,172,195,185,302,347,15,21,132,218,249,256,277,323,328,330,86,121,124,138,106,33,49,40,89,97,125,143,164,50,61,137,192,199,217,288,54,126,130,169,197,212,260,10,211,309,373,108,156,262,326,366,47,64,60,51,81,122,168,161,257,310,292,331,361,112,214,270,264,285,363,357,133,154,279,291,299,314,46,26,87,111,193,272,350,123,232,371,208,258,221,245,3,12,56,203,252,266,275,341,113,171,182,250,297,301,336,7,73,62,30,129,188,136,134,148,157,227,247,268,316,354,38,44,159,204,32,66,184,219,254,283,343,358,362,158,183,234,267,311,364,5,91,118,269,25,75,191,346,68,70,332,369,162,296,329,102,114,170,201,228,233,69,119,151,190,248,305],"type":"read_ok"}}
2024/02/25 18:59:34 Received {n12 n5 {"in_reply_to":12,"type":"broadcast_ok"}}
2024/02/25 18:59:34 Received {c55 n5 {"type":"read","msg_id":34}}
2024/02/25 18:59:34 Sent {"src":"n5","dest":"c55","body":{"in_reply_to":34,"messages":[291,299,314,133,154,279,111,193,272,350,46,26,87,123,232,371,245,208,258,221,203,252,266,275,341,3,12,56,250,297,301,336,113,171,182,7,73,62,30,129,188,157,227,247,268,316,136,134,148,354,204,38,44,159,219,254,283,343,358,32,66,184,362,267,311,364,158,183,234,269,5,91,118,346,25,75,191,369,68,70,332,162,296,329,201,228,233,102,114,170,190,248,305,69,119,151,101,120,128,142,209,2,36,29,244,226,88,173,179,210,207,27,22,74,294,339,229,289,286,307,359,52,94,152,322,340,345,11,116,271,215,205,237,235,317,1,107,103,342,150,241,319,16,6,71,144,306,353,110,196,348,145,146,165,198,238,67,109,105,344,231,263,313,274,298,308,104,99,194,153,334,282,392,372,58,115,224,261,300,295,352,13,155,239,82,139,166,175,255,14,23,42,287,368,189,225,273,265,324,4,77,131,370,96,186,223,216,202,55,76,95,220,355,8,127,251,304,37,242,312,181,243,24,31,53,315,337,333,35,80,222,180,178,276,351,84,117,135,93,147,163,174,320,45,65,100,200,213,280,365,59,90,176,290,349,78,236,278,160,187,367,293,335,338,325,0,72,83,48,259,321,240,356,9,19,230,17,246,98,167,206,253,281,18,57,85,327,318,20,92,360,303,28,34,177,41,140,149,141,284,39,63,79,185,302,347,43,172,195,218,249,256,277,323,15,21,132,328,330,138,86,121,124,106,89,97,125,143,164,33,49,40,192,199,217,288,50,61,137,169,197,212,260,54,126,130,373,10,211,309,326,366,108,156,262,51,81,122,168,161,47,64,60,331,361,257,310,292,264,285,363,357,112,214,270],"type":"read_ok"}}
2024/02/25 18:59:34 Received {n12 n5 {"messages":[387,397,376,378,389,390,379,393,377,384,374,391,375,386,381,383,396,382,395,380,394,388,385,424],"msg_id":430,"type":"broadcast"}}
2024/02/25 18:59:34 Sent {"src":"n5","dest":"n12","body":{"in_reply_to":430,"type":"broadcast_ok"}}
2024/02/25 18:59:34 Received {c55 n5 {"type":"broadcast","message":434,"msg_id":35}}
2024/02/25 18:59:34 Sent {"src":"n5","dest":"c55","body":{"in_reply_to":35,"type":"broadcast_ok"}}
2024/02/25 18:59:34 Received {c55 n5 {"type":"broadcast","message":435,"msg_id":36}}
2024/02/25 18:59:34 Sent {"src":"n5","dest":"c55","body":{"in_reply_to":36,"type":"broadcast_ok"}}
2024/02/25 18:59:34 Sent {"src":"n5","dest":"n12","body":{"messages":[434,435],"msg_id":13,"type":"broadcast"}}
2024/02/25 18:59:35 Received {n12 n5 {"messages":[398,414,409,411,404,421,412,419,401,403,420,399,415,416,402,410,405,425,423,422,406,407,400,418,413,417,408],"msg_id":442,"type":"broadcast"}}
2024/02/25 18:59:35 Received {c55 n5 {"type":"broadcast","message":448,"msg_id":37}}
2024/02/25 18:59:35 Sent {"src":"n5","dest":"n12","body":{"in_reply_to":442,"type":"broadcast_ok"}}
2024/02/25 18:59:35 Sent {"src":"n5","dest":"c55","body":{"in_reply_to":37,"type":"broadcast_ok"}}
2024/02/25 18:59:35 Received {n12 n5 {"in_reply_to":13,"type":"broadcast_ok"}}
2024/02/25 18:59:35 Received {c55 n5 {"type":"read","msg_id":38}}
2024/02/25 18:59:35 Sent {"src":"n5","dest":"c55","body":{"in_reply_to":38,"messages":[17,246,404,206,253,281,57,85,98,424,34,177,397,422,41,396,448,284,384,79,347,43,249,256,21,132,218,86,138,40,89,143,164,137,192,199,288,382,54,130,169,197,10,309,373,108,156,122,257,310,292,47,64,60,51,361,285,357,291,314,407,208,245,341,416,12,203,266,275,113,171,250,297,73,129,419,316,385,157,227,247,268,376,159,204,283,343,358,32,219,379,311,158,183,234,118,269,346,391,400,68,70,332,329,114,201,228,233,305,435,69,151,120,142,209,36,29,101,289,286,413,27,74,88,229,359,378,11,116,271,322,317,342,423,1,103,215,235,241,319,394,16,6,144,306,353,110,196,348,146,238,67,105,145,421,231,263,344,434,99,395,392,372,58,115,224,300,155,261,139,175,255,14,42,82,287,225,273,324,4,131,189,186,223,216,76,96,220,8,127,251,37,242,243,24,31,337,375,402,35,315,117,180,45,65,365,200,349,290,187,338,48,259,321,425,9,230,240,356,167,18,327,318,20,92,360,28,303,149,141,39,63,140,403,302,388,399,172,195,185,277,323,15,328,330,411,121,124,106,33,49,97,125,50,61,217,398,126,212,260,211,409,415,262,326,366,390,393,405,81,168,161,331,363,112,214,270,264,133,154,279,299,193,272,350,46,26,87,111,123,232,371,258,221,3,56,252,182,301,336,7,62,30,188,389,406,136,134,148,354,38,44,254,66,184,362,383,364,387,381,267,412,5,91,25,75,191,369,162,296,102,170,410,248,414,119,190,128,2,244,226,207,294,339,377,22,173,179,210,418,417,52,94,152,307,340,345,380,107,205,237,71,150,165,198,109,313,298,308,104,194,274,153,334,420,282,295,352,13,239,166,23,368,265,77,370,202,55,95,355,401,312,304,53,181,333,80,222,178,276,351,84,135,147,163,174,320,100,93,213,280,374,59,90,176,78,236,278,160,367,386,293,335,325,0,72,83,19,408],"type":"read_ok"}}
2024/02/25 18:59:35 Sent {"src":"n5","dest":"n12","body":{"messages":[448],"msg_id":14,"type":"broadcast"}}
2024/02/25 18:59:35 Received {n12 n5 {"messages":[445,452,440,436,427,442,433,430,437,438,431,446,429,444,426,441,432,447,428,443,439,462],"msg_id":478,"type":"broadcast"}}
2024/02/25 18:59:35 Received {c55 n5 {"type":"broadcast","message":474,"msg_id":39}}
2024/02/25 18:59:35 Sent {"src":"n5","dest":"n12","body":{"in_reply_to":478,"type":"broadcast_ok"}}
2024/02/25 18:59:35 Sent {"src":"n5","dest":"c55","body":{"in_reply_to":39,"type":"broadcast_ok"}}
2024/02/25 18:59:35 Received {n12 n5 {"in_reply_to":14,"type":"broadcast_ok"}}
2024/02/25 18:59:35 Received {c55 n5 {"type":"read","msg_id":40}}
2024/02/25 18:59:35 Sent {"src":"n5","dest":"c55","body":{"in_reply_to":40,"messages":[123,232,371,258,221,436,3,56,252,441,182,301,336,7,62,30,188,136,134,148,354,389,406,38,44,445,442,66,184,254,362,383,267,364,387,381,432,5,91,412,25,75,191,369,162,296,102,170,410,437,119,190,248,414,2,128,244,226,377,22,173,179,210,207,294,339,418,427,52,94,152,307,417,439,340,345,380,107,205,237,71,150,109,165,198,313,104,194,274,298,308,153,334,282,420,13,239,295,352,23,166,368,428,77,265,370,55,95,202,355,401,312,304,53,181,80,222,333,444,84,135,178,276,351,430,100,93,147,163,174,320,59,90,176,213,280,374,78,236,278,160,367,386,431,293,335,0,72,83,325,19,408,17,246,404,281,57,85,98,206,253,424,34,177,397,422,41,396,448,79,284,384,452,43,347,462,21,132,218,249,256,86,138,474,40,89,143,164,446,137,192,199,288,54,130,169,197,382,10,309,373,108,156,292,47,64,60,51,122,257,310,361,285,357,291,314,433,407,208,245,12,203,266,275,341,416,447,113,171,250,297,73,129,419,157,227,247,268,316,385,159,204,376,32,219,283,343,358,379,158,183,234,311,118,269,346,391,400,68,70,332,329,114,201,228,233,69,151,305,435,36,29,101,120,142,209,426,27,74,88,229,289,286,413,359,11,116,271,322,378,1,103,215,235,317,342,423,16,6,241,319,394,144,306,353,110,196,348,344,67,105,145,146,238,231,263,421,99,434,395,429,58,115,224,392,372,155,261,300,14,42,82,139,175,255,287,4,131,189,225,273,324,76,96,186,223,216,220,8,127,251,37,242,24,31,243,35,315,337,375,402,117,180,45,65,200,365,290,349,187,338,48,259,321,425,9,230,240,356,18,167,327,318,20,92,360,28,303,39,63,140,149,141,403,443,172,195,185,302,388,399,440,323,15,277,328,330,411,121,124,106,33,49,97,125,50,61,217,398,126,212,260,211,409,262,326,366,390,415,81,168,161,331,393,405,438,112,214,270,264,363,133,154,279,299,46,26,87,111,193,272,350],"type":"read_ok"}}
2024/02/25 18:59:35 Received {c55 n5 {"type":"read","msg_id":41}}
2024/02/25 18:59:35 Sent {"src":"n5","dest":"c55","body":{"in_reply_to":41,"messages":[338,48,259,321,425,9,230,240,356,18,167,327,318,20,92,360,28,303,39,63,140,149,141,403,443,172,195,185,302,388,399,440,323,15,277,328,330,411,121,124,106,33,49,97,125,50,61,217,398,126,212,260,211,409,262,326,366,390,415,81,168,161,331,393,405,438,112,214,270,264,363,133,154,279,299,46,26,87,111,193,272,350,123,232,371,258,221,436,3,56,252,441,182,301,336,7,62,30,188,136,134,148,354,389,406,38,44,445,442,66,184,254,362,383,267,364,387,381,432,5,91,412,25,75,191,369,162,296,102,170,410,437,119,190,248,414,2,128,244,226,377,22,173,179,210,207,294,339,418,427,52,94,152,307,417,439,340,345,380,107,205,237,71,150,109,165,198,313,104,194,274,298,308,153,334,282,420,13,239,295,352,23,166,368,428,77,265,370,55,95,202,355,401,312,304,53,181,80,222,333,444,84,135,178,276,351,430,100,93,147,163,174,320,59,90,176,213,280,374,78,236,278,160,367,386,431,293,335,0,72,83,325,19,408,17,246,404,281,57,85,98,206,253,424,34,177,397,422,41,396,448,79,284,384,452,43,347,462,21,132,218,249,256,86,138,474,40,89,143,164,446,137,192,199,288,54,130,169,197,382,10,309,373,108,156,292,47,64,60,51,122,257,310,361,285,357,291,314,433,407,208,245,12,203,266,275,341,416,447,113,171,250,297,73,129,419,157,227,247,268,316,385,159,204,376,32,219,283,343,358,379,158,183,234,311,118,269,346,391,400,68,70,332,329,114,201,228,233,69,151,305,435,36,29,101,120,142,209,426,27,74,88,229,289,286,413,359,11,116,271,322,378,1,103,215,235,317,342,423,16,6,241,319,394,144,306,353,110,196,348,344,67,105,145,146,238,231,263,421,99,434,395,429,58,115,224,392,372,155,261,300,14,42,82,139,175,255,287,4,131,189,225,273,324,76,96,186,223,216,220,8,127,251,37,242,24,31,243,35,315,337,375,402,117,180,45,65,200,365,290,349,187],"type":"read_ok"}}
2024/02/25 18:59:35 Sent {"src":"n5","dest":"n12","body":{"messages":[474],"msg_id":15,"type":"broadcast"}}
2024/02/25 18:59:36 Received {n12 n5 {"messages":[456,468,466,469,450,457,458,449,460,451,454,461,459,463,453,464,455,467,465,470],"msg_id":492,"type":"broadcast"}}
2024/02/25 18:59:36 Sent {"src":"n5","dest":"n12","body":{"in_reply_to":492,"type":"broadcast_ok"}}
2024/02/25 18:59:36 Received {n12 n5 {"in_reply_to":15,"type":"broadcast_ok"}}
2024/02/25 18:59:36 Received {c55 n5 {"type":"broadcast","message":515,"msg_id":42}}
2024/02/25 18:59:36 Sent {"src":"n5","dest":"c55","body":{"in_reply_to":42,"type":"broadcast_ok"}}
2024/02/25 18:59:36 Sent {"src":"n5","dest":"n12","body":{"messages":[515],"msg_id":16,"type":"broadcast"}}
2024/02/25 18:59:36 Received {n12 n5 {"messages":[483,496,507,477,490,482,494,473,487,501,486,476,489,471,498,499,493,478,491,475,488,480,492,481,472,485,500,484,479,495,497,519],"msg_id":524,"type":"broadcast"}}
2024/02/25 18:59:36 Received {c55 n5 {"type":"broadcast","message":529,"msg_id":43}}
2024/02/25 18:59:36 Sent {"src":"n5","dest":"n12","body":{"in_reply_to":524,"type":"broadcast_ok"}}
2024/02/25 18:59:36 Sent {"src":"n5","dest":"c55","body":{"in_reply_to":43,"type":"broadcast_ok"}}
2024/02/25 18:59:36 Received {n12 n5 {"in_reply_to":16,"type":"broadcast_ok"}}
2024/02/25 18:59:36 Received {c55 n5 {"type":"read","msg_id":44}}
2024/02/25 18:59:36 Sent {"src":"n5","dest":"c55","body":{"in_reply_to":44,"messages":[346,391,400,68,70,332,329,114,201,228,233,69,151,305,435,36,29,101,120,142,209,426,27,74,88,229,289,286,413,359,480,11,116,271,322,378,1,103,215,235,317,342,423,16,6,241,319,394,144,306,353,110,196,348,67,105,145,146,238,231,263,344,421,99,434,395,429,58,115,224,392,372,464,155,261,300,458,14,42,82,139,175,255,287,484,4,131,189,225,273,324,76,96,186,223,216,220,8,127,251,37,242,24,31,243,35,315,337,375,402,117,180,449,467,45,65,200,365,290,349,187,507,473,338,48,259,321,425,9,230,240,356,18,167,327,318,466,499,20,92,360,28,303,453,485,39,63,140,149,141,403,515,172,195,185,302,388,399,440,443,15,277,323,328,330,411,454,455,519,121,124,495,529,106,483,33,49,97,125,50,61,217,398,126,212,260,211,409,262,326,366,390,415,81,168,161,331,393,405,438,112,214,270,264,363,133,154,279,299,498,46,26,87,111,193,272,350,457,123,232,371,258,221,436,3,56,252,441,182,301,336,7,62,30,188,136,134,148,354,389,406,38,44,445,442,66,184,254,362,383,267,364,387,381,432,5,91,412,25,75,191,461,369,162,296,102,170,410,437,119,190,248,414,487,2,128,244,226,489,492,497,22,173,179,210,207,294,339,377,418,427,52,94,152,307,417,439,340,345,380,107,205,237,469,459,71,150,109,165,198,313,104,194,274,298,308,476,153,334,490,481,282,420,488,13,239,295,352,23,166,368,428,77,265,370,456,55,95,202,355,401,465,478,312,304,53,181,80,222,333,444,84,135,178,276,351,430,100,93,147,163,174,320,500,59,90,176,213,280,374,470,78,236,278,468,160,367,386,431,293,335,463,491,0,72,83,325,460,19,408,17,246,404,496,57,85,98,206,253,281,424,477,475,34,177,397,422,41,396,448,479,79,284,384,452,43,347,462,21,132,218,249,256,86,138,474,450,40,89,143,164,446,137,192,199,288,451,493,472,54,130,169,197,382,10,309,373,108,156,47,64,60,51,122,257,310,292,361,285,357,291,314,433,407,208,245,12,203,266,275,341,416,447,113,171,250,297,73,129,419,494,157,227,247,268,316,385,501,159,204,376,32,219,283,343,358,379,158,183,234,311,482,486,471,118,269],"type":"read_ok"}}
2024/02/25 18:59:36 Sent {"src":"n5","dest":"n12","body":{"messages":[529],"msg_id":17,"type":"broadcast"}}
2024/02/25 18:59:37 Received {n12 n5 {"messages":[522,512,524,514,503,516,533,526,505,517,508,502,527,520,510,523,504,511,506,518,525,513,509,521],"msg_id":547,"type":"broadcast"}}
2024/02/25 18:59:37 Received {c55 n5 {"type":"broadcast","message":557,"msg_id":45}}
2024/02/25 18:59:37 Sent {"src":"n5","dest":"n12","body":{"in_reply_to":547,"type":"broadcast_ok"}}
2024/02/25 18:59:37 Sent {"src":"n5","dest":"c55","body":{"in_reply_to":45,"type":"broadcast_ok"}}
2024/02/25 18:59:37 Received {n12 n5 {"in_reply_to":17,"type":"broadcast_ok"}}
2024/02/25 18:59:37 Received {c55 n5 {"type":"broadcast","message":570,"msg_id":46}}
2024/02/25 18:59:37 Sent {"src":"n5","dest":"c55","body":{"in_reply_to":46,"type":"broadcast_ok"}}
2024/02/25 18:59:37 Sent {"src":"n5","dest":"n12","body":{"messages":[557,570],"msg_id":18,"type":"broadcast"}}
2024/02/25 18:59:37 Received {n12 n5 {"messages":[550,536,540,530,537,551,528,545,542,534,539,531,548,538,544,543,535,546,532,549,547,541,562,573],"msg_id":574,"type":"broadcast"}}
2024/02/25 18:59:37 Received {c55 n5 {"type":"read","msg_id":47}}
2024/02/25 18:59:37 Sent {"src":"n5","dest":"n12","body":{"in_reply_to":574,"type":"broadcast_ok"}}
2024/02/25 18:59:37 Sent {"src":"n5","dest":"c55","body":{"in_reply_to":47,"messages":[97,125,33,49,217,398,50,61,260,126,212,211,409,366,390,415,262,326,161,331,393,405,438,543,81,168,270,264,363,112,214,279,299,498,542,133,154,87,111,193,272,350,457,46,26,371,512,530,123,232,436,258,221,252,441,3,56,336,182,301,7,62,30,188,148,354,389,406,518,537,136,134,445,442,505,38,44,254,362,383,536,66,184,387,381,432,267,364,412,5,91,191,461,25,75,369,516,162,296,410,437,102,170,248,414,487,119,190,244,226,489,492,497,522,2,128,504,179,210,207,294,339,377,22,173,528,418,427,152,307,417,439,52,94,380,340,345,237,469,459,107,205,71,150,520,523,198,313,534,109,165,274,298,308,476,541,104,194,490,481,153,334,488,282,420,295,352,13,239,368,428,514,533,23,166,370,456,77,265,202,355,401,465,478,557,55,95,312,304,53,181,333,444,525,80,222,178,276,351,430,84,135,147,163,174,320,500,546,100,93,176,213,280,374,470,570,59,90,278,468,78,236,386,431,160,367,463,491,293,335,83,325,539,0,72,460,19,408,404,496,503,17,246,98,206,253,281,424,477,57,85,475,397,422,34,177,448,479,545,41,396,384,452,531,562,79,284,462,43,347,218,249,256,524,510,21,132,474,86,138,450,548,143,164,446,511,40,89,199,288,451,493,472,137,192,169,197,382,54,130,373,10,309,108,156,60,51,122,257,310,292,47,64,361,517,285,357,433,291,314,407,208,245,266,275,341,416,447,12,203,250,297,113,171,73,494,129,419,247,268,316,385,501,157,227,376,159,204,283,343,358,379,32,219,234,311,482,486,471,521,158,183,118,269,400,527,346,391,332,68,70,329,508,228,233,114,201,305,435,69,151,101,120,142,209,426,526,36,29,88,229,289,286,413,27,74,359,480,271,322,378,11,116,215,235,317,342,423,573,1,103,241,319,394,16,6,353,551,144,306,348,550,549,110,196,145,146,238,231,263,344,67,105,421,540,99,434,395,429,224,392,372,464,58,115,300,458,155,261,82,139,175,255,287,484,14,42,189,225,273,324,4,131,186,223,216,220,76,96,251,8,127,506,37,242,243,24,31,337,375,402,35,315,449,467,117,180,538,45,65,200,365,532,290,349,187,507,473,338,547,321,425,48,259,240,356,9,230,327,318,466,499,513,18,167,360,20,92,453,502,28,303,485,140,149,141,403,515,39,63,185,302,388,399,440,443,172,195,535,509,544,323,328,330,411,454,455,15,277,519,495,529,121,124,106,483],"type":"read_ok"}}
2024/02/25 18:59:37 Received {n12 n5 {"in_reply_to":18,"type":"broadcast_ok"}}
2024/02/25 18:59:37 Received {c55 n5 {"type":"read","msg_id":48}}
2024/02/25 18:59:37 Sent {"src":"n5","dest":"c55","body":{"in_reply_to":48,"messages":[506,37,242,243,24,31,337,375,402,35,315,449,467,117,180,538,45,65,200,365,532,290,349,187,507,473,338,547,321,425,48,259,240,356,9,230,327,318,466,499,513,18,167,360,20,92,453,502,28,303,485,140,149,141,403,515,39,63,185,302,388,399,440,443,172,195,535,509,544,323,328,330,411,454,455,15,277,519,495,529,121,124,106,483,97,125,33,49,217,398,50,61,260,126,212,211,409,366,390,415,262,326,161,331,393,405,438,543,81,168,270,264,363,112,214,279,299,498,542,133,154,87,111,193,272,350,457,46,26,371,512,530,123,232,436,258,221,252,441,3,56,336,182,301,7,62,30,188,148,354,389,406,518,537,136,134,445,442,505,38,44,254,362,383,536,66,184,387,381,432,267,364,412,5,91,191,461,25,75,369,516,162,296,410,437,102,170,248,414,487,119,190,244,226,489,492,497,522,2,128,504,179,210,207,294,339,377,22,173,528,418,427,152,307,417,439,52,94,380,340,345,237,469,459,107,205,71,150,520,523,198,313,534,109,165,274,298,308,476,541,104,194,490,481,153,334,488,282,420,295,352,13,239,368,428,514,533,23,166,370,456,77,265,202,355,401,465,478,557,55,95,312,304,53,181,333,444,525,80,222,178,276,351,430,84,135,147,163,174,320,500,546,100,93,176,213,280,374,470,570,59,90,278,468,78,236,386,431,160,367,463,491,293,335,83,325,539,0,72,460,19,408,404,496,503,17,246,98,206,253,281,424,477,57,85,475,397,422,34,177,448,479,545,41,396,384,452,531,562,79,284,462,43,347,218,249,256,524,510,21,132,474,86,138,450,548,143,164,446,511,40,89,199,288,451,493,472,137,192,169,197,382,54,130,373,10,309,108,156,60,51,122,257,310,292,47,64,361,517,285,357,433,291,314,407,208,245,266,275,341,416,447,12,203,250,297,113,171,73,494,129,419,247,268,316,385,501,157,227,376,159,204,283,343,358,379,32,219,234,311,482,486,471,521,158,183,118,269,400,527,346,391,332,68,70,329,508,228,233,114,201,305,435,69,151,101,120,142,209,426,526,36,29,88,229,289,286,413,27,74,359,480,271,322,378,11,116,215,235,317,342,423,573,1,103,241,319,394,16,6,353,551,144,306,348,550,549,110,196,145,146,238,231,263,344,67,105,421,540,99,434,395,429,224,392,372,464,58,115,300,458,155,261,82,139,175,255,287,484,14,42,189,225,273,324,4,131,186,223,216,220,76,96,251,8,127],"type":"read_ok"}}
2024/02/25 18:59:38 Received {n12 n5 {"messages":[564,556,555,559,560,558,571,553,569,552,568,567,566,561,554,565,574,572,563],"msg_id":589,"type":"broadcast"}}
2024/02/25 18:59:38 Sent {"src":"n5","dest":"n12","body":{"in_reply_to":589,"type":"broadcast_ok"}}
2024/02/25 18:59:38 Received {c55 n5 {"type":"read","msg_id":49}}
2024/02/25 18:59:38 Sent {"src":"n5","dest":"c55","body":{"in_reply_to":49,"messages":[329,508,114,201,228,233,69,151,305,435,36,29,101,120,142,209,426,526,27,74,88,229,289,286,413,359,480,11,116,271,322,378,1,103,215,235,317,342,423,573,16,6,241,319,394,144,306,353,551,110,196,348,550,549,67,105,145,146,238,231,263,344,421,99,434,540,395,429,58,115,224,392,372,464,565,155,261,300,458,564,14,42,82,139,175,255,287,484,4,131,189,225,273,324,76,96,186,223,216,220,8,127,251,37,242,506,561,24,31,243,556,35,315,337,375,402,117,180,449,467,45,65,538,200,365,290,349,532,187,507,473,338,547,558,567,48,259,321,425,9,230,240,356,18,167,327,318,466,499,513,20,92,360,28,303,453,502,485,555,39,63,140,149,141,403,515,172,195,185,302,388,399,440,443,509,544,535,566,15,277,323,328,330,411,454,455,519,121,124,495,529,572,563,106,483,33,49,97,125,50,61,217,398,126,212,260,211,409,262,326,366,390,415,81,168,161,331,393,405,438,543,112,214,270,264,363,133,154,279,299,498,542,46,26,87,111,193,272,350,457,123,232,371,512,530,258,221,436,3,56,252,441,182,301,336,7,62,30,188,552,136,134,148,354,389,406,518,537,38,44,445,442,505,66,184,254,362,383,536,267,364,387,381,432,5,91,412,25,75,191,461,369,162,296,516,102,170,410,437,119,190,248,414,487,568,2,128,244,226,489,492,497,522,504,22,173,179,210,207,294,339,377,418,427,528,52,94,152,307,417,439,340,345,380,559,107,205,237,469,459,71,150,560,520,523,109,165,198,313,534,104,194,274,298,308,476,541,153,334,490,481,282,420,488,13,239,295,352,569,23,166,368,428,514,533,554,77,265,370,456,55,95,202,355,401,465,478,557,312,304,53,181,80,222,333,444,525,574,84,135,178,276,351,430,100,93,147,163,174,320,500,546,59,90,176,213,280,374,470,570,78,236,278,468,160,367,386,431,293,335,463,491,0,72,83,325,539,460,19,408,17,246,404,496,503,57,85,98,206,253,281,424,477,475,34,177,397,422,41,396,448,479,545,553,79,284,384,452,531,562,43,347,462,21,132,218,249,256,524,510,86,138,474,450,548,40,89,143,164,446,511,137,192,199,288,451,493,472,54,130,169,197,382,10,309,373,108,156,47,64,60,51,122,257,310,292,361,517,285,357,291,314,433,407,208,245,12,203,266,275,341,416,447,113,171,250,297,73,129,419,494,157,227,247,268,316,385,501,159,204,376,32,219,283,343,358,379,158,183,234,311,482,486,471,521,118,269,346,391,400,527,571,68,70,332],"type":"read_ok"}}
2024/02/25 18:59:38 Received {n12 n5 {"messages":[587,600,578,575,588,584,582,595,583,581,594,598,592,597,577,586,591,585,599,579,590,580,593,596,576,589,610],"msg_id":608,"type":"broadcast"}}
2024/02/25 18:59:38 Received {c55 n5 {"type":"read","msg_id":50}}
2024/02/25 18:59:38 Sent {"src":"n5","dest":"n12","body":{"in_reply_to":608,"type":"broadcast_ok"}}
2024/02/25 18:59:38 Sent {"src":"n5","dest":"c55","body":{"in_reply_to":50,"messages":[494,129,419,247,268,316,385,501,157,227,376,159,204,283,343,358,379,32,219,234,311,482,486,471,521,158,183,118,269,400,527,571,346,391,332,68,70,329,508,228,233,114,201,305,435,69,151,101,120,142,209,426,526,36,29,88,229,289,286,413,27,74,359,480,271,322,378,11,116,215,235,317,342,423,573,1,103,241,319,394,16,6,353,551,144,306,348,550,549,110,196,145,146,238,231,263,344,67,105,421,540,99,434,395,429,224,392,372,464,565,58,115,300,458,564,155,261,82,139,175,255,287,484,14,42,189,225,273,324,4,131,186,223,216,220,76,96,251,8,127,506,561,37,242,243,556,24,31,337,375,402,35,315,449,467,117,180,538,45,65,200,365,532,290,349,187,507,473,558,567,338,547,321,425,48,259,240,356,9,230,327,318,466,499,513,18,167,360,20,92,453,502,28,303,485,555,140,149,141,403,515,39,63,185,302,388,399,440,443,172,195,535,566,509,544,323,328,330,411,454,455,15,277,519,495,529,572,563,121,124,106,483,97,125,33,49,217,398,50,61,260,126,212,211,409,366,390,415,262,326,161,331,393,405,438,543,81,168,270,264,363,112,214,279,299,498,542,133,154,87,111,193,272,350,457,46,26,371,512,530,123,232,436,258,221,252,441,3,56,336,182,301,7,62,552,30,188,148,354,389,406,518,537,136,134,445,442,505,38,44,254,362,383,536,66,184,387,381,432,267,364,412,5,91,191,461,25,75,369,516,162,296,410,437,102,170,248,414,487,568,119,190,244,226,489,492,497,522,2,128,504,179,210,207,294,339,377,22,173,528,418,427,152,307,417,439,52,94,380,559,340,345,237,469,459,107,205,560,71,150,520,523,198,313,534,109,165,274,298,308,476,541,104,194,490,481,153,334,488,282,420,295,352,569,13,239,368,428,514,533,554,23,166,370,456,77,265,202,355,401,465,478,557,55,95,312,304,53,181,333,444,525,574,80,222,178,276,351,430,84,135,147,163,174,320,500,546,100,93,176,213,280,374,470,570,59,90,278,468,78,236,386,431,160,367,463,491,293,335,83,325,539,0,72,460,19,408,404,496,503,17,246,98,206,253,281,424,477,57,85,475,397,422,34,177,448,479,545,553,41,396,384,452,531,562,79,284,462,43,347,218,249,256,524,510,21,132,474,86,138,450,548,143,164,446,511,40,89,199,288,451,493,472,137,192,169,197,382,54,130,373,10,309,108,156,60,51,122,257,310,292,47,64,361,517,285,357,433,291,314,407,208,245,266,275,341,416,447,12,203,250,297,113,171,73],"type":"read_ok"}}
2024/02/25 18:59:38 Received {c55 n5 {"type":"read","msg_id":51}}
2024/02/25 18:59:38 Sent {"src":"n5","dest":"c55","body":{"in_reply_to":51,"messages":[182,301,336,7,62,30,188,552,518,537,136,134,148,354,389,406,581,38,44,445,442,505,597,66,184,254,362,383,536,267,364,387,381,432,5,91,412,25,75,191,461,369,162,296,516,102,170,410,437,586,119,190,248,414,487,568,497,522,2,128,244,226,489,492,504,339,377,22,173,179,210,207,294,418,427,528,52,94,152,307,417,439,340,345,380,559,107,205,237,469,459,71,150,560,596,520,523,109,165,198,313,534,541,104,194,274,298,308,476,153,334,490,481,282,420,488,584,13,239,295,352,569,595,554,23,166,368,428,514,533,77,265,370,456,478,557,55,95,202,355,401,465,592,585,312,304,53,181,80,222,333,444,525,574,84,135,178,276,351,430,500,546,100,93,147,163,174,320,470,570,59,90,176,213,280,374,78,236,278,468,160,367,386,431,293,335,463,491,0,72,83,325,539,460,19,408,17,246,404,496,503,424,477,57,85,98,206,253,281,475,587,34,177,397,422,600,41,396,448,479,545,553,79,284,384,452,531,562,43,347,462,510,21,132,218,249,256,524,86,138,474,450,548,580,40,89,143,164,446,511,472,599,137,192,199,288,451,493,54,130,169,197,382,10,309,373,108,156,310,292,47,64,60,51,122,257,361,517,583,285,357,291,314,433,407,208,245,447,12,203,266,275,341,416,113,171,250,297,73,129,419,494,501,588,157,227,247,268,316,385,159,204,376,32,219,283,343,358,379,471,521,158,183,234,311,482,486,118,269,590,593,346,391,400,527,571,68,70,332,329,508,114,201,228,233,69,151,305,435,426,526,36,29,101,120,142,209,413,579,27,74,88,229,289,286,359,480,11,116,271,322,378,576,423,573,1,103,215,235,317,342,16,6,241,319,394,144,306,353,551,110,196,348,550,549,263,344,67,105,145,146,238,231,421,99,434,540,591,395,429,565,594,58,115,224,392,372,464,155,261,300,458,564,598,287,484,14,42,82,139,175,255,582,4,131,189,225,273,324,76,96,186,223,216,220,8,127,251,37,242,506,561,24,31,243,556,35,315,337,375,402,117,180,449,467,45,65,538,200,365,290,349,532,187,507,473,338,547,558,567,48,259,321,425,9,230,240,356,513,18,167,327,318,466,499,20,92,360,28,303,453,502,485,555,515,39,63,140,149,141,403,440,443,172,195,185,302,388,399,509,544,535,566,575,454,455,15,277,323,328,330,411,519,578,121,124,495,529,572,563,106,483,33,49,97,125,50,61,217,398,126,212,260,211,409,262,326,366,390,415,438,543,81,168,161,331,393,405,577,112,214,270,264,363,133,154,279,299,498,542,350,457,46,26,87,111,193,272,123,232,371,512,530,610,258,221,436,3,56,252,441,589],"type":"read_ok"}}
2024/02/25 18:59:39 Received {n12 n5 {"messages":[602,614,615,624,618,607,619,601,613,606,609,611,617,605,612,604,616,603,608,638],"msg_id":629,"type":"broadcast"}}
2024/02/25 18:59:39 Sent {"src":"n5","dest":"n12","body":{"in_reply_to":629,"type":"broadcast_ok"}}
2024/02/25 18:59:39 Received {c55 n5 {"type":"broadcast","message":649,"msg_id":52}}
2024/02/25 18:59:39 Sent {"src":"n5","dest":"c55","body":{"in_reply_to":52,"type":"broadcast_ok"}}
2024/02/25 18:59:39 Received {c55 n5 {"type":"broadcast","message":650,"msg_id":53}}
2024/02/25 18:59:39 Sent {"src":"n5","dest":"c55","body":{"in_reply_to":53,"type":"broadcast_ok"}}
2024/02/25 18:59:39 Received {c55 n5 {"type":"broadcast","message":662,"msg_id":54}}
2024/02/25 18:59:39 Sent {"src":"n5","dest":"c55","body":{"in_reply_to":54,"type":"broadcast_ok"}}
2024/02/25 18:59:39 Sent {"src":"n5","dest":"n12","body":{"messages":[649,650,662],"msg_id":19,"type":"broadcast"}}
2024/02/25 18:59:39 Received {n12 n5 {"messages":[629,644,642,636,620,622,637,627,641,623,631,625,639,626,640,630,633,634,621,632,628,643,635,668],"msg_id":663,"type":"broadcast"}}
2024/02/25 18:59:39 Sent {"src":"n5","dest":"n12","body":{"in_reply_to":663,"type":"broadcast_ok"}}
2024/02/25 18:59:39 Received {n12 n5 {"in_reply_to":19,"type":"broadcast_ok"}}
2024/02/25 18:59:39 Received {c55 n5 {"type":"broadcast","message":678,"msg_id":55}}
2024/02/25 18:59:39 Sent {"src":"n5","dest":"c55","body":{"in_reply_to":55,"type":"broadcast_ok"}}
2024/02/25 18:59:39 Sent {"src":"n5","dest":"n12","body":{"messages":[678],"msg_id":20,"type":"broadcast"}}
2024/02/25 18:59:40 Received {n12 n5 {"messages":[652,664,656,648,661,660,655,667,646,659,653,665,654,666,647,645,658,651,663,657],"msg_id":689,"type":"broadcast"}}
2024/02/25 18:59:40 Received {c55 n5 {"type":"broadcast","message":691,"msg_id":56}}
2024/02/25 18:59:40 Sent {"src":"n5","dest":"n12","body":{"in_reply_to":689,"type":"broadcast_ok"}}
2024/02/25 18:59:40 Sent {"src":"n5","dest":"c55","body":{"in_reply_to":56,"type":"broadcast_ok"}}
2024/02/25 18:59:40 Received {n12 n5 {"in_reply_to":20,"type":"broadcast_ok"}}
2024/02/25 18:59:40 Received {c55 n5 {"type":"read","msg_id":57}}
2024/02/25 18:59:40 Sent {"src":"n5","dest":"c55","body":{"in_reply_to":57,"messages":[655,662,407,245,618,208,203,266,275,341,416,447,12,171,250,297,113,653,73,419,494,607,638,641,129,227,247,268,316,385,501,588,157,608,204,376,159,219,283,343,358,379,665,32,183,234,311,482,486,471,521,158,269,590,593,118,391,400,527,571,346,70,332,68,508,329,201,228,233,114,151,305,435,69,29,101,120,142,209,426,526,36,74,88,229,289,286,413,579,27,480,604,359,116,271,322,378,576,622,635,11,103,215,235,317,342,423,573,1,633,6,241,319,394,16,306,353,551,144,196,348,550,549,110,105,145,146,238,231,263,344,67,613,652,421,434,540,591,654,99,429,625,395,115,224,392,372,464,565,594,58,261,300,458,564,598,155,42,82,139,175,255,287,484,14,582,131,189,225,273,324,4,96,186,223,216,220,76,127,251,8,242,506,561,37,31,243,556,24,315,337,375,402,629,35,180,449,467,619,117,65,538,45,365,612,200,349,532,290,187,473,630,507,547,558,567,338,259,321,425,606,48,230,240,356,9,167,327,318,466,499,513,637,18,92,360,616,20,303,453,502,667,28,555,643,485,63,140,149,141,403,515,39,195,185,302,388,399,440,443,172,544,535,566,575,656,509,277,323,328,330,411,454,455,15,519,124,495,529,572,563,578,614,121,483,106,49,97,125,609,663,33,61,217,398,657,50,212,260,126,409,211,326,366,390,415,262,168,161,331,393,405,438,543,81,640,577,214,270,264,363,647,112,154,279,299,498,542,648,133,26,87,111,193,272,350,457,46,232,371,512,530,610,123,221,436,258,56,252,441,589,602,624,3,301,336,666,182,62,603,7,188,552,642,628,30,134,148,354,389,406,518,537,136,620,581,44,445,442,505,38,184,254,362,383,536,597,66,364,387,381,432,267,91,412,634,5,75,191,461,25,627,369,296,516,623,162,170,410,437,586,102,190,248,414,487,568,621,119,128,244,226,489,492,497,522,2,504,173,179,210,207,294,339,377,22,427,528,418,94,152,307,417,439,52,345,380,559,651,340,205,237,469,459,107,150,560,596,71,678,661,520,523,165,198,313,534,109,194,274,298,308,476,541,104,334,490,481,626,659,658,153,420,488,584,282,239,295,352,569,595,13,166,368,428,514,533,554,636,23,265,370,456,77,95,202,355,401,465,478,557,55,585,650,592,304,646,312,181,644,53,222,333,444,525,574,80,135,178,276,351,430,617,631,84,93,147,163,174,320,500,546,100,90,176,213,280,374,470,570,59,236,278,468,78,367,386,431,160,335,463,491,293,72,83,325,539,0,460,408,649,19,246,404,496,503,611,17,85,98,206,253,281,424,477,57,639,587,632,475,177,397,422,600,668,34,396,448,479,545,553,691,41,284,384,452,531,562,615,79,347,462,601,43,132,218,249,256,524,510,21,138,474,605,86,548,580,450,89,143,164,446,511,40,192,199,288,451,493,472,599,137,130,169,197,382,54,309,373,645,10,156,664,108,64,60,51,122,257,310,292,47,517,583,361,357,285,314,433,660,291],"type":"read_ok"}}
2024/02/25 18:59:40 Sent {"src":"n5","dest":"n12","body":{"messages":[691],"msg_id":21,"type":"broadcast"}}
2024/02/25 18:59:40 Received {n12 n5 {"messages":[675,679,685,684,673,671,682,670,681,669,680,676,687,688,672,683,689,674,677,686,706],"msg_id":699,"type":"broadcast"}}
2024/02/25 18:59:40 Sent {"src":"n5","dest":"n12","body":{"in_reply_to":699,"type":"broadcast_ok"}}
2024/02/25 18:59:40 Received {n12 n5 {"in_reply_to":21,"type":"broadcast_ok"}}
2024/02/25 18:59:40 Received {c55 n5 {"type":"read","msg_id":58}}
2024/02/25 18:59:40 Sent {"src":"n5","dest":"c55","body":{"in_reply_to":58,"messages":[543,81,168,161,331,393,405,438,577,640,112,214,270,264,363,647,133,154,279,299,498,542,648,457,46,26,87,111,193,272,350,123,232,371,512,530,610,258,221,436,3,56,252,441,589,602,624,182,301,336,666,7,62,603,30,188,552,642,628,537,136,134,148,354,389,406,518,581,620,38,44,445,442,505,685,66,184,254,362,383,536,597,267,364,387,381,432,5,91,412,634,25,75,191,461,369,627,671,162,296,516,623,102,170,410,437,586,119,190,248,414,487,568,621,522,2,128,244,226,489,492,497,504,377,22,173,179,210,207,294,339,418,427,528,672,52,94,152,307,417,439,340,345,380,559,651,107,205,237,469,459,71,150,560,596,520,678,661,523,109,165,198,313,534,680,104,194,274,298,308,476,541,153,334,490,481,626,659,658,282,420,488,584,13,239,295,352,569,595,636,23,166,368,428,514,533,554,77,265,370,456,673,557,55,95,202,355,401,465,478,592,585,650,675,677,312,304,646,53,181,644,80,222,333,444,525,574,631,84,135,178,276,351,430,617,546,100,93,147,163,174,320,500,688,570,59,90,176,213,280,374,470,78,236,278,468,160,367,386,431,293,335,463,491,0,72,83,325,539,460,19,408,649,17,246,404,496,503,611,681,477,57,85,98,206,253,281,424,639,475,587,632,34,177,397,422,600,668,676,41,396,448,479,545,553,691,79,284,384,452,531,562,615,43,347,462,601,21,132,218,249,256,524,510,86,138,474,605,450,548,580,689,40,89,143,164,446,511,599,137,192,199,288,451,493,472,54,130,169,197,382,682,10,309,373,645,108,156,664,292,47,64,60,51,122,257,310,361,517,583,285,357,291,314,433,660,655,407,662,208,245,618,12,203,266,275,341,416,447,113,171,250,297,669,73,653,129,419,494,607,638,641,588,157,227,247,268,316,385,501,608,159,204,376,32,219,283,343,358,379,665,521,158,183,234,311,482,486,471,118,269,590,593,670,346,391,400,527,571,68,70,332,329,508,679,114,201,228,233,69,151,305,435,526,36,29,101,120,142,209,426,684,579,27,74,88,229,289,286,413,359,480,604,635,11,116,271,322,378,576,622,573,1,103,215,235,317,342,423,633,16,6,241,319,394,683,144,306,353,551,110,196,348,550,549,706,344,67,105,145,146,238,231,263,421,613,652,99,434,540,591,654,395,429,625,594,58,115,224,392,372,464,565,155,261,300,458,564,598,484,14,42,82,139,175,255,287,582,4,131,189,225,273,324,76,96,186,223,216,220,686,8,127,251,37,242,506,561,24,31,243,556,35,315,337,375,402,629,687,117,180,449,467,619,45,65,538,200,365,612,290,349,532,187,507,473,630,338,547,558,567,48,259,321,425,606,9,230,240,356,637,18,167,327,318,466,499,513,20,92,360,616,28,303,453,502,667,485,555,643,39,63,140,149,141,403,515,443,172,195,185,302,388,399,440,509,544,535,566,575,656,455,15,277,323,328,330,411,454,519,614,121,124,495,529,572,563,578,106,483,674,33,49,97,125,609,663,50,61,217,398,657,126,212,260,211,409,262,326,366,390,415],"type":"read_ok"}}
2024/02/25 18:59:40 Received {c55 n5 {"type":"broadcast","message":724,"msg_id":59}}
2024/02/25 18:59:40 Sent {"src":"n5","dest":"c55","body":{"in_reply_to":59,"type":"broadcast_ok"}}
2024/02/25 18:59:40 Sent {"src":"n5","dest":"n12","body":{"messages":[724],"msg_id":22,"type":"broadcast"}}
2024/02/25 18:59:41 Received {n12 n5 {"messages":[699,698,692,690,702,693,705,700,694,708,703,695,707,696,709,701,704,697],"msg_id":731,"type":"broadcast"}}
2024/02/25 18:59:41 Sent {"src":"n5","dest":"n12","body":{"in_reply_to":731,"type":"broadcast_ok"}}
2024/02/25 18:59:41 Received {n12 n5 {"in_reply_to":22,"type":"broadcast_ok"}}
2024/02/25 18:59:41 Received {c55 n5 {"type":"broadcast","message":736,"msg_id":60}}
2024/02/25 18:59:41 Sent {"src":"n5","dest":"c55","body":{"in_reply_to":60,"type":"broadcast_ok"}}
2024/02/25 18:59:41 Sent {"src":"n5","dest":"n12","body":{"messages":[736],"msg_id":23,"type":"broadcast"}}
2024/02/25 18:59:41 Received {n12 n5 {"messages":[723,722,717,713,716,726,714,718,728,727,720,711,719,710,712,715,725,721,742],"msg_id":753,"type":"broadcast"}}
2024/02/25 18:59:41 Received {c55 n5 {"type":"broadcast","message":755,"msg_id":61}}
2024/02/25 18:59:41 Sent {"src":"n5","dest":"n12","body":{"in_reply_to":753,"type":"broadcast_ok"}}
2024/02/25 18:59:41 Sent {"src":"n5","dest":"c55","body":{"in_reply_to":61,"type":"broadcast_ok"}}
2024/02/25 18:59:41 Received {n12 n5 {"in_reply_to":23,"type":"broadcast_ok"}}
2024/02/25 18:59:41 Received {c55 n5 {"type":"read","msg_id":62}}
2024/02/25 18:59:41 Sent {"src":"n5","dest":"c55","body":{"in_reply_to":62,"messages":[466,499,513,637,18,167,327,318,20,92,360,616,667,28,303,453,502,485,555,643,141,403,515,39,63,140,149,388,399,440,443,172,195,185,302,575,656,726,509,544,535,566,330,411,454,455,15,277,323,328,519,572,563,578,614,121,124,495,529,106,483,674,609,663,33,49,97,125,657,50,61,217,398,694,126,212,260,698,211,409,415,262,326,366,390,393,405,438,543,81,168,161,331,577,640,363,647,112,214,270,264,498,542,648,133,154,279,299,193,272,350,457,46,26,87,111,723,530,610,123,232,371,512,727,258,221,436,699,589,602,624,3,56,252,441,709,182,301,336,666,7,62,603,628,30,188,552,642,389,406,518,537,136,134,148,354,581,620,505,685,38,44,445,442,383,536,597,66,184,254,362,432,267,364,387,381,696,5,91,412,634,25,75,191,461,369,627,671,736,162,296,516,623,586,102,170,410,437,487,568,621,119,190,248,414,489,492,497,522,2,128,244,226,504,207,294,339,377,22,173,179,210,704,711,418,427,528,672,417,439,52,94,152,307,651,340,345,380,559,459,715,107,205,237,469,71,150,560,596,520,678,661,523,534,680,109,165,198,313,308,476,541,104,194,274,298,626,659,658,153,334,490,481,282,420,488,584,569,595,13,239,295,352,514,533,554,636,23,166,368,428,692,673,77,265,370,456,401,465,478,557,55,95,202,355,719,592,585,650,675,677,312,304,646,718,53,181,644,525,574,80,222,333,444,351,430,617,631,84,135,178,276,174,320,500,546,100,93,147,163,688,280,374,470,570,59,90,176,213,703,78,236,278,468,160,367,386,431,293,335,463,491,539,701,0,72,83,325,460,19,408,649,503,611,681,17,246,404,496,253,281,424,477,57,85,98,206,639,700,475,587,632,693,600,668,676,34,177,397,422,545,553,691,41,396,448,479,531,562,615,755,79,284,384,452,43,347,462,601,256,524,510,21,132,218,249,707,86,138,474,605,450,548,580,689,446,511,720,40,89,143,164,451,493,472,599,137,192,199,288,382,682,54,130,169,197,10,309,373,645,108,156,664,122,257,310,292,47,64,60,51,361,517,583,705,285,357,742,291,314,433,660,655,407,662,208,245,618,341,416,447,12,203,266,275,669,721,113,171,250,297,73,653,638,641,129,419,494,607,316,385,501,588,157,227,247,268,608,695,159,204,376,358,379,665,32,219,283,343,482,486,471,521,158,183,234,311,722,670,118,269,590,593,571,716,346,391,400,527,68,70,332,690,329,508,679,725,114,201,228,233,697,69,151,305,435,142,209,426,526,36,29,101,120,684,289,286,413,579,27,74,88,229,359,480,604,378,576,622,635,11,116,271,322,317,342,423,573,1,103,215,235,633,394,683,712,16,6,241,319,144,306,353,551,549,706,110,196,348,550,238,231,263,344,67,105,145,146,421,613,652,654,717,99,434,540,591,395,429,625,372,464,565,594,58,115,224,392,564,598,155,261,300,458,175,255,287,484,14,42,82,139,582,273,324,724,4,131,189,225,216,220,686,76,96,186,223,8,127,251,710,37,242,506,561,24,31,243,556,402,629,687,35,315,337,375,619,117,180,449,467,45,65,538,714,200,365,612,290,349,532,187,708,713,507,473,630,702,338,547,558,567,606,48,259,321,425,9,230,240,356,728],"type":"read_ok"}}
2024/02/25 18:59:41 Sent {"src":"n5","dest":"n12","body":{"messages":[755],"msg_id":24,"type":"broadcast"}}
2024/02/25 18:59:42 Received {n12 n5 {"messages":[749,739,732,746,748,735,738,737,730,744,741,733,734,740,751,731,745,747,729,743,750],"msg_id":785,"type":"broadcast"}}
2024/02/25 18:59:42 Sent {"src":"n5","dest":"n12","body":{"in_reply_to":785,"type":"broadcast_ok"}}
2024/02/25 18:59:42 Received {n12 n5 {"in_reply_to":24,"type":"broadcast_ok"}}
2024/02/25 18:59:42 Received {c55 n5 {"type":"broadcast","message":782,"msg_id":63}}
2024/02/25 18:59:42 Sent {"src":"n5","dest":"c55","body":{"in_reply_to":63,"type":"broadcast_ok"}}
2024/02/25 18:59:42 Received {c55 n5 {"type":"read","msg_id":64}}
2024/02/25 18:59:42 Sent {"src":"n5","dest":"c55","body":{"in_reply_to":64,"messages":[229,289,286,413,579,27,74,88,359,480,604,322,378,576,622,635,11,116,271,235,317,342,423,573,1,103,215,633,319,394,683,712,16,6,241,551,751,144,306,353,550,549,706,110,196,348,146,238,231,263,344,67,105,145,421,613,652,591,654,717,99,434,540,395,429,625,392,372,464,565,594,58,115,224,458,564,598,155,261,300,139,175,255,287,484,14,42,82,582,225,273,324,724,4,131,189,223,216,220,686,76,96,186,710,8,127,251,561,37,242,506,556,737,24,31,243,375,402,629,687,35,315,337,467,619,117,180,449,714,45,65,538,200,365,612,749,290,349,532,187,708,713,702,507,473,630,567,748,338,547,558,425,606,48,259,321,356,9,230,240,728,318,466,499,513,637,18,167,327,616,20,92,360,502,667,28,303,453,485,555,643,149,141,403,515,39,63,140,302,388,399,440,443,172,195,185,566,575,656,726,509,544,535,328,330,411,454,455,15,277,323,519,529,572,563,578,614,121,124,495,106,483,674,125,609,663,738,33,49,97,398,657,747,50,61,217,698,694,126,212,260,211,409,390,415,262,326,366,331,393,405,438,543,81,168,161,577,640,731,264,363,647,112,214,270,299,498,542,648,133,154,279,111,193,272,350,457,46,26,87,723,512,530,610,123,232,371,699,727,741,258,221,436,441,589,602,624,3,56,252,666,709,744,182,301,336,7,62,603,642,628,30,188,552,354,389,406,518,537,136,134,148,581,620,735,442,505,685,733,38,44,445,362,383,536,597,66,184,254,381,432,743,267,364,387,634,696,5,91,412,461,729,25,75,191,369,627,671,623,736,162,296,516,437,586,102,170,410,414,487,568,621,119,190,248,226,489,492,497,522,2,128,244,504,210,207,294,339,377,22,173,179,672,704,711,418,427,528,307,417,439,52,94,152,559,651,340,345,380,469,459,715,107,205,237,596,71,150,560,520,678,661,523,313,534,680,109,165,198,298,308,476,541,104,194,274,481,626,659,658,153,334,490,584,282,420,488,352,569,595,732,13,239,295,428,514,533,554,636,23,166,368,692,750,456,673,746,77,265,370,355,401,465,478,557,55,95,202,675,719,739,592,585,650,677,718,312,304,646,53,181,644,444,525,574,80,222,333,276,351,430,617,631,84,135,178,163,174,320,500,546,100,93,147,688,213,280,374,470,570,59,90,176,703,468,78,236,278,431,160,367,386,491,293,335,463,325,539,701,0,72,83,460,730,19,408,649,496,503,611,681,17,246,404,206,253,281,424,477,57,85,98,639,693,700,745,475,587,632,422,600,668,676,34,177,397,479,545,553,691,41,396,448,452,531,562,615,755,79,284,384,601,43,347,462,249,256,524,510,21,132,218,605,707,86,138,474,689,450,548,580,164,446,511,720,782,40,89,143,288,451,493,472,599,137,192,199,197,382,682,54,130,169,645,10,309,373,108,156,664,51,122,257,310,292,47,64,60,705,361,517,583,285,357,660,742,291,314,433,655,407,662,208,245,618,275,341,416,447,12,203,266,297,669,721,113,171,250,73,653,607,638,641,129,419,494,268,316,385,501,588,157,227,247,608,695,159,204,376,343,358,379,665,734,32,219,283,311,482,486,471,521,158,183,234,722,740,593,670,118,269,590,527,571,716,346,391,400,690,68,70,332,329,508,679,233,725,114,201,228,435,697,69,151,305,120,142,209,426,526,36,29,101,684],"type":"read_ok"}}
2024/02/25 18:59:42 Sent {"src":"n5","dest":"n12","body":{"messages":[782],"msg_id":25,"type":"broadcast"}}
2024/02/25 18:59:42 Received {n12 n5 {"messages":[757,772,752,765,762,754,756,771,769,776,770,759,753,767,768,773,766,764,760,775,758,774,761,777,763],"msg_id":803,"type":"broadcast"}}
2024/02/25 18:59:42 Sent {"src":"n5","dest":"n12","body":{"in_reply_to":803,"type":"broadcast_ok"}}
2024/02/25 18:59:42 Received {n12 n5 {"in_reply_to":25,"type":"broadcast_ok"}}
2024/02/25 18:59:42 Received {c55 n5 {"type":"read","msg_id":65}}
2024/02/25 18:59:42 Sent {"src":"n5","dest":"c55","body":{"in_reply_to":65,"messages":[250,297,669,721,113,171,73,653,494,607,638,641,129,419,247,268,316,385,501,588,157,227,608,695,376,159,204,283,343,358,379,665,734,32,219,768,234,311,482,486,471,521,158,183,722,740,590,593,670,118,269,400,527,571,716,346,391,332,690,68,70,679,329,508,228,233,725,114,201,305,435,697,69,151,101,120,142,209,426,526,36,29,684,88,229,289,286,413,579,27,74,604,359,480,271,322,378,576,622,635,11,116,771,215,235,317,342,423,573,1,103,633,241,319,394,683,712,16,6,353,551,751,144,306,348,550,549,706,110,196,145,146,238,231,263,344,67,105,652,421,613,540,591,654,717,777,99,434,625,395,429,224,392,372,464,565,594,58,115,764,300,458,564,598,155,261,82,139,175,255,287,484,14,42,582,189,225,273,324,724,4,131,186,223,216,220,686,76,96,251,710,760,8,127,506,561,37,242,243,556,737,24,31,337,375,402,629,687,35,315,449,467,619,117,180,538,714,45,65,612,200,365,532,749,290,349,713,187,708,630,702,507,473,558,567,748,338,547,321,425,606,48,259,240,356,9,230,728,327,318,466,499,513,637,18,167,774,360,616,761,20,92,453,502,667,28,303,643,485,555,140,149,141,403,515,39,63,185,302,388,399,440,443,172,195,535,566,575,656,726,509,544,323,328,330,411,454,455,15,277,519,495,529,572,563,578,614,121,124,674,106,483,97,125,609,663,738,33,49,217,398,657,747,50,61,260,698,694,756,126,212,759,211,409,366,390,415,262,326,161,331,393,405,438,543,81,168,731,577,640,270,264,363,647,112,214,279,299,498,542,648,133,154,87,111,193,272,350,457,46,26,723,371,512,530,610,123,232,436,699,727,741,258,221,252,441,589,602,624,3,56,336,666,709,744,182,301,603,766,7,62,552,642,628,30,188,148,354,389,406,518,537,136,134,735,772,581,620,445,442,505,685,733,38,44,254,362,383,536,597,66,184,387,381,432,743,267,364,412,634,696,5,91,191,461,729,757,25,75,671,369,627,516,623,736,162,296,410,437,586,752,102,170,248,414,487,568,621,775,119,190,244,226,489,492,497,522,2,128,504,769,179,210,207,294,339,377,22,173,528,672,704,711,418,427,152,307,417,439,52,94,380,559,651,340,345,237,469,459,715,107,205,560,596,71,150,661,520,678,523,198,313,534,680,109,165,274,298,308,476,541,104,194,490,481,626,659,658,770,153,334,773,488,584,282,420,295,352,569,595,732,13,239,368,428,514,533,554,636,23,166,765,692,750,370,456,673,746,77,265,202,355,401,465,478,557,55,95,650,675,719,739,754,592,585,677,763,646,718,312,304,644,53,181,333,444,525,574,80,222,178,276,351,430,617,631,84,135,147,163,174,320,500,546,100,93,688,176,213,280,374,470,570,59,90,703,758,278,468,78,236,386,431,160,367,463,491,293,335,83,325,539,701,776,0,72,460,730,649,767,19,408,404,496,503,611,681,17,246,98,206,253,281,424,477,57,85,639,762,632,693,700,745,475,587,397,422,600,668,676,34,177,448,479,545,553,691,41,396,384,452,531,562,615,755,79,284,462,601,43,347,218,249,256,524,510,21,132,474,605,707,753,86,138,580,689,450,548,143,164,446,511,720,782,40,89,199,288,451,493,472,599,137,192,169,197,382,682,54,130,373,645,10,309,664,108,156,60,51,122,257,310,292,47,64,583,705,361,517,285,357,433,660,742,291,314,655,407,662,618,208,245,266,275,341,416,447,12,203],"type":"read_ok"}}
2024/02/25 18:59:43 Received {n12 n5 {"messages":[779,789,786,783,788,781,784,790,792,785,780,793,778,791,787,809],"msg_id":817,"type":"broadcast"}}
2024/02/25 18:59:43 Received {c55 n5 {"type":"broadcast","message":820,"msg_id":66}}
2024/02/25 18:59:43 Sent {"src":"n5","dest":"n12","body":{"in_reply_to":817,"type":"broadcast_ok"}}
2024/02/25 18:59:43 Sent {"src":"n5","dest":"c55","body":{"in_reply_to":66,"type":"broadcast_ok"}}
2024/02/25 18:59:43 Received {c55 n5 {"type":"broadcast","message":835,"msg_id":67}}
2024/02/25 18:59:43 Sent {"src":"n5","dest":"c55","body":{"in_reply_to":67,"type":"broadcast_ok"}}
2024/02/25 18:59:43 Sent {"src":"n5","dest":"n12","body":{"messages":[820,835],"msg_id":26,"type":"broadcast"}}
2024/02/25 18:59:43 Received {n12 n5 {"messages":[812,798,811,800,813,807,805,804,801,815,797,810,795,808,794,803,806,802,796,814,799,822],"msg_id":854,"type":"broadcast"}}
2024/02/25 18:59:43 Received {c55 n5 {"type":"broadcast","message":846,"msg_id":68}}
2024/02/25 18:59:43 Sent {"src":"n5","dest":"n12","body":{"in_reply_to":854,"type":"broadcast_ok"}}
2024/02/25 18:59:43 Sent {"src":"n5","dest":"c55","body":{"in_reply_to":68,"type":"broadcast_ok"}}
2024/02/25 18:59:43 Received {n12 n5 {"in_reply_to":26,"type":"broadcast_ok"}}
2024/02/25 18:59:43 Received {c55 n5 {"type":"read","msg_id":69}}
2024/02/25 18:59:43 Sent {"src":"n5","dest":"c55","body":{"in_reply_to":69,"messages":[701,776,0,72,83,325,539,460,730,19,408,649,767,611,681,17,246,404,496,503,281,424,477,57,85,98,206,253,639,762,745,802,475,587,632,693,700,668,676,34,177,397,422,600,553,691,41,396,448,479,545,562,615,755,79,284,384,452,531,43,347,462,601,524,510,21,132,218,249,256,753,86,138,474,605,707,450,548,580,689,511,720,782,40,89,143,164,446,493,472,599,137,192,199,288,451,682,54,130,169,197,382,10,309,373,645,108,156,664,794,257,310,292,47,64,60,51,122,361,517,583,705,285,357,846,291,314,433,660,742,655,407,662,804,208,245,618,835,416,447,12,203,266,275,341,721,113,171,250,297,669,73,653,812,641,129,419,494,607,638,385,501,588,157,227,247,268,316,608,695,159,204,376,379,665,734,32,219,283,343,358,768,814,486,471,521,158,183,234,311,482,722,740,778,118,269,590,593,670,716,346,391,400,527,571,68,70,332,690,820,329,508,679,810,801,114,201,228,233,725,790,799,69,151,305,435,697,209,426,526,36,29,101,120,142,684,286,413,579,27,74,88,229,289,359,480,604,822,576,622,635,11,116,271,322,378,771,798,342,423,573,1,103,215,235,317,633,809,683,712,16,6,241,319,394,144,306,353,551,751,706,110,196,348,550,549,231,263,344,67,105,145,146,238,421,613,652,781,717,777,99,434,540,591,654,395,429,625,464,565,594,58,115,224,392,372,764,598,155,261,300,458,564,255,287,484,14,42,82,139,175,582,324,724,4,131,189,225,273,220,686,76,96,186,223,216,8,127,251,710,760,37,242,506,561,24,31,243,556,737,629,687,806,35,315,337,375,402,117,180,449,467,619,45,65,538,714,200,365,612,290,349,532,749,187,708,713,507,473,630,702,338,547,558,567,748,48,259,321,425,606,9,230,240,356,805,728,499,513,637,18,167,327,318,466,774,20,92,360,616,761,786,28,303,453,502,667,485,555,643,403,515,39,63,140,149,141,399,440,443,172,195,185,302,388,656,726,509,544,535,566,575,411,454,455,15,277,323,328,330,519,563,578,614,121,124,495,529,572,106,483,674,783,663,738,33,49,97,125,609,747,50,61,217,398,657,756,126,212,260,698,694,211,409,759,262,326,366,390,415,405,438,543,81,168,161,331,393,577,640,731,800,647,112,214,270,264,363,542,648,779,133,154,279,299,498,272,350,457,46,26,87,111,193,723,610,795,123,232,371,512,530,741,258,221,436,699,727,602,624,793,3,56,252,441,589,744,780,182,301,336,666,709,7,62,603,766,30,188,552,642,628,406,518,537,136,134,148,354,389,581,620,735,772,685,733,789,38,44,445,442,505,785,803,536,597,787,66,184,254,362,383,743,267,364,387,381,432,5,91,412,634,696,757,25,75,191,461,729,369,627,671,162,296,516,623,736,752,102,170,410,437,586,568,621,775,119,190,248,414,487,807,492,497,522,2,128,244,226,489,504,769,811,796,294,339,377,22,173,179,210,207,711,418,427,528,672,704,439,52,94,152,307,417,815,797,340,345,380,559,651,715,107,205,237,469,459,71,150,560,596,808,520,678,661,523,784,680,109,165,198,313,534,476,541,792,104,194,274,298,308,659,658,770,153,334,490,481,626,773,282,420,488,584,595,732,13,239,295,352,569,533,554,636,23,166,368,428,514,692,750,765,746,788,77,265,370,456,673,465,478,557,55,95,202,355,401,739,754,592,585,650,675,719,677,763,312,304,646,718,53,181,644,574,80,222,333,444,525,430,617,631,84,135,178,276,351,320,500,546,100,93,147,163,174,688,374,470,570,59,90,176,213,280,703,758,78,236,278,468,160,367,386,431,791,293,335,463,491,813],"type":"read_ok"}}
2024/02/25 18:59:43 Sent {"src":"n5","dest":"n12","body":{"messages":[846],"msg_id":27,"type":"broadcast"}}
2024/02/25 18:59:44 Received {n12 n5 {"messages":[837,816,830,827,836,819,834,824,838,823,840,839,826,842,828,843,829,817,831,825,841,821,818,832,833,863],"msg_id":887,"type":"broadcast"}}
2024/02/25 18:59:44 Sent {"src":"n5","dest":"n12","body":{"in_reply_to":887,"type":"broadcast_ok"}}
2024/02/25 18:59:44 Received {n12 n5 {"in_reply_to":27,"type":"broadcast_ok"}}
2024/02/25 18:59:44 Received {c55 n5 {"type":"broadcast","message":869,"msg_id":70}}
2024/02/25 18:59:44 Sent {"src":"n5","dest":"c55","body":{"in_reply_to":70,"type":"broadcast_ok"}}
2024/02/25 18:59:44 Received {c55 n5 {"type":"broadcast","message":879,"msg_id":71}}
2024/02/25 18:59:44 Sent {"src":"n5","dest":"c55","body":{"in_reply_to":71,"type":"broadcast_ok"}}
2024/02/25 18:59:44 Sent {"src":"n5","dest":"n12","body":{"messages":[869,879],"msg_id":28,"type":"broadcast"}}
2024/02/25 18:59:44 Received {n12 n5 {"messages":[853,861,855,848,860,850,856,852,849,864,845,857,858,859,862,854,847,844,851,871],"msg_id":909,"type":"broadcast"}}
2024/02/25 18:59:44 Sent {"src":"n5","dest":"n12","body":{"in_reply_to":909,"type":"broadcast_ok"}}
2024/02/25 18:59:44 Received {n12 n5 {"in_reply_to":28,"type":"broadcast_ok"}}
2024/02/25 18:59:44 Received {c55 n5 {"type":"broadcast","message":892,"msg_id":72}}
2024/02/25 18:59:44 Sent {"src":"n5","dest":"c55","body":{"in_reply_to":72,"type":"broadcast_ok"}}
2024/02/25 18:59:44 Sent {"src":"n5","dest":"n12","body":{"messages":[892],"msg_id":29,"type":"broadcast"}}
2024/02/25 18:59:45 Received {n12 n5 {"messages":[874,883,868,878,873,877,866,875,867,876,870,865,872,894],"msg_id":927,"type":"broadcast"}}
2024/02/25 18:59:45 Received {c55 n5 {"type":"read","msg_id":73}}
2024/02/25 18:59:45 Sent {"src":"n5","dest":"n12","body":{"in_reply_to":927,"type":"broadcast_ok"}}
2024/02/25 18:59:45 Sent {"src":"n5","dest":"c55","body":{"in_reply_to":73,"messages":[47,60,122,310,292,517,583,860,291,660,655,618,203,266,341,113,171,297,669,73,653,419,494,638,157,247,268,316,588,204,376,817,32,358,734,768,814,158,183,234,471,740,778,118,269,593,670,391,400,571,68,329,508,810,228,801,151,790,36,101,120,142,526,286,413,822,843,322,622,635,771,103,215,342,573,809,864,6,319,394,683,712,144,751,550,871,875,67,238,231,613,652,781,591,654,717,836,625,854,392,594,764,155,458,14,42,82,255,324,724,96,223,216,760,506,561,31,243,556,737,830,838,828,865,35,629,687,117,180,449,467,45,65,532,749,845,187,708,507,630,702,855,338,547,558,567,48,321,425,9,240,356,728,327,318,774,92,303,502,667,851,883,555,643,63,140,149,515,388,440,443,535,566,575,277,328,454,121,124,529,572,106,783,97,663,61,260,694,759,262,326,366,390,415,161,331,393,577,731,214,270,264,363,279,299,498,859,111,272,350,457,232,371,610,258,221,436,727,3,56,252,441,589,602,301,666,709,744,780,818,7,62,30,188,552,642,136,134,354,389,406,620,735,772,44,505,789,785,821,362,383,597,364,387,743,848,412,696,25,191,757,162,296,623,736,840,102,170,410,437,752,190,248,775,2,244,489,492,504,811,796,22,173,210,294,339,418,427,672,704,152,307,417,439,872,345,107,205,237,459,71,560,808,520,109,165,198,534,680,104,274,308,476,541,792,826,153,334,490,773,282,420,584,352,569,847,23,533,554,636,692,673,746,95,202,401,478,585,650,675,739,181,829,825,80,525,276,617,827,93,163,500,546,688,90,176,374,570,758,236,468,866,160,293,813,72,83,776,816,649,767,246,611,681,57,98,253,281,424,477,475,693,700,745,422,668,876,396,545,691,79,284,384,562,462,601,218,249,510,138,605,753,548,689,40,89,143,164,446,782,844,199,288,451,870,130,10,645,108,156,664,794,64,51,257,361,705,285,357,314,433,742,846,407,662,804,879,208,245,835,12,275,416,447,850,250,721,812,129,607,641,227,385,501,608,695,159,219,283,343,379,665,894,311,482,486,521,722,590,346,527,716,70,332,690,820,834,853,679,114,201,233,725,69,305,435,697,799,861,29,209,426,684,27,74,88,229,289,579,856,359,480,604,11,116,271,378,576,798,1,235,317,423,633,839,16,241,306,353,551,110,196,348,549,706,105,145,146,263,344,421,99,434,540,777,395,429,58,115,224,372,464,565,261,300,564,598,852,139,175,287,484,582,4,131,189,225,273,76,186,220,686,837,8,127,251,710,37,242,869,862,24,315,337,375,402,806,619,538,714,200,365,612,819,290,349,713,473,748,259,606,833,230,805,18,167,466,499,513,637,20,360,616,761,28,453,786,485,39,141,403,172,195,185,302,399,509,544,656,726,15,323,330,411,455,519,878,495,563,578,614,483,674,33,49,125,609,738,50,217,398,657,747,126,212,698,756,211,409,81,168,405,438,543,640,800,112,647,858,133,154,542,648,779,46,26,87,193,723,123,512,530,795,699,741,857,624,793,182,336,603,766,628,148,518,537,581,842,831,38,445,442,685,733,803,877,66,184,254,536,787,841,267,381,432,874,5,91,634,867,75,461,729,849,369,627,671,516,823,586,119,414,487,568,621,807,128,226,497,522,769,179,207,377,528,711,52,94,340,380,559,651,815,797,469,715,150,596,678,661,523,784,313,194,298,481,626,659,658,770,488,868,13,239,295,595,732,824,166,368,428,514,750,765,832,77,265,370,456,788,55,355,465,557,592,719,754,677,763,312,304,646,718,53,644,222,333,444,574,84,135,178,351,430,631,100,147,174,320,59,213,280,470,703,892,78,278,367,386,431,791,335,463,491,0,325,539,701,460,730,19,408,17,404,496,503,85,206,639,762,587,632,802,34,177,397,600,676,863,41,448,479,553,452,531,615,755,43,347,21,132,256,524,86,474,707,450,580,511,720,137,192,493,472,599,54,169,197,382,682,309,373,873],"type":"read_ok"}}
2024/02/25 18:59:45 Received {n12 n5 {"in_reply_to":29,"type":"broadcast_ok"}}
2024/02/25 18:59:45 Received {n12 n5 {"messages":[898,886,900,885,902,903,896,891,904,889,905,888,899,881,884,895,887,897,880,893,890,901,882],"msg_id":944,"type":"broadcast"}}
2024/02/25 18:59:45 Sent {"src":"n5","dest":"n12","body":{"in_reply_to":944,"type":"broadcast_ok"}}
2024/02/25 18:59:46 Received {n12 n5 {"messages":[906],"msg_id":971,"type":"broadcast"}}
2024/02/25 18:59:46 Sent {"src":"n5","dest":"n12","body":{"in_reply_to":971,"type":"broadcast_ok"}}
2024/02/25 18:59:55 Received {c55 n5 {"type":"read","msg_id":74}}
2024/02/25 18:59:55 Sent {"src":"n5","dest":"c55","body":{"in_reply_to":74,"messages":[90,176,374,570,758,236,468,866,160,293,813,901,72,83,776,816,649,767,246,611,681,57,98,253,281,424,477,475,693,700,745,422,668,876,396,545,691,79,284,384,562,462,601,218,249,510,138,605,753,548,689,40,89,143,164,446,782,844,199,288,451,870,130,10,645,108,156,664,794,64,51,257,361,705,285,357,895,314,433,742,846,906,407,662,804,879,208,245,835,12,275,416,447,850,250,721,812,129,607,641,227,385,501,608,695,159,219,283,343,379,665,894,311,482,486,521,722,590,346,527,716,70,332,690,820,834,853,679,114,201,233,725,69,305,435,697,799,861,29,209,426,684,27,74,88,229,289,579,856,359,480,604,11,116,271,378,576,798,1,235,317,423,633,839,16,241,306,353,551,110,196,348,549,706,105,145,146,263,344,421,904,99,434,540,777,395,429,58,115,224,372,464,565,261,300,564,598,852,139,175,287,484,582,4,131,189,225,273,76,186,220,686,837,8,127,251,710,37,242,869,862,24,315,337,375,402,806,619,538,714,200,365,612,819,897,290,349,713,473,748,259,606,833,230,805,18,167,466,499,513,637,20,360,616,761,28,453,786,485,39,141,403,172,195,185,302,399,509,544,656,726,15,323,330,411,455,519,878,495,563,578,614,483,674,33,49,125,609,738,50,217,398,657,747,126,212,698,756,211,409,81,168,405,438,543,640,800,112,647,858,133,154,542,648,779,46,26,87,193,723,123,512,530,795,699,741,857,624,793,182,336,603,766,628,148,518,537,581,842,831,38,445,442,685,733,803,877,66,184,254,536,787,841,267,381,432,874,5,91,634,867,75,461,729,849,369,627,671,516,823,586,119,414,487,568,621,807,128,226,497,522,769,179,207,377,528,711,52,94,890,340,380,559,651,815,797,469,715,150,596,678,661,523,784,313,194,298,481,626,659,658,770,488,868,13,239,295,595,732,824,166,368,428,514,750,765,832,77,265,370,456,788,55,355,465,557,592,719,754,677,763,312,304,646,718,888,53,644,222,333,444,574,84,135,178,351,430,631,100,147,174,320,59,213,280,470,703,892,78,278,367,386,431,791,335,463,491,0,325,539,701,460,730,19,408,17,404,496,503,85,206,639,762,587,632,802,34,177,397,600,676,863,41,448,479,553,452,531,615,755,43,347,21,132,256,524,86,474,707,450,580,511,720,137,192,493,472,599,54,169,197,382,682,309,373,873,899,47,60,122,310,292,517,583,860,291,660,655,891,618,881,203,266,341,113,171,297,669,73,653,419,494,638,157,247,268,316,588,204,376,817,886,32,358,734,768,814,903,158,183,234,471,740,778,118,269,593,670,898,391,400,571,68,329,508,810,228,801,885,151,790,36,101,120,142,526,286,413,893,822,843,322,622,635,771,103,215,342,573,809,864,6,319,394,683,712,144,751,550,871,875,880,67,238,231,613,652,781,591,654,717,836,625,854,392,594,764,155,458,14,42,82,255,324,724,96,223,216,760,506,561,31,243,556,737,830,838,828,865,35,629,687,117,180,449,467,45,65,887,532,749,845,187,708,507,630,702,855,338,547,558,567,48,321,425,9,240,356,728,327,318,774,92,303,502,667,851,883,889,555,643,63,140,149,515,388,440,443,535,566,575,882,277,328,454,121,124,529,572,106,783,97,663,61,260,694,759,262,326,366,390,415,161,331,393,577,731,214,270,264,363,279,299,498,859,111,272,350,457,884,232,371,610,258,221,436,727,3,56,252,441,589,602,301,666,709,744,780,818,7,62,30,188,552,642,136,134,354,389,406,620,735,772,44,505,789,785,821,362,383,597,364,387,743,848,412,696,25,191,757,162,296,623,736,840,102,170,410,437,752,190,248,775,2,244,489,492,504,811,796,902,22,173,210,294,339,418,427,672,704,152,307,417,439,872,345,107,205,237,459,71,560,808,520,905,109,165,198,534,680,896,104,274,308,476,541,792,826,153,334,490,773,282,420,584,352,569,847,23,533,554,636,692,673,746,95,202,401,478,585,650,675,739,900,181,829,825,80,525,276,617,827,93,163,500,546,688],"type":"read_ok"}}
