2024/02/25 18:59:24 Received {c16 n7 {"type":"init","node_id":"n7","node_ids":["n0","n1","n2","n3","n4","n5","n6","n7","n8","n9","n10","n11","n12","n13","n14","n15","n16","n17","n18","n19","n20","n21","n22","n23","n24"],"msg_id":1}}
2024/02/25 18:59:24 Node n7 initialized
2024/02/25 18:59:24 Sent {"src":"n7","dest":"c16","body":{"in_reply_to":1,"type":"init_ok"}}
2024/02/25 18:59:25 Received {c32 n7 {"type":"topology","topology":{"n2":["n7","n3","n1"],"n21":["n16","n22","n20"],"n23":["n18","n24","n22"],"n5":["n10","n0","n6"],"n8":["n13","n3","n9","n7"],"n6":["n11","n1","n7","n5"],"n19":["n24","n14","n18"],"n14":["n19","n9","n13"],"n17":["n22","n12","n18","n16"],"n1":["n6","n2","n0"],"n24":["n19","n23"],"n4":["n9","n3"],"n0":["n5","n1"],"n18":["n23","n13","n19","n17"],"n9":["n14","n4","n8"],"n10":["n15","n5","n11"],"n22":["n17","n23","n21"],"n15":["n20","n10","n16"],"n13":["n18","n8","n14","n12"],"n3":["n8","n4","n2"],"n12":["n17","n7","n13","n11"],"n11":["n16","n6","n12","n10"],"n16":["n21","n11","n17","n15"],"n7":["n12","n2","n8","n6"],"n20":["n15","n21"]},"msg_id":1}}
2024/02/25 18:59:25 Sent {"src":"n7","dest":"c32","body":{"in_reply_to":1,"type":"topology_ok"}}
2024/02/25 18:59:25 Received {c57 n7 {"type":"broadcast","message":2,"msg_id":1}}
2024/02/25 18:59:25 Sent {"src":"n7","dest":"c57","body":{"in_reply_to":1,"type":"broadcast_ok"}}
2024/02/25 18:59:25 Received {c57 n7 {"type":"read","msg_id":2}}
2024/02/25 18:59:25 Sent {"src":"n7","dest":"c57","body":{"in_reply_to":2,"messages":[2],"type":"read_ok"}}
2024/02/25 18:59:25 Sent {"src":"n7","dest":"n12","body":{"messages":[2],"msg_id":1,"type":"broadcast"}}
2024/02/25 18:59:25 Received {n12 n7 {"in_reply_to":1,"type":"broadcast_ok"}}
2024/02/25 18:59:25 Received {c57 n7 {"type":"broadcast","message":35,"msg_id":3}}
2024/02/25 18:59:25 Sent {"src":"n7","dest":"c57","body":{"in_reply_to":3,"type":"broadcast_ok"}}
2024/02/25 18:59:25 Sent {"src":"n7","dest":"n12","body":{"messages":[35],"msg_id":2,"type":"broadcast"}}
2024/02/25 18:59:26 Received {n12 n7 {"messages":[9,20,3,16,15,7,14,17,4,18,10,19,5,0,11,12,8,6,13,1,39],"msg_id":1,"type":"broadcast"}}
2024/02/25 18:59:26 Received {c57 n7 {"type":"broadcast","message":50,"msg_id":4}}
2024/02/25 18:59:26 Sent {"src":"n7","dest":"n12","body":{"in_reply_to":1,"type":"broadcast_ok"}}
2024/02/25 18:59:26 Sent {"src":"n7","dest":"c57","body":{"in_reply_to":4,"type":"broadcast_ok"}}
2024/02/25 18:59:26 Received {n12 n7 {"in_reply_to":2,"type":"broadcast_ok"}}
2024/02/25 18:59:26 Received {c57 n7 {"type":"broadcast","message":61,"msg_id":5}}
2024/02/25 18:59:26 Sent {"src":"n7","dest":"c57","body":{"in_reply_to":5,"type":"broadcast_ok"}}
2024/02/25 18:59:26 Received {c57 n7 {"type":"broadcast","message":73,"msg_id":6}}
2024/02/25 18:59:26 Sent {"src":"n7","dest":"c57","body":{"in_reply_to":6,"type":"broadcast_ok"}}
2024/02/25 18:59:26 Sent {"src":"n7","dest":"n12","body":{"messages":[50,61,73],"msg_id":3,"type":"broadcast"}}
2024/02/25 18:59:26 Received {n12 n7 {"messages":[27,45,24,32,43,31,37,30,48,36,28,29,46,21,38,22,23,40,25,42,33,26,41,44,47,34,64],"msg_id":39,"type":"broadcast"}}
2024/02/25 18:59:26 Sent {"src":"n7","dest":"n12","body":{"in_reply_to":39,"type":"broadcast_ok"}}
2024/02/25 18:59:26 Received {n12 n7 {"in_reply_to":3,"type":"broadcast_ok"}}
2024/02/25 18:59:26 Received {c57 n7 {"type":"read","msg_id":7}}
2024/02/25 18:59:26 Sent {"src":"n7","dest":"c57","body":{"in_reply_to":7,"messages":[28,10,1,0,50,61,73,16,15,7,19,43,20,42,29,31,30,34,13,39,33,12,27,25,41,17,11,24,36,46,35,3,2,14,26,8,64,48,40,44,21,23,45,32,37,38,47,4,18,6,22,9,5],"type":"read_ok"}}
2024/02/25 18:59:27 Received {n12 n7 {"messages":[55,67,75,56,60,51,62,72,57,68,59,69,52,65,49,63,70,53,58,54,66,71],"msg_id":53,"type":"broadcast"}}
2024/02/25 18:59:27 Received {c57 n7 {"type":"read","msg_id":8}}
2024/02/25 18:59:27 Sent {"src":"n7","dest":"n12","body":{"in_reply_to":53,"type":"broadcast_ok"}}
2024/02/25 18:59:27 Sent {"src":"n7","dest":"c57","body":{"in_reply_to":8,"messages":[45,32,21,23,75,69,4,18,37,38,47,6,22,60,68,53,9,5,10,1,28,59,16,15,0,50,61,73,7,19,43,20,42,31,30,29,55,57,70,13,39,34,56,72,65,12,27,33,54,66,17,11,25,41,63,51,52,35,3,24,36,46,67,71,2,14,26,8,64,62,48,40,44,49,58],"type":"read_ok"}}
2024/02/25 18:59:27 Received {c57 n7 {"type":"broadcast","message":106,"msg_id":9}}
2024/02/25 18:59:27 Sent {"src":"n7","dest":"c57","body":{"in_reply_to":9,"type":"broadcast_ok"}}
2024/02/25 18:59:27 Sent {"src":"n7","dest":"n12","body":{"messages":[106],"msg_id":4,"type":"broadcast"}}
2024/02/25 18:59:27 Received {n12 n7 {"messages":[74,88,78,79,87,81,90,83,92,86,76,85,89,91,84,80,77,82,109],"msg_id":75,"type":"broadcast"}}
2024/02/25 18:59:27 Sent {"src":"n7","dest":"n12","body":{"in_reply_to":75,"type":"broadcast_ok"}}
2024/02/25 18:59:27 Received {n12 n7 {"in_reply_to":4,"type":"broadcast_ok"}}
2024/02/25 18:59:27 Received {c57 n7 {"type":"read","msg_id":10}}
2024/02/25 18:59:27 Sent {"src":"n7","dest":"c57","body":{"in_reply_to":10,"messages":[9,5,77,10,1,28,59,78,16,15,0,50,61,73,74,86,7,19,43,20,42,79,109,31,30,29,55,57,70,106,87,90,85,84,13,39,34,56,72,65,83,12,27,33,54,66,88,92,17,11,25,41,63,35,3,24,36,46,67,51,52,71,2,14,26,91,80,8,64,62,81,48,40,44,49,58,76,45,32,21,23,75,69,4,18,37,38,47,82,6,22,60,68,53,89],"type":"read_ok"}}
2024/02/25 18:59:27 Received {c57 n7 {"type":"broadcast","message":133,"msg_id":11}}
2024/02/25 18:59:27 Sent {"src":"n7","dest":"c57","body":{"in_reply_to":11,"type":"broadcast_ok"}}
2024/02/25 18:59:27 Sent {"src":"n7","dest":"n12","body":{"messages":[133],"msg_id":5,"type":"broadcast"}}
2024/02/25 18:59:28 Received {n12 n7 {"messages":[112,100,111,101,93,104,95,107,94,105,98,102,96,108,103,110,97,99,122,136],"msg_id":117,"type":"broadcast"}}
2024/02/25 18:59:28 Sent {"src":"n7","dest":"n12","body":{"in_reply_to":117,"type":"broadcast_ok"}}
2024/02/25 18:59:28 Received {n12 n7 {"in_reply_to":5,"type":"broadcast_ok"}}
2024/02/25 18:59:28 Received {c57 n7 {"type":"read","msg_id":12}}
2024/02/25 18:59:28 Sent {"src":"n7","dest":"c57","body":{"in_reply_to":12,"messages":[63,3,36,46,67,51,52,14,80,62,44,49,58,76,112,45,32,75,69,133,136,18,100,6,60,68,53,89,95,103,10,59,78,102,110,15,0,50,86,99,7,42,31,57,70,106,87,84,97,13,39,56,83,93,27,33,66,88,98,17,11,25,41,35,24,71,2,26,91,111,101,8,64,81,48,40,21,23,107,122,4,37,38,47,82,94,22,9,5,77,1,28,96,16,61,73,74,19,43,20,79,109,105,30,29,55,90,85,104,108,34,72,65,12,54,92],"type":"read_ok"}}
2024/02/25 18:59:28 Received {c57 n7 {"type":"broadcast","message":156,"msg_id":13}}
2024/02/25 18:59:28 Sent {"src":"n7","dest":"c57","body":{"in_reply_to":13,"type":"broadcast_ok"}}
2024/02/25 18:59:28 Received {n12 n7 {"messages":[126,114,127,117,118,132,120,134,130,116,131,125,121,135,119,123,137,115,129,113,128,124,145],"msg_id":141,"type":"broadcast"}}
2024/02/25 18:59:28 Sent {"src":"n7","dest":"n12","body":{"in_reply_to":141,"type":"broadcast_ok"}}
2024/02/25 18:59:28 Received {c57 n7 {"type":"read","msg_id":14}}
2024/02/25 18:59:28 Sent {"src":"n7","dest":"c57","body":{"in_reply_to":14,"messages":[83,93,129,13,39,56,88,98,130,27,33,66,41,121,17,11,25,35,24,71,111,101,2,26,91,126,135,145,8,64,81,124,48,40,118,122,128,21,23,107,47,82,94,127,4,37,38,22,134,113,9,5,77,125,119,1,28,96,74,16,61,73,19,43,131,105,20,79,109,90,85,104,108,132,30,29,55,156,34,72,65,12,54,92,63,67,51,52,3,36,46,123,14,80,116,62,76,112,114,44,49,58,69,133,136,45,32,75,18,100,53,89,95,103,6,60,68,102,110,117,120,115,10,59,78,86,99,15,0,50,7,137,42,106,87,84,97,31,57,70],"type":"read_ok"}}
2024/02/25 18:59:28 Sent {"src":"n7","dest":"n12","body":{"messages":[156],"msg_id":6,"type":"broadcast"}}
2024/02/25 18:59:29 Received {n12 n7 {"messages":[143,140,151,158,138,149,154,142,141,152,153,147,146,148,144,155,139,150],"msg_id":151,"type":"broadcast"}}
2024/02/25 18:59:29 Received {c57 n7 {"type":"broadcast","message":182,"msg_id":15}}
2024/02/25 18:59:29 Sent {"src":"n7","dest":"n12","body":{"in_reply_to":151,"type":"broadcast_ok"}}
2024/02/25 18:59:29 Sent {"src":"n7","dest":"c57","body":{"in_reply_to":15,"type":"broadcast_ok"}}
2024/02/25 18:59:29 Received {n12 n7 {"in_reply_to":6,"type":"broadcast_ok"}}
2024/02/25 18:59:29 Received {c57 n7 {"type":"broadcast","message":195,"msg_id":16}}
2024/02/25 18:59:29 Sent {"src":"n7","dest":"c57","body":{"in_reply_to":16,"type":"broadcast_ok"}}
2024/02/25 18:59:29 Sent {"src":"n7","dest":"n12","body":{"messages":[182,195],"msg_id":7,"type":"broadcast"}}
2024/02/25 18:59:29 Received {n12 n7 {"messages":[172,168,166,175,157,169,160,159,163,177,170,164,165,161,176,167,174,171,162,173,197],"msg_id":190,"type":"broadcast"}}
2024/02/25 18:59:29 Sent {"src":"n7","dest":"n12","body":{"in_reply_to":190,"type":"broadcast_ok"}}
2024/02/25 18:59:29 Received {n12 n7 {"in_reply_to":7,"type":"broadcast_ok"}}
2024/02/25 18:59:29 Received {c57 n7 {"type":"read","msg_id":17}}
2024/02/25 18:59:29 Sent {"src":"n7","dest":"c57","body":{"in_reply_to":17,"messages":[62,76,112,114,144,44,49,58,69,133,136,152,182,45,32,75,157,18,100,53,89,95,103,6,60,68,160,176,102,110,117,120,115,10,59,78,86,99,168,171,15,0,50,142,155,167,7,137,143,42,106,87,84,97,175,31,57,70,159,173,83,93,129,13,39,56,88,98,130,174,27,33,66,41,121,154,17,11,25,149,35,24,71,111,101,2,26,91,126,135,145,153,8,64,81,124,161,48,40,118,122,128,21,23,107,47,82,94,127,172,4,37,38,22,148,166,134,113,9,5,77,125,119,195,197,1,28,96,74,177,165,16,61,73,170,19,43,131,105,141,146,150,20,79,109,90,85,104,108,132,30,29,55,158,156,147,169,34,72,65,138,12,54,92,63,139,162,67,51,52,140,151,3,36,46,164,123,163,14,80,116],"type":"read_ok"}}
2024/02/25 18:59:30 Received {n12 n7 {"messages":[186,180,179,183,178,192,190,191,185,189,193,181,194,188,187,184,196,208],"msg_id":216,"type":"broadcast"}}
2024/02/25 18:59:30 Sent {"src":"n7","dest":"n12","body":{"in_reply_to":216,"type":"broadcast_ok"}}
2024/02/25 18:59:30 Received {c57 n7 {"type":"broadcast","message":220,"msg_id":18}}
2024/02/25 18:59:30 Sent {"src":"n7","dest":"c57","body":{"in_reply_to":18,"type":"broadcast_ok"}}
2024/02/25 18:59:30 Received {c57 n7 {"type":"broadcast","message":238,"msg_id":19}}
2024/02/25 18:59:30 Sent {"src":"n7","dest":"c57","body":{"in_reply_to":19,"type":"broadcast_ok"}}
2024/02/25 18:59:30 Sent {"src":"n7","dest":"n12","body":{"messages":[220,238],"msg_id":8,"type":"broadcast"}}
2024/02/25 18:59:30 Received {n12 n7 {"messages":[212,223,201,214,204,215,209,205,216,206,198,210,203,207,199,211,200,202,213,242],"msg_id":219,"type":"broadcast"}}
2024/02/25 18:59:30 Sent {"src":"n7","dest":"n12","body":{"in_reply_to":219,"type":"broadcast_ok"}}
2024/02/25 18:59:30 Received {n12 n7 {"in_reply_to":8,"type":"broadcast_ok"}}
2024/02/25 18:59:30 Received {c57 n7 {"type":"read","msg_id":20}}
2024/02/25 18:59:30 Sent {"src":"n7","dest":"c57","body":{"in_reply_to":20,"messages":[238,207,144,49,58,76,112,114,157,179,45,32,69,136,182,18,68,89,103,160,176,209,120,115,10,78,102,110,117,0,50,155,167,190,210,42,173,206,31,57,70,84,159,56,83,93,180,203,174,178,27,33,88,98,130,17,11,154,181,71,2,26,111,101,126,153,48,118,161,193,196,21,23,122,201,94,172,4,37,47,184,202,5,113,197,28,125,16,61,74,165,131,150,109,220,108,30,29,55,90,85,204,169,72,156,147,12,138,139,162,194,199,52,140,151,51,215,80,116,123,163,62,44,205,75,133,152,188,100,223,187,216,6,60,53,95,191,214,59,211,15,86,99,168,171,7,137,143,142,106,87,97,175,200,13,39,129,66,208,25,41,121,35,24,149,198,91,8,64,81,135,145,40,124,107,128,127,38,82,22,148,166,192,9,77,134,242,195,1,96,119,73,177,213,19,43,170,146,186,20,79,105,141,104,132,158,34,65,185,189,54,92,183,63,3,36,46,67,164,212,14],"type":"read_ok"}}
2024/02/25 18:59:30 Received {c57 n7 {"type":"read","msg_id":21}}
2024/02/25 18:59:30 Sent {"src":"n7","dest":"c57","body":{"in_reply_to":21,"messages":[139,162,194,199,52,140,151,51,215,80,116,123,163,62,44,205,75,133,152,188,100,223,187,216,6,60,53,95,191,214,59,211,15,86,99,168,171,7,137,143,142,106,87,97,175,200,13,39,129,66,208,25,41,121,35,24,149,198,91,8,64,81,135,145,40,124,107,128,127,38,82,22,148,166,192,9,77,134,242,195,1,96,119,73,177,213,19,43,170,146,186,20,79,105,141,104,132,158,34,65,185,189,54,92,183,63,3,36,46,67,164,212,14,238,207,144,49,58,76,112,114,157,179,45,32,69,136,182,18,68,89,103,160,176,209,120,115,10,78,102,110,117,0,50,155,167,190,210,42,173,206,31,57,70,84,159,56,83,93,180,203,174,178,27,33,88,98,130,17,11,154,181,71,2,26,111,101,126,153,48,118,161,193,196,21,23,122,201,94,172,4,37,47,184,202,5,113,197,28,125,16,61,74,165,131,150,109,220,108,30,29,55,90,85,204,169,72,156,147,12,138],"type":"read_ok"}}
2024/02/25 18:59:31 Received {n12 n7 {"messages":[221,239,230,232,227,229,236,217,237,235,240,241,228,245,234,222,225,244,224,243,218,231,233,219,226],"msg_id":246,"type":"broadcast"}}
2024/02/25 18:59:31 Sent {"src":"n7","dest":"n12","body":{"in_reply_to":246,"type":"broadcast_ok"}}
2024/02/25 18:59:31 Received {c57 n7 {"type":"broadcast","message":272,"msg_id":22}}
2024/02/25 18:59:31 Sent {"src":"n7","dest":"c57","body":{"in_reply_to":22,"type":"broadcast_ok"}}
2024/02/25 18:59:31 Sent {"src":"n7","dest":"n12","body":{"messages":[272],"msg_id":9,"type":"broadcast"}}
2024/02/25 18:59:31 Received {n12 n7 {"messages":[255,260,262,253,247,257,246,250,249,259,254,251,248,258,252,256],"msg_id":275,"type":"broadcast"}}
2024/02/25 18:59:31 Received {c57 n7 {"type":"broadcast","message":286,"msg_id":23}}
2024/02/25 18:59:31 Sent {"src":"n7","dest":"n12","body":{"in_reply_to":275,"type":"broadcast_ok"}}
2024/02/25 18:59:31 Sent {"src":"n7","dest":"c57","body":{"in_reply_to":23,"type":"broadcast_ok"}}
2024/02/25 18:59:31 Received {n12 n7 {"in_reply_to":9,"type":"broadcast_ok"}}
2024/02/25 18:59:31 Received {c57 n7 {"type":"broadcast","message":296,"msg_id":24}}
2024/02/25 18:59:31 Sent {"src":"n7","dest":"c57","body":{"in_reply_to":24,"type":"broadcast_ok"}}
2024/02/25 18:59:31 Sent {"src":"n7","dest":"n12","body":{"messages":[286,296],"msg_id":10,"type":"broadcast"}}
2024/02/25 18:59:32 Received {n12 n7 {"messages":[266,271,268,278,273,267,270,280,276,263,261,274,269,265,277,264,275,279,289,300],"msg_id":311,"type":"broadcast"}}
2024/02/25 18:59:32 Sent {"src":"n7","dest":"n12","body":{"in_reply_to":311,"type":"broadcast_ok"}}
2024/02/25 18:59:32 Received {n12 n7 {"in_reply_to":10,"type":"broadcast_ok"}}
2024/02/25 18:59:32 Received {c57 n7 {"type":"read","msg_id":25}}
2024/02/25 18:59:32 Sent {"src":"n7","dest":"c57","body":{"in_reply_to":25,"messages":[71,289,2,26,111,101,275,126,153,233,48,118,161,193,196,279,21,23,122,201,231,4,37,47,94,172,236,184,202,225,5,113,224,253,248,258,256,296,280,28,125,197,255,267,16,61,74,165,270,269,131,261,109,150,220,30,29,55,90,85,108,204,72,156,147,169,12,138,228,271,139,162,194,199,229,51,52,140,151,80,116,123,163,215,249,62,257,44,205,239,232,274,75,133,152,188,230,237,100,223,222,6,60,53,95,191,187,216,214,241,266,59,211,252,15,86,99,168,171,7,137,143,142,244,106,87,97,175,200,13,39,129,262,300,66,208,260,250,259,25,41,121,245,276,35,24,149,198,91,217,219,272,8,64,81,135,145,40,124,107,128,38,82,127,22,148,166,192,9,77,134,242,1,96,119,195,73,177,213,226,247,277,19,43,170,278,20,79,105,141,146,186,104,132,158,234,34,65,218,251,54,92,183,185,189,243,246,63,3,36,46,67,164,212,240,14,238,207,49,58,76,112,114,144,235,45,32,69,136,182,157,179,286,263,18,68,89,103,160,176,209,10,78,102,110,117,120,115,221,273,0,50,155,167,190,210,227,42,265,31,57,70,84,159,173,206,56,83,93,180,203,254,27,33,88,98,130,174,178,268,17,11,154,181,264],"type":"read_ok"}}
2024/02/25 18:59:32 Received {c57 n7 {"type":"broadcast","message":325,"msg_id":26}}
2024/02/25 18:59:32 Sent {"src":"n7","dest":"c57","body":{"in_reply_to":26,"type":"broadcast_ok"}}
2024/02/25 18:59:32 Sent {"src":"n7","dest":"n12","body":{"messages":[325],"msg_id":11,"type":"broadcast"}}
2024/02/25 18:59:32 Received {n12 n7 {"messages":[302,293,291,284,295,297,283,301,290,288,299,287,298,282,281,294,285,292,314,328],"msg_id":336,"type":"broadcast"}}
2024/02/25 18:59:32 Sent {"src":"n7","dest":"n12","body":{"in_reply_to":336,"type":"broadcast_ok"}}
2024/02/25 18:59:32 Received {n12 n7 {"in_reply_to":11,"type":"broadcast_ok"}}
2024/02/25 18:59:32 Received {c57 n7 {"type":"broadcast","message":340,"msg_id":27}}
2024/02/25 18:59:32 Sent {"src":"n7","dest":"c57","body":{"in_reply_to":27,"type":"broadcast_ok"}}
2024/02/25 18:59:32 Sent {"src":"n7","dest":"n12","body":{"messages":[340],"msg_id":12,"type":"broadcast"}}
2024/02/25 18:59:33 Received {n12 n7 {"messages":[303,326,316,305,309,308,322,321,307,319,312,327,313,329,311,324,317,320,318,306,310,323,315,304,344],"msg_id":353,"type":"broadcast"}}
2024/02/25 18:59:33 Received {c57 n7 {"type":"broadcast","message":354,"msg_id":28}}
2024/02/25 18:59:33 Sent {"src":"n7","dest":"n12","body":{"in_reply_to":353,"type":"broadcast_ok"}}
2024/02/25 18:59:33 Sent {"src":"n7","dest":"c57","body":{"in_reply_to":28,"type":"broadcast_ok"}}
2024/02/25 18:59:33 Received {n12 n7 {"in_reply_to":12,"type":"broadcast_ok"}}
2024/02/25 18:59:33 Received {c57 n7 {"type":"broadcast","message":364,"msg_id":29}}
2024/02/25 18:59:33 Sent {"src":"n7","dest":"c57","body":{"in_reply_to":29,"type":"broadcast_ok"}}
2024/02/25 18:59:33 Sent {"src":"n7","dest":"n12","body":{"messages":[354,364],"msg_id":13,"type":"broadcast"}}
2024/02/25 18:59:33 Received {n12 n7 {"messages":[332,341,331,348,330,337,349,336,334,342,346,345,347,335,351,339,333,350,338,343,356],"msg_id":373,"type":"broadcast"}}
2024/02/25 18:59:33 Sent {"src":"n7","dest":"n12","body":{"in_reply_to":373,"type":"broadcast_ok"}}
2024/02/25 18:59:33 Received {n12 n7 {"in_reply_to":13,"type":"broadcast_ok"}}
2024/02/25 18:59:33 Received {c57 n7 {"type":"broadcast","message":378,"msg_id":30}}
2024/02/25 18:59:33 Sent {"src":"n7","dest":"c57","body":{"in_reply_to":30,"type":"broadcast_ok"}}
2024/02/25 18:59:33 Received {c57 n7 {"type":"read","msg_id":31}}
2024/02/25 18:59:33 Sent {"src":"n7","dest":"c57","body":{"in_reply_to":31,"messages":[235,285,49,58,76,112,114,144,179,286,45,32,69,136,182,157,263,314,319,332,335,18,68,89,103,342,160,176,209,115,221,10,78,102,110,117,120,273,299,0,50,155,167,190,210,227,329,42,265,287,206,284,31,57,70,84,159,173,294,347,338,56,83,93,180,203,254,178,268,27,33,88,98,130,174,328,17,11,154,181,264,71,289,317,2,26,111,101,275,348,126,153,233,354,48,118,161,193,196,279,21,23,122,201,231,378,283,4,37,47,94,172,236,184,202,225,256,296,5,113,224,253,248,258,280,304,28,125,197,255,267,301,16,61,74,165,270,269,131,261,109,150,220,204,30,29,55,90,85,108,72,156,147,169,298,292,364,337,12,138,228,271,295,281,327,323,139,162,194,199,229,290,51,52,140,151,341,80,116,123,163,215,249,62,257,309,306,343,320,44,205,239,232,274,307,303,75,133,152,188,230,237,100,223,222,282,316,339,216,293,6,60,53,95,191,187,318,351,214,241,266,340,326,59,211,252,15,86,99,168,171,313,7,137,143,142,244,297,106,87,97,175,200,322,13,39,129,262,300,66,208,260,250,259,344,25,41,121,245,276,35,24,149,198,349,91,217,219,272,311,315,333,8,64,81,135,145,308,40,124,330,107,128,291,336,346,38,82,127,324,356,22,148,166,192,9,77,134,242,334,1,96,119,195,325,331,345,350,73,177,213,226,247,277,19,43,170,278,305,20,79,105,141,146,186,104,132,158,234,34,65,218,251,246,310,54,92,183,185,189,243,63,312,240,302,3,36,46,67,164,212,14,321,238,207,288],"type":"read_ok"}}
2024/02/25 18:59:33 Sent {"src":"n7","dest":"n12","body":{"messages":[378],"msg_id":14,"type":"broadcast"}}
2024/02/25 18:59:34 Received {n12 n7 {"messages":[360,370,358,371,359,361,369,355,365,362,366,352,363,367,373,353,372,357,368],"msg_id":408,"type":"broadcast"}}
2024/02/25 18:59:34 Sent {"src":"n7","dest":"n12","body":{"in_reply_to":408,"type":"broadcast_ok"}}
2024/02/25 18:59:34 Received {n12 n7 {"in_reply_to":14,"type":"broadcast_ok"}}
2024/02/25 18:59:34 Received {c57 n7 {"type":"broadcast","message":403,"msg_id":32}}
2024/02/25 18:59:34 Sent {"src":"n7","dest":"c57","body":{"in_reply_to":32,"type":"broadcast_ok"}}
2024/02/25 18:59:34 Received {c57 n7 {"type":"broadcast","message":420,"msg_id":33}}
2024/02/25 18:59:34 Sent {"src":"n7","dest":"c57","body":{"in_reply_to":33,"type":"broadcast_ok"}}
2024/02/25 18:59:34 Sent {"src":"n7","dest":"n12","body":{"messages":[403,420],"msg_id":15,"type":"broadcast"}}
2024/02/25 18:59:34 Received {n12 n7 {"messages":[387,397,376,389,390,379,393,377,384,374,391,375,386,381,383,396,382,395,380,394,388,385,392,424],"msg_id":418,"type":"broadcast"}}
2024/02/25 18:59:34 Sent {"src":"n7","dest":"n12","body":{"in_reply_to":418,"type":"broadcast_ok"}}
2024/02/25 18:59:34 Received {n12 n7 {"in_reply_to":15,"type":"broadcast_ok"}}
2024/02/25 18:59:34 Received {c57 n7 {"type":"read","msg_id":34}}
2024/02/25 18:59:34 Sent {"src":"n7","dest":"c57","body":{"in_reply_to":34,"messages":[70,84,159,173,206,284,31,57,376,294,347,93,180,203,254,338,56,83,88,98,130,174,178,268,27,33,328,154,181,264,17,11,317,403,391,71,289,111,101,275,348,358,2,26,233,387,126,153,161,193,196,279,354,357,48,118,388,122,201,231,378,383,21,23,47,94,172,236,283,4,37,225,184,202,224,253,248,258,256,296,5,113,280,377,197,255,267,301,304,365,28,125,74,165,270,269,16,61,369,131,261,220,361,109,150,55,90,85,108,204,30,29,147,169,298,292,72,156,228,271,295,281,364,337,12,138,194,199,229,290,327,323,139,162,367,373,140,151,355,51,52,123,163,215,249,341,385,80,116,309,306,343,62,257,239,232,274,307,320,375,44,205,392,152,188,230,237,303,360,75,133,222,282,316,339,366,100,223,53,95,191,187,216,293,6,60,370,352,318,351,266,340,326,368,214,241,252,59,211,99,168,171,15,86,143,142,244,297,313,7,137,97,175,200,322,106,87,129,262,300,13,39,260,250,259,344,362,66,208,121,245,276,25,41,149,198,349,35,24,219,272,311,371,363,91,217,81,135,145,308,315,333,8,64,330,384,386,40,124,291,336,346,107,128,127,324,356,38,82,166,192,379,22,148,134,242,390,394,9,77,119,195,325,331,334,1,96,213,226,247,277,345,350,73,177,395,170,278,424,19,43,105,141,146,186,305,20,79,158,234,372,397,104,132,218,251,353,396,34,65,183,185,189,243,246,310,54,92,63,312,46,67,164,212,240,302,3,36,382,380,14,321,288,238,207,76,112,114,144,235,285,49,58,374,389,393,69,136,182,157,179,286,45,32,319,332,335,263,314,18,103,342,420,381,68,89,209,160,176,102,110,117,120,115,221,10,78,273,299,359,0,50,190,210,227,329,155,167,287,42,265],"type":"read_ok"}}
2024/02/25 18:59:35 Received {n12 n7 {"messages":[398,414,409,411,404,421,412,419,401,399,415,416,402,410,405,425,423,422,406,407,400,418,413,417,408],"msg_id":456,"type":"broadcast"}}
2024/02/25 18:59:35 Received {c57 n7 {"type":"broadcast","message":450,"msg_id":35}}
2024/02/25 18:59:35 Sent {"src":"n7","dest":"n12","body":{"in_reply_to":456,"type":"broadcast_ok"}}
2024/02/25 18:59:35 Sent {"src":"n7","dest":"c57","body":{"in_reply_to":35,"type":"broadcast_ok"}}
2024/02/25 18:59:35 Received {c57 n7 {"type":"read","msg_id":36}}
2024/02/25 18:59:35 Sent {"src":"n7","dest":"c57","body":{"in_reply_to":36,"messages":[417,329,167,265,159,173,31,57,70,180,203,56,130,174,268,27,264,17,11,154,391,317,111,348,387,126,233,196,48,161,201,378,383,172,236,283,37,47,184,225,413,224,377,255,267,365,197,270,61,261,369,361,109,220,85,108,29,72,147,169,271,364,138,199,290,327,323,139,194,367,151,355,163,341,116,62,257,375,392,232,274,307,133,188,223,339,366,351,6,60,53,368,415,214,241,266,408,211,252,404,171,86,99,168,244,297,137,143,142,322,106,87,200,262,344,66,208,259,422,25,41,276,198,349,149,311,425,91,217,219,308,315,333,8,81,384,336,291,324,38,82,127,192,390,134,325,331,226,247,277,350,73,177,213,278,424,43,305,79,372,397,104,353,396,34,218,189,54,92,183,412,67,212,240,380,398,401,238,207,393,374,423,112,235,389,182,179,286,45,335,18,405,342,176,209,10,78,299,0,50,359,210,227,419,155,190,42,287,84,206,284,294,347,376,254,338,83,93,98,178,33,88,328,181,403,71,289,275,358,406,2,26,101,153,193,279,354,357,118,388,411,231,450,21,23,122,94,4,202,253,248,258,256,296,5,113,280,301,304,28,125,165,269,16,74,131,150,90,204,30,55,407,156,298,292,295,281,337,12,228,229,162,373,399,51,52,140,215,249,385,80,123,410,309,306,343,320,44,205,239,237,303,360,75,152,230,316,100,222,282,216,293,318,370,352,95,191,187,340,326,402,59,15,7,313,400,97,175,414,300,418,13,39,129,260,250,362,121,245,421,35,24,272,371,363,135,145,64,386,40,124,330,346,107,128,356,379,22,148,166,242,394,9,77,195,334,1,96,119,345,395,416,19,170,141,146,186,20,105,234,409,132,158,251,65,185,243,246,310,63,312,164,302,3,36,46,382,14,321,288,114,144,285,49,58,76,136,157,32,69,332,263,314,319,420,381,68,89,103,160,110,117,120,115,221,102,273],"type":"read_ok"}}
2024/02/25 18:59:35 Sent {"src":"n7","dest":"n12","body":{"messages":[450],"msg_id":16,"type":"broadcast"}}
2024/02/25 18:59:35 Received {n12 n7 {"messages":[445,452,440,436,427,442,433,430,437,438,431,446,429,444,426,441,432,447,428,443,439,434,435,462],"msg_id":466,"type":"broadcast"}}
2024/02/25 18:59:35 Received {c57 n7 {"type":"broadcast","message":476,"msg_id":37}}
2024/02/25 18:59:35 Sent {"src":"n7","dest":"n12","body":{"in_reply_to":466,"type":"broadcast_ok"}}
2024/02/25 18:59:35 Sent {"src":"n7","dest":"c57","body":{"in_reply_to":37,"type":"broadcast_ok"}}
2024/02/25 18:59:35 Received {n12 n7 {"in_reply_to":16,"type":"broadcast_ok"}}
2024/02/25 18:59:35 Received {c57 n7 {"type":"broadcast","message":489,"msg_id":38}}
2024/02/25 18:59:35 Sent {"src":"n7","dest":"c57","body":{"in_reply_to":38,"type":"broadcast_ok"}}
2024/02/25 18:59:35 Sent {"src":"n7","dest":"n12","body":{"messages":[476,489],"msg_id":17,"type":"broadcast"}}
2024/02/25 18:59:36 Received {n12 n7 {"messages":[456,468,466,469,457,458,449,460,451,454,461,459,463,453,464,455,467,465,448,470],"msg_id":490,"type":"broadcast"}}
2024/02/25 18:59:36 Received {c57 n7 {"type":"broadcast","message":503,"msg_id":39}}
2024/02/25 18:59:36 Sent {"src":"n7","dest":"n12","body":{"in_reply_to":490,"type":"broadcast_ok"}}
2024/02/25 18:59:36 Sent {"src":"n7","dest":"c57","body":{"in_reply_to":39,"type":"broadcast_ok"}}
2024/02/25 18:59:36 Received {n12 n7 {"in_reply_to":17,"type":"broadcast_ok"}}
2024/02/25 18:59:36 Received {c57 n7 {"type":"broadcast","message":516,"msg_id":40}}
2024/02/25 18:59:36 Sent {"src":"n7","dest":"c57","body":{"in_reply_to":40,"type":"broadcast_ok"}}
2024/02/25 18:59:36 Sent {"src":"n7","dest":"n12","body":{"messages":[503,516],"msg_id":18,"type":"broadcast"}}
2024/02/25 18:59:36 Received {n12 n7 {"messages":[483,496,507,477,490,482,494,473,487,501,486,471,498,499,493,478,491,475,488,480,492,481,472,485,500,484,479,495,497,474,519],"msg_id":520,"type":"broadcast"}}
2024/02/25 18:59:36 Received {c57 n7 {"type":"read","msg_id":41}}
2024/02/25 18:59:36 Sent {"src":"n7","dest":"n12","body":{"in_reply_to":520,"type":"broadcast_ok"}}
2024/02/25 18:59:36 Sent {"src":"n7","dest":"c57","body":{"in_reply_to":41,"messages":[340,326,402,59,438,463,15,470,7,313,400,444,97,175,414,300,418,13,39,129,260,250,362,121,245,35,24,421,272,371,363,64,135,145,386,443,40,124,330,429,503,107,128,346,356,435,379,22,148,166,394,448,9,77,242,195,334,1,96,119,345,395,446,19,170,416,146,186,20,105,141,409,437,132,158,234,65,251,310,516,185,243,246,63,312,164,302,382,3,36,46,14,321,288,114,144,285,49,58,76,157,263,314,319,332,32,69,136,468,465,462,420,381,68,89,103,160,120,115,221,273,452,102,110,117,469,417,455,167,329,265,459,159,173,436,31,57,70,56,180,203,268,27,130,174,264,442,17,11,154,317,391,111,348,426,430,126,233,387,48,161,196,201,378,383,236,283,431,37,47,172,439,184,225,413,224,377,365,197,255,267,61,270,261,369,109,220,361,29,85,108,72,147,169,138,271,364,290,327,323,367,453,139,194,199,151,355,116,163,341,62,257,375,392,232,274,307,133,188,441,451,223,339,366,351,445,489,6,60,53,368,415,214,241,266,408,211,252,404,171,434,86,99,168,244,297,137,143,142,458,322,106,87,200,262,344,66,208,259,422,25,41,276,432,149,198,349,311,425,91,217,219,315,333,8,81,308,384,428,291,336,467,324,38,82,127,192,134,390,466,325,331,427,226,247,277,350,73,177,213,433,43,278,424,79,305,104,372,397,396,460,34,218,353,189,54,92,183,412,380,398,440,67,212,240,401,238,207,393,374,423,454,112,235,389,286,335,45,182,179,18,405,342,176,209,456,10,78,299,0,50,359,227,419,461,155,190,210,42,287,294,347,376,476,84,206,284,338,83,93,254,178,328,33,88,98,181,71,289,403,275,358,406,2,26,101,153,354,357,388,411,449,118,193,279,231,450,464,21,23,122,4,94,447,202,248,258,256,296,280,5,113,253,304,28,125,301,269,16,74,165,131,150,204,30,55,90,407,156,298,292,281,337,12,228,295,162,229,373,399,51,52,140,249,385,410,80,123,215,309,306,343,320,457,44,205,239,237,303,360,75,152,230,316,100,222,282,216,293,318,370,352,95,191,187],"type":"read_ok"}}
2024/02/25 18:59:36 Received {n12 n7 {"in_reply_to":18,"type":"broadcast_ok"}}
2024/02/25 18:59:36 Received {c57 n7 {"type":"read","msg_id":42}}
2024/02/25 18:59:36 Sent {"src":"n7","dest":"c57","body":{"in_reply_to":42,"messages":[48,161,196,201,378,383,283,431,37,47,172,236,184,225,413,439,224,377,197,255,267,365,61,270,261,369,109,220,361,29,85,108,72,147,169,138,271,364,327,323,367,453,139,194,199,290,151,355,116,163,341,500,62,257,392,232,274,307,375,133,188,441,223,339,366,451,445,489,6,60,53,351,415,480,214,241,266,368,211,252,404,408,434,86,99,168,171,297,137,143,142,244,458,106,87,200,322,262,66,208,259,344,25,41,276,422,149,198,349,432,425,91,217,219,311,333,519,8,81,308,315,384,428,291,336,467,491,38,82,127,324,192,134,390,466,325,331,427,247,277,350,73,177,213,226,43,278,424,433,79,305,104,372,397,460,34,218,353,396,54,92,183,189,412,487,495,398,440,67,212,240,380,401,501,238,207,494,374,423,454,496,112,235,389,393,484,335,45,182,179,286,482,18,405,477,490,342,471,176,209,456,10,78,299,478,0,50,359,507,419,461,155,190,210,227,42,287,347,376,476,84,206,284,294,83,93,254,338,328,33,88,98,178,181,472,71,289,403,358,406,2,26,101,275,153,486,357,388,411,449,118,193,279,354,450,464,21,23,122,231,4,94,447,202,258,256,296,280,5,113,253,248,492,28,125,301,304,16,74,165,269,131,150,30,55,90,204,156,298,292,407,337,12,228,295,281,162,229,373,51,52,140,399,385,410,80,123,215,249,309,306,343,485,457,44,205,239,320,303,360,75,152,230,237,498,474,100,222,282,316,293,318,370,352,95,191,187,216,340,326,402,59,438,463,15,470,7,313,400,444,97,175,414,418,13,39,129,300,260,250,362,499,121,245,481,35,24,421,272,371,363,64,135,145,443,40,124,330,386,503,107,128,346,429,356,435,22,148,166,379,448,9,77,242,394,334,1,96,119,195,345,395,446,19,170,416,186,20,105,141,146,437,132,158,234,409,65,251,497,516,185,243,246,310,63,312,302,382,3,36,46,164,14,321,288,144,285,49,58,76,114,263,314,319,332,32,69,136,157,468,465,462,381,475,488,68,89,103,420,160,115,221,273,452,102,110,117,120,469,483,417,455,479,167,329,265,459,173,436,31,57,70,159,56,180,203,27,130,174,268,442,473,493,17,11,154,264,317,391,111,348,426,126,233,387,430],"type":"read_ok"}}
2024/02/25 18:59:37 Received {n12 n7 {"messages":[522,512,524,514,533,526,505,517,508,502,527,520,510,523,504,511,506,518,525,513,515,509,521],"msg_id":542,"type":"broadcast"}}
2024/02/25 18:59:37 Received {c57 n7 {"type":"broadcast","message":559,"msg_id":43}}
2024/02/25 18:59:37 Sent {"src":"n7","dest":"n12","body":{"in_reply_to":542,"type":"broadcast_ok"}}
2024/02/25 18:59:37 Sent {"src":"n7","dest":"c57","body":{"in_reply_to":43,"type":"broadcast_ok"}}
2024/02/25 18:59:37 Received {c57 n7 {"type":"broadcast","message":560,"msg_id":44}}
2024/02/25 18:59:37 Sent {"src":"n7","dest":"c57","body":{"in_reply_to":44,"type":"broadcast_ok"}}
2024/02/25 18:59:37 Received {c57 n7 {"type":"read","msg_id":45}}
2024/02/25 18:59:37 Sent {"src":"n7","dest":"c57","body":{"in_reply_to":45,"messages":[51,52,140,399,80,123,215,249,385,410,309,306,343,485,44,205,239,320,457,75,152,230,237,303,360,100,222,282,316,498,474,95,191,187,216,293,318,370,352,510,340,326,402,520,59,438,463,533,15,470,7,313,400,444,97,175,414,13,39,129,300,418,260,250,362,499,121,245,481,35,24,421,272,371,363,64,135,145,40,124,330,386,443,107,128,346,429,503,356,435,22,148,166,379,9,77,242,394,448,1,96,119,195,334,521,345,395,446,19,170,416,20,105,141,146,186,132,158,234,409,437,508,65,251,497,185,243,246,310,516,63,312,3,36,46,164,302,382,14,321,288,49,58,76,114,144,285,32,69,136,157,263,314,319,332,468,465,504,462,68,89,103,420,381,475,488,512,160,102,110,117,120,115,221,273,452,469,483,417,455,479,167,329,265,459,31,57,70,159,173,436,56,180,203,27,130,174,268,17,11,154,264,442,473,493,509,317,391,525,111,348,426,126,233,387,430,48,161,196,517,201,378,383,37,47,172,236,283,431,184,225,413,439,224,377,197,255,267,365,61,270,514,261,369,109,220,361,526,29,85,108,72,147,169,138,271,364,139,194,199,290,327,323,367,453,151,355,116,163,341,500,62,257,232,274,307,375,392,133,188,441,513,223,339,366,451,6,60,53,351,445,489,214,241,266,368,415,480,211,252,404,408,511,86,99,168,171,434,137,143,142,244,297,524,458,106,87,200,322,262,518,66,208,259,344,25,41,276,422,149,198,349,432,91,217,219,311,425,8,81,308,315,333,519,384,428,291,336,467,506,38,82,127,324,491,192,134,390,466,325,331,427,73,177,213,226,247,277,350,502,43,278,424,433,523,79,305,104,372,397,34,218,353,396,460,54,92,183,189,412,487,495,67,212,240,380,398,440,559,401,501,238,207,494,112,235,389,393,374,423,454,496,484,45,182,179,286,335,18,405,477,490,482,505,342,471,176,209,456,10,78,299,478,560,0,50,359,507,155,190,210,227,419,461,42,287,522,84,206,284,294,347,376,476,83,93,254,338,33,88,98,178,328,181,472,71,289,403,2,26,101,275,358,406,153,486,118,193,279,354,357,388,411,449,21,23,122,231,450,464,4,94,447,202,527,5,113,253,248,258,256,296,280,492,28,125,301,304,515,16,74,165,269,131,150,30,55,90,204,156,298,292,407,12,228,295,281,337,162,229,373],"type":"read_ok"}}
2024/02/25 18:59:37 Sent {"src":"n7","dest":"n12","body":{"messages":[559,560],"msg_id":19,"type":"broadcast"}}
2024/02/25 18:59:37 Received {n12 n7 {"messages":[550,536,540,530,537,551,528,545,542,534,539,531,548,538,544,543,535,529,546,532,549,547,541,562,573],"msg_id":553,"type":"broadcast"}}
2024/02/25 18:59:37 Received {c57 n7 {"type":"broadcast","message":583,"msg_id":46}}
2024/02/25 18:59:37 Sent {"src":"n7","dest":"n12","body":{"in_reply_to":553,"type":"broadcast_ok"}}
2024/02/25 18:59:37 Sent {"src":"n7","dest":"c57","body":{"in_reply_to":46,"type":"broadcast_ok"}}
2024/02/25 18:59:37 Received {n12 n7 {"in_reply_to":19,"type":"broadcast_ok"}}
2024/02/25 18:59:37 Received {c57 n7 {"type":"read","msg_id":47}}
2024/02/25 18:59:37 Sent {"src":"n7","dest":"c57","body":{"in_reply_to":47,"messages":[192,134,390,466,325,331,427,73,177,213,226,247,277,350,502,43,278,424,433,523,536,79,305,104,372,397,34,218,353,396,460,573,54,92,183,189,412,487,495,67,212,240,380,398,440,559,401,501,238,207,494,112,235,389,393,374,423,454,496,484,45,182,179,286,335,549,18,405,477,490,482,505,342,471,548,176,209,456,10,78,299,478,560,0,50,359,507,155,190,210,227,419,461,42,287,522,551,84,206,284,294,347,376,476,83,93,254,338,33,88,98,178,328,181,472,71,289,403,2,26,101,275,358,406,153,486,118,193,279,354,357,388,411,449,21,23,122,231,450,464,4,94,447,202,527,5,113,253,248,258,256,296,280,492,28,125,301,304,515,16,74,165,269,131,150,30,55,90,204,156,298,292,407,12,228,295,281,337,162,229,373,51,52,140,399,80,123,215,249,385,410,545,309,306,343,485,541,44,205,239,320,457,75,152,230,237,303,360,530,100,222,282,316,498,474,95,191,187,216,293,318,370,352,510,340,326,402,520,546,59,438,463,533,15,470,7,313,400,444,544,583,97,175,414,13,39,129,300,418,260,250,362,499,121,245,481,35,24,421,272,371,363,528,64,135,145,531,529,40,124,330,386,443,107,128,346,429,503,356,435,22,148,166,379,9,77,242,394,448,1,96,119,195,334,521,345,395,446,19,170,416,20,105,141,146,186,132,158,234,409,437,508,65,251,497,185,243,246,310,516,63,312,3,36,46,164,302,382,532,14,321,538,288,49,58,76,114,144,285,32,69,136,157,263,314,319,332,468,465,504,462,68,89,103,420,381,475,488,512,160,539,102,110,117,120,115,221,273,452,469,483,417,455,479,167,329,265,459,31,57,70,159,173,436,56,180,203,27,130,174,268,17,11,154,264,442,473,493,509,317,391,525,111,348,426,126,233,387,430,48,161,196,517,201,378,383,37,47,172,236,283,431,184,225,413,439,224,377,197,255,267,365,61,270,514,261,369,109,220,361,526,550,29,85,108,72,147,169,138,271,364,562,139,194,199,290,327,323,367,453,537,151,355,116,163,341,500,62,257,232,274,307,375,392,543,133,188,441,513,542,223,339,366,451,540,6,60,53,351,445,489,214,241,266,368,415,480,535,211,252,404,408,511,86,99,168,171,434,137,143,142,244,297,524,458,106,87,200,322,262,518,66,208,259,344,25,41,276,422,149,198,349,432,547,91,217,219,311,425,8,81,308,315,333,519,534,384,428,291,336,467,506,38,82,127,324,491],"type":"read_ok"}}
2024/02/25 18:59:37 Sent {"src":"n7","dest":"n12","body":{"messages":[583],"msg_id":20,"type":"broadcast"}}
2024/02/25 18:59:38 Received {n12 n7 {"messages":[564,556,555,558,571,553,569,552,568,567,566,561,554,565,574,557,570,572,563],"msg_id":596,"type":"broadcast"}}
2024/02/25 18:59:38 Sent {"src":"n7","dest":"n12","body":{"in_reply_to":596,"type":"broadcast_ok"}}
2024/02/25 18:59:38 Received {n12 n7 {"in_reply_to":20,"type":"broadcast_ok"}}
2024/02/25 18:59:38 Received {c57 n7 {"type":"read","msg_id":48}}
2024/02/25 18:59:38 Sent {"src":"n7","dest":"c57","body":{"in_reply_to":48,"messages":[91,217,219,311,425,519,534,8,81,308,315,333,384,428,291,336,467,506,38,82,127,324,491,192,134,390,466,325,331,427,277,350,502,73,177,213,226,247,536,43,278,424,433,523,79,305,104,372,397,573,34,218,353,396,460,54,92,183,189,412,487,495,440,559,67,212,240,380,398,401,501,238,207,494,423,454,496,112,235,389,393,374,484,549,45,182,179,286,335,505,554,18,405,477,490,482,342,471,548,176,209,456,10,78,299,478,560,0,50,359,507,566,461,155,190,210,227,419,42,287,522,551,376,476,564,84,206,284,294,347,83,93,254,338,570,33,88,98,178,328,181,472,552,71,289,403,568,406,553,2,26,101,275,358,153,486,388,411,449,118,193,279,354,357,556,464,21,23,122,231,450,4,94,447,202,527,256,296,280,5,113,253,248,258,492,28,125,301,304,515,16,74,165,269,131,150,30,55,90,204,156,298,292,407,12,228,295,281,337,162,229,373,571,51,52,140,399,410,545,555,80,123,215,249,385,561,309,306,343,485,541,44,205,239,320,457,360,530,75,152,230,237,303,474,100,222,282,316,498,318,370,352,95,191,187,216,293,510,340,326,402,520,546,59,438,463,533,15,470,7,313,400,444,544,583,97,175,414,565,13,39,129,300,418,260,250,362,499,121,245,481,35,24,421,272,371,363,528,64,135,145,531,529,40,124,330,386,443,107,128,346,429,503,356,435,22,148,166,379,567,9,77,242,394,448,521,1,96,119,195,334,345,395,446,19,170,416,20,105,141,146,186,508,132,158,234,409,437,65,251,497,185,243,246,310,516,63,312,382,532,3,36,46,164,302,14,321,538,288,285,49,58,76,114,144,314,319,332,32,69,136,157,263,468,465,504,462,475,488,512,68,89,103,420,381,160,539,221,273,452,102,110,117,120,115,469,483,572,417,455,479,167,329,265,459,436,574,557,31,57,70,159,173,56,180,203,27,130,174,268,473,493,509,17,11,154,264,442,317,391,525,111,348,426,126,233,387,430,48,161,196,517,201,378,383,431,37,47,172,236,283,184,225,413,439,224,377,197,255,267,365,61,270,514,261,369,109,220,361,526,550,29,85,108,72,147,169,138,271,364,562,323,367,453,139,194,199,290,327,537,151,355,558,116,163,341,500,62,257,543,232,274,307,375,392,133,188,441,513,542,223,339,366,451,540,489,6,60,53,351,445,480,535,214,241,266,368,415,211,252,404,408,511,563,86,99,168,171,434,524,137,143,142,244,297,458,106,87,200,322,569,262,518,66,208,259,344,25,41,276,422,149,198,349,432,547],"type":"read_ok"}}
2024/02/25 18:59:38 Received {n12 n7 {"messages":[587,600,578,575,588,584,582,595,581,594,598,592,597,577,586,591,585,599,579,590,580,593,596,576,589,610],"msg_id":614,"type":"broadcast"}}
2024/02/25 18:59:38 Received {c57 n7 {"type":"broadcast","message":620,"msg_id":49}}
2024/02/25 18:59:38 Sent {"src":"n7","dest":"n12","body":{"in_reply_to":614,"type":"broadcast_ok"}}
2024/02/25 18:59:38 Sent {"src":"n7","dest":"c57","body":{"in_reply_to":49,"type":"broadcast_ok"}}
2024/02/25 18:59:38 Received {c57 n7 {"type":"read","msg_id":50}}
2024/02/25 18:59:38 Sent {"src":"n7","dest":"c57","body":{"in_reply_to":50,"messages":[381,475,488,512,68,89,103,420,160,539,115,221,273,452,102,110,117,120,596,469,483,572,598,417,455,479,167,329,265,459,173,436,574,557,31,57,70,159,587,56,180,203,27,130,174,268,442,473,493,509,17,11,154,264,317,391,525,111,348,426,593,126,233,387,430,584,48,161,196,517,201,378,383,283,431,37,47,172,236,184,225,413,439,224,377,197,255,267,365,61,270,514,261,369,550,109,220,361,526,29,85,108,72,147,169,138,271,364,562,327,323,367,453,139,194,199,290,537,151,355,558,116,163,341,500,62,257,392,543,232,274,307,375,542,600,133,188,441,513,540,223,339,366,451,445,489,6,60,53,351,415,480,535,214,241,266,368,511,620,211,252,404,408,434,563,86,99,168,171,297,524,137,143,142,244,458,569,588,106,87,200,322,262,518,595,66,208,259,344,25,41,276,422,547,149,198,349,432,425,91,217,219,311,333,519,534,8,81,308,315,384,428,581,291,336,467,506,491,38,82,127,324,192,134,390,466,325,331,427,247,277,350,502,73,177,213,226,576,523,536,594,43,278,424,433,79,305,104,372,397,460,573,34,218,353,396,54,92,183,189,412,487,495,398,440,559,67,212,240,380,401,501,238,207,494,374,423,454,496,112,235,389,393,484,610,335,549,589,45,182,179,286,482,505,554,18,405,477,490,342,471,548,176,209,456,560,10,78,299,478,566,0,50,359,507,419,461,155,190,210,227,42,287,522,551,347,376,476,564,84,206,284,294,570,83,93,254,338,328,33,88,98,178,181,472,552,71,289,403,568,358,406,553,2,26,101,275,153,486,585,357,388,411,449,118,193,279,354,556,450,464,597,21,23,122,231,4,94,447,582,202,527,258,256,296,280,5,113,253,248,492,515,28,125,301,304,592,16,74,165,269,131,150,30,55,90,204,156,298,292,407,337,12,228,295,281,162,229,373,571,51,52,140,399,385,410,545,555,80,123,215,249,579,541,561,309,306,343,485,457,599,44,205,239,320,303,360,530,75,152,230,237,498,474,100,222,282,316,293,318,370,352,95,191,187,216,510,546,590,340,326,402,520,59,438,463,533,15,470,7,313,400,444,544,583,97,175,414,418,565,13,39,129,300,260,250,362,499,121,245,481,591,35,24,421,272,371,363,528,529,64,135,145,531,443,577,40,124,330,386,503,107,128,346,429,356,435,567,22,148,166,379,448,580,9,77,242,394,334,521,1,96,119,195,345,395,446,19,170,416,186,20,105,141,146,437,508,132,158,234,409,65,251,497,516,586,185,243,246,310,63,312,302,382,532,3,36,46,164,14,321,538,288,578,144,285,49,58,76,114,263,314,319,332,32,69,136,157,468,465,504,462,575],"type":"read_ok"}}
2024/02/25 18:59:38 Sent {"src":"n7","dest":"n12","body":{"messages":[620],"msg_id":21,"type":"broadcast"}}
2024/02/25 18:59:39 Received {n12 n7 {"messages":[602,614,615,624,618,607,619,601,613,606,609,611,617,605,612,604,616,603,608,638],"msg_id":631,"type":"broadcast"}}
2024/02/25 18:59:39 Sent {"src":"n7","dest":"n12","body":{"in_reply_to":631,"type":"broadcast_ok"}}
2024/02/25 18:59:39 Received {n12 n7 {"in_reply_to":21,"type":"broadcast_ok"}}
2024/02/25 18:59:39 Received {c57 n7 {"type":"read","msg_id":51}}
2024/02/25 18:59:39 Sent {"src":"n7","dest":"c57","body":{"in_reply_to":51,"messages":[262,518,595,344,66,208,259,422,618,25,41,276,432,547,149,198,349,311,425,91,217,219,315,333,519,534,8,81,308,384,428,581,506,291,336,467,324,491,38,82,127,192,134,390,466,325,331,427,226,247,277,350,502,73,177,213,576,433,523,536,594,43,278,424,79,305,104,372,397,396,460,573,615,34,218,353,189,54,92,183,412,487,495,380,398,440,559,67,212,240,401,501,238,207,494,393,374,423,454,496,112,235,389,484,610,614,286,335,549,589,617,45,182,179,490,482,505,554,18,405,477,342,471,548,176,209,456,478,560,10,78,299,507,566,0,50,359,227,419,461,612,155,190,210,551,42,287,522,294,347,376,476,564,84,206,284,338,570,83,93,254,178,328,33,88,98,181,472,552,568,71,289,403,275,358,406,553,2,26,101,619,616,153,486,585,354,357,388,411,449,118,193,279,556,231,450,464,597,21,23,122,582,602,4,94,447,202,527,248,258,256,296,280,5,113,253,492,304,515,28,125,301,269,592,16,74,165,131,150,204,605,30,55,90,407,156,298,292,281,337,12,228,295,571,162,229,373,399,51,52,140,249,385,410,545,555,80,123,215,579,485,541,561,309,306,343,320,457,599,44,205,239,237,303,360,530,75,152,230,316,498,474,100,222,282,216,293,318,370,352,95,191,187,510,520,546,590,607,340,326,402,533,606,59,438,463,15,470,611,7,313,400,444,544,583,609,97,175,414,300,418,565,13,39,129,499,260,250,362,591,121,245,481,35,24,421,528,272,371,363,531,529,64,135,145,386,443,577,40,124,330,429,503,107,128,346,356,435,379,567,22,148,166,394,448,580,9,77,242,195,334,521,1,96,119,345,395,446,19,170,416,146,186,20,105,141,409,437,508,132,158,234,65,251,497,310,516,586,185,243,246,63,312,164,302,382,532,3,36,46,14,321,538,288,578,114,144,285,49,58,76,157,263,314,319,332,32,69,136,468,465,504,462,575,420,381,475,488,512,68,89,103,160,539,120,115,221,273,452,102,110,117,598,596,469,483,572,417,455,479,167,329,265,459,159,173,436,574,557,31,57,70,587,56,180,203,268,27,130,174,264,442,473,493,509,17,11,154,603,317,391,525,111,348,426,430,593,126,233,387,517,584,48,161,196,201,378,383,236,283,431,37,47,172,439,638,184,225,413,224,377,365,197,255,267,61,270,514,261,369,526,550,604,109,220,361,29,85,108,72,147,169,562,138,271,364,290,327,323,367,453,139,194,199,537,601,151,355,558,500,613,116,163,341,62,257,375,392,543,232,274,307,513,542,600,133,188,441,451,540,223,339,366,351,445,489,6,60,53,368,415,480,535,214,241,266,408,511,620,211,252,404,171,434,563,608,86,99,168,244,297,524,137,143,142,458,624,322,569,588,106,87,200],"type":"read_ok"}}
2024/02/25 18:59:39 Received {c57 n7 {"type":"read","msg_id":52}}
2024/02/25 18:59:39 Sent {"src":"n7","dest":"c57","body":{"in_reply_to":52,"messages":[203,56,180,174,268,27,130,154,264,442,473,493,509,17,11,525,603,317,391,426,111,348,387,430,593,126,233,196,517,584,48,161,383,201,378,172,236,283,431,37,47,413,439,638,184,225,224,377,267,365,197,255,514,61,270,261,369,361,526,550,604,109,220,108,29,85,169,72,147,364,562,138,271,199,290,327,323,367,453,139,194,537,558,601,151,355,341,500,613,116,163,62,257,307,375,392,543,232,274,441,513,542,600,133,188,366,451,540,223,339,53,351,445,489,6,60,266,368,415,480,535,214,241,404,408,511,620,211,252,168,171,434,563,608,86,99,142,244,297,524,137,143,458,624,200,322,569,588,106,87,595,262,518,259,344,66,208,276,422,618,25,41,349,432,547,149,198,219,311,425,91,217,308,315,333,519,534,8,81,581,384,428,467,506,291,336,127,324,491,38,82,192,466,134,390,427,325,331,213,226,247,277,350,502,73,177,576,424,433,523,536,594,43,278,79,305,397,104,372,353,396,460,573,615,34,218,183,189,54,92,495,412,487,240,380,398,440,559,67,212,401,501,494,238,207,389,393,374,423,454,496,112,235,614,484,610,179,286,335,549,589,617,45,182,477,490,482,505,554,18,405,548,342,471,456,176,209,299,478,560,10,78,359,507,566,0,50,210,227,419,461,612,155,190,522,551,42,287,284,294,347,376,476,564,84,206,254,338,570,83,93,98,178,328,33,88,552,181,472,403,568,71,289,101,275,358,406,553,2,26,585,619,616,153,486,279,354,357,388,411,449,118,193,556,122,231,450,464,597,21,23,447,582,602,4,94,202,527,253,248,258,256,296,280,5,113,492,301,304,515,28,125,165,269,592,16,74,131,150,90,204,605,30,55,292,407,156,298,295,281,337,12,228,373,571,162,229,140,399,51,52,215,249,385,410,545,555,80,123,579,343,485,541,561,309,306,239,320,457,599,44,205,230,237,303,360,530,75,152,282,316,498,474,100,222,187,216,293,318,370,352,95,191,510,402,520,546,590,607,340,326,463,533,606,59,438,15,470,400,611,7,313,583,444,544,414,609,97,175,129,300,418,565,13,39,362,499,260,250,481,591,121,245,421,35,24,363,528,272,371,145,531,529,64,135,330,386,443,577,40,124,346,429,503,107,128,356,435,166,379,567,22,148,242,394,448,580,9,77,119,195,334,521,1,96,446,345,395,416,19,170,141,146,186,20,105,234,409,437,508,132,158,497,65,251,246,310,516,586,185,243,63,312,46,164,302,382,532,3,36,538,14,321,288,578,76,114,144,285,49,58,136,157,263,314,319,332,32,69,504,468,465,462,575,103,420,381,475,488,512,68,89,160,539,117,120,115,221,273,452,102,110,572,598,596,469,483,479,417,455,167,329,265,459,70,159,173,436,574,557,31,57,587],"type":"read_ok"}}
2024/02/25 18:59:39 Received {n12 n7 {"messages":[629,644,642,636,622,637,627,641,623,631,625,639,626,640,630,633,634,621,632,628,643,635,668],"msg_id":672,"type":"broadcast"}}
2024/02/25 18:59:39 Sent {"src":"n7","dest":"n12","body":{"in_reply_to":672,"type":"broadcast_ok"}}
2024/02/25 18:59:39 Received {c57 n7 {"type":"read","msg_id":53}}
2024/02/25 18:59:39 Sent {"src":"n7","dest":"c57","body":{"in_reply_to":53,"messages":[56,180,203,27,130,174,268,473,493,509,17,11,154,264,442,317,391,525,603,631,111,348,426,126,233,387,430,593,48,161,196,517,584,201,378,383,431,37,47,172,236,283,184,225,413,439,638,224,377,197,255,267,365,61,270,514,261,369,604,109,220,361,526,550,29,85,108,644,72,147,169,138,271,364,562,323,367,453,139,194,199,290,327,537,151,355,558,601,116,163,341,500,613,62,257,543,232,274,307,375,392,600,628,133,188,441,513,542,641,223,339,366,451,540,489,6,60,53,351,445,480,535,214,241,266,368,415,620,211,252,404,408,511,563,608,86,99,168,171,434,524,137,143,142,244,297,458,624,588,106,87,200,322,569,262,518,595,66,208,259,344,626,640,25,41,276,422,618,149,198,349,432,547,91,217,219,311,425,519,534,8,81,308,315,333,384,428,581,291,336,467,506,38,82,127,324,491,192,134,390,466,325,331,427,277,350,502,73,177,213,226,247,576,536,594,43,278,424,433,523,79,305,104,372,397,573,615,632,34,218,353,396,460,54,92,183,189,412,487,495,440,559,642,67,212,240,380,398,401,501,238,207,494,423,454,496,112,235,389,393,374,484,610,614,549,589,617,45,182,179,286,335,505,554,630,18,405,477,490,482,342,471,548,176,209,456,10,78,299,478,560,0,50,359,507,566,461,612,155,190,210,227,419,42,287,522,551,668,376,476,564,84,206,284,294,347,629,83,93,254,338,570,33,88,98,178,328,181,472,552,71,289,403,568,406,553,2,26,101,275,358,153,486,585,619,616,388,411,449,118,193,279,354,357,556,464,597,621,21,23,122,231,450,4,94,447,582,602,202,527,256,296,280,5,113,253,248,258,492,627,28,125,301,304,515,16,74,165,269,592,131,622,150,30,55,90,204,605,156,298,292,407,12,228,295,281,337,162,229,373,571,51,52,140,399,410,545,555,80,123,215,249,385,579,561,309,306,343,485,541,599,44,205,239,320,457,360,530,635,75,152,230,237,303,474,100,222,282,316,498,318,370,352,95,191,187,216,293,510,625,590,607,340,326,402,520,546,59,438,463,533,606,15,470,7,313,400,611,444,544,583,97,175,414,609,565,13,39,129,300,418,260,250,362,499,121,245,481,591,35,24,421,272,371,363,528,623,64,135,145,531,529,577,40,124,330,386,443,639,107,128,346,429,503,356,435,22,148,166,379,567,580,9,77,242,394,448,521,1,96,119,195,334,345,395,446,19,170,416,633,20,105,141,146,186,508,132,158,234,409,437,65,251,497,636,586,185,243,246,310,516,63,312,382,532,643,3,36,46,164,302,14,321,538,288,578,285,49,58,76,114,144,314,319,332,32,69,136,157,263,468,465,504,462,575,634,475,488,512,68,89,103,420,381,160,539,637,221,273,452,102,110,117,120,115,469,483,572,598,596,417,455,479,167,329,265,459,436,574,557,31,57,70,159,173,587],"type":"read_ok"}}
2024/02/25 18:59:40 Received {n12 n7 {"messages":[652,664,656,648,661,660,655,667,646,659,653,665,654,666,647,645,658,651,663,649,650,662,657],"msg_id":683,"type":"broadcast"}}
2024/02/25 18:59:40 Received {c57 n7 {"type":"read","msg_id":54}}
2024/02/25 18:59:40 Sent {"src":"n7","dest":"n12","body":{"in_reply_to":683,"type":"broadcast_ok"}}
2024/02/25 18:59:40 Sent {"src":"n7","dest":"c57","body":{"in_reply_to":54,"messages":[417,455,479,167,329,265,459,31,57,70,159,173,436,574,557,587,656,56,180,203,27,130,174,268,662,17,11,154,264,442,473,493,509,317,391,525,603,631,647,111,348,426,664,126,233,387,430,593,48,161,196,517,584,651,201,378,383,37,47,172,236,283,431,649,184,225,413,439,638,667,224,377,197,255,267,365,61,270,514,261,369,109,220,361,526,550,604,29,85,108,644,72,147,169,138,271,364,562,139,194,199,290,327,323,367,453,537,658,151,355,558,601,116,163,341,500,613,62,257,665,232,274,307,375,392,543,133,188,441,513,542,600,628,223,339,366,451,540,641,654,6,60,53,351,445,489,214,241,266,368,415,480,535,211,252,404,408,511,620,86,99,168,171,434,563,608,137,143,142,244,297,524,655,458,624,106,87,200,322,569,588,262,518,595,66,208,259,344,25,41,276,422,618,626,640,149,198,349,432,547,91,217,219,311,425,8,81,308,315,333,519,534,384,428,581,291,336,467,506,38,82,127,324,491,659,192,134,390,466,325,331,427,73,177,213,226,247,277,350,502,576,43,278,424,433,523,536,594,652,79,305,104,372,397,34,218,353,396,460,573,615,632,54,92,183,189,412,487,495,67,212,240,380,398,440,559,642,401,501,653,238,207,494,112,235,389,393,374,423,454,496,484,610,614,45,182,179,286,335,549,589,617,18,405,477,490,482,505,554,630,342,471,548,176,209,456,10,78,299,478,560,0,50,359,507,566,155,190,210,227,419,461,612,660,42,287,522,551,668,84,206,284,294,347,376,476,564,83,93,254,338,570,629,33,88,98,178,328,181,472,552,71,289,403,568,2,26,101,275,358,406,553,153,486,585,619,616,646,118,193,279,354,357,388,411,449,556,21,23,122,231,450,464,597,621,4,94,447,582,602,202,527,5,113,253,248,258,256,296,280,492,28,125,301,304,515,627,16,74,165,269,592,131,622,657,150,30,55,90,204,605,156,298,292,407,12,228,295,281,337,162,229,373,571,51,52,140,399,80,123,215,249,385,410,545,555,579,309,306,343,485,541,561,44,205,239,320,457,599,75,152,230,237,303,360,530,635,100,222,282,316,498,474,661,95,191,187,216,293,318,370,352,510,625,340,326,402,520,546,590,607,59,438,463,533,606,15,470,7,313,400,611,444,544,583,97,175,414,609,13,39,129,300,418,565,260,250,362,499,121,245,481,591,35,24,421,666,272,371,363,528,623,64,135,145,531,529,40,124,330,386,443,577,107,128,346,429,503,639,356,435,650,22,148,166,379,567,9,77,242,394,448,580,1,96,119,195,334,521,345,395,446,19,170,416,20,105,141,146,186,633,648,132,158,234,409,437,508,663,65,251,497,636,185,243,246,310,516,586,63,312,3,36,46,164,302,382,532,643,14,321,538,288,578,645,49,58,76,114,144,285,32,69,136,157,263,314,319,332,468,465,504,462,575,634,68,89,103,420,381,475,488,512,160,539,637,102,110,117,120,115,221,273,452,469,483,572,598,596],"type":"read_ok"}}
2024/02/25 18:59:40 Received {c57 n7 {"type":"read","msg_id":55}}
2024/02/25 18:59:40 Sent {"src":"n7","dest":"c57","body":{"in_reply_to":55,"messages":[153,486,585,619,616,646,118,193,279,354,357,388,411,449,556,21,23,122,231,450,464,597,621,4,94,447,582,602,202,527,5,113,253,248,258,256,296,280,492,28,125,301,304,515,627,16,74,165,269,592,131,622,657,150,30,55,90,204,605,156,298,292,407,12,228,295,281,337,162,229,373,571,51,52,140,399,80,123,215,249,385,410,545,555,579,309,306,343,485,541,561,44,205,239,320,457,599,75,152,230,237,303,360,530,635,100,222,282,316,498,474,661,95,191,187,216,293,318,370,352,510,625,340,326,402,520,546,590,607,59,438,463,533,606,15,470,7,313,400,611,444,544,583,97,175,414,609,13,39,129,300,418,565,260,250,362,499,121,245,481,591,35,24,421,666,272,371,363,528,623,64,135,145,531,529,40,124,330,386,443,577,107,128,346,429,503,639,356,435,650,22,148,166,379,567,9,77,242,394,448,580,1,96,119,195,334,521,345,395,446,19,170,416,20,105,141,146,186,633,648,132,158,234,409,437,508,663,65,251,497,636,185,243,246,310,516,586,63,312,3,36,46,164,302,382,532,643,14,321,538,288,578,645,49,58,76,114,144,285,32,69,136,157,263,314,319,332,468,465,504,462,575,634,68,89,103,420,381,475,488,512,160,539,637,102,110,117,120,115,221,273,452,469,483,572,598,596,417,455,479,167,329,265,459,31,57,70,159,173,436,574,557,587,656,56,180,203,27,130,174,268,662,17,11,154,264,442,473,493,509,317,391,525,603,631,647,111,348,426,664,126,233,387,430,593,48,161,196,517,584,651,201,378,383,37,47,172,236,283,431,649,184,225,413,439,638,667,224,377,197,255,267,365,61,270,514,261,369,109,220,361,526,550,604,29,85,108,644,72,147,169,138,271,364,562,139,194,199,290,327,323,367,453,537,658,151,355,558,601,116,163,341,500,613,62,257,665,232,274,307,375,392,543,133,188,441,513,542,600,628,223,339,366,451,540,641,654,6,60,53,351,445,489,214,241,266,368,415,480,535,211,252,404,408,511,620,86,99,168,171,434,563,608,137,143,142,244,297,524,655,458,624,106,87,200,322,569,588,262,518,595,66,208,259,344,25,41,276,422,618,626,640,149,198,349,432,547,91,217,219,311,425,8,81,308,315,333,519,534,384,428,581,291,336,467,506,38,82,127,324,491,659,192,134,390,466,325,331,427,73,177,213,226,247,277,350,502,576,43,278,424,433,523,536,594,652,79,305,104,372,397,34,218,353,396,460,573,615,632,54,92,183,189,412,487,495,67,212,240,380,398,440,559,642,401,501,653,238,207,494,112,235,389,393,374,423,454,496,484,610,614,45,182,179,286,335,549,589,617,18,405,477,490,482,505,554,630,342,471,548,176,209,456,10,78,299,478,560,0,50,359,507,566,155,190,210,227,419,461,612,660,42,287,522,551,668,84,206,284,294,347,376,476,564,83,93,254,338,570,629,33,88,98,178,328,181,472,552,71,289,403,568,2,26,101,275,358,406,553],"type":"read_ok"}}
2024/02/25 18:59:40 Received {n12 n7 {"messages":[675,679,685,684,673,671,682,670,681,669,680,676,687,688,672,683,689,674,677,678,686,706],"msg_id":719,"type":"broadcast"}}
2024/02/25 18:59:40 Sent {"src":"n7","dest":"n12","body":{"in_reply_to":719,"type":"broadcast_ok"}}
2024/02/25 18:59:40 Received {c57 n7 {"type":"broadcast","message":716,"msg_id":56}}
2024/02/25 18:59:40 Sent {"src":"n7","dest":"c57","body":{"in_reply_to":56,"type":"broadcast_ok"}}
2024/02/25 18:59:40 Received {c57 n7 {"type":"broadcast","message":726,"msg_id":57}}
2024/02/25 18:59:40 Sent {"src":"n7","dest":"c57","body":{"in_reply_to":57,"type":"broadcast_ok"}}
2024/02/25 18:59:40 Sent {"src":"n7","dest":"n12","body":{"messages":[716,726],"msg_id":22,"type":"broadcast"}}
2024/02/25 18:59:41 Received {n12 n7 {"messages":[699,698,692,690,702,693,705,700,694,708,703,695,707,696,709,701,704,691,697],"msg_id":739,"type":"broadcast"}}
2024/02/25 18:59:41 Sent {"src":"n7","dest":"n12","body":{"in_reply_to":739,"type":"broadcast_ok"}}
2024/02/25 18:59:41 Received {n12 n7 {"in_reply_to":22,"type":"broadcast_ok"}}
2024/02/25 18:59:41 Received {c57 n7 {"type":"broadcast","message":738,"msg_id":58}}
2024/02/25 18:59:41 Sent {"src":"n7","dest":"c57","body":{"in_reply_to":58,"type":"broadcast_ok"}}
2024/02/25 18:59:41 Sent {"src":"n7","dest":"n12","body":{"messages":[738],"msg_id":23,"type":"broadcast"}}
2024/02/25 18:59:41 Received {n12 n7 {"messages":[723,722,717,713,714,718,728,727,720,711,719,710,712,724,715,725,721,742],"msg_id":766,"type":"broadcast"}}
2024/02/25 18:59:41 Sent {"src":"n7","dest":"n12","body":{"in_reply_to":766,"type":"broadcast_ok"}}
2024/02/25 18:59:41 Received {n12 n7 {"in_reply_to":23,"type":"broadcast_ok"}}
2024/02/25 18:59:41 Received {c57 n7 {"type":"broadcast","message":756,"msg_id":59}}
2024/02/25 18:59:41 Sent {"src":"n7","dest":"c57","body":{"in_reply_to":59,"type":"broadcast_ok"}}
2024/02/25 18:59:41 Received {c57 n7 {"type":"broadcast","message":771,"msg_id":60}}
2024/02/25 18:59:41 Sent {"src":"n7","dest":"c57","body":{"in_reply_to":60,"type":"broadcast_ok"}}
2024/02/25 18:59:41 Sent {"src":"n7","dest":"n12","body":{"messages":[756,771],"msg_id":24,"type":"broadcast"}}
2024/02/25 18:59:42 Received {n12 n7 {"messages":[749,739,732,746,748,735,737,730,744,741,733,734,740,751,731,745,747,729,743,736,750],"msg_id":773,"type":"broadcast"}}
2024/02/25 18:59:42 Sent {"src":"n7","dest":"n12","body":{"in_reply_to":773,"type":"broadcast_ok"}}
2024/02/25 18:59:42 Received {n12 n7 {"in_reply_to":24,"type":"broadcast_ok"}}
2024/02/25 18:59:42 Received {c57 n7 {"type":"read","msg_id":61}}
2024/02/25 18:59:42 Sent {"src":"n7","dest":"c57","body":{"in_reply_to":61,"messages":[727,63,312,46,164,302,382,532,643,3,36,718,538,14,321,645,684,288,578,76,114,144,285,673,49,58,136,157,263,314,319,332,32,69,504,468,465,634,462,575,103,420,381,475,488,512,68,89,677,637,721,160,539,117,120,115,221,273,452,102,110,572,598,596,469,483,479,716,417,455,681,167,329,265,459,70,159,173,436,574,557,31,57,587,656,203,56,180,174,268,662,27,130,154,264,442,473,493,509,17,11,706,525,603,631,647,744,317,391,426,664,111,348,387,430,593,726,126,233,196,517,584,651,688,750,48,161,383,671,683,201,378,172,236,283,431,649,722,37,47,717,413,439,638,667,184,225,224,377,267,365,771,197,255,514,693,61,270,261,369,361,526,550,604,685,694,109,220,108,644,700,29,85,169,672,692,72,147,364,562,138,271,199,290,327,323,367,453,139,194,537,658,558,601,687,151,355,341,500,613,116,163,665,704,62,257,307,375,392,543,232,274,441,513,542,600,628,682,133,188,714,366,451,540,641,654,223,339,53,351,445,489,6,60,266,368,415,480,535,214,241,404,408,511,620,211,252,168,171,434,563,608,86,99,142,244,297,524,655,137,143,712,458,624,200,322,569,588,675,106,87,595,695,736,262,518,259,344,742,730,734,66,208,276,422,618,626,640,679,25,41,748,349,432,547,711,149,198,219,311,425,731,729,91,217,308,315,333,519,534,703,8,81,581,740,384,428,467,506,678,291,336,127,324,491,659,38,82,192,466,134,390,427,325,331,213,226,247,277,350,502,73,177,576,424,433,523,536,594,652,43,278,705,735,79,305,397,670,104,372,353,396,460,573,615,632,34,218,708,183,189,54,92,495,412,487,240,380,398,440,559,642,67,212,686,715,653,401,501,494,699,719,238,207,389,393,374,423,454,496,112,235,614,707,747,484,610,179,286,335,549,589,617,45,182,477,490,482,505,554,630,18,405,674,548,342,471,456,702,176,209,299,478,560,10,78,359,507,566,0,50,210,227,419,461,612,660,155,190,522,551,668,697,42,287,284,294,347,376,476,564,84,206,738,746,254,338,570,629,83,93,98,178,328,33,88,552,181,472,403,568,71,289,101,275,358,406,553,2,26,585,619,616,646,669,153,486,279,354,357,388,411,449,118,193,556,733,122,231,450,464,597,621,21,23,728,447,582,602,710,4,94,202,527,253,248,258,256,296,280,5,113,492,301,304,515,627,724,739,28,125,165,269,592,696,16,74,657,713,131,622,150,90,204,605,30,55,292,407,156,298,295,281,337,709,12,228,373,571,162,229,140,399,51,52,215,249,385,410,545,555,80,123,690,579,689,343,485,541,561,720,309,306,239,320,457,599,44,205,230,237,303,360,530,635,75,152,737,282,316,498,474,661,100,222,187,216,293,318,370,352,95,191,510,625,402,520,546,590,607,340,326,463,533,606,59,438,15,470,400,611,7,313,583,444,544,414,609,97,175,129,300,418,565,13,39,362,499,260,250,481,591,121,245,421,666,756,35,24,363,528,623,272,371,145,531,529,732,741,751,64,135,330,386,443,577,701,749,40,124,743,346,429,503,639,107,128,650,356,435,166,379,567,22,148,242,394,448,580,9,77,119,195,334,521,745,1,96,446,345,395,416,19,170,141,146,186,633,648,725,20,105,234,409,437,508,663,691,132,158,497,636,698,723,65,251,246,310,516,586,680,676,185,243],"type":"read_ok"}}
2024/02/25 18:59:42 Received {c57 n7 {"type":"read","msg_id":62}}
2024/02/25 18:59:42 Sent {"src":"n7","dest":"c57","body":{"in_reply_to":62,"messages":[160,539,637,721,102,110,117,120,115,221,273,452,469,483,572,598,596,417,455,479,716,167,329,681,265,459,31,57,70,159,173,436,574,557,587,656,56,180,203,27,130,174,268,662,17,11,154,264,442,473,493,509,706,317,391,525,603,631,647,744,111,348,426,664,126,233,387,430,593,726,48,161,196,517,584,651,688,750,201,378,383,671,683,37,47,172,236,283,431,649,722,717,184,225,413,439,638,667,224,377,197,255,267,365,771,61,270,514,693,261,369,109,220,361,526,550,604,685,694,29,85,108,644,700,72,147,169,672,692,138,271,364,562,139,194,199,290,327,323,367,453,537,658,151,355,558,601,687,116,163,341,500,613,62,257,665,704,232,274,307,375,392,543,133,188,441,513,542,600,628,682,714,223,339,366,451,540,641,654,6,60,53,351,445,489,214,241,266,368,415,480,535,211,252,404,408,511,620,86,99,168,171,434,563,608,137,143,142,244,297,524,655,458,624,712,106,87,200,322,569,588,675,262,518,595,695,736,66,208,259,344,742,730,734,25,41,276,422,618,626,640,679,748,149,198,349,432,547,711,91,217,219,311,425,731,729,8,81,308,315,333,519,534,703,384,428,581,740,291,336,467,506,678,38,82,127,324,491,659,192,134,390,466,325,331,427,73,177,213,226,247,277,350,502,576,43,278,424,433,523,536,594,652,705,735,79,305,104,372,397,670,34,218,353,396,460,573,615,632,708,54,92,183,189,412,487,495,67,212,240,380,398,440,559,642,686,715,401,501,653,238,207,494,699,719,112,235,389,393,374,423,454,496,484,610,614,707,747,45,182,179,286,335,549,589,617,18,405,477,490,482,505,554,630,674,342,471,548,176,209,456,702,10,78,299,478,560,0,50,359,507,566,155,190,210,227,419,461,612,660,42,287,522,551,668,697,84,206,284,294,347,376,476,564,738,746,83,93,254,338,570,629,33,88,98,178,328,181,472,552,71,289,403,568,2,26,101,275,358,406,553,153,486,585,619,616,646,669,118,193,279,354,357,388,411,449,556,733,21,23,122,231,450,464,597,621,728,4,94,447,582,602,710,202,527,5,113,253,248,258,256,296,280,492,28,125,301,304,515,627,724,739,16,74,165,269,592,696,131,622,657,713,150,30,55,90,204,605,156,298,292,407,12,228,295,281,337,709,162,229,373,571,51,52,140,399,80,123,215,249,385,410,545,555,579,689,690,309,306,343,485,541,561,720,44,205,239,320,457,599,75,152,230,237,303,360,530,635,737,100,222,282,316,498,474,661,95,191,187,216,293,318,370,352,510,625,340,326,402,520,546,590,607,59,438,463,533,606,15,470,7,313,400,611,444,544,583,97,175,414,609,13,39,129,300,418,565,260,250,362,499,121,245,481,591,35,24,421,666,756,272,371,363,528,623,64,135,145,531,529,732,741,751,40,124,330,386,443,577,701,749,743,107,128,346,429,503,639,356,435,650,22,148,166,379,567,9,77,242,394,448,580,1,96,119,195,334,521,745,345,395,446,19,170,416,20,105,141,146,186,633,648,725,132,158,234,409,437,508,663,691,65,251,497,636,698,723,185,243,246,310,516,586,680,676,63,312,727,3,36,46,164,302,382,532,643,718,14,321,538,288,578,645,684,49,58,76,114,144,285,673,32,69,136,157,263,314,319,332,468,465,504,462,575,634,68,89,103,420,381,475,488,512,677],"type":"read_ok"}}
2024/02/25 18:59:42 Received {n12 n7 {"messages":[757,772,752,765,762,754,769,776,770,759,753,767,768,773,766,764,760,775,758,774,761,777,755,763],"msg_id":796,"type":"broadcast"}}
2024/02/25 18:59:42 Sent {"src":"n7","dest":"n12","body":{"in_reply_to":796,"type":"broadcast_ok"}}
2024/02/25 18:59:42 Received {c57 n7 {"type":"broadcast","message":807,"msg_id":63}}
2024/02/25 18:59:42 Sent {"src":"n7","dest":"c57","body":{"in_reply_to":63,"type":"broadcast_ok"}}
2024/02/25 18:59:42 Sent {"src":"n7","dest":"n12","body":{"messages":[807],"msg_id":25,"type":"broadcast"}}
2024/02/25 18:59:43 Received {n12 n7 {"messages":[779,789,786,783,788,781,784,790,792,785,780,793,778,791,787,782,809],"msg_id":829,"type":"broadcast"}}
2024/02/25 18:59:43 Received {c57 n7 {"type":"read","msg_id":64}}
2024/02/25 18:59:43 Sent {"src":"n7","dest":"n12","body":{"in_reply_to":829,"type":"broadcast_ok"}}
2024/02/25 18:59:43 Sent {"src":"n7","dest":"c57","body":{"in_reply_to":64,"messages":[104,372,397,670,761,792,615,632,34,218,353,396,460,573,708,54,92,183,189,412,487,495,762,787,559,642,67,212,240,380,398,440,686,715,753,401,501,653,238,207,494,699,719,454,496,112,235,389,393,374,423,484,610,614,707,747,589,617,45,182,179,286,335,549,554,630,18,405,477,490,482,505,674,766,342,471,548,176,209,456,702,10,78,299,478,560,0,50,359,507,566,612,660,155,190,210,227,419,461,42,287,522,551,668,697,476,564,84,206,284,294,347,376,738,746,83,93,254,338,570,629,33,88,98,178,328,181,472,552,71,289,403,568,553,2,26,101,275,358,406,669,153,486,585,619,616,646,411,449,118,193,279,354,357,388,556,733,755,597,621,21,23,122,231,450,464,728,4,94,447,582,602,710,202,527,785,296,280,5,113,253,248,258,256,492,780,724,739,28,125,301,304,515,627,16,74,165,269,592,696,131,622,657,713,150,770,30,55,90,204,605,791,156,298,292,407,12,228,295,281,337,709,162,229,373,571,51,52,140,399,545,555,80,123,215,249,385,410,579,689,690,720,772,309,306,343,485,541,561,793,44,205,239,320,457,599,530,635,75,152,230,237,303,360,737,661,764,100,222,282,316,498,474,370,352,95,191,187,216,293,318,510,625,607,340,326,402,520,546,590,783,59,438,463,533,606,757,15,470,7,313,400,611,444,544,583,97,175,414,609,13,39,129,300,418,565,260,250,362,499,779,121,245,481,591,35,24,421,666,756,272,371,363,528,623,767,741,751,64,135,145,531,529,732,701,749,40,124,330,386,443,577,743,786,781,807,107,128,346,429,503,639,356,435,650,758,22,148,166,379,567,9,77,242,394,448,580,745,752,1,96,119,195,334,521,345,395,446,769,19,170,416,648,725,20,105,141,146,186,633,663,691,132,158,234,409,437,508,778,65,251,497,636,698,723,680,676,185,243,246,310,516,586,63,312,727,760,532,643,3,36,46,164,302,382,718,14,321,538,288,578,645,684,673,49,58,76,114,144,285,319,332,32,69,136,157,263,314,468,465,504,777,462,575,634,488,512,68,89,103,420,381,475,677,789,160,539,637,721,773,273,452,102,110,117,120,115,221,469,483,572,598,596,417,455,479,716,774,167,329,681,265,459,574,557,31,57,70,159,173,436,587,656,56,180,203,27,130,174,268,662,493,509,17,11,154,264,442,473,706,744,776,317,391,525,603,631,647,775,111,348,426,664,126,233,387,430,593,726,688,750,48,161,196,517,584,651,782,201,378,383,671,683,765,649,722,37,47,172,236,283,431,717,184,225,413,439,638,667,224,377,197,255,267,365,771,809,61,270,514,693,261,369,685,694,109,220,361,526,550,604,29,85,108,644,700,72,147,169,672,692,138,271,364,562,367,453,139,194,199,290,327,323,537,658,768,790,151,355,558,601,687,116,163,341,500,613,62,257,665,704,759,232,274,307,375,392,543,628,682,133,188,441,513,542,600,714,654,784,223,339,366,451,540,641,6,60,53,351,445,489,535,214,241,266,368,415,480,211,252,404,408,511,620,608,86,99,168,171,434,563,655,137,143,142,244,297,524,458,624,712,754,675,106,87,200,322,569,588,262,518,595,695,736,788,734,66,208,259,344,742,730,640,679,25,41,276,422,618,626,748,149,198,349,432,547,711,729,91,217,219,311,425,731,534,703,8,81,308,315,333,519,384,428,581,740,763,291,336,467,506,678,38,82,127,324,491,659,192,134,390,466,325,331,427,350,502,73,177,213,226,247,277,576,594,652,43,278,424,433,523,536,705,735,79,305],"type":"read_ok"}}
2024/02/25 18:59:43 Received {n12 n7 {"in_reply_to":25,"type":"broadcast_ok"}}
2024/02/25 18:59:43 Received {c57 n7 {"type":"broadcast","message":836,"msg_id":65}}
2024/02/25 18:59:43 Sent {"src":"n7","dest":"c57","body":{"in_reply_to":65,"type":"broadcast_ok"}}
2024/02/25 18:59:43 Sent {"src":"n7","dest":"n12","body":{"messages":[836],"msg_id":26,"type":"broadcast"}}
2024/02/25 18:59:43 Received {n12 n7 {"messages":[812,798,811,800,813,805,804,801,815,797,810,795,808,794,803,806,802,796,814,799,822],"msg_id":844,"type":"broadcast"}}
2024/02/25 18:59:43 Received {c57 n7 {"type":"broadcast","message":848,"msg_id":66}}
2024/02/25 18:59:43 Sent {"src":"n7","dest":"n12","body":{"in_reply_to":844,"type":"broadcast_ok"}}
2024/02/25 18:59:43 Sent {"src":"n7","dest":"c57","body":{"in_reply_to":66,"type":"broadcast_ok"}}
2024/02/25 18:59:43 Received {n12 n7 {"in_reply_to":26,"type":"broadcast_ok"}}
2024/02/25 18:59:43 Received {c57 n7 {"type":"read","msg_id":67}}
2024/02/25 18:59:43 Sent {"src":"n7","dest":"c57","body":{"in_reply_to":67,"messages":[107,128,346,429,503,639,807,356,435,650,758,22,148,166,379,567,9,77,242,394,448,580,752,1,96,119,195,334,521,745,345,395,446,769,19,170,416,803,725,20,105,141,146,186,633,648,691,132,158,234,409,437,508,663,778,65,251,497,636,698,723,676,185,243,246,310,516,586,680,63,312,727,760,643,3,36,46,164,302,382,532,718,14,321,538,811,288,578,645,684,802,49,58,76,114,144,285,673,332,32,69,136,157,263,314,319,468,465,504,777,462,575,634,512,68,89,103,420,381,475,488,677,789,160,539,637,721,773,452,102,110,117,120,115,221,273,469,483,572,598,596,417,455,479,716,774,836,167,329,681,265,459,557,31,57,70,159,173,436,574,587,656,56,180,203,27,130,174,268,662,509,17,11,154,264,442,473,493,706,799,776,317,391,525,603,631,647,744,775,111,348,426,664,126,233,387,430,593,726,750,48,161,196,517,584,651,688,782,201,378,383,671,683,765,722,37,47,172,236,283,431,649,717,184,225,413,439,638,667,224,377,197,255,267,365,771,809,61,270,514,693,261,369,813,694,109,220,361,526,550,604,685,806,29,85,108,644,700,812,72,147,169,672,692,138,271,364,562,804,453,139,194,199,290,327,323,367,537,658,768,790,151,355,558,601,687,116,163,341,500,613,815,62,257,665,704,232,274,307,375,392,543,759,682,133,188,441,513,542,600,628,714,784,223,339,366,451,540,641,654,6,60,53,351,445,489,214,241,266,368,415,480,535,211,252,404,408,511,620,86,99,168,171,434,563,608,137,143,142,244,297,524,655,458,624,712,754,106,87,200,322,569,588,675,262,518,595,695,736,788,66,208,259,344,742,730,734,679,25,41,276,422,618,626,640,748,798,149,198,349,432,547,711,91,217,219,311,425,731,729,703,8,81,308,315,333,519,534,384,428,581,740,763,291,336,467,506,678,38,82,127,324,491,659,192,134,390,466,325,331,427,502,73,177,213,226,247,277,350,576,652,43,278,424,433,523,536,594,705,735,79,305,104,372,397,670,761,792,797,632,34,218,353,396,460,573,615,708,822,54,92,183,189,808,412,487,495,762,787,642,67,212,240,380,398,440,559,686,715,753,401,501,653,238,207,494,699,719,496,112,235,389,393,374,423,454,484,610,614,707,747,617,45,182,179,286,335,549,589,795,630,18,405,477,490,482,505,554,674,766,342,471,548,176,209,456,702,10,78,299,478,560,0,50,359,507,566,660,155,190,210,227,419,461,612,42,287,522,551,668,697,794,564,84,206,284,294,347,376,476,738,746,83,93,254,338,570,629,33,88,98,178,328,181,472,552,71,289,403,568,2,26,101,275,358,406,553,153,486,585,619,616,646,669,449,118,193,279,354,357,388,411,556,733,755,621,21,23,122,231,450,464,597,728,4,94,447,582,602,710,202,527,785,280,5,113,253,248,258,256,296,492,780,739,28,125,301,304,515,627,724,16,74,165,269,592,696,131,622,657,713,150,770,30,55,90,204,605,791,156,298,292,407,12,228,295,281,337,709,162,229,373,571,51,52,140,399,555,80,123,215,249,385,410,545,579,689,690,772,309,306,343,485,541,561,720,793,848,44,205,239,320,457,599,805,635,75,152,230,237,303,360,530,737,764,100,222,282,316,498,474,661,352,95,191,187,216,293,318,370,510,625,796,340,326,402,520,546,590,607,59,438,463,533,606,757,783,15,470,7,313,400,611,800,444,544,583,810,97,175,414,609,13,39,129,300,418,565,260,250,362,499,779,121,245,481,591,35,24,421,666,756,801,272,371,363,528,623,767,814,751,64,135,145,531,529,732,741,749,40,124,330,386,443,577,701,743,786,781],"type":"read_ok"}}
2024/02/25 18:59:43 Sent {"src":"n7","dest":"n12","body":{"messages":[848],"msg_id":27,"type":"broadcast"}}
2024/02/25 18:59:44 Received {n12 n7 {"messages":[837,816,830,827,819,834,824,838,823,840,839,826,842,828,843,829,817,831,825,841,821,820,835,818,832,833,863],"msg_id":880,"type":"broadcast"}}
2024/02/25 18:59:44 Sent {"src":"n7","dest":"n12","body":{"in_reply_to":880,"type":"broadcast_ok"}}
2024/02/25 18:59:44 Received {n12 n7 {"in_reply_to":27,"type":"broadcast_ok"}}
2024/02/25 18:59:44 Received {c57 n7 {"type":"read","msg_id":68}}
2024/02/25 18:59:44 Sent {"src":"n7","dest":"c57","body":{"in_reply_to":68,"messages":[621,21,23,122,231,450,728,4,94,582,829,202,527,780,5,253,258,256,296,280,492,825,739,28,301,515,627,724,592,622,770,30,55,90,605,791,407,228,281,337,709,373,816,399,123,215,385,410,545,579,690,343,485,561,239,599,152,230,303,737,100,222,498,842,95,191,216,510,625,340,402,590,607,59,438,463,783,470,313,800,444,544,583,810,97,175,609,13,39,129,418,565,260,362,499,779,121,591,35,24,756,801,623,814,64,135,531,741,124,386,577,701,743,107,429,503,356,650,22,9,394,448,580,752,1,334,521,745,446,840,19,170,416,20,146,186,633,648,158,409,778,65,251,497,185,243,63,727,760,36,46,164,14,321,811,645,802,76,285,673,157,314,319,465,504,777,575,103,475,488,512,677,789,818,160,637,721,452,102,120,221,598,596,455,716,836,167,681,265,459,31,57,70,159,436,56,180,203,27,17,11,154,776,317,631,744,111,348,664,838,233,387,593,750,48,161,196,517,584,651,782,201,378,383,671,832,37,172,236,283,431,649,225,413,439,638,667,377,267,365,61,369,694,109,220,550,685,644,700,812,841,72,147,672,692,827,271,364,562,804,453,199,367,151,558,601,687,163,341,613,815,62,665,232,307,392,543,682,133,188,542,600,628,714,451,641,60,53,351,489,214,241,535,404,171,434,608,137,143,142,297,458,712,87,200,675,695,736,788,208,344,276,422,626,798,547,711,91,219,425,308,333,534,428,581,763,506,82,324,659,192,390,466,843,213,247,277,652,424,433,594,79,824,104,372,761,792,632,218,573,708,54,92,183,189,808,412,495,787,67,212,380,642,686,715,753,401,653,238,207,719,496,389,454,484,747,617,45,182,179,286,589,795,18,674,766,471,548,456,702,10,78,299,50,359,566,155,190,227,42,522,551,668,697,294,347,376,476,83,93,254,338,570,98,181,552,403,568,2,101,275,406,486,585,616,669,449,279,357,388,411,733,755,839,464,597,447,602,710,837,785,113,248,125,304,16,74,165,269,696,131,657,713,830,150,204,817,156,298,292,12,295,162,229,571,51,52,140,555,80,249,689,309,306,541,720,772,793,44,205,320,457,805,848,75,237,360,530,635,282,316,474,661,764,187,293,318,370,352,796,326,520,546,533,606,757,15,7,400,611,821,833,414,300,250,245,481,421,666,272,371,363,528,767,751,145,529,732,749,40,330,443,786,781,128,346,639,807,435,758,148,166,379,567,77,242,96,119,195,345,395,769,803,725,105,141,691,132,234,437,508,663,636,698,723,676,246,310,516,586,680,312,643,3,302,382,532,718,538,288,578,684,49,58,114,144,332,32,69,136,263,468,826,462,634,68,89,420,381,539,773,110,117,115,273,469,483,572,417,479,774,329,819,831,863,557,173,574,587,656,130,174,268,662,509,264,442,473,493,706,799,391,525,603,647,775,426,126,430,726,688,683,765,722,47,717,184,224,197,255,771,809,270,514,693,261,813,361,526,604,806,29,85,108,169,138,139,194,290,327,323,537,658,768,790,355,116,500,257,704,274,375,759,441,513,784,223,339,366,540,654,6,445,823,266,368,415,480,211,252,408,511,620,86,99,168,563,244,524,655,624,754,106,322,569,588,262,518,595,834,835,66,259,742,730,734,679,25,41,618,640,748,149,198,349,432,217,311,731,729,828,703,8,81,315,519,384,740,291,336,467,678,38,127,491,134,325,331,427,502,73,177,226,350,576,43,278,523,536,705,735,305,397,670,797,34,353,396,460,615,822,487,762,240,398,440,559,820,501,494,699,112,235,393,374,423,610,614,707,335,549,630,405,477,490,482,505,554,342,176,209,478,560,0,507,660,210,419,461,612,287,794,564,84,206,284,738,746,629,33,88,178,328,472,71,289,26,358,553,153,619,646,118,193,354,556],"type":"read_ok"}}
2024/02/25 18:59:44 Received {c57 n7 {"type":"read","msg_id":69}}
2024/02/25 18:59:44 Sent {"src":"n7","dest":"c57","body":{"in_reply_to":69,"messages":[231,450,621,21,23,122,728,829,4,94,582,202,527,256,296,280,492,780,5,253,258,825,515,627,724,739,28,301,592,622,770,605,791,30,55,90,407,281,337,709,228,816,373,399,385,410,545,123,215,579,690,343,485,561,239,599,737,152,230,303,842,100,222,498,510,625,95,191,216,607,340,402,590,783,59,438,463,470,313,800,810,444,544,583,97,175,609,418,565,13,39,129,779,260,362,499,121,591,801,35,24,756,623,814,531,741,64,135,386,577,701,124,743,429,503,107,356,650,22,394,448,580,9,334,521,745,752,1,840,446,19,170,416,146,186,633,648,20,409,158,778,65,251,497,185,243,760,63,727,164,36,46,811,14,321,802,645,285,673,76,157,314,319,777,465,504,575,512,677,789,818,103,475,488,721,160,637,120,221,452,102,598,596,716,836,455,167,681,265,459,159,436,31,57,70,56,180,203,27,17,11,154,631,744,776,317,664,838,111,348,593,233,387,517,584,651,750,48,161,196,782,671,832,201,378,383,236,283,431,649,37,172,439,638,667,225,413,377,365,267,61,369,550,685,694,109,220,841,644,700,812,672,692,827,72,147,562,804,271,364,367,453,199,601,687,151,558,613,815,163,341,62,665,392,543,232,307,542,600,628,682,133,188,714,451,641,351,489,60,53,535,214,241,404,171,434,608,297,137,143,142,458,712,675,87,200,695,736,788,344,208,422,626,276,798,547,711,91,219,425,333,534,308,763,428,581,506,324,659,82,192,390,466,843,247,277,213,433,594,652,424,79,824,761,792,104,372,573,632,218,708,189,808,54,92,183,787,412,495,642,686,715,753,67,212,380,401,653,719,238,207,454,496,389,747,484,286,589,617,45,182,179,795,18,674,766,471,548,702,456,10,78,299,566,50,359,227,155,190,551,668,697,42,522,294,347,376,476,338,570,83,93,254,98,181,552,568,403,275,406,2,101,616,669,486,585,357,388,411,449,279,839,733,755,464,597,837,447,602,710,785,113,248,304,125,269,696,16,74,165,713,830,131,657,150,204,817,156,298,292,12,295,571,162,229,51,52,140,249,555,80,689,720,772,793,309,306,541,457,805,848,44,205,320,530,635,75,237,360,661,764,282,316,474,370,352,796,187,293,318,326,520,546,533,606,757,15,7,400,611,821,833,414,300,250,245,481,421,666,528,767,272,371,363,529,732,751,145,443,749,40,330,786,781,639,807,128,346,758,435,379,567,148,166,77,242,195,96,119,769,345,395,803,725,105,141,437,508,663,691,132,234,636,698,723,310,516,586,680,676,246,312,302,382,532,643,3,718,538,684,288,578,114,144,49,58,263,332,32,69,136,826,468,462,634,381,68,89,420,773,539,115,273,110,117,469,483,572,774,417,479,819,329,831,863,173,574,557,587,656,268,662,130,174,264,442,473,493,509,706,799,603,647,391,525,775,426,430,726,126,688,683,765,722,47,717,184,224,771,809,197,255,693,270,514,261,813,526,604,361,806,29,85,108,169,138,290,327,323,139,194,790,537,658,768,355,500,116,704,257,375,759,274,513,441,540,654,784,223,339,366,445,823,6,368,415,480,266,408,511,620,211,252,563,86,99,168,244,524,655,754,624,322,569,588,106,834,835,262,518,595,742,730,734,66,259,618,640,679,25,41,748,432,149,198,349,729,828,217,311,731,315,519,703,8,81,740,384,678,291,336,467,491,38,127,134,325,331,427,226,350,502,73,177,576,523,536,43,278,705,735,305,670,797,397,396,460,615,34,353,822,762,487,559,820,240,398,440,501,699,494,393,374,423,112,235,707,610,614,335,549,490,482,505,554,630,405,477,342,176,209,478,560,507,0,419,461,612,660,210,794,287,564,84,206,284,738,746,629,178,328,33,88,472,71,289,358,553,26,619,646,153,354,118,193,556],"type":"read_ok"}}
2024/02/25 18:59:44 Received {n12 n7 {"messages":[853,861,855,860,850,856,852,849,864,845,857,858,859,846,862,854,847,844,851,871],"msg_id":905,"type":"broadcast"}}
2024/02/25 18:59:44 Sent {"src":"n7","dest":"n12","body":{"in_reply_to":905,"type":"broadcast_ok"}}
2024/02/25 18:59:44 Received {c57 n7 {"type":"read","msg_id":70}}
2024/02/25 18:59:44 Sent {"src":"n7","dest":"c57","body":{"in_reply_to":70,"messages":[239,599,152,230,303,737,100,222,498,842,95,191,216,510,625,340,402,590,607,59,438,463,783,470,313,800,444,544,583,810,97,175,609,13,39,129,418,565,260,362,499,779,121,591,35,24,756,801,623,814,64,135,531,741,124,386,577,701,743,107,429,503,356,650,22,9,394,448,580,1,334,521,745,752,446,840,19,170,416,862,20,146,186,633,648,158,409,778,65,251,497,185,243,63,727,760,36,46,164,14,321,811,645,802,76,285,673,777,157,314,319,465,504,575,789,818,103,475,488,512,677,160,637,721,221,452,102,120,598,596,836,455,716,167,681,265,459,844,436,31,57,70,159,56,180,203,27,17,11,154,317,631,744,776,849,111,348,664,838,233,387,593,651,750,48,161,196,517,584,782,201,378,383,671,832,431,649,37,172,236,283,860,845,225,413,439,638,667,377,267,365,61,369,858,685,694,109,220,550,644,700,812,841,846,72,147,672,692,827,271,364,562,804,367,453,199,151,558,601,687,815,163,341,613,62,665,543,232,307,392,600,628,682,133,188,542,714,641,451,489,60,53,351,214,241,535,404,608,171,434,137,143,142,297,458,712,675,87,200,695,736,788,208,344,626,276,422,798,711,547,91,219,425,534,308,333,428,581,763,506,659,82,324,192,390,466,843,277,213,247,594,652,424,433,79,824,792,104,372,761,218,573,632,708,54,92,183,189,808,412,495,787,715,753,67,212,380,642,686,401,653,238,207,719,454,496,389,484,747,589,617,45,182,179,286,795,18,674,766,471,548,456,702,10,78,299,50,359,566,155,190,227,697,42,522,551,668,376,476,294,347,83,93,254,338,570,98,181,552,403,568,2,101,275,406,859,669,486,585,616,733,755,839,279,357,388,411,449,857,464,597,447,602,710,837,785,113,248,125,304,851,696,16,74,165,269,131,657,713,830,150,204,817,156,298,292,12,295,162,229,571,51,52,140,555,80,249,689,793,309,306,541,720,772,848,44,205,320,457,805,75,237,360,530,635,282,316,474,661,764,796,850,187,293,318,370,352,326,520,546,533,606,757,15,7,400,611,821,833,414,300,250,245,481,421,666,272,371,363,528,767,145,529,732,751,781,40,330,443,749,786,128,346,639,807,435,758,148,166,379,567,855,77,242,96,119,195,345,395,769,803,852,105,141,725,691,847,132,234,437,508,663,636,698,723,676,246,310,516,586,680,312,718,3,302,382,532,643,538,288,578,684,49,58,114,144,468,826,32,69,136,263,332,462,634,68,89,420,381,539,773,273,110,117,115,469,483,572,417,479,774,329,819,831,863,574,557,173,587,656,130,174,268,662,473,493,509,264,442,706,799,391,525,603,647,775,426,726,126,430,688,683,765,722,47,717,184,224,809,197,255,771,270,514,693,261,813,604,361,526,806,29,85,108,169,138,323,139,194,290,327,537,658,768,790,355,854,116,500,257,704,759,274,375,441,513,654,784,223,339,366,540,823,6,445,266,368,415,480,871,620,211,252,408,511,563,86,99,168,524,655,244,624,754,588,106,322,569,262,518,595,834,835,730,734,66,259,742,640,679,25,41,618,748,149,198,349,432,217,311,731,729,828,519,703,8,81,315,384,740,291,336,467,678,38,127,491,134,325,331,427,350,502,73,177,226,576,536,43,278,523,705,735,305,797,397,670,822,861,34,353,396,460,615,487,762,240,398,440,559,820,501,494,699,423,112,235,393,374,610,614,707,549,335,505,554,630,405,477,490,482,342,176,209,478,560,853,0,507,461,612,660,210,419,794,287,564,84,206,284,738,746,629,33,88,178,328,472,71,289,26,358,553,646,153,619,118,193,354,556,621,21,23,122,231,450,728,4,94,582,829,202,527,280,492,780,5,253,258,256,296,825,739,864,28,301,515,627,724,592,622,770,856,30,55,90,605,791,407,709,228,281,337,373,816,399,410,545,123,215,385,579,690,343,485,561],"type":"read_ok"}}
2024/02/25 18:59:45 Received {n12 n7 {"messages":[874,883,868,878,869,879,873,877,866,875,867,876,870,865,872,894],"msg_id":919,"type":"broadcast"}}
2024/02/25 18:59:45 Received {c57 n7 {"type":"read","msg_id":71}}
2024/02/25 18:59:45 Sent {"src":"n7","dest":"n12","body":{"in_reply_to":919,"type":"broadcast_ok"}}
2024/02/25 18:59:45 Sent {"src":"n7","dest":"c57","body":{"in_reply_to":71,"messages":[419,461,612,660,210,794,287,564,84,206,284,738,746,629,178,328,33,88,472,71,289,26,358,553,867,153,619,646,556,878,118,193,354,231,450,621,21,23,122,728,829,4,94,582,202,527,256,296,280,492,780,5,253,258,825,627,724,739,864,28,301,515,592,883,622,770,856,605,791,30,55,90,407,281,337,709,228,816,373,399,385,410,545,123,215,579,690,343,485,561,239,599,737,152,230,303,842,100,222,498,510,625,95,191,216,607,340,402,590,783,59,438,463,470,313,800,810,444,544,583,97,175,609,418,565,13,39,129,779,260,362,499,121,591,801,35,24,756,623,814,741,64,135,531,701,743,124,386,577,107,429,503,356,650,22,580,869,9,394,448,745,752,1,334,521,446,840,862,19,170,416,633,648,20,146,186,158,409,778,65,251,497,185,243,63,727,760,36,46,164,870,14,321,811,645,802,76,285,673,465,504,777,157,314,319,575,512,677,789,818,103,475,488,160,637,721,452,598,596,102,120,221,455,716,836,167,681,265,459,844,159,436,31,57,70,56,180,203,27,17,11,154,776,849,317,631,744,838,111,348,664,233,387,593,517,584,651,750,782,48,161,196,671,832,201,378,383,283,431,649,37,172,236,638,667,860,845,225,413,439,377,267,365,61,369,858,685,694,109,220,550,841,644,700,812,692,827,846,72,147,672,804,271,364,562,199,367,453,687,151,558,601,613,815,163,341,62,665,543,232,307,392,542,600,628,682,133,188,714,451,641,351,489,60,53,214,241,535,404,171,434,608,297,137,143,142,458,712,675,87,200,695,736,788,344,208,422,626,276,798,547,711,91,219,425,333,534,308,763,428,581,506,324,659,82,192,390,466,843,247,277,213,433,594,652,424,79,824,761,792,104,372,708,218,573,632,189,808,54,92,183,787,412,495,642,686,715,753,67,212,380,401,653,719,238,207,454,496,389,747,484,286,589,617,45,182,179,795,18,674,766,471,548,702,456,10,78,299,566,50,359,227,155,190,551,668,697,42,522,294,347,376,476,338,570,83,93,254,98,181,552,568,403,406,859,2,101,275,669,486,585,616,411,449,733,755,839,279,357,388,857,464,597,837,877,447,602,710,785,113,248,125,304,851,269,696,16,74,165,713,830,131,657,150,204,817,868,156,298,292,12,295,571,162,229,51,52,140,249,555,80,689,720,772,793,309,306,541,457,805,848,44,205,320,530,635,75,237,360,661,764,282,316,474,370,352,796,850,187,293,318,326,520,546,533,606,757,15,879,7,400,611,821,833,414,300,894,250,245,481,421,666,876,528,767,272,371,363,751,145,529,732,749,786,781,40,330,443,807,128,346,639,435,758,567,855,872,148,166,379,77,242,96,119,195,345,395,769,803,852,105,141,725,508,663,691,847,132,234,437,636,698,723,586,680,676,246,310,516,312,865,532,643,718,866,3,302,382,538,288,578,684,144,49,58,114,263,332,468,826,32,69,136,462,634,381,68,89,420,539,773,273,469,483,572,110,117,115,417,479,774,329,819,831,863,587,656,173,574,557,662,130,174,268,493,509,706,799,264,442,473,647,775,391,525,603,426,126,430,726,688,683,765,47,722,717,184,224,875,809,197,255,771,270,514,693,261,813,806,361,526,604,29,85,108,169,138,327,323,537,658,768,139,194,290,790,355,854,500,116,704,257,873,274,375,759,513,441,540,654,784,223,339,366,445,823,6,480,871,266,368,415,408,511,620,211,252,563,86,99,168,244,524,655,754,624,322,569,588,106,834,835,262,518,595,742,730,734,66,259,618,640,679,25,41,748,432,149,198,349,729,828,874,217,311,731,315,519,703,8,81,740,384,678,291,336,467,491,38,127,134,325,331,427,226,350,502,73,177,576,523,536,43,278,705,735,305,670,797,397,460,615,822,861,34,353,396,762,487,559,820,240,398,440,501,699,494,393,374,423,112,235,707,610,614,335,549,490,482,505,554,630,405,477,342,176,209,478,560,853,507,0],"type":"read_ok"}}
2024/02/25 18:59:45 Received {n12 n7 {"messages":[898,886,900,885,902,903,896,891,904,892,889,905,888,899,881,884,895,887,897,880,893,890,901,882],"msg_id":956,"type":"broadcast"}}
2024/02/25 18:59:45 Sent {"src":"n7","dest":"n12","body":{"in_reply_to":956,"type":"broadcast_ok"}}
2024/02/25 18:59:46 Received {n12 n7 {"messages":[906],"msg_id":982,"type":"broadcast"}}
2024/02/25 18:59:46 Sent {"src":"n7","dest":"n12","body":{"in_reply_to":982,"type":"broadcast_ok"}}
2024/02/25 18:59:55 Received {c57 n7 {"type":"read","msg_id":72}}
2024/02/25 18:59:55 Sent {"src":"n7","dest":"c57","body":{"in_reply_to":72,"messages":[906,56,180,203,27,17,11,154,776,849,317,631,744,838,111,348,664,233,387,593,517,584,651,750,782,48,161,196,671,832,201,378,383,283,431,649,37,172,236,638,667,860,845,225,413,439,377,267,365,61,369,858,685,694,109,220,550,841,644,700,812,692,827,846,72,147,672,804,271,364,562,199,367,453,687,151,558,601,815,163,341,613,62,665,543,232,307,392,600,628,682,714,133,188,542,451,641,489,60,53,351,214,241,535,404,171,434,608,297,137,143,142,458,712,87,200,675,695,736,788,208,344,798,276,422,626,547,711,91,219,425,308,333,534,428,581,763,506,82,324,659,192,390,466,843,213,247,277,652,424,433,594,79,824,792,104,372,761,708,218,573,632,189,808,54,92,183,412,495,787,642,686,715,753,67,212,380,401,653,238,207,719,454,496,389,747,484,286,589,617,795,889,45,182,179,18,674,766,471,548,456,702,10,78,299,566,50,359,227,155,190,668,697,42,522,551,294,347,376,476,338,570,83,93,254,98,880,181,552,568,403,406,859,2,101,275,669,486,585,616,411,449,733,755,839,279,357,388,857,464,597,837,877,447,602,710,785,113,248,125,304,851,269,696,16,74,165,830,131,657,713,150,204,817,868,156,298,292,12,295,886,571,162,229,51,52,140,249,555,80,689,720,772,793,309,306,541,457,805,848,44,205,320,530,635,75,237,360,661,764,282,316,474,370,352,796,850,892,187,293,318,888,326,520,546,533,606,757,15,879,7,400,611,821,833,414,300,894,250,245,481,421,666,876,528,767,899,272,371,363,751,145,529,732,749,786,781,40,330,443,807,128,346,639,435,758,567,855,872,148,166,379,77,242,96,119,195,345,395,769,803,852,105,141,725,508,663,691,847,132,234,437,636,698,723,586,680,676,246,310,516,312,865,532,643,718,866,3,302,382,538,288,578,684,144,49,58,114,263,332,468,826,32,69,136,462,634,381,68,89,420,539,773,273,469,483,572,110,117,115,417,479,774,329,819,831,863,587,656,882,173,574,557,662,130,174,268,493,509,706,799,264,442,473,647,775,391,525,603,426,126,430,726,688,683,765,47,722,717,184,891,224,875,809,197,255,771,270,514,693,261,813,806,361,526,604,29,85,108,169,138,327,323,537,658,768,139,194,290,790,355,854,897,116,500,257,704,873,274,375,759,441,513,540,654,784,223,339,366,6,445,823,480,871,266,368,415,511,620,211,252,408,563,887,86,99,168,244,524,655,624,754,588,106,322,569,834,835,262,518,595,730,734,66,259,742,640,679,748,25,41,618,432,149,198,349,729,828,874,217,311,731,519,703,8,81,315,384,740,678,291,336,467,38,127,491,134,325,331,427,350,502,576,73,177,226,536,705,735,43,278,523,305,397,670,797,460,615,822,861,34,353,396,487,762,559,820,240,398,440,501,494,699,903,393,374,423,112,235,707,610,614,335,549,490,482,505,554,630,405,477,342,176,209,895,478,560,853,507,0,419,461,612,660,210,287,794,884,564,84,206,284,738,746,629,893,328,33,88,178,472,71,289,26,358,553,867,153,619,646,556,878,118,193,354,231,450,621,21,23,122,728,829,4,94,582,202,527,256,296,280,492,780,5,253,258,825,627,724,739,864,28,301,515,592,883,622,902,770,856,605,791,30,55,90,407,709,228,281,337,816,373,399,385,410,545,123,215,579,690,343,485,561,239,599,898,737,152,230,303,842,100,222,498,510,625,95,191,216,607,340,402,590,783,59,438,463,470,313,800,810,444,544,583,97,175,609,418,565,13,39,129,779,260,362,499,121,591,801,35,24,756,623,814,741,900,885,905,64,135,531,701,743,124,386,577,107,429,503,356,650,901,22,904,890,580,869,9,394,448,745,752,1,334,521,446,840,862,19,170,416,633,648,20,146,186,158,409,778,65,251,497,185,243,63,727,760,36,46,164,870,14,321,811,645,802,76,285,673,465,504,777,157,314,319,575,512,677,789,818,103,475,488,160,637,721,452,598,596,896,102,120,221,455,716,836,167,681,881,265,459,844,159,436,31,57,70],"type":"read_ok"}}
