2024/02/25 18:59:24 Received {c1 n8 {"type":"init","node_id":"n8","node_ids":["n0","n1","n2","n3","n4","n5","n6","n7","n8","n9","n10","n11","n12","n13","n14","n15","n16","n17","n18","n19","n20","n21","n22","n23","n24"],"msg_id":1}}
2024/02/25 18:59:24 Node n8 initialized
2024/02/25 18:59:24 Sent {"src":"n8","dest":"c1","body":{"in_reply_to":1,"type":"init_ok"}}
2024/02/25 18:59:25 Received {c33 n8 {"type":"topology","topology":{"n2":["n7","n3","n1"],"n21":["n16","n22","n20"],"n23":["n18","n24","n22"],"n5":["n10","n0","n6"],"n8":["n13","n3","n9","n7"],"n6":["n11","n1","n7","n5"],"n19":["n24","n14","n18"],"n14":["n19","n9","n13"],"n17":["n22","n12","n18","n16"],"n1":["n6","n2","n0"],"n24":["n19","n23"],"n4":["n9","n3"],"n0":["n5","n1"],"n18":["n23","n13","n19","n17"],"n9":["n14","n4","n8"],"n10":["n15","n5","n11"],"n22":["n17","n23","n21"],"n15":["n20","n10","n16"],"n13":["n18","n8","n14","n12"],"n3":["n8","n4","n2"],"n12":["n17","n7","n13","n11"],"n11":["n16","n6","n12","n10"],"n16":["n21","n11","n17","n15"],"n7":["n12","n2","n8","n6"],"n20":["n15","n21"]},"msg_id":1}}
2024/02/25 18:59:25 Sent {"src":"n8","dest":"c33","body":{"in_reply_to":1,"type":"topology_ok"}}
2024/02/25 18:59:25 Received {c58 n8 {"type":"broadcast","message":3,"msg_id":1}}
2024/02/25 18:59:25 Sent {"src":"n8","dest":"c58","body":{"in_reply_to":1,"type":"broadcast_ok"}}
2024/02/25 18:59:25 Received {c58 n8 {"type":"broadcast","message":16,"msg_id":2}}
2024/02/25 18:59:25 Sent {"src":"n8","dest":"c58","body":{"in_reply_to":2,"type":"broadcast_ok"}}
2024/02/25 18:59:25 Sent {"src":"n8","dest":"n12","body":{"messages":[3,16],"msg_id":1,"type":"broadcast"}}
2024/02/25 18:59:25 Received {n12 n8 {"in_reply_to":1,"type":"broadcast_ok"}}
2024/02/25 18:59:25 Received {c58 n8 {"type":"read","msg_id":3}}
2024/02/25 18:59:25 Sent {"src":"n8","dest":"c58","body":{"in_reply_to":3,"messages":[16,3],"type":"read_ok"}}
2024/02/25 18:59:26 Received {n12 n8 {"messages":[9,20,2,15,7,14,17,4,18,10,19,5,0,11,12,8,6,13,1,39],"msg_id":8,"type":"broadcast"}}
2024/02/25 18:59:26 Received {c58 n8 {"type":"broadcast","message":51,"msg_id":4}}
2024/02/25 18:59:26 Sent {"src":"n8","dest":"n12","body":{"in_reply_to":8,"type":"broadcast_ok"}}
2024/02/25 18:59:26 Sent {"src":"n8","dest":"c58","body":{"in_reply_to":4,"type":"broadcast_ok"}}
2024/02/25 18:59:26 Received {c58 n8 {"type":"broadcast","message":62,"msg_id":5}}
2024/02/25 18:59:26 Sent {"src":"n8","dest":"c58","body":{"in_reply_to":5,"type":"broadcast_ok"}}
2024/02/25 18:59:26 Sent {"src":"n8","dest":"n12","body":{"messages":[51,62],"msg_id":2,"type":"broadcast"}}
2024/02/25 18:59:26 Received {c58 n8 {"type":"broadcast","message":74,"msg_id":6}}
2024/02/25 18:59:26 Sent {"src":"n8","dest":"c58","body":{"in_reply_to":6,"type":"broadcast_ok"}}
2024/02/25 18:59:26 Received {n12 n8 {"messages":[35,27,45,24,32,43,31,37,30,48,36,28,29,46,21,38,22,23,40,25,42,33,26,41,44,47,34,64],"msg_id":48,"type":"broadcast"}}
2024/02/25 18:59:26 Sent {"src":"n8","dest":"n12","body":{"in_reply_to":48,"type":"broadcast_ok"}}
2024/02/25 18:59:26 Received {n12 n8 {"in_reply_to":2,"type":"broadcast_ok"}}
2024/02/25 18:59:26 Received {c58 n8 {"type":"read","msg_id":7}}
2024/02/25 18:59:26 Sent {"src":"n8","dest":"c58","body":{"in_reply_to":7,"messages":[14,35,27,0,40,47,41,7,4,18,6,42,45,29,11,26,36,34,2,12,74,30,46,28,13,38,3,39,43,19,64,32,21,8,25,33,9,5,22,20,23,15,51,31,44,24,48,62,37,16,17,10,1],"type":"read_ok"}}
2024/02/25 18:59:26 Sent {"src":"n8","dest":"n12","body":{"messages":[74],"msg_id":3,"type":"broadcast"}}
2024/02/25 18:59:27 Received {n12 n8 {"messages":[55,67,50,61,73,75,56,60,72,57,68,59,69,52,65,49,63,70,53,58,54,66,71],"msg_id":58,"type":"broadcast"}}
2024/02/25 18:59:27 Received {c58 n8 {"type":"read","msg_id":8}}
2024/02/25 18:59:27 Sent {"src":"n8","dest":"n12","body":{"in_reply_to":58,"type":"broadcast_ok"}}
2024/02/25 18:59:27 Sent {"src":"n8","dest":"c58","body":{"in_reply_to":8,"messages":[5,22,25,33,60,72,63,9,23,69,54,66,20,51,31,55,15,48,44,24,17,10,1,62,37,73,16,35,27,50,61,65,14,40,47,0,4,18,6,41,75,49,7,29,42,53,58,71,45,26,67,11,12,36,34,56,2,30,46,59,70,74,28,38,57,13,39,43,68,52,3,64,19,32,21,8],"type":"read_ok"}}
2024/02/25 18:59:27 Received {n12 n8 {"in_reply_to":3,"type":"broadcast_ok"}}
2024/02/25 18:59:27 Received {c58 n8 {"type":"read","msg_id":9}}
2024/02/25 18:59:27 Sent {"src":"n8","dest":"c58","body":{"in_reply_to":9,"messages":[0,40,47,49,7,4,18,6,41,75,45,29,42,53,58,71,11,26,67,2,12,36,34,56,74,30,46,59,70,13,28,38,57,3,39,43,68,52,19,64,8,32,21,72,63,9,5,22,25,33,60,20,23,69,54,66,15,51,31,55,24,48,44,73,16,17,10,1,62,37,14,35,27,50,61,65],"type":"read_ok"}}
2024/02/25 18:59:27 Received {n12 n8 {"messages":[88,78,79,87,81,90,83,92,86,76,85,89,91,84,80,77,82,109],"msg_id":94,"type":"broadcast"}}
2024/02/25 18:59:27 Sent {"src":"n8","dest":"n12","body":{"in_reply_to":94,"type":"broadcast_ok"}}
2024/02/25 18:59:27 Received {c58 n8 {"type":"read","msg_id":10}}
2024/02/25 18:59:27 Sent {"src":"n8","dest":"c58","body":{"in_reply_to":10,"messages":[2,12,36,34,56,76,74,30,46,59,70,13,28,38,57,82,85,77,3,39,43,68,52,90,19,64,89,8,32,21,88,83,72,63,9,5,22,25,33,60,20,23,69,54,66,79,15,51,31,55,78,109,24,48,44,73,16,17,10,1,62,37,87,14,35,27,50,61,65,0,40,47,81,91,49,86,7,4,18,6,41,75,92,45,29,42,53,58,71,11,26,67,84,80],"type":"read_ok"}}
2024/02/25 18:59:27 Received {c58 n8 {"type":"read","msg_id":11}}
2024/02/25 18:59:27 Sent {"src":"n8","dest":"c58","body":{"in_reply_to":11,"messages":[79,20,23,69,54,66,109,15,51,31,55,78,24,48,44,37,73,16,17,10,1,62,65,87,14,35,27,50,61,0,40,47,81,91,75,49,86,7,4,18,6,41,71,92,45,29,42,53,58,11,26,67,84,80,76,2,12,36,34,56,74,30,46,59,70,13,28,38,57,82,90,85,77,3,39,43,68,52,19,64,89,8,32,21,88,83,60,72,63,9,5,22,25,33],"type":"read_ok"}}
2024/02/25 18:59:28 Received {n12 n8 {"messages":[106,112,100,111,101,93,104,95,107,94,105,98,102,96,108,103,110,97,99,122,136],"msg_id":104,"type":"broadcast"}}
2024/02/25 18:59:28 Sent {"src":"n8","dest":"n12","body":{"in_reply_to":104,"type":"broadcast_ok"}}
2024/02/25 18:59:28 Received {c58 n8 {"type":"read","msg_id":12}}
2024/02/25 18:59:28 Sent {"src":"n8","dest":"c58","body":{"in_reply_to":12,"messages":[48,24,1,62,73,10,50,61,87,107,122,14,47,40,18,75,49,108,4,29,42,53,71,112,45,80,111,67,36,56,76,106,96,2,30,57,82,102,28,39,68,103,3,89,64,110,8,33,60,72,63,9,54,98,31,99,44,17,37,94,16,27,65,35,81,91,95,97,0,6,41,86,7,92,136,58,26,84,100,11,34,12,46,59,70,74,38,101,93,13,52,90,85,77,105,43,19,21,88,83,32,22,25,104,5,23,69,66,79,20,51,55,78,109,15],"type":"read_ok"}}
2024/02/25 18:59:28 Received {n12 n8 {"messages":[126,114,133,127,117,118,132,120,134,130,116,131,125,121,135,119,123,137,115,129,113,128,124,145],"msg_id":122,"type":"broadcast"}}
2024/02/25 18:59:28 Received {c58 n8 {"type":"read","msg_id":13}}
2024/02/25 18:59:28 Sent {"src":"n8","dest":"n12","body":{"in_reply_to":122,"type":"broadcast_ok"}}
2024/02/25 18:59:28 Sent {"src":"n8","dest":"c58","body":{"in_reply_to":13,"messages":[35,27,65,127,121,137,0,81,91,95,97,125,113,7,6,41,86,58,92,136,11,26,84,100,130,12,34,133,116,145,74,46,59,70,120,13,38,101,93,134,43,52,90,85,77,105,19,32,21,88,83,5,22,25,104,129,128,20,23,69,66,79,135,132,15,51,55,78,109,117,24,48,115,10,1,62,73,14,50,61,87,107,122,40,47,126,119,4,18,75,49,108,124,131,45,29,42,53,71,112,67,80,111,2,36,56,76,106,96,30,28,57,82,102,3,39,68,103,123,64,89,118,8,110,114,9,33,60,72,63,54,31,98,44,99,16,17,37,94],"type":"read_ok"}}
2024/02/25 18:59:28 Received {c58 n8 {"type":"broadcast","message":168,"msg_id":14}}
2024/02/25 18:59:28 Sent {"src":"n8","dest":"c58","body":{"in_reply_to":14,"type":"broadcast_ok"}}
2024/02/25 18:59:28 Sent {"src":"n8","dest":"n12","body":{"messages":[168],"msg_id":4,"type":"broadcast"}}
2024/02/25 18:59:29 Received {n12 n8 {"messages":[143,140,151,158,138,149,154,142,141,152,153,147,146,148,144,155,139,150],"msg_id":163,"type":"broadcast"}}
2024/02/25 18:59:29 Received {c58 n8 {"type":"read","msg_id":15}}
2024/02/25 18:59:29 Sent {"src":"n8","dest":"n12","body":{"in_reply_to":163,"type":"broadcast_ok"}}
2024/02/25 18:59:29 Sent {"src":"n8","dest":"c58","body":{"in_reply_to":15,"messages":[24,48,115,155,10,1,62,73,14,50,61,87,107,122,40,47,126,119,149,4,18,75,49,108,124,131,45,29,42,53,71,112,67,80,111,168,154,2,36,56,76,106,96,30,28,57,82,102,3,39,68,103,123,138,64,89,118,8,110,114,153,9,33,60,72,63,54,31,98,44,99,146,16,17,37,94,152,35,27,65,127,121,137,0,81,91,95,97,125,113,139,150,7,6,41,86,143,158,58,92,136,141,11,26,84,100,130,12,34,133,116,145,74,46,59,70,120,13,38,101,93,134,151,140,43,52,90,85,77,105,19,147,32,21,88,83,142,148,144,5,22,25,104,129,128,20,23,69,66,79,135,132,15,51,55,78,109,117],"type":"read_ok"}}
2024/02/25 18:59:29 Received {n12 n8 {"in_reply_to":4,"type":"broadcast_ok"}}
2024/02/25 18:59:29 Received {c58 n8 {"type":"read","msg_id":16}}
2024/02/25 18:59:29 Sent {"src":"n8","dest":"c58","body":{"in_reply_to":16,"messages":[104,129,128,148,144,5,22,25,66,79,135,20,23,69,78,109,117,132,15,51,55,155,24,48,115,73,10,1,62,87,107,122,14,50,61,119,149,40,47,126,49,108,124,4,18,75,53,71,112,131,45,29,42,67,80,111,76,106,96,168,154,2,36,56,30,102,28,57,82,103,123,138,3,39,68,64,89,118,153,8,110,114,72,63,9,33,60,54,31,98,44,99,146,94,152,16,17,37,127,35,27,65,95,97,125,121,137,0,81,91,113,139,150,86,143,158,7,6,41,141,58,92,136,100,130,11,26,84,116,145,12,34,133,70,120,74,46,59,93,134,151,13,38,101,85,77,105,140,43,52,90,19,147,83,142,32,21,88],"type":"read_ok"}}
2024/02/25 18:59:29 Received {n12 n8 {"messages":[156,172,166,175,157,169,160,159,163,177,170,164,165,161,176,167,174,171,162,173,197],"msg_id":176,"type":"broadcast"}}
2024/02/25 18:59:29 Sent {"src":"n8","dest":"n12","body":{"in_reply_to":176,"type":"broadcast_ok"}}
2024/02/25 18:59:29 Received {c58 n8 {"type":"read","msg_id":17}}
2024/02/25 18:59:29 Sent {"src":"n8","dest":"c58","body":{"in_reply_to":17,"messages":[71,112,131,45,29,42,53,67,80,111,106,96,168,154,2,36,56,76,156,30,167,28,57,82,102,123,138,164,3,39,68,103,64,89,118,172,8,110,114,153,63,163,9,33,60,72,54,177,31,98,165,176,44,99,146,170,152,16,17,37,94,35,27,65,127,97,125,121,137,0,81,91,95,113,139,150,143,158,166,7,6,41,86,58,92,136,141,130,11,26,84,100,145,171,197,12,34,133,116,120,74,46,59,70,134,151,173,13,38,101,93,77,105,140,169,43,52,90,85,19,147,175,162,142,32,21,88,83,129,128,148,144,5,22,25,104,157,159,79,135,161,20,23,69,66,109,117,132,15,51,55,78,24,48,115,155,10,1,62,73,107,122,14,50,61,87,149,40,47,126,119,108,124,160,174,4,18,75,49],"type":"read_ok"}}
2024/02/25 18:59:30 Received {n12 n8 {"messages":[186,180,182,195,179,183,178,192,190,191,185,189,193,181,194,188,187,184,196,208],"msg_id":211,"type":"broadcast"}}
2024/02/25 18:59:30 Received {c58 n8 {"type":"broadcast","message":221,"msg_id":18}}
2024/02/25 18:59:30 Sent {"src":"n8","dest":"n12","body":{"in_reply_to":211,"type":"broadcast_ok"}}
2024/02/25 18:59:30 Sent {"src":"n8","dest":"c58","body":{"in_reply_to":18,"type":"broadcast_ok"}}
2024/02/25 18:59:30 Received {c58 n8 {"type":"broadcast","message":239,"msg_id":19}}
2024/02/25 18:59:30 Sent {"src":"n8","dest":"c58","body":{"in_reply_to":19,"type":"broadcast_ok"}}
2024/02/25 18:59:30 Sent {"src":"n8","dest":"n12","body":{"messages":[221,239],"msg_id":5,"type":"broadcast"}}
2024/02/25 18:59:30 Received {n12 n8 {"messages":[212,223,201,214,204,215,209,205,216,206,198,210,203,207,199,211,200,202,213,242],"msg_id":225,"type":"broadcast"}}
2024/02/25 18:59:30 Sent {"src":"n8","dest":"n12","body":{"in_reply_to":225,"type":"broadcast_ok"}}
2024/02/25 18:59:30 Received {n12 n8 {"in_reply_to":5,"type":"broadcast_ok"}}
2024/02/25 18:59:30 Received {c58 n8 {"type":"read","msg_id":20}}
2024/02/25 18:59:30 Sent {"src":"n8","dest":"c58","body":{"in_reply_to":20,"messages":[29,42,131,191,214,199,56,154,156,30,102,167,28,82,198,3,39,103,206,153,181,8,72,163,215,31,98,44,165,216,17,37,208,65,97,81,91,150,143,158,7,6,58,136,141,11,190,213,116,145,197,12,34,70,59,93,134,151,38,169,52,85,77,19,188,203,21,88,148,144,159,22,104,128,79,161,20,23,69,132,15,51,109,155,73,61,107,122,47,126,221,212,4,18,160,112,45,53,71,182,67,80,111,106,96,168,2,36,76,180,57,164,68,123,138,64,89,118,172,189,110,114,63,9,33,60,54,177,186,176,207,242,99,146,170,195,185,211,16,94,152,127,35,27,95,125,121,137,0,113,139,86,166,41,202,92,192,200,130,179,187,26,84,100,171,133,120,74,46,173,13,101,140,194,43,90,105,204,147,175,162,32,83,142,157,193,239,201,210,5,25,129,205,66,135,178,55,78,117,24,48,115,184,10,1,62,14,50,87,223,40,119,149,124,174,183,196,209,75,49,108],"type":"read_ok"}}
2024/02/25 18:59:30 Received {c58 n8 {"type":"broadcast","message":260,"msg_id":21}}
2024/02/25 18:59:30 Sent {"src":"n8","dest":"c58","body":{"in_reply_to":21,"type":"broadcast_ok"}}
2024/02/25 18:59:30 Sent {"src":"n8","dest":"n12","body":{"messages":[260],"msg_id":6,"type":"broadcast"}}
2024/02/25 18:59:31 Received {n12 n8 {"messages":[230,232,227,229,236,217,237,220,238,235,240,241,228,245,234,222,225,244,224,243,218,231,233,219,226],"msg_id":254,"type":"broadcast"}}
2024/02/25 18:59:31 Sent {"src":"n8","dest":"n12","body":{"in_reply_to":254,"type":"broadcast_ok"}}
2024/02/25 18:59:31 Received {n12 n8 {"in_reply_to":6,"type":"broadcast_ok"}}
2024/02/25 18:59:31 Received {c58 n8 {"type":"read","msg_id":22}}
2024/02/25 18:59:31 Sent {"src":"n8","dest":"c58","body":{"in_reply_to":22,"messages":[235,222,57,180,138,164,231,68,123,118,64,89,172,189,244,110,114,60,63,9,33,186,229,54,177,217,170,176,207,242,99,146,152,195,185,211,16,94,127,35,27,125,121,137,113,139,0,95,166,236,41,86,200,202,92,192,100,130,179,187,220,26,84,133,171,120,227,74,46,173,13,101,105,140,194,43,90,162,204,147,175,142,32,83,129,157,193,239,201,210,5,25,230,178,205,260,233,66,135,117,228,55,78,115,24,48,62,184,10,1,87,14,50,149,223,40,119,108,124,174,183,196,209,75,49,234,131,29,42,156,191,214,199,225,56,154,30,102,167,28,82,103,198,224,3,39,206,181,8,153,72,163,215,237,241,31,98,216,44,165,208,240,17,37,65,97,150,81,91,143,158,7,6,141,58,136,213,245,11,190,116,145,197,12,34,59,70,134,151,243,218,38,93,77,169,52,85,203,19,188,21,88,128,148,144,159,238,22,104,69,79,161,20,23,109,132,15,51,155,73,232,122,61,107,47,126,160,221,212,219,226,4,18,71,112,45,53,111,182,67,80,76,106,96,168,2,36],"type":"read_ok"}}
2024/02/25 18:59:31 Received {n12 n8 {"messages":[255,262,253,247,257,246,250,249,259,254,251,248,258,252,256],"msg_id":279,"type":"broadcast"}}
2024/02/25 18:59:31 Received {c58 n8 {"type":"read","msg_id":23}}
2024/02/25 18:59:31 Sent {"src":"n8","dest":"n12","body":{"in_reply_to":279,"type":"broadcast_ok"}}
2024/02/25 18:59:31 Sent {"src":"n8","dest":"c58","body":{"in_reply_to":23,"messages":[30,28,82,102,167,224,3,39,103,198,206,8,153,181,72,163,215,250,247,31,98,237,241,44,165,216,17,37,208,240,65,248,81,91,97,150,7,6,143,158,58,136,141,252,11,190,213,245,197,12,34,116,145,59,70,243,218,38,93,134,151,52,85,77,169,19,188,203,254,21,88,257,258,144,159,238,22,104,128,148,161,20,23,69,79,15,51,109,132,155,73,232,61,107,122,47,126,212,219,226,4,18,160,221,45,53,71,112,67,80,111,182,96,168,2,36,76,106,262,251,57,180,235,222,231,68,123,138,164,64,89,118,253,244,110,114,172,189,9,33,60,63,54,177,186,229,217,246,249,259,207,242,99,146,170,176,185,211,16,94,152,195,35,27,127,137,113,139,0,95,125,121,41,86,166,236,92,192,200,202,179,187,220,26,84,100,130,133,171,255,74,46,120,227,13,101,173,194,43,90,105,140,147,175,162,204,32,83,142,193,239,201,210,5,25,129,157,230,260,233,66,135,178,205,55,78,117,228,24,48,115,10,1,62,184,14,50,87,40,119,149,223,174,183,196,209,75,49,108,124,234,29,42,131,256,214,199,225,56,154,156,191],"type":"read_ok"}}
2024/02/25 18:59:31 Received {c58 n8 {"type":"read","msg_id":24}}
2024/02/25 18:59:31 Sent {"src":"n8","dest":"c58","body":{"in_reply_to":24,"messages":[83,142,32,25,129,157,193,239,201,210,5,230,135,178,205,260,233,66,78,117,228,55,48,115,24,1,62,184,10,50,87,14,119,149,223,40,49,108,124,174,183,196,209,75,234,42,131,256,29,154,156,191,214,199,225,56,30,82,102,167,28,39,103,198,224,3,206,153,181,8,163,72,250,215,98,237,241,247,31,165,216,44,37,208,240,17,248,65,91,97,150,81,6,143,158,7,136,141,252,58,190,213,245,11,34,116,145,197,12,70,59,93,134,151,243,218,38,85,77,169,52,188,203,254,19,88,257,258,21,104,128,148,144,159,238,22,23,69,79,161,20,51,109,132,15,155,232,73,107,122,61,126,47,18,160,221,212,219,226,4,53,71,112,45,80,111,182,67,36,76,106,96,168,2,262,180,235,222,251,57,123,138,164,231,68,89,118,253,64,114,172,189,244,110,33,60,63,9,177,186,229,54,246,249,259,217,146,170,176,207,242,99,94,152,195,185,211,16,27,127,35,95,125,121,137,113,139,0,86,166,236,41,192,200,202,92,84,100,130,179,187,220,26,171,255,133,46,120,227,74,101,173,13,90,105,140,194,43,175,162,204,147],"type":"read_ok"}}
2024/02/25 18:59:32 Received {n12 n8 {"messages":[266,271,268,278,272,273,267,270,280,276,263,261,274,269,265,277,264,275,279,289,300],"msg_id":301,"type":"broadcast"}}
2024/02/25 18:59:32 Sent {"src":"n8","dest":"n12","body":{"in_reply_to":301,"type":"broadcast_ok"}}
2024/02/25 18:59:32 Received {c58 n8 {"type":"read","msg_id":25}}
2024/02/25 18:59:32 Sent {"src":"n8","dest":"c58","body":{"in_reply_to":25,"messages":[65,248,81,91,97,150,264,7,6,143,158,278,280,58,136,141,252,273,11,190,213,245,12,34,116,145,197,59,70,38,93,134,151,243,218,52,85,77,169,19,188,203,254,21,88,257,258,269,22,104,128,148,144,159,238,20,23,69,79,161,15,51,109,132,155,73,232,61,107,122,47,126,263,4,18,160,221,212,219,226,45,53,71,112,275,67,80,111,182,2,36,76,106,96,168,262,300,57,180,235,222,251,68,123,138,164,231,64,89,118,253,110,114,172,189,244,9,33,60,63,54,177,186,229,276,217,246,249,259,99,146,170,176,207,242,16,94,152,195,185,211,35,27,127,277,0,95,125,121,137,113,139,41,86,166,236,92,192,200,202,26,84,100,130,179,187,220,133,171,255,74,46,120,227,13,101,173,43,90,105,140,194,267,147,175,162,204,265,289,32,83,142,271,210,5,25,129,157,193,239,201,230,272,66,135,178,205,260,233,55,78,117,228,268,261,24,48,115,10,1,62,184,14,50,87,40,119,149,223,209,75,49,108,124,174,183,196,234,279,29,42,131,256,56,154,156,191,214,199,225,30,28,82,102,167,3,39,103,198,224,206,266,8,153,181,72,163,215,250,31,98,237,241,247,270,274,44,165,216,17,37,208,240],"type":"read_ok"}}
2024/02/25 18:59:32 Received {c58 n8 {"type":"broadcast","message":326,"msg_id":26}}
2024/02/25 18:59:32 Sent {"src":"n8","dest":"c58","body":{"in_reply_to":26,"type":"broadcast_ok"}}
2024/02/25 18:59:32 Sent {"src":"n8","dest":"n12","body":{"messages":[326],"msg_id":7,"type":"broadcast"}}
2024/02/25 18:59:32 Received {n12 n8 {"messages":[302,293,291,286,296,284,295,297,283,301,290,288,299,287,298,282,281,294,285,292,314,328],"msg_id":330,"type":"broadcast"}}
2024/02/25 18:59:32 Sent {"src":"n8","dest":"n12","body":{"in_reply_to":330,"type":"broadcast_ok"}}
2024/02/25 18:59:32 Received {n12 n8 {"in_reply_to":7,"type":"broadcast_ok"}}
2024/02/25 18:59:32 Received {c58 n8 {"type":"broadcast","message":341,"msg_id":27}}
2024/02/25 18:59:32 Sent {"src":"n8","dest":"c58","body":{"in_reply_to":27,"type":"broadcast_ok"}}
2024/02/25 18:59:32 Sent {"src":"n8","dest":"n12","body":{"messages":[341],"msg_id":8,"type":"broadcast"}}
2024/02/25 18:59:33 Received {n12 n8 {"messages":[303,316,305,325,309,308,322,321,307,319,312,327,313,329,311,324,317,320,318,306,310,323,315,304,344],"msg_id":358,"type":"broadcast"}}
2024/02/25 18:59:33 Received {c58 n8 {"type":"read","msg_id":28}}
2024/02/25 18:59:33 Sent {"src":"n8","dest":"n12","body":{"in_reply_to":358,"type":"broadcast_ok"}}
2024/02/25 18:59:33 Sent {"src":"n8","dest":"c58","body":{"in_reply_to":28,"messages":[87,302,14,50,149,223,326,40,119,108,124,174,183,196,209,75,49,234,279,131,256,29,42,156,191,214,199,225,56,154,30,304,102,167,28,82,103,198,224,287,3,39,295,325,206,266,181,286,341,324,8,153,72,163,298,321,306,215,250,237,241,247,270,274,320,31,98,216,44,165,208,240,17,37,327,65,248,97,150,264,305,81,91,143,158,278,280,7,6,141,252,273,322,58,136,213,245,11,190,116,145,197,328,315,12,34,59,70,134,151,243,218,38,93,77,169,297,52,85,203,254,19,188,257,258,269,308,319,21,88,128,148,144,159,238,291,22,104,69,79,161,20,23,109,132,296,329,15,51,155,307,73,232,122,61,107,281,47,126,160,221,212,219,226,263,4,18,311,344,71,112,275,309,45,53,111,182,303,67,80,76,106,96,168,299,2,36,262,300,235,222,251,283,288,310,57,180,138,164,231,290,292,68,123,118,253,282,64,89,172,189,244,110,114,60,63,9,33,186,229,276,294,54,177,249,259,217,246,170,176,207,242,316,99,146,152,195,185,211,285,16,94,127,35,27,125,121,137,113,139,277,0,95,293,166,236,41,86,200,202,284,317,92,192,100,130,179,187,220,318,26,84,255,133,171,120,227,74,46,173,13,101,105,140,194,267,43,90,162,204,265,289,147,175,142,271,32,83,129,157,193,239,201,210,5,25,301,230,272,178,205,260,233,314,323,66,135,117,228,268,261,312,55,78,115,313,24,48,62,184,10,1],"type":"read_ok"}}
2024/02/25 18:59:33 Received {n12 n8 {"in_reply_to":8,"type":"broadcast_ok"}}
2024/02/25 18:59:33 Received {c58 n8 {"type":"read","msg_id":29}}
2024/02/25 18:59:33 Sent {"src":"n8","dest":"c58","body":{"in_reply_to":29,"messages":[133,171,255,74,46,120,227,13,101,173,267,43,90,105,140,194,289,147,175,162,204,265,32,83,142,271,239,201,210,5,25,129,157,193,230,272,301,233,314,323,66,135,178,205,260,261,312,55,78,117,228,268,24,48,115,313,10,1,62,184,14,50,87,302,40,119,149,223,326,183,196,209,75,49,108,124,174,234,279,29,42,131,256,199,225,56,154,156,191,214,30,304,28,82,102,167,287,3,39,103,198,224,206,266,295,325,324,8,153,181,286,341,72,163,215,250,298,321,306,270,274,320,31,98,237,241,247,44,165,216,17,37,208,240,65,248,327,305,81,91,97,150,264,280,7,6,143,158,278,322,58,136,141,252,273,11,190,213,245,328,315,12,34,116,145,197,59,70,218,38,93,134,151,243,52,85,77,169,297,19,188,203,254,308,319,21,88,257,258,269,159,238,291,22,104,128,148,144,20,23,69,79,161,329,15,51,109,132,296,155,73,232,307,61,107,122,47,126,281,219,226,263,4,18,160,221,212,311,344,309,45,53,71,112,275,67,80,111,182,303,168,299,2,36,76,106,96,262,300,283,288,310,57,180,235,222,251,290,292,68,123,138,164,231,64,89,118,253,282,110,114,172,189,244,9,33,60,63,294,54,177,186,229,276,217,246,249,259,242,316,99,146,170,176,207,211,285,16,94,152,195,185,35,27,127,113,139,277,0,95,125,121,137,293,41,86,166,236,317,92,192,200,202,284,187,220,318,26,84,100,130,179],"type":"read_ok"}}
2024/02/25 18:59:33 Received {n12 n8 {"messages":[332,331,348,330,337,340,349,336,334,342,346,345,347,335,351,339,333,350,338,343,356],"msg_id":364,"type":"broadcast"}}
2024/02/25 18:59:33 Sent {"src":"n8","dest":"n12","body":{"in_reply_to":364,"type":"broadcast_ok"}}
2024/02/25 18:59:33 Received {c58 n8 {"type":"read","msg_id":30}}
2024/02/25 18:59:33 Sent {"src":"n8","dest":"c58","body":{"in_reply_to":30,"messages":[12,34,116,145,197,328,315,340,59,70,347,38,93,134,151,243,218,52,85,77,169,297,19,188,203,254,21,88,257,258,269,308,319,22,104,128,148,144,159,238,291,349,345,20,23,69,79,161,15,51,109,132,296,329,155,73,232,307,61,107,122,47,126,281,337,342,4,18,160,221,212,219,226,263,311,344,351,45,53,71,112,275,309,334,356,67,80,111,182,303,333,2,36,76,106,96,168,299,262,300,350,57,180,235,222,251,283,288,310,68,123,138,164,231,290,292,338,64,89,118,253,282,110,114,172,189,244,9,33,60,63,54,177,186,229,276,294,217,246,249,259,346,99,146,170,176,207,242,316,331,16,94,152,195,185,211,285,35,27,127,0,95,125,121,137,113,139,277,293,41,86,166,236,330,92,192,200,202,284,317,26,84,100,130,179,187,220,318,339,343,133,171,255,336,74,46,120,227,13,101,173,43,90,105,140,194,267,147,175,162,204,265,289,32,83,142,271,5,25,129,157,193,239,201,210,230,272,301,66,135,178,205,260,233,314,323,55,78,117,228,268,261,312,24,48,115,313,10,1,62,184,14,50,87,302,332,40,119,149,223,326,75,49,108,124,174,183,196,209,234,279,335,29,42,131,256,56,154,156,191,214,199,225,30,304,28,82,102,167,3,39,103,198,224,287,206,266,295,325,8,153,181,286,341,324,72,163,348,215,250,298,321,306,31,98,237,241,247,270,274,320,44,165,216,17,37,208,240,65,248,327,81,91,97,150,264,305,7,6,143,158,278,280,58,136,141,252,273,322,11,190,213,245],"type":"read_ok"}}
2024/02/25 18:59:33 Received {c58 n8 {"type":"read","msg_id":31}}
2024/02/25 18:59:33 Sent {"src":"n8","dest":"c58","body":{"in_reply_to":31,"messages":[186,229,276,294,54,177,249,259,346,217,246,170,176,207,242,316,331,99,146,152,195,185,211,285,16,94,127,35,27,125,121,137,113,139,277,0,95,293,166,236,330,41,86,200,202,284,317,92,192,100,130,179,187,220,318,26,84,339,343,255,336,133,171,120,227,74,46,173,13,101,105,140,194,267,43,90,162,204,265,289,147,175,142,271,32,83,129,157,193,239,201,210,5,25,301,230,272,178,205,260,233,314,323,66,135,117,228,268,261,312,55,78,115,313,24,48,62,184,10,1,87,302,332,14,50,149,223,326,40,119,108,124,174,183,196,209,75,49,335,234,279,131,256,29,42,156,191,214,199,225,56,154,30,304,102,167,28,82,103,198,224,287,3,39,295,325,206,266,181,286,341,324,8,153,348,72,163,298,321,306,215,250,237,241,247,270,274,320,31,98,216,44,165,208,240,17,37,327,65,248,97,150,264,305,81,91,143,158,278,280,7,6,141,252,273,322,58,136,213,245,11,190,116,145,197,328,315,340,12,34,347,59,70,134,151,243,218,38,93,77,169,297,52,85,203,254,19,188,257,258,269,308,319,21,88,128,148,144,159,238,291,22,104,349,345,69,79,161,20,23,109,132,296,329,15,51,155,307,73,232,122,61,107,281,337,342,47,126,160,221,212,219,226,263,4,18,351,311,344,71,112,275,309,334,356,45,53,111,182,303,333,67,80,76,106,96,168,299,2,36,350,262,300,235,222,251,283,288,310,57,180,138,164,231,290,292,338,68,123,118,253,282,64,89,172,189,244,110,114,60,63,9,33],"type":"read_ok"}}
2024/02/25 18:59:34 Received {n12 n8 {"messages":[360,370,358,371,359,354,364,361,369,355,365,362,366,352,363,367,373,353,372,357,368],"msg_id":389,"type":"broadcast"}}
2024/02/25 18:59:34 Sent {"src":"n8","dest":"n12","body":{"in_reply_to":389,"type":"broadcast_ok"}}
2024/02/25 18:59:34 Received {c58 n8 {"type":"broadcast","message":404,"msg_id":32}}
2024/02/25 18:59:34 Sent {"src":"n8","dest":"c58","body":{"in_reply_to":32,"type":"broadcast_ok"}}
2024/02/25 18:59:34 Received {c58 n8 {"type":"read","msg_id":33}}
2024/02/25 18:59:34 Sent {"src":"n8","dest":"c58","body":{"in_reply_to":33,"messages":[194,267,362,366,43,90,105,140,265,289,367,147,175,162,204,32,83,142,271,193,239,201,210,5,25,129,157,230,272,301,260,233,314,323,66,135,178,205,268,261,312,353,55,78,117,228,24,48,115,313,10,1,62,184,332,14,50,87,302,326,40,119,149,223,174,183,196,209,75,49,108,124,234,279,335,359,369,29,42,131,256,372,214,199,225,361,56,154,156,191,30,304,28,82,102,167,224,287,3,39,103,198,206,266,295,325,341,324,8,153,181,286,72,163,348,306,215,250,298,321,247,270,274,320,31,98,237,241,44,165,216,17,37,208,240,65,248,327,264,305,81,91,97,150,278,280,7,6,143,158,273,322,370,58,136,141,252,11,190,213,245,197,328,315,340,12,34,116,145,371,365,368,59,70,347,243,218,38,93,134,151,297,52,85,77,169,19,188,203,254,269,308,319,355,21,88,257,258,144,159,238,291,22,104,128,148,349,345,161,404,20,23,69,79,296,329,15,51,109,132,155,354,73,232,307,61,107,122,352,342,357,47,126,281,337,212,219,226,263,4,18,160,221,311,344,351,275,309,334,356,45,53,71,112,303,333,67,80,111,182,96,168,299,358,2,36,76,106,373,262,300,350,251,283,288,310,57,180,235,222,231,290,292,338,68,123,138,164,282,360,64,89,118,253,244,110,114,172,189,9,33,60,63,276,294,54,177,186,229,346,217,246,249,259,207,242,316,331,99,146,170,176,185,211,285,16,94,152,195,35,27,127,137,113,139,277,0,95,125,121,293,364,363,330,41,86,166,236,284,317,92,192,200,202,179,187,220,318,26,84,100,130,339,343,133,171,255,336,74,46,120,227,13,101,173],"type":"read_ok"}}
2024/02/25 18:59:34 Received {c58 n8 {"type":"broadcast","message":421,"msg_id":34}}
2024/02/25 18:59:34 Sent {"src":"n8","dest":"c58","body":{"in_reply_to":34,"type":"broadcast_ok"}}
2024/02/25 18:59:34 Sent {"src":"n8","dest":"n12","body":{"messages":[404,421],"msg_id":9,"type":"broadcast"}}
2024/02/25 18:59:34 Received {n12 n8 {"messages":[387,397,376,378,389,390,379,393,377,384,374,391,375,386,381,383,396,382,395,380,394,388,385,392,424],"msg_id":409,"type":"broadcast"}}
2024/02/25 18:59:34 Sent {"src":"n8","dest":"n12","body":{"in_reply_to":409,"type":"broadcast_ok"}}
2024/02/25 18:59:34 Received {n12 n8 {"in_reply_to":9,"type":"broadcast_ok"}}
2024/02/25 18:59:34 Received {c58 n8 {"type":"broadcast","message":436,"msg_id":35}}
2024/02/25 18:59:34 Sent {"src":"n8","dest":"c58","body":{"in_reply_to":35,"type":"broadcast_ok"}}
2024/02/25 18:59:34 Sent {"src":"n8","dest":"n12","body":{"messages":[436],"msg_id":10,"type":"broadcast"}}
2024/02/25 18:59:35 Received {n12 n8 {"messages":[398,414,409,411,412,419,401,403,420,399,415,416,402,410,405,425,423,422,406,407,400,418,413,417,408],"msg_id":436,"type":"broadcast"}}
2024/02/25 18:59:35 Received {c58 n8 {"type":"read","msg_id":36}}
2024/02/25 18:59:35 Sent {"src":"n8","dest":"n12","body":{"in_reply_to":436,"type":"broadcast_ok"}}
2024/02/25 18:59:35 Sent {"src":"n8","dest":"c58","body":{"in_reply_to":36,"messages":[268,261,312,353,55,402,48,396,24,398,10,87,302,332,395,14,149,223,408,40,108,174,183,196,335,234,42,131,412,29,372,154,156,56,380,30,102,167,28,224,287,295,387,206,341,422,8,163,348,250,298,306,215,241,270,31,411,375,44,37,388,327,378,65,91,97,264,416,81,6,143,158,278,280,415,7,136,252,322,370,403,116,197,315,340,365,423,397,93,134,38,169,297,381,77,254,19,355,269,128,148,291,345,104,23,69,79,161,404,20,132,354,352,122,357,126,18,160,263,351,4,112,275,309,334,71,303,392,36,96,168,300,235,164,231,290,292,338,89,118,282,360,64,172,417,114,177,186,229,276,294,249,346,390,217,176,242,316,436,99,94,152,195,285,127,35,121,113,364,363,374,0,236,41,84,100,187,220,336,120,227,173,421,13,90,105,194,267,362,175,162,204,265,367,147,142,271,32,239,201,301,400,193,178,233,314,78,117,228,115,313,384,1,62,184,50,391,326,119,49,124,209,75,279,359,256,369,191,214,199,225,361,304,409,82,39,103,198,414,3,266,325,181,286,324,153,386,72,321,98,237,247,274,320,165,216,208,240,385,17,248,150,305,141,273,58,190,213,245,419,11,34,145,328,12,368,371,70,347,394,420,59,151,243,218,85,376,52,203,401,188,88,257,258,308,319,21,144,159,238,349,410,22,51,109,296,329,407,15,155,232,307,399,73,107,61,281,337,342,47,212,219,226,311,344,221,53,356,379,45,80,111,182,333,67,76,106,299,358,2,373,350,262,180,222,251,283,288,310,57,123,138,68,253,189,244,377,110,33,60,63,418,413,9,54,246,259,170,207,331,405,425,146,185,211,16,27,125,137,139,277,293,406,95,86,166,330,192,200,202,284,317,389,382,92,130,179,318,26,343,393,383,424,339,171,255,133,46,74,101,140,366,43,289,83,25,129,157,210,230,272,5,135,205,260,323,66],"type":"read_ok"}}
2024/02/25 18:59:35 Received {n12 n8 {"in_reply_to":10,"type":"broadcast_ok"}}
2024/02/25 18:59:35 Received {c58 n8 {"type":"read","msg_id":37}}
2024/02/25 18:59:35 Sent {"src":"n8","dest":"c58","body":{"in_reply_to":37,"messages":[119,326,75,49,124,209,279,359,256,369,191,214,199,225,361,304,409,82,3,39,103,198,414,266,325,153,181,286,324,72,386,321,98,237,247,274,320,165,216,17,208,240,385,248,150,305,58,141,273,11,190,213,245,419,12,34,145,328,371,368,59,70,347,394,420,151,243,218,52,85,376,188,203,401,21,88,257,258,308,319,22,144,159,238,349,410,15,51,109,296,329,407,155,73,232,307,399,61,107,47,281,337,342,221,212,219,226,311,344,45,53,356,379,67,80,111,182,333,2,76,106,299,358,373,262,350,57,180,222,251,283,288,310,68,123,138,253,110,189,244,377,9,33,60,63,418,413,54,246,259,146,170,207,331,405,425,16,185,211,27,95,125,137,139,277,293,406,86,166,330,92,192,200,202,284,317,389,382,26,130,179,318,339,343,393,383,424,133,171,255,74,46,101,43,140,366,289,83,5,25,129,157,210,230,272,66,135,205,260,323,55,268,261,312,353,402,24,48,396,10,398,14,87,302,332,395,40,149,223,408,108,174,183,196,234,335,29,42,131,412,372,56,154,156,30,380,28,102,167,224,287,206,295,387,8,341,422,163,348,215,250,298,306,31,241,270,375,411,44,37,388,65,327,378,81,91,97,264,416,7,6,143,158,278,280,415,136,252,322,370,403,116,197,315,340,365,397,423,38,93,134,77,169,297,381,19,254,269,355,104,128,148,291,345,20,23,69,79,161,404,132,354,122,352,126,357,4,18,160,263,351,71,112,275,309,334,303,392,36,96,168,300,235,164,231,290,292,338,64,89,118,282,360,114,172,417,177,186,229,276,294,217,249,346,390,99,176,242,316,436,94,152,195,285,35,127,0,121,113,364,363,374,41,236,84,100,187,220,336,120,227,13,173,421,90,105,194,267,362,147,175,162,204,265,367,32,142,271,193,239,201,301,400,178,233,314,78,117,228,115,313,384,1,62,184,50,391],"type":"read_ok"}}
2024/02/25 18:59:35 Received {n12 n8 {"messages":[445,452,440,427,442,433,430,437,438,431,446,429,444,426,441,432,447,428,443,439,434,435,462],"msg_id":473,"type":"broadcast"}}
2024/02/25 18:59:35 Received {c58 n8 {"type":"broadcast","message":477,"msg_id":38}}
2024/02/25 18:59:35 Sent {"src":"n8","dest":"n12","body":{"in_reply_to":473,"type":"broadcast_ok"}}
2024/02/25 18:59:35 Sent {"src":"n8","dest":"c58","body":{"in_reply_to":38,"type":"broadcast_ok"}}
2024/02/25 18:59:35 Received {c58 n8 {"type":"broadcast","message":490,"msg_id":39}}
2024/02/25 18:59:35 Sent {"src":"n8","dest":"c58","body":{"in_reply_to":39,"type":"broadcast_ok"}}
2024/02/25 18:59:35 Sent {"src":"n8","dest":"n12","body":{"messages":[477,490],"msg_id":11,"type":"broadcast"}}
2024/02/25 18:59:36 Received {n12 n8 {"messages":[456,468,466,469,450,457,458,449,460,451,454,461,459,463,453,464,455,467,465,448,470],"msg_id":494,"type":"broadcast"}}
2024/02/25 18:59:36 Received {c58 n8 {"type":"read","msg_id":40}}
2024/02/25 18:59:36 Sent {"src":"n8","dest":"n12","body":{"in_reply_to":494,"type":"broadcast_ok"}}
2024/02/25 18:59:36 Sent {"src":"n8","dest":"c58","body":{"in_reply_to":40,"messages":[273,456,58,141,213,245,419,11,190,145,328,371,368,12,34,347,394,420,460,59,70,218,446,151,243,376,52,85,401,188,203,257,258,308,319,430,453,21,88,159,238,349,410,22,144,467,109,296,329,407,15,51,155,465,307,399,73,232,61,107,337,342,47,281,219,226,311,344,221,212,356,379,45,53,111,182,333,67,80,106,299,358,373,444,2,76,262,350,222,251,283,288,310,443,57,180,138,68,123,253,440,244,377,450,110,189,60,63,418,413,9,33,54,246,259,207,331,405,425,146,170,211,16,185,27,459,137,139,277,293,406,95,125,330,86,166,200,202,284,317,389,382,92,192,438,477,179,318,339,343,393,383,26,130,424,462,255,133,171,74,46,101,366,442,43,140,289,83,129,157,210,230,272,5,25,205,260,323,66,135,261,312,353,402,55,268,396,435,24,48,10,398,302,332,395,14,87,223,408,40,149,183,196,234,335,108,174,131,412,29,42,372,156,469,455,56,154,457,30,380,167,461,28,102,224,287,387,206,295,422,434,458,8,341,427,163,348,298,306,428,215,250,270,375,411,31,241,44,37,388,378,65,327,97,264,416,470,81,91,143,158,278,280,415,448,7,6,322,370,468,136,252,403,315,340,365,116,197,433,437,397,423,134,447,38,93,297,381,77,169,19,254,269,355,148,291,345,104,128,69,79,161,404,20,23,132,354,439,122,352,126,357,160,263,351,4,18,275,309,334,71,112,303,392,168,36,96,300,429,235,290,292,338,164,231,118,282,360,449,451,64,89,417,431,114,172,229,276,294,177,186,346,390,217,249,242,316,436,99,176,195,285,94,152,35,127,113,364,363,374,0,121,41,236,187,220,84,100,336,441,120,227,421,466,13,173,194,267,362,454,90,105,162,204,265,367,147,175,271,464,32,142,201,301,400,193,239,314,178,233,228,78,117,384,115,313,184,1,62,50,391,490,119,326,124,209,279,359,75,49,256,369,199,225,361,426,463,191,214,304,409,82,103,198,414,3,39,266,325,286,324,153,181,72,386,321,247,274,320,445,98,237,432,165,216,240,385,17,208,248,452,150,305],"type":"read_ok"}}
2024/02/25 18:59:36 Received {n12 n8 {"in_reply_to":11,"type":"broadcast_ok"}}
2024/02/25 18:59:36 Received {c58 n8 {"type":"read","msg_id":41}}
2024/02/25 18:59:36 Sent {"src":"n8","dest":"c58","body":{"in_reply_to":41,"messages":[321,274,320,445,98,237,247,165,216,432,385,17,208,240,248,150,305,452,456,58,141,273,245,419,11,190,213,328,371,368,12,34,145,394,420,460,59,70,347,446,151,243,218,52,85,376,188,203,401,258,308,319,430,453,21,88,257,238,349,410,22,144,159,467,296,329,407,15,51,109,155,465,399,73,232,307,61,107,342,47,281,337,226,311,344,221,212,219,379,45,53,356,182,333,67,80,111,299,358,373,444,2,76,106,262,350,251,283,288,310,443,57,180,222,68,123,138,253,440,377,450,110,189,244,63,418,413,9,33,60,54,246,259,331,405,425,146,170,207,16,185,211,27,459,139,277,293,406,95,125,137,86,166,330,202,284,317,389,382,92,192,200,438,477,318,339,343,393,383,26,130,179,424,462,133,171,255,74,46,101,442,43,140,366,289,83,157,210,230,272,5,25,129,260,323,66,135,205,312,353,402,55,268,261,435,24,48,396,10,398,332,395,14,87,302,408,40,149,223,196,234,335,108,174,183,412,29,42,131,372,469,455,56,154,156,30,380,457,461,28,102,167,224,287,206,295,387,434,458,8,341,422,163,348,427,306,428,215,250,298,375,411,31,241,270,44,37,388,65,327,378,264,416,470,81,91,97,158,278,280,415,448,7,6,143,370,468,136,252,322,403,340,365,116,197,315,437,397,423,433,447,38,93,134,381,77,169,297,19,254,269,355,291,345,104,128,148,79,161,404,20,23,69,132,354,439,122,352,126,357,263,351,4,18,160,309,334,71,112,275,303,392,36,96,168,300,429,235,292,338,164,231,290,282,360,449,451,64,89,118,431,114,172,417,276,294,177,186,229,390,217,249,346,316,436,99,176,242,285,94,152,195,35,127,364,363,374,0,121,113,41,236,220,84,100,187,336,120,227,441,466,13,173,421,267,362,454,90,105,194,204,265,367,147,175,162,464,32,142,271,301,400,193,239,201,178,233,314,78,117,228,115,313,384,1,62,184,50,391,119,326,490,209,279,359,75,49,124,256,369,225,361,426,463,191,214,199,304,409,82,198,414,3,39,103,266,325,324,153,181,286,72,386],"type":"read_ok"}}
2024/02/25 18:59:36 Received {n12 n8 {"messages":[483,496,507,482,494,473,487,501,486,476,489,471,498,499,493,478,491,475,488,480,492,481,472,485,500,484,479,495,497,474,519],"msg_id":512,"type":"broadcast"}}
2024/02/25 18:59:36 Received {c58 n8 {"type":"broadcast","message":530,"msg_id":42}}
2024/02/25 18:59:36 Sent {"src":"n8","dest":"n12","body":{"in_reply_to":512,"type":"broadcast_ok"}}
2024/02/25 18:59:36 Sent {"src":"n8","dest":"c58","body":{"in_reply_to":42,"type":"broadcast_ok"}}
2024/02/25 18:59:36 Received {c58 n8 {"type":"read","msg_id":43}}
2024/02/25 18:59:36 Sent {"src":"n8","dest":"c58","body":{"in_reply_to":43,"messages":[348,427,163,250,298,306,428,215,241,270,375,411,31,44,388,37,327,378,65,91,97,264,416,470,81,6,143,158,278,280,415,448,7,252,322,370,468,136,403,197,315,340,365,116,423,433,437,397,93,134,447,479,38,169,297,381,77,254,19,355,269,128,148,291,345,104,23,69,79,161,404,20,132,439,354,352,488,122,357,126,18,160,263,351,4,112,275,309,334,71,392,303,96,168,36,429,499,300,500,235,231,290,292,338,164,89,118,282,360,449,451,64,172,417,431,114,186,229,276,294,177,249,346,390,493,217,176,242,316,436,99,152,195,285,94,127,35,121,113,364,363,374,481,472,0,236,41,497,491,100,187,220,478,84,471,336,227,441,120,173,421,466,13,105,194,267,362,454,495,90,175,162,204,265,367,147,142,271,464,494,32,239,201,301,400,193,233,314,178,117,228,519,78,313,384,115,62,184,1,391,50,326,490,119,49,124,209,279,359,530,75,369,256,214,199,225,361,426,463,191,409,304,82,39,103,198,414,486,3,325,473,266,181,286,324,153,386,72,321,237,247,274,320,445,489,98,216,432,165,208,240,385,17,248,305,452,150,496,141,273,456,58,190,213,245,419,11,34,145,328,371,368,12,70,347,394,420,460,59,243,218,446,151,85,376,52,203,401,188,88,257,258,308,319,430,453,21,485,144,159,238,349,410,22,467,51,109,296,329,407,15,465,155,232,307,399,507,73,107,61,281,337,342,47,212,219,226,311,344,221,53,356,379,45,80,111,182,333,67,76,106,299,358,373,444,2,350,476,262,180,222,251,283,288,310,443,57,123,138,492,68,440,482,253,189,244,377,450,110,33,60,63,418,413,487,9,54,259,246,170,207,331,405,425,146,185,211,474,16,459,480,27,125,137,139,277,293,406,95,166,330,86,192,200,202,284,317,389,382,92,477,438,130,179,318,339,343,393,383,26,462,484,424,171,255,133,46,475,74,101,140,366,442,43,289,83,25,129,157,210,230,272,5,135,205,260,323,498,66,268,261,312,353,402,501,55,48,396,435,24,398,10,87,302,332,395,14,149,223,408,40,174,183,196,234,335,108,42,131,412,29,372,154,156,469,455,56,380,457,30,102,167,461,28,287,224,295,387,483,206,341,422,434,458,8],"type":"read_ok"}}
2024/02/25 18:59:36 Sent {"src":"n8","dest":"n12","body":{"messages":[530],"msg_id":12,"type":"broadcast"}}
2024/02/25 18:59:37 Received {n12 n8 {"messages":[522,512,524,514,503,516,533,526,505,517,508,502,527,520,510,523,504,511,506,518,525,513,515,509,521],"msg_id":538,"type":"broadcast"}}
2024/02/25 18:59:37 Sent {"src":"n8","dest":"n12","body":{"in_reply_to":538,"type":"broadcast_ok"}}
2024/02/25 18:59:37 Received {n12 n8 {"in_reply_to":12,"type":"broadcast_ok"}}
2024/02/25 18:59:37 Received {c58 n8 {"type":"read","msg_id":44}}
2024/02/25 18:59:37 Sent {"src":"n8","dest":"c58","body":{"in_reply_to":44,"messages":[68,123,138,492,502,253,440,482,524,110,189,244,377,450,487,503,9,33,60,63,418,413,54,246,259,146,170,207,331,405,425,16,185,211,474,523,27,459,480,406,95,125,137,139,277,293,86,166,330,389,382,92,192,200,202,284,317,438,477,393,383,26,130,179,318,339,343,424,462,484,527,133,171,255,74,46,475,101,43,140,366,442,289,83,272,5,25,129,157,210,230,66,135,205,260,323,498,501,55,268,261,312,353,402,24,48,396,435,10,398,14,87,302,332,395,40,149,223,408,108,174,183,196,234,335,29,42,131,412,372,56,154,156,469,455,30,380,457,522,28,102,167,461,224,287,516,206,295,387,483,8,341,422,434,458,163,348,427,510,215,250,298,306,428,31,241,270,375,411,44,37,388,65,327,378,81,91,97,264,416,470,415,448,7,6,143,158,278,280,136,252,322,370,468,403,116,197,315,340,365,397,423,433,437,38,93,134,447,479,77,169,297,381,19,254,269,355,104,128,148,291,345,20,23,69,79,161,404,132,354,439,122,352,488,512,126,357,4,18,160,263,351,71,112,275,309,334,526,303,392,36,96,168,300,429,499,235,500,164,231,290,292,338,451,64,89,118,282,360,449,114,172,417,431,514,177,186,229,276,294,217,249,346,390,493,99,176,242,316,436,94,152,195,285,35,127,481,472,0,121,113,364,363,374,41,236,491,497,84,100,187,220,478,336,471,511,120,227,441,13,173,421,466,495,505,90,105,194,267,362,454,147,175,162,204,265,367,32,142,271,464,494,193,239,201,301,400,178,233,314,78,117,228,519,115,313,384,1,62,184,50,391,119,326,490,530,75,49,124,209,279,359,256,369,463,191,214,199,225,361,426,304,409,82,3,39,103,198,414,486,266,325,473,153,181,286,324,72,386,521,321,513,489,98,237,247,274,320,445,165,216,432,17,208,240,385,248,150,305,452,504,496,509,58,141,273,456,508,11,190,213,245,419,12,34,145,328,371,368,59,70,347,394,420,460,151,243,218,446,506,52,85,376,188,203,401,518,430,453,21,88,257,258,308,319,485,533,22,144,159,238,349,410,467,15,51,109,296,329,407,155,465,73,232,307,399,507,61,107,47,281,337,342,221,212,219,226,311,344,45,53,356,379,515,67,80,111,182,333,517,444,2,76,106,299,358,373,262,350,476,520,310,443,57,180,222,251,283,288,525],"type":"read_ok"}}
2024/02/25 18:59:37 Received {c58 n8 {"type":"read","msg_id":45}}
2024/02/25 18:59:37 Sent {"src":"n8","dest":"c58","body":{"in_reply_to":45,"messages":[70,347,394,420,460,59,243,218,446,506,151,85,376,52,203,401,518,188,88,257,258,308,319,430,453,21,533,485,144,159,238,349,410,22,467,51,109,296,329,407,15,465,155,232,307,399,507,73,107,61,281,337,342,47,212,219,226,311,344,221,53,356,379,515,45,80,111,182,333,517,67,76,106,299,358,373,444,2,350,476,520,262,180,222,251,283,288,310,443,57,525,123,138,492,502,68,440,482,524,253,189,244,377,450,110,33,60,63,418,413,487,503,9,54,259,246,170,207,331,405,425,146,185,211,474,523,16,459,480,27,125,137,139,277,293,406,95,166,330,86,192,200,202,284,317,389,382,92,477,438,130,179,318,339,343,393,383,26,462,484,527,424,171,255,133,46,475,74,101,140,366,442,43,289,83,25,129,157,210,230,272,5,135,205,260,323,498,66,268,261,312,353,402,501,55,48,396,435,24,398,10,87,302,332,395,14,149,223,408,40,174,183,196,234,335,108,42,131,412,29,372,154,156,469,455,56,380,457,522,30,102,167,461,28,287,516,224,295,387,483,206,341,422,434,458,8,348,427,510,163,250,298,306,428,215,241,270,375,411,31,44,388,37,327,378,65,91,97,264,416,470,81,6,143,158,278,280,415,448,7,252,322,370,468,136,403,197,315,340,365,116,423,433,437,397,93,134,447,479,38,169,297,381,77,254,19,355,269,128,148,291,345,104,23,69,79,161,404,20,132,439,354,352,488,512,122,357,126,18,160,263,351,4,112,275,309,334,526,71,392,303,96,168,36,429,499,300,500,235,231,290,292,338,164,89,118,282,360,449,451,64,172,417,431,114,514,186,229,276,294,177,249,346,390,493,217,176,242,316,436,99,152,195,285,94,127,35,121,113,364,363,374,481,472,0,236,41,497,491,100,187,220,478,84,471,511,336,227,441,120,173,421,466,13,105,194,267,362,454,495,505,90,175,162,204,265,367,147,142,271,464,494,32,239,201,301,400,193,233,314,178,117,228,519,78,313,384,115,62,184,1,391,50,326,490,119,49,124,209,279,359,530,75,369,256,214,199,225,361,426,463,191,409,304,82,39,103,198,414,486,3,325,473,266,181,286,324,153,386,521,72,513,321,237,247,274,320,445,489,98,216,432,165,208,240,385,17,248,305,452,504,150,509,496,141,273,456,508,58,190,213,245,419,11,34,145,328,371,368,12],"type":"read_ok"}}
2024/02/25 18:59:37 Received {n12 n8 {"messages":[550,536,540,537,551,528,545,542,534,539,531,548,538,544,543,535,529,546,532,549,547,541,562,573],"msg_id":559,"type":"broadcast"}}
2024/02/25 18:59:37 Received {c58 n8 {"type":"broadcast","message":584,"msg_id":46}}
2024/02/25 18:59:37 Sent {"src":"n8","dest":"n12","body":{"in_reply_to":559,"type":"broadcast_ok"}}
2024/02/25 18:59:37 Sent {"src":"n8","dest":"c58","body":{"in_reply_to":46,"type":"broadcast_ok"}}
2024/02/25 18:59:37 Received {c58 n8 {"type":"read","msg_id":47}}
2024/02/25 18:59:37 Sent {"src":"n8","dest":"c58","body":{"in_reply_to":47,"messages":[10,398,302,332,395,14,87,223,408,40,149,183,196,234,335,108,174,131,412,29,42,372,156,469,455,541,56,154,457,522,30,380,167,461,28,102,516,545,224,287,387,483,206,295,422,434,458,8,341,427,510,163,348,298,306,428,215,250,270,375,411,31,241,44,543,546,37,388,378,544,65,327,97,264,416,470,81,91,143,158,278,280,415,448,7,6,322,370,468,136,252,403,315,340,365,116,197,433,437,397,423,134,447,479,38,93,297,381,77,169,19,254,269,355,148,291,345,104,128,69,79,161,404,528,20,23,132,354,439,488,512,122,352,126,357,160,263,351,534,4,18,275,309,334,526,71,112,303,392,168,36,96,499,300,429,235,500,290,292,338,164,231,118,282,360,449,451,64,89,417,431,114,172,514,532,229,276,294,177,186,346,390,493,217,249,242,316,436,99,176,195,285,94,152,35,127,113,364,363,374,481,472,0,121,539,41,236,491,497,187,220,478,84,100,511,336,471,441,120,227,421,466,13,173,194,267,362,454,495,505,90,105,162,204,265,367,547,147,175,271,464,494,32,142,201,301,400,193,239,314,548,178,233,228,519,78,117,384,115,313,184,1,62,551,50,391,490,573,119,326,124,209,279,359,530,549,75,49,256,369,199,225,361,426,463,191,214,304,409,82,529,103,198,414,486,3,39,473,266,325,286,324,153,181,521,72,386,321,513,247,274,320,445,489,537,98,237,432,584,165,216,240,385,17,208,248,452,504,150,305,496,509,273,456,508,58,141,213,245,419,538,11,190,145,328,371,368,562,12,34,347,394,420,460,59,70,218,446,506,151,243,376,52,85,401,518,188,203,257,258,308,319,430,453,21,88,485,533,159,238,349,410,22,144,467,109,296,329,407,15,51,155,465,307,399,507,73,232,61,107,337,342,47,281,219,226,311,344,221,212,356,379,515,45,53,111,182,333,517,67,80,106,299,358,373,444,2,76,476,520,262,350,222,251,283,288,310,443,57,180,525,138,492,502,68,123,482,524,253,440,244,377,450,110,189,60,63,418,413,487,503,9,33,54,246,259,207,331,405,425,146,170,211,474,523,16,185,480,540,531,27,459,137,139,277,293,406,542,95,125,330,86,166,200,202,284,317,389,382,92,192,438,477,179,318,339,343,393,383,26,130,484,527,424,462,255,133,171,475,74,46,101,535,366,442,43,140,289,550,83,129,157,210,230,272,5,25,205,260,323,498,66,135,261,312,353,402,501,536,55,268,396,435,24,48],"type":"read_ok"}}
2024/02/25 18:59:37 Received {c58 n8 {"type":"read","msg_id":48}}
2024/02/25 18:59:37 Sent {"src":"n8","dest":"c58","body":{"in_reply_to":48,"messages":[417,431,114,172,514,532,229,276,294,177,186,346,390,493,217,249,242,316,436,99,176,195,285,94,152,35,127,113,364,363,374,481,472,0,121,539,41,236,491,497,187,220,478,84,100,511,336,471,441,120,227,421,466,13,173,194,267,362,454,495,505,90,105,162,204,265,367,547,147,175,271,464,494,32,142,201,301,400,193,239,314,548,178,233,228,519,78,117,384,115,313,184,1,62,551,50,391,490,573,119,326,124,209,279,359,530,549,75,49,256,369,199,225,361,426,463,191,214,304,409,82,529,103,198,414,486,3,39,473,266,325,286,324,153,181,521,72,386,321,513,247,274,320,445,489,537,98,237,432,584,165,216,240,385,17,208,248,452,504,150,305,496,509,273,456,508,58,141,213,245,419,538,11,190,145,328,371,368,562,12,34,347,394,420,460,59,70,218,446,506,151,243,376,52,85,401,518,188,203,257,258,308,319,430,453,21,88,485,533,159,238,349,410,22,144,467,109,296,329,407,15,51,155,465,307,399,507,73,232,61,107,337,342,47,281,219,226,311,344,221,212,356,379,515,45,53,111,182,333,517,67,80,106,299,358,373,444,2,76,476,520,262,350,222,251,283,288,310,443,57,180,525,138,492,502,68,123,482,524,253,440,244,377,450,110,189,60,63,418,413,487,503,9,33,54,246,259,207,331,405,425,146,170,211,474,523,16,185,480,540,531,27,459,137,139,277,293,406,542,95,125,330,86,166,200,202,284,317,389,382,92,192,438,477,179,318,339,343,393,383,26,130,484,527,424,462,255,133,171,475,74,46,101,535,366,442,43,140,289,550,83,129,157,210,230,272,5,25,205,260,323,498,66,135,261,312,353,402,501,536,55,268,396,435,24,48,10,398,302,332,395,14,87,223,408,40,149,183,196,234,335,108,174,131,412,29,42,372,156,469,455,541,56,154,457,522,30,380,167,461,28,102,516,545,224,287,387,483,206,295,422,434,458,8,341,427,510,163,348,298,306,428,215,250,270,375,411,31,241,44,543,546,37,388,378,544,65,327,97,264,416,470,81,91,143,158,278,280,415,448,7,6,322,370,468,136,252,403,315,340,365,116,197,433,437,397,423,134,447,479,38,93,297,381,77,169,19,254,269,355,148,291,345,104,128,69,79,161,404,528,20,23,132,354,439,488,512,122,352,126,357,160,263,351,534,4,18,275,309,334,526,71,112,303,392,168,36,96,499,300,429,235,500,290,292,338,164,231,118,282,360,449,451,64,89],"type":"read_ok"}}
2024/02/25 18:59:37 Sent {"src":"n8","dest":"n12","body":{"messages":[584],"msg_id":13,"type":"broadcast"}}
2024/02/25 18:59:38 Received {n12 n8 {"messages":[564,556,555,559,560,558,571,553,569,552,568,567,566,561,554,565,574,557,570,572,563],"msg_id":580,"type":"broadcast"}}
2024/02/25 18:59:38 Sent {"src":"n8","dest":"n12","body":{"in_reply_to":580,"type":"broadcast_ok"}}
2024/02/25 18:59:38 Received {n12 n8 {"in_reply_to":13,"type":"broadcast_ok"}}
2024/02/25 18:59:38 Received {c58 n8 {"type":"read","msg_id":49}}
2024/02/25 18:59:38 Sent {"src":"n8","dest":"c58","body":{"in_reply_to":49,"messages":[82,529,3,39,103,198,414,486,266,325,473,153,181,286,324,72,386,521,321,513,537,98,237,247,274,320,445,489,165,216,432,584,17,208,240,385,248,150,305,452,504,496,509,58,141,273,456,508,11,190,213,245,419,538,12,34,145,328,371,368,562,59,70,347,394,420,460,571,151,243,218,446,506,52,85,376,188,203,401,518,453,21,88,257,258,308,319,430,485,533,565,22,144,159,238,349,410,554,467,15,51,109,296,329,407,155,465,73,232,307,399,507,564,61,107,552,47,281,337,342,553,221,212,219,226,311,344,45,53,356,379,515,67,80,111,182,333,517,2,76,106,299,358,373,444,262,350,476,520,443,57,180,222,251,283,288,310,525,68,123,138,492,502,253,440,482,524,110,189,244,377,450,503,9,33,60,63,418,413,487,54,246,259,146,170,207,331,405,425,16,185,211,474,523,27,459,480,540,531,570,542,95,125,137,139,277,293,406,86,166,330,382,92,192,200,202,284,317,389,438,477,383,26,130,179,318,339,343,393,424,462,484,527,133,171,255,74,46,475,101,535,43,140,366,442,289,550,83,557,5,25,129,157,210,230,272,66,135,205,260,323,498,536,55,268,261,312,353,402,501,24,48,396,435,10,398,14,87,302,332,395,40,149,223,408,108,174,183,196,234,335,29,42,131,412,372,56,154,156,469,455,541,30,380,457,522,28,102,167,461,224,287,516,545,206,295,387,483,8,341,422,434,458,566,163,348,427,510,215,250,298,306,428,31,241,270,375,411,44,543,569,37,388,546,65,327,378,544,81,91,97,264,416,470,448,7,6,143,158,278,280,415,136,252,322,370,468,403,116,197,315,340,365,567,397,423,433,437,38,93,134,447,479,77,169,297,381,19,254,561,269,355,104,128,148,291,345,556,20,23,69,79,161,404,528,132,354,439,122,352,488,512,126,357,4,18,160,263,351,534,71,112,275,309,334,526,303,392,558,36,96,168,300,429,499,235,500,164,231,290,292,338,64,89,118,282,360,449,451,114,172,417,431,514,532,563,177,186,229,276,294,560,217,249,346,390,493,99,176,242,316,436,94,152,195,285,35,127,472,0,121,113,364,363,374,481,539,41,236,491,497,555,559,84,100,187,220,478,336,471,511,120,227,441,13,173,421,466,505,90,105,194,267,362,454,495,147,175,162,204,265,367,547,32,142,271,464,494,193,239,201,301,400,178,233,314,548,78,117,228,519,115,313,384,1,62,184,574,50,391,551,119,326,490,573,549,75,49,124,209,279,359,530,568,256,369,572,191,214,199,225,361,426,463,304,409],"type":"read_ok"}}
2024/02/25 18:59:38 Received {n12 n8 {"messages":[587,600,578,575,588,582,595,583,581,594,598,592,597,577,586,591,585,599,579,590,580,593,596,576,589,610],"msg_id":615,"type":"broadcast"}}
2024/02/25 18:59:38 Received {c58 n8 {"type":"read","msg_id":50}}
2024/02/25 18:59:38 Sent {"src":"n8","dest":"n12","body":{"in_reply_to":615,"type":"broadcast_ok"}}
2024/02/25 18:59:38 Sent {"src":"n8","dest":"c58","body":{"in_reply_to":50,"messages":[551,50,391,490,573,119,326,124,209,279,359,530,549,75,49,568,572,256,369,199,225,361,426,463,191,214,304,409,82,529,103,198,414,486,3,39,473,266,325,286,324,153,181,521,72,386,321,513,247,274,320,445,489,537,98,237,432,584,165,216,240,385,17,208,248,452,504,150,305,496,509,273,456,508,58,141,213,245,419,538,11,190,145,328,371,368,562,12,34,347,394,420,460,571,59,70,218,446,506,151,243,376,52,85,401,518,188,203,257,258,308,319,430,453,21,88,565,485,533,159,238,349,410,554,22,144,467,109,296,329,407,15,51,155,465,307,399,507,564,73,232,552,61,107,337,342,553,47,281,219,226,311,344,221,212,356,379,515,45,53,111,182,333,517,67,80,106,299,358,373,444,2,76,476,520,262,350,222,251,283,288,310,443,57,180,525,138,492,502,68,123,482,524,253,440,244,377,450,110,189,60,63,418,413,487,503,9,33,54,246,259,207,331,405,425,146,170,211,474,523,16,185,480,540,531,570,27,459,137,139,277,293,406,542,95,125,330,86,166,200,202,284,317,389,382,92,192,438,477,179,318,339,343,393,383,26,130,484,527,424,462,255,133,171,475,74,46,101,535,366,442,43,140,289,550,83,557,129,157,210,230,272,5,25,205,260,323,498,66,135,261,312,353,402,501,536,55,268,396,435,24,48,10,398,302,332,395,14,87,223,408,40,149,183,196,234,335,108,174,131,412,29,42,372,156,469,455,541,56,154,457,522,30,380,167,461,28,102,516,545,224,287,387,483,206,295,422,434,458,566,8,341,427,510,163,348,298,306,428,215,250,270,375,411,31,241,569,44,543,546,37,388,378,544,65,327,97,264,416,470,81,91,143,158,278,280,415,448,7,6,322,370,468,136,252,403,315,340,365,567,116,197,433,437,397,423,134,447,479,38,93,297,381,77,169,561,19,254,269,355,148,291,345,104,128,69,79,161,404,528,556,20,23,132,354,439,488,512,122,352,126,357,160,263,351,534,4,18,275,309,334,526,71,112,558,303,392,168,36,96,499,300,429,235,500,290,292,338,164,231,118,282,360,449,451,64,89,417,431,114,172,563,514,532,229,276,294,560,177,186,346,390,493,217,249,242,316,436,99,176,195,285,94,152,35,127,113,364,363,374,481,472,0,121,539,41,236,555,559,491,497,187,220,478,84,100,511,336,471,441,120,227,421,466,13,173,194,267,362,454,495,505,90,105,162,204,265,367,547,147,175,271,464,494,32,142,201,301,400,193,239,314,548,178,233,228,519,78,117,384,115,313,184,574,1,62],"type":"read_ok"}}
2024/02/25 18:59:38 Received {c58 n8 {"type":"read","msg_id":51}}
2024/02/25 18:59:38 Sent {"src":"n8","dest":"c58","body":{"in_reply_to":51,"messages":[221,212,219,226,311,344,45,53,356,379,515,67,80,111,182,333,517,2,76,106,299,358,373,444,262,350,476,520,443,57,180,222,251,283,288,310,525,578,68,123,138,492,502,253,440,482,524,110,189,244,377,450,503,9,33,60,63,418,413,487,54,246,259,597,146,170,207,331,405,425,16,185,211,474,523,588,27,459,480,540,531,570,542,95,125,137,139,277,293,406,598,589,86,166,330,599,382,92,192,200,202,284,317,389,438,477,383,26,130,179,318,339,343,393,424,462,484,527,133,171,255,74,46,475,101,535,43,140,366,442,289,550,83,557,5,25,129,157,210,230,272,66,135,205,260,323,498,536,55,268,261,312,353,402,501,24,48,396,435,10,398,581,14,87,302,332,395,40,149,223,408,108,174,183,196,234,335,29,42,131,412,372,56,154,156,469,455,541,30,380,457,522,28,102,167,461,224,287,516,545,206,295,387,483,8,341,422,434,458,566,163,348,427,510,215,250,298,306,428,31,241,270,375,411,44,543,569,37,388,546,65,327,378,544,81,91,97,264,416,470,448,7,6,143,158,278,280,415,136,252,322,370,468,403,116,197,315,340,365,567,397,423,433,437,38,93,134,447,479,593,77,169,297,381,19,254,561,269,355,104,128,148,291,345,595,556,20,23,69,79,161,404,528,132,354,439,590,122,352,488,512,126,357,4,18,160,263,351,534,71,112,275,309,334,526,303,392,558,610,36,96,168,300,429,499,235,500,586,596,164,231,290,292,338,64,89,118,282,360,449,451,114,172,417,431,514,532,563,177,186,229,276,294,560,217,249,346,390,493,587,99,176,242,316,436,94,152,195,285,35,127,472,0,121,113,364,363,374,481,539,41,236,577,491,497,555,559,84,100,187,220,478,336,471,511,120,227,441,13,173,421,466,505,90,105,194,267,362,454,495,147,175,162,204,265,367,547,32,142,271,464,494,193,239,201,301,400,178,233,314,548,78,117,228,519,115,313,384,1,62,184,574,50,391,551,582,119,326,490,573,549,75,49,124,209,279,359,530,568,256,369,572,575,191,214,199,225,361,426,463,304,409,82,529,3,39,103,198,414,486,592,266,325,473,153,181,286,324,72,386,521,583,321,513,537,98,237,247,274,320,445,489,600,165,216,432,584,579,576,17,208,240,385,248,150,305,452,504,496,509,58,141,273,456,508,11,190,213,245,419,538,12,34,145,328,371,368,562,594,59,70,347,394,420,460,571,151,243,218,446,506,52,85,376,188,203,401,518,585,453,21,88,257,258,308,319,430,485,533,565,580,22,144,159,238,349,410,554,467,15,51,109,296,329,407,155,465,591,73,232,307,399,507,564,61,107,552,47,281,337,342,553],"type":"read_ok"}}
2024/02/25 18:59:39 Received {n12 n8 {"messages":[602,614,615,624,618,607,619,601,613,606,609,611,617,605,612,604,616,603,608,638],"msg_id":640,"type":"broadcast"}}
2024/02/25 18:59:39 Sent {"src":"n8","dest":"n12","body":{"in_reply_to":640,"type":"broadcast_ok"}}
2024/02/25 18:59:39 Received {c58 n8 {"type":"broadcast","message":652,"msg_id":52}}
2024/02/25 18:59:39 Sent {"src":"n8","dest":"c58","body":{"in_reply_to":52,"type":"broadcast_ok"}}
2024/02/25 18:59:39 Received {c58 n8 {"type":"broadcast","message":664,"msg_id":53}}
2024/02/25 18:59:39 Sent {"src":"n8","dest":"c58","body":{"in_reply_to":53,"type":"broadcast_ok"}}
2024/02/25 18:59:39 Sent {"src":"n8","dest":"n12","body":{"messages":[652,664],"msg_id":14,"type":"broadcast"}}
2024/02/25 18:59:39 Received {n12 n8 {"messages":[629,644,642,636,620,622,637,627,641,623,631,625,639,626,640,630,633,634,621,632,628,643,635,668],"msg_id":654,"type":"broadcast"}}
2024/02/25 18:59:39 Sent {"src":"n8","dest":"n12","body":{"in_reply_to":654,"type":"broadcast_ok"}}
2024/02/25 18:59:39 Received {n12 n8 {"in_reply_to":14,"type":"broadcast_ok"}}
2024/02/25 18:59:39 Received {c58 n8 {"type":"broadcast","message":679,"msg_id":54}}
2024/02/25 18:59:39 Sent {"src":"n8","dest":"c58","body":{"in_reply_to":54,"type":"broadcast_ok"}}
2024/02/25 18:59:39 Sent {"src":"n8","dest":"n12","body":{"messages":[679],"msg_id":15,"type":"broadcast"}}
2024/02/25 18:59:40 Received {n12 n8 {"messages":[656,648,661,660,655,667,646,659,653,665,654,666,647,645,658,651,663,649,650,662,657],"msg_id":692,"type":"broadcast"}}
2024/02/25 18:59:40 Received {c58 n8 {"type":"broadcast","message":692,"msg_id":55}}
2024/02/25 18:59:40 Sent {"src":"n8","dest":"n12","body":{"in_reply_to":692,"type":"broadcast_ok"}}
2024/02/25 18:59:40 Sent {"src":"n8","dest":"c58","body":{"in_reply_to":55,"type":"broadcast_ok"}}
2024/02/25 18:59:40 Received {n12 n8 {"in_reply_to":15,"type":"broadcast_ok"}}
2024/02/25 18:59:40 Received {c58 n8 {"type":"read","msg_id":56}}
2024/02/25 18:59:40 Sent {"src":"n8","dest":"c58","body":{"in_reply_to":56,"messages":[322,370,468,136,252,403,604,315,340,365,567,611,640,116,197,433,437,648,655,397,423,134,447,479,593,638,38,93,297,381,660,77,169,561,618,623,692,19,254,269,355,148,291,345,595,631,104,128,69,79,161,404,528,556,20,23,132,658,354,439,590,488,512,641,122,352,646,659,126,357,160,263,351,534,4,18,275,309,334,526,71,112,558,610,630,643,303,392,168,36,96,499,300,429,586,596,614,235,500,290,292,338,164,231,118,282,360,449,451,621,64,89,417,431,114,172,563,514,532,229,276,294,560,644,627,177,186,650,346,390,493,587,217,249,242,316,436,653,99,176,195,285,94,152,661,35,127,113,364,363,374,481,472,0,121,539,577,41,236,555,559,662,491,497,187,220,478,664,84,100,511,613,336,471,441,656,120,227,421,466,602,13,173,194,267,362,454,495,505,90,105,162,204,265,367,547,147,175,271,464,494,617,32,142,201,301,400,607,193,239,314,548,639,178,233,228,519,78,117,384,115,313,184,574,1,62,551,582,50,391,490,573,119,326,124,209,279,359,530,549,75,49,568,572,666,256,369,575,612,199,225,361,426,463,667,191,214,647,304,409,82,529,103,198,414,486,592,3,39,473,266,325,286,324,628,153,181,521,583,72,386,321,513,247,274,320,445,489,537,98,237,600,432,584,579,576,629,165,216,240,385,17,208,248,636,452,504,150,305,496,509,273,456,508,58,141,213,245,419,538,651,657,11,190,145,328,371,368,562,12,34,347,394,420,460,571,594,59,70,218,446,506,616,151,243,376,633,52,85,401,518,585,188,203,257,258,308,319,430,453,21,88,565,624,485,533,159,238,349,410,554,580,22,144,642,467,635,109,296,329,407,15,51,591,155,465,307,399,507,564,637,73,232,552,626,61,107,337,342,553,47,281,219,226,311,344,221,212,356,379,515,45,53,111,182,333,517,665,67,80,106,299,358,373,444,2,76,476,520,262,350,222,251,283,288,310,443,57,180,525,578,138,492,502,608,620,634,68,123,482,524,668,253,440,244,377,450,679,110,189,60,63,418,413,487,503,9,33,54,605,597,246,259,207,331,405,425,601,146,170,211,474,523,588,16,185,480,540,531,570,615,27,459,137,139,277,293,406,542,95,125,598,589,330,599,86,166,200,202,284,317,389,382,92,192,663,438,477,179,318,339,343,393,383,26,130,484,527,424,462,255,133,171,475,74,46,654,101,535,366,442,43,140,289,550,83,557,129,157,210,230,272,5,25,205,260,323,498,632,66,135,261,312,353,402,501,536,55,268,619,396,435,24,48,581,10,398,302,332,395,652,14,87,223,408,40,149,183,196,234,335,108,174,131,412,29,42,372,603,156,469,455,541,56,154,457,522,30,380,167,461,609,28,102,516,545,224,287,387,483,206,295,422,434,458,566,8,341,427,510,649,163,348,298,306,428,622,215,250,270,375,411,31,241,569,44,543,546,625,37,388,378,544,65,327,97,264,416,470,606,645,81,91,143,158,278,280,415,448,7,6],"type":"read_ok"}}
2024/02/25 18:59:40 Sent {"src":"n8","dest":"n12","body":{"messages":[692],"msg_id":16,"type":"broadcast"}}
2024/02/25 18:59:40 Received {n12 n8 {"messages":[675,685,684,673,671,682,670,681,669,680,676,687,688,672,683,689,674,677,678,686,706],"msg_id":717,"type":"broadcast"}}
2024/02/25 18:59:40 Sent {"src":"n8","dest":"n12","body":{"in_reply_to":717,"type":"broadcast_ok"}}
2024/02/25 18:59:40 Received {n12 n8 {"in_reply_to":16,"type":"broadcast_ok"}}
2024/02/25 18:59:40 Received {c58 n8 {"type":"broadcast","message":717,"msg_id":57}}
2024/02/25 18:59:40 Sent {"src":"n8","dest":"c58","body":{"in_reply_to":57,"type":"broadcast_ok"}}
2024/02/25 18:59:40 Received {c58 n8 {"type":"read","msg_id":58}}
2024/02/25 18:59:40 Sent {"src":"n8","dest":"c58","body":{"in_reply_to":58,"messages":[179,318,339,343,393,383,26,130,484,527,424,462,255,133,171,475,74,46,654,706,101,535,366,442,43,140,289,550,83,557,129,157,210,230,272,5,25,205,260,323,498,632,66,135,261,312,353,402,501,536,55,268,619,396,435,24,48,581,10,398,302,332,395,652,14,87,223,408,673,671,40,149,183,196,234,335,672,108,174,131,412,29,42,372,603,156,469,455,541,682,56,154,457,522,30,380,167,461,609,28,102,516,545,717,224,287,387,483,206,295,422,434,458,566,8,341,427,510,649,163,348,298,306,428,622,215,250,270,375,411,31,241,569,44,543,546,625,37,388,378,544,65,327,97,264,416,470,606,645,81,91,143,158,278,280,415,448,7,6,322,370,468,136,252,403,604,315,340,365,567,611,640,116,197,433,437,648,655,397,423,134,447,479,593,638,38,93,297,381,660,77,169,561,618,623,692,19,254,269,355,148,291,345,595,631,104,128,69,79,161,404,528,556,20,23,132,658,354,439,590,488,512,641,122,352,646,659,126,357,160,263,351,534,4,18,275,309,334,526,71,112,558,610,630,643,683,303,392,168,36,96,499,686,300,429,586,596,614,677,235,500,290,292,338,164,231,118,282,360,449,451,621,64,89,417,431,114,172,563,514,532,229,276,294,560,644,627,177,186,650,346,390,493,587,217,249,242,316,436,653,99,176,195,285,94,152,661,35,127,113,364,363,374,481,472,0,121,539,675,577,41,236,555,559,662,491,497,187,220,478,664,84,100,511,613,685,336,471,441,656,120,227,421,466,602,13,173,194,267,362,454,495,505,90,105,680,162,204,265,367,547,147,175,271,464,494,617,32,142,201,301,400,607,684,193,239,314,548,639,178,233,228,519,78,117,384,115,313,184,574,1,62,551,582,681,50,391,490,573,119,326,124,209,279,359,530,549,75,49,568,572,666,256,369,575,612,199,225,361,426,463,667,191,214,647,304,409,82,529,103,198,414,486,592,3,39,473,266,325,286,324,628,153,181,521,583,72,386,321,513,247,274,320,445,489,537,98,237,600,432,584,579,576,629,678,165,216,240,385,676,17,208,248,636,452,504,150,305,496,509,273,456,508,58,141,213,245,419,538,651,657,11,190,670,145,328,371,368,562,12,34,347,394,420,460,571,594,59,70,218,446,506,616,151,243,376,633,52,85,401,518,585,669,687,188,203,257,258,308,319,430,453,21,88,565,624,485,533,159,238,349,410,554,580,22,144,642,467,635,109,296,329,407,15,51,591,155,465,307,399,507,564,637,73,232,552,626,61,107,337,342,553,47,281,219,226,311,344,221,212,356,379,515,45,53,111,182,333,517,665,67,80,106,299,358,373,444,2,76,476,520,262,350,222,251,283,288,310,443,57,180,688,525,578,138,492,502,608,620,634,68,123,689,674,482,524,668,253,440,244,377,450,679,110,189,60,63,418,413,487,503,9,33,54,605,597,246,259,207,331,405,425,601,146,170,211,474,523,588,16,185,480,540,531,570,615,27,459,137,139,277,293,406,542,95,125,598,589,330,599,86,166,200,202,284,317,389,382,92,192,663,438,477],"type":"read_ok"}}
2024/02/25 18:59:40 Sent {"src":"n8","dest":"n12","body":{"messages":[717],"msg_id":17,"type":"broadcast"}}
2024/02/25 18:59:41 Received {n12 n8 {"messages":[699,698,690,702,693,705,700,694,708,703,695,707,696,709,701,704,691,697],"msg_id":742,"type":"broadcast"}}
2024/02/25 18:59:41 Sent {"src":"n8","dest":"n12","body":{"in_reply_to":742,"type":"broadcast_ok"}}
2024/02/25 18:59:41 Received {n12 n8 {"in_reply_to":17,"type":"broadcast_ok"}}
2024/02/25 18:59:41 Received {c58 n8 {"type":"broadcast","message":739,"msg_id":59}}
2024/02/25 18:59:41 Sent {"src":"n8","dest":"c58","body":{"in_reply_to":59,"type":"broadcast_ok"}}
2024/02/25 18:59:41 Sent {"src":"n8","dest":"n12","body":{"messages":[739],"msg_id":18,"type":"broadcast"}}
2024/02/25 18:59:41 Received {n12 n8 {"messages":[723,722,713,716,726,714,718,728,727,720,711,719,710,712,724,715,725,721,742],"msg_id":765,"type":"broadcast"}}
2024/02/25 18:59:41 Sent {"src":"n8","dest":"n12","body":{"in_reply_to":765,"type":"broadcast_ok"}}
2024/02/25 18:59:41 Received {n12 n8 {"in_reply_to":18,"type":"broadcast_ok"}}
2024/02/25 18:59:41 Received {c58 n8 {"type":"broadcast","message":757,"msg_id":60}}
2024/02/25 18:59:41 Sent {"src":"n8","dest":"c58","body":{"in_reply_to":60,"type":"broadcast_ok"}}
2024/02/25 18:59:41 Received {c58 n8 {"type":"broadcast","message":772,"msg_id":61}}
2024/02/25 18:59:41 Sent {"src":"n8","dest":"c58","body":{"in_reply_to":61,"type":"broadcast_ok"}}
2024/02/25 18:59:41 Sent {"src":"n8","dest":"n12","body":{"messages":[757,772],"msg_id":19,"type":"broadcast"}}
2024/02/25 18:59:42 Received {n12 n8 {"messages":[749,732,746,748,735,738,737,730,744,741,733,734,740,751,731,745,747,729,743,736,750],"msg_id":775,"type":"broadcast"}}
2024/02/25 18:59:42 Sent {"src":"n8","dest":"n12","body":{"in_reply_to":775,"type":"broadcast_ok"}}
2024/02/25 18:59:42 Received {n12 n8 {"in_reply_to":19,"type":"broadcast_ok"}}
2024/02/25 18:59:42 Received {c58 n8 {"type":"broadcast","message":783,"msg_id":62}}
2024/02/25 18:59:42 Sent {"src":"n8","dest":"c58","body":{"in_reply_to":62,"type":"broadcast_ok"}}
2024/02/25 18:59:42 Sent {"src":"n8","dest":"n12","body":{"messages":[783],"msg_id":20,"type":"broadcast"}}
2024/02/25 18:59:42 Received {c58 n8 {"type":"read","msg_id":63}}
2024/02/25 18:59:42 Sent {"src":"n8","dest":"c58","body":{"in_reply_to":63,"messages":[545,717,224,287,516,483,206,295,387,434,458,566,8,341,422,510,649,163,348,427,306,428,622,734,215,250,298,375,411,736,750,31,241,270,44,543,569,625,37,388,546,544,65,327,378,264,416,470,606,645,81,91,97,158,278,280,415,448,7,6,143,370,468,136,252,322,403,604,340,365,567,611,640,116,197,315,437,648,655,723,746,397,423,433,447,479,593,638,38,93,134,381,660,77,169,297,618,623,692,19,254,561,269,355,727,291,345,595,631,104,128,148,79,161,404,528,556,20,23,69,132,730,702,696,354,439,658,590,512,641,714,745,122,352,488,659,722,126,357,646,263,351,534,4,18,160,309,334,526,728,71,112,275,610,630,643,683,303,392,558,36,96,168,686,300,429,499,596,614,677,715,235,500,586,292,338,721,164,231,290,282,360,449,451,621,64,89,118,695,747,431,114,172,417,514,532,563,276,294,560,644,627,177,186,229,650,708,390,493,587,701,217,249,346,316,436,653,712,99,176,242,285,94,152,195,699,743,35,127,661,364,363,374,481,472,0,121,113,539,675,690,41,236,577,559,662,744,491,497,555,220,478,664,84,100,187,613,685,336,471,511,656,710,120,227,441,466,602,749,13,173,421,267,362,454,495,505,90,105,194,680,204,265,367,547,147,175,162,464,494,617,32,142,271,301,400,607,684,193,239,201,548,639,178,233,314,519,78,117,228,115,313,384,574,1,62,184,582,681,731,50,391,551,573,119,326,490,209,279,359,530,549,75,49,124,568,738,666,256,369,572,575,612,225,361,426,463,667,191,214,199,694,713,304,409,647,82,529,198,414,486,592,3,39,103,704,691,266,325,473,324,628,751,783,153,181,286,583,72,386,521,741,321,513,772,274,320,445,489,537,98,237,247,600,584,579,576,629,678,165,216,432,711,385,676,748,740,17,208,240,248,636,504,150,305,452,496,509,742,456,508,720,58,141,273,245,419,538,651,657,11,190,213,670,709,328,371,368,562,12,34,145,394,420,460,571,594,59,70,347,446,506,616,151,243,218,633,703,52,85,376,518,585,669,687,188,203,401,258,308,319,430,453,21,88,257,624,485,533,565,238,349,410,554,580,22,144,159,642,735,733,467,635,698,296,329,407,726,15,51,109,155,465,591,399,507,564,637,73,232,307,626,737,61,107,552,342,553,739,47,281,337,226,311,344,729,221,212,219,379,515,45,53,356,182,333,517,665,705,67,80,111,299,358,373,444,2,76,106,520,262,350,476,251,283,288,310,443,57,180,222,725,525,578,688,492,502,608,620,634,68,123,138,689,674,700,524,668,724,253,440,482,377,450,679,110,189,244,63,418,413,487,503,9,33,60,54,605,246,259,597,331,405,425,601,697,146,170,207,474,523,588,16,185,211,540,531,570,615,27,459,480,139,277,293,406,542,95,125,137,598,589,719,599,86,166,330,202,284,317,389,382,92,192,200,438,477,663,318,339,343,393,383,26,130,179,527,424,462,484,133,171,255,74,46,475,706,101,535,654,442,43,140,366,289,550,83,557,157,210,230,272,5,25,129,260,323,498,632,66,135,205,312,353,402,501,536,55,268,261,619,716,435,24,48,396,693,10,398,581,332,395,652,14,87,302,408,673,671,40,149,223,196,234,335,672,108,174,183,412,29,42,131,372,603,718,469,455,541,682,732,56,154,156,522,707,30,380,457,461,609,757,28,102,167],"type":"read_ok"}}
2024/02/25 18:59:42 Received {n12 n8 {"messages":[752,765,762,754,756,771,769,776,770,759,753,767,768,773,766,764,760,775,758,774,761,777,755,763],"msg_id":801,"type":"broadcast"}}
2024/02/25 18:59:42 Sent {"src":"n8","dest":"n12","body":{"in_reply_to":801,"type":"broadcast_ok"}}
2024/02/25 18:59:42 Received {n12 n8 {"in_reply_to":20,"type":"broadcast_ok"}}
2024/02/25 18:59:42 Received {c58 n8 {"type":"read","msg_id":64}}
2024/02/25 18:59:42 Sent {"src":"n8","dest":"c58","body":{"in_reply_to":64,"messages":[102,167,461,609,757,773,28,287,516,545,717,224,295,387,483,754,206,341,422,434,458,566,8,348,427,510,649,163,250,298,306,428,622,734,215,241,270,375,411,736,750,31,543,569,44,388,546,625,763,37,327,378,544,65,91,97,264,416,470,606,645,81,6,143,158,278,280,415,448,7,252,322,370,468,136,604,766,403,197,315,340,365,567,611,640,116,423,433,437,648,655,723,746,397,93,134,447,479,593,638,38,169,297,381,660,77,254,561,618,623,692,19,355,727,269,128,148,291,345,595,631,104,23,69,79,161,404,528,556,20,730,132,439,658,702,696,354,590,352,488,512,641,714,745,122,357,646,659,722,126,18,160,263,351,534,4,112,275,309,334,526,728,71,392,558,610,630,643,683,303,96,168,36,429,499,686,300,500,586,596,614,677,715,775,235,231,290,292,338,721,164,89,118,282,360,449,451,621,64,747,695,172,417,431,777,114,532,563,514,186,229,276,294,560,644,627,177,708,650,249,346,390,493,587,701,217,176,242,316,436,653,712,99,152,195,285,94,127,661,699,743,35,121,113,364,363,374,481,472,0,675,539,236,577,690,41,497,555,559,662,744,491,100,187,220,478,664,84,471,511,613,685,336,227,441,656,710,771,120,173,421,466,602,749,760,13,105,194,267,362,454,495,505,90,680,175,162,204,265,367,547,756,147,142,271,464,494,617,32,239,201,301,400,607,684,193,233,314,548,639,765,178,117,228,519,78,313,384,115,62,184,574,1,391,551,582,681,731,764,50,326,490,573,119,49,124,209,279,359,530,549,75,738,776,568,369,572,666,256,612,575,214,199,225,361,426,463,667,191,409,647,694,713,758,304,529,82,39,103,198,414,486,592,3,325,473,704,691,266,181,286,324,628,751,783,153,386,521,583,774,72,513,772,741,770,321,237,247,274,320,445,489,537,98,600,216,432,584,579,576,629,678,165,711,208,240,385,676,748,740,17,636,248,305,452,504,150,509,742,496,141,273,456,508,720,58,190,213,245,419,538,651,657,11,709,670,34,145,328,371,368,562,769,12,70,347,394,420,460,571,594,59,243,218,446,506,616,151,85,376,633,703,52,203,401,518,585,669,687,188,88,257,258,308,319,430,453,21,533,565,624,485,144,159,238,349,410,554,580,22,735,733,753,642,635,698,467,51,109,296,329,407,726,15,465,591,759,155,232,307,399,507,564,637,73,107,552,626,737,61,281,337,342,553,739,47,212,219,226,311,344,729,221,53,356,379,515,752,45,80,111,182,333,517,665,705,67,762,76,106,299,358,373,444,2,350,476,520,262,180,222,251,283,288,310,443,57,578,688,725,525,123,138,492,502,608,620,634,68,674,700,689,440,482,524,668,724,253,189,244,377,450,679,110,33,60,63,418,413,487,503,9,605,54,259,597,246,170,207,331,405,425,601,697,146,185,211,474,523,588,16,459,480,540,531,570,615,27,125,137,139,277,293,406,542,95,589,719,598,166,330,599,767,761,86,192,200,202,284,317,389,382,92,477,663,438,130,179,318,339,343,393,383,26,462,484,527,424,171,255,133,46,475,74,535,654,706,101,140,366,442,768,43,550,289,557,83,25,129,157,210,230,272,5,135,205,260,323,498,632,66,268,261,312,353,402,501,536,55,716,619,48,396,435,755,24,398,581,693,10,87,302,332,395,652,14,149,223,408,673,671,40,174,183,196,234,335,672,108,42,131,412,29,603,718,372,154,156,469,455,541,682,732,56,380,457,522,707,30],"type":"read_ok"}}
2024/02/25 18:59:43 Received {n12 n8 {"messages":[779,789,786,788,781,784,790,792,785,780,793,778,791,787,782,809],"msg_id":837,"type":"broadcast"}}
2024/02/25 18:59:43 Received {c58 n8 {"type":"read","msg_id":65}}
2024/02/25 18:59:43 Sent {"src":"n8","dest":"n12","body":{"in_reply_to":837,"type":"broadcast_ok"}}
2024/02/25 18:59:43 Sent {"src":"n8","dest":"c58","body":{"in_reply_to":65,"messages":[775,235,500,586,596,614,677,715,782,164,231,290,292,338,721,621,64,89,118,282,360,449,451,695,747,114,172,417,431,777,514,532,563,627,177,186,229,276,294,560,644,650,708,217,249,346,390,493,587,701,99,176,242,316,436,653,712,94,152,195,285,35,127,661,699,743,472,0,121,113,364,363,374,481,539,675,41,236,577,690,491,497,555,559,662,744,793,84,100,187,220,478,664,787,336,471,511,613,685,120,227,441,656,710,771,789,13,173,421,466,602,749,760,505,90,105,194,267,362,454,495,680,756,147,175,162,204,265,367,547,32,142,271,464,494,617,193,239,201,301,400,607,684,178,233,314,548,639,765,78,117,228,519,115,313,384,809,1,62,184,574,50,391,551,582,681,731,764,119,326,490,573,549,75,49,124,209,279,359,530,568,738,776,781,256,369,572,666,575,612,667,191,214,199,225,361,426,463,304,409,647,694,713,758,82,529,3,39,103,198,414,486,592,266,325,473,704,691,153,181,286,324,628,751,783,72,386,521,583,774,321,513,772,741,770,784,537,98,237,247,274,320,445,489,600,678,165,216,432,584,579,576,629,711,790,17,208,240,385,676,748,740,248,636,150,305,452,504,496,509,742,58,141,273,456,508,720,657,11,190,213,245,419,538,651,670,709,769,12,34,145,328,371,368,562,594,59,70,347,394,420,460,571,151,243,218,446,506,616,52,85,376,633,703,188,203,401,518,585,669,687,453,21,88,257,258,308,319,430,485,533,565,624,580,22,144,159,238,349,410,554,642,735,733,753,467,635,698,15,51,109,296,329,407,726,155,465,591,759,73,232,307,399,507,564,637,61,107,552,626,737,47,281,337,342,553,739,221,212,219,226,311,344,729,45,53,356,379,515,752,791,705,67,80,111,182,333,517,665,762,788,2,76,106,299,358,373,444,262,350,476,520,443,57,180,222,251,283,288,310,525,578,688,725,634,68,123,138,492,502,608,620,689,674,700,253,440,482,524,668,724,110,189,244,377,450,679,503,9,33,60,63,418,413,487,54,605,246,259,597,697,146,170,207,331,405,425,601,16,185,211,474,523,588,27,459,480,540,531,570,615,542,95,125,137,139,277,293,406,598,589,719,86,166,330,599,767,761,382,92,192,200,202,284,317,389,438,477,663,780,383,26,130,179,318,339,343,393,424,462,484,527,133,171,255,74,46,475,101,535,654,706,43,140,366,442,768,289,550,83,557,5,25,129,157,210,230,272,66,135,205,260,323,498,632,536,55,268,261,312,353,402,501,619,716,24,48,396,435,755,10,398,581,693,14,87,302,332,395,652,40,149,223,408,673,671,108,174,183,196,234,335,672,29,42,131,412,372,603,718,732,56,154,156,469,455,541,682,30,380,457,522,707,28,102,167,461,609,757,773,224,287,516,545,717,206,295,387,483,754,8,341,422,434,458,566,163,348,427,510,649,215,250,298,306,428,622,734,31,241,270,375,411,736,750,44,543,569,37,388,546,625,763,65,327,378,544,645,81,91,97,264,416,470,606,448,7,6,143,158,278,280,415,136,252,322,370,468,403,604,766,640,116,197,315,340,365,567,611,746,397,423,433,437,648,655,723,778,38,93,134,447,479,593,638,77,169,297,381,660,786,19,254,561,618,623,692,269,355,727,104,128,148,291,345,595,631,556,20,23,69,79,161,404,528,792,132,730,354,439,658,702,696,590,779,122,352,488,512,641,714,745,126,357,646,659,722,4,18,160,263,351,534,785,71,112,275,309,334,526,728,303,392,558,610,630,643,683,36,96,168,300,429,499,686],"type":"read_ok"}}
2024/02/25 18:59:43 Received {c58 n8 {"type":"broadcast","message":837,"msg_id":66}}
2024/02/25 18:59:43 Sent {"src":"n8","dest":"c58","body":{"in_reply_to":66,"type":"broadcast_ok"}}
2024/02/25 18:59:43 Sent {"src":"n8","dest":"n12","body":{"messages":[837],"msg_id":21,"type":"broadcast"}}
2024/02/25 18:59:43 Received {n12 n8 {"messages":[812,798,811,800,813,807,805,804,801,815,797,810,795,808,794,803,806,802,796,814,799,822],"msg_id":861,"type":"broadcast"}}
2024/02/25 18:59:43 Received {c58 n8 {"type":"read","msg_id":67}}
2024/02/25 18:59:43 Sent {"src":"n8","dest":"n12","body":{"in_reply_to":861,"type":"broadcast_ok"}}
2024/02/25 18:59:43 Sent {"src":"n8","dest":"c58","body":{"in_reply_to":67,"messages":[148,291,345,595,631,104,128,69,79,161,404,528,556,20,23,792,799,132,730,658,702,696,354,439,590,488,512,641,714,745,779,122,352,646,659,722,795,126,357,160,263,351,534,785,797,4,18,802,275,309,334,526,728,803,71,112,558,610,630,643,683,303,392,168,36,96,499,686,300,429,586,596,614,677,715,775,235,500,782,290,292,338,721,164,231,118,282,360,449,451,621,64,89,695,747,417,431,777,811,801,114,172,563,514,532,229,276,294,560,644,627,177,186,650,708,346,390,493,587,701,217,249,242,316,436,653,712,99,176,195,285,94,152,661,699,743,800,35,127,113,364,363,374,481,472,0,121,539,675,577,690,41,236,555,559,662,744,793,491,497,187,220,478,664,787,84,100,511,613,685,336,471,441,656,710,771,120,227,421,466,602,749,760,789,13,173,194,267,362,454,495,505,90,105,680,806,162,204,265,367,547,756,147,175,812,271,464,494,617,32,142,201,301,400,607,684,193,239,314,548,639,765,178,233,228,519,814,78,117,384,809,115,313,184,574,1,62,551,582,681,731,764,50,391,490,573,119,326,124,209,279,359,530,549,75,49,776,781,568,738,572,666,256,369,575,612,199,225,361,426,463,667,191,214,647,694,713,758,304,409,82,529,103,198,414,486,592,3,39,473,704,691,810,266,325,286,324,628,751,783,153,181,521,583,774,72,386,772,741,770,784,321,513,247,274,320,445,489,537,98,237,600,432,584,579,576,629,678,165,216,711,240,385,676,748,740,790,17,208,807,248,636,452,504,150,305,742,496,509,273,456,508,720,58,141,213,245,419,538,651,657,11,190,670,709,145,328,371,368,562,769,12,34,347,394,420,460,571,594,59,70,218,446,506,616,151,243,376,633,703,52,85,401,518,585,669,687,188,203,257,258,308,319,430,453,21,88,565,624,485,533,159,238,349,410,554,580,22,144,733,753,642,735,698,467,635,109,296,329,407,726,15,51,591,759,155,465,307,399,507,564,637,73,232,552,626,737,61,107,337,342,553,739,47,281,219,226,311,344,729,221,212,356,379,515,752,791,45,53,111,182,333,517,665,705,67,80,804,762,788,106,299,358,373,444,2,76,476,520,262,350,222,251,283,288,310,443,57,180,688,725,525,578,138,492,502,608,620,634,68,123,700,689,674,482,524,668,724,253,440,244,377,450,679,110,189,60,63,418,413,487,503,9,33,798,54,605,597,246,259,207,331,405,425,601,697,146,170,211,474,523,588,16,185,480,540,531,570,615,27,459,137,139,277,293,406,542,95,125,719,598,589,330,599,767,761,86,166,200,202,284,317,389,382,92,192,663,780,805,438,477,179,318,339,343,393,383,26,130,484,527,822,424,462,255,133,171,475,74,46,654,706,101,535,366,442,768,794,43,140,289,550,83,557,129,157,210,230,272,5,25,205,260,323,498,632,66,135,261,312,353,402,501,536,55,268,619,716,396,435,755,24,48,581,693,837,813,815,10,398,302,332,395,652,14,87,223,408,673,671,40,149,183,196,234,335,672,108,174,131,412,29,42,718,372,603,156,469,455,541,682,732,56,154,457,522,707,30,380,167,461,609,757,773,28,102,516,545,717,224,287,387,483,754,206,295,422,434,458,566,8,341,427,510,649,163,348,298,306,428,622,734,215,250,270,375,411,736,750,31,241,569,44,543,546,625,763,37,388,378,544,65,327,97,264,416,470,606,645,81,91,143,158,278,280,415,448,7,6,322,370,468,136,252,766,403,604,315,340,365,567,611,640,116,197,433,437,648,655,723,746,397,423,808,134,447,479,593,638,778,38,93,297,381,660,786,796,77,169,561,618,623,692,19,254,727,269,355],"type":"read_ok"}}
2024/02/25 18:59:43 Received {n12 n8 {"in_reply_to":21,"type":"broadcast_ok"}}
2024/02/25 18:59:43 Received {c58 n8 {"type":"broadcast","message":861,"msg_id":68}}
2024/02/25 18:59:43 Sent {"src":"n8","dest":"c58","body":{"in_reply_to":68,"type":"broadcast_ok"}}
2024/02/25 18:59:43 Sent {"src":"n8","dest":"n12","body":{"messages":[861],"msg_id":22,"type":"broadcast"}}
2024/02/25 18:59:44 Received {n12 n8 {"messages":[816,830,827,836,819,834,824,838,823,840,839,826,842,828,843,829,817,831,825,841,821,820,835,818,832,833,863],"msg_id":884,"type":"broadcast"}}
2024/02/25 18:59:44 Sent {"src":"n8","dest":"n12","body":{"in_reply_to":884,"type":"broadcast_ok"}}
2024/02/25 18:59:44 Received {n12 n8 {"in_reply_to":22,"type":"broadcast_ok"}}
2024/02/25 18:59:44 Received {c58 n8 {"type":"read","msg_id":69}}
2024/02/25 18:59:44 Sent {"src":"n8","dest":"c58","body":{"in_reply_to":69,"messages":[481,472,539,675,0,113,363,374,821,577,690,662,744,491,497,555,559,478,787,84,220,336,656,602,749,760,789,466,495,90,267,680,806,147,175,204,812,494,617,32,607,684,193,239,765,314,814,834,519,115,384,809,1,184,574,391,582,681,731,119,326,490,573,279,359,530,549,49,209,738,781,369,572,838,426,667,191,225,713,304,647,694,82,529,3,103,198,810,266,325,473,704,751,286,324,72,774,863,770,784,321,537,98,579,576,678,165,432,711,748,740,790,17,208,240,807,150,305,452,742,508,58,273,538,651,11,190,213,670,709,368,562,769,12,145,420,460,59,70,347,394,506,243,218,446,52,85,703,669,203,319,430,453,21,88,580,144,159,735,467,698,835,329,407,726,51,109,759,832,507,73,232,307,399,737,107,552,626,553,281,342,311,344,729,221,219,226,515,791,45,53,356,333,665,705,67,80,182,762,804,358,106,299,262,350,520,829,288,310,180,525,578,725,502,620,634,68,123,138,700,724,440,524,450,679,110,189,244,377,487,33,60,798,246,259,833,207,331,425,697,16,211,531,570,459,540,277,542,125,589,166,330,599,317,389,92,200,202,805,826,438,663,780,339,343,383,130,179,318,822,424,255,475,101,535,794,43,210,5,25,129,157,498,66,205,260,619,268,261,353,536,755,24,435,837,10,581,693,652,87,302,332,673,40,149,223,234,108,29,131,412,372,603,455,682,732,154,469,816,457,609,28,102,461,717,840,287,516,545,754,206,295,483,566,649,163,510,622,734,250,306,831,31,241,736,750,569,388,625,327,544,606,81,278,7,6,143,158,468,136,252,322,403,766,611,116,197,648,746,397,423,433,479,593,638,38,169,381,796,19,561,692,355,128,148,345,631,161,404,556,792,20,23,69,79,132,354,658,702,696,590,122,512,641,714,126,357,646,659,802,4,351,785,797,334,526,610,683,36,168,818,686,677,775,235,586,782,338,830,290,360,449,451,118,282,695,811,801,114,172,431,294,186,276,708,217,249,346,436,712,152,195,285,743,35,661,121,364,41,236,820,793,664,100,187,685,471,511,613,710,771,120,227,441,13,173,421,362,454,505,105,194,265,367,547,756,162,827,142,271,464,400,201,301,639,178,233,548,839,78,117,228,313,62,50,551,764,828,75,124,568,776,256,666,575,612,361,463,214,199,758,409,414,486,592,39,691,628,783,153,181,386,521,583,513,772,741,320,445,489,237,247,274,600,629,216,584,836,676,385,248,636,504,496,509,817,720,141,456,419,657,245,371,34,328,571,594,616,151,376,633,843,585,687,188,401,518,308,257,258,485,533,565,624,349,410,554,22,238,642,733,753,635,15,296,155,465,591,564,637,61,739,47,337,212,752,379,517,111,788,373,444,2,76,476,283,443,57,222,251,688,608,492,689,674,668,253,482,418,413,503,9,63,54,605,597,146,170,405,601,523,588,185,474,615,27,480,293,406,95,137,139,598,719,767,761,86,284,382,192,477,393,26,819,462,484,527,133,171,74,46,654,706,768,140,366,442,289,550,83,557,230,272,323,632,135,716,825,55,312,402,501,48,396,813,815,398,395,14,671,408,335,672,174,183,196,42,718,541,56,156,824,707,30,380,522,757,773,167,224,842,387,458,8,341,422,434,348,427,428,215,298,270,375,411,44,543,763,37,546,65,378,416,470,645,91,97,264,280,415,448,370,604,365,567,640,315,340,655,723,437,808,778,93,134,447,77,297,660,786,254,618,623,269,727,104,291,595,528,730,799,439,352,488,745,779,722,795,18,160,263,534,728,803,71,112,275,309,643,823,303,392,558,630,96,841,300,429,499,614,715,500,596,721,164,231,292,621,64,89,747,861,777,417,514,532,563,560,644,627,177,229,650,493,587,701,390,653,99,176,242,316,94,800,127,699],"type":"read_ok"}}
2024/02/25 18:59:44 Received {c58 n8 {"type":"read","msg_id":70}}
2024/02/25 18:59:44 Sent {"src":"n8","dest":"c58","body":{"in_reply_to":70,"messages":[36,168,818,686,677,775,235,586,782,830,290,338,449,451,118,282,360,695,811,801,114,172,431,186,276,294,708,217,249,346,712,436,152,195,285,35,661,743,121,364,41,236,820,793,664,100,187,471,511,613,685,771,120,227,441,710,13,173,421,454,505,105,194,362,367,547,756,162,265,827,142,271,464,201,301,400,178,233,548,639,839,78,117,228,313,62,50,551,764,828,75,124,568,776,256,666,575,612,463,214,199,361,758,409,486,592,39,414,691,783,153,181,628,386,521,583,513,772,741,445,489,237,247,274,320,600,629,216,584,836,385,676,248,636,504,496,509,817,720,141,456,657,245,419,34,328,371,571,594,616,151,376,633,843,687,188,401,518,585,257,258,308,485,533,565,624,410,554,22,238,349,642,733,753,635,15,296,155,465,591,564,637,61,739,47,337,212,752,379,517,111,788,373,444,2,76,476,443,57,222,251,283,688,608,492,689,674,253,482,668,413,503,9,63,418,54,605,597,146,170,405,601,588,185,474,523,615,27,480,293,406,95,137,139,598,719,761,86,767,382,192,284,477,393,26,819,462,484,527,133,171,74,46,654,706,140,366,442,768,289,550,83,557,230,272,632,135,323,825,55,312,402,501,716,48,396,813,815,398,14,395,671,408,335,672,174,183,196,42,718,541,56,156,824,30,380,522,707,757,773,167,224,842,387,8,341,422,434,458,348,427,215,298,428,270,375,411,44,543,37,546,763,65,378,470,645,91,97,264,416,280,415,448,370,604,567,640,315,340,365,655,723,437,808,778,93,134,447,77,297,660,786,254,618,623,269,727,104,291,595,528,730,799,439,352,488,745,779,722,795,18,160,263,534,803,71,112,275,309,728,823,303,392,558,630,643,96,841,300,429,499,715,500,596,614,721,164,231,292,621,64,89,747,861,417,777,514,532,563,560,644,627,177,229,650,587,701,390,493,653,99,176,242,316,94,800,127,699,472,539,675,0,113,363,374,481,821,577,690,744,491,497,555,559,662,787,84,220,478,336,656,749,760,789,466,602,495,90,267,680,806,147,175,204,812,617,32,494,607,684,193,239,765,314,834,519,814,115,384,809,1,184,574,391,582,681,731,119,326,490,573,359,530,549,49,209,279,738,781,369,572,838,426,667,191,225,304,647,694,713,82,529,3,103,198,810,266,325,473,704,751,286,324,72,774,863,784,321,770,537,98,576,678,165,432,579,711,748,740,790,17,208,240,807,150,305,452,742,58,273,508,538,651,11,190,213,670,709,368,562,769,12,145,460,59,70,347,394,420,243,218,446,506,52,85,703,669,203,319,430,453,21,88,580,144,159,735,467,698,835,407,726,51,109,329,759,832,73,232,307,399,507,107,552,626,737,281,342,553,344,729,221,219,226,311,791,45,53,356,515,665,705,67,80,182,333,762,804,106,299,358,262,350,520,829,288,310,180,525,578,725,620,634,68,123,138,502,700,724,440,524,679,110,189,244,377,450,487,33,60,798,246,259,207,331,425,697,833,16,211,570,459,540,531,542,125,277,589,166,330,599,317,389,92,200,202,826,438,663,780,805,343,383,130,179,318,339,424,822,255,475,101,535,794,43,5,25,129,157,210,498,66,205,260,268,261,353,536,619,24,435,755,10,581,693,837,652,87,302,332,40,149,223,673,108,234,29,131,412,372,603,682,732,154,469,455,816,457,28,102,461,609,840,287,516,545,717,206,295,483,754,566,163,510,649,622,734,250,306,31,241,736,750,831,569,388,625,327,544,606,81,7,6,143,158,278,136,252,322,468,403,766,611,116,197,746,397,423,433,648,593,638,38,479,169,381,796,19,561,692,355,128,148,345,631,404,556,792,20,23,69,79,161,132,354,658,702,696,590,122,512,641,714,126,357,646,659,4,351,785,797,802,334,526,610,683],"type":"read_ok"}}
2024/02/25 18:59:44 Received {n12 n8 {"messages":[853,855,848,860,850,856,852,849,864,845,857,858,859,846,862,854,847,844,851,871],"msg_id":912,"type":"broadcast"}}
2024/02/25 18:59:44 Sent {"src":"n8","dest":"n12","body":{"in_reply_to":912,"type":"broadcast_ok"}}
2024/02/25 18:59:44 Received {c58 n8 {"type":"read","msg_id":71}}
2024/02/25 18:59:44 Sent {"src":"n8","dest":"c58","body":{"in_reply_to":71,"messages":[388,625,327,544,606,81,7,6,143,158,278,136,252,322,468,403,766,611,116,197,746,397,423,433,648,638,38,479,593,169,381,796,19,561,692,355,128,148,345,631,556,792,20,23,69,79,161,404,132,354,658,702,696,590,122,512,641,714,126,357,646,659,4,351,785,797,802,334,526,846,610,683,36,168,818,686,235,586,677,775,782,848,290,338,830,118,282,360,449,451,695,114,172,431,811,801,186,276,294,708,217,249,346,436,712,152,195,285,35,661,743,121,364,41,236,820,851,793,100,187,664,471,511,613,685,120,227,441,710,771,13,173,421,105,194,362,454,505,162,265,367,547,756,827,142,271,464,201,301,400,178,233,548,639,78,117,228,839,313,849,62,50,551,764,828,75,124,568,776,256,666,575,612,463,214,199,361,409,758,853,592,39,414,486,691,153,181,628,783,854,386,521,583,513,772,741,489,237,247,274,320,445,600,629,216,584,836,385,676,248,636,504,496,509,817,141,456,720,657,245,419,34,328,371,571,594,151,616,376,633,843,687,188,401,518,585,257,258,308,485,533,565,624,554,22,238,349,410,642,733,753,635,15,296,155,465,591,637,564,61,47,337,739,212,379,752,111,517,788,2,76,373,444,852,476,443,57,222,251,283,688,492,608,689,674,253,482,668,503,9,63,418,413,54,605,597,871,146,170,405,601,185,474,523,588,847,615,27,480,406,95,137,139,293,598,719,86,767,761,382,192,284,477,393,26,462,484,527,819,133,171,844,74,46,654,706,140,366,442,768,289,550,83,557,272,230,632,135,323,55,312,402,501,716,825,48,396,815,398,813,14,395,408,671,672,174,183,196,335,42,718,56,156,541,824,30,380,522,707,773,167,757,224,387,842,8,341,422,434,458,348,427,215,298,428,270,375,411,44,543,37,546,763,65,378,645,91,97,264,416,470,415,448,280,370,604,640,315,340,365,567,723,437,655,808,778,93,134,447,77,297,660,786,254,618,623,269,727,859,104,291,595,528,730,799,439,352,488,745,779,722,795,18,160,263,534,858,856,71,112,275,309,728,803,303,392,558,630,643,823,96,841,300,429,499,500,596,614,715,164,231,292,721,64,89,621,747,861,855,417,777,514,532,563,177,229,560,644,627,650,390,493,587,701,99,176,242,316,653,94,127,699,800,862,539,675,0,113,363,374,481,472,821,577,690,491,497,555,559,662,744,84,220,478,787,336,656,466,602,749,760,789,90,267,495,680,806,147,175,204,812,32,494,617,193,239,607,684,314,765,864,519,814,834,115,384,809,1,184,574,391,582,681,731,119,326,490,573,530,549,49,209,279,359,738,781,369,572,838,667,191,225,426,304,647,694,713,82,529,3,103,198,266,325,473,704,810,286,324,751,857,72,774,863,321,770,784,537,98,678,165,432,579,576,711,740,790,17,208,240,748,807,845,150,305,452,742,58,273,508,651,11,190,213,538,670,709,562,769,12,145,368,59,70,347,394,420,460,243,218,446,506,52,85,703,203,669,430,453,21,88,319,580,144,159,735,467,698,835,726,51,109,329,407,759,832,860,73,232,307,399,507,107,552,626,737,281,342,553,729,221,219,226,311,344,791,45,53,356,515,665,705,67,80,182,333,762,804,106,299,358,262,350,520,829,310,180,288,525,578,725,620,634,68,123,138,502,700,440,524,724,110,189,244,377,450,679,487,33,60,798,246,259,207,331,425,697,833,16,211,459,540,531,570,542,125,277,589,166,330,599,389,92,200,202,317,438,663,780,805,826,383,130,179,318,339,343,424,822,255,475,101,535,43,794,850,5,25,129,157,210,66,205,260,498,268,261,353,536,619,24,435,755,10,581,693,837,87,302,332,652,40,149,223,673,108,234,29,131,412,372,603,682,732,154,469,455,816,457,28,102,461,609,287,516,545,717,840,206,295,483,754,566,163,510,649,734,250,306,622,31,241,736,750,831,569],"type":"read_ok"}}
2024/02/25 18:59:45 Received {n12 n8 {"messages":[874,883,868,878,869,879,873,877,866,875,867,876,870,865,872,894],"msg_id":929,"type":"broadcast"}}
2024/02/25 18:59:45 Sent {"src":"n8","dest":"n12","body":{"in_reply_to":929,"type":"broadcast_ok"}}
2024/02/25 18:59:45 Received {n12 n8 {"messages":[898,886,900,885,902,903,896,891,904,892,889,905,888,899,881,884,895,887,897,880,893,890,901,882],"msg_id":950,"type":"broadcast"}}
2024/02/25 18:59:45 Sent {"src":"n8","dest":"n12","body":{"in_reply_to":950,"type":"broadcast_ok"}}
2024/02/25 18:59:46 Received {n12 n8 {"messages":[906],"msg_id":973,"type":"broadcast"}}
2024/02/25 18:59:46 Sent {"src":"n8","dest":"n12","body":{"in_reply_to":973,"type":"broadcast_ok"}}
2024/02/25 18:59:55 Received {c58 n8 {"type":"read","msg_id":72}}
2024/02/25 18:59:55 Sent {"src":"n8","dest":"c58","body":{"in_reply_to":72,"messages":[625,388,544,327,606,81,143,158,278,7,6,322,468,136,252,766,403,611,116,197,433,648,746,397,423,479,593,638,38,796,169,381,692,893,19,561,355,345,631,128,148,69,79,161,404,556,792,20,23,132,702,696,902,354,658,590,641,714,122,512,646,659,126,357,785,797,802,875,4,351,846,334,526,610,683,818,36,168,686,677,775,782,848,235,586,830,290,338,360,449,451,695,877,118,282,431,811,801,114,172,294,708,186,276,346,217,249,436,712,285,152,195,743,905,35,661,121,364,820,851,41,236,793,664,100,187,613,685,471,511,441,710,771,120,227,421,13,173,362,454,505,105,194,367,547,756,827,162,265,464,142,271,400,201,301,548,639,178,233,228,839,900,78,117,891,313,849,62,764,828,50,551,568,776,75,124,256,666,575,612,361,463,214,199,853,870,409,758,486,592,39,414,691,628,783,854,153,181,583,886,386,521,741,885,513,772,274,320,445,489,600,237,247,629,836,216,584,385,676,248,636,504,817,890,496,509,720,141,456,657,245,419,371,34,328,571,594,873,151,616,843,376,633,518,585,687,188,401,308,485,533,565,624,257,258,349,410,554,642,733,753,22,238,635,15,296,591,155,465,879,564,637,61,739,47,337,212,379,752,788,111,517,373,444,852,894,2,76,476,251,283,443,688,57,222,689,674,492,608,668,253,482,887,418,413,503,9,63,54,605,597,871,405,601,146,170,523,588,847,185,474,615,27,480,139,293,406,598,719,897,95,137,761,86,767,382,477,866,192,284,462,484,527,819,26,393,844,133,171,74,46,654,706,442,768,140,366,289,550,874,83,557,230,272,632,135,323,402,501,716,825,55,312,48,396,815,398,813,14,395,408,671,183,196,335,672,174,42,718,889,156,541,56,824,522,707,30,380,167,757,773,224,387,842,422,434,458,8,341,427,348,298,428,215,411,270,375,44,543,546,763,37,378,65,97,264,416,470,645,91,280,415,448,370,604,315,340,365,567,640,437,655,723,808,134,447,778,93,660,786,77,297,623,880,254,618,859,269,727,595,869,104,291,528,730,799,439,899,745,779,876,352,488,722,795,263,534,858,18,160,275,309,728,803,856,71,112,558,630,643,823,303,392,96,841,499,300,429,614,715,500,596,292,721,906,164,231,621,747,861,855,64,89,417,777,563,514,532,560,644,627,650,177,229,587,701,390,493,242,316,653,99,176,94,800,862,892,127,699,363,374,481,472,539,675,0,113,821,577,690,555,559,662,744,491,497,478,787,84,220,336,656,749,760,789,466,602,495,680,806,904,90,267,204,812,147,175,617,32,494,607,684,193,239,864,314,765,834,883,519,814,809,115,384,574,867,1,184,681,731,391,582,490,573,119,326,279,359,530,549,738,781,49,209,872,369,572,838,426,667,191,225,694,713,304,647,82,529,198,3,103,473,704,810,266,325,751,857,286,324,863,72,774,784,321,770,98,537,579,576,678,711,165,432,240,748,740,790,903,17,208,807,845,452,878,881,150,305,742,508,58,273,213,538,651,670,709,11,190,368,562,769,12,145,347,394,420,460,896,59,70,446,506,243,218,703,52,85,203,669,319,430,453,895,21,88,580,735,868,144,159,835,467,698,329,407,726,51,109,860,759,832,307,399,507,73,232,626,737,107,552,553,882,281,342,226,311,344,729,221,219,356,515,791,45,53,182,333,665,705,762,804,67,80,358,106,299,520,829,262,350,310,525,578,725,180,288,138,502,620,634,700,68,123,724,440,524,244,377,450,679,110,189,487,798,33,60,246,259,425,697,833,901,207,331,898,16,211,531,570,459,540,542,589,125,277,599,166,330,202,317,389,438,663,780,92,200,805,826,318,339,343,383,424,822,130,179,255,475,884,101,535,43,794,850,129,157,210,5,25,260,498,66,205,353,536,619,268,261,755,24,435,693,837,888,10,581,332,652,87,302,223,673,40,149,234,108,131,412,29,372,603,469,455,682,732,154,816,457,461,609,28,102,516,545,717,840,287,483,754,206,295,566,510,649,163,306,622,734,250,736,750,831,865,31,241,569],"type":"read_ok"}}
