2024/02/25 18:59:24 Received {c6 n9 {"type":"init","node_id":"n9","node_ids":["n0","n1","n2","n3","n4","n5","n6","n7","n8","n9","n10","n11","n12","n13","n14","n15","n16","n17","n18","n19","n20","n21","n22","n23","n24"],"msg_id":1}}
2024/02/25 18:59:24 Node n9 initialized
2024/02/25 18:59:24 Sent {"src":"n9","dest":"c6","body":{"in_reply_to":1,"type":"init_ok"}}
2024/02/25 18:59:25 Received {c34 n9 {"type":"topology","topology":{"n2":["n7","n3","n1"],"n21":["n16","n22","n20"],"n23":["n18","n24","n22"],"n5":["n10","n0","n6"],"n8":["n13","n3","n9","n7"],"n6":["n11","n1","n7","n5"],"n19":["n24","n14","n18"],"n14":["n19","n9","n13"],"n17":["n22","n12","n18","n16"],"n1":["n6","n2","n0"],"n24":["n19","n23"],"n4":["n9","n3"],"n0":["n5","n1"],"n18":["n23","n13","n19","n17"],"n9":["n14","n4","n8"],"n10":["n15","n5","n11"],"n22":["n17","n23","n21"],"n15":["n20","n10","n16"],"n13":["n18","n8","n14","n12"],"n3":["n8","n4","n2"],"n12":["n17","n7","n13","n11"],"n11":["n16","n6","n12","n10"],"n16":["n21","n11","n17","n15"],"n7":["n12","n2","n8","n6"],"n20":["n15","n21"]},"msg_id":1}}
2024/02/25 18:59:25 Sent {"src":"n9","dest":"c34","body":{"in_reply_to":1,"type":"topology_ok"}}
2024/02/25 18:59:25 Received {c59 n9 {"type":"read","msg_id":1}}
2024/02/25 18:59:25 Sent {"src":"n9","dest":"c59","body":{"in_reply_to":1,"messages":[],"type":"read_ok"}}
2024/02/25 18:59:25 Received {c59 n9 {"type":"broadcast","message":17,"msg_id":2}}
2024/02/25 18:59:25 Sent {"src":"n9","dest":"c59","body":{"in_reply_to":2,"type":"broadcast_ok"}}
2024/02/25 18:59:25 Sent {"src":"n9","dest":"n12","body":{"messages":[17],"msg_id":1,"type":"broadcast"}}
2024/02/25 18:59:25 Received {n12 n9 {"in_reply_to":1,"type":"broadcast_ok"}}
2024/02/25 18:59:25 Received {c59 n9 {"type":"broadcast","message":36,"msg_id":3}}
2024/02/25 18:59:25 Sent {"src":"n9","dest":"c59","body":{"in_reply_to":3,"type":"broadcast_ok"}}
2024/02/25 18:59:25 Sent {"src":"n9","dest":"n12","body":{"messages":[36],"msg_id":2,"type":"broadcast"}}
2024/02/25 18:59:26 Received {n12 n9 {"messages":[9,20,3,16,2,15,7,14,4,18,10,19,5,0,11,12,8,6,13,1,39],"msg_id":16,"type":"broadcast"}}
2024/02/25 18:59:26 Received {c59 n9 {"type":"read","msg_id":4}}
2024/02/25 18:59:26 Sent {"src":"n9","dest":"n12","body":{"in_reply_to":16,"type":"broadcast_ok"}}
2024/02/25 18:59:26 Sent {"src":"n9","dest":"c59","body":{"in_reply_to":4,"messages":[19,0,11,8,17,20,14,4,39,6,13,9,16,10,5,1,36,15,7,12,3,2,18],"type":"read_ok"}}
2024/02/25 18:59:26 Received {n12 n9 {"in_reply_to":2,"type":"broadcast_ok"}}
2024/02/25 18:59:26 Received {c59 n9 {"type":"read","msg_id":5}}
2024/02/25 18:59:26 Sent {"src":"n9","dest":"c59","body":{"in_reply_to":5,"messages":[1,36,15,7,12,3,2,18,19,0,11,8,17,20,14,4,39,6,13,9,16,10,5],"type":"read_ok"}}
2024/02/25 18:59:26 Received {n12 n9 {"messages":[35,27,45,24,32,43,31,37,30,48,28,29,46,21,38,22,23,40,25,42,33,26,41,44,47,34,64],"msg_id":45,"type":"broadcast"}}
2024/02/25 18:59:26 Received {c59 n9 {"type":"read","msg_id":6}}
2024/02/25 18:59:26 Sent {"src":"n9","dest":"n12","body":{"in_reply_to":45,"type":"broadcast_ok"}}
2024/02/25 18:59:26 Sent {"src":"n9","dest":"c59","body":{"in_reply_to":6,"messages":[25,18,32,31,48,28,46,30,40,20,4,11,39,35,37,47,26,9,16,10,6,13,29,44,64,7,27,45,43,23,41,3,2,21,17,14,19,0,8,38,5,24,22,42,36,15,12,1,33,34],"type":"read_ok"}}
2024/02/25 18:59:26 Received {c59 n9 {"type":"broadcast","message":83,"msg_id":7}}
2024/02/25 18:59:26 Sent {"src":"n9","dest":"c59","body":{"in_reply_to":7,"type":"broadcast_ok"}}
2024/02/25 18:59:26 Sent {"src":"n9","dest":"n12","body":{"messages":[83],"msg_id":3,"type":"broadcast"}}
2024/02/25 18:59:27 Received {n12 n9 {"messages":[55,67,50,61,73,75,56,60,51,62,72,57,68,59,69,52,65,49,63,70,53,58,54,66,71],"msg_id":66,"type":"broadcast"}}
2024/02/25 18:59:27 Received {c59 n9 {"type":"read","msg_id":8}}
2024/02/25 18:59:27 Sent {"src":"n9","dest":"n12","body":{"in_reply_to":66,"type":"broadcast_ok"}}
2024/02/25 18:59:27 Sent {"src":"n9","dest":"c59","body":{"in_reply_to":8,"messages":[39,47,51,4,6,26,16,45,64,27,61,70,71,2,14,19,8,83,53,17,42,75,54,5,15,12,34,36,31,46,25,18,11,35,37,30,40,62,58,20,10,13,29,73,57,52,9,43,23,41,44,49,66,7,21,60,65,63,3,38,59,0,22,72,68,24,33,50,56,1,48,28,55,67,69,32],"type":"read_ok"}}
2024/02/25 18:59:27 Received {n12 n9 {"in_reply_to":3,"type":"broadcast_ok"}}
2024/02/25 18:59:27 Received {c59 n9 {"type":"read","msg_id":9}}
2024/02/25 18:59:27 Sent {"src":"n9","dest":"c59","body":{"in_reply_to":9,"messages":[69,32,48,28,55,67,4,39,47,51,16,6,26,27,45,64,2,61,70,71,53,17,14,19,8,83,5,42,75,54,36,15,12,34,18,31,46,25,40,62,58,20,11,35,37,30,57,52,9,10,13,29,73,49,66,7,43,23,41,44,3,21,60,65,63,0,38,59,24,22,72,68,1,33,50,56],"type":"read_ok"}}
2024/02/25 18:59:27 Received {n12 n9 {"messages":[74,88,78,79,87,81,90,92,86,76,85,89,91,84,80,77,82,109],"msg_id":76,"type":"broadcast"}}
2024/02/25 18:59:27 Sent {"src":"n9","dest":"n12","body":{"in_reply_to":76,"type":"broadcast_ok"}}
2024/02/25 18:59:27 Received {c59 n9 {"type":"broadcast","message":120,"msg_id":10}}
2024/02/25 18:59:27 Sent {"src":"n9","dest":"c59","body":{"in_reply_to":10,"type":"broadcast_ok"}}
2024/02/25 18:59:27 Received {c59 n9 {"type":"broadcast","message":134,"msg_id":11}}
2024/02/25 18:59:27 Sent {"src":"n9","dest":"c59","body":{"in_reply_to":11,"type":"broadcast_ok"}}
2024/02/25 18:59:27 Sent {"src":"n9","dest":"n12","body":{"messages":[120,134],"msg_id":4,"type":"broadcast"}}
2024/02/25 18:59:28 Received {n12 n9 {"messages":[106,112,100,111,101,93,104,95,107,94,105,98,102,96,108,103,110,97,99,122,136],"msg_id":112,"type":"broadcast"}}
2024/02/25 18:59:28 Sent {"src":"n9","dest":"n12","body":{"in_reply_to":112,"type":"broadcast_ok"}}
2024/02/25 18:59:28 Received {n12 n9 {"in_reply_to":4,"type":"broadcast_ok"}}
2024/02/25 18:59:28 Received {c59 n9 {"type":"read","msg_id":12}}
2024/02/25 18:59:28 Sent {"src":"n9","dest":"c59","body":{"in_reply_to":12,"messages":[1,50,96,110,55,90,84,104,4,39,51,108,26,94,45,64,93,105,2,61,85,109,83,53,97,75,54,98,36,78,31,46,112,20,35,30,40,62,52,10,13,29,73,57,7,43,44,49,66,60,63,82,100,0,59,22,72,68,120,33,56,92,79,136,32,48,28,67,69,47,102,16,6,27,70,71,74,88,86,122,17,14,19,8,87,5,42,134,15,12,34,76,91,18,25,77,99,101,11,37,58,89,80,9,95,23,41,3,21,65,103,38,106,24,81,111,107],"type":"read_ok"}}
2024/02/25 18:59:28 Received {n12 n9 {"messages":[126,114,133,127,117,118,132,130,116,131,125,121,135,119,123,137,115,129,113,128,124,145],"msg_id":143,"type":"broadcast"}}
2024/02/25 18:59:28 Received {c59 n9 {"type":"broadcast","message":157,"msg_id":13}}
2024/02/25 18:59:28 Sent {"src":"n9","dest":"n12","body":{"in_reply_to":143,"type":"broadcast_ok"}}
2024/02/25 18:59:28 Sent {"src":"n9","dest":"c59","body":{"in_reply_to":13,"type":"broadcast_ok"}}
2024/02/25 18:59:28 Received {c59 n9 {"type":"read","msg_id":14}}
2024/02/25 18:59:28 Sent {"src":"n9","dest":"c59","body":{"in_reply_to":14,"messages":[65,103,3,21,119,38,106,111,107,125,157,24,81,96,110,1,50,84,104,116,137,129,55,90,51,108,4,39,26,94,93,105,45,64,85,109,113,2,61,97,83,53,98,127,135,124,75,54,121,36,78,31,46,30,40,62,112,145,20,35,29,73,57,52,10,13,44,49,66,7,43,82,100,60,63,0,59,68,120,132,115,22,72,92,33,56,28,67,69,79,136,32,48,128,47,102,16,6,27,74,88,86,133,117,70,71,19,8,87,122,118,17,14,114,131,5,42,34,76,91,134,126,15,12,77,99,130,18,25,58,89,80,101,11,37,9,95,123,23,41],"type":"read_ok"}}
2024/02/25 18:59:28 Sent {"src":"n9","dest":"n12","body":{"messages":[157],"msg_id":5,"type":"broadcast"}}
2024/02/25 18:59:29 Received {n12 n9 {"messages":[143,140,151,158,138,149,154,142,141,152,153,147,146,148,144,155,139,150],"msg_id":147,"type":"broadcast"}}
2024/02/25 18:59:29 Sent {"src":"n9","dest":"n12","body":{"in_reply_to":147,"type":"broadcast_ok"}}
2024/02/25 18:59:29 Received {n12 n9 {"in_reply_to":5,"type":"broadcast_ok"}}
2024/02/25 18:59:29 Received {c59 n9 {"type":"read","msg_id":15}}
2024/02/25 18:59:29 Sent {"src":"n9","dest":"c59","body":{"in_reply_to":15,"messages":[38,106,119,24,81,111,107,125,157,1,50,96,110,55,90,84,104,116,137,129,149,4,39,51,108,155,26,94,45,64,93,105,2,61,85,109,113,83,53,97,148,75,54,98,127,135,124,36,78,121,144,31,46,20,35,30,40,62,112,145,153,10,13,29,73,57,52,7,43,44,49,66,60,63,82,100,0,59,151,22,72,68,120,132,115,158,152,139,33,56,92,32,48,28,67,69,79,136,138,141,47,102,128,154,16,6,27,146,70,71,74,88,86,133,117,140,17,14,19,8,87,122,118,147,5,42,114,131,143,142,15,12,34,76,91,134,126,18,25,77,99,130,150,11,37,58,89,80,101,9,95,23,41,123,3,21,65,103],"type":"read_ok"}}
2024/02/25 18:59:29 Received {c59 n9 {"type":"read","msg_id":16}}
2024/02/25 18:59:29 Sent {"src":"n9","dest":"c59","body":{"in_reply_to":16,"messages":[148,83,53,97,127,135,124,75,54,98,144,36,78,121,31,46,40,62,112,145,153,20,35,30,73,57,52,10,13,29,49,66,7,43,44,100,60,63,82,0,59,151,120,132,115,158,152,22,72,68,139,33,56,92,67,69,79,136,138,32,48,28,141,154,47,102,128,16,6,27,146,88,86,133,117,140,70,71,74,8,87,122,118,147,17,14,19,131,143,142,5,42,114,76,91,134,126,15,12,34,99,130,150,18,25,77,89,80,101,11,37,58,9,95,23,41,123,103,3,21,65,38,106,119,107,125,157,24,81,111,110,1,50,96,104,116,137,129,149,55,90,84,108,155,4,39,51,26,94,105,45,64,93,109,113,2,61,85],"type":"read_ok"}}
2024/02/25 18:59:29 Received {n12 n9 {"messages":[156,172,168,166,175,169,160,159,163,177,170,164,165,161,176,167,174,171,162,173,197],"msg_id":188,"type":"broadcast"}}
2024/02/25 18:59:29 Sent {"src":"n9","dest":"n12","body":{"in_reply_to":188,"type":"broadcast_ok"}}
2024/02/25 18:59:29 Received {c59 n9 {"type":"read","msg_id":17}}
2024/02/25 18:59:29 Sent {"src":"n9","dest":"c59","body":{"in_reply_to":17,"messages":[130,150,18,25,77,99,80,101,11,37,58,89,9,95,23,41,123,160,3,21,65,103,38,106,119,174,125,157,162,24,81,111,107,1,50,96,110,116,137,129,149,55,90,84,104,155,156,4,39,51,108,26,94,45,64,93,105,113,2,61,85,109,197,83,53,97,148,135,124,75,54,98,127,36,78,121,144,31,46,62,112,145,153,20,35,30,40,172,57,52,177,10,13,29,73,66,168,165,161,7,43,44,49,60,63,82,100,0,59,151,132,115,158,152,22,72,68,120,139,171,33,56,92,69,79,136,138,32,48,28,67,141,170,47,102,128,154,176,16,6,169,164,27,146,86,133,117,140,70,71,74,88,166,175,167,87,122,118,147,17,14,19,8,163,173,143,142,159,5,42,114,131,91,134,126,15,12,34,76],"type":"read_ok"}}
2024/02/25 18:59:30 Received {n12 n9 {"messages":[186,180,182,195,179,183,178,192,190,191,185,189,193,181,194,188,187,184,196,208],"msg_id":206,"type":"broadcast"}}
2024/02/25 18:59:30 Received {c59 n9 {"type":"read","msg_id":18}}
2024/02/25 18:59:30 Sent {"src":"n9","dest":"n12","body":{"in_reply_to":206,"type":"broadcast_ok"}}
2024/02/25 18:59:30 Sent {"src":"n9","dest":"c59","body":{"in_reply_to":18,"messages":[155,156,4,39,51,108,26,94,45,64,93,105,113,2,61,85,109,197,196,83,53,97,148,135,124,188,75,54,98,127,36,78,121,144,31,46,62,112,145,153,20,35,30,40,172,191,57,52,177,10,13,29,73,66,168,165,161,7,43,44,49,186,60,63,82,100,190,194,0,59,151,182,132,115,158,152,22,72,68,120,139,171,33,56,92,69,79,136,138,32,48,28,67,141,170,47,102,128,154,176,189,16,6,169,164,27,146,193,187,86,133,117,140,70,71,74,88,166,175,167,195,87,122,118,147,17,14,19,8,163,173,143,142,159,183,5,42,114,131,181,91,134,126,180,15,12,34,76,192,130,150,18,25,77,99,80,101,11,37,58,89,9,95,23,41,123,160,3,21,65,103,38,106,119,174,125,157,162,185,24,81,111,107,208,179,178,1,50,96,110,116,137,129,149,55,90,84,104,184],"type":"read_ok"}}
2024/02/25 18:59:30 Received {c59 n9 {"type":"broadcast","message":240,"msg_id":19}}
2024/02/25 18:59:30 Sent {"src":"n9","dest":"c59","body":{"in_reply_to":19,"type":"broadcast_ok"}}
2024/02/25 18:59:30 Sent {"src":"n9","dest":"n12","body":{"messages":[240],"msg_id":6,"type":"broadcast"}}
2024/02/25 18:59:30 Received {n12 n9 {"messages":[212,223,201,214,204,215,209,205,216,206,198,210,203,207,199,211,200,202,213,242],"msg_id":226,"type":"broadcast"}}
2024/02/25 18:59:30 Sent {"src":"n9","dest":"n12","body":{"in_reply_to":226,"type":"broadcast_ok"}}
2024/02/25 18:59:30 Received {n12 n9 {"in_reply_to":6,"type":"broadcast_ok"}}
2024/02/25 18:59:30 Received {c59 n9 {"type":"broadcast","message":249,"msg_id":20}}
2024/02/25 18:59:30 Sent {"src":"n9","dest":"c59","body":{"in_reply_to":20,"type":"broadcast_ok"}}
2024/02/25 18:59:30 Received {c59 n9 {"type":"read","msg_id":21}}
2024/02/25 18:59:30 Sent {"src":"n9","dest":"c59","body":{"in_reply_to":21,"messages":[25,77,150,11,37,89,80,101,23,123,21,160,106,119,24,111,125,200,209,1,213,90,104,116,137,129,149,184,4,51,155,26,45,93,223,215,2,61,85,97,202,75,127,124,36,31,46,30,40,112,145,172,240,13,29,73,52,49,66,168,165,161,60,100,204,59,182,72,158,152,242,56,48,28,69,79,47,128,154,16,6,169,176,189,146,187,70,74,133,117,140,166,175,17,19,122,118,173,212,199,142,159,181,203,207,15,12,34,76,192,18,99,130,58,9,95,41,3,65,103,38,174,206,81,107,157,162,185,208,50,96,110,179,178,214,55,84,198,39,108,156,94,64,105,205,211,109,113,83,53,148,197,196,54,98,135,188,78,121,144,20,35,62,153,191,216,10,57,177,7,43,44,63,82,186,0,151,190,194,22,68,120,132,115,139,171,33,92,32,67,136,138,141,170,102,201,164,27,193,210,71,88,86,167,195,249,14,8,87,147,163,5,42,114,131,143,183,180,91,134,126],"type":"read_ok"}}
2024/02/25 18:59:30 Sent {"src":"n9","dest":"n12","body":{"messages":[249],"msg_id":7,"type":"broadcast"}}
2024/02/25 18:59:31 Received {n12 n9 {"messages":[221,239,230,232,227,229,236,217,237,220,238,235,241,228,245,234,222,225,244,224,243,218,231,233,219,226],"msg_id":245,"type":"broadcast"}}
2024/02/25 18:59:31 Sent {"src":"n9","dest":"n12","body":{"in_reply_to":245,"type":"broadcast_ok"}}
2024/02/25 18:59:31 Received {n12 n9 {"in_reply_to":7,"type":"broadcast_ok"}}
2024/02/25 18:59:31 Received {c59 n9 {"type":"broadcast","message":273,"msg_id":22}}
2024/02/25 18:59:31 Sent {"src":"n9","dest":"c59","body":{"in_reply_to":22,"type":"broadcast_ok"}}
2024/02/25 18:59:31 Sent {"src":"n9","dest":"n12","body":{"messages":[273],"msg_id":8,"type":"broadcast"}}
2024/02/25 18:59:31 Received {n12 n9 {"messages":[255,260,262,253,247,257,246,250,259,254,251,248,258,252,256],"msg_id":283,"type":"broadcast"}}
2024/02/25 18:59:31 Sent {"src":"n9","dest":"n12","body":{"in_reply_to":283,"type":"broadcast_ok"}}
2024/02/25 18:59:31 Received {n12 n9 {"in_reply_to":8,"type":"broadcast_ok"}}
2024/02/25 18:59:31 Received {c59 n9 {"type":"read","msg_id":23}}
2024/02/25 18:59:31 Sent {"src":"n9","dest":"c59","body":{"in_reply_to":23,"messages":[31,46,237,30,40,112,145,172,240,258,13,29,73,52,221,220,49,66,168,165,161,225,253,60,100,204,255,257,59,182,72,158,152,242,56,48,28,69,79,232,47,128,154,16,6,169,176,189,146,187,245,222,70,74,133,117,140,166,175,17,19,122,118,173,212,199,234,224,142,159,181,203,207,231,250,15,12,34,76,192,18,99,130,218,273,58,9,95,41,233,3,65,103,38,174,206,81,107,157,162,185,208,50,96,110,179,178,214,55,84,198,230,39,108,156,238,247,94,64,105,205,211,109,113,254,248,83,53,148,197,196,219,54,98,135,188,78,121,144,20,35,62,153,191,216,10,57,177,7,43,44,239,63,82,186,217,252,0,151,190,194,22,68,120,132,115,139,171,33,92,256,32,67,136,138,141,170,102,201,164,243,27,193,210,71,88,86,167,195,249,14,8,87,147,163,226,5,42,114,131,143,183,91,134,126,180,246,25,77,150,262,11,37,89,80,101,251,241,23,123,259,21,160,236,106,119,24,111,125,200,1,209,244,90,104,116,137,129,149,184,213,229,228,4,51,155,26,260,45,93,223,215,227,235,2,61,85,97,202,75,127,124,36],"type":"read_ok"}}
2024/02/25 18:59:31 Received {c59 n9 {"type":"broadcast","message":297,"msg_id":24}}
2024/02/25 18:59:31 Sent {"src":"n9","dest":"c59","body":{"in_reply_to":24,"type":"broadcast_ok"}}
2024/02/25 18:59:31 Sent {"src":"n9","dest":"n12","body":{"messages":[297],"msg_id":9,"type":"broadcast"}}
2024/02/25 18:59:32 Received {n12 n9 {"messages":[266,271,268,278,272,267,270,280,276,263,261,274,269,265,277,264,275,279,289,300],"msg_id":300,"type":"broadcast"}}
2024/02/25 18:59:32 Sent {"src":"n9","dest":"n12","body":{"in_reply_to":300,"type":"broadcast_ok"}}
2024/02/25 18:59:32 Received {n12 n9 {"in_reply_to":9,"type":"broadcast_ok"}}
2024/02/25 18:59:32 Received {c59 n9 {"type":"broadcast","message":312,"msg_id":25}}
2024/02/25 18:59:32 Sent {"src":"n9","dest":"c59","body":{"in_reply_to":25,"type":"broadcast_ok"}}
2024/02/25 18:59:32 Received {c59 n9 {"type":"broadcast","message":327,"msg_id":26}}
2024/02/25 18:59:32 Sent {"src":"n9","dest":"c59","body":{"in_reply_to":26,"type":"broadcast_ok"}}
2024/02/25 18:59:32 Sent {"src":"n9","dest":"n12","body":{"messages":[312,327],"msg_id":10,"type":"broadcast"}}
2024/02/25 18:59:32 Received {n12 n9 {"messages":[302,293,291,286,296,284,295,283,301,290,288,299,287,298,282,281,294,285,292,314,328],"msg_id":314,"type":"broadcast"}}
2024/02/25 18:59:32 Sent {"src":"n9","dest":"n12","body":{"in_reply_to":314,"type":"broadcast_ok"}}
2024/02/25 18:59:32 Received {n12 n9 {"in_reply_to":10,"type":"broadcast_ok"}}
2024/02/25 18:59:32 Received {c59 n9 {"type":"read","msg_id":27}}
2024/02/25 18:59:32 Sent {"src":"n9","dest":"c59","body":{"in_reply_to":27,"messages":[21,160,236,106,119,271,296,24,111,125,200,284,1,209,244,287,90,104,116,137,129,149,184,213,229,228,289,288,4,51,155,280,281,328,26,260,266,45,93,223,215,227,235,2,61,85,97,202,75,127,124,285,36,31,46,237,269,30,40,112,145,172,240,258,13,29,73,52,221,220,278,49,66,168,165,161,225,253,293,60,100,204,255,257,274,59,182,312,295,72,158,152,242,56,48,28,69,79,232,47,128,154,283,298,16,6,169,176,189,277,286,146,187,245,222,70,74,133,117,140,166,175,17,19,122,118,173,212,199,234,224,276,301,299,142,159,181,203,207,231,250,297,15,12,34,76,192,291,18,99,130,218,273,267,58,265,9,95,41,233,314,3,65,103,290,38,174,206,81,107,157,162,185,208,272,50,96,110,179,178,214,55,84,198,230,39,108,156,238,247,94,300,64,105,205,211,279,109,113,254,248,292,83,53,148,197,196,219,54,98,135,188,261,78,121,144,20,35,62,153,191,216,264,10,57,177,7,43,44,239,63,82,186,217,252,294,0,151,190,194,22,68,120,132,115,139,171,33,92,256,268,32,67,136,138,141,170,102,201,270,164,243,27,193,210,71,88,86,167,195,249,14,8,87,147,163,226,5,42,114,131,143,183,91,134,126,180,246,263,302,25,77,150,262,11,37,89,80,101,251,275,241,23,123,259,327,282],"type":"read_ok"}}
2024/02/25 18:59:33 Received {n12 n9 {"messages":[303,326,316,305,325,309,308,322,321,307,319,313,329,311,324,317,320,318,306,310,323,315,304,344],"msg_id":357,"type":"broadcast"}}
2024/02/25 18:59:33 Received {c59 n9 {"type":"read","msg_id":28}}
2024/02/25 18:59:33 Sent {"src":"n9","dest":"n12","body":{"in_reply_to":357,"type":"broadcast_ok"}}
2024/02/25 18:59:33 Sent {"src":"n9","dest":"c59","body":{"in_reply_to":28,"messages":[130,218,273,267,305,18,99,58,265,9,95,314,311,41,233,103,290,3,65,206,323,38,174,157,162,185,208,272,308,81,107,110,179,178,214,50,96,198,230,55,84,156,238,247,320,39,108,317,94,300,205,211,279,64,105,254,248,292,109,113,148,197,196,219,313,83,53,135,188,261,54,98,144,78,121,62,153,191,216,264,20,35,177,10,57,44,239,7,43,186,217,252,294,63,82,190,194,344,0,151,120,132,115,139,171,22,68,256,268,33,92,136,138,141,170,32,67,270,102,201,164,243,210,27,193,86,167,195,249,71,88,87,147,163,226,14,8,114,131,143,183,5,42,126,180,246,263,302,309,91,134,324,150,262,325,25,77,89,80,101,251,275,11,37,241,259,327,282,23,123,236,21,160,271,296,106,119,125,200,284,24,111,244,287,1,209,116,137,129,149,184,213,90,104,289,288,329,315,304,229,228,155,280,281,328,4,51,266,26,260,223,215,227,235,307,45,93,85,321,2,61,97,202,124,285,326,75,127,36,237,269,31,46,112,145,172,240,258,30,40,73,52,221,220,278,316,13,29,168,165,161,225,253,293,49,66,204,255,257,274,306,60,100,312,295,59,182,152,242,72,158,56,69,79,232,48,28,154,283,298,47,128,169,176,189,277,286,322,16,6,310,245,222,146,187,133,117,140,166,175,318,70,74,122,118,173,212,199,234,17,19,301,299,303,319,224,276,181,203,207,231,250,297,142,159,34,76,192,291,15,12],"type":"read_ok"}}
2024/02/25 18:59:33 Received {c59 n9 {"type":"read","msg_id":29}}
2024/02/25 18:59:33 Sent {"src":"n9","dest":"c59","body":{"in_reply_to":29,"messages":[227,235,307,45,93,223,215,2,61,85,321,97,202,326,75,127,124,285,36,31,46,237,269,172,240,258,30,40,112,145,221,220,278,316,13,29,73,52,161,225,253,293,49,66,168,165,257,274,306,60,100,204,255,59,182,312,295,72,158,152,242,56,232,48,28,69,79,298,47,128,154,283,189,277,286,322,16,6,169,176,310,146,187,245,222,140,166,175,318,70,74,133,117,173,212,199,234,17,19,122,118,303,319,224,276,301,299,207,231,250,297,142,159,181,203,192,291,15,12,34,76,273,267,305,18,99,130,218,58,265,9,95,41,233,314,311,3,65,103,290,38,174,206,323,185,208,272,308,81,107,157,162,178,214,50,96,110,179,55,84,198,230,247,320,39,108,156,238,94,300,317,279,64,105,205,211,292,109,113,254,248,196,219,313,83,53,148,197,261,54,98,135,188,78,121,144,191,216,264,20,35,62,153,10,57,177,7,43,44,239,252,294,63,82,186,217,344,0,151,190,194,115,139,171,22,68,120,132,33,92,256,268,141,170,32,67,136,138,102,201,270,164,243,27,193,210,195,249,71,88,86,167,163,226,14,8,87,147,143,183,5,42,114,131,246,263,302,309,91,134,126,180,324,325,25,77,150,262,101,251,275,11,37,89,80,241,282,23,123,259,327,21,160,236,106,119,271,296,284,24,111,125,200,1,209,244,287,129,149,184,213,90,104,116,137,329,315,304,229,228,289,288,281,328,4,51,155,280,26,260,266],"type":"read_ok"}}
2024/02/25 18:59:33 Received {n12 n9 {"messages":[332,341,331,348,330,337,340,349,336,334,342,346,345,347,335,351,339,333,350,338,343,356],"msg_id":368,"type":"broadcast"}}
2024/02/25 18:59:33 Sent {"src":"n9","dest":"n12","body":{"in_reply_to":368,"type":"broadcast_ok"}}
2024/02/25 18:59:33 Received {c59 n9 {"type":"broadcast","message":379,"msg_id":30}}
2024/02/25 18:59:33 Sent {"src":"n9","dest":"c59","body":{"in_reply_to":30,"type":"broadcast_ok"}}
2024/02/25 18:59:33 Received {c59 n9 {"type":"broadcast","message":393,"msg_id":31}}
2024/02/25 18:59:33 Sent {"src":"n9","dest":"c59","body":{"in_reply_to":31,"type":"broadcast_ok"}}
2024/02/25 18:59:33 Sent {"src":"n9","dest":"n12","body":{"messages":[379,393],"msg_id":11,"type":"broadcast"}}
2024/02/25 18:59:34 Received {n12 n9 {"messages":[360,370,358,371,359,354,364,361,369,355,365,362,366,352,363,367,373,353,372,357,368],"msg_id":391,"type":"broadcast"}}
2024/02/25 18:59:34 Sent {"src":"n9","dest":"n12","body":{"in_reply_to":391,"type":"broadcast_ok"}}
2024/02/25 18:59:34 Received {n12 n9 {"in_reply_to":11,"type":"broadcast_ok"}}
2024/02/25 18:59:34 Received {c59 n9 {"type":"read","msg_id":32}}
2024/02/25 18:59:34 Sent {"src":"n9","dest":"c59","body":{"in_reply_to":32,"messages":[76,192,291,341,15,12,34,218,273,267,305,350,18,99,130,58,265,9,95,365,311,41,233,314,290,3,65,103,323,338,371,38,174,206,162,185,208,272,308,81,107,157,179,178,214,356,50,96,110,230,55,84,198,238,247,320,370,39,108,156,94,300,317,211,279,349,64,105,205,248,292,109,113,254,197,196,219,313,362,83,53,148,188,261,54,98,135,78,121,144,153,191,216,264,393,20,35,62,355,10,57,177,239,348,346,7,43,44,217,252,294,63,82,186,194,344,0,151,190,132,115,139,171,347,22,68,120,268,339,357,33,92,256,138,141,170,32,67,136,343,102,201,270,164,243,379,27,193,210,167,195,249,71,88,86,147,163,226,14,8,87,131,143,183,352,5,42,114,180,246,263,302,309,91,134,126,324,340,262,325,25,77,150,80,101,251,275,373,11,37,89,241,327,282,366,23,123,259,21,160,236,296,372,106,119,271,200,284,337,358,24,111,125,287,1,209,244,137,129,149,184,213,90,104,116,288,329,315,304,354,229,228,289,369,280,281,328,4,51,155,353,26,260,266,215,227,235,307,45,93,223,321,364,2,61,85,97,202,333,285,326,75,127,124,36,367,269,342,31,46,237,145,172,240,258,30,40,112,52,221,220,278,316,13,29,73,330,165,161,225,253,293,49,66,168,332,360,361,255,257,274,306,331,60,100,204,295,359,59,182,312,242,72,158,152,56,345,79,232,363,48,28,69,283,298,47,128,154,176,189,277,286,322,16,6,169,310,334,351,222,335,146,187,245,117,140,166,175,318,70,74,133,368,118,173,212,199,234,17,19,122,299,303,319,224,276,301,203,207,231,250,297,142,159,181,336],"type":"read_ok"}}
2024/02/25 18:59:34 Received {c59 n9 {"type":"broadcast","message":422,"msg_id":33}}
2024/02/25 18:59:34 Sent {"src":"n9","dest":"c59","body":{"in_reply_to":33,"type":"broadcast_ok"}}
2024/02/25 18:59:34 Sent {"src":"n9","dest":"n12","body":{"messages":[422],"msg_id":12,"type":"broadcast"}}
2024/02/25 18:59:34 Received {n12 n9 {"messages":[387,397,376,378,389,390,377,384,374,391,375,386,381,383,396,382,395,380,394,388,385,392,424],"msg_id":424,"type":"broadcast"}}
2024/02/25 18:59:34 Sent {"src":"n9","dest":"n12","body":{"in_reply_to":424,"type":"broadcast_ok"}}
2024/02/25 18:59:34 Received {n12 n9 {"in_reply_to":12,"type":"broadcast_ok"}}
2024/02/25 18:59:34 Received {c59 n9 {"type":"read","msg_id":34}}
2024/02/25 18:59:34 Sent {"src":"n9","dest":"c59","body":{"in_reply_to":34,"messages":[137,129,149,184,213,90,104,116,288,329,315,304,354,229,228,289,369,389,280,281,328,376,4,51,155,353,388,26,260,266,215,227,235,307,382,45,93,223,321,364,2,61,85,97,202,333,285,326,75,127,124,36,367,269,342,396,31,46,237,145,172,240,258,392,30,40,112,52,221,220,278,316,13,29,73,330,165,161,225,253,293,49,66,168,332,360,361,255,257,274,306,331,60,100,204,295,359,59,182,312,242,72,158,152,56,345,79,232,363,48,28,69,283,298,377,47,128,154,176,189,277,286,322,16,6,169,310,334,351,222,335,397,146,187,245,117,140,166,175,318,70,74,133,368,118,173,212,199,234,17,19,122,299,303,319,224,276,301,203,207,231,250,297,142,159,181,336,394,76,192,291,341,15,12,34,218,273,267,305,350,18,99,130,424,58,265,386,9,95,365,311,391,41,233,314,290,422,385,3,65,103,323,338,371,38,174,206,162,185,208,272,308,81,107,157,179,178,214,356,50,96,110,230,55,84,198,238,247,320,370,39,108,156,94,300,317,211,279,349,64,105,205,248,292,109,113,254,197,196,219,313,362,83,53,148,188,261,380,54,98,135,78,121,144,153,191,216,264,393,20,35,62,355,10,57,177,239,348,346,7,43,44,217,252,294,63,82,186,194,344,0,151,190,132,115,139,171,347,22,68,120,378,268,339,357,390,33,92,256,138,141,170,32,67,136,343,102,201,270,387,164,243,379,27,193,210,167,195,249,71,88,86,147,163,226,374,383,14,8,87,131,143,183,352,5,42,114,180,246,263,302,309,91,134,126,324,340,381,262,325,375,25,77,150,80,101,251,275,373,11,37,89,241,327,282,366,23,123,259,384,395,21,160,236,296,372,106,119,271,200,284,337,358,24,111,125,287,1,209,244],"type":"read_ok"}}
2024/02/25 18:59:35 Received {n12 n9 {"messages":[398,414,409,411,404,421,412,419,401,403,420,399,415,416,402,410,405,425,423,406,407,400,418,413,417,408],"msg_id":444,"type":"broadcast"}}
2024/02/25 18:59:35 Received {c59 n9 {"type":"read","msg_id":35}}
2024/02/25 18:59:35 Sent {"src":"n9","dest":"n12","body":{"in_reply_to":444,"type":"broadcast_ok"}}
2024/02/25 18:59:35 Sent {"src":"n9","dest":"c59","body":{"in_reply_to":35,"messages":[99,130,218,273,305,350,58,265,424,9,365,314,311,391,290,410,38,323,107,162,208,178,214,416,230,39,108,156,238,247,320,370,94,300,64,205,211,279,349,109,83,197,196,135,188,78,121,20,62,153,7,44,63,252,400,194,406,22,132,115,399,33,268,339,390,32,136,102,164,243,379,387,210,88,167,195,147,163,226,374,383,42,114,131,183,352,134,126,309,324,340,381,11,80,251,373,282,366,21,160,119,24,111,125,284,337,1,90,229,329,315,354,389,4,51,155,281,404,26,260,266,388,93,227,235,382,2,364,97,202,75,127,326,36,367,31,396,40,145,172,240,258,392,403,29,73,221,220,278,316,66,165,225,253,402,100,204,257,306,405,359,72,345,69,363,47,298,377,16,6,310,334,222,397,70,74,133,117,140,318,368,17,118,173,199,224,299,319,159,203,207,15,76,291,18,267,386,95,418,41,233,3,65,103,422,385,174,206,338,371,81,157,185,272,308,50,96,110,179,356,55,84,198,317,423,105,113,254,248,292,53,148,219,313,362,54,98,261,380,144,414,412,35,191,216,264,393,355,415,10,57,177,43,239,348,346,82,186,217,294,425,0,151,190,344,68,120,139,171,347,378,92,256,357,67,138,141,170,420,201,270,343,27,193,71,86,249,14,8,87,5,143,91,180,246,263,302,407,25,77,150,262,325,375,37,89,101,275,241,23,123,259,327,401,236,384,395,408,106,271,296,372,409,200,358,209,244,287,104,116,137,129,149,184,213,228,289,288,304,369,280,328,376,421,353,45,223,215,307,61,85,321,333,398,124,285,46,237,269,342,413,30,112,419,13,52,330,49,168,161,293,332,360,361,60,255,274,331,417,59,182,312,295,158,152,242,56,48,28,79,232,128,154,283,411,169,176,189,277,286,322,351,146,187,245,335,166,175,19,122,212,234,276,301,303,142,181,231,250,297,336,394,12,34,192,341],"type":"read_ok"}}
2024/02/25 18:59:35 Received {c59 n9 {"type":"broadcast","message":461,"msg_id":36}}
2024/02/25 18:59:35 Sent {"src":"n9","dest":"c59","body":{"in_reply_to":36,"type":"broadcast_ok"}}
2024/02/25 18:59:35 Sent {"src":"n9","dest":"n12","body":{"messages":[461],"msg_id":13,"type":"broadcast"}}
2024/02/25 18:59:35 Received {n12 n9 {"messages":[445,452,440,436,427,442,433,430,437,438,431,446,429,444,426,441,432,447,428,443,439,434,435,462],"msg_id":462,"type":"broadcast"}}
2024/02/25 18:59:35 Received {c59 n9 {"type":"read","msg_id":37}}
2024/02/25 18:59:35 Sent {"src":"n9","dest":"n12","body":{"in_reply_to":462,"type":"broadcast_ok"}}
2024/02/25 18:59:35 Sent {"src":"n9","dest":"c59","body":{"in_reply_to":37,"messages":[55,84,198,317,423,105,113,254,248,292,53,148,219,313,362,54,98,261,380,144,414,412,440,355,415,35,191,216,264,393,10,57,177,43,239,348,346,461,82,186,217,294,425,0,151,190,344,443,378,68,120,139,171,347,92,256,357,67,138,141,170,420,201,270,343,452,27,193,431,71,86,249,14,8,87,5,143,407,91,180,246,263,302,375,25,77,150,262,325,37,89,101,275,241,23,123,259,327,401,236,384,395,408,106,271,296,372,409,200,358,209,244,287,184,213,228,104,116,137,129,149,289,288,304,369,280,328,376,421,353,45,223,215,307,61,85,321,333,398,462,124,285,46,237,269,342,413,30,112,419,13,52,330,360,361,49,168,161,293,332,60,255,274,331,417,59,182,312,295,158,152,242,56,48,28,79,232,411,128,154,283,322,351,447,169,176,189,277,286,146,187,245,335,427,166,175,212,234,19,122,276,301,303,336,394,433,142,181,231,250,297,341,12,34,192,305,350,99,130,218,273,58,265,424,9,365,314,311,391,290,410,436,38,323,208,107,162,178,214,416,446,444,230,320,370,39,108,156,238,247,94,300,64,205,211,279,349,109,83,197,196,135,188,78,121,20,62,153,445,7,44,437,63,252,400,442,194,406,441,22,132,115,399,33,268,339,390,32,136,102,164,243,379,387,210,88,167,195,147,163,226,374,383,42,114,131,183,352,381,134,126,309,324,340,426,11,80,251,373,282,366,430,21,160,119,24,111,125,284,337,1,389,90,229,329,315,354,4,51,155,281,404,26,260,266,388,93,227,235,382,2,364,439,435,97,202,428,75,127,326,36,367,31,396,392,403,40,145,172,240,258,316,29,73,221,220,278,66,165,225,253,402,100,204,257,306,405,359,72,345,363,69,377,47,298,16,6,310,334,222,397,318,70,74,133,117,140,368,199,17,118,173,319,224,299,159,203,207,432,291,15,76,267,18,386,429,434,95,418,41,233,438,3,65,103,422,385,371,174,206,338,272,308,81,157,185,50,96,110,179,356],"type":"read_ok"}}
2024/02/25 18:59:35 Received {n12 n9 {"in_reply_to":13,"type":"broadcast_ok"}}
2024/02/25 18:59:35 Received {c59 n9 {"type":"read","msg_id":38}}
2024/02/25 18:59:35 Sent {"src":"n9","dest":"c59","body":{"in_reply_to":38,"messages":[18,267,386,429,434,95,418,41,233,438,3,65,103,422,385,174,206,338,371,81,157,185,272,308,50,96,110,179,356,55,84,198,317,423,105,113,254,248,292,53,148,219,313,362,54,98,261,380,144,414,412,440,35,191,216,264,393,355,415,10,57,177,43,239,348,346,82,186,217,294,425,461,0,151,190,344,443,68,120,139,171,347,378,92,256,357,67,138,141,170,420,201,270,343,452,27,193,431,71,86,249,14,8,87,5,143,91,180,246,263,302,407,25,77,150,262,325,375,37,89,101,275,241,23,123,259,327,401,236,384,395,408,106,271,296,372,409,200,358,209,244,287,104,116,137,129,149,184,213,228,289,288,304,369,280,328,376,421,353,45,223,215,307,61,85,321,333,398,462,124,285,46,237,269,342,413,30,112,419,13,52,330,49,168,161,293,332,360,361,60,255,274,331,417,59,182,312,295,158,152,242,56,48,28,79,232,128,154,283,411,169,176,189,277,286,322,351,447,146,187,245,335,427,166,175,19,122,212,234,276,301,303,142,181,231,250,297,336,394,433,12,34,192,341,99,130,218,273,305,350,58,265,424,9,365,314,311,391,290,410,436,38,323,107,162,208,178,214,416,446,444,230,39,108,156,238,247,320,370,94,300,64,205,211,279,349,109,83,197,196,135,188,78,121,20,62,153,445,7,44,437,63,252,400,442,194,406,441,22,132,115,399,33,268,339,390,32,136,102,164,243,379,387,210,88,167,195,147,163,226,374,383,42,114,131,183,352,134,126,309,324,340,381,426,11,80,251,373,282,366,430,21,160,119,24,111,125,284,337,1,90,229,329,315,354,389,4,51,155,281,404,26,260,266,388,93,227,235,382,2,364,439,435,97,202,428,75,127,326,36,367,31,396,40,145,172,240,258,392,403,29,73,221,220,278,316,66,165,225,253,402,100,204,257,306,405,359,72,345,69,363,47,298,377,16,6,310,334,222,397,70,74,133,117,140,318,368,17,118,173,199,224,299,319,159,203,207,432,15,76,291],"type":"read_ok"}}
2024/02/25 18:59:36 Received {n12 n9 {"messages":[456,468,466,469,450,457,458,449,460,451,454,459,463,453,464,455,467,465,448,470],"msg_id":500,"type":"broadcast"}}
2024/02/25 18:59:36 Received {c59 n9 {"type":"broadcast","message":504,"msg_id":39}}
2024/02/25 18:59:36 Sent {"src":"n9","dest":"n12","body":{"in_reply_to":500,"type":"broadcast_ok"}}
2024/02/25 18:59:36 Sent {"src":"n9","dest":"c59","body":{"in_reply_to":39,"type":"broadcast_ok"}}
2024/02/25 18:59:36 Received {c59 n9 {"type":"read","msg_id":40}}
2024/02/25 18:59:36 Sent {"src":"n9","dest":"c59","body":{"in_reply_to":40,"messages":[46,237,269,342,413,30,112,419,13,52,330,49,168,161,293,332,360,361,60,255,274,331,417,59,182,312,295,158,152,242,56,48,28,79,232,459,128,154,283,411,448,447,169,176,189,277,286,322,351,453,146,187,245,335,427,166,175,19,122,212,234,276,301,303,433,142,181,231,250,297,336,394,12,34,192,341,99,130,218,273,305,350,58,265,424,9,365,314,311,391,290,410,436,38,323,455,107,162,208,178,214,416,446,444,230,39,108,156,238,247,320,370,94,300,64,205,211,279,349,109,83,197,196,135,188,78,121,20,62,153,445,7,44,437,63,252,400,442,194,406,441,22,132,115,399,33,268,339,390,32,136,102,164,243,379,387,449,464,210,466,88,167,195,147,163,226,374,383,42,114,131,183,352,134,126,309,324,340,381,426,454,11,80,251,373,465,282,366,430,21,160,119,24,111,125,284,337,463,1,90,229,329,315,354,389,469,4,51,155,281,404,26,260,266,388,451,93,227,235,382,504,2,364,439,435,460,97,202,428,75,127,326,36,367,31,396,40,145,172,240,258,392,403,29,73,221,220,278,316,66,165,225,253,402,100,204,257,306,405,359,72,345,69,363,47,298,377,16,6,310,334,222,397,70,74,133,117,140,318,368,17,118,173,199,224,299,319,159,203,207,432,15,76,291,18,267,386,429,434,95,418,41,233,438,3,65,103,422,385,174,206,338,371,81,157,185,272,308,50,96,110,179,356,55,84,198,317,423,105,113,254,248,292,468,53,148,219,313,362,54,98,261,380,450,144,414,412,440,456,35,191,216,264,393,355,415,10,57,177,457,458,43,239,348,346,82,186,217,294,425,461,0,151,190,344,443,470,68,120,139,171,347,378,92,256,357,67,138,141,170,420,201,270,343,452,27,193,431,71,86,249,14,8,87,5,143,91,180,246,263,302,407,25,77,150,262,325,375,37,89,101,275,241,23,123,259,327,401,236,384,395,408,467,106,271,296,372,409,200,358,209,244,287,228,104,116,137,129,149,184,213,289,288,304,369,280,328,376,421,353,45,223,215,307,61,85,321,333,398,462,124,285],"type":"read_ok"}}
2024/02/25 18:59:36 Sent {"src":"n9","dest":"n12","body":{"messages":[504],"msg_id":14,"type":"broadcast"}}
2024/02/25 18:59:36 Received {n12 n9 {"messages":[483,496,507,477,490,482,494,473,487,501,486,476,489,471,498,499,493,478,491,475,488,480,492,481,472,485,500,484,479,495,497,474,519],"msg_id":506,"type":"broadcast"}}
2024/02/25 18:59:36 Received {c59 n9 {"type":"read","msg_id":41}}
2024/02/25 18:59:36 Sent {"src":"n9","dest":"n12","body":{"in_reply_to":506,"type":"broadcast_ok"}}
2024/02/25 18:59:36 Sent {"src":"n9","dest":"c59","body":{"in_reply_to":41,"messages":[32,136,102,379,387,449,464,164,243,210,466,195,88,167,226,374,383,147,163,131,183,352,42,114,309,324,340,381,134,126,426,454,251,373,11,80,465,430,282,366,21,160,119,125,284,337,463,24,111,1,329,315,354,389,469,90,229,155,281,404,4,51,266,388,451,26,260,235,382,504,93,227,439,435,460,2,364,428,97,202,326,75,127,36,367,31,396,172,240,258,392,403,40,145,221,220,278,316,29,73,225,253,402,66,165,257,306,405,100,204,359,72,345,69,363,377,47,298,310,334,16,6,222,397,133,117,140,318,368,70,74,173,199,224,299,319,17,118,207,432,159,203,291,15,76,18,267,434,386,429,95,418,438,41,233,103,422,385,3,65,338,371,174,206,185,272,308,81,157,110,179,356,50,96,198,55,84,317,423,105,248,292,468,113,254,219,313,362,53,148,261,380,450,54,98,144,414,456,412,440,216,264,393,355,415,35,191,177,457,458,10,57,348,346,43,239,217,294,425,461,82,186,190,344,443,470,0,151,139,171,347,378,68,120,357,92,256,141,170,420,67,138,343,201,270,452,431,27,193,249,71,86,87,14,8,5,143,246,263,302,407,91,180,150,262,325,375,25,77,101,275,37,89,241,259,327,401,23,123,395,408,467,236,384,296,372,409,106,271,200,358,287,209,244,137,129,149,184,213,228,104,116,304,369,289,288,376,421,280,328,353,215,307,45,223,321,61,85,462,333,398,124,285,269,342,413,46,237,419,30,112,330,13,52,161,293,332,360,361,49,168,274,331,417,60,255,312,295,59,182,242,158,152,56,79,232,459,48,28,283,411,448,128,154,189,277,286,322,351,447,169,176,453,245,335,427,146,187,166,175,212,234,276,301,303,19,122,231,250,297,336,394,433,142,181,192,341,12,34,218,273,305,350,99,130,424,58,265,9,365,391,314,311,436,290,410,455,38,323,208,107,162,416,446,444,178,214,230,156,238,247,320,370,39,108,94,300,211,279,349,64,205,109,196,83,197,135,188,78,121,153,445,20,62,437,7,44,400,442,63,252,441,194,406,115,399,22,132,339,390,33,268],"type":"read_ok"}}
2024/02/25 18:59:36 Received {n12 n9 {"in_reply_to":14,"type":"broadcast_ok"}}
2024/02/25 18:59:36 Received {c59 n9 {"type":"broadcast","message":547,"msg_id":42}}
2024/02/25 18:59:36 Sent {"src":"n9","dest":"c59","body":{"in_reply_to":42,"type":"broadcast_ok"}}
2024/02/25 18:59:36 Sent {"src":"n9","dest":"n12","body":{"messages":[547],"msg_id":15,"type":"broadcast"}}
2024/02/25 18:59:37 Received {n12 n9 {"messages":[522,512,524,514,503,516,533,526,505,517,508,502,527,520,510,523,511,506,518,525,513,515,509,521],"msg_id":529,"type":"broadcast"}}
2024/02/25 18:59:37 Sent {"src":"n9","dest":"n12","body":{"in_reply_to":529,"type":"broadcast_ok"}}
2024/02/25 18:59:37 Received {n12 n9 {"in_reply_to":15,"type":"broadcast_ok"}}
2024/02/25 18:59:37 Received {c59 n9 {"type":"read","msg_id":43}}
2024/02/25 18:59:37 Sent {"src":"n9","dest":"c59","body":{"in_reply_to":43,"messages":[334,473,16,6,310,222,397,117,140,318,368,70,74,133,199,224,299,319,17,118,173,432,159,203,207,527,15,76,291,18,267,386,429,434,95,418,502,41,233,438,422,385,3,65,103,371,174,206,338,272,308,81,157,185,179,356,50,96,110,55,84,198,317,423,105,487,292,468,113,254,248,313,362,53,148,219,380,450,54,98,261,144,414,520,412,440,456,264,393,355,415,35,191,216,457,458,10,57,177,346,499,514,43,239,348,294,425,461,82,186,217,344,443,470,0,151,190,171,347,378,68,120,139,481,92,256,357,170,420,67,138,141,503,201,270,343,452,518,512,27,193,431,71,86,249,14,8,87,5,143,263,302,407,91,180,246,262,325,375,25,77,150,275,496,37,89,101,241,501,506,327,401,23,123,259,408,467,236,384,395,372,409,509,106,271,296,200,358,209,244,287,129,149,184,213,228,104,116,137,369,289,288,304,421,280,328,376,353,307,508,45,223,215,61,85,321,333,398,462,515,124,285,478,498,475,342,413,46,237,269,30,112,419,13,52,330,293,332,360,361,49,168,161,331,417,526,60,255,274,295,59,182,312,158,152,242,56,521,232,459,48,28,79,411,448,128,154,283,277,286,322,351,447,169,176,189,453,335,427,146,187,245,500,533,166,175,476,234,276,301,303,19,122,212,250,297,336,394,433,142,181,231,341,494,493,517,12,34,192,273,305,350,99,130,218,479,58,265,424,9,365,314,311,391,513,290,410,436,486,38,323,455,495,107,162,208,446,444,511,178,214,416,230,238,247,320,370,39,108,156,94,300,279,349,64,205,211,109,83,197,196,135,188,78,121,525,480,445,20,62,153,547,7,44,437,442,63,252,400,489,194,406,441,399,477,488,492,505,22,132,115,390,33,268,339,32,136,102,387,449,464,164,243,379,210,466,474,485,484,88,167,195,374,383,147,163,226,183,352,42,114,131,324,340,381,134,126,309,426,454,373,11,80,251,465,472,282,366,430,21,160,119,471,284,337,463,24,111,125,1,491,315,354,389,469,90,229,329,281,404,4,51,155,388,451,507,26,260,266,382,504,93,227,235,435,460,2,364,439,97,202,428,75,127,326,36,367,524,31,396,497,240,258,392,403,482,40,145,172,523,220,278,316,29,73,221,253,402,483,490,522,66,165,225,516,306,405,100,204,257,359,510,72,345,69,363,519,47,298,377],"type":"read_ok"}}
2024/02/25 18:59:37 Received {c59 n9 {"type":"read","msg_id":44}}
2024/02/25 18:59:37 Sent {"src":"n9","dest":"c59","body":{"in_reply_to":44,"messages":[339,390,33,268,32,136,102,379,387,449,464,164,243,474,210,466,195,485,484,88,167,226,374,383,147,163,131,183,352,42,114,309,324,340,381,134,126,426,454,251,373,11,80,465,430,472,282,366,21,160,119,471,125,284,337,463,24,111,1,491,329,315,354,389,469,90,229,155,281,404,4,51,266,388,451,507,26,260,235,382,504,93,227,439,435,460,2,364,428,97,202,326,75,127,36,367,497,524,31,396,172,240,258,392,403,482,40,145,523,221,220,278,316,29,73,225,253,402,483,490,522,66,165,516,257,306,405,100,204,359,510,72,345,69,363,377,519,47,298,310,334,473,16,6,222,397,133,117,140,318,368,70,74,173,199,224,299,319,17,118,207,432,159,203,291,527,15,76,18,267,434,386,429,95,418,438,502,41,233,103,422,385,3,65,338,371,174,206,185,272,308,81,157,110,179,356,50,96,198,55,84,317,423,105,487,248,292,468,113,254,219,313,362,53,148,261,380,450,54,98,520,144,414,456,412,440,216,264,393,355,415,35,191,177,457,458,10,57,348,346,499,514,43,239,217,294,425,461,82,186,190,344,443,470,0,151,139,171,347,378,68,120,357,481,92,256,141,170,420,67,138,343,503,201,270,452,518,431,512,27,193,249,71,86,87,14,8,5,143,246,263,302,407,91,180,150,262,325,375,25,77,101,275,496,37,89,506,241,501,259,327,401,23,123,395,408,467,236,384,296,372,409,509,106,271,200,358,287,209,244,137,129,149,184,213,228,104,116,304,369,289,288,376,421,280,328,353,215,307,508,45,223,321,61,85,462,333,398,478,515,124,285,498,475,269,342,413,46,237,419,30,112,330,13,52,161,293,332,360,361,49,168,274,331,417,526,60,255,312,295,59,182,242,158,152,56,521,79,232,459,48,28,283,411,448,128,154,189,277,286,322,351,447,169,176,453,245,335,427,146,187,476,500,533,166,175,212,234,276,301,303,19,122,231,250,297,336,394,433,142,181,192,341,494,493,517,12,34,218,273,305,350,99,130,424,479,58,265,9,365,391,314,311,436,513,290,410,455,486,38,323,208,495,107,162,416,446,444,511,178,214,230,156,238,247,320,370,39,108,94,300,211,279,349,64,205,109,196,83,197,135,188,525,78,121,480,153,445,20,62,547,437,7,44,400,442,63,252,441,489,194,406,115,399,477,488,492,505,22,132],"type":"read_ok"}}
2024/02/25 18:59:37 Received {n12 n9 {"messages":[550,536,540,530,537,551,528,545,542,534,539,531,548,538,544,543,535,529,546,532,549,541,562,573],"msg_id":575,"type":"broadcast"}}
2024/02/25 18:59:37 Sent {"src":"n9","dest":"n12","body":{"in_reply_to":575,"type":"broadcast_ok"}}
2024/02/25 18:59:37 Received {c59 n9 {"type":"read","msg_id":45}}
2024/02/25 18:59:37 Sent {"src":"n9","dest":"c59","body":{"in_reply_to":45,"messages":[144,414,520,412,440,456,264,393,355,415,35,191,216,457,458,10,57,177,346,499,514,546,43,239,348,294,425,461,82,186,217,344,443,470,548,0,151,190,171,347,378,68,120,139,481,92,256,357,170,420,67,138,141,503,538,201,270,343,452,518,512,27,193,431,71,86,249,14,8,87,5,143,263,302,407,91,180,246,262,325,375,25,77,150,275,496,37,89,101,530,241,501,506,327,401,23,123,259,408,467,236,384,395,372,409,509,106,271,296,200,358,209,244,287,129,149,184,213,228,104,116,137,369,289,288,304,421,536,280,328,376,353,307,508,45,223,215,61,85,321,333,398,462,515,124,285,478,498,475,342,413,46,237,269,551,30,112,419,13,52,330,293,332,360,361,49,168,161,331,417,526,60,255,274,295,59,182,312,158,152,242,56,521,232,459,48,28,79,411,448,128,154,283,277,286,322,351,447,169,176,189,453,545,335,427,146,187,245,500,533,166,175,476,234,276,301,303,19,122,212,250,297,336,394,433,142,181,231,341,494,493,517,542,12,34,192,273,305,350,99,130,218,479,550,58,265,424,9,365,314,311,391,513,290,410,436,486,38,323,455,495,107,162,208,446,444,511,178,214,416,230,238,247,320,370,39,108,156,94,300,279,349,64,205,211,109,528,534,83,197,196,135,188,78,121,525,480,532,445,20,62,153,547,540,562,7,44,437,442,63,252,400,489,194,406,441,399,477,488,492,505,22,132,115,390,33,268,339,32,136,102,387,449,464,164,243,379,210,466,474,485,484,541,88,167,195,374,383,147,163,226,183,352,42,114,131,324,340,381,134,126,309,426,454,373,11,80,251,465,472,282,366,430,21,160,531,119,471,537,284,337,463,24,111,125,1,491,549,315,354,389,469,90,229,329,281,404,4,51,155,388,451,507,26,260,266,382,504,93,227,235,435,460,543,2,364,439,97,202,428,75,127,326,36,367,524,535,31,396,497,240,258,392,403,482,40,145,172,523,220,278,316,29,73,221,253,402,483,490,522,66,165,225,516,306,405,573,100,204,257,359,510,544,72,345,69,363,519,47,298,377,334,473,16,6,310,222,397,117,140,318,368,70,74,133,199,224,299,319,539,17,118,173,432,159,203,207,527,15,76,291,18,267,386,429,434,95,418,502,41,233,438,422,385,3,65,103,371,174,206,338,272,308,81,157,185,179,356,50,96,110,55,84,198,529,317,423,105,487,292,468,113,254,248,313,362,53,148,219,380,450,54,98,261],"type":"read_ok"}}
2024/02/25 18:59:37 Received {c59 n9 {"type":"read","msg_id":46}}
2024/02/25 18:59:37 Sent {"src":"n9","dest":"c59","body":{"in_reply_to":46,"messages":[439,435,460,543,2,364,428,97,202,326,75,127,36,367,497,524,535,31,396,172,240,258,392,403,482,40,145,523,221,220,278,316,29,73,225,253,402,483,490,522,66,165,516,257,306,405,573,100,204,544,359,510,72,345,69,363,377,519,47,298,310,334,473,16,6,222,397,133,117,140,318,368,70,74,173,199,224,299,319,539,17,118,207,432,159,203,291,527,15,76,18,267,434,386,429,95,418,438,502,41,233,103,422,385,3,65,338,371,174,206,185,272,308,81,157,110,179,356,50,96,198,55,84,529,317,423,105,487,248,292,468,113,254,219,313,362,53,148,261,380,450,54,98,520,144,414,456,412,440,216,264,393,355,415,35,191,177,457,458,10,57,348,346,499,514,546,43,239,217,294,425,461,82,186,190,344,443,470,548,0,151,139,171,347,378,68,120,357,481,92,256,141,170,420,67,138,343,503,538,201,270,452,518,431,512,27,193,249,71,86,87,14,8,5,143,246,263,302,407,91,180,150,262,325,375,25,77,101,275,496,37,89,506,530,241,501,259,327,401,23,123,395,408,467,236,384,296,372,409,509,106,271,200,358,287,209,244,137,129,149,184,213,228,104,116,304,369,289,288,376,421,536,280,328,353,215,307,508,45,223,321,61,85,462,333,398,478,515,124,285,498,475,269,342,413,46,237,419,551,30,112,330,13,52,161,293,332,360,361,49,168,274,331,417,526,60,255,312,295,59,182,242,158,152,56,521,79,232,459,48,28,283,411,448,128,154,189,277,286,322,351,447,169,176,453,545,245,335,427,146,187,476,500,533,166,175,212,234,276,301,303,19,122,231,250,297,336,394,433,142,181,192,341,494,493,517,542,12,34,218,273,305,350,99,130,424,479,550,58,265,9,365,391,314,311,436,513,290,410,455,486,38,323,208,495,107,162,416,446,444,511,178,214,230,156,238,247,320,370,39,108,94,300,211,279,349,64,205,109,528,196,534,83,197,135,188,525,78,121,480,532,153,445,20,62,547,540,437,562,7,44,400,442,63,252,441,489,194,406,115,399,477,488,492,505,22,132,339,390,33,268,32,136,102,379,387,449,464,164,243,474,210,466,195,485,484,541,88,167,226,374,383,147,163,131,183,352,42,114,309,324,340,381,134,126,426,454,251,373,11,80,465,430,472,282,366,531,21,160,537,119,471,125,284,337,463,24,111,549,1,491,329,315,354,389,469,90,229,155,281,404,4,51,266,388,451,507,26,260,235,382,504,93,227],"type":"read_ok"}}
2024/02/25 18:59:38 Received {n12 n9 {"messages":[564,556,555,559,560,558,571,553,569,552,568,567,566,561,554,565,574,557,570,572,563],"msg_id":582,"type":"broadcast"}}
2024/02/25 18:59:38 Sent {"src":"n9","dest":"n12","body":{"in_reply_to":582,"type":"broadcast_ok"}}
2024/02/25 18:59:38 Received {c59 n9 {"type":"broadcast","message":608,"msg_id":47}}
2024/02/25 18:59:38 Sent {"src":"n9","dest":"c59","body":{"in_reply_to":47,"type":"broadcast_ok"}}
2024/02/25 18:59:38 Sent {"src":"n9","dest":"n12","body":{"messages":[608],"msg_id":16,"type":"broadcast"}}
2024/02/25 18:59:38 Received {n12 n9 {"messages":[587,600,578,575,588,584,582,595,583,581,594,598,592,597,577,586,591,585,599,579,590,580,593,596,576,589,610],"msg_id":616,"type":"broadcast"}}
2024/02/25 18:59:38 Received {c59 n9 {"type":"broadcast","message":621,"msg_id":48}}
2024/02/25 18:59:38 Sent {"src":"n9","dest":"n12","body":{"in_reply_to":616,"type":"broadcast_ok"}}
2024/02/25 18:59:38 Sent {"src":"n9","dest":"c59","body":{"in_reply_to":48,"type":"broadcast_ok"}}
2024/02/25 18:59:38 Received {n12 n9 {"in_reply_to":16,"type":"broadcast_ok"}}
2024/02/25 18:59:38 Received {c59 n9 {"type":"read","msg_id":49}}
2024/02/25 18:59:38 Sent {"src":"n9","dest":"c59","body":{"in_reply_to":49,"messages":[192,341,494,493,517,542,12,34,218,273,305,350,99,130,424,479,550,58,265,9,365,391,314,311,436,513,290,410,455,486,38,323,208,495,107,162,416,446,444,511,178,214,230,156,238,247,320,370,39,108,94,300,211,279,349,64,205,109,528,196,534,561,83,197,579,135,188,525,576,78,121,553,480,532,153,445,568,20,62,547,540,437,562,7,44,400,442,564,595,598,577,63,252,441,489,581,194,406,115,399,477,488,492,505,22,132,339,390,33,268,32,136,102,379,387,449,464,164,243,474,569,210,466,195,485,484,541,88,167,226,374,383,608,147,163,131,183,352,42,114,309,324,340,381,571,134,126,591,426,454,251,373,11,80,465,586,430,472,597,282,366,531,21,160,537,119,471,125,284,337,463,24,111,549,1,491,329,315,354,389,469,90,229,155,281,404,4,51,266,388,451,507,26,260,235,382,504,93,227,439,435,460,543,2,364,428,97,202,326,75,127,36,367,497,524,535,578,31,396,172,240,258,392,403,482,40,145,523,221,220,278,316,29,73,225,253,402,483,490,522,66,165,516,257,306,405,573,100,204,544,359,510,72,345,592,555,575,69,363,377,519,47,298,310,334,473,16,6,621,222,397,133,117,140,318,368,70,74,173,199,224,299,319,539,17,118,207,432,159,203,291,527,566,15,76,600,18,267,434,386,429,95,418,438,502,559,41,233,103,422,385,3,65,338,371,174,206,185,272,308,590,81,157,110,179,356,580,50,96,198,558,610,55,84,529,317,423,105,487,248,292,468,593,113,254,219,313,362,589,53,148,261,380,450,587,585,54,98,520,584,144,414,456,583,412,440,216,264,393,355,415,35,191,177,457,458,582,10,57,348,346,499,514,546,43,239,217,294,425,461,82,186,190,344,443,470,548,563,0,151,139,171,347,378,556,68,120,357,481,574,92,256,141,170,420,67,138,343,503,538,201,270,560,557,452,518,431,512,27,193,249,71,86,87,572,14,8,5,143,246,263,302,407,91,180,150,262,325,375,25,77,101,275,496,37,89,506,530,567,554,241,501,259,327,401,23,123,395,408,467,236,384,296,372,409,509,596,106,271,200,358,287,209,244,137,129,149,184,213,228,104,116,304,369,289,288,376,421,536,280,328,353,215,307,508,552,45,223,321,570,61,85,462,333,398,478,515,124,285,498,475,269,342,413,46,237,419,551,30,112,330,13,52,161,293,332,360,361,588,49,168,274,331,417,526,60,255,312,295,59,182,242,158,152,594,56,521,79,232,459,48,28,283,411,448,128,154,189,277,286,322,351,447,169,176,565,453,545,245,335,427,146,187,476,500,533,599,166,175,212,234,276,301,303,19,122,231,250,297,336,394,433,142,181],"type":"read_ok"}}
2024/02/25 18:59:38 Sent {"src":"n9","dest":"n12","body":{"messages":[621],"msg_id":17,"type":"broadcast"}}
2024/02/25 18:59:39 Received {n12 n9 {"messages":[602,614,615,624,618,607,619,601,613,606,609,611,617,605,612,604,616,603,638],"msg_id":644,"type":"broadcast"}}
2024/02/25 18:59:39 Sent {"src":"n9","dest":"n12","body":{"in_reply_to":644,"type":"broadcast_ok"}}
2024/02/25 18:59:39 Received {n12 n9 {"in_reply_to":17,"type":"broadcast_ok"}}
2024/02/25 18:59:39 Received {c59 n9 {"type":"broadcast","message":653,"msg_id":50}}
2024/02/25 18:59:39 Sent {"src":"n9","dest":"c59","body":{"in_reply_to":50,"type":"broadcast_ok"}}
2024/02/25 18:59:39 Received {c59 n9 {"type":"broadcast","message":665,"msg_id":51}}
2024/02/25 18:59:39 Sent {"src":"n9","dest":"c59","body":{"in_reply_to":51,"type":"broadcast_ok"}}
2024/02/25 18:59:39 Sent {"src":"n9","dest":"n12","body":{"messages":[653,665],"msg_id":18,"type":"broadcast"}}
2024/02/25 18:59:39 Received {n12 n9 {"messages":[629,644,642,636,620,622,637,627,641,623,631,625,639,626,640,630,633,634,632,628,643,635,668],"msg_id":649,"type":"broadcast"}}
2024/02/25 18:59:39 Sent {"src":"n9","dest":"n12","body":{"in_reply_to":649,"type":"broadcast_ok"}}
2024/02/25 18:59:39 Received {n12 n9 {"in_reply_to":18,"type":"broadcast_ok"}}
2024/02/25 18:59:39 Received {c59 n9 {"type":"read","msg_id":52}}
2024/02/25 18:59:39 Sent {"src":"n9","dest":"c59","body":{"in_reply_to":52,"messages":[7,44,437,562,63,252,400,442,564,595,598,577,644,194,406,441,489,581,625,22,132,115,399,477,488,492,505,33,268,339,390,32,136,102,634,164,243,379,387,449,464,210,466,474,569,88,167,195,485,484,541,611,147,163,226,374,383,608,42,114,131,183,352,628,134,126,309,324,340,381,571,426,454,591,11,80,251,373,465,586,282,366,430,472,597,21,160,531,603,623,119,471,537,631,633,24,111,125,284,337,463,653,639,1,491,549,90,229,329,315,354,389,469,4,51,155,281,404,26,260,266,388,451,507,627,93,227,235,382,504,2,364,439,435,460,543,97,202,428,612,75,127,326,36,367,31,396,497,524,535,578,40,145,172,240,258,392,403,482,523,29,73,221,220,278,316,66,165,225,253,402,483,490,522,516,100,204,257,306,405,573,359,510,544,640,72,616,345,592,69,363,555,575,47,298,377,519,16,6,310,334,473,222,397,621,70,74,133,117,140,318,368,17,118,173,199,224,299,319,539,615,606,159,203,207,432,632,15,76,291,527,566,18,267,600,386,429,434,95,418,41,233,438,502,559,3,65,103,422,385,624,174,206,338,371,81,157,185,272,308,590,50,96,110,179,356,580,55,84,198,558,610,529,317,423,614,105,487,113,254,248,292,468,593,53,148,219,313,362,589,54,98,261,380,450,587,585,144,414,520,584,412,440,456,583,35,191,216,264,393,355,415,605,10,57,177,457,458,582,43,239,348,346,499,514,546,82,186,217,294,425,461,0,151,190,344,443,470,548,563,68,120,139,171,347,378,556,92,256,357,481,574,67,138,141,170,420,201,270,343,503,538,452,518,560,557,637,27,193,431,512,71,86,249,14,8,87,572,5,143,91,180,246,263,302,407,25,77,150,262,325,375,37,89,101,275,496,241,501,506,530,567,554,23,123,259,327,401,609,236,384,395,408,467,106,271,296,372,409,509,596,200,358,209,244,287,104,116,137,129,149,184,213,228,289,288,304,369,665,280,328,376,421,536,353,604,45,223,215,307,508,552,61,85,321,570,333,398,462,124,285,478,515,498,475,622,46,237,269,342,413,30,112,419,551,13,52,330,49,168,161,293,332,360,361,588,617,60,255,274,331,417,526,59,182,312,295,158,152,242,668,56,521,594,48,28,79,232,459,128,154,283,411,448,169,176,189,277,286,322,351,447,453,545,565,146,187,245,335,427,619,166,175,476,500,533,599,602,19,122,212,234,276,301,303,643,142,181,231,250,297,336,394,433,12,34,192,341,494,493,517,542,99,130,218,273,305,350,607,58,265,424,479,550,626,9,365,641,314,311,391,636,290,410,436,513,629,38,323,455,486,613,107,162,208,495,618,178,214,416,446,444,511,638,635,230,39,108,156,238,247,320,370,94,300,64,205,211,279,349,642,109,528,601,83,197,196,534,561,135,188,579,78,121,525,576,480,532,553,20,62,153,445,568,620,547,540,630],"type":"read_ok"}}
2024/02/25 18:59:40 Received {n12 n9 {"messages":[652,664,656,648,661,660,655,667,646,659,654,666,647,645,658,651,663,649,650,662,657],"msg_id":675,"type":"broadcast"}}
2024/02/25 18:59:40 Received {c59 n9 {"type":"read","msg_id":53}}
2024/02/25 18:59:40 Sent {"src":"n9","dest":"n12","body":{"in_reply_to":675,"type":"broadcast_ok"}}
2024/02/25 18:59:40 Sent {"src":"n9","dest":"c59","body":{"in_reply_to":53,"messages":[213,228,104,116,137,129,149,184,289,288,304,369,665,280,328,376,421,536,353,604,45,223,215,307,508,552,61,85,321,570,645,333,398,462,124,285,478,515,661,498,475,622,46,237,269,342,413,30,112,419,551,13,52,330,361,588,49,168,161,293,332,360,617,60,255,274,331,417,526,59,182,312,295,158,152,242,668,666,56,521,594,48,28,79,232,459,128,154,283,411,448,351,447,169,176,189,277,286,322,453,545,565,649,146,187,245,335,427,619,602,166,175,476,500,533,599,303,643,19,122,212,234,276,301,394,433,142,181,231,250,297,336,517,542,12,34,192,341,494,493,607,99,130,218,273,305,350,58,265,424,479,550,626,9,365,641,314,311,391,636,290,410,436,513,629,38,323,455,486,613,107,162,208,495,618,638,635,178,214,416,446,444,511,230,370,39,108,156,238,247,320,94,300,64,205,211,279,349,642,109,528,601,83,197,196,534,561,135,188,579,78,121,525,576,480,532,553,660,20,62,153,445,568,620,547,540,630,7,44,437,562,598,577,63,252,400,442,564,595,644,650,194,406,441,489,581,625,492,505,22,132,115,399,477,488,33,268,339,390,32,136,102,634,164,243,379,387,449,464,210,466,474,569,611,88,167,195,485,484,541,147,163,226,374,383,608,42,114,131,183,352,628,571,655,134,126,309,324,340,381,426,454,591,652,11,80,251,373,465,586,282,366,430,472,597,656,21,160,531,603,623,664,119,471,537,631,633,653,639,24,111,125,284,337,463,1,491,549,469,90,229,329,315,354,389,4,51,155,281,404,627,26,260,266,388,451,507,93,227,235,382,504,2,364,439,435,460,543,97,202,428,612,75,127,326,659,657,36,367,31,396,497,524,535,578,403,482,40,145,172,240,258,392,523,646,29,73,221,220,278,316,490,522,66,165,225,253,402,483,516,100,204,257,306,405,573,359,510,544,640,72,616,345,592,69,363,555,575,47,298,377,519,654,16,6,310,334,473,222,397,621,368,70,74,133,117,140,318,319,539,17,118,173,199,224,299,615,606,159,203,207,432,632,647,15,76,291,527,566,18,267,600,386,429,434,95,418,658,41,233,438,502,559,3,65,103,422,385,624,174,206,338,371,662,81,157,185,272,308,590,50,96,110,179,356,580,55,84,198,558,610,529,648,317,423,614,663,105,487,651,113,254,248,292,468,593,53,148,219,313,362,589,585,54,98,261,380,450,587,144,414,520,584,412,440,456,583,415,605,35,191,216,264,393,355,10,57,177,457,458,582,546,43,239,348,346,499,514,82,186,217,294,425,461,548,563,0,151,190,344,443,470,556,68,120,139,171,347,378,92,256,357,481,574,67,138,141,170,420,201,270,343,503,538,452,518,560,557,637,27,193,431,512,71,86,249,14,8,87,572,5,143,667,91,180,246,263,302,407,25,77,150,262,325,375,37,89,101,275,496,241,501,506,530,567,554,23,123,259,327,401,609,236,384,395,408,467,596,106,271,296,372,409,509,200,358,209,244,287],"type":"read_ok"}}
2024/02/25 18:59:40 Received {c59 n9 {"type":"broadcast","message":704,"msg_id":54}}
2024/02/25 18:59:40 Sent {"src":"n9","dest":"c59","body":{"in_reply_to":54,"type":"broadcast_ok"}}
2024/02/25 18:59:40 Sent {"src":"n9","dest":"n12","body":{"messages":[704],"msg_id":19,"type":"broadcast"}}
2024/02/25 18:59:40 Received {n12 n9 {"messages":[675,679,685,684,673,671,682,670,681,669,680,676,687,688,672,683,689,674,677,678,686,706],"msg_id":711,"type":"broadcast"}}
2024/02/25 18:59:40 Sent {"src":"n9","dest":"n12","body":{"in_reply_to":711,"type":"broadcast_ok"}}
2024/02/25 18:59:40 Received {n12 n9 {"in_reply_to":19,"type":"broadcast_ok"}}
2024/02/25 18:59:40 Received {c59 n9 {"type":"read","msg_id":55}}
2024/02/25 18:59:40 Sent {"src":"n9","dest":"c59","body":{"in_reply_to":55,"messages":[2,364,439,435,460,543,97,202,428,612,75,127,326,659,657,669,36,367,31,396,497,524,535,578,40,145,172,240,258,392,403,482,523,29,73,221,220,278,316,646,66,165,225,253,402,483,490,522,516,100,204,257,306,405,573,673,359,510,544,640,72,616,679,345,592,680,69,363,555,575,686,47,298,377,519,654,16,6,310,334,473,681,222,397,621,70,74,133,117,140,318,368,17,118,173,199,224,299,319,539,615,606,159,203,207,432,632,647,15,76,291,527,566,18,267,600,386,429,434,95,418,658,683,41,233,438,502,559,3,65,103,422,385,624,174,206,338,371,662,81,157,185,272,308,590,675,706,50,96,110,179,356,580,55,84,198,558,610,529,648,317,423,614,663,105,487,685,113,254,248,292,468,593,651,53,148,219,313,362,589,54,98,261,380,450,587,585,144,414,520,584,412,440,456,583,682,670,35,191,216,264,393,355,415,605,10,57,177,457,458,582,43,239,348,346,499,514,546,82,186,217,294,425,461,0,151,190,344,443,470,548,563,68,120,139,171,347,378,556,92,256,357,481,574,67,138,141,170,420,201,270,343,503,538,452,518,560,557,637,27,193,431,512,674,71,86,249,14,8,87,572,5,143,91,180,246,263,302,407,667,25,77,150,262,325,375,37,89,101,275,496,241,501,506,530,567,554,23,123,259,327,401,609,236,384,395,408,467,106,271,296,372,409,509,596,200,358,209,244,287,104,116,137,129,149,184,213,228,289,288,304,369,665,280,328,376,421,536,684,353,604,45,223,215,307,508,552,61,85,321,570,645,333,398,462,124,285,478,515,661,671,689,498,475,622,46,237,269,342,413,30,112,419,551,13,52,330,49,168,161,293,332,360,361,588,617,60,255,274,331,417,526,59,182,312,295,158,152,242,668,666,56,521,594,48,28,79,232,459,128,154,283,411,448,169,176,189,277,286,322,351,447,453,545,565,704,672,146,187,245,335,427,619,649,166,175,476,500,533,599,602,19,122,212,234,276,301,303,643,142,181,231,250,297,336,394,433,12,34,192,341,494,493,517,542,687,99,130,218,273,305,350,607,58,265,424,479,550,626,678,9,365,641,314,311,391,636,290,410,436,513,629,38,323,455,486,613,107,162,208,495,618,178,214,416,446,444,511,638,635,230,39,108,156,238,247,320,370,94,300,64,205,211,279,349,642,109,528,601,83,197,196,534,561,135,188,579,78,121,525,576,480,532,553,660,20,62,153,445,568,620,547,540,630,7,44,437,562,63,252,400,442,564,595,598,577,644,650,194,406,441,489,581,625,22,132,115,399,477,488,492,505,33,268,339,390,32,136,102,634,164,243,379,387,449,464,210,466,474,569,88,167,195,485,484,541,611,677,147,163,226,374,383,608,42,114,131,183,352,628,134,126,309,324,340,381,571,655,426,454,591,652,11,80,251,373,465,586,282,366,430,472,597,688,21,160,531,603,623,664,656,119,471,537,631,633,24,111,125,284,337,463,653,639,1,491,549,90,229,329,315,354,389,469,676,4,51,155,281,404,26,260,266,388,451,507,627,93,227,235,382,504],"type":"read_ok"}}
2024/02/25 18:59:40 Received {c59 n9 {"type":"broadcast","message":727,"msg_id":56}}
2024/02/25 18:59:40 Sent {"src":"n9","dest":"c59","body":{"in_reply_to":56,"type":"broadcast_ok"}}
2024/02/25 18:59:40 Sent {"src":"n9","dest":"n12","body":{"messages":[727],"msg_id":20,"type":"broadcast"}}
2024/02/25 18:59:41 Received {n12 n9 {"messages":[699,698,692,690,702,693,705,700,694,708,703,695,707,696,709,701,691,697],"msg_id":743,"type":"broadcast"}}
2024/02/25 18:59:41 Sent {"src":"n9","dest":"n12","body":{"in_reply_to":743,"type":"broadcast_ok"}}
2024/02/25 18:59:41 Received {n12 n9 {"in_reply_to":20,"type":"broadcast_ok"}}
2024/02/25 18:59:41 Received {c59 n9 {"type":"broadcast","message":740,"msg_id":57}}
2024/02/25 18:59:41 Sent {"src":"n9","dest":"c59","body":{"in_reply_to":57,"type":"broadcast_ok"}}
2024/02/25 18:59:41 Sent {"src":"n9","dest":"n12","body":{"messages":[740],"msg_id":21,"type":"broadcast"}}
2024/02/25 18:59:41 Received {n12 n9 {"messages":[723,722,717,713,716,726,714,718,728,720,711,719,710,712,724,715,725,721,742],"msg_id":750,"type":"broadcast"}}
2024/02/25 18:59:41 Sent {"src":"n9","dest":"n12","body":{"in_reply_to":750,"type":"broadcast_ok"}}
2024/02/25 18:59:41 Received {n12 n9 {"in_reply_to":21,"type":"broadcast_ok"}}
2024/02/25 18:59:41 Received {c59 n9 {"type":"read","msg_id":58}}
2024/02/25 18:59:41 Sent {"src":"n9","dest":"c59","body":{"in_reply_to":58,"messages":[54,98,261,380,450,587,585,144,414,520,584,412,440,456,583,682,670,35,191,216,264,393,355,415,605,10,57,177,457,458,582,690,43,239,348,346,499,514,546,692,82,186,217,294,425,461,709,0,151,190,344,443,470,548,563,68,120,139,171,347,378,556,710,92,256,357,481,574,67,138,141,170,420,201,270,343,503,538,452,518,560,557,637,701,27,193,431,512,674,71,86,249,14,8,87,572,5,143,708,91,180,246,263,302,407,667,25,77,150,262,325,375,37,89,101,275,496,241,501,506,530,567,554,23,123,259,327,401,609,707,236,384,395,408,467,106,271,296,372,409,509,596,696,719,200,358,209,244,287,104,116,137,129,149,184,213,228,289,288,304,369,665,280,328,376,421,536,684,353,604,742,45,223,215,307,508,552,61,85,321,570,645,333,398,462,124,285,478,515,661,671,689,498,475,622,691,46,237,269,342,413,30,112,419,551,13,52,330,49,168,161,293,332,360,361,588,617,60,255,274,331,417,526,698,59,182,312,295,158,152,242,668,666,56,521,594,694,48,28,79,232,459,128,154,283,411,448,169,176,189,277,286,322,351,447,453,545,565,704,672,146,187,245,335,427,619,649,166,175,476,500,533,599,602,717,19,122,212,234,276,301,303,643,142,181,231,250,297,336,394,433,714,12,34,192,341,494,493,517,542,687,99,130,218,273,305,350,607,58,265,424,479,550,626,678,9,365,641,314,311,391,636,290,410,436,513,629,38,323,455,486,613,107,162,208,495,618,178,214,416,446,444,511,638,635,728,230,712,39,108,156,238,247,320,370,94,300,64,205,211,279,349,642,109,528,601,83,197,196,534,561,135,188,579,78,121,525,576,480,532,553,660,711,20,62,153,445,568,620,547,540,630,7,44,437,562,63,252,400,442,564,595,598,577,644,650,713,194,406,441,489,581,625,22,132,115,399,477,488,492,505,721,33,268,339,390,32,136,102,634,164,243,379,387,449,464,210,466,474,569,88,167,195,485,484,541,611,677,705,740,147,163,226,374,383,608,716,42,114,131,183,352,628,134,126,309,324,340,381,571,655,426,454,591,652,723,11,80,251,373,699,465,586,282,366,430,472,597,688,21,160,531,603,623,664,656,119,471,537,631,633,24,111,125,284,337,463,653,639,1,491,549,90,229,329,315,354,389,469,676,4,51,155,281,404,26,260,266,388,451,507,627,93,227,235,382,504,2,364,439,435,460,543,97,202,428,612,700,75,127,326,659,657,669,725,36,367,727,724,31,396,497,524,535,578,40,145,172,240,258,392,403,482,523,29,73,221,220,278,316,646,693,703,66,165,225,253,402,483,490,522,516,697,100,204,257,306,405,573,673,718,359,510,544,640,72,616,679,702,726,345,592,680,695,720,69,363,555,575,686,47,298,377,519,654,16,6,310,334,473,681,222,397,621,70,74,133,117,140,318,368,17,118,173,199,224,299,319,539,615,606,159,203,207,432,632,647,15,76,291,527,566,722,18,267,600,386,429,434,715,95,418,658,683,41,233,438,502,559,3,65,103,422,385,624,174,206,338,371,662,81,157,185,272,308,590,675,706,50,96,110,179,356,580,55,84,198,558,610,529,648,317,423,614,663,105,487,685,113,254,248,292,468,593,651,53,148,219,313,362,589],"type":"read_ok"}}
2024/02/25 18:59:41 Received {c59 n9 {"type":"broadcast","message":773,"msg_id":59}}
2024/02/25 18:59:41 Sent {"src":"n9","dest":"c59","body":{"in_reply_to":59,"type":"broadcast_ok"}}
2024/02/25 18:59:41 Sent {"src":"n9","dest":"n12","body":{"messages":[773],"msg_id":22,"type":"broadcast"}}
2024/02/25 18:59:42 Received {n12 n9 {"messages":[749,739,732,746,748,735,738,737,730,744,741,733,734,751,731,745,747,729,743,736,750],"msg_id":782,"type":"broadcast"}}
2024/02/25 18:59:42 Sent {"src":"n9","dest":"n12","body":{"in_reply_to":782,"type":"broadcast_ok"}}
2024/02/25 18:59:42 Received {n12 n9 {"in_reply_to":22,"type":"broadcast_ok"}}
2024/02/25 18:59:42 Received {c59 n9 {"type":"read","msg_id":60}}
2024/02/25 18:59:42 Sent {"src":"n9","dest":"c59","body":{"in_reply_to":60,"messages":[351,447,169,176,189,277,286,322,453,545,565,704,672,649,739,146,187,245,335,427,619,602,717,166,175,476,500,533,599,303,643,19,122,212,234,276,301,394,433,142,181,231,250,297,336,714,746,517,542,12,34,192,341,494,493,687,607,99,130,218,273,305,350,678,58,265,424,479,550,626,9,365,641,314,311,391,636,290,410,436,513,629,38,323,455,486,613,107,162,208,495,618,638,635,178,214,416,446,444,511,728,230,712,370,736,39,108,156,238,247,320,94,300,64,205,211,279,349,642,109,528,601,83,197,196,534,561,135,188,579,78,121,525,576,480,532,553,660,711,745,20,62,153,445,568,620,547,540,630,7,44,437,562,598,577,63,252,400,442,564,595,644,650,713,749,194,406,441,489,581,625,492,505,22,132,115,399,477,488,721,33,268,339,390,32,136,102,634,164,243,379,387,449,464,210,466,474,569,611,677,88,167,195,485,484,541,705,740,716,147,163,226,374,383,608,42,114,131,183,352,628,571,655,134,126,309,324,340,381,426,454,591,652,723,11,80,251,373,699,465,586,282,366,430,472,597,688,656,21,160,531,603,623,664,119,471,537,631,633,653,639,24,111,125,284,337,463,1,491,549,469,676,90,229,329,315,354,389,4,51,155,281,404,627,26,260,266,388,451,507,93,227,235,382,504,2,364,439,435,460,543,97,202,428,612,700,725,737,75,127,326,659,657,669,36,367,727,724,732,31,396,497,524,535,578,403,482,40,145,172,240,258,392,523,646,693,29,73,221,220,278,316,703,490,522,66,165,225,253,402,483,516,697,673,718,100,204,257,306,405,573,359,510,544,640,751,72,616,679,702,726,345,592,680,695,720,747,69,363,555,575,686,47,298,377,519,654,16,6,310,334,473,681,222,397,621,368,70,74,133,117,140,318,319,539,17,118,173,199,224,299,615,606,750,159,203,207,432,632,647,15,76,291,527,566,722,18,267,600,386,429,434,715,95,418,658,683,41,233,438,502,559,773,3,65,103,422,385,624,174,206,338,371,662,741,675,706,81,157,185,272,308,590,50,96,110,179,356,580,55,84,198,558,610,529,648,317,423,614,663,105,487,685,651,113,254,248,292,468,593,53,148,219,313,362,589,585,54,98,261,380,450,587,144,414,520,584,412,440,456,583,682,670,415,605,35,191,216,264,393,355,731,690,735,10,57,177,457,458,582,546,692,43,239,348,346,499,514,709,82,186,217,294,425,461,548,563,0,151,190,344,443,470,556,710,68,120,139,171,347,378,730,92,256,357,481,574,67,138,141,170,420,201,270,343,503,538,452,518,560,557,637,701,27,193,431,512,674,733,71,86,249,744,14,8,87,572,5,143,708,743,667,91,180,246,263,302,407,25,77,150,262,325,375,37,89,101,275,496,241,501,506,530,567,554,707,23,123,259,327,401,609,236,384,395,408,467,596,696,106,271,296,372,409,509,719,200,358,209,244,287,213,228,104,116,137,129,149,184,289,288,304,369,665,729,280,328,376,421,536,684,353,604,742,45,223,215,307,508,552,61,85,321,570,645,333,398,462,689,124,285,478,515,661,671,498,475,622,691,46,237,269,342,413,30,112,419,551,13,52,330,734,361,588,49,168,161,293,332,360,617,698,748,60,255,274,331,417,526,738,59,182,312,295,158,152,242,668,666,56,521,594,694,48,28,79,232,459,128,154,283,411,448],"type":"read_ok"}}
2024/02/25 18:59:42 Received {n12 n9 {"messages":[757,772,752,765,762,754,756,771,769,776,770,759,753,767,768,766,764,760,775,758,774,761,777,755,763],"msg_id":815,"type":"broadcast"}}
2024/02/25 18:59:42 Received {c59 n9 {"type":"broadcast","message":794,"msg_id":61}}
2024/02/25 18:59:42 Sent {"src":"n9","dest":"n12","body":{"in_reply_to":815,"type":"broadcast_ok"}}
2024/02/25 18:59:42 Sent {"src":"n9","dest":"c59","body":{"in_reply_to":61,"type":"broadcast_ok"}}
2024/02/25 18:59:42 Received {c59 n9 {"type":"read","msg_id":62}}
2024/02/25 18:59:42 Sent {"src":"n9","dest":"c59","body":{"in_reply_to":62,"messages":[30,112,419,551,13,52,330,734,49,168,161,293,332,360,361,588,617,60,255,274,331,417,526,698,748,738,59,182,312,295,158,152,242,668,666,754,56,521,594,694,48,28,79,232,459,128,154,283,411,448,169,176,189,277,286,322,351,447,453,545,565,704,672,146,187,245,335,427,619,649,739,765,166,175,476,500,533,599,602,717,19,122,212,234,276,301,303,643,142,181,231,250,297,336,394,433,714,746,12,34,192,341,494,493,517,542,687,99,130,218,273,305,350,607,58,265,424,479,550,626,678,9,365,641,314,311,391,636,290,410,436,513,629,38,323,455,486,613,107,162,208,495,618,178,214,416,446,444,511,638,635,728,767,230,712,772,39,108,156,238,247,320,370,736,94,300,64,205,211,279,349,642,109,528,601,755,83,197,196,534,561,135,188,579,78,121,525,576,480,532,553,660,711,745,20,62,153,445,568,620,547,540,630,7,44,437,562,63,252,400,442,564,595,598,577,644,650,713,749,194,406,441,489,581,625,22,132,115,399,477,488,492,505,721,33,268,339,390,32,136,102,634,164,243,379,387,449,464,210,466,474,569,88,167,195,485,484,541,611,677,705,740,759,147,163,226,374,383,608,716,774,42,114,131,183,352,628,134,126,309,324,340,381,571,655,426,454,591,652,723,11,80,251,373,699,756,465,586,762,763,282,366,430,472,597,688,21,160,531,603,623,664,656,776,768,119,471,537,631,633,24,111,125,284,337,463,653,639,1,491,549,90,229,329,315,354,389,469,676,758,4,51,155,281,404,26,260,266,388,451,507,627,93,227,235,382,504,2,364,439,435,460,543,97,202,428,612,700,75,127,326,659,657,669,725,737,36,367,727,724,31,396,497,524,535,578,732,764,40,145,172,240,258,392,403,482,523,29,73,221,220,278,316,646,693,703,771,66,165,225,253,402,483,490,522,516,697,766,775,100,204,257,306,405,573,673,718,359,510,544,640,751,72,616,679,702,726,345,592,680,695,720,747,761,777,69,363,555,575,686,47,298,377,519,654,770,16,6,310,334,473,681,222,397,621,70,74,133,117,140,318,368,17,118,173,199,224,299,319,539,615,606,159,203,207,432,632,647,750,15,76,291,527,566,722,18,267,600,386,429,434,715,753,95,418,658,683,41,233,438,502,559,3,65,103,422,385,624,773,174,206,338,371,662,741,81,157,185,272,308,590,675,706,50,96,110,179,356,580,55,84,198,558,610,794,529,648,317,423,614,663,105,487,685,113,254,248,292,468,593,651,53,148,219,313,362,589,54,98,261,380,450,587,585,144,414,520,584,412,440,456,583,682,670,35,191,216,264,393,355,415,605,731,10,57,177,457,458,582,690,735,43,239,348,346,499,514,546,692,82,186,217,294,425,461,709,0,151,190,344,443,470,548,563,68,120,139,171,347,378,556,710,730,760,92,256,357,481,574,769,67,138,141,170,420,201,270,343,503,538,452,518,560,557,637,701,27,193,431,512,674,733,71,86,249,744,14,8,87,572,5,143,708,743,91,180,246,263,302,407,667,25,77,150,262,325,375,37,89,101,275,496,241,501,506,530,567,554,23,123,259,327,401,609,707,236,384,395,408,467,106,271,296,372,409,509,596,696,719,200,358,209,244,287,104,116,137,129,149,184,213,228,289,288,304,369,665,729,280,328,376,421,536,684,353,604,742,45,223,215,307,508,552,752,61,85,321,570,645,333,398,462,124,285,478,515,661,671,689,498,475,622,691,46,237,269,342,413,757],"type":"read_ok"}}
2024/02/25 18:59:42 Sent {"src":"n9","dest":"n12","body":{"messages":[794],"msg_id":23,"type":"broadcast"}}
2024/02/25 18:59:43 Received {n12 n9 {"messages":[779,789,786,783,788,781,784,790,792,785,780,793,778,791,787,782,809],"msg_id":838,"type":"broadcast"}}
2024/02/25 18:59:43 Received {c59 n9 {"type":"read","msg_id":63}}
2024/02/25 18:59:43 Sent {"src":"n9","dest":"n12","body":{"in_reply_to":838,"type":"broadcast_ok"}}
2024/02/25 18:59:43 Sent {"src":"n9","dest":"c59","body":{"in_reply_to":63,"messages":[622,691,498,475,269,342,413,757,46,237,419,551,30,112,330,734,13,52,161,293,332,360,361,588,49,168,617,274,331,417,526,698,748,60,255,738,312,295,59,182,242,668,666,754,158,152,594,694,56,521,79,232,459,48,28,283,411,448,128,154,189,277,286,322,351,447,169,176,565,704,672,453,545,245,335,427,619,649,739,146,187,765,476,500,533,599,602,717,166,175,212,234,276,301,303,643,19,122,231,250,297,336,394,433,142,181,714,746,192,341,494,493,517,542,12,34,687,218,273,305,350,607,793,99,130,424,479,550,626,678,58,265,641,9,365,391,636,314,311,436,513,629,290,410,455,486,613,38,323,208,495,618,107,162,416,446,444,511,638,635,178,214,790,728,767,772,230,712,156,238,247,320,370,736,39,108,783,94,300,211,279,349,642,64,205,601,755,109,528,196,534,561,809,83,197,579,135,188,525,576,78,121,553,660,711,745,480,532,153,445,568,620,20,62,630,547,540,437,562,7,44,400,442,564,595,598,577,63,252,713,749,644,650,441,489,581,625,194,406,115,399,477,488,492,505,22,132,721,339,390,33,268,32,136,102,634,379,387,449,464,164,243,474,569,210,466,195,485,484,541,611,677,88,167,759,705,740,226,374,383,608,716,774,147,163,131,183,352,628,42,114,309,324,340,381,571,655,134,126,591,652,723,784,426,454,251,373,699,756,11,80,762,763,465,586,430,472,597,688,282,366,531,603,623,664,656,776,21,160,768,537,631,633,119,471,125,284,337,463,653,639,24,111,788,549,1,491,329,315,354,389,469,676,90,229,758,155,281,404,4,51,266,388,451,507,627,26,260,235,382,504,93,227,439,435,460,543,2,364,428,612,700,782,97,202,326,659,657,669,725,737,75,127,727,724,36,367,497,524,535,578,732,764,31,396,172,240,258,392,403,482,40,145,523,221,220,278,316,646,693,29,73,779,703,771,225,253,402,483,490,522,66,165,766,775,791,516,697,257,306,405,573,673,718,100,204,544,640,751,359,510,679,702,726,72,616,680,695,720,747,761,777,345,592,555,575,686,780,69,363,377,519,654,770,47,298,310,334,473,681,16,6,621,222,397,133,117,140,318,368,70,74,173,199,224,299,319,539,17,118,615,606,207,432,632,647,750,159,203,291,527,566,722,15,76,600,18,267,434,715,753,386,429,658,683,95,418,438,502,559,41,233,103,422,385,624,773,792,3,65,785,338,371,662,741,174,206,185,272,308,590,675,706,81,157,781,110,179,356,580,50,96,198,558,610,794,55,84,529,648,614,663,317,423,685,105,487,248,292,468,593,651,778,113,254,219,313,362,589,53,148,261,380,450,587,585,54,98,520,584,144,414,456,583,682,670,412,440,216,264,393,355,415,605,35,191,731,177,457,458,582,690,735,10,57,348,346,499,514,546,692,43,239,217,294,425,461,709,82,186,190,344,443,470,548,563,0,151,139,171,347,378,556,710,68,120,730,760,357,481,574,769,789,787,92,256,141,170,420,67,138,343,503,538,201,270,560,557,637,701,452,518,431,512,674,733,27,193,249,744,71,86,87,572,14,8,708,743,5,143,246,263,302,407,667,91,180,150,262,325,375,25,77,101,275,496,37,89,506,530,567,554,241,501,259,327,401,609,707,23,123,395,408,467,236,384,296,372,409,509,596,696,106,271,719,200,358,287,786,209,244,137,129,149,184,213,228,104,116,304,369,665,729,289,288,376,421,536,684,280,328,742,353,604,215,307,508,552,752,45,223,321,570,645,61,85,462,333,398,478,515,661,671,689,124,285],"type":"read_ok"}}
2024/02/25 18:59:43 Received {n12 n9 {"in_reply_to":23,"type":"broadcast_ok"}}
2024/02/25 18:59:43 Received {c59 n9 {"type":"broadcast","message":838,"msg_id":64}}
2024/02/25 18:59:43 Sent {"src":"n9","dest":"c59","body":{"in_reply_to":64,"type":"broadcast_ok"}}
2024/02/25 18:59:43 Sent {"src":"n9","dest":"n12","body":{"messages":[838],"msg_id":24,"type":"broadcast"}}
2024/02/25 18:59:43 Received {n12 n9 {"messages":[812,798,811,800,813,807,805,804,801,815,797,810,795,808,803,806,802,796,814,799,822],"msg_id":847,"type":"broadcast"}}
2024/02/25 18:59:43 Sent {"src":"n9","dest":"n12","body":{"in_reply_to":847,"type":"broadcast_ok"}}
2024/02/25 18:59:43 Received {n12 n9 {"in_reply_to":24,"type":"broadcast_ok"}}
2024/02/25 18:59:43 Received {c59 n9 {"type":"read","msg_id":65}}
2024/02/25 18:59:43 Sent {"src":"n9","dest":"c59","body":{"in_reply_to":65,"messages":[782,814,822,97,202,428,612,700,669,725,737,75,127,326,659,657,804,36,367,727,724,578,732,764,31,396,497,524,535,392,403,482,40,145,172,240,258,523,316,646,693,29,73,221,220,278,703,771,779,483,490,522,66,165,225,253,402,516,697,766,775,791,573,673,718,100,204,257,306,405,797,359,510,544,640,751,72,616,679,702,726,747,761,777,345,592,680,695,720,780,69,363,555,575,686,770,47,298,377,519,654,681,16,6,310,334,473,222,397,621,838,318,368,70,74,133,117,140,299,319,539,17,118,173,199,224,615,606,647,750,159,203,207,432,632,722,15,76,291,527,566,18,267,600,803,386,429,434,715,753,95,418,658,683,41,233,438,502,559,624,773,792,3,65,103,422,385,785,741,174,206,338,371,662,590,675,706,81,157,185,272,308,781,580,50,96,110,179,356,794,55,84,198,558,610,529,648,317,423,614,663,105,487,685,593,651,778,113,254,248,292,468,589,53,148,219,313,362,587,585,54,98,261,380,450,144,414,520,584,801,670,412,440,456,583,682,355,415,605,35,191,216,264,393,731,582,690,735,10,57,177,457,458,514,546,692,43,239,348,346,499,805,461,709,82,186,217,294,425,470,548,563,0,151,190,344,443,378,556,710,68,120,139,171,347,730,760,800,769,789,787,92,256,357,481,574,67,138,141,170,420,201,270,343,503,538,701,452,518,560,557,637,733,27,193,431,512,674,71,86,249,744,811,14,8,87,572,5,143,708,743,407,667,91,180,246,263,302,375,25,77,150,262,325,37,89,101,275,496,554,241,501,506,530,567,609,707,23,123,259,327,401,796,236,384,395,408,467,509,596,696,106,271,296,372,409,719,200,358,209,244,287,786,184,213,228,104,116,137,129,149,729,289,288,304,369,665,684,280,328,376,421,536,353,604,742,552,752,45,223,215,307,508,61,85,321,570,645,333,398,462,671,689,124,285,478,515,661,498,475,622,691,807,757,46,237,269,342,413,30,112,419,551,13,52,330,734,360,361,588,49,168,161,293,332,617,526,698,748,60,255,274,331,417,738,808,59,182,312,295,754,158,152,242,668,666,56,521,594,694,48,28,79,232,459,128,154,283,411,448,322,351,447,169,176,189,277,286,453,545,565,704,672,619,649,739,146,187,245,335,427,765,599,602,717,166,175,476,500,533,815,301,303,643,19,122,212,234,276,336,394,433,142,181,231,250,297,714,746,493,517,542,12,34,192,341,494,687,813,350,607,793,99,130,218,273,305,626,678,58,265,424,479,550,9,365,641,314,311,391,636,290,410,436,513,629,38,323,455,486,613,107,162,208,495,618,511,638,635,178,214,416,446,444,728,767,790,810,806,230,712,772,320,370,736,39,108,156,238,247,812,94,300,783,642,64,205,211,279,349,109,528,601,755,809,83,197,196,534,561,135,188,579,78,121,525,576,745,799,480,532,553,660,711,620,20,62,153,445,568,547,540,630,795,7,44,437,562,595,598,577,63,252,400,442,564,644,650,713,749,625,194,406,441,489,581,488,492,505,22,132,115,399,477,721,33,268,339,390,32,136,102,634,464,164,243,379,387,449,210,466,474,569,798,541,611,677,88,167,195,485,484,705,740,759,608,716,774,147,163,226,374,383,628,802,42,114,131,183,352,381,571,655,134,126,309,324,340,784,426,454,591,652,723,756,11,80,251,373,699,465,586,762,763,688,282,366,430,472,597,664,656,776,21,160,531,603,623,768,119,471,537,631,633,463,653,639,24,111,125,284,337,788,1,491,549,389,469,676,90,229,329,315,354,758,4,51,155,281,404,507,627,26,260,266,388,451,93,227,235,382,504,543,2,364,439,435,460],"type":"read_ok"}}
2024/02/25 18:59:43 Received {c59 n9 {"type":"read","msg_id":66}}
2024/02/25 18:59:43 Sent {"src":"n9","dest":"c59","body":{"in_reply_to":66,"messages":[303,643,19,122,212,234,276,301,394,433,142,181,231,250,297,336,714,746,517,542,12,34,192,341,494,493,687,813,607,793,99,130,218,273,305,350,678,58,265,424,479,550,626,9,365,641,314,311,391,636,290,410,436,513,629,38,323,455,486,613,107,162,208,495,618,638,635,178,214,416,446,444,511,728,767,790,810,806,230,712,772,370,736,39,108,156,238,247,320,812,94,300,783,64,205,211,279,349,642,109,528,601,755,83,197,196,534,561,809,135,188,579,78,121,525,576,799,480,532,553,660,711,745,20,62,153,445,568,620,547,540,630,795,7,44,437,562,598,577,63,252,400,442,564,595,644,650,713,749,194,406,441,489,581,625,492,505,22,132,115,399,477,488,721,33,268,339,390,32,136,102,634,164,243,379,387,449,464,210,466,474,569,798,611,677,88,167,195,485,484,541,705,740,759,716,774,147,163,226,374,383,608,802,42,114,131,183,352,628,571,655,134,126,309,324,340,381,426,454,591,652,723,784,11,80,251,373,699,756,465,586,762,763,282,366,430,472,597,688,656,776,21,160,531,603,623,664,768,119,471,537,631,633,653,639,24,111,125,284,337,463,788,1,491,549,469,676,90,229,329,315,354,389,758,4,51,155,281,404,627,26,260,266,388,451,507,93,227,235,382,504,2,364,439,435,460,543,814,822,97,202,428,612,700,782,725,737,75,127,326,659,657,669,804,36,367,727,724,732,764,31,396,497,524,535,578,403,482,40,145,172,240,258,392,523,646,693,29,73,221,220,278,316,703,771,779,490,522,66,165,225,253,402,483,516,697,766,775,791,673,718,100,204,257,306,405,573,797,359,510,544,640,751,72,616,679,702,726,761,777,345,592,680,695,720,747,69,363,555,575,686,780,47,298,377,519,654,770,16,6,310,334,473,681,222,397,621,838,368,70,74,133,117,140,318,319,539,17,118,173,199,224,299,615,606,750,159,203,207,432,632,647,15,76,291,527,566,722,18,267,600,386,429,434,715,753,803,95,418,658,683,41,233,438,502,559,773,792,3,65,103,422,385,624,785,174,206,338,371,662,741,675,706,81,157,185,272,308,590,781,50,96,110,179,356,580,55,84,198,558,610,794,529,648,317,423,614,663,105,487,685,651,778,113,254,248,292,468,593,53,148,219,313,362,589,585,54,98,261,380,450,587,144,414,520,584,801,412,440,456,583,682,670,415,605,35,191,216,264,393,355,731,690,735,10,57,177,457,458,582,546,692,43,239,348,346,499,514,805,709,82,186,217,294,425,461,548,563,0,151,190,344,443,470,556,710,68,120,139,171,347,378,730,760,800,789,787,92,256,357,481,574,769,67,138,141,170,420,201,270,343,503,538,452,518,560,557,637,701,27,193,431,512,674,733,71,86,249,744,811,14,8,87,572,5,143,708,743,667,91,180,246,263,302,407,25,77,150,262,325,375,37,89,101,275,496,241,501,506,530,567,554,707,23,123,259,327,401,609,236,384,395,408,467,796,596,696,106,271,296,372,409,509,719,200,358,209,244,287,786,213,228,104,116,137,129,149,184,289,288,304,369,665,729,280,328,376,421,536,684,353,604,742,752,45,223,215,307,508,552,61,85,321,570,645,333,398,462,689,124,285,478,515,661,671,498,475,622,691,807,46,237,269,342,413,757,30,112,419,551,13,52,330,734,361,588,49,168,161,293,332,360,617,698,748,60,255,274,331,417,526,738,808,59,182,312,295,158,152,242,668,666,754,56,521,594,694,48,28,79,232,459,128,154,283,411,448,351,447,169,176,189,277,286,322,453,545,565,704,672,649,739,146,187,245,335,427,619,765,602,717,166,175,476,500,533,599,815],"type":"read_ok"}}
2024/02/25 18:59:44 Received {n12 n9 {"messages":[837,816,830,827,836,819,834,824,823,840,839,826,842,828,843,829,817,831,825,841,821,820,835,818,832,833,863],"msg_id":881,"type":"broadcast"}}
2024/02/25 18:59:44 Sent {"src":"n9","dest":"n12","body":{"in_reply_to":881,"type":"broadcast_ok"}}
2024/02/25 18:59:44 Received {c59 n9 {"type":"read","msg_id":67}}
2024/02/25 18:59:44 Sent {"src":"n9","dest":"c59","body":{"in_reply_to":67,"messages":[490,522,165,225,253,516,775,673,718,100,306,405,573,359,544,640,751,72,679,702,777,592,680,575,780,817,6,310,334,397,621,838,74,117,318,319,539,118,299,615,632,647,291,722,267,600,386,434,715,753,803,418,658,438,559,3,65,103,385,785,835,338,371,741,675,157,272,308,590,781,50,356,198,648,663,105,685,113,292,468,593,651,778,53,148,219,362,589,98,261,585,801,816,216,393,355,415,605,10,458,582,43,348,346,499,546,692,217,425,461,709,826,151,344,548,563,800,68,120,347,378,730,760,357,481,789,138,141,420,840,270,560,557,701,27,431,674,733,86,14,8,87,572,5,708,743,91,246,263,302,829,150,262,325,375,89,275,506,530,567,707,23,123,327,395,408,467,796,596,696,106,271,719,358,209,287,830,104,137,129,837,304,665,376,353,604,742,45,61,85,321,570,645,333,398,689,124,478,515,622,691,807,46,237,342,419,551,863,13,52,734,161,361,588,748,60,255,274,526,182,312,152,242,666,754,521,694,28,79,459,818,448,176,189,277,286,453,545,672,187,245,335,619,765,717,500,533,122,301,142,231,250,336,714,746,542,12,34,192,341,494,493,687,130,218,305,607,793,821,678,58,424,626,9,641,314,311,391,290,410,436,513,38,486,613,107,162,208,495,618,635,416,446,444,767,810,370,238,247,94,783,64,205,211,349,601,83,197,196,534,809,135,188,579,78,121,799,480,553,660,745,62,153,445,620,547,540,630,795,44,437,577,400,442,564,713,749,194,489,492,505,22,115,399,477,33,136,164,387,449,464,466,569,798,167,541,705,774,163,226,833,571,134,309,324,340,381,426,723,784,843,11,80,373,699,465,763,282,366,841,21,160,531,603,623,664,768,471,631,653,639,24,284,463,788,1,329,315,389,758,824,4,155,404,627,26,260,266,388,451,507,93,439,435,460,97,428,700,725,737,75,657,669,367,727,724,834,764,497,524,145,258,392,523,29,73,220,316,703,771,66,402,483,697,766,791,204,257,797,510,616,726,761,345,695,720,747,69,363,555,686,47,298,377,519,654,770,16,473,681,222,368,70,133,140,17,173,199,224,606,750,159,203,207,432,15,76,527,566,18,429,95,683,41,233,502,422,624,773,792,174,206,662,706,81,185,827,96,110,179,580,55,84,558,610,794,529,317,423,614,487,254,248,313,839,828,54,380,450,587,144,414,520,584,412,440,456,583,682,670,35,191,264,731,57,177,457,690,735,239,514,805,842,82,186,294,0,190,443,470,139,171,556,710,832,92,256,574,769,787,819,67,170,825,201,343,503,538,823,452,518,637,193,512,71,249,744,811,143,180,407,667,25,77,37,101,496,241,501,554,259,401,609,236,384,296,372,409,509,200,244,786,213,228,116,149,184,289,288,369,729,280,328,421,536,684,752,223,215,307,508,552,831,462,285,661,671,498,475,269,413,757,30,112,330,820,49,168,293,332,360,617,698,331,417,738,808,59,295,836,158,668,56,594,48,232,128,154,283,411,351,447,169,322,565,704,649,739,146,427,602,166,175,476,599,815,303,643,19,212,234,276,394,433,181,297,517,813,99,273,350,265,479,550,365,636,629,323,455,638,178,214,511,728,790,806,230,712,772,736,39,108,156,320,812,300,279,642,109,528,755,561,525,576,532,711,20,568,7,562,598,63,252,595,644,650,406,441,581,625,132,488,721,268,339,390,32,102,634,243,379,210,474,611,677,88,195,485,484,740,759,716,147,374,383,608,802,42,114,131,183,352,628,655,126,454,591,652,251,756,586,762,430,472,597,688,656,776,119,537,633,111,125,337,491,549,469,676,90,229,354,51,281,227,235,382,504,2,364,543,814,822,202,612,782,127,326,659,804,36,732,31,396,535,578,403,482,40,172,240,646,693,221,278,779],"type":"read_ok"}}
2024/02/25 18:59:44 Received {n12 n9 {"messages":[853,861,855,848,860,850,856,852,849,864,845,857,858,859,846,862,854,847,844,851,871],"msg_id":895,"type":"broadcast"}}
2024/02/25 18:59:44 Received {c59 n9 {"type":"broadcast","message":880,"msg_id":68}}
2024/02/25 18:59:44 Sent {"src":"n9","dest":"n12","body":{"in_reply_to":895,"type":"broadcast_ok"}}
2024/02/25 18:59:44 Sent {"src":"n9","dest":"c59","body":{"in_reply_to":68,"type":"broadcast_ok"}}
2024/02/25 18:59:44 Received {c59 n9 {"type":"broadcast","message":893,"msg_id":69}}
2024/02/25 18:59:44 Sent {"src":"n9","dest":"c59","body":{"in_reply_to":69,"type":"broadcast_ok"}}
2024/02/25 18:59:44 Sent {"src":"n9","dest":"n12","body":{"messages":[880,893],"msg_id":25,"type":"broadcast"}}
2024/02/25 18:59:45 Received {n12 n9 {"messages":[874,883,868,878,869,879,873,877,866,875,867,876,870,865,872,894],"msg_id":913,"type":"broadcast"}}
2024/02/25 18:59:45 Sent {"src":"n9","dest":"n12","body":{"in_reply_to":913,"type":"broadcast_ok"}}
2024/02/25 18:59:45 Received {n12 n9 {"in_reply_to":25,"type":"broadcast_ok"}}
2024/02/25 18:59:45 Received {n12 n9 {"messages":[898,886,900,885,902,903,896,891,904,892,889,905,888,899,881,884,895,887,897,890,901,882],"msg_id":948,"type":"broadcast"}}
2024/02/25 18:59:45 Sent {"src":"n9","dest":"n12","body":{"in_reply_to":948,"type":"broadcast_ok"}}
2024/02/25 18:59:46 Received {n12 n9 {"messages":[906],"msg_id":966,"type":"broadcast"}}
2024/02/25 18:59:46 Sent {"src":"n9","dest":"n12","body":{"in_reply_to":966,"type":"broadcast_ok"}}
2024/02/25 18:59:55 Received {c59 n9 {"type":"read","msg_id":70}}
2024/02/25 18:59:55 Sent {"src":"n9","dest":"c59","body":{"in_reply_to":70,"messages":[890,400,442,564,577,713,749,194,489,844,22,115,399,477,492,505,33,136,881,164,387,449,464,849,466,569,798,167,541,705,163,226,774,833,134,309,324,340,381,571,426,723,784,843,11,80,373,699,465,763,282,366,841,768,21,160,531,603,623,664,471,631,24,284,463,653,639,788,1,329,315,389,758,824,846,4,155,404,627,26,260,266,388,451,507,93,439,435,460,97,428,700,75,657,669,725,737,367,727,724,834,497,524,764,145,258,392,523,29,73,220,316,703,771,66,402,483,697,766,791,204,257,797,510,616,726,345,695,720,747,761,69,363,555,686,894,47,298,377,519,654,770,16,473,681,222,368,70,133,140,904,17,173,199,224,606,870,159,203,207,432,750,902,15,76,527,566,18,429,95,683,862,41,233,502,422,624,773,792,174,206,662,81,185,706,852,96,110,179,580,827,868,55,84,558,610,794,529,317,423,614,487,858,859,254,248,313,839,828,54,380,450,587,860,144,414,520,584,412,440,456,583,682,670,35,191,264,731,57,177,457,690,735,239,514,805,842,82,186,294,0,190,443,470,139,171,556,710,832,92,256,574,769,787,819,67,170,825,201,343,503,538,853,879,452,518,637,823,884,193,512,883,71,249,744,811,143,180,407,667,25,77,37,101,496,869,876,241,501,554,259,401,609,236,384,296,372,409,509,200,244,786,288,369,116,149,184,213,228,289,729,845,888,280,328,421,536,684,854,223,215,307,508,552,752,831,462,285,661,671,498,475,269,413,757,877,30,112,330,820,49,168,293,332,360,617,331,417,698,738,808,59,295,836,158,668,56,594,48,232,128,154,283,411,861,169,322,351,447,565,704,146,427,649,739,166,175,476,599,602,815,19,212,234,276,303,643,181,297,394,433,906,517,813,99,273,350,265,479,550,365,636,629,323,455,872,806,880,178,214,511,638,728,790,230,712,772,39,108,156,320,736,812,300,279,642,109,528,755,561,850,525,576,532,711,20,568,7,562,63,252,595,598,644,650,406,441,581,625,132,488,721,268,339,390,867,32,871,102,634,901,243,379,210,474,886,740,759,88,195,485,484,611,677,147,374,383,608,716,802,42,114,131,183,352,628,126,655,454,591,652,251,756,899,586,762,430,472,597,688,656,776,119,537,633,111,125,337,491,549,882,905,90,229,354,469,676,847,51,281,227,235,382,504,2,364,543,851,202,612,782,814,822,864,127,326,659,804,36,31,396,535,578,732,856,403,482,40,172,240,646,693,221,278,779,490,522,165,225,253,516,775,673,718,100,306,405,573,359,544,640,751,72,679,702,592,680,777,878,898,575,780,817,6,310,334,873,397,621,838,74,117,318,118,299,319,539,615,632,647,291,722,903,267,600,386,434,715,753,803,418,658,892,438,559,3,65,103,385,785,835,338,371,741,157,272,308,590,675,781,50,356,198,648,663,105,685,896,113,292,468,593,651,778,53,148,219,362,589,98,261,585,801,866,816,216,393,355,415,605,10,458,582,43,348,346,499,546,692,217,425,461,709,826,900,151,344,548,563,885,800,68,120,347,378,730,760,357,481,789,138,141,420,840,893,270,560,557,701,27,431,674,733,86,14,8,87,572,889,5,708,743,91,246,263,302,829,150,262,325,375,895,89,275,506,530,567,23,123,327,707,395,408,467,796,106,271,596,696,719,358,209,287,830,104,137,129,304,665,837,376,353,604,742,45,857,61,85,321,570,645,865,333,398,124,478,515,689,874,622,691,807,46,237,342,419,551,863,13,52,734,161,361,588,891,60,255,274,526,748,182,312,152,242,666,754,521,694,28,79,459,818,448,672,176,189,277,286,453,545,187,245,335,619,765,500,533,717,887,122,301,142,231,250,336,714,746,542,687,12,34,192,341,494,493,130,218,305,607,793,821,58,424,626,678,875,9,641,314,311,391,290,410,436,513,855,38,486,613,107,162,208,495,618,416,446,444,635,767,810,848,238,247,370,94,783,64,205,211,349,897,601,83,197,196,534,809,135,188,579,78,121,480,553,660,745,799,62,153,445,620,547,540,630,795,44,437],"type":"read_ok"}}
