2024-02-23 16:16:54,087{GMT}	INFO	[jepsen test runner] jepsen.core: Test version a6ecf26472b81b804f34a302bd07c0bb804a8801 (plus uncommitted changes)
2024-02-23 16:16:54,088{GMT}	INFO	[jepsen test runner] jepsen.core: Command line:
lein run test -w broadcast --bin /Users/danishsharma/go/src/gossip-glamers/multi_node_broadcast/bin --node-count 5 --time-limit 20 --rate 10
2024-02-23 16:16:54,160{GMT}	INFO	[jepsen test runner] jepsen.core: Running test:
{:args []
 :remote
 #jepsen.control.retry.Remote{:remote #jepsen.control.scp.Remote{:cmd-remote #jepsen.control.sshj.SSHJRemote{:concurrency-limit 6,
                                                                                                             :conn-spec nil,
                                                                                                             :client nil,
                                                                                                             :semaphore nil},
                                                                 :conn-spec nil},
                              :conn nil}
 :log-net-send false
 :node-count 5
 :availability nil
 :max-txn-length 4
 :concurrency 5
 :db
 #object[maelstrom.db$db$reify__16142
         "0x3fe8d57a"
         "maelstrom.db$db$reify__16142@3fe8d57a"]
 :max-writes-per-key 16
 :leave-db-running? false
 :name "broadcast"
 :logging-json? false
 :start-time
 #object[org.joda.time.DateTime "0x674cd2da" "2024-02-23T16:16:54.006+05:30"]
 :nemesis-interval 10
 :net
 #object[maelstrom.net$jepsen_net$reify__15251
         "0x686279e0"
         "maelstrom.net$jepsen_net$reify__15251@686279e0"]
 :client
 #object[maelstrom.workload.broadcast$client$reify__16644
         "0x6b28d4e4"
         "maelstrom.workload.broadcast$client$reify__16644@6b28d4e4"]
 :barrier
 #object[java.util.concurrent.CyclicBarrier
         "0x41cfcbb5"
         "java.util.concurrent.CyclicBarrier@41cfcbb5"]
 :log-stderr false
 :pure-generators true
 :ssh {:dummy? true}
 :rate 10.0
 :checker
 #object[jepsen.checker$compose$reify__11881
         "0x40941b54"
         "jepsen.checker$compose$reify__11881@40941b54"]
 :argv
 ("test"
  "-w"
  "broadcast"
  "--bin"
  "/Users/danishsharma/go/src/gossip-glamers/multi_node_broadcast/bin"
  "--node-count"
  "5"
  "--time-limit"
  "20"
  "--rate"
  "10")
 :nemesis
 (jepsen.nemesis.ReflCompose
  {:fm {:start-partition 0,
        :stop-partition 0,
        :kill 1,
        :start 1,
        :pause 1,
        :resume 1},
   :nemeses [#unprintable "jepsen.nemesis.combined$partition_nemesis$reify__16416@3b42d7df"
             #unprintable "jepsen.nemesis.combined$db_nemesis$reify__16397@1660bba7"]})
 :nodes ["n0" "n1" "n2" "n3" "n4"]
 :test-count 1
 :latency {:mean 0, :dist :constant}
 :bin "/Users/danishsharma/go/src/gossip-glamers/multi_node_broadcast/bin"
 :generator
 ((jepsen.generator.Synchronize
   {:gen (jepsen.generator.TimeLimit
          {:limit 20000000000,
           :cutoff nil,
           :gen (jepsen.generator.Any
                 {:gens [(jepsen.generator.OnThreads
                          {:f #{:nemesis},
                           :context-filter #object[jepsen.generator.context$make_thread_filter$lazy_filter__9167
                                                   "0x7d3a9061"
                                                   "jepsen.generator.context$make_thread_filter$lazy_filter__9167@7d3a9061"],
                           :gen nil})
                         (jepsen.generator.OnThreads
                          {:f #jepsen.generator.context.AllBut{:element :nemesis},
                           :context-filter #object[jepsen.generator.context$make_thread_filter$lazy_filter__9167
                                                   "0x2a2f7a61"
                                                   "jepsen.generator.context$make_thread_filter$lazy_filter__9167@2a2f7a61"],
                           :gen (jepsen.generator.Stagger
                                 {:dt 200000000,
                                  :next-time nil,
                                  :gen (jepsen.generator.Mix
                                        {:i 1,
                                         :gens [({:f :broadcast, :value 0}
                                                 {:f :broadcast, :value 1}
                                                 {:f :broadcast, :value 2}
                                                 {:f :broadcast, :value 3}
                                                 {:f :broadcast, :value 4}
                                                 {:f :broadcast, :value 5}
                                                 {:f :broadcast, :value 6}
                                                 {:f :broadcast, :value 7}
                                                 ...)
                                                ({:f :read}
                                                 {:f :read}
                                                 {:f :read}
                                                 {:f :read}
                                                 {:f :read}
                                                 {:f :read}
                                                 {:f :read}
                                                 {:f :read}
                                                 ...)]})})})]})})})
  (jepsen.generator.Synchronize
   {:gen (jepsen.generator.OnThreads
          {:f #{:nemesis},
           :context-filter #object[jepsen.generator.context$make_thread_filter$lazy_filter__9167
                                   "0x196c8b93"
                                   "jepsen.generator.context$make_thread_filter$lazy_filter__9167@196c8b93"],
           :gen ()})})
  (jepsen.generator.Synchronize
   {:gen {:type :log, :value "Waiting for recovery..."}})
  (jepsen.generator.Synchronize {:gen {:type :sleep, :value 10}})
  (jepsen.generator.Synchronize
   {:gen (jepsen.generator.OnThreads
          {:f #jepsen.generator.context.AllBut{:element :nemesis},
           :context-filter #object[jepsen.generator.context$make_thread_filter$lazy_filter__9167
                                   "0x307ca947"
                                   "jepsen.generator.context$make_thread_filter$lazy_filter__9167@307ca947"],
           :gen (jepsen.generator.EachThread
                 {:fresh-gen {:f :read, :final? true},
                  :context-filters #object[clojure.core$promise$reify__8591
                                           "0x61d1315b"
                                           {:status :pending, :val nil}],
                  :gens {}})})}))
 :log-net-recv false
 :os
 #object[maelstrom.net$jepsen_os$reify__15254
         "0x49d5b651"
         "maelstrom.net$jepsen_os$reify__15254@49d5b651"]
 :time-limit 20
 :workload :broadcast
 :consistency-models [:strict-serializable]
 :topology :grid}

2024-02-23 16:16:55,869{GMT}	INFO	[jepsen node n0] maelstrom.net: Starting Maelstrom network
2024-02-23 16:16:55,870{GMT}	INFO	[jepsen test runner] jepsen.db: Tearing down DB
2024-02-23 16:16:55,872{GMT}	INFO	[jepsen test runner] jepsen.db: Setting up DB
2024-02-23 16:16:55,872{GMT}	INFO	[jepsen node n2] maelstrom.db: Setting up n2
2024-02-23 16:16:55,872{GMT}	INFO	[jepsen node n1] maelstrom.db: Setting up n1
2024-02-23 16:16:55,873{GMT}	INFO	[jepsen node n3] maelstrom.db: Setting up n3
2024-02-23 16:16:55,873{GMT}	INFO	[jepsen node n4] maelstrom.db: Setting up n4
2024-02-23 16:16:55,873{GMT}	INFO	[jepsen node n1] maelstrom.process: launching /Users/danishsharma/go/src/gossip-glamers/multi_node_broadcast/bin []
2024-02-23 16:16:55,873{GMT}	INFO	[jepsen node n3] maelstrom.process: launching /Users/danishsharma/go/src/gossip-glamers/multi_node_broadcast/bin []
2024-02-23 16:16:55,873{GMT}	INFO	[jepsen node n2] maelstrom.process: launching /Users/danishsharma/go/src/gossip-glamers/multi_node_broadcast/bin []
2024-02-23 16:16:55,873{GMT}	INFO	[jepsen node n4] maelstrom.process: launching /Users/danishsharma/go/src/gossip-glamers/multi_node_broadcast/bin []
2024-02-23 16:16:55,875{GMT}	INFO	[jepsen node n0] maelstrom.service: Starting services: (lin-kv lin-tso lww-kv seq-kv)
2024-02-23 16:16:55,876{GMT}	INFO	[jepsen node n0] maelstrom.db: Setting up n0
2024-02-23 16:16:55,876{GMT}	INFO	[jepsen node n0] maelstrom.process: launching /Users/danishsharma/go/src/gossip-glamers/multi_node_broadcast/bin []
2024-02-23 16:16:56,614{GMT}	INFO	[jepsen test runner] jepsen.core: Relative time begins now
2024-02-23 16:16:56,633{GMT}	INFO	[jepsen worker 0] jepsen.util: 0	:invoke	:read	nil
2024-02-23 16:16:56,636{GMT}	INFO	[jepsen worker 0] jepsen.util: 0	:ok	:read	[]
2024-02-23 16:16:56,715{GMT}	INFO	[jepsen worker 1] jepsen.util: 1	:invoke	:broadcast	0
2024-02-23 16:16:56,767{GMT}	INFO	[jepsen worker 2] jepsen.util: 2	:invoke	:read	nil
2024-02-23 16:16:56,769{GMT}	INFO	[jepsen worker 2] jepsen.util: 2	:ok	:read	[]
2024-02-23 16:16:56,912{GMT}	INFO	[jepsen worker 3] jepsen.util: 3	:invoke	:read	nil
2024-02-23 16:16:56,913{GMT}	INFO	[jepsen worker 3] jepsen.util: 3	:ok	:read	[]
2024-02-23 16:16:56,937{GMT}	INFO	[jepsen worker 4] jepsen.util: 4	:invoke	:read	nil
2024-02-23 16:16:56,939{GMT}	INFO	[jepsen worker 4] jepsen.util: 4	:ok	:read	[]
2024-02-23 16:16:57,017{GMT}	INFO	[jepsen worker 0] jepsen.util: 0	:invoke	:read	nil
2024-02-23 16:16:57,018{GMT}	INFO	[jepsen worker 0] jepsen.util: 0	:ok	:read	[]
2024-02-23 16:16:57,194{GMT}	INFO	[jepsen worker 0] jepsen.util: 0	:invoke	:broadcast	1
2024-02-23 16:16:57,374{GMT}	INFO	[jepsen worker 2] jepsen.util: 2	:invoke	:broadcast	2
2024-02-23 16:16:57,407{GMT}	INFO	[jepsen worker 3] jepsen.util: 3	:invoke	:read	nil
2024-02-23 16:16:57,410{GMT}	INFO	[jepsen worker 3] jepsen.util: 3	:ok	:read	[]
2024-02-23 16:16:57,484{GMT}	INFO	[jepsen worker 3] jepsen.util: 3	:invoke	:broadcast	3
2024-02-23 16:16:57,683{GMT}	INFO	[jepsen worker 4] jepsen.util: 4	:invoke	:read	nil
2024-02-23 16:16:57,687{GMT}	INFO	[jepsen worker 4] jepsen.util: 4	:ok	:read	[]
2024-02-23 16:16:57,866{GMT}	INFO	[jepsen worker 4] jepsen.util: 4	:invoke	:broadcast	4
2024-02-23 16:17:01,723{GMT}	INFO	[jepsen worker 1] jepsen.util: 1	:info	:broadcast	0	:net-timeout
2024-02-23 16:17:01,724{GMT}	INFO	[jepsen worker 1] jepsen.util: 6	:invoke	:read	nil
2024-02-23 16:17:02,197{GMT}	INFO	[jepsen worker 0] jepsen.util: 0	:info	:broadcast	1	:net-timeout
2024-02-23 16:17:02,205{GMT}	INFO	[jepsen worker 0] jepsen.util: 5	:invoke	:broadcast	5
2024-02-23 16:17:02,379{GMT}	INFO	[jepsen worker 2] jepsen.util: 2	:info	:broadcast	2	:net-timeout
2024-02-23 16:17:02,380{GMT}	INFO	[jepsen worker 2] jepsen.util: 7	:invoke	:read	nil
2024-02-23 16:17:02,488{GMT}	INFO	[jepsen worker 3] jepsen.util: 3	:info	:broadcast	3	:net-timeout
2024-02-23 16:17:02,488{GMT}	INFO	[jepsen worker 3] jepsen.util: 8	:invoke	:read	nil
2024-02-23 16:17:02,871{GMT}	INFO	[jepsen worker 4] jepsen.util: 4	:info	:broadcast	4	:net-timeout
2024-02-23 16:17:02,872{GMT}	INFO	[jepsen worker 4] jepsen.util: 9	:invoke	:broadcast	6
2024-02-23 16:17:06,726{GMT}	INFO	[jepsen worker 1] jepsen.util: 6	:fail	:read	nil	:net-timeout
2024-02-23 16:17:06,727{GMT}	INFO	[jepsen worker 1] jepsen.util: 6	:invoke	:broadcast	7
2024-02-23 16:17:07,210{GMT}	INFO	[jepsen worker 0] jepsen.util: 5	:info	:broadcast	5	:net-timeout
2024-02-23 16:17:07,211{GMT}	INFO	[jepsen worker 0] jepsen.util: 10	:invoke	:broadcast	8
2024-02-23 16:17:07,384{GMT}	INFO	[jepsen worker 2] jepsen.util: 7	:fail	:read	nil	:net-timeout
2024-02-23 16:17:07,385{GMT}	INFO	[jepsen worker 2] jepsen.util: 7	:invoke	:broadcast	9
2024-02-23 16:17:07,493{GMT}	INFO	[jepsen worker 3] jepsen.util: 8	:fail	:read	nil	:net-timeout
2024-02-23 16:17:07,494{GMT}	INFO	[jepsen worker 3] jepsen.util: 8	:invoke	:read	nil
2024-02-23 16:17:07,877{GMT}	INFO	[jepsen worker 4] jepsen.util: 9	:info	:broadcast	6	:net-timeout
2024-02-23 16:17:07,878{GMT}	INFO	[jepsen worker 4] jepsen.util: 14	:invoke	:broadcast	10
2024-02-23 16:17:11,490{GMT}	INFO	[Jepsen shutdown hook] jepsen.core: Downloading DB logs before JVM shutdown...
