2024-02-18 18:09:44,060{GMT}	INFO	[jepsen test runner] jepsen.core: Command line:
lein run test -w echo --bin /Users/danishsharma/go/src/gossip-glamers/echo/bin --node-count 1 --time-limit 10
2024-02-18 18:09:44,124{GMT}	INFO	[jepsen test runner] jepsen.core: Running test:
{:args []
 :remote
 #jepsen.control.retry.Remote{:remote #jepsen.control.scp.Remote{:cmd-remote #jepsen.control.sshj.SSHJRemote{:concurrency-limit 6,
                                                                                                             :conn-spec nil,
                                                                                                             :client nil,
                                                                                                             :semaphore nil},
                                                                 :conn-spec nil},
                              :conn nil}
 :log-net-send false
 :node-count 1
 :availability nil
 :max-txn-length 4
 :concurrency 1
 :db
 #object[maelstrom.db$db$reify__16142
         "0x4867e76b"
         "maelstrom.db$db$reify__16142@4867e76b"]
 :max-writes-per-key 16
 :leave-db-running? false
 :name "echo"
 :logging-json? false
 :start-time
 #object[org.joda.time.DateTime "0x4b48be5c" "2024-02-18T18:09:43.994+05:30"]
 :nemesis-interval 10
 :net
 #object[maelstrom.net$jepsen_net$reify__15251
         "0x3fe8d57a"
         "maelstrom.net$jepsen_net$reify__15251@3fe8d57a"]
 :client
 #object[maelstrom.workload.echo$client$reify__16863
         "0x36573ec5"
         "maelstrom.workload.echo$client$reify__16863@36573ec5"]
 :barrier
 #object[java.util.concurrent.CyclicBarrier
         "0x10c26161"
         "java.util.concurrent.CyclicBarrier@10c26161"]
 :log-stderr false
 :pure-generators true
 :ssh {:dummy? true}
 :rate 5
 :checker
 #object[jepsen.checker$compose$reify__11881
         "0x1ef6977b"
         "jepsen.checker$compose$reify__11881@1ef6977b"]
 :argv
 ("test"
  "-w"
  "echo"
  "--bin"
  "/Users/danishsharma/go/src/gossip-glamers/echo/bin"
  "--node-count"
  "1"
  "--time-limit"
  "10")
 :nemesis
 (jepsen.nemesis.ReflCompose
  {:fm {:start-partition 0,
        :stop-partition 0,
        :kill 1,
        :start 1,
        :pause 1,
        :resume 1},
   :nemeses [#unprintable "jepsen.nemesis.combined$partition_nemesis$reify__16416@674cd2da"
             #unprintable "jepsen.nemesis.combined$db_nemesis$reify__16397@686279e0"]})
 :nodes ["n0"]
 :test-count 1
 :latency {:mean 0, :dist :constant}
 :bin "/Users/danishsharma/go/src/gossip-glamers/echo/bin"
 :generator
 (jepsen.generator.TimeLimit
  {:limit 10000000000,
   :cutoff nil,
   :gen (jepsen.generator.Any
         {:gens [(jepsen.generator.OnThreads
                  {:f #{:nemesis},
                   :context-filter #object[jepsen.generator.context$make_thread_filter$lazy_filter__9167
                                           "0x60a3a0fa"
                                           "jepsen.generator.context$make_thread_filter$lazy_filter__9167@60a3a0fa"],
                   :gen nil})
                 (jepsen.generator.OnThreads
                  {:f #jepsen.generator.context.AllBut{:element :nemesis},
                   :context-filter #object[jepsen.generator.context$make_thread_filter$lazy_filter__9167
                                           "0x17734113"
                                           "jepsen.generator.context$make_thread_filter$lazy_filter__9167@17734113"],
                   :gen (jepsen.generator.Stagger
                         {:dt 400000000,
                          :next-time nil,
                          :gen (jepsen.generator.EachThread
                                {:fresh-gen #object[maelstrom.workload.echo$workload$fn__16882
                                                    "0x27aa700"
                                                    "maelstrom.workload.echo$workload$fn__16882@27aa700"],
                                 :context-filters #object[clojure.core$promise$reify__8591
                                                          "0xd15f98a"
                                                          {:status :pending,
                                                           :val nil}],
                                 :gens {}})})})]})})
 :log-net-recv false
 :os
 #object[maelstrom.net$jepsen_os$reify__15254
         "0x704c3ca2"
         "maelstrom.net$jepsen_os$reify__15254@704c3ca2"]
 :time-limit 10
 :workload :echo
 :consistency-models [:strict-serializable]
 :topology :grid}

2024-02-18 18:09:46,557{GMT}	INFO	[jepsen node n0] maelstrom.net: Starting Maelstrom network
2024-02-18 18:09:46,559{GMT}	INFO	[jepsen test runner] jepsen.db: Tearing down DB
2024-02-18 18:09:46,561{GMT}	INFO	[jepsen test runner] jepsen.db: Setting up DB
2024-02-18 18:09:46,566{GMT}	INFO	[jepsen node n0] maelstrom.service: Starting services: (lin-kv lin-tso lww-kv seq-kv)
2024-02-18 18:09:46,567{GMT}	INFO	[jepsen node n0] maelstrom.db: Setting up n0
2024-02-18 18:09:46,568{GMT}	INFO	[jepsen node n0] maelstrom.process: launching /Users/danishsharma/go/src/gossip-glamers/echo/bin []
2024-02-18 18:09:46,769{GMT}	INFO	[jepsen test runner] jepsen.core: Relative time begins now
2024-02-18 18:09:46,786{GMT}	INFO	[jepsen worker 0] jepsen.util: 0	:invoke	:echo	"Please echo 75"
2024-02-18 18:09:46,793{GMT}	INFO	[jepsen worker 0] jepsen.util: 0	:ok	:echo	{:echo "Please echo 75", :in_reply_to 1, :msg_id 1, :type "echo_ok"}
2024-02-18 18:09:47,091{GMT}	INFO	[jepsen worker 0] jepsen.util: 0	:invoke	:echo	"Please echo 12"
2024-02-18 18:09:47,093{GMT}	INFO	[jepsen worker 0] jepsen.util: 0	:ok	:echo	{:echo "Please echo 12", :in_reply_to 2, :msg_id 2, :type "echo_ok"}
2024-02-18 18:09:47,488{GMT}	INFO	[jepsen worker 0] jepsen.util: 0	:invoke	:echo	"Please echo 18"
2024-02-18 18:09:47,489{GMT}	INFO	[jepsen worker 0] jepsen.util: 0	:ok	:echo	{:echo "Please echo 18", :in_reply_to 3, :msg_id 3, :type "echo_ok"}
2024-02-18 18:09:47,560{GMT}	INFO	[jepsen worker 0] jepsen.util: 0	:invoke	:echo	"Please echo 115"
2024-02-18 18:09:47,562{GMT}	INFO	[jepsen worker 0] jepsen.util: 0	:ok	:echo	{:echo "Please echo 115", :in_reply_to 4, :msg_id 4, :type "echo_ok"}
2024-02-18 18:09:47,690{GMT}	INFO	[jepsen worker 0] jepsen.util: 0	:invoke	:echo	"Please echo 14"
2024-02-18 18:09:47,692{GMT}	INFO	[jepsen worker 0] jepsen.util: 0	:ok	:echo	{:echo "Please echo 14", :in_reply_to 5, :msg_id 5, :type "echo_ok"}
2024-02-18 18:09:48,007{GMT}	INFO	[jepsen worker 0] jepsen.util: 0	:invoke	:echo	"Please echo 98"
2024-02-18 18:09:48,009{GMT}	INFO	[jepsen worker 0] jepsen.util: 0	:ok	:echo	{:echo "Please echo 98", :in_reply_to 6, :msg_id 6, :type "echo_ok"}
2024-02-18 18:09:48,052{GMT}	INFO	[jepsen worker 0] jepsen.util: 0	:invoke	:echo	"Please echo 26"
2024-02-18 18:09:48,053{GMT}	INFO	[jepsen worker 0] jepsen.util: 0	:ok	:echo	{:echo "Please echo 26", :in_reply_to 7, :msg_id 7, :type "echo_ok"}
2024-02-18 18:09:48,182{GMT}	INFO	[jepsen worker 0] jepsen.util: 0	:invoke	:echo	"Please echo 127"
2024-02-18 18:09:48,183{GMT}	INFO	[jepsen worker 0] jepsen.util: 0	:ok	:echo	{:echo "Please echo 127", :in_reply_to 8, :msg_id 8, :type "echo_ok"}
2024-02-18 18:09:48,382{GMT}	INFO	[jepsen worker 0] jepsen.util: 0	:invoke	:echo	"Please echo 76"
2024-02-18 18:09:48,384{GMT}	INFO	[jepsen worker 0] jepsen.util: 0	:ok	:echo	{:echo "Please echo 76", :in_reply_to 9, :msg_id 9, :type "echo_ok"}
2024-02-18 18:09:48,775{GMT}	INFO	[jepsen worker 0] jepsen.util: 0	:invoke	:echo	"Please echo 3"
2024-02-18 18:09:48,777{GMT}	INFO	[jepsen worker 0] jepsen.util: 0	:ok	:echo	{:echo "Please echo 3", :in_reply_to 10, :msg_id 10, :type "echo_ok"}
2024-02-18 18:09:49,030{GMT}	INFO	[jepsen worker 0] jepsen.util: 0	:invoke	:echo	"Please echo 11"
2024-02-18 18:09:49,031{GMT}	INFO	[jepsen worker 0] jepsen.util: 0	:ok	:echo	{:echo "Please echo 11", :in_reply_to 11, :msg_id 11, :type "echo_ok"}
2024-02-18 18:09:49,230{GMT}	INFO	[jepsen worker 0] jepsen.util: 0	:invoke	:echo	"Please echo 10"
2024-02-18 18:09:49,232{GMT}	INFO	[jepsen worker 0] jepsen.util: 0	:ok	:echo	{:echo "Please echo 10", :in_reply_to 12, :msg_id 12, :type "echo_ok"}
2024-02-18 18:09:49,592{GMT}	INFO	[jepsen worker 0] jepsen.util: 0	:invoke	:echo	"Please echo 58"
2024-02-18 18:09:49,593{GMT}	INFO	[jepsen worker 0] jepsen.util: 0	:ok	:echo	{:echo "Please echo 58", :in_reply_to 13, :msg_id 13, :type "echo_ok"}
2024-02-18 18:09:49,869{GMT}	INFO	[jepsen worker 0] jepsen.util: 0	:invoke	:echo	"Please echo 69"
2024-02-18 18:09:49,870{GMT}	INFO	[jepsen worker 0] jepsen.util: 0	:ok	:echo	{:echo "Please echo 69", :in_reply_to 14, :msg_id 14, :type "echo_ok"}
2024-02-18 18:09:50,019{GMT}	INFO	[jepsen worker 0] jepsen.util: 0	:invoke	:echo	"Please echo 95"
2024-02-18 18:09:50,020{GMT}	INFO	[jepsen worker 0] jepsen.util: 0	:ok	:echo	{:echo "Please echo 95", :in_reply_to 15, :msg_id 15, :type "echo_ok"}
2024-02-18 18:09:50,348{GMT}	INFO	[jepsen worker 0] jepsen.util: 0	:invoke	:echo	"Please echo 111"
2024-02-18 18:09:50,350{GMT}	INFO	[jepsen worker 0] jepsen.util: 0	:ok	:echo	{:echo "Please echo 111", :in_reply_to 16, :msg_id 16, :type "echo_ok"}
2024-02-18 18:09:50,362{GMT}	INFO	[jepsen worker 0] jepsen.util: 0	:invoke	:echo	"Please echo 73"
2024-02-18 18:09:50,367{GMT}	INFO	[jepsen worker 0] jepsen.util: 0	:ok	:echo	{:echo "Please echo 73", :in_reply_to 17, :msg_id 17, :type "echo_ok"}
2024-02-18 18:09:50,718{GMT}	INFO	[jepsen worker 0] jepsen.util: 0	:invoke	:echo	"Please echo 42"
2024-02-18 18:09:50,719{GMT}	INFO	[jepsen worker 0] jepsen.util: 0	:ok	:echo	{:echo "Please echo 42", :in_reply_to 18, :msg_id 18, :type "echo_ok"}
2024-02-18 18:09:50,749{GMT}	INFO	[jepsen worker 0] jepsen.util: 0	:invoke	:echo	"Please echo 116"
2024-02-18 18:09:50,750{GMT}	INFO	[jepsen worker 0] jepsen.util: 0	:ok	:echo	{:echo "Please echo 116", :in_reply_to 19, :msg_id 19, :type "echo_ok"}
2024-02-18 18:09:51,105{GMT}	INFO	[jepsen worker 0] jepsen.util: 0	:invoke	:echo	"Please echo 79"
2024-02-18 18:09:51,106{GMT}	INFO	[jepsen worker 0] jepsen.util: 0	:ok	:echo	{:echo "Please echo 79", :in_reply_to 20, :msg_id 20, :type "echo_ok"}
2024-02-18 18:09:51,393{GMT}	INFO	[jepsen worker 0] jepsen.util: 0	:invoke	:echo	"Please echo 107"
2024-02-18 18:09:51,394{GMT}	INFO	[jepsen worker 0] jepsen.util: 0	:ok	:echo	{:echo "Please echo 107", :in_reply_to 21, :msg_id 21, :type "echo_ok"}
2024-02-18 18:09:51,765{GMT}	INFO	[jepsen worker 0] jepsen.util: 0	:invoke	:echo	"Please echo 96"
2024-02-18 18:09:51,766{GMT}	INFO	[jepsen worker 0] jepsen.util: 0	:ok	:echo	{:echo "Please echo 96", :in_reply_to 22, :msg_id 22, :type "echo_ok"}
2024-02-18 18:09:51,784{GMT}	INFO	[jepsen worker 0] jepsen.util: 0	:invoke	:echo	"Please echo 107"
2024-02-18 18:09:51,785{GMT}	INFO	[jepsen worker 0] jepsen.util: 0	:ok	:echo	{:echo "Please echo 107", :in_reply_to 23, :msg_id 23, :type "echo_ok"}
2024-02-18 18:09:51,905{GMT}	INFO	[jepsen worker 0] jepsen.util: 0	:invoke	:echo	"Please echo 122"
2024-02-18 18:09:51,906{GMT}	INFO	[jepsen worker 0] jepsen.util: 0	:ok	:echo	{:echo "Please echo 122", :in_reply_to 24, :msg_id 24, :type "echo_ok"}
2024-02-18 18:09:52,215{GMT}	INFO	[jepsen worker 0] jepsen.util: 0	:invoke	:echo	"Please echo 114"
2024-02-18 18:09:52,216{GMT}	INFO	[jepsen worker 0] jepsen.util: 0	:ok	:echo	{:echo "Please echo 114", :in_reply_to 25, :msg_id 25, :type "echo_ok"}
2024-02-18 18:09:52,488{GMT}	INFO	[jepsen worker 0] jepsen.util: 0	:invoke	:echo	"Please echo 40"
2024-02-18 18:09:52,489{GMT}	INFO	[jepsen worker 0] jepsen.util: 0	:ok	:echo	{:echo "Please echo 40", :in_reply_to 26, :msg_id 26, :type "echo_ok"}
2024-02-18 18:09:52,817{GMT}	INFO	[jepsen worker 0] jepsen.util: 0	:invoke	:echo	"Please echo 47"
2024-02-18 18:09:52,819{GMT}	INFO	[jepsen worker 0] jepsen.util: 0	:ok	:echo	{:echo "Please echo 47", :in_reply_to 27, :msg_id 27, :type "echo_ok"}
2024-02-18 18:09:53,217{GMT}	INFO	[jepsen worker 0] jepsen.util: 0	:invoke	:echo	"Please echo 116"
2024-02-18 18:09:53,219{GMT}	INFO	[jepsen worker 0] jepsen.util: 0	:ok	:echo	{:echo "Please echo 116", :in_reply_to 28, :msg_id 28, :type "echo_ok"}
2024-02-18 18:09:53,513{GMT}	INFO	[jepsen worker 0] jepsen.util: 0	:invoke	:echo	"Please echo 29"
2024-02-18 18:09:53,514{GMT}	INFO	[jepsen worker 0] jepsen.util: 0	:ok	:echo	{:echo "Please echo 29", :in_reply_to 29, :msg_id 29, :type "echo_ok"}
2024-02-18 18:09:53,775{GMT}	INFO	[jepsen worker 0] jepsen.util: 0	:invoke	:echo	"Please echo 6"
2024-02-18 18:09:53,777{GMT}	INFO	[jepsen worker 0] jepsen.util: 0	:ok	:echo	{:echo "Please echo 6", :in_reply_to 30, :msg_id 30, :type "echo_ok"}
2024-02-18 18:09:53,951{GMT}	INFO	[jepsen worker 0] jepsen.util: 0	:invoke	:echo	"Please echo 42"
2024-02-18 18:09:53,952{GMT}	INFO	[jepsen worker 0] jepsen.util: 0	:ok	:echo	{:echo "Please echo 42", :in_reply_to 31, :msg_id 31, :type "echo_ok"}
2024-02-18 18:09:54,151{GMT}	INFO	[jepsen worker 0] jepsen.util: 0	:invoke	:echo	"Please echo 96"
2024-02-18 18:09:54,152{GMT}	INFO	[jepsen worker 0] jepsen.util: 0	:ok	:echo	{:echo "Please echo 96", :in_reply_to 32, :msg_id 32, :type "echo_ok"}
2024-02-18 18:09:54,405{GMT}	INFO	[jepsen worker 0] jepsen.util: 0	:invoke	:echo	"Please echo 110"
2024-02-18 18:09:54,406{GMT}	INFO	[jepsen worker 0] jepsen.util: 0	:ok	:echo	{:echo "Please echo 110", :in_reply_to 33, :msg_id 33, :type "echo_ok"}
2024-02-18 18:09:54,512{GMT}	INFO	[jepsen worker 0] jepsen.util: 0	:invoke	:echo	"Please echo 18"
2024-02-18 18:09:54,513{GMT}	INFO	[jepsen worker 0] jepsen.util: 0	:ok	:echo	{:echo "Please echo 18", :in_reply_to 34, :msg_id 34, :type "echo_ok"}
2024-02-18 18:09:54,796{GMT}	INFO	[jepsen worker 0] jepsen.util: 0	:invoke	:echo	"Please echo 118"
2024-02-18 18:09:54,797{GMT}	INFO	[jepsen worker 0] jepsen.util: 0	:ok	:echo	{:echo "Please echo 118", :in_reply_to 35, :msg_id 35, :type "echo_ok"}
2024-02-18 18:09:54,800{GMT}	INFO	[jepsen worker 0] jepsen.util: 0	:invoke	:echo	"Please echo 104"
2024-02-18 18:09:54,801{GMT}	INFO	[jepsen worker 0] jepsen.util: 0	:ok	:echo	{:echo "Please echo 104", :in_reply_to 36, :msg_id 36, :type "echo_ok"}
2024-02-18 18:09:55,171{GMT}	INFO	[jepsen worker 0] jepsen.util: 0	:invoke	:echo	"Please echo 33"
2024-02-18 18:09:55,172{GMT}	INFO	[jepsen worker 0] jepsen.util: 0	:ok	:echo	{:echo "Please echo 33", :in_reply_to 37, :msg_id 37, :type "echo_ok"}
2024-02-18 18:09:55,391{GMT}	INFO	[jepsen worker 0] jepsen.util: 0	:invoke	:echo	"Please echo 29"
2024-02-18 18:09:55,393{GMT}	INFO	[jepsen worker 0] jepsen.util: 0	:ok	:echo	{:echo "Please echo 29", :in_reply_to 38, :msg_id 38, :type "echo_ok"}
2024-02-18 18:09:55,610{GMT}	INFO	[jepsen worker 0] jepsen.util: 0	:invoke	:echo	"Please echo 84"
2024-02-18 18:09:55,611{GMT}	INFO	[jepsen worker 0] jepsen.util: 0	:ok	:echo	{:echo "Please echo 84", :in_reply_to 39, :msg_id 39, :type "echo_ok"}
2024-02-18 18:09:55,631{GMT}	INFO	[jepsen worker 0] jepsen.util: 0	:invoke	:echo	"Please echo 62"
2024-02-18 18:09:55,632{GMT}	INFO	[jepsen worker 0] jepsen.util: 0	:ok	:echo	{:echo "Please echo 62", :in_reply_to 40, :msg_id 40, :type "echo_ok"}
2024-02-18 18:09:55,745{GMT}	INFO	[jepsen worker 0] jepsen.util: 0	:invoke	:echo	"Please echo 41"
2024-02-18 18:09:55,746{GMT}	INFO	[jepsen worker 0] jepsen.util: 0	:ok	:echo	{:echo "Please echo 41", :in_reply_to 41, :msg_id 41, :type "echo_ok"}
2024-02-18 18:09:56,025{GMT}	INFO	[jepsen worker 0] jepsen.util: 0	:invoke	:echo	"Please echo 56"
2024-02-18 18:09:56,026{GMT}	INFO	[jepsen worker 0] jepsen.util: 0	:ok	:echo	{:echo "Please echo 56", :in_reply_to 42, :msg_id 42, :type "echo_ok"}
2024-02-18 18:09:56,127{GMT}	INFO	[jepsen worker 0] jepsen.util: 0	:invoke	:echo	"Please echo 105"
2024-02-18 18:09:56,128{GMT}	INFO	[jepsen worker 0] jepsen.util: 0	:ok	:echo	{:echo "Please echo 105", :in_reply_to 43, :msg_id 43, :type "echo_ok"}
2024-02-18 18:09:56,141{GMT}	INFO	[jepsen worker 0] jepsen.util: 0	:invoke	:echo	"Please echo 112"
2024-02-18 18:09:56,143{GMT}	INFO	[jepsen worker 0] jepsen.util: 0	:ok	:echo	{:echo "Please echo 112", :in_reply_to 44, :msg_id 44, :type "echo_ok"}
2024-02-18 18:09:56,429{GMT}	INFO	[jepsen worker 0] jepsen.util: 0	:invoke	:echo	"Please echo 51"
2024-02-18 18:09:56,430{GMT}	INFO	[jepsen worker 0] jepsen.util: 0	:ok	:echo	{:echo "Please echo 51", :in_reply_to 45, :msg_id 45, :type "echo_ok"}
2024-02-18 18:09:56,634{GMT}	INFO	[jepsen worker 0] jepsen.util: 0	:invoke	:echo	"Please echo 20"
2024-02-18 18:09:56,635{GMT}	INFO	[jepsen worker 0] jepsen.util: 0	:ok	:echo	{:echo "Please echo 20", :in_reply_to 46, :msg_id 46, :type "echo_ok"}
2024-02-18 18:09:56,665{GMT}	INFO	[jepsen test runner] jepsen.core: Run complete, writing
2024-02-18 18:09:56,865{GMT}	INFO	[jepsen node n0] maelstrom.db: Tearing down n0
2024-02-18 18:09:58,611{GMT}	INFO	[jepsen node n0] maelstrom.net: Shutting down Maelstrom network
2024-02-18 18:09:58,612{GMT}	INFO	[jepsen test runner] jepsen.core: Analyzing...
2024-02-18 18:09:58,855{GMT}	INFO	[jepsen test runner] jepsen.core: Analysis complete
2024-02-18 18:09:58,878{GMT}	INFO	[jepsen results] jepsen.store: Wrote /Users/danishsharma/go/src/gossip-glamers/echo/store/echo/20240218T180943.994+0530/results.edn
2024-02-18 18:09:59,016{GMT}	INFO	[jepsen test runner] jepsen.core: {:perf {:latency-graph {:valid? true},
        :rate-graph {:valid? true},
        :valid? true},
 :timeline {:valid? true},
 :exceptions {:valid? true},
 :stats {:valid? true,
         :count 46,
         :ok-count 46,
         :fail-count 0,
         :info-count 0,
         :by-f {:echo {:valid? true,
                       :count 46,
                       :ok-count 46,
                       :fail-count 0,
                       :info-count 0}}},
 :availability {:valid? true, :ok-fraction 1.0},
 :net {:all {:send-count 94,
             :recv-count 94,
             :msg-count 94,
             :msgs-per-op 2.0434783},
       :clients {:send-count 94, :recv-count 94, :msg-count 94},
       :servers {:send-count 0,
                 :recv-count 0,
                 :msg-count 0,
                 :msgs-per-op 0.0},
       :valid? true},
 :workload {:valid? true, :errors ()},
 :valid? true}


Everything looks good! ヽ(‘ー`)ノ
