2024/02/23 19:17:19 Received {c2 n1 {"type":"init","node_id":"n1","node_ids":["n0","n1","n2","n3","n4"],"msg_id":1}}
2024/02/23 19:17:19 Node n1 initialized
2024/02/23 19:17:19 Sent {"src":"n1","dest":"c2","body":{"in_reply_to":1,"type":"init_ok"}}
2024/02/23 19:17:19 Received {c6 n1 {"type":"topology","topology":{"n0":["n3","n1"],"n1":["n4","n2","n0"],"n2":["n1"],"n3":["n0","n4"],"n4":["n1","n3"]},"msg_id":1}}
2024/02/23 19:17:19 Sent {"src":"n1","dest":"c6","body":{"in_reply_to":1,"type":"topology_ok"}}
2024/02/23 19:17:20 Received {n4 n1 {"message":1,"msg_id":1,"type":"broadcast"}}
2024/02/23 19:17:20 Sent {"src":"n1","dest":"n4","body":{"in_reply_to":1,"type":"broadcast_ok"}}
2024/02/23 19:17:20 Sent {"src":"n1","dest":"n4","body":{"message":1,"msg_id":1,"type":"broadcast"}}
2024/02/23 19:17:20 Sent {"src":"n1","dest":"n2","body":{"message":1,"msg_id":1,"type":"broadcast"}}
2024/02/23 19:17:20 Sent {"src":"n1","dest":"n1","body":{"message":1,"msg_id":1,"type":"broadcast"}}
2024/02/23 19:17:20 Sent {"src":"n1","dest":"n0","body":{"message":1,"msg_id":1,"type":"broadcast"}}
2024/02/23 19:17:20 Sent {"src":"n1","dest":"n3","body":{"message":1,"msg_id":1,"type":"broadcast"}}
2024/02/23 19:17:20 Received {n2 n1 {"message":1,"msg_id":1,"type":"broadcast"}}
2024/02/23 19:17:20 Received {n1 n1 {"message":1,"msg_id":1,"type":"broadcast"}}
2024/02/23 19:17:20 Received {n0 n1 {"message":1,"msg_id":1,"type":"broadcast"}}
2024/02/23 19:17:20 Received {c14 n1 {"type":"read","msg_id":1}}
2024/02/23 19:17:20 Sent {"src":"n1","dest":"c14","body":{"in_reply_to":1,"messages":[0,1],"type":"read_ok"}}
2024/02/23 19:17:20 Received {n4 n1 {"message":2,"msg_id":2,"type":"broadcast"}}
2024/02/23 19:17:20 Sent {"src":"n1","dest":"n4","body":{"in_reply_to":2,"type":"broadcast_ok"}}
2024/02/23 19:17:20 Sent {"src":"n1","dest":"n1","body":{"message":2,"msg_id":2,"type":"broadcast"}}
2024/02/23 19:17:20 Sent {"src":"n1","dest":"n2","body":{"message":2,"msg_id":2,"type":"broadcast"}}
2024/02/23 19:17:20 Sent {"src":"n1","dest":"n3","body":{"message":2,"msg_id":2,"type":"broadcast"}}
2024/02/23 19:17:20 Sent {"src":"n1","dest":"n4","body":{"message":2,"msg_id":2,"type":"broadcast"}}
2024/02/23 19:17:20 Sent {"src":"n1","dest":"n0","body":{"message":2,"msg_id":2,"type":"broadcast"}}
2024/02/23 19:17:20 Received {n1 n1 {"message":2,"msg_id":2,"type":"broadcast"}}
2024/02/23 19:17:20 Received {n0 n1 {"message":2,"msg_id":2,"type":"broadcast"}}
2024/02/23 19:17:20 Received {n2 n1 {"message":2,"msg_id":2,"type":"broadcast"}}
2024/02/23 19:17:21 Received {c14 n1 {"type":"read","msg_id":2}}
2024/02/23 19:17:21 Sent {"src":"n1","dest":"c14","body":{"in_reply_to":2,"messages":[0,0,1,2],"type":"read_ok"}}
2024/02/23 19:17:21 Received {n2 n1 {"message":3,"msg_id":3,"type":"broadcast"}}
2024/02/23 19:17:21 Sent {"src":"n1","dest":"n2","body":{"in_reply_to":3,"type":"broadcast_ok"}}
2024/02/23 19:17:21 Sent {"src":"n1","dest":"n1","body":{"message":3,"msg_id":3,"type":"broadcast"}}
2024/02/23 19:17:21 Sent {"src":"n1","dest":"n0","body":{"message":3,"msg_id":3,"type":"broadcast"}}
2024/02/23 19:17:21 Sent {"src":"n1","dest":"n4","body":{"message":3,"msg_id":3,"type":"broadcast"}}
2024/02/23 19:17:21 Sent {"src":"n1","dest":"n2","body":{"message":3,"msg_id":3,"type":"broadcast"}}
2024/02/23 19:17:21 Sent {"src":"n1","dest":"n3","body":{"message":3,"msg_id":3,"type":"broadcast"}}
2024/02/23 19:17:21 Received {n1 n1 {"message":3,"msg_id":3,"type":"broadcast"}}
2024/02/23 19:17:21 Received {n4 n1 {"message":3,"msg_id":3,"type":"broadcast"}}
2024/02/23 19:17:21 Received {n0 n1 {"message":3,"msg_id":3,"type":"broadcast"}}
2024/02/23 19:17:21 Received {n0 n1 {"message":5,"msg_id":6,"type":"broadcast"}}
2024/02/23 19:17:21 Sent {"src":"n1","dest":"n1","body":{"message":5,"msg_id":6,"type":"broadcast"}}
2024/02/23 19:17:21 Sent {"src":"n1","dest":"n0","body":{"message":5,"msg_id":6,"type":"broadcast"}}
2024/02/23 19:17:21 Sent {"src":"n1","dest":"n0","body":{"in_reply_to":6,"type":"broadcast_ok"}}
2024/02/23 19:17:21 Sent {"src":"n1","dest":"n4","body":{"message":5,"msg_id":6,"type":"broadcast"}}
2024/02/23 19:17:21 Sent {"src":"n1","dest":"n3","body":{"message":5,"msg_id":6,"type":"broadcast"}}
2024/02/23 19:17:21 Sent {"src":"n1","dest":"n2","body":{"message":5,"msg_id":6,"type":"broadcast"}}
2024/02/23 19:17:21 Received {n1 n1 {"message":5,"msg_id":6,"type":"broadcast"}}
2024/02/23 19:17:21 Received {n4 n1 {"message":5,"msg_id":6,"type":"broadcast"}}
2024/02/23 19:17:21 Received {n2 n1 {"message":5,"msg_id":6,"type":"broadcast"}}
2024/02/23 19:17:21 Received {n0 n1 {"message":6,"msg_id":7,"type":"broadcast"}}
2024/02/23 19:17:21 Sent {"src":"n1","dest":"n0","body":{"in_reply_to":7,"type":"broadcast_ok"}}
2024/02/23 19:17:21 Sent {"src":"n1","dest":"n0","body":{"message":6,"msg_id":7,"type":"broadcast"}}
2024/02/23 19:17:21 Sent {"src":"n1","dest":"n2","body":{"message":6,"msg_id":7,"type":"broadcast"}}
2024/02/23 19:17:21 Sent {"src":"n1","dest":"n1","body":{"message":6,"msg_id":7,"type":"broadcast"}}
2024/02/23 19:17:21 Sent {"src":"n1","dest":"n3","body":{"message":6,"msg_id":7,"type":"broadcast"}}
2024/02/23 19:17:21 Sent {"src":"n1","dest":"n4","body":{"message":6,"msg_id":7,"type":"broadcast"}}
2024/02/23 19:17:21 Received {n2 n1 {"message":6,"msg_id":7,"type":"broadcast"}}
2024/02/23 19:17:21 Received {n1 n1 {"message":6,"msg_id":7,"type":"broadcast"}}
2024/02/23 19:17:21 Received {n4 n1 {"message":6,"msg_id":7,"type":"broadcast"}}
2024/02/23 19:17:21 Received {c14 n1 {"type":"read","msg_id":3}}
2024/02/23 19:17:21 Sent {"src":"n1","dest":"c14","body":{"in_reply_to":3,"messages":[0,0,0,0,0,1,2,3,5,6],"type":"read_ok"}}
2024/02/23 19:17:22 Received {n4 n1 {"message":7,"msg_id":4,"type":"broadcast"}}
2024/02/23 19:17:22 Received {n2 n1 {"message":7,"msg_id":4,"type":"broadcast"}}
2024/02/23 19:17:22 Sent {"src":"n1","dest":"n4","body":{"in_reply_to":4,"type":"broadcast_ok"}}
2024/02/23 19:17:22 Sent {"src":"n1","dest":"n0","body":{"message":7,"msg_id":4,"type":"broadcast"}}
2024/02/23 19:17:22 Sent {"src":"n1","dest":"n3","body":{"message":7,"msg_id":4,"type":"broadcast"}}
2024/02/23 19:17:22 Sent {"src":"n1","dest":"n1","body":{"message":7,"msg_id":4,"type":"broadcast"}}
2024/02/23 19:17:22 Sent {"src":"n1","dest":"n4","body":{"message":7,"msg_id":4,"type":"broadcast"}}
2024/02/23 19:17:22 Sent {"src":"n1","dest":"n2","body":{"message":7,"msg_id":4,"type":"broadcast"}}
2024/02/23 19:17:22 Received {n1 n1 {"message":7,"msg_id":4,"type":"broadcast"}}
2024/02/23 19:17:22 Received {n0 n1 {"message":7,"msg_id":4,"type":"broadcast"}}
2024/02/23 19:17:22 Received {n0 n1 {"message":8,"msg_id":8,"type":"broadcast"}}
2024/02/23 19:17:22 Sent {"src":"n1","dest":"n0","body":{"in_reply_to":8,"type":"broadcast_ok"}}
2024/02/23 19:17:22 Sent {"src":"n1","dest":"n0","body":{"message":8,"msg_id":8,"type":"broadcast"}}
2024/02/23 19:17:22 Sent {"src":"n1","dest":"n4","body":{"message":8,"msg_id":8,"type":"broadcast"}}
2024/02/23 19:17:22 Sent {"src":"n1","dest":"n3","body":{"message":8,"msg_id":8,"type":"broadcast"}}
2024/02/23 19:17:22 Sent {"src":"n1","dest":"n1","body":{"message":8,"msg_id":8,"type":"broadcast"}}
2024/02/23 19:17:22 Sent {"src":"n1","dest":"n2","body":{"message":8,"msg_id":8,"type":"broadcast"}}
2024/02/23 19:17:22 Received {n2 n1 {"message":8,"msg_id":8,"type":"broadcast"}}
2024/02/23 19:17:22 Received {n1 n1 {"message":8,"msg_id":8,"type":"broadcast"}}
2024/02/23 19:17:22 Received {n4 n1 {"message":8,"msg_id":8,"type":"broadcast"}}
2024/02/23 19:17:22 Received {c14 n1 {"type":"read","msg_id":4}}
2024/02/23 19:17:22 Sent {"src":"n1","dest":"c14","body":{"in_reply_to":4,"messages":[0,0,0,0,0,0,0,6,7,8,1,2,3,5],"type":"read_ok"}}
2024/02/23 19:17:22 Received {n4 n1 {"message":10,"msg_id":5,"type":"broadcast"}}
2024/02/23 19:17:22 Sent {"src":"n1","dest":"n4","body":{"in_reply_to":5,"type":"broadcast_ok"}}
2024/02/23 19:17:22 Sent {"src":"n1","dest":"n4","body":{"message":10,"msg_id":5,"type":"broadcast"}}
2024/02/23 19:17:22 Sent {"src":"n1","dest":"n1","body":{"message":10,"msg_id":5,"type":"broadcast"}}
2024/02/23 19:17:22 Sent {"src":"n1","dest":"n3","body":{"message":10,"msg_id":5,"type":"broadcast"}}
2024/02/23 19:17:22 Sent {"src":"n1","dest":"n2","body":{"message":10,"msg_id":5,"type":"broadcast"}}
2024/02/23 19:17:22 Sent {"src":"n1","dest":"n0","body":{"message":10,"msg_id":5,"type":"broadcast"}}
2024/02/23 19:17:22 Received {n0 n1 {"message":10,"msg_id":5,"type":"broadcast"}}
2024/02/23 19:17:22 Received {n1 n1 {"message":10,"msg_id":5,"type":"broadcast"}}
2024/02/23 19:17:22 Received {n2 n1 {"message":10,"msg_id":5,"type":"broadcast"}}
2024/02/23 19:17:22 Received {n0 n1 {"message":11,"msg_id":11,"type":"broadcast"}}
2024/02/23 19:17:22 Sent {"src":"n1","dest":"n0","body":{"in_reply_to":11,"type":"broadcast_ok"}}
2024/02/23 19:17:22 Sent {"src":"n1","dest":"n4","body":{"message":11,"msg_id":11,"type":"broadcast"}}
2024/02/23 19:17:22 Sent {"src":"n1","dest":"n3","body":{"message":11,"msg_id":11,"type":"broadcast"}}
2024/02/23 19:17:22 Sent {"src":"n1","dest":"n1","body":{"message":11,"msg_id":11,"type":"broadcast"}}
2024/02/23 19:17:22 Sent {"src":"n1","dest":"n0","body":{"message":11,"msg_id":11,"type":"broadcast"}}
2024/02/23 19:17:22 Sent {"src":"n1","dest":"n2","body":{"message":11,"msg_id":11,"type":"broadcast"}}
2024/02/23 19:17:22 Received {n1 n1 {"message":11,"msg_id":11,"type":"broadcast"}}
2024/02/23 19:17:22 Received {n2 n1 {"message":11,"msg_id":11,"type":"broadcast"}}
2024/02/23 19:17:22 Received {n4 n1 {"message":11,"msg_id":11,"type":"broadcast"}}
2024/02/23 19:17:22 Received {c14 n1 {"type":"broadcast","message":12,"msg_id":5}}
2024/02/23 19:17:22 Sent {"src":"n1","dest":"c14","body":{"in_reply_to":5,"type":"broadcast_ok"}}
2024/02/23 19:17:22 Sent {"src":"n1","dest":"n1","body":{"message":12,"msg_id":5,"type":"broadcast"}}
2024/02/23 19:17:22 Sent {"src":"n1","dest":"n3","body":{"message":12,"msg_id":5,"type":"broadcast"}}
2024/02/23 19:17:22 Sent {"src":"n1","dest":"n0","body":{"message":12,"msg_id":5,"type":"broadcast"}}
2024/02/23 19:17:22 Sent {"src":"n1","dest":"n4","body":{"message":12,"msg_id":5,"type":"broadcast"}}
2024/02/23 19:17:22 Sent {"src":"n1","dest":"n2","body":{"message":12,"msg_id":5,"type":"broadcast"}}
2024/02/23 19:17:22 Received {n1 n1 {"message":12,"msg_id":5,"type":"broadcast"}}
2024/02/23 19:17:22 Received {n0 n1 {"in_reply_to":5,"type":"broadcast_ok"}}
2024/02/23 19:17:22 Ignoring reply to 5 with no callback
2024/02/23 19:17:22 Received {n0 n1 {"message":12,"msg_id":5,"type":"broadcast"}}
2024/02/23 19:17:22 Received {n2 n1 {"in_reply_to":5,"type":"broadcast_ok"}}
2024/02/23 19:17:22 Ignoring reply to 5 with no callback
2024/02/23 19:17:22 Received {n4 n1 {"in_reply_to":5,"type":"broadcast_ok"}}
2024/02/23 19:17:22 Ignoring reply to 5 with no callback
2024/02/23 19:17:22 Received {n2 n1 {"message":12,"msg_id":5,"type":"broadcast"}}
2024/02/23 19:17:22 Received {n4 n1 {"message":12,"msg_id":5,"type":"broadcast"}}
2024/02/23 19:17:23 Received {n4 n1 {"message":14,"msg_id":6,"type":"broadcast"}}
2024/02/23 19:17:23 Sent {"src":"n1","dest":"n4","body":{"in_reply_to":6,"type":"broadcast_ok"}}
2024/02/23 19:17:23 Sent {"src":"n1","dest":"n0","body":{"message":14,"msg_id":6,"type":"broadcast"}}
2024/02/23 19:17:23 Sent {"src":"n1","dest":"n2","body":{"message":14,"msg_id":6,"type":"broadcast"}}
2024/02/23 19:17:23 Sent {"src":"n1","dest":"n4","body":{"message":14,"msg_id":6,"type":"broadcast"}}
2024/02/23 19:17:23 Sent {"src":"n1","dest":"n1","body":{"message":14,"msg_id":6,"type":"broadcast"}}
2024/02/23 19:17:23 Sent {"src":"n1","dest":"n3","body":{"message":14,"msg_id":6,"type":"broadcast"}}
2024/02/23 19:17:23 Received {n2 n1 {"message":14,"msg_id":6,"type":"broadcast"}}
2024/02/23 19:17:23 Received {n1 n1 {"message":14,"msg_id":6,"type":"broadcast"}}
2024/02/23 19:17:23 Received {n0 n1 {"message":14,"msg_id":6,"type":"broadcast"}}
2024/02/23 19:17:23 Received {n0 n1 {"message":15,"msg_id":12,"type":"broadcast"}}
2024/02/23 19:17:23 Sent {"src":"n1","dest":"n0","body":{"in_reply_to":12,"type":"broadcast_ok"}}
2024/02/23 19:17:23 Sent {"src":"n1","dest":"n2","body":{"message":15,"msg_id":12,"type":"broadcast"}}
2024/02/23 19:17:23 Sent {"src":"n1","dest":"n0","body":{"message":15,"msg_id":12,"type":"broadcast"}}
2024/02/23 19:17:23 Sent {"src":"n1","dest":"n4","body":{"message":15,"msg_id":12,"type":"broadcast"}}
2024/02/23 19:17:23 Sent {"src":"n1","dest":"n1","body":{"message":15,"msg_id":12,"type":"broadcast"}}
2024/02/23 19:17:23 Sent {"src":"n1","dest":"n3","body":{"message":15,"msg_id":12,"type":"broadcast"}}
2024/02/23 19:17:23 Received {n2 n1 {"message":15,"msg_id":12,"type":"broadcast"}}
2024/02/23 19:17:23 Received {n4 n1 {"message":15,"msg_id":12,"type":"broadcast"}}
2024/02/23 19:17:23 Received {n1 n1 {"message":15,"msg_id":12,"type":"broadcast"}}
2024/02/23 19:17:23 Received {c14 n1 {"type":"broadcast","message":16,"msg_id":6}}
2024/02/23 19:17:23 Sent {"src":"n1","dest":"c14","body":{"in_reply_to":6,"type":"broadcast_ok"}}
2024/02/23 19:17:23 Sent {"src":"n1","dest":"n0","body":{"message":16,"msg_id":6,"type":"broadcast"}}
2024/02/23 19:17:23 Sent {"src":"n1","dest":"n3","body":{"message":16,"msg_id":6,"type":"broadcast"}}
2024/02/23 19:17:23 Sent {"src":"n1","dest":"n4","body":{"message":16,"msg_id":6,"type":"broadcast"}}
2024/02/23 19:17:23 Sent {"src":"n1","dest":"n1","body":{"message":16,"msg_id":6,"type":"broadcast"}}
2024/02/23 19:17:23 Sent {"src":"n1","dest":"n2","body":{"message":16,"msg_id":6,"type":"broadcast"}}
2024/02/23 19:17:23 Received {n1 n1 {"message":16,"msg_id":6,"type":"broadcast"}}
2024/02/23 19:17:23 Received {n0 n1 {"message":16,"msg_id":6,"type":"broadcast"}}
2024/02/23 19:17:23 Received {n2 n1 {"in_reply_to":6,"type":"broadcast_ok"}}
2024/02/23 19:17:23 Ignoring reply to 6 with no callback
2024/02/23 19:17:23 Received {n0 n1 {"in_reply_to":6,"type":"broadcast_ok"}}
2024/02/23 19:17:23 Ignoring reply to 6 with no callback
2024/02/23 19:17:23 Received {n2 n1 {"message":16,"msg_id":6,"type":"broadcast"}}
2024/02/23 19:17:23 Received {n4 n1 {"in_reply_to":6,"type":"broadcast_ok"}}
2024/02/23 19:17:23 Ignoring reply to 6 with no callback
2024/02/23 19:17:23 Received {n4 n1 {"message":16,"msg_id":6,"type":"broadcast"}}
2024/02/23 19:17:23 Received {n2 n1 {"message":17,"msg_id":7,"type":"broadcast"}}
2024/02/23 19:17:23 Sent {"src":"n1","dest":"n2","body":{"in_reply_to":7,"type":"broadcast_ok"}}
2024/02/23 19:17:23 Sent {"src":"n1","dest":"n2","body":{"message":17,"msg_id":7,"type":"broadcast"}}
2024/02/23 19:17:23 Sent {"src":"n1","dest":"n4","body":{"message":17,"msg_id":7,"type":"broadcast"}}
2024/02/23 19:17:23 Sent {"src":"n1","dest":"n1","body":{"message":17,"msg_id":7,"type":"broadcast"}}
2024/02/23 19:17:23 Sent {"src":"n1","dest":"n0","body":{"message":17,"msg_id":7,"type":"broadcast"}}
2024/02/23 19:17:23 Sent {"src":"n1","dest":"n3","body":{"message":17,"msg_id":7,"type":"broadcast"}}
2024/02/23 19:17:23 Received {n1 n1 {"message":17,"msg_id":7,"type":"broadcast"}}
2024/02/23 19:17:23 Received {n0 n1 {"message":17,"msg_id":7,"type":"broadcast"}}
2024/02/23 19:17:23 Received {n4 n1 {"message":17,"msg_id":7,"type":"broadcast"}}
2024/02/23 19:17:24 Received {n0 n1 {"message":18,"msg_id":15,"type":"broadcast"}}
2024/02/23 19:17:24 Sent {"src":"n1","dest":"n0","body":{"in_reply_to":15,"type":"broadcast_ok"}}
2024/02/23 19:17:24 Sent {"src":"n1","dest":"n1","body":{"message":18,"msg_id":15,"type":"broadcast"}}
2024/02/23 19:17:24 Sent {"src":"n1","dest":"n2","body":{"message":18,"msg_id":15,"type":"broadcast"}}
2024/02/23 19:17:24 Sent {"src":"n1","dest":"n4","body":{"message":18,"msg_id":15,"type":"broadcast"}}
2024/02/23 19:17:24 Sent {"src":"n1","dest":"n0","body":{"message":18,"msg_id":15,"type":"broadcast"}}
2024/02/23 19:17:24 Sent {"src":"n1","dest":"n3","body":{"message":18,"msg_id":15,"type":"broadcast"}}
2024/02/23 19:17:24 Received {n1 n1 {"message":18,"msg_id":15,"type":"broadcast"}}
2024/02/23 19:17:24 Received {n2 n1 {"message":18,"msg_id":15,"type":"broadcast"}}
2024/02/23 19:17:24 Received {n4 n1 {"message":18,"msg_id":15,"type":"broadcast"}}
2024/02/23 19:17:24 Received {c14 n1 {"type":"read","msg_id":7}}
2024/02/23 19:17:24 Sent {"src":"n1","dest":"c14","body":{"in_reply_to":7,"messages":[0,0,0,0,0,0,0,0,0,0,0,0,0,0,0,17,5,6,12,8,11,15,16,2,7,10,18,1,3,14],"type":"read_ok"}}
2024/02/23 19:17:24 Received {n4 n1 {"message":19,"msg_id":8,"type":"broadcast"}}
2024/02/23 19:17:24 Sent {"src":"n1","dest":"n4","body":{"in_reply_to":8,"type":"broadcast_ok"}}
2024/02/23 19:17:24 Sent {"src":"n1","dest":"n1","body":{"message":19,"msg_id":8,"type":"broadcast"}}
2024/02/23 19:17:24 Sent {"src":"n1","dest":"n0","body":{"message":19,"msg_id":8,"type":"broadcast"}}
2024/02/23 19:17:24 Sent {"src":"n1","dest":"n2","body":{"message":19,"msg_id":8,"type":"broadcast"}}
2024/02/23 19:17:24 Sent {"src":"n1","dest":"n4","body":{"message":19,"msg_id":8,"type":"broadcast"}}
2024/02/23 19:17:24 Sent {"src":"n1","dest":"n3","body":{"message":19,"msg_id":8,"type":"broadcast"}}
2024/02/23 19:17:24 Received {n1 n1 {"message":19,"msg_id":8,"type":"broadcast"}}
2024/02/23 19:17:24 Received {n2 n1 {"message":19,"msg_id":8,"type":"broadcast"}}
2024/02/23 19:17:24 Received {n0 n1 {"message":19,"msg_id":8,"type":"broadcast"}}
2024/02/23 19:17:24 Received {n0 n1 {"message":20,"msg_id":16,"type":"broadcast"}}
2024/02/23 19:17:24 Sent {"src":"n1","dest":"n0","body":{"in_reply_to":16,"type":"broadcast_ok"}}
2024/02/23 19:17:24 Sent {"src":"n1","dest":"n1","body":{"message":20,"msg_id":16,"type":"broadcast"}}
2024/02/23 19:17:24 Sent {"src":"n1","dest":"n0","body":{"message":20,"msg_id":16,"type":"broadcast"}}
2024/02/23 19:17:24 Sent {"src":"n1","dest":"n3","body":{"message":20,"msg_id":16,"type":"broadcast"}}
2024/02/23 19:17:24 Sent {"src":"n1","dest":"n2","body":{"message":20,"msg_id":16,"type":"broadcast"}}
2024/02/23 19:17:24 Sent {"src":"n1","dest":"n4","body":{"message":20,"msg_id":16,"type":"broadcast"}}
2024/02/23 19:17:24 Received {n2 n1 {"message":20,"msg_id":16,"type":"broadcast"}}
2024/02/23 19:17:24 Received {n4 n1 {"message":20,"msg_id":16,"type":"broadcast"}}
2024/02/23 19:17:24 Received {n1 n1 {"message":20,"msg_id":16,"type":"broadcast"}}
2024/02/23 19:17:24 Received {n0 n1 {"message":21,"msg_id":17,"type":"broadcast"}}
2024/02/23 19:17:24 Sent {"src":"n1","dest":"n0","body":{"in_reply_to":17,"type":"broadcast_ok"}}
2024/02/23 19:17:24 Sent {"src":"n1","dest":"n4","body":{"message":21,"msg_id":17,"type":"broadcast"}}
2024/02/23 19:17:24 Sent {"src":"n1","dest":"n3","body":{"message":21,"msg_id":17,"type":"broadcast"}}
2024/02/23 19:17:24 Sent {"src":"n1","dest":"n1","body":{"message":21,"msg_id":17,"type":"broadcast"}}
2024/02/23 19:17:24 Sent {"src":"n1","dest":"n2","body":{"message":21,"msg_id":17,"type":"broadcast"}}
2024/02/23 19:17:24 Sent {"src":"n1","dest":"n0","body":{"message":21,"msg_id":17,"type":"broadcast"}}
2024/02/23 19:17:24 Received {n1 n1 {"message":21,"msg_id":17,"type":"broadcast"}}
2024/02/23 19:17:24 Received {n2 n1 {"message":21,"msg_id":17,"type":"broadcast"}}
2024/02/23 19:17:24 Received {n4 n1 {"message":21,"msg_id":17,"type":"broadcast"}}
2024/02/23 19:17:24 Received {c14 n1 {"type":"broadcast","message":22,"msg_id":8}}
2024/02/23 19:17:24 Sent {"src":"n1","dest":"n1","body":{"message":22,"msg_id":8,"type":"broadcast"}}
2024/02/23 19:17:24 Sent {"src":"n1","dest":"c14","body":{"in_reply_to":8,"type":"broadcast_ok"}}
2024/02/23 19:17:24 Sent {"src":"n1","dest":"n3","body":{"message":22,"msg_id":8,"type":"broadcast"}}
2024/02/23 19:17:24 Sent {"src":"n1","dest":"n0","body":{"message":22,"msg_id":8,"type":"broadcast"}}
2024/02/23 19:17:24 Sent {"src":"n1","dest":"n2","body":{"message":22,"msg_id":8,"type":"broadcast"}}
2024/02/23 19:17:24 Sent {"src":"n1","dest":"n4","body":{"message":22,"msg_id":8,"type":"broadcast"}}
2024/02/23 19:17:24 Received {n1 n1 {"message":22,"msg_id":8,"type":"broadcast"}}
2024/02/23 19:17:24 Received {n2 n1 {"in_reply_to":8,"type":"broadcast_ok"}}
2024/02/23 19:17:24 Ignoring reply to 8 with no callback
2024/02/23 19:17:24 Received {n0 n1 {"in_reply_to":8,"type":"broadcast_ok"}}
2024/02/23 19:17:24 Ignoring reply to 8 with no callback
2024/02/23 19:17:24 Received {n4 n1 {"message":22,"msg_id":8,"type":"broadcast"}}
2024/02/23 19:17:24 Received {n2 n1 {"message":22,"msg_id":8,"type":"broadcast"}}
2024/02/23 19:17:24 Received {n0 n1 {"message":22,"msg_id":8,"type":"broadcast"}}
2024/02/23 19:17:24 Received {n4 n1 {"in_reply_to":8,"type":"broadcast_ok"}}
2024/02/23 19:17:24 Ignoring reply to 8 with no callback
2024/02/23 19:17:25 Received {c14 n1 {"type":"broadcast","message":24,"msg_id":9}}
2024/02/23 19:17:25 Sent {"src":"n1","dest":"c14","body":{"in_reply_to":9,"type":"broadcast_ok"}}
2024/02/23 19:17:25 Sent {"src":"n1","dest":"n1","body":{"message":24,"msg_id":9,"type":"broadcast"}}
2024/02/23 19:17:25 Sent {"src":"n1","dest":"n3","body":{"message":24,"msg_id":9,"type":"broadcast"}}
2024/02/23 19:17:25 Sent {"src":"n1","dest":"n0","body":{"message":24,"msg_id":9,"type":"broadcast"}}
2024/02/23 19:17:25 Sent {"src":"n1","dest":"n4","body":{"message":24,"msg_id":9,"type":"broadcast"}}
2024/02/23 19:17:25 Sent {"src":"n1","dest":"n2","body":{"message":24,"msg_id":9,"type":"broadcast"}}
2024/02/23 19:17:25 Received {n1 n1 {"message":24,"msg_id":9,"type":"broadcast"}}
2024/02/23 19:17:25 Received {n0 n1 {"in_reply_to":9,"type":"broadcast_ok"}}
2024/02/23 19:17:25 Ignoring reply to 9 with no callback
2024/02/23 19:17:25 Received {n4 n1 {"in_reply_to":9,"type":"broadcast_ok"}}
2024/02/23 19:17:25 Ignoring reply to 9 with no callback
2024/02/23 19:17:25 Received {n4 n1 {"message":24,"msg_id":9,"type":"broadcast"}}
2024/02/23 19:17:25 Received {n2 n1 {"message":24,"msg_id":9,"type":"broadcast"}}
2024/02/23 19:17:25 Received {n0 n1 {"message":24,"msg_id":9,"type":"broadcast"}}
2024/02/23 19:17:25 Received {n2 n1 {"in_reply_to":9,"type":"broadcast_ok"}}
2024/02/23 19:17:25 Ignoring reply to 9 with no callback
2024/02/23 19:17:25 Received {n0 n1 {"message":25,"msg_id":21,"type":"broadcast"}}
2024/02/23 19:17:25 Sent {"src":"n1","dest":"n0","body":{"in_reply_to":21,"type":"broadcast_ok"}}
2024/02/23 19:17:25 Sent {"src":"n1","dest":"n4","body":{"message":25,"msg_id":21,"type":"broadcast"}}
2024/02/23 19:17:25 Sent {"src":"n1","dest":"n0","body":{"message":25,"msg_id":21,"type":"broadcast"}}
2024/02/23 19:17:25 Sent {"src":"n1","dest":"n1","body":{"message":25,"msg_id":21,"type":"broadcast"}}
2024/02/23 19:17:25 Sent {"src":"n1","dest":"n2","body":{"message":25,"msg_id":21,"type":"broadcast"}}
2024/02/23 19:17:25 Sent {"src":"n1","dest":"n3","body":{"message":25,"msg_id":21,"type":"broadcast"}}
2024/02/23 19:17:25 Received {n4 n1 {"message":25,"msg_id":21,"type":"broadcast"}}
2024/02/23 19:17:25 Received {n1 n1 {"message":25,"msg_id":21,"type":"broadcast"}}
2024/02/23 19:17:25 Received {n2 n1 {"message":25,"msg_id":21,"type":"broadcast"}}
2024/02/23 19:17:25 Received {c14 n1 {"type":"read","msg_id":10}}
2024/02/23 19:17:25 Sent {"src":"n1","dest":"c14","body":{"in_reply_to":10,"messages":[0,0,0,0,0,0,0,0,0,0,0,0,0,0,0,0,0,0,0,0,0,8,20,24,11,15,16,25,2,7,10,18,22,1,3,14,17,19,21,5,6,12],"type":"read_ok"}}
2024/02/23 19:17:26 Received {n4 n1 {"message":26,"msg_id":11,"type":"broadcast"}}
2024/02/23 19:17:26 Sent {"src":"n1","dest":"n0","body":{"message":26,"msg_id":11,"type":"broadcast"}}
2024/02/23 19:17:26 Sent {"src":"n1","dest":"n1","body":{"message":26,"msg_id":11,"type":"broadcast"}}
2024/02/23 19:17:26 Sent {"src":"n1","dest":"n4","body":{"in_reply_to":11,"type":"broadcast_ok"}}
2024/02/23 19:17:26 Sent {"src":"n1","dest":"n2","body":{"message":26,"msg_id":11,"type":"broadcast"}}
2024/02/23 19:17:26 Sent {"src":"n1","dest":"n3","body":{"message":26,"msg_id":11,"type":"broadcast"}}
2024/02/23 19:17:26 Sent {"src":"n1","dest":"n4","body":{"message":26,"msg_id":11,"type":"broadcast"}}
2024/02/23 19:17:26 Received {n0 n1 {"message":26,"msg_id":11,"type":"broadcast"}}
2024/02/23 19:17:26 Received {n1 n1 {"message":26,"msg_id":11,"type":"broadcast"}}
2024/02/23 19:17:26 Received {n2 n1 {"message":26,"msg_id":11,"type":"broadcast"}}
2024/02/23 19:17:26 Received {n0 n1 {"message":27,"msg_id":22,"type":"broadcast"}}
2024/02/23 19:17:26 Sent {"src":"n1","dest":"n0","body":{"in_reply_to":22,"type":"broadcast_ok"}}
2024/02/23 19:17:26 Sent {"src":"n1","dest":"n1","body":{"message":27,"msg_id":22,"type":"broadcast"}}
2024/02/23 19:17:26 Sent {"src":"n1","dest":"n4","body":{"message":27,"msg_id":22,"type":"broadcast"}}
2024/02/23 19:17:26 Sent {"src":"n1","dest":"n2","body":{"message":27,"msg_id":22,"type":"broadcast"}}
2024/02/23 19:17:26 Sent {"src":"n1","dest":"n3","body":{"message":27,"msg_id":22,"type":"broadcast"}}
2024/02/23 19:17:26 Sent {"src":"n1","dest":"n0","body":{"message":27,"msg_id":22,"type":"broadcast"}}
2024/02/23 19:17:26 Received {n4 n1 {"message":27,"msg_id":22,"type":"broadcast"}}
2024/02/23 19:17:26 Received {n1 n1 {"message":27,"msg_id":22,"type":"broadcast"}}
2024/02/23 19:17:26 Received {n2 n1 {"message":27,"msg_id":22,"type":"broadcast"}}
2024/02/23 19:17:26 Received {c14 n1 {"type":"read","msg_id":11}}
2024/02/23 19:17:26 Sent {"src":"n1","dest":"c14","body":{"in_reply_to":11,"messages":[0,0,0,0,0,0,0,0,0,0,0,0,0,0,0,0,0,0,0,0,0,0,0,8,20,24,27,15,16,25,26,2,7,10,11,22,1,3,14,18,19,21,5,6,12,17],"type":"read_ok"}}
2024/02/23 19:17:27 Received {c14 n1 {"type":"broadcast","message":29,"msg_id":12}}
2024/02/23 19:17:27 Sent {"src":"n1","dest":"c14","body":{"in_reply_to":12,"type":"broadcast_ok"}}
2024/02/23 19:17:27 Sent {"src":"n1","dest":"n1","body":{"message":29,"msg_id":12,"type":"broadcast"}}
2024/02/23 19:17:27 Sent {"src":"n1","dest":"n4","body":{"message":29,"msg_id":12,"type":"broadcast"}}
2024/02/23 19:17:27 Sent {"src":"n1","dest":"n0","body":{"message":29,"msg_id":12,"type":"broadcast"}}
2024/02/23 19:17:27 Sent {"src":"n1","dest":"n2","body":{"message":29,"msg_id":12,"type":"broadcast"}}
2024/02/23 19:17:27 Sent {"src":"n1","dest":"n3","body":{"message":29,"msg_id":12,"type":"broadcast"}}
2024/02/23 19:17:27 Received {n1 n1 {"message":29,"msg_id":12,"type":"broadcast"}}
2024/02/23 19:17:27 Received {n4 n1 {"in_reply_to":12,"type":"broadcast_ok"}}
2024/02/23 19:17:27 Ignoring reply to 12 with no callback
2024/02/23 19:17:27 Received {n0 n1 {"message":29,"msg_id":12,"type":"broadcast"}}
2024/02/23 19:17:27 Received {n2 n1 {"in_reply_to":12,"type":"broadcast_ok"}}
2024/02/23 19:17:27 Ignoring reply to 12 with no callback
2024/02/23 19:17:27 Received {n2 n1 {"message":29,"msg_id":12,"type":"broadcast"}}
2024/02/23 19:17:27 Received {n4 n1 {"message":29,"msg_id":12,"type":"broadcast"}}
2024/02/23 19:17:27 Received {n0 n1 {"in_reply_to":12,"type":"broadcast_ok"}}
2024/02/23 19:17:27 Ignoring reply to 12 with no callback
2024/02/23 19:17:27 Received {n4 n1 {"message":31,"msg_id":13,"type":"broadcast"}}
2024/02/23 19:17:27 Sent {"src":"n1","dest":"n4","body":{"in_reply_to":13,"type":"broadcast_ok"}}
2024/02/23 19:17:27 Sent {"src":"n1","dest":"n2","body":{"message":31,"msg_id":13,"type":"broadcast"}}
2024/02/23 19:17:27 Sent {"src":"n1","dest":"n0","body":{"message":31,"msg_id":13,"type":"broadcast"}}
2024/02/23 19:17:27 Sent {"src":"n1","dest":"n1","body":{"message":31,"msg_id":13,"type":"broadcast"}}
2024/02/23 19:17:27 Sent {"src":"n1","dest":"n3","body":{"message":31,"msg_id":13,"type":"broadcast"}}
2024/02/23 19:17:27 Sent {"src":"n1","dest":"n4","body":{"message":31,"msg_id":13,"type":"broadcast"}}
2024/02/23 19:17:27 Received {n0 n1 {"message":31,"msg_id":13,"type":"broadcast"}}
2024/02/23 19:17:27 Received {n1 n1 {"message":31,"msg_id":13,"type":"broadcast"}}
2024/02/23 19:17:27 Received {n2 n1 {"message":31,"msg_id":13,"type":"broadcast"}}
2024/02/23 19:17:27 Received {n0 n1 {"message":32,"msg_id":27,"type":"broadcast"}}
2024/02/23 19:17:27 Sent {"src":"n1","dest":"n0","body":{"in_reply_to":27,"type":"broadcast_ok"}}
2024/02/23 19:17:27 Sent {"src":"n1","dest":"n4","body":{"message":32,"msg_id":27,"type":"broadcast"}}
2024/02/23 19:17:27 Sent {"src":"n1","dest":"n2","body":{"message":32,"msg_id":27,"type":"broadcast"}}
2024/02/23 19:17:27 Sent {"src":"n1","dest":"n3","body":{"message":32,"msg_id":27,"type":"broadcast"}}
2024/02/23 19:17:27 Sent {"src":"n1","dest":"n1","body":{"message":32,"msg_id":27,"type":"broadcast"}}
2024/02/23 19:17:27 Sent {"src":"n1","dest":"n0","body":{"message":32,"msg_id":27,"type":"broadcast"}}
2024/02/23 19:17:27 Received {n2 n1 {"message":32,"msg_id":27,"type":"broadcast"}}
2024/02/23 19:17:27 Received {n4 n1 {"message":32,"msg_id":27,"type":"broadcast"}}
2024/02/23 19:17:27 Received {n1 n1 {"message":32,"msg_id":27,"type":"broadcast"}}
2024/02/23 19:17:27 Received {c14 n1 {"type":"read","msg_id":13}}
2024/02/23 19:17:27 Sent {"src":"n1","dest":"c14","body":{"in_reply_to":13,"messages":[0,0,0,0,0,0,0,0,0,0,0,0,0,0,0,0,0,0,0,0,0,0,0,0,0,0,18,22,29,1,3,14,17,19,21,32,5,6,12,27,31,8,20,24,11,15,16,25,26,2,7,10],"type":"read_ok"}}
2024/02/23 19:17:27 Received {n2 n1 {"message":33,"msg_id":14,"type":"broadcast"}}
2024/02/23 19:17:27 Sent {"src":"n1","dest":"n1","body":{"message":33,"msg_id":14,"type":"broadcast"}}
2024/02/23 19:17:27 Sent {"src":"n1","dest":"n2","body":{"in_reply_to":14,"type":"broadcast_ok"}}
2024/02/23 19:17:27 Sent {"src":"n1","dest":"n3","body":{"message":33,"msg_id":14,"type":"broadcast"}}
2024/02/23 19:17:27 Sent {"src":"n1","dest":"n0","body":{"message":33,"msg_id":14,"type":"broadcast"}}
2024/02/23 19:17:27 Sent {"src":"n1","dest":"n4","body":{"message":33,"msg_id":14,"type":"broadcast"}}
2024/02/23 19:17:27 Sent {"src":"n1","dest":"n2","body":{"message":33,"msg_id":14,"type":"broadcast"}}
2024/02/23 19:17:27 Received {n1 n1 {"message":33,"msg_id":14,"type":"broadcast"}}
2024/02/23 19:17:27 Received {n0 n1 {"message":33,"msg_id":14,"type":"broadcast"}}
2024/02/23 19:17:27 Received {n4 n1 {"message":33,"msg_id":14,"type":"broadcast"}}
2024/02/23 19:17:27 Received {n4 n1 {"message":34,"msg_id":14,"type":"broadcast"}}
2024/02/23 19:17:27 Sent {"src":"n1","dest":"n1","body":{"message":34,"msg_id":14,"type":"broadcast"}}
2024/02/23 19:17:27 Sent {"src":"n1","dest":"n2","body":{"message":34,"msg_id":14,"type":"broadcast"}}
2024/02/23 19:17:27 Sent {"src":"n1","dest":"n0","body":{"message":34,"msg_id":14,"type":"broadcast"}}
2024/02/23 19:17:27 Sent {"src":"n1","dest":"n4","body":{"in_reply_to":14,"type":"broadcast_ok"}}
2024/02/23 19:17:27 Sent {"src":"n1","dest":"n4","body":{"message":34,"msg_id":14,"type":"broadcast"}}
2024/02/23 19:17:27 Sent {"src":"n1","dest":"n3","body":{"message":34,"msg_id":14,"type":"broadcast"}}
2024/02/23 19:17:27 Received {n1 n1 {"message":34,"msg_id":14,"type":"broadcast"}}
2024/02/23 19:17:27 Received {n2 n1 {"message":34,"msg_id":14,"type":"broadcast"}}
2024/02/23 19:17:27 Received {n0 n1 {"message":34,"msg_id":14,"type":"broadcast"}}
2024/02/23 19:17:28 Received {n0 n1 {"message":35,"msg_id":29,"type":"broadcast"}}
2024/02/23 19:17:28 Sent {"src":"n1","dest":"n0","body":{"in_reply_to":29,"type":"broadcast_ok"}}
2024/02/23 19:17:28 Sent {"src":"n1","dest":"n0","body":{"message":35,"msg_id":29,"type":"broadcast"}}
2024/02/23 19:17:28 Sent {"src":"n1","dest":"n2","body":{"message":35,"msg_id":29,"type":"broadcast"}}
2024/02/23 19:17:28 Sent {"src":"n1","dest":"n3","body":{"message":35,"msg_id":29,"type":"broadcast"}}
2024/02/23 19:17:28 Sent {"src":"n1","dest":"n1","body":{"message":35,"msg_id":29,"type":"broadcast"}}
2024/02/23 19:17:28 Sent {"src":"n1","dest":"n4","body":{"message":35,"msg_id":29,"type":"broadcast"}}
2024/02/23 19:17:28 Received {n1 n1 {"message":35,"msg_id":29,"type":"broadcast"}}
2024/02/23 19:17:28 Received {n4 n1 {"message":35,"msg_id":29,"type":"broadcast"}}
2024/02/23 19:17:28 Received {n2 n1 {"message":35,"msg_id":29,"type":"broadcast"}}
2024/02/23 19:17:28 Received {c14 n1 {"type":"broadcast","message":36,"msg_id":14}}
2024/02/23 19:17:28 Sent {"src":"n1","dest":"n1","body":{"message":36,"msg_id":14,"type":"broadcast"}}
2024/02/23 19:17:28 Sent {"src":"n1","dest":"n0","body":{"message":36,"msg_id":14,"type":"broadcast"}}
2024/02/23 19:17:28 Sent {"src":"n1","dest":"n4","body":{"message":36,"msg_id":14,"type":"broadcast"}}
2024/02/23 19:17:28 Sent {"src":"n1","dest":"n2","body":{"message":36,"msg_id":14,"type":"broadcast"}}
2024/02/23 19:17:28 Sent {"src":"n1","dest":"c14","body":{"in_reply_to":14,"type":"broadcast_ok"}}
2024/02/23 19:17:28 Sent {"src":"n1","dest":"n3","body":{"message":36,"msg_id":14,"type":"broadcast"}}
2024/02/23 19:17:28 Received {n1 n1 {"message":36,"msg_id":14,"type":"broadcast"}}
2024/02/23 19:17:28 Received {n0 n1 {"in_reply_to":14,"type":"broadcast_ok"}}
2024/02/23 19:17:28 Ignoring reply to 14 with no callback
2024/02/23 19:17:28 Received {n4 n1 {"in_reply_to":14,"type":"broadcast_ok"}}
2024/02/23 19:17:28 Ignoring reply to 14 with no callback
2024/02/23 19:17:28 Received {n2 n1 {"in_reply_to":14,"type":"broadcast_ok"}}
2024/02/23 19:17:28 Ignoring reply to 14 with no callback
2024/02/23 19:17:28 Received {n4 n1 {"message":36,"msg_id":14,"type":"broadcast"}}
2024/02/23 19:17:28 Received {n0 n1 {"message":36,"msg_id":14,"type":"broadcast"}}
2024/02/23 19:17:28 Received {n2 n1 {"message":36,"msg_id":14,"type":"broadcast"}}
2024/02/23 19:17:28 Received {n2 n1 {"message":37,"msg_id":15,"type":"broadcast"}}
2024/02/23 19:17:28 Sent {"src":"n1","dest":"n2","body":{"in_reply_to":15,"type":"broadcast_ok"}}
2024/02/23 19:17:28 Sent {"src":"n1","dest":"n4","body":{"message":37,"msg_id":15,"type":"broadcast"}}
2024/02/23 19:17:28 Sent {"src":"n1","dest":"n1","body":{"message":37,"msg_id":15,"type":"broadcast"}}
2024/02/23 19:17:28 Sent {"src":"n1","dest":"n0","body":{"message":37,"msg_id":15,"type":"broadcast"}}
2024/02/23 19:17:28 Sent {"src":"n1","dest":"n2","body":{"message":37,"msg_id":15,"type":"broadcast"}}
2024/02/23 19:17:28 Sent {"src":"n1","dest":"n3","body":{"message":37,"msg_id":15,"type":"broadcast"}}
2024/02/23 19:17:28 Received {n4 n1 {"message":37,"msg_id":15,"type":"broadcast"}}
2024/02/23 19:17:28 Received {n1 n1 {"message":37,"msg_id":15,"type":"broadcast"}}
2024/02/23 19:17:28 Received {n0 n1 {"message":37,"msg_id":15,"type":"broadcast"}}
2024/02/23 19:17:28 Received {n0 n1 {"message":38,"msg_id":30,"type":"broadcast"}}
2024/02/23 19:17:28 Sent {"src":"n1","dest":"n0","body":{"in_reply_to":30,"type":"broadcast_ok"}}
2024/02/23 19:17:28 Sent {"src":"n1","dest":"n4","body":{"message":38,"msg_id":30,"type":"broadcast"}}
2024/02/23 19:17:28 Sent {"src":"n1","dest":"n2","body":{"message":38,"msg_id":30,"type":"broadcast"}}
2024/02/23 19:17:28 Sent {"src":"n1","dest":"n3","body":{"message":38,"msg_id":30,"type":"broadcast"}}
2024/02/23 19:17:28 Sent {"src":"n1","dest":"n1","body":{"message":38,"msg_id":30,"type":"broadcast"}}
2024/02/23 19:17:28 Sent {"src":"n1","dest":"n0","body":{"message":38,"msg_id":30,"type":"broadcast"}}
2024/02/23 19:17:28 Received {n4 n1 {"message":38,"msg_id":30,"type":"broadcast"}}
2024/02/23 19:17:28 Received {n1 n1 {"message":38,"msg_id":30,"type":"broadcast"}}
2024/02/23 19:17:28 Received {n2 n1 {"message":38,"msg_id":30,"type":"broadcast"}}
2024/02/23 19:17:28 Received {n0 n1 {"message":39,"msg_id":31,"type":"broadcast"}}
2024/02/23 19:17:28 Sent {"src":"n1","dest":"n0","body":{"in_reply_to":31,"type":"broadcast_ok"}}
2024/02/23 19:17:28 Sent {"src":"n1","dest":"n4","body":{"message":39,"msg_id":31,"type":"broadcast"}}
2024/02/23 19:17:28 Sent {"src":"n1","dest":"n2","body":{"message":39,"msg_id":31,"type":"broadcast"}}
2024/02/23 19:17:28 Sent {"src":"n1","dest":"n1","body":{"message":39,"msg_id":31,"type":"broadcast"}}
2024/02/23 19:17:28 Sent {"src":"n1","dest":"n0","body":{"message":39,"msg_id":31,"type":"broadcast"}}
2024/02/23 19:17:28 Sent {"src":"n1","dest":"n3","body":{"message":39,"msg_id":31,"type":"broadcast"}}
2024/02/23 19:17:28 Received {n1 n1 {"message":39,"msg_id":31,"type":"broadcast"}}
2024/02/23 19:17:28 Received {n4 n1 {"message":39,"msg_id":31,"type":"broadcast"}}
2024/02/23 19:17:28 Received {n2 n1 {"message":39,"msg_id":31,"type":"broadcast"}}
2024/02/23 19:17:29 Received {c14 n1 {"type":"broadcast","message":40,"msg_id":15}}
2024/02/23 19:17:29 Sent {"src":"n1","dest":"c14","body":{"in_reply_to":15,"type":"broadcast_ok"}}
2024/02/23 19:17:29 Sent {"src":"n1","dest":"n4","body":{"message":40,"msg_id":15,"type":"broadcast"}}
2024/02/23 19:17:29 Sent {"src":"n1","dest":"n0","body":{"message":40,"msg_id":15,"type":"broadcast"}}
2024/02/23 19:17:29 Sent {"src":"n1","dest":"n3","body":{"message":40,"msg_id":15,"type":"broadcast"}}
2024/02/23 19:17:29 Sent {"src":"n1","dest":"n1","body":{"message":40,"msg_id":15,"type":"broadcast"}}
2024/02/23 19:17:29 Sent {"src":"n1","dest":"n2","body":{"message":40,"msg_id":15,"type":"broadcast"}}
2024/02/23 19:17:29 Received {n1 n1 {"message":40,"msg_id":15,"type":"broadcast"}}
2024/02/23 19:17:29 Received {n4 n1 {"in_reply_to":15,"type":"broadcast_ok"}}
2024/02/23 19:17:29 Ignoring reply to 15 with no callback
2024/02/23 19:17:29 Received {n0 n1 {"in_reply_to":15,"type":"broadcast_ok"}}
2024/02/23 19:17:29 Ignoring reply to 15 with no callback
2024/02/23 19:17:29 Received {n4 n1 {"message":40,"msg_id":15,"type":"broadcast"}}
2024/02/23 19:17:29 Received {n2 n1 {"message":40,"msg_id":15,"type":"broadcast"}}
2024/02/23 19:17:29 Received {n2 n1 {"in_reply_to":15,"type":"broadcast_ok"}}
2024/02/23 19:17:29 Ignoring reply to 15 with no callback
2024/02/23 19:17:29 Received {n0 n1 {"message":40,"msg_id":15,"type":"broadcast"}}
2024/02/23 19:17:29 Received {n2 n1 {"message":41,"msg_id":16,"type":"broadcast"}}
2024/02/23 19:17:29 Sent {"src":"n1","dest":"n2","body":{"in_reply_to":16,"type":"broadcast_ok"}}
2024/02/23 19:17:29 Sent {"src":"n1","dest":"n4","body":{"message":41,"msg_id":16,"type":"broadcast"}}
2024/02/23 19:17:29 Sent {"src":"n1","dest":"n0","body":{"message":41,"msg_id":16,"type":"broadcast"}}
2024/02/23 19:17:29 Sent {"src":"n1","dest":"n1","body":{"message":41,"msg_id":16,"type":"broadcast"}}
2024/02/23 19:17:29 Sent {"src":"n1","dest":"n2","body":{"message":41,"msg_id":16,"type":"broadcast"}}
2024/02/23 19:17:29 Sent {"src":"n1","dest":"n3","body":{"message":41,"msg_id":16,"type":"broadcast"}}
2024/02/23 19:17:29 Received {n0 n1 {"message":41,"msg_id":16,"type":"broadcast"}}
2024/02/23 19:17:29 Received {n1 n1 {"message":41,"msg_id":16,"type":"broadcast"}}
2024/02/23 19:17:29 Received {n4 n1 {"message":41,"msg_id":16,"type":"broadcast"}}
2024/02/23 19:17:29 Received {n4 n1 {"message":43,"msg_id":16,"type":"broadcast"}}
2024/02/23 19:17:29 Sent {"src":"n1","dest":"n4","body":{"in_reply_to":16,"type":"broadcast_ok"}}
2024/02/23 19:17:29 Sent {"src":"n1","dest":"n4","body":{"message":43,"msg_id":16,"type":"broadcast"}}
2024/02/23 19:17:29 Sent {"src":"n1","dest":"n1","body":{"message":43,"msg_id":16,"type":"broadcast"}}
2024/02/23 19:17:29 Sent {"src":"n1","dest":"n2","body":{"message":43,"msg_id":16,"type":"broadcast"}}
2024/02/23 19:17:29 Sent {"src":"n1","dest":"n3","body":{"message":43,"msg_id":16,"type":"broadcast"}}
2024/02/23 19:17:29 Sent {"src":"n1","dest":"n0","body":{"message":43,"msg_id":16,"type":"broadcast"}}
2024/02/23 19:17:29 Received {n1 n1 {"message":43,"msg_id":16,"type":"broadcast"}}
2024/02/23 19:17:29 Received {n2 n1 {"message":43,"msg_id":16,"type":"broadcast"}}
2024/02/23 19:17:29 Received {n0 n1 {"message":43,"msg_id":16,"type":"broadcast"}}
2024/02/23 19:17:29 Received {n0 n1 {"message":44,"msg_id":32,"type":"broadcast"}}
2024/02/23 19:17:29 Sent {"src":"n1","dest":"n1","body":{"message":44,"msg_id":32,"type":"broadcast"}}
2024/02/23 19:17:29 Sent {"src":"n1","dest":"n3","body":{"message":44,"msg_id":32,"type":"broadcast"}}
2024/02/23 19:17:29 Sent {"src":"n1","dest":"n0","body":{"in_reply_to":32,"type":"broadcast_ok"}}
2024/02/23 19:17:29 Sent {"src":"n1","dest":"n0","body":{"message":44,"msg_id":32,"type":"broadcast"}}
2024/02/23 19:17:29 Sent {"src":"n1","dest":"n4","body":{"message":44,"msg_id":32,"type":"broadcast"}}
2024/02/23 19:17:29 Sent {"src":"n1","dest":"n2","body":{"message":44,"msg_id":32,"type":"broadcast"}}
2024/02/23 19:17:29 Received {n1 n1 {"message":44,"msg_id":32,"type":"broadcast"}}
2024/02/23 19:17:29 Received {n2 n1 {"message":44,"msg_id":32,"type":"broadcast"}}
2024/02/23 19:17:29 Received {n4 n1 {"message":44,"msg_id":32,"type":"broadcast"}}
2024/02/23 19:17:29 Received {c14 n1 {"type":"broadcast","message":45,"msg_id":16}}
2024/02/23 19:17:29 Sent {"src":"n1","dest":"n1","body":{"message":45,"msg_id":16,"type":"broadcast"}}
2024/02/23 19:17:29 Sent {"src":"n1","dest":"n3","body":{"message":45,"msg_id":16,"type":"broadcast"}}
2024/02/23 19:17:29 Sent {"src":"n1","dest":"c14","body":{"in_reply_to":16,"type":"broadcast_ok"}}
2024/02/23 19:17:29 Sent {"src":"n1","dest":"n4","body":{"message":45,"msg_id":16,"type":"broadcast"}}
2024/02/23 19:17:29 Sent {"src":"n1","dest":"n2","body":{"message":45,"msg_id":16,"type":"broadcast"}}
2024/02/23 19:17:29 Sent {"src":"n1","dest":"n0","body":{"message":45,"msg_id":16,"type":"broadcast"}}
2024/02/23 19:17:29 Received {n1 n1 {"message":45,"msg_id":16,"type":"broadcast"}}
2024/02/23 19:17:29 Received {n4 n1 {"in_reply_to":16,"type":"broadcast_ok"}}
2024/02/23 19:17:29 Ignoring reply to 16 with no callback
2024/02/23 19:17:29 Received {n0 n1 {"in_reply_to":16,"type":"broadcast_ok"}}
2024/02/23 19:17:29 Ignoring reply to 16 with no callback
2024/02/23 19:17:29 Received {n2 n1 {"in_reply_to":16,"type":"broadcast_ok"}}
2024/02/23 19:17:29 Ignoring reply to 16 with no callback
2024/02/23 19:17:29 Received {n4 n1 {"message":45,"msg_id":16,"type":"broadcast"}}
2024/02/23 19:17:29 Received {n0 n1 {"message":45,"msg_id":16,"type":"broadcast"}}
2024/02/23 19:17:29 Received {n2 n1 {"message":45,"msg_id":16,"type":"broadcast"}}
2024/02/23 19:17:30 Received {n4 n1 {"message":47,"msg_id":17,"type":"broadcast"}}
2024/02/23 19:17:30 Sent {"src":"n1","dest":"n1","body":{"message":47,"msg_id":17,"type":"broadcast"}}
2024/02/23 19:17:30 Sent {"src":"n1","dest":"n2","body":{"message":47,"msg_id":17,"type":"broadcast"}}
2024/02/23 19:17:30 Sent {"src":"n1","dest":"n0","body":{"message":47,"msg_id":17,"type":"broadcast"}}
2024/02/23 19:17:30 Sent {"src":"n1","dest":"n3","body":{"message":47,"msg_id":17,"type":"broadcast"}}
2024/02/23 19:17:30 Sent {"src":"n1","dest":"n4","body":{"in_reply_to":17,"type":"broadcast_ok"}}
2024/02/23 19:17:30 Sent {"src":"n1","dest":"n4","body":{"message":47,"msg_id":17,"type":"broadcast"}}
2024/02/23 19:17:30 Received {n1 n1 {"message":47,"msg_id":17,"type":"broadcast"}}
2024/02/23 19:17:30 Received {n2 n1 {"message":47,"msg_id":17,"type":"broadcast"}}
2024/02/23 19:17:30 Received {n0 n1 {"message":47,"msg_id":17,"type":"broadcast"}}
2024/02/23 19:17:30 Received {n0 n1 {"message":48,"msg_id":35,"type":"broadcast"}}
2024/02/23 19:17:30 Sent {"src":"n1","dest":"n0","body":{"in_reply_to":35,"type":"broadcast_ok"}}
2024/02/23 19:17:30 Sent {"src":"n1","dest":"n0","body":{"message":48,"msg_id":35,"type":"broadcast"}}
2024/02/23 19:17:30 Sent {"src":"n1","dest":"n2","body":{"message":48,"msg_id":35,"type":"broadcast"}}
2024/02/23 19:17:30 Sent {"src":"n1","dest":"n1","body":{"message":48,"msg_id":35,"type":"broadcast"}}
2024/02/23 19:17:30 Sent {"src":"n1","dest":"n4","body":{"message":48,"msg_id":35,"type":"broadcast"}}
2024/02/23 19:17:30 Sent {"src":"n1","dest":"n3","body":{"message":48,"msg_id":35,"type":"broadcast"}}
2024/02/23 19:17:30 Received {n2 n1 {"message":48,"msg_id":35,"type":"broadcast"}}
2024/02/23 19:17:30 Received {n1 n1 {"message":48,"msg_id":35,"type":"broadcast"}}
2024/02/23 19:17:30 Received {n4 n1 {"message":48,"msg_id":35,"type":"broadcast"}}
2024/02/23 19:17:30 Received {c14 n1 {"type":"broadcast","message":49,"msg_id":17}}
2024/02/23 19:17:30 Sent {"src":"n1","dest":"c14","body":{"in_reply_to":17,"type":"broadcast_ok"}}
2024/02/23 19:17:30 Sent {"src":"n1","dest":"n0","body":{"message":49,"msg_id":17,"type":"broadcast"}}
2024/02/23 19:17:30 Sent {"src":"n1","dest":"n1","body":{"message":49,"msg_id":17,"type":"broadcast"}}
2024/02/23 19:17:30 Sent {"src":"n1","dest":"n3","body":{"message":49,"msg_id":17,"type":"broadcast"}}
2024/02/23 19:17:30 Sent {"src":"n1","dest":"n4","body":{"message":49,"msg_id":17,"type":"broadcast"}}
2024/02/23 19:17:30 Sent {"src":"n1","dest":"n2","body":{"message":49,"msg_id":17,"type":"broadcast"}}
2024/02/23 19:17:30 Received {n1 n1 {"message":49,"msg_id":17,"type":"broadcast"}}
2024/02/23 19:17:30 Received {n0 n1 {"message":49,"msg_id":17,"type":"broadcast"}}
2024/02/23 19:17:30 Received {n0 n1 {"in_reply_to":17,"type":"broadcast_ok"}}
2024/02/23 19:17:30 Ignoring reply to 17 with no callback
2024/02/23 19:17:30 Received {n2 n1 {"in_reply_to":17,"type":"broadcast_ok"}}
2024/02/23 19:17:30 Ignoring reply to 17 with no callback
2024/02/23 19:17:30 Received {n4 n1 {"in_reply_to":17,"type":"broadcast_ok"}}
2024/02/23 19:17:30 Ignoring reply to 17 with no callback
2024/02/23 19:17:30 Received {n2 n1 {"message":49,"msg_id":17,"type":"broadcast"}}
2024/02/23 19:17:30 Received {n4 n1 {"message":49,"msg_id":17,"type":"broadcast"}}
2024/02/23 19:17:30 Received {n2 n1 {"message":50,"msg_id":18,"type":"broadcast"}}
2024/02/23 19:17:30 Sent {"src":"n1","dest":"n2","body":{"in_reply_to":18,"type":"broadcast_ok"}}
2024/02/23 19:17:30 Sent {"src":"n1","dest":"n1","body":{"message":50,"msg_id":18,"type":"broadcast"}}
2024/02/23 19:17:30 Sent {"src":"n1","dest":"n0","body":{"message":50,"msg_id":18,"type":"broadcast"}}
2024/02/23 19:17:30 Sent {"src":"n1","dest":"n3","body":{"message":50,"msg_id":18,"type":"broadcast"}}
2024/02/23 19:17:30 Sent {"src":"n1","dest":"n4","body":{"message":50,"msg_id":18,"type":"broadcast"}}
2024/02/23 19:17:30 Sent {"src":"n1","dest":"n2","body":{"message":50,"msg_id":18,"type":"broadcast"}}
2024/02/23 19:17:30 Received {n1 n1 {"message":50,"msg_id":18,"type":"broadcast"}}
2024/02/23 19:17:30 Received {n0 n1 {"message":50,"msg_id":18,"type":"broadcast"}}
2024/02/23 19:17:30 Received {n4 n1 {"message":50,"msg_id":18,"type":"broadcast"}}
2024/02/23 19:17:30 Received {n0 n1 {"message":52,"msg_id":36,"type":"broadcast"}}
2024/02/23 19:17:30 Sent {"src":"n1","dest":"n0","body":{"in_reply_to":36,"type":"broadcast_ok"}}
2024/02/23 19:17:30 Sent {"src":"n1","dest":"n4","body":{"message":52,"msg_id":36,"type":"broadcast"}}
2024/02/23 19:17:30 Sent {"src":"n1","dest":"n1","body":{"message":52,"msg_id":36,"type":"broadcast"}}
2024/02/23 19:17:30 Sent {"src":"n1","dest":"n3","body":{"message":52,"msg_id":36,"type":"broadcast"}}
2024/02/23 19:17:30 Sent {"src":"n1","dest":"n2","body":{"message":52,"msg_id":36,"type":"broadcast"}}
2024/02/23 19:17:30 Sent {"src":"n1","dest":"n0","body":{"message":52,"msg_id":36,"type":"broadcast"}}
2024/02/23 19:17:30 Received {n1 n1 {"message":52,"msg_id":36,"type":"broadcast"}}
2024/02/23 19:17:30 Received {n4 n1 {"message":52,"msg_id":36,"type":"broadcast"}}
2024/02/23 19:17:30 Received {n2 n1 {"message":52,"msg_id":36,"type":"broadcast"}}
2024/02/23 19:17:30 Received {n0 n1 {"message":53,"msg_id":37,"type":"broadcast"}}
2024/02/23 19:17:30 Sent {"src":"n1","dest":"n1","body":{"message":53,"msg_id":37,"type":"broadcast"}}
2024/02/23 19:17:30 Sent {"src":"n1","dest":"n2","body":{"message":53,"msg_id":37,"type":"broadcast"}}
2024/02/23 19:17:30 Sent {"src":"n1","dest":"n0","body":{"message":53,"msg_id":37,"type":"broadcast"}}
2024/02/23 19:17:30 Sent {"src":"n1","dest":"n0","body":{"in_reply_to":37,"type":"broadcast_ok"}}
2024/02/23 19:17:30 Sent {"src":"n1","dest":"n4","body":{"message":53,"msg_id":37,"type":"broadcast"}}
2024/02/23 19:17:30 Sent {"src":"n1","dest":"n3","body":{"message":53,"msg_id":37,"type":"broadcast"}}
2024/02/23 19:17:30 Received {n4 n1 {"message":53,"msg_id":37,"type":"broadcast"}}
2024/02/23 19:17:30 Received {n1 n1 {"message":53,"msg_id":37,"type":"broadcast"}}
2024/02/23 19:17:30 Received {n2 n1 {"message":53,"msg_id":37,"type":"broadcast"}}
2024/02/23 19:17:30 Received {c14 n1 {"type":"read","msg_id":18}}
2024/02/23 19:17:30 Sent {"src":"n1","dest":"c14","body":{"in_reply_to":18,"messages":[0,0,0,0,0,0,0,0,0,0,0,0,0,0,0,0,0,0,0,0,0,0,0,0,0,0,0,0,0,0,0,0,0,0,0,0,0,0,0,0,0,0,0,0,16,26,43,50,2,11,29,47,49,3,18,32,48,24,34,36,44,8,20,15,25,7,10,22,35,41,45,1,14,12,17,19,21,53,5,6,33,37,38,39,40,52,27,31],"type":"read_ok"}}
2024/02/23 19:17:30 Received {n4 n1 {"message":55,"msg_id":19,"type":"broadcast"}}
2024/02/23 19:17:30 Sent {"src":"n1","dest":"n4","body":{"in_reply_to":19,"type":"broadcast_ok"}}
2024/02/23 19:17:30 Sent {"src":"n1","dest":"n0","body":{"message":55,"msg_id":19,"type":"broadcast"}}
2024/02/23 19:17:30 Sent {"src":"n1","dest":"n3","body":{"message":55,"msg_id":19,"type":"broadcast"}}
2024/02/23 19:17:30 Sent {"src":"n1","dest":"n1","body":{"message":55,"msg_id":19,"type":"broadcast"}}
2024/02/23 19:17:30 Sent {"src":"n1","dest":"n2","body":{"message":55,"msg_id":19,"type":"broadcast"}}
2024/02/23 19:17:30 Sent {"src":"n1","dest":"n4","body":{"message":55,"msg_id":19,"type":"broadcast"}}
2024/02/23 19:17:30 Received {n0 n1 {"message":55,"msg_id":19,"type":"broadcast"}}
2024/02/23 19:17:30 Received {n2 n1 {"message":55,"msg_id":19,"type":"broadcast"}}
2024/02/23 19:17:30 Received {n1 n1 {"message":55,"msg_id":19,"type":"broadcast"}}
2024/02/23 19:17:31 Received {n0 n1 {"message":56,"msg_id":38,"type":"broadcast"}}
2024/02/23 19:17:31 Sent {"src":"n1","dest":"n1","body":{"message":56,"msg_id":38,"type":"broadcast"}}
2024/02/23 19:17:31 Sent {"src":"n1","dest":"n2","body":{"message":56,"msg_id":38,"type":"broadcast"}}
2024/02/23 19:17:31 Sent {"src":"n1","dest":"n3","body":{"message":56,"msg_id":38,"type":"broadcast"}}
2024/02/23 19:17:31 Sent {"src":"n1","dest":"n4","body":{"message":56,"msg_id":38,"type":"broadcast"}}
2024/02/23 19:17:31 Sent {"src":"n1","dest":"n0","body":{"in_reply_to":38,"type":"broadcast_ok"}}
2024/02/23 19:17:31 Sent {"src":"n1","dest":"n0","body":{"message":56,"msg_id":38,"type":"broadcast"}}
2024/02/23 19:17:31 Received {n1 n1 {"message":56,"msg_id":38,"type":"broadcast"}}
2024/02/23 19:17:31 Received {n2 n1 {"message":56,"msg_id":38,"type":"broadcast"}}
2024/02/23 19:17:31 Received {n4 n1 {"message":56,"msg_id":38,"type":"broadcast"}}
2024/02/23 19:17:31 Received {n0 n1 {"message":57,"msg_id":39,"type":"broadcast"}}
2024/02/23 19:17:31 Sent {"src":"n1","dest":"n0","body":{"in_reply_to":39,"type":"broadcast_ok"}}
2024/02/23 19:17:31 Received {n4 n1 {"message":57,"msg_id":39,"type":"broadcast"}}
2024/02/23 19:17:31 Sent {"src":"n1","dest":"n4","body":{"message":57,"msg_id":39,"type":"broadcast"}}
2024/02/23 19:17:31 Sent {"src":"n1","dest":"n2","body":{"message":57,"msg_id":39,"type":"broadcast"}}
2024/02/23 19:17:31 Sent {"src":"n1","dest":"n0","body":{"message":57,"msg_id":39,"type":"broadcast"}}
2024/02/23 19:17:31 Sent {"src":"n1","dest":"n1","body":{"message":57,"msg_id":39,"type":"broadcast"}}
2024/02/23 19:17:31 Sent {"src":"n1","dest":"n3","body":{"message":57,"msg_id":39,"type":"broadcast"}}
2024/02/23 19:17:31 Received {n2 n1 {"message":57,"msg_id":39,"type":"broadcast"}}
2024/02/23 19:17:31 Received {n1 n1 {"message":57,"msg_id":39,"type":"broadcast"}}
2024/02/23 19:17:31 Received {c14 n1 {"type":"read","msg_id":19}}
2024/02/23 19:17:31 Sent {"src":"n1","dest":"c14","body":{"in_reply_to":19,"messages":[0,0,0,0,0,0,0,0,0,0,0,0,0,0,0,0,0,0,0,0,0,0,0,0,0,0,0,0,0,0,0,0,0,0,0,0,0,0,0,0,0,0,0,0,0,0,0,12,17,19,21,53,5,6,33,37,38,39,40,52,27,31,16,26,43,50,2,11,29,47,49,3,18,32,48,24,34,36,44,57,8,20,15,25,55,56,7,10,22,35,41,45,1,14],"type":"read_ok"}}
2024/02/23 19:17:31 Received {n2 n1 {"message":58,"msg_id":20,"type":"broadcast"}}
2024/02/23 19:17:31 Sent {"src":"n1","dest":"n2","body":{"in_reply_to":20,"type":"broadcast_ok"}}
2024/02/23 19:17:31 Sent {"src":"n1","dest":"n3","body":{"message":58,"msg_id":20,"type":"broadcast"}}
2024/02/23 19:17:31 Sent {"src":"n1","dest":"n4","body":{"message":58,"msg_id":20,"type":"broadcast"}}
2024/02/23 19:17:31 Sent {"src":"n1","dest":"n1","body":{"message":58,"msg_id":20,"type":"broadcast"}}
2024/02/23 19:17:31 Sent {"src":"n1","dest":"n2","body":{"message":58,"msg_id":20,"type":"broadcast"}}
2024/02/23 19:17:31 Sent {"src":"n1","dest":"n0","body":{"message":58,"msg_id":20,"type":"broadcast"}}
2024/02/23 19:17:31 Received {n4 n1 {"message":58,"msg_id":20,"type":"broadcast"}}
2024/02/23 19:17:31 Received {n1 n1 {"message":58,"msg_id":20,"type":"broadcast"}}
2024/02/23 19:17:31 Received {n0 n1 {"message":58,"msg_id":20,"type":"broadcast"}}
2024/02/23 19:17:31 Received {n4 n1 {"message":59,"msg_id":20,"type":"broadcast"}}
2024/02/23 19:17:31 Sent {"src":"n1","dest":"n4","body":{"in_reply_to":20,"type":"broadcast_ok"}}
2024/02/23 19:17:31 Sent {"src":"n1","dest":"n1","body":{"message":59,"msg_id":20,"type":"broadcast"}}
2024/02/23 19:17:31 Sent {"src":"n1","dest":"n2","body":{"message":59,"msg_id":20,"type":"broadcast"}}
2024/02/23 19:17:31 Sent {"src":"n1","dest":"n0","body":{"message":59,"msg_id":20,"type":"broadcast"}}
2024/02/23 19:17:31 Sent {"src":"n1","dest":"n4","body":{"message":59,"msg_id":20,"type":"broadcast"}}
2024/02/23 19:17:31 Sent {"src":"n1","dest":"n3","body":{"message":59,"msg_id":20,"type":"broadcast"}}
2024/02/23 19:17:31 Received {n1 n1 {"message":59,"msg_id":20,"type":"broadcast"}}
2024/02/23 19:17:31 Received {n2 n1 {"message":59,"msg_id":20,"type":"broadcast"}}
2024/02/23 19:17:31 Received {n0 n1 {"message":59,"msg_id":20,"type":"broadcast"}}
2024/02/23 19:17:31 Received {c14 n1 {"type":"broadcast","message":60,"msg_id":20}}
2024/02/23 19:17:31 Sent {"src":"n1","dest":"c14","body":{"in_reply_to":20,"type":"broadcast_ok"}}
2024/02/23 19:17:31 Sent {"src":"n1","dest":"n1","body":{"message":60,"msg_id":20,"type":"broadcast"}}
2024/02/23 19:17:31 Sent {"src":"n1","dest":"n0","body":{"message":60,"msg_id":20,"type":"broadcast"}}
2024/02/23 19:17:31 Sent {"src":"n1","dest":"n3","body":{"message":60,"msg_id":20,"type":"broadcast"}}
2024/02/23 19:17:31 Sent {"src":"n1","dest":"n4","body":{"message":60,"msg_id":20,"type":"broadcast"}}
2024/02/23 19:17:31 Sent {"src":"n1","dest":"n2","body":{"message":60,"msg_id":20,"type":"broadcast"}}
2024/02/23 19:17:31 Received {n1 n1 {"message":60,"msg_id":20,"type":"broadcast"}}
2024/02/23 19:17:31 Received {n0 n1 {"in_reply_to":20,"type":"broadcast_ok"}}
2024/02/23 19:17:31 Ignoring reply to 20 with no callback
2024/02/23 19:17:31 Received {n0 n1 {"message":60,"msg_id":20,"type":"broadcast"}}
2024/02/23 19:17:31 Received {n4 n1 {"in_reply_to":20,"type":"broadcast_ok"}}
2024/02/23 19:17:31 Ignoring reply to 20 with no callback
2024/02/23 19:17:31 Received {n4 n1 {"message":60,"msg_id":20,"type":"broadcast"}}
2024/02/23 19:17:31 Received {n2 n1 {"in_reply_to":20,"type":"broadcast_ok"}}
2024/02/23 19:17:31 Ignoring reply to 20 with no callback
2024/02/23 19:17:31 Received {n2 n1 {"message":60,"msg_id":20,"type":"broadcast"}}
2024/02/23 19:17:32 Received {n0 n1 {"message":61,"msg_id":42,"type":"broadcast"}}
2024/02/23 19:17:32 Sent {"src":"n1","dest":"n0","body":{"in_reply_to":42,"type":"broadcast_ok"}}
2024/02/23 19:17:32 Sent {"src":"n1","dest":"n2","body":{"message":61,"msg_id":42,"type":"broadcast"}}
2024/02/23 19:17:32 Sent {"src":"n1","dest":"n3","body":{"message":61,"msg_id":42,"type":"broadcast"}}
2024/02/23 19:17:32 Sent {"src":"n1","dest":"n0","body":{"message":61,"msg_id":42,"type":"broadcast"}}
2024/02/23 19:17:32 Sent {"src":"n1","dest":"n1","body":{"message":61,"msg_id":42,"type":"broadcast"}}
2024/02/23 19:17:32 Sent {"src":"n1","dest":"n4","body":{"message":61,"msg_id":42,"type":"broadcast"}}
2024/02/23 19:17:32 Received {n4 n1 {"message":61,"msg_id":42,"type":"broadcast"}}
2024/02/23 19:17:32 Received {n1 n1 {"message":61,"msg_id":42,"type":"broadcast"}}
2024/02/23 19:17:32 Received {n2 n1 {"message":61,"msg_id":42,"type":"broadcast"}}
2024/02/23 19:17:32 Received {n0 n1 {"message":62,"msg_id":43,"type":"broadcast"}}
2024/02/23 19:17:32 Sent {"src":"n1","dest":"n0","body":{"in_reply_to":43,"type":"broadcast_ok"}}
2024/02/23 19:17:32 Sent {"src":"n1","dest":"n1","body":{"message":62,"msg_id":43,"type":"broadcast"}}
2024/02/23 19:17:32 Sent {"src":"n1","dest":"n4","body":{"message":62,"msg_id":43,"type":"broadcast"}}
2024/02/23 19:17:32 Sent {"src":"n1","dest":"n2","body":{"message":62,"msg_id":43,"type":"broadcast"}}
2024/02/23 19:17:32 Sent {"src":"n1","dest":"n3","body":{"message":62,"msg_id":43,"type":"broadcast"}}
2024/02/23 19:17:32 Sent {"src":"n1","dest":"n0","body":{"message":62,"msg_id":43,"type":"broadcast"}}
2024/02/23 19:17:32 Received {n4 n1 {"message":62,"msg_id":43,"type":"broadcast"}}
2024/02/23 19:17:32 Received {n1 n1 {"message":62,"msg_id":43,"type":"broadcast"}}
2024/02/23 19:17:32 Received {n2 n1 {"message":62,"msg_id":43,"type":"broadcast"}}
2024/02/23 19:17:32 Received {c14 n1 {"type":"broadcast","message":63,"msg_id":21}}
2024/02/23 19:17:32 Sent {"src":"n1","dest":"n1","body":{"message":63,"msg_id":21,"type":"broadcast"}}
2024/02/23 19:17:32 Sent {"src":"n1","dest":"c14","body":{"in_reply_to":21,"type":"broadcast_ok"}}
2024/02/23 19:17:32 Sent {"src":"n1","dest":"n3","body":{"message":63,"msg_id":21,"type":"broadcast"}}
2024/02/23 19:17:32 Sent {"src":"n1","dest":"n4","body":{"message":63,"msg_id":21,"type":"broadcast"}}
2024/02/23 19:17:32 Sent {"src":"n1","dest":"n2","body":{"message":63,"msg_id":21,"type":"broadcast"}}
2024/02/23 19:17:32 Sent {"src":"n1","dest":"n0","body":{"message":63,"msg_id":21,"type":"broadcast"}}
2024/02/23 19:17:32 Received {n1 n1 {"message":63,"msg_id":21,"type":"broadcast"}}
2024/02/23 19:17:32 Received {n2 n1 {"in_reply_to":21,"type":"broadcast_ok"}}
2024/02/23 19:17:32 Ignoring reply to 21 with no callback
2024/02/23 19:17:32 Received {n4 n1 {"message":63,"msg_id":21,"type":"broadcast"}}
2024/02/23 19:17:32 Received {n0 n1 {"message":63,"msg_id":21,"type":"broadcast"}}
2024/02/23 19:17:32 Received {n2 n1 {"message":63,"msg_id":21,"type":"broadcast"}}
2024/02/23 19:17:32 Received {n0 n1 {"in_reply_to":21,"type":"broadcast_ok"}}
2024/02/23 19:17:32 Ignoring reply to 21 with no callback
2024/02/23 19:17:32 Received {n4 n1 {"in_reply_to":21,"type":"broadcast_ok"}}
2024/02/23 19:17:32 Ignoring reply to 21 with no callback
2024/02/23 19:17:32 Received {n2 n1 {"message":64,"msg_id":22,"type":"broadcast"}}
2024/02/23 19:17:32 Sent {"src":"n1","dest":"n2","body":{"in_reply_to":22,"type":"broadcast_ok"}}
2024/02/23 19:17:32 Sent {"src":"n1","dest":"n1","body":{"message":64,"msg_id":22,"type":"broadcast"}}
2024/02/23 19:17:32 Sent {"src":"n1","dest":"n3","body":{"message":64,"msg_id":22,"type":"broadcast"}}
2024/02/23 19:17:32 Sent {"src":"n1","dest":"n0","body":{"message":64,"msg_id":22,"type":"broadcast"}}
2024/02/23 19:17:32 Sent {"src":"n1","dest":"n4","body":{"message":64,"msg_id":22,"type":"broadcast"}}
2024/02/23 19:17:32 Sent {"src":"n1","dest":"n2","body":{"message":64,"msg_id":22,"type":"broadcast"}}
2024/02/23 19:17:32 Received {n1 n1 {"message":64,"msg_id":22,"type":"broadcast"}}
2024/02/23 19:17:32 Received {n4 n1 {"message":64,"msg_id":22,"type":"broadcast"}}
2024/02/23 19:17:32 Received {n0 n1 {"message":64,"msg_id":22,"type":"broadcast"}}
2024/02/23 19:17:32 Received {n4 n1 {"message":66,"msg_id":22,"type":"broadcast"}}
2024/02/23 19:17:32 Sent {"src":"n1","dest":"n4","body":{"in_reply_to":22,"type":"broadcast_ok"}}
2024/02/23 19:17:32 Sent {"src":"n1","dest":"n4","body":{"message":66,"msg_id":22,"type":"broadcast"}}
2024/02/23 19:17:32 Sent {"src":"n1","dest":"n0","body":{"message":66,"msg_id":22,"type":"broadcast"}}
2024/02/23 19:17:32 Sent {"src":"n1","dest":"n2","body":{"message":66,"msg_id":22,"type":"broadcast"}}
2024/02/23 19:17:32 Sent {"src":"n1","dest":"n3","body":{"message":66,"msg_id":22,"type":"broadcast"}}
2024/02/23 19:17:32 Sent {"src":"n1","dest":"n1","body":{"message":66,"msg_id":22,"type":"broadcast"}}
2024/02/23 19:17:32 Received {n0 n1 {"message":66,"msg_id":22,"type":"broadcast"}}
2024/02/23 19:17:32 Received {n2 n1 {"message":66,"msg_id":22,"type":"broadcast"}}
2024/02/23 19:17:32 Received {n1 n1 {"message":66,"msg_id":22,"type":"broadcast"}}
2024/02/23 19:17:33 Received {n0 n1 {"message":67,"msg_id":45,"type":"broadcast"}}
2024/02/23 19:17:33 Sent {"src":"n1","dest":"n0","body":{"in_reply_to":45,"type":"broadcast_ok"}}
2024/02/23 19:17:33 Sent {"src":"n1","dest":"n4","body":{"message":67,"msg_id":45,"type":"broadcast"}}
2024/02/23 19:17:33 Sent {"src":"n1","dest":"n1","body":{"message":67,"msg_id":45,"type":"broadcast"}}
2024/02/23 19:17:33 Sent {"src":"n1","dest":"n2","body":{"message":67,"msg_id":45,"type":"broadcast"}}
2024/02/23 19:17:33 Sent {"src":"n1","dest":"n3","body":{"message":67,"msg_id":45,"type":"broadcast"}}
2024/02/23 19:17:33 Sent {"src":"n1","dest":"n0","body":{"message":67,"msg_id":45,"type":"broadcast"}}
2024/02/23 19:17:33 Received {n4 n1 {"message":67,"msg_id":45,"type":"broadcast"}}
2024/02/23 19:17:33 Received {n1 n1 {"message":67,"msg_id":45,"type":"broadcast"}}
2024/02/23 19:17:33 Received {n2 n1 {"message":67,"msg_id":45,"type":"broadcast"}}
2024/02/23 19:17:33 Received {c14 n1 {"type":"broadcast","message":68,"msg_id":22}}
2024/02/23 19:17:33 Sent {"src":"n1","dest":"c14","body":{"in_reply_to":22,"type":"broadcast_ok"}}
2024/02/23 19:17:33 Sent {"src":"n1","dest":"n4","body":{"message":68,"msg_id":22,"type":"broadcast"}}
2024/02/23 19:17:33 Sent {"src":"n1","dest":"n0","body":{"message":68,"msg_id":22,"type":"broadcast"}}
2024/02/23 19:17:33 Sent {"src":"n1","dest":"n3","body":{"message":68,"msg_id":22,"type":"broadcast"}}
2024/02/23 19:17:33 Sent {"src":"n1","dest":"n2","body":{"message":68,"msg_id":22,"type":"broadcast"}}
2024/02/23 19:17:33 Sent {"src":"n1","dest":"n1","body":{"message":68,"msg_id":22,"type":"broadcast"}}
2024/02/23 19:17:33 Received {n1 n1 {"message":68,"msg_id":22,"type":"broadcast"}}
2024/02/23 19:17:33 Received {n4 n1 {"in_reply_to":22,"type":"broadcast_ok"}}
2024/02/23 19:17:33 Ignoring reply to 22 with no callback
2024/02/23 19:17:33 Received {n0 n1 {"in_reply_to":22,"type":"broadcast_ok"}}
2024/02/23 19:17:33 Ignoring reply to 22 with no callback
2024/02/23 19:17:33 Received {n2 n1 {"in_reply_to":22,"type":"broadcast_ok"}}
2024/02/23 19:17:33 Ignoring reply to 22 with no callback
2024/02/23 19:17:33 Received {n0 n1 {"message":68,"msg_id":22,"type":"broadcast"}}
2024/02/23 19:17:33 Received {n4 n1 {"message":68,"msg_id":22,"type":"broadcast"}}
2024/02/23 19:17:33 Received {n2 n1 {"message":68,"msg_id":22,"type":"broadcast"}}
2024/02/23 19:17:33 Received {n2 n1 {"message":69,"msg_id":23,"type":"broadcast"}}
2024/02/23 19:17:33 Sent {"src":"n1","dest":"n1","body":{"message":69,"msg_id":23,"type":"broadcast"}}
2024/02/23 19:17:33 Sent {"src":"n1","dest":"n0","body":{"message":69,"msg_id":23,"type":"broadcast"}}
2024/02/23 19:17:33 Sent {"src":"n1","dest":"n2","body":{"in_reply_to":23,"type":"broadcast_ok"}}
2024/02/23 19:17:33 Sent {"src":"n1","dest":"n4","body":{"message":69,"msg_id":23,"type":"broadcast"}}
2024/02/23 19:17:33 Sent {"src":"n1","dest":"n2","body":{"message":69,"msg_id":23,"type":"broadcast"}}
2024/02/23 19:17:33 Sent {"src":"n1","dest":"n3","body":{"message":69,"msg_id":23,"type":"broadcast"}}
2024/02/23 19:17:33 Received {n1 n1 {"message":69,"msg_id":23,"type":"broadcast"}}
2024/02/23 19:17:33 Received {n4 n1 {"message":69,"msg_id":23,"type":"broadcast"}}
2024/02/23 19:17:33 Received {n0 n1 {"message":69,"msg_id":23,"type":"broadcast"}}
2024/02/23 19:17:33 Received {n0 n1 {"message":71,"msg_id":46,"type":"broadcast"}}
2024/02/23 19:17:33 Sent {"src":"n1","dest":"n1","body":{"message":71,"msg_id":46,"type":"broadcast"}}
2024/02/23 19:17:33 Sent {"src":"n1","dest":"n0","body":{"in_reply_to":46,"type":"broadcast_ok"}}
2024/02/23 19:17:33 Sent {"src":"n1","dest":"n4","body":{"message":71,"msg_id":46,"type":"broadcast"}}
2024/02/23 19:17:33 Sent {"src":"n1","dest":"n0","body":{"message":71,"msg_id":46,"type":"broadcast"}}
2024/02/23 19:17:33 Sent {"src":"n1","dest":"n2","body":{"message":71,"msg_id":46,"type":"broadcast"}}
2024/02/23 19:17:33 Sent {"src":"n1","dest":"n3","body":{"message":71,"msg_id":46,"type":"broadcast"}}
2024/02/23 19:17:33 Received {n1 n1 {"message":71,"msg_id":46,"type":"broadcast"}}
2024/02/23 19:17:33 Received {n4 n1 {"message":71,"msg_id":46,"type":"broadcast"}}
2024/02/23 19:17:33 Received {n2 n1 {"message":71,"msg_id":46,"type":"broadcast"}}
2024/02/23 19:17:33 Received {n0 n1 {"message":72,"msg_id":47,"type":"broadcast"}}
2024/02/23 19:17:33 Sent {"src":"n1","dest":"n0","body":{"in_reply_to":47,"type":"broadcast_ok"}}
2024/02/23 19:17:33 Sent {"src":"n1","dest":"n4","body":{"message":72,"msg_id":47,"type":"broadcast"}}
2024/02/23 19:17:33 Sent {"src":"n1","dest":"n0","body":{"message":72,"msg_id":47,"type":"broadcast"}}
2024/02/23 19:17:33 Sent {"src":"n1","dest":"n1","body":{"message":72,"msg_id":47,"type":"broadcast"}}
2024/02/23 19:17:33 Sent {"src":"n1","dest":"n2","body":{"message":72,"msg_id":47,"type":"broadcast"}}
2024/02/23 19:17:33 Sent {"src":"n1","dest":"n3","body":{"message":72,"msg_id":47,"type":"broadcast"}}
2024/02/23 19:17:33 Received {n2 n1 {"message":72,"msg_id":47,"type":"broadcast"}}
2024/02/23 19:17:33 Received {n1 n1 {"message":72,"msg_id":47,"type":"broadcast"}}
2024/02/23 19:17:33 Received {n4 n1 {"message":72,"msg_id":47,"type":"broadcast"}}
2024/02/23 19:17:33 Received {c14 n1 {"type":"broadcast","message":73,"msg_id":23}}
2024/02/23 19:17:33 Sent {"src":"n1","dest":"c14","body":{"in_reply_to":23,"type":"broadcast_ok"}}
2024/02/23 19:17:33 Sent {"src":"n1","dest":"n4","body":{"message":73,"msg_id":23,"type":"broadcast"}}
2024/02/23 19:17:33 Sent {"src":"n1","dest":"n1","body":{"message":73,"msg_id":23,"type":"broadcast"}}
2024/02/23 19:17:33 Sent {"src":"n1","dest":"n2","body":{"message":73,"msg_id":23,"type":"broadcast"}}
2024/02/23 19:17:33 Sent {"src":"n1","dest":"n3","body":{"message":73,"msg_id":23,"type":"broadcast"}}
2024/02/23 19:17:33 Sent {"src":"n1","dest":"n0","body":{"message":73,"msg_id":23,"type":"broadcast"}}
2024/02/23 19:17:33 Received {n1 n1 {"message":73,"msg_id":23,"type":"broadcast"}}
2024/02/23 19:17:33 Received {n4 n1 {"in_reply_to":23,"type":"broadcast_ok"}}
2024/02/23 19:17:33 Ignoring reply to 23 with no callback
2024/02/23 19:17:33 Received {n4 n1 {"message":73,"msg_id":23,"type":"broadcast"}}
2024/02/23 19:17:33 Received {n2 n1 {"in_reply_to":23,"type":"broadcast_ok"}}
2024/02/23 19:17:33 Ignoring reply to 23 with no callback
2024/02/23 19:17:33 Received {n2 n1 {"message":73,"msg_id":23,"type":"broadcast"}}
2024/02/23 19:17:33 Received {n0 n1 {"in_reply_to":23,"type":"broadcast_ok"}}
2024/02/23 19:17:33 Ignoring reply to 23 with no callback
2024/02/23 19:17:33 Received {n0 n1 {"message":73,"msg_id":23,"type":"broadcast"}}
2024/02/23 19:17:34 Received {n0 n1 {"message":75,"msg_id":48,"type":"broadcast"}}
2024/02/23 19:17:34 Sent {"src":"n1","dest":"n0","body":{"in_reply_to":48,"type":"broadcast_ok"}}
2024/02/23 19:17:34 Sent {"src":"n1","dest":"n0","body":{"message":75,"msg_id":48,"type":"broadcast"}}
2024/02/23 19:17:34 Sent {"src":"n1","dest":"n1","body":{"message":75,"msg_id":48,"type":"broadcast"}}
2024/02/23 19:17:34 Sent {"src":"n1","dest":"n3","body":{"message":75,"msg_id":48,"type":"broadcast"}}
2024/02/23 19:17:34 Sent {"src":"n1","dest":"n4","body":{"message":75,"msg_id":48,"type":"broadcast"}}
2024/02/23 19:17:34 Sent {"src":"n1","dest":"n2","body":{"message":75,"msg_id":48,"type":"broadcast"}}
2024/02/23 19:17:34 Received {n4 n1 {"message":75,"msg_id":48,"type":"broadcast"}}
2024/02/23 19:17:34 Received {n1 n1 {"message":75,"msg_id":48,"type":"broadcast"}}
2024/02/23 19:17:34 Received {n2 n1 {"message":75,"msg_id":48,"type":"broadcast"}}
2024/02/23 19:17:34 Received {c14 n1 {"type":"broadcast","message":76,"msg_id":24}}
2024/02/23 19:17:34 Sent {"src":"n1","dest":"c14","body":{"in_reply_to":24,"type":"broadcast_ok"}}
2024/02/23 19:17:34 Sent {"src":"n1","dest":"n1","body":{"message":76,"msg_id":24,"type":"broadcast"}}
2024/02/23 19:17:34 Sent {"src":"n1","dest":"n2","body":{"message":76,"msg_id":24,"type":"broadcast"}}
2024/02/23 19:17:34 Sent {"src":"n1","dest":"n4","body":{"message":76,"msg_id":24,"type":"broadcast"}}
2024/02/23 19:17:34 Sent {"src":"n1","dest":"n0","body":{"message":76,"msg_id":24,"type":"broadcast"}}
2024/02/23 19:17:34 Sent {"src":"n1","dest":"n3","body":{"message":76,"msg_id":24,"type":"broadcast"}}
2024/02/23 19:17:34 Received {n1 n1 {"message":76,"msg_id":24,"type":"broadcast"}}
2024/02/23 19:17:34 Received {n4 n1 {"in_reply_to":24,"type":"broadcast_ok"}}
2024/02/23 19:17:34 Ignoring reply to 24 with no callback
2024/02/23 19:17:34 Received {n2 n1 {"message":76,"msg_id":24,"type":"broadcast"}}
2024/02/23 19:17:34 Received {n4 n1 {"message":76,"msg_id":24,"type":"broadcast"}}
2024/02/23 19:17:34 Received {n0 n1 {"in_reply_to":24,"type":"broadcast_ok"}}
2024/02/23 19:17:34 Ignoring reply to 24 with no callback
2024/02/23 19:17:34 Received {n2 n1 {"in_reply_to":24,"type":"broadcast_ok"}}
2024/02/23 19:17:34 Ignoring reply to 24 with no callback
2024/02/23 19:17:34 Received {n0 n1 {"message":76,"msg_id":24,"type":"broadcast"}}
2024/02/23 19:17:34 Received {n2 n1 {"message":77,"msg_id":25,"type":"broadcast"}}
2024/02/23 19:17:34 Sent {"src":"n1","dest":"n2","body":{"in_reply_to":25,"type":"broadcast_ok"}}
2024/02/23 19:17:34 Sent {"src":"n1","dest":"n4","body":{"message":77,"msg_id":25,"type":"broadcast"}}
2024/02/23 19:17:34 Sent {"src":"n1","dest":"n2","body":{"message":77,"msg_id":25,"type":"broadcast"}}
2024/02/23 19:17:34 Sent {"src":"n1","dest":"n1","body":{"message":77,"msg_id":25,"type":"broadcast"}}
2024/02/23 19:17:34 Sent {"src":"n1","dest":"n0","body":{"message":77,"msg_id":25,"type":"broadcast"}}
2024/02/23 19:17:34 Sent {"src":"n1","dest":"n3","body":{"message":77,"msg_id":25,"type":"broadcast"}}
2024/02/23 19:17:34 Received {n4 n1 {"message":77,"msg_id":25,"type":"broadcast"}}
2024/02/23 19:17:34 Received {n1 n1 {"message":77,"msg_id":25,"type":"broadcast"}}
2024/02/23 19:17:34 Received {n0 n1 {"message":77,"msg_id":25,"type":"broadcast"}}
2024/02/23 19:17:34 Received {n4 n1 {"message":79,"msg_id":25,"type":"broadcast"}}
2024/02/23 19:17:34 Sent {"src":"n1","dest":"n4","body":{"in_reply_to":25,"type":"broadcast_ok"}}
2024/02/23 19:17:34 Sent {"src":"n1","dest":"n0","body":{"message":79,"msg_id":25,"type":"broadcast"}}
2024/02/23 19:17:34 Sent {"src":"n1","dest":"n3","body":{"message":79,"msg_id":25,"type":"broadcast"}}
2024/02/23 19:17:34 Sent {"src":"n1","dest":"n1","body":{"message":79,"msg_id":25,"type":"broadcast"}}
2024/02/23 19:17:34 Sent {"src":"n1","dest":"n2","body":{"message":79,"msg_id":25,"type":"broadcast"}}
2024/02/23 19:17:34 Sent {"src":"n1","dest":"n4","body":{"message":79,"msg_id":25,"type":"broadcast"}}
2024/02/23 19:17:34 Received {n1 n1 {"message":79,"msg_id":25,"type":"broadcast"}}
2024/02/23 19:17:34 Received {n0 n1 {"message":79,"msg_id":25,"type":"broadcast"}}
2024/02/23 19:17:34 Received {n2 n1 {"message":79,"msg_id":25,"type":"broadcast"}}
2024/02/23 19:17:34 Received {n0 n1 {"message":80,"msg_id":50,"type":"broadcast"}}
2024/02/23 19:17:34 Sent {"src":"n1","dest":"n1","body":{"message":80,"msg_id":50,"type":"broadcast"}}
2024/02/23 19:17:34 Sent {"src":"n1","dest":"n0","body":{"in_reply_to":50,"type":"broadcast_ok"}}
2024/02/23 19:17:34 Sent {"src":"n1","dest":"n2","body":{"message":80,"msg_id":50,"type":"broadcast"}}
2024/02/23 19:17:34 Sent {"src":"n1","dest":"n0","body":{"message":80,"msg_id":50,"type":"broadcast"}}
2024/02/23 19:17:34 Sent {"src":"n1","dest":"n4","body":{"message":80,"msg_id":50,"type":"broadcast"}}
2024/02/23 19:17:34 Sent {"src":"n1","dest":"n3","body":{"message":80,"msg_id":50,"type":"broadcast"}}
2024/02/23 19:17:34 Received {n1 n1 {"message":80,"msg_id":50,"type":"broadcast"}}
2024/02/23 19:17:34 Received {n4 n1 {"message":80,"msg_id":50,"type":"broadcast"}}
2024/02/23 19:17:34 Received {n2 n1 {"message":80,"msg_id":50,"type":"broadcast"}}
2024/02/23 19:17:34 Received {c14 n1 {"type":"read","msg_id":25}}
2024/02/23 19:17:34 Sent {"src":"n1","dest":"c14","body":{"in_reply_to":25,"messages":[0,0,0,0,0,0,0,0,0,0,0,0,0,0,0,0,0,0,0,0,0,0,0,0,0,0,0,0,0,0,0,0,0,0,0,0,0,0,0,0,0,0,0,0,0,0,0,0,0,0,0,0,0,0,0,0,0,0,0,0,0,0,0,0,0,0,18,29,49,32,61,72,76,24,34,44,57,64,71,7,10,25,56,59,1,14,22,35,41,69,73,5,17,19,53,58,67,27,31,33,38,39,40,52,62,2,16,3,47,48,77,8,20,36,80,15,55,60,75,45,66,6,12,21,63,79,37,68,11,26,43,50],"type":"read_ok"}}
2024/02/23 19:17:35 Received {n4 n1 {"message":81,"msg_id":26,"type":"broadcast"}}
2024/02/23 19:17:35 Sent {"src":"n1","dest":"n4","body":{"in_reply_to":26,"type":"broadcast_ok"}}
2024/02/23 19:17:35 Sent {"src":"n1","dest":"n4","body":{"message":81,"msg_id":26,"type":"broadcast"}}
2024/02/23 19:17:35 Sent {"src":"n1","dest":"n0","body":{"message":81,"msg_id":26,"type":"broadcast"}}
2024/02/23 19:17:35 Sent {"src":"n1","dest":"n2","body":{"message":81,"msg_id":26,"type":"broadcast"}}
2024/02/23 19:17:35 Sent {"src":"n1","dest":"n1","body":{"message":81,"msg_id":26,"type":"broadcast"}}
2024/02/23 19:17:35 Sent {"src":"n1","dest":"n3","body":{"message":81,"msg_id":26,"type":"broadcast"}}
2024/02/23 19:17:35 Received {n2 n1 {"message":81,"msg_id":26,"type":"broadcast"}}
2024/02/23 19:17:35 Received {n0 n1 {"message":81,"msg_id":26,"type":"broadcast"}}
2024/02/23 19:17:35 Received {n1 n1 {"message":81,"msg_id":26,"type":"broadcast"}}
2024/02/23 19:17:35 Received {n0 n1 {"message":82,"msg_id":52,"type":"broadcast"}}
2024/02/23 19:17:35 Sent {"src":"n1","dest":"n1","body":{"message":82,"msg_id":52,"type":"broadcast"}}
2024/02/23 19:17:35 Sent {"src":"n1","dest":"n0","body":{"message":82,"msg_id":52,"type":"broadcast"}}
2024/02/23 19:17:35 Sent {"src":"n1","dest":"n2","body":{"message":82,"msg_id":52,"type":"broadcast"}}
2024/02/23 19:17:35 Sent {"src":"n1","dest":"n0","body":{"in_reply_to":52,"type":"broadcast_ok"}}
2024/02/23 19:17:35 Sent {"src":"n1","dest":"n3","body":{"message":82,"msg_id":52,"type":"broadcast"}}
2024/02/23 19:17:35 Sent {"src":"n1","dest":"n4","body":{"message":82,"msg_id":52,"type":"broadcast"}}
2024/02/23 19:17:35 Received {n1 n1 {"message":82,"msg_id":52,"type":"broadcast"}}
2024/02/23 19:17:35 Received {n2 n1 {"message":82,"msg_id":52,"type":"broadcast"}}
2024/02/23 19:17:35 Received {n4 n1 {"message":82,"msg_id":52,"type":"broadcast"}}
2024/02/23 19:17:35 Received {c14 n1 {"type":"broadcast","message":83,"msg_id":26}}
2024/02/23 19:17:35 Sent {"src":"n1","dest":"n1","body":{"message":83,"msg_id":26,"type":"broadcast"}}
2024/02/23 19:17:35 Sent {"src":"n1","dest":"n0","body":{"message":83,"msg_id":26,"type":"broadcast"}}
2024/02/23 19:17:35 Sent {"src":"n1","dest":"n3","body":{"message":83,"msg_id":26,"type":"broadcast"}}
2024/02/23 19:17:35 Sent {"src":"n1","dest":"c14","body":{"in_reply_to":26,"type":"broadcast_ok"}}
2024/02/23 19:17:35 Sent {"src":"n1","dest":"n4","body":{"message":83,"msg_id":26,"type":"broadcast"}}
2024/02/23 19:17:35 Sent {"src":"n1","dest":"n2","body":{"message":83,"msg_id":26,"type":"broadcast"}}
2024/02/23 19:17:35 Received {n1 n1 {"message":83,"msg_id":26,"type":"broadcast"}}
2024/02/23 19:17:35 Received {n0 n1 {"in_reply_to":26,"type":"broadcast_ok"}}
2024/02/23 19:17:35 Ignoring reply to 26 with no callback
2024/02/23 19:17:35 Received {n0 n1 {"message":83,"msg_id":26,"type":"broadcast"}}
2024/02/23 19:17:35 Received {n4 n1 {"in_reply_to":26,"type":"broadcast_ok"}}
2024/02/23 19:17:35 Ignoring reply to 26 with no callback
2024/02/23 19:17:35 Received {n2 n1 {"in_reply_to":26,"type":"broadcast_ok"}}
2024/02/23 19:17:35 Ignoring reply to 26 with no callback
2024/02/23 19:17:35 Received {n4 n1 {"message":83,"msg_id":26,"type":"broadcast"}}
2024/02/23 19:17:35 Received {n2 n1 {"message":83,"msg_id":26,"type":"broadcast"}}
2024/02/23 19:17:36 Received {c14 n1 {"type":"broadcast","message":85,"msg_id":27}}
2024/02/23 19:17:36 Sent {"src":"n1","dest":"c14","body":{"in_reply_to":27,"type":"broadcast_ok"}}
2024/02/23 19:17:36 Sent {"src":"n1","dest":"n0","body":{"message":85,"msg_id":27,"type":"broadcast"}}
2024/02/23 19:17:36 Sent {"src":"n1","dest":"n3","body":{"message":85,"msg_id":27,"type":"broadcast"}}
2024/02/23 19:17:36 Sent {"src":"n1","dest":"n1","body":{"message":85,"msg_id":27,"type":"broadcast"}}
2024/02/23 19:17:36 Sent {"src":"n1","dest":"n4","body":{"message":85,"msg_id":27,"type":"broadcast"}}
2024/02/23 19:17:36 Sent {"src":"n1","dest":"n2","body":{"message":85,"msg_id":27,"type":"broadcast"}}
2024/02/23 19:17:36 Received {n1 n1 {"message":85,"msg_id":27,"type":"broadcast"}}
2024/02/23 19:17:36 Received {n2 n1 {"in_reply_to":27,"type":"broadcast_ok"}}
2024/02/23 19:17:36 Ignoring reply to 27 with no callback
2024/02/23 19:17:36 Received {n4 n1 {"in_reply_to":27,"type":"broadcast_ok"}}
2024/02/23 19:17:36 Ignoring reply to 27 with no callback
2024/02/23 19:17:36 Received {n0 n1 {"in_reply_to":27,"type":"broadcast_ok"}}
2024/02/23 19:17:36 Ignoring reply to 27 with no callback
2024/02/23 19:17:36 Received {n0 n1 {"message":85,"msg_id":27,"type":"broadcast"}}
2024/02/23 19:17:36 Received {n4 n1 {"message":85,"msg_id":27,"type":"broadcast"}}
2024/02/23 19:17:36 Received {n2 n1 {"message":85,"msg_id":27,"type":"broadcast"}}
2024/02/23 19:17:36 Received {n2 n1 {"message":86,"msg_id":28,"type":"broadcast"}}
2024/02/23 19:17:36 Sent {"src":"n1","dest":"n2","body":{"in_reply_to":28,"type":"broadcast_ok"}}
2024/02/23 19:17:36 Sent {"src":"n1","dest":"n1","body":{"message":86,"msg_id":28,"type":"broadcast"}}
2024/02/23 19:17:36 Sent {"src":"n1","dest":"n2","body":{"message":86,"msg_id":28,"type":"broadcast"}}
2024/02/23 19:17:36 Sent {"src":"n1","dest":"n0","body":{"message":86,"msg_id":28,"type":"broadcast"}}
2024/02/23 19:17:36 Sent {"src":"n1","dest":"n3","body":{"message":86,"msg_id":28,"type":"broadcast"}}
2024/02/23 19:17:36 Sent {"src":"n1","dest":"n4","body":{"message":86,"msg_id":28,"type":"broadcast"}}
2024/02/23 19:17:36 Received {n0 n1 {"message":86,"msg_id":28,"type":"broadcast"}}
2024/02/23 19:17:36 Received {n1 n1 {"message":86,"msg_id":28,"type":"broadcast"}}
2024/02/23 19:17:36 Received {n4 n1 {"message":86,"msg_id":28,"type":"broadcast"}}
2024/02/23 19:17:36 Received {n4 n1 {"message":87,"msg_id":28,"type":"broadcast"}}
2024/02/23 19:17:36 Sent {"src":"n1","dest":"n4","body":{"in_reply_to":28,"type":"broadcast_ok"}}
2024/02/23 19:17:36 Sent {"src":"n1","dest":"n1","body":{"message":87,"msg_id":28,"type":"broadcast"}}
2024/02/23 19:17:36 Sent {"src":"n1","dest":"n3","body":{"message":87,"msg_id":28,"type":"broadcast"}}
2024/02/23 19:17:36 Sent {"src":"n1","dest":"n4","body":{"message":87,"msg_id":28,"type":"broadcast"}}
2024/02/23 19:17:36 Sent {"src":"n1","dest":"n2","body":{"message":87,"msg_id":28,"type":"broadcast"}}
2024/02/23 19:17:36 Sent {"src":"n1","dest":"n0","body":{"message":87,"msg_id":28,"type":"broadcast"}}
2024/02/23 19:17:36 Received {n1 n1 {"message":87,"msg_id":28,"type":"broadcast"}}
2024/02/23 19:17:36 Received {n0 n1 {"message":87,"msg_id":28,"type":"broadcast"}}
2024/02/23 19:17:36 Received {n2 n1 {"message":87,"msg_id":28,"type":"broadcast"}}
2024/02/23 19:17:36 Received {n0 n1 {"message":88,"msg_id":57,"type":"broadcast"}}
2024/02/23 19:17:36 Sent {"src":"n1","dest":"n1","body":{"message":88,"msg_id":57,"type":"broadcast"}}
2024/02/23 19:17:36 Sent {"src":"n1","dest":"n2","body":{"message":88,"msg_id":57,"type":"broadcast"}}
2024/02/23 19:17:36 Sent {"src":"n1","dest":"n0","body":{"message":88,"msg_id":57,"type":"broadcast"}}
2024/02/23 19:17:36 Sent {"src":"n1","dest":"n0","body":{"in_reply_to":57,"type":"broadcast_ok"}}
2024/02/23 19:17:36 Sent {"src":"n1","dest":"n3","body":{"message":88,"msg_id":57,"type":"broadcast"}}
2024/02/23 19:17:36 Received {n2 n1 {"message":88,"msg_id":57,"type":"broadcast"}}
2024/02/23 19:17:36 Sent {"src":"n1","dest":"n4","body":{"message":88,"msg_id":57,"type":"broadcast"}}
2024/02/23 19:17:36 Received {n1 n1 {"message":88,"msg_id":57,"type":"broadcast"}}
2024/02/23 19:17:36 Received {n4 n1 {"message":88,"msg_id":57,"type":"broadcast"}}
2024/02/23 19:17:36 Received {c14 n1 {"type":"read","msg_id":28}}
2024/02/23 19:17:36 Sent {"src":"n1","dest":"c14","body":{"in_reply_to":28,"messages":[0,0,0,0,0,0,0,0,0,0,0,0,0,0,0,0,0,0,0,0,0,0,0,0,0,0,0,0,0,0,0,0,0,0,0,0,0,0,0,0,0,0,0,0,0,0,0,0,0,0,0,0,0,0,0,0,0,0,0,0,0,0,0,0,0,0,0,0,0,0,0,0,0,3,47,48,77,8,20,36,80,85,15,55,60,75,82,45,66,6,12,21,63,79,37,68,11,26,43,50,18,29,49,83,32,61,72,76,86,24,34,44,57,64,71,87,7,10,25,56,59,81,73,1,14,22,35,41,69,5,17,19,53,58,67,52,62,27,31,33,38,39,40,88,2,16],"type":"read_ok"}}
2024/02/23 19:17:36 Received {n2 n1 {"message":89,"msg_id":29,"type":"broadcast"}}
2024/02/23 19:17:36 Sent {"src":"n1","dest":"n2","body":{"in_reply_to":29,"type":"broadcast_ok"}}
2024/02/23 19:17:36 Sent {"src":"n1","dest":"n1","body":{"message":89,"msg_id":29,"type":"broadcast"}}
2024/02/23 19:17:36 Sent {"src":"n1","dest":"n4","body":{"message":89,"msg_id":29,"type":"broadcast"}}
2024/02/23 19:17:36 Sent {"src":"n1","dest":"n0","body":{"message":89,"msg_id":29,"type":"broadcast"}}
2024/02/23 19:17:36 Sent {"src":"n1","dest":"n3","body":{"message":89,"msg_id":29,"type":"broadcast"}}
2024/02/23 19:17:36 Sent {"src":"n1","dest":"n2","body":{"message":89,"msg_id":29,"type":"broadcast"}}
2024/02/23 19:17:36 Received {n4 n1 {"message":89,"msg_id":29,"type":"broadcast"}}
2024/02/23 19:17:36 Received {n1 n1 {"message":89,"msg_id":29,"type":"broadcast"}}
2024/02/23 19:17:36 Received {n0 n1 {"message":89,"msg_id":29,"type":"broadcast"}}
2024/02/23 19:17:37 Received {n0 n1 {"message":90,"msg_id":59,"type":"broadcast"}}
2024/02/23 19:17:37 Sent {"src":"n1","dest":"n0","body":{"in_reply_to":59,"type":"broadcast_ok"}}
2024/02/23 19:17:37 Sent {"src":"n1","dest":"n1","body":{"message":90,"msg_id":59,"type":"broadcast"}}
2024/02/23 19:17:37 Sent {"src":"n1","dest":"n2","body":{"message":90,"msg_id":59,"type":"broadcast"}}
2024/02/23 19:17:37 Sent {"src":"n1","dest":"n0","body":{"message":90,"msg_id":59,"type":"broadcast"}}
2024/02/23 19:17:37 Sent {"src":"n1","dest":"n3","body":{"message":90,"msg_id":59,"type":"broadcast"}}
2024/02/23 19:17:37 Sent {"src":"n1","dest":"n4","body":{"message":90,"msg_id":59,"type":"broadcast"}}
2024/02/23 19:17:37 Received {n1 n1 {"message":90,"msg_id":59,"type":"broadcast"}}
2024/02/23 19:17:37 Received {n4 n1 {"message":90,"msg_id":59,"type":"broadcast"}}
2024/02/23 19:17:37 Received {n2 n1 {"message":90,"msg_id":59,"type":"broadcast"}}
2024/02/23 19:17:37 Received {n3 n1 {"message":90,"msg_id":59,"type":"broadcast"}}
2024/02/23 19:17:37 Received {c14 n1 {"type":"read","msg_id":29}}
2024/02/23 19:17:37 Sent {"src":"n1","dest":"c14","body":{"in_reply_to":29,"messages":[0,0,0,0,0,0,0,0,0,0,0,0,0,0,0,0,0,0,0,0,0,0,0,0,0,0,0,0,0,0,0,0,0,0,0,0,0,0,0,0,0,0,0,0,0,0,0,0,0,0,0,0,0,0,0,0,0,0,0,0,0,0,0,0,0,0,0,0,0,0,0,0,0,0,0,24,34,44,57,64,71,86,7,10,25,56,59,81,87,1,14,22,35,41,69,73,5,17,19,53,58,67,27,31,33,38,39,40,52,62,88,2,16,3,47,48,77,90,8,20,36,80,85,15,55,60,75,82,45,66,6,12,21,63,79,37,68,11,26,43,50,89,18,29,49,83,32,61,72,76],"type":"read_ok"}}
2024/02/23 19:17:37 Received {n2 n1 {"message":91,"msg_id":30,"type":"broadcast"}}
2024/02/23 19:17:37 Sent {"src":"n1","dest":"n2","body":{"in_reply_to":30,"type":"broadcast_ok"}}
2024/02/23 19:17:37 Sent {"src":"n1","dest":"n4","body":{"message":91,"msg_id":30,"type":"broadcast"}}
2024/02/23 19:17:37 Sent {"src":"n1","dest":"n1","body":{"message":91,"msg_id":30,"type":"broadcast"}}
2024/02/23 19:17:37 Sent {"src":"n1","dest":"n2","body":{"message":91,"msg_id":30,"type":"broadcast"}}
2024/02/23 19:17:37 Sent {"src":"n1","dest":"n3","body":{"message":91,"msg_id":30,"type":"broadcast"}}
2024/02/23 19:17:37 Sent {"src":"n1","dest":"n0","body":{"message":91,"msg_id":30,"type":"broadcast"}}
2024/02/23 19:17:37 Received {n1 n1 {"message":91,"msg_id":30,"type":"broadcast"}}
2024/02/23 19:17:37 Received {n0 n1 {"message":91,"msg_id":30,"type":"broadcast"}}
2024/02/23 19:17:37 Received {n4 n1 {"message":91,"msg_id":30,"type":"broadcast"}}
2024/02/23 19:17:37 Received {n3 n1 {"message":91,"msg_id":30,"type":"broadcast"}}
2024/02/23 19:17:37 Received {n4 n1 {"message":92,"msg_id":30,"type":"broadcast"}}
2024/02/23 19:17:37 Sent {"src":"n1","dest":"n4","body":{"in_reply_to":30,"type":"broadcast_ok"}}
2024/02/23 19:17:37 Sent {"src":"n1","dest":"n1","body":{"message":92,"msg_id":30,"type":"broadcast"}}
2024/02/23 19:17:37 Sent {"src":"n1","dest":"n4","body":{"message":92,"msg_id":30,"type":"broadcast"}}
2024/02/23 19:17:37 Sent {"src":"n1","dest":"n3","body":{"message":92,"msg_id":30,"type":"broadcast"}}
2024/02/23 19:17:37 Sent {"src":"n1","dest":"n0","body":{"message":92,"msg_id":30,"type":"broadcast"}}
2024/02/23 19:17:37 Sent {"src":"n1","dest":"n2","body":{"message":92,"msg_id":30,"type":"broadcast"}}
2024/02/23 19:17:37 Received {n3 n1 {"message":92,"msg_id":30,"type":"broadcast"}}
2024/02/23 19:17:37 Received {n1 n1 {"message":92,"msg_id":30,"type":"broadcast"}}
2024/02/23 19:17:37 Received {n2 n1 {"message":92,"msg_id":30,"type":"broadcast"}}
2024/02/23 19:17:37 Received {n0 n1 {"message":92,"msg_id":30,"type":"broadcast"}}
2024/02/23 19:17:37 Received {n0 n1 {"message":93,"msg_id":61,"type":"broadcast"}}
2024/02/23 19:17:37 Sent {"src":"n1","dest":"n0","body":{"in_reply_to":61,"type":"broadcast_ok"}}
2024/02/23 19:17:37 Sent {"src":"n1","dest":"n1","body":{"message":93,"msg_id":61,"type":"broadcast"}}
2024/02/23 19:17:37 Sent {"src":"n1","dest":"n4","body":{"message":93,"msg_id":61,"type":"broadcast"}}
2024/02/23 19:17:37 Sent {"src":"n1","dest":"n0","body":{"message":93,"msg_id":61,"type":"broadcast"}}
2024/02/23 19:17:37 Sent {"src":"n1","dest":"n2","body":{"message":93,"msg_id":61,"type":"broadcast"}}
2024/02/23 19:17:37 Sent {"src":"n1","dest":"n3","body":{"message":93,"msg_id":61,"type":"broadcast"}}
2024/02/23 19:17:37 Received {n1 n1 {"message":93,"msg_id":61,"type":"broadcast"}}
2024/02/23 19:17:37 Received {n4 n1 {"message":93,"msg_id":61,"type":"broadcast"}}
2024/02/23 19:17:37 Received {n2 n1 {"message":93,"msg_id":61,"type":"broadcast"}}
2024/02/23 19:17:37 Received {n3 n1 {"message":93,"msg_id":61,"type":"broadcast"}}
2024/02/23 19:17:37 Received {c14 n1 {"type":"read","msg_id":30}}
2024/02/23 19:17:37 Sent {"src":"n1","dest":"c14","body":{"in_reply_to":30,"messages":[0,0,0,0,0,0,0,0,0,0,0,0,0,0,0,0,0,0,0,0,0,0,0,0,0,0,0,0,0,0,0,0,0,0,0,0,0,0,0,0,0,0,0,0,0,0,0,0,0,0,0,0,0,0,0,0,0,0,0,0,0,0,0,0,0,0,0,0,0,0,0,0,0,0,0,0,0,0,73,1,14,22,35,41,69,5,17,19,53,58,67,52,62,27,31,33,38,39,40,88,2,16,93,3,47,48,77,90,8,20,36,80,85,15,55,60,75,82,45,66,91,6,12,21,63,79,37,68,11,26,43,50,89,18,29,49,83,32,61,72,76,86,92,24,34,44,57,64,71,87,7,10,25,56,59,81],"type":"read_ok"}}
2024/02/23 19:17:38 Received {n0 n1 {"message":94,"msg_id":62,"type":"broadcast"}}
2024/02/23 19:17:38 Sent {"src":"n1","dest":"n0","body":{"in_reply_to":62,"type":"broadcast_ok"}}
2024/02/23 19:17:38 Sent {"src":"n1","dest":"n2","body":{"message":94,"msg_id":62,"type":"broadcast"}}
2024/02/23 19:17:38 Sent {"src":"n1","dest":"n1","body":{"message":94,"msg_id":62,"type":"broadcast"}}
2024/02/23 19:17:38 Sent {"src":"n1","dest":"n0","body":{"message":94,"msg_id":62,"type":"broadcast"}}
2024/02/23 19:17:38 Sent {"src":"n1","dest":"n3","body":{"message":94,"msg_id":62,"type":"broadcast"}}
2024/02/23 19:17:38 Sent {"src":"n1","dest":"n4","body":{"message":94,"msg_id":62,"type":"broadcast"}}
2024/02/23 19:17:38 Received {n1 n1 {"message":94,"msg_id":62,"type":"broadcast"}}
2024/02/23 19:17:38 Received {n4 n1 {"message":94,"msg_id":62,"type":"broadcast"}}
2024/02/23 19:17:38 Received {n3 n1 {"message":94,"msg_id":62,"type":"broadcast"}}
2024/02/23 19:17:38 Received {n2 n1 {"message":94,"msg_id":62,"type":"broadcast"}}
2024/02/23 19:17:38 Received {c14 n1 {"type":"broadcast","message":95,"msg_id":31}}
2024/02/23 19:17:38 Sent {"src":"n1","dest":"c14","body":{"in_reply_to":31,"type":"broadcast_ok"}}
2024/02/23 19:17:38 Sent {"src":"n1","dest":"n1","body":{"message":95,"msg_id":31,"type":"broadcast"}}
2024/02/23 19:17:38 Sent {"src":"n1","dest":"n0","body":{"message":95,"msg_id":31,"type":"broadcast"}}
2024/02/23 19:17:38 Sent {"src":"n1","dest":"n2","body":{"message":95,"msg_id":31,"type":"broadcast"}}
2024/02/23 19:17:38 Sent {"src":"n1","dest":"n3","body":{"message":95,"msg_id":31,"type":"broadcast"}}
2024/02/23 19:17:38 Sent {"src":"n1","dest":"n4","body":{"message":95,"msg_id":31,"type":"broadcast"}}
2024/02/23 19:17:38 Received {n1 n1 {"message":95,"msg_id":31,"type":"broadcast"}}
2024/02/23 19:17:38 Received {n0 n1 {"in_reply_to":31,"type":"broadcast_ok"}}
2024/02/23 19:17:38 Ignoring reply to 31 with no callback
2024/02/23 19:17:38 Received {n2 n1 {"in_reply_to":31,"type":"broadcast_ok"}}
2024/02/23 19:17:38 Ignoring reply to 31 with no callback
2024/02/23 19:17:38 Received {n3 n1 {"message":95,"msg_id":31,"type":"broadcast"}}
2024/02/23 19:17:38 Received {n4 n1 {"in_reply_to":31,"type":"broadcast_ok"}}
2024/02/23 19:17:38 Ignoring reply to 31 with no callback
2024/02/23 19:17:38 Received {n2 n1 {"message":95,"msg_id":31,"type":"broadcast"}}
2024/02/23 19:17:38 Received {n3 n1 {"in_reply_to":31,"type":"broadcast_ok"}}
2024/02/23 19:17:38 Ignoring reply to 31 with no callback
2024/02/23 19:17:38 Received {n0 n1 {"message":95,"msg_id":31,"type":"broadcast"}}
2024/02/23 19:17:38 Received {n4 n1 {"message":95,"msg_id":31,"type":"broadcast"}}
2024/02/23 19:17:38 Received {n2 n1 {"message":96,"msg_id":32,"type":"broadcast"}}
2024/02/23 19:17:38 Sent {"src":"n1","dest":"n2","body":{"in_reply_to":32,"type":"broadcast_ok"}}
2024/02/23 19:17:38 Sent {"src":"n1","dest":"n4","body":{"message":96,"msg_id":32,"type":"broadcast"}}
2024/02/23 19:17:38 Sent {"src":"n1","dest":"n1","body":{"message":96,"msg_id":32,"type":"broadcast"}}
2024/02/23 19:17:38 Sent {"src":"n1","dest":"n2","body":{"message":96,"msg_id":32,"type":"broadcast"}}
2024/02/23 19:17:38 Sent {"src":"n1","dest":"n0","body":{"message":96,"msg_id":32,"type":"broadcast"}}
2024/02/23 19:17:38 Sent {"src":"n1","dest":"n3","body":{"message":96,"msg_id":32,"type":"broadcast"}}
2024/02/23 19:17:38 Received {n0 n1 {"message":96,"msg_id":32,"type":"broadcast"}}
2024/02/23 19:17:38 Received {n1 n1 {"message":96,"msg_id":32,"type":"broadcast"}}
2024/02/23 19:17:38 Received {n3 n1 {"message":96,"msg_id":32,"type":"broadcast"}}
2024/02/23 19:17:38 Received {n4 n1 {"message":96,"msg_id":32,"type":"broadcast"}}
2024/02/23 19:17:38 Received {n3 n1 {"message":97,"msg_id":31,"type":"broadcast"}}
2024/02/23 19:17:38 Sent {"src":"n1","dest":"n3","body":{"in_reply_to":31,"type":"broadcast_ok"}}
2024/02/23 19:17:38 Sent {"src":"n1","dest":"n4","body":{"message":97,"msg_id":31,"type":"broadcast"}}
2024/02/23 19:17:38 Sent {"src":"n1","dest":"n1","body":{"message":97,"msg_id":31,"type":"broadcast"}}
2024/02/23 19:17:38 Sent {"src":"n1","dest":"n3","body":{"message":97,"msg_id":31,"type":"broadcast"}}
2024/02/23 19:17:38 Sent {"src":"n1","dest":"n2","body":{"message":97,"msg_id":31,"type":"broadcast"}}
2024/02/23 19:17:38 Sent {"src":"n1","dest":"n0","body":{"message":97,"msg_id":31,"type":"broadcast"}}
2024/02/23 19:17:38 Received {n1 n1 {"message":97,"msg_id":31,"type":"broadcast"}}
2024/02/23 19:17:38 Received {n2 n1 {"message":97,"msg_id":31,"type":"broadcast"}}
2024/02/23 19:17:38 Received {n4 n1 {"message":97,"msg_id":31,"type":"broadcast"}}
2024/02/23 19:17:38 Received {n0 n1 {"message":97,"msg_id":31,"type":"broadcast"}}
2024/02/23 19:17:38 Received {n4 n1 {"message":98,"msg_id":32,"type":"broadcast"}}
2024/02/23 19:17:38 Sent {"src":"n1","dest":"n4","body":{"in_reply_to":32,"type":"broadcast_ok"}}
2024/02/23 19:17:38 Sent {"src":"n1","dest":"n4","body":{"message":98,"msg_id":32,"type":"broadcast"}}
2024/02/23 19:17:38 Sent {"src":"n1","dest":"n2","body":{"message":98,"msg_id":32,"type":"broadcast"}}
2024/02/23 19:17:38 Sent {"src":"n1","dest":"n1","body":{"message":98,"msg_id":32,"type":"broadcast"}}
2024/02/23 19:17:38 Sent {"src":"n1","dest":"n0","body":{"message":98,"msg_id":32,"type":"broadcast"}}
2024/02/23 19:17:38 Sent {"src":"n1","dest":"n3","body":{"message":98,"msg_id":32,"type":"broadcast"}}
2024/02/23 19:17:38 Received {n0 n1 {"message":98,"msg_id":32,"type":"broadcast"}}
2024/02/23 19:17:38 Received {n1 n1 {"message":98,"msg_id":32,"type":"broadcast"}}
2024/02/23 19:17:38 Received {n2 n1 {"message":98,"msg_id":32,"type":"broadcast"}}
2024/02/23 19:17:38 Received {n3 n1 {"message":98,"msg_id":32,"type":"broadcast"}}
2024/02/23 19:17:39 Received {n0 n1 {"message":99,"msg_id":64,"type":"broadcast"}}
2024/02/23 19:17:39 Sent {"src":"n1","dest":"n0","body":{"in_reply_to":64,"type":"broadcast_ok"}}
2024/02/23 19:17:39 Sent {"src":"n1","dest":"n4","body":{"message":99,"msg_id":64,"type":"broadcast"}}
2024/02/23 19:17:39 Sent {"src":"n1","dest":"n2","body":{"message":99,"msg_id":64,"type":"broadcast"}}
2024/02/23 19:17:39 Sent {"src":"n1","dest":"n1","body":{"message":99,"msg_id":64,"type":"broadcast"}}
2024/02/23 19:17:39 Sent {"src":"n1","dest":"n0","body":{"message":99,"msg_id":64,"type":"broadcast"}}
2024/02/23 19:17:39 Sent {"src":"n1","dest":"n3","body":{"message":99,"msg_id":64,"type":"broadcast"}}
2024/02/23 19:17:39 Received {n3 n1 {"message":99,"msg_id":64,"type":"broadcast"}}
2024/02/23 19:17:39 Received {n1 n1 {"message":99,"msg_id":64,"type":"broadcast"}}
2024/02/23 19:17:39 Received {n4 n1 {"message":99,"msg_id":64,"type":"broadcast"}}
2024/02/23 19:17:39 Received {n2 n1 {"message":99,"msg_id":64,"type":"broadcast"}}
2024/02/23 19:17:39 Received {c14 n1 {"type":"broadcast","message":100,"msg_id":32}}
2024/02/23 19:17:39 Sent {"src":"n1","dest":"c14","body":{"in_reply_to":32,"type":"broadcast_ok"}}
2024/02/23 19:17:39 Sent {"src":"n1","dest":"n0","body":{"message":100,"msg_id":32,"type":"broadcast"}}
2024/02/23 19:17:39 Sent {"src":"n1","dest":"n1","body":{"message":100,"msg_id":32,"type":"broadcast"}}
2024/02/23 19:17:39 Sent {"src":"n1","dest":"n4","body":{"message":100,"msg_id":32,"type":"broadcast"}}
2024/02/23 19:17:39 Sent {"src":"n1","dest":"n2","body":{"message":100,"msg_id":32,"type":"broadcast"}}
2024/02/23 19:17:39 Sent {"src":"n1","dest":"n3","body":{"message":100,"msg_id":32,"type":"broadcast"}}
2024/02/23 19:17:39 Received {n1 n1 {"message":100,"msg_id":32,"type":"broadcast"}}
2024/02/23 19:17:39 Received {n0 n1 {"in_reply_to":32,"type":"broadcast_ok"}}
2024/02/23 19:17:39 Ignoring reply to 32 with no callback
2024/02/23 19:17:39 Received {n4 n1 {"message":100,"msg_id":32,"type":"broadcast"}}
2024/02/23 19:17:39 Received {n2 n1 {"in_reply_to":32,"type":"broadcast_ok"}}
2024/02/23 19:17:39 Ignoring reply to 32 with no callback
2024/02/23 19:17:39 Received {n4 n1 {"in_reply_to":32,"type":"broadcast_ok"}}
2024/02/23 19:17:39 Ignoring reply to 32 with no callback
2024/02/23 19:17:39 Received {n0 n1 {"message":100,"msg_id":32,"type":"broadcast"}}
2024/02/23 19:17:39 Received {n2 n1 {"message":100,"msg_id":32,"type":"broadcast"}}
2024/02/23 19:17:39 Received {n3 n1 {"message":100,"msg_id":32,"type":"broadcast"}}
2024/02/23 19:17:39 Received {n3 n1 {"in_reply_to":32,"type":"broadcast_ok"}}
2024/02/23 19:17:39 Ignoring reply to 32 with no callback
2024/02/23 19:17:39 Received {n3 n1 {"message":101,"msg_id":32,"type":"broadcast"}}
2024/02/23 19:17:39 Sent {"src":"n1","dest":"n3","body":{"in_reply_to":32,"type":"broadcast_ok"}}
2024/02/23 19:17:39 Sent {"src":"n1","dest":"n1","body":{"message":101,"msg_id":32,"type":"broadcast"}}
2024/02/23 19:17:39 Sent {"src":"n1","dest":"n4","body":{"message":101,"msg_id":32,"type":"broadcast"}}
2024/02/23 19:17:39 Sent {"src":"n1","dest":"n2","body":{"message":101,"msg_id":32,"type":"broadcast"}}
2024/02/23 19:17:39 Sent {"src":"n1","dest":"n3","body":{"message":101,"msg_id":32,"type":"broadcast"}}
2024/02/23 19:17:39 Sent {"src":"n1","dest":"n0","body":{"message":101,"msg_id":32,"type":"broadcast"}}
2024/02/23 19:17:39 Received {n1 n1 {"message":101,"msg_id":32,"type":"broadcast"}}
2024/02/23 19:17:39 Received {n0 n1 {"message":101,"msg_id":32,"type":"broadcast"}}
2024/02/23 19:17:39 Received {n4 n1 {"message":101,"msg_id":32,"type":"broadcast"}}
2024/02/23 19:17:39 Received {n2 n1 {"message":101,"msg_id":32,"type":"broadcast"}}
2024/02/23 19:17:39 Received {n4 n1 {"message":102,"msg_id":33,"type":"broadcast"}}
2024/02/23 19:17:39 Sent {"src":"n1","dest":"n4","body":{"in_reply_to":33,"type":"broadcast_ok"}}
2024/02/23 19:17:39 Sent {"src":"n1","dest":"n1","body":{"message":102,"msg_id":33,"type":"broadcast"}}
2024/02/23 19:17:39 Sent {"src":"n1","dest":"n3","body":{"message":102,"msg_id":33,"type":"broadcast"}}
2024/02/23 19:17:39 Sent {"src":"n1","dest":"n0","body":{"message":102,"msg_id":33,"type":"broadcast"}}
2024/02/23 19:17:39 Sent {"src":"n1","dest":"n4","body":{"message":102,"msg_id":33,"type":"broadcast"}}
2024/02/23 19:17:39 Sent {"src":"n1","dest":"n2","body":{"message":102,"msg_id":33,"type":"broadcast"}}
2024/02/23 19:17:39 Received {n1 n1 {"message":102,"msg_id":33,"type":"broadcast"}}
2024/02/23 19:17:39 Received {n0 n1 {"message":102,"msg_id":33,"type":"broadcast"}}
2024/02/23 19:17:39 Received {n2 n1 {"message":102,"msg_id":33,"type":"broadcast"}}
2024/02/23 19:17:39 Received {n3 n1 {"message":102,"msg_id":33,"type":"broadcast"}}
2024/02/23 19:17:39 Received {n0 n1 {"message":103,"msg_id":66,"type":"broadcast"}}
2024/02/23 19:17:39 Sent {"src":"n1","dest":"n0","body":{"in_reply_to":66,"type":"broadcast_ok"}}
2024/02/23 19:17:39 Sent {"src":"n1","dest":"n4","body":{"message":103,"msg_id":66,"type":"broadcast"}}
2024/02/23 19:17:39 Sent {"src":"n1","dest":"n2","body":{"message":103,"msg_id":66,"type":"broadcast"}}
2024/02/23 19:17:39 Sent {"src":"n1","dest":"n3","body":{"message":103,"msg_id":66,"type":"broadcast"}}
2024/02/23 19:17:39 Sent {"src":"n1","dest":"n1","body":{"message":103,"msg_id":66,"type":"broadcast"}}
2024/02/23 19:17:39 Sent {"src":"n1","dest":"n0","body":{"message":103,"msg_id":66,"type":"broadcast"}}
2024/02/23 19:17:39 Received {n4 n1 {"message":103,"msg_id":66,"type":"broadcast"}}
2024/02/23 19:17:39 Received {n3 n1 {"message":103,"msg_id":66,"type":"broadcast"}}
2024/02/23 19:17:39 Received {n2 n1 {"message":103,"msg_id":66,"type":"broadcast"}}
2024/02/23 19:17:39 Received {n1 n1 {"message":103,"msg_id":66,"type":"broadcast"}}
2024/02/23 19:17:49 Received {c14 n1 {"type":"read","msg_id":33}}
2024/02/23 19:17:49 Sent {"src":"n1","dest":"c14","body":{"in_reply_to":33,"messages":[0,0,0,0,0,0,0,0,0,0,0,0,0,0,0,0,0,0,0,0,0,0,0,0,0,0,0,0,0,0,0,0,0,0,0,0,0,0,0,0,0,0,0,0,0,0,0,0,0,0,0,0,0,0,0,0,0,0,0,0,0,0,0,0,0,0,0,0,0,0,0,0,0,0,0,0,0,0,0,0,0,0,0,0,0,0,0,0,71,86,92,24,34,44,57,64,103,81,87,7,10,25,56,59,69,73,1,14,22,35,41,67,5,17,19,53,58,40,52,62,27,31,33,38,39,88,2,16,93,96,3,47,97,48,77,90,8,20,36,80,85,95,100,15,55,60,75,82,45,66,91,102,94,98,6,12,21,63,79,37,68,11,26,43,50,89,18,29,49,83,99,32,61,72,76,101],"type":"read_ok"}}
