2024-02-24 19:27:39,566{GMT}	INFO	[jepsen test runner] jepsen.core: Test version 51a730e6fb393906aabd7f4079254fdc4b4d0603 (plus uncommitted changes)
2024-02-24 19:27:39,566{GMT}	INFO	[jepsen test runner] jepsen.core: Command line:
lein run test -w broadcast --bin /Users/danishsharma/go/src/gossip-glamers/efficient_broadcast_1/bin --node-count 25 --time-limit 20 --rate 100 --latency 100
2024-02-24 19:27:39,640{GMT}	INFO	[jepsen test runner] jepsen.core: Running test:
{:args []
 :remote
 #jepsen.control.retry.Remote{:remote #jepsen.control.scp.Remote{:cmd-remote #jepsen.control.sshj.SSHJRemote{:concurrency-limit 6,
                                                                                                             :conn-spec nil,
                                                                                                             :client nil,
                                                                                                             :semaphore nil},
                                                                 :conn-spec nil},
                              :conn nil}
 :log-net-send false
 :node-count 25
 :availability nil
 :max-txn-length 4
 :concurrency 25
 :db
 #object[maelstrom.db$db$reify__16142
         "0x10c26161"
         "maelstrom.db$db$reify__16142@10c26161"]
 :max-writes-per-key 16
 :leave-db-running? false
 :name "broadcast"
 :logging-json? false
 :start-time
 #object[org.joda.time.DateTime "0x6b28d4e4" "2024-02-24T19:27:39.471+05:30"]
 :nemesis-interval 10
 :net
 #object[maelstrom.net$jepsen_net$reify__15251
         "0x41cfcbb5"
         "maelstrom.net$jepsen_net$reify__15251@41cfcbb5"]
 :client
 #object[maelstrom.workload.broadcast$client$reify__16644
         "0x40941b54"
         "maelstrom.workload.broadcast$client$reify__16644@40941b54"]
 :barrier
 #object[java.util.concurrent.CyclicBarrier
         "0x3b42d7df"
         "java.util.concurrent.CyclicBarrier@3b42d7df"]
 :log-stderr false
 :pure-generators true
 :ssh {:dummy? true}
 :rate 100.0
 :checker
 #object[jepsen.checker$compose$reify__11881
         "0x1660bba7"
         "jepsen.checker$compose$reify__11881@1660bba7"]
 :argv
 ("test"
  "-w"
  "broadcast"
  "--bin"
  "/Users/danishsharma/go/src/gossip-glamers/efficient_broadcast_1/bin"
  "--node-count"
  "25"
  "--time-limit"
  "20"
  "--rate"
  "100"
  "--latency"
  "100")
 :nemesis
 (jepsen.nemesis.ReflCompose
  {:fm {:start-partition 0,
        :stop-partition 0,
        :kill 1,
        :start 1,
        :pause 1,
        :resume 1},
   :nemeses [#unprintable "jepsen.nemesis.combined$partition_nemesis$reify__16416@29cd48bd"
             #unprintable "jepsen.nemesis.combined$db_nemesis$reify__16397@49e3b86b"]})
 :nodes
 ["n0"
  "n1"
  "n2"
  "n3"
  "n4"
  "n5"
  "n6"
  "n7"
  "n8"
  "n9"
  "n10"
  "n11"
  "n12"
  "n13"
  "n14"
  "n15"
  "n16"
  "n17"
  "n18"
  "n19"
  "n20"
  "n21"
  "n22"
  "n23"
  "n24"]
 :test-count 1
 :latency {:mean 100, :dist :constant}
 :bin "/Users/danishsharma/go/src/gossip-glamers/efficient_broadcast_1/bin"
 :generator
 ((jepsen.generator.Synchronize
   {:gen (jepsen.generator.TimeLimit
          {:limit 20000000000,
           :cutoff nil,
           :gen (jepsen.generator.Any
                 {:gens [(jepsen.generator.OnThreads
                          {:f #{:nemesis},
                           :context-filter #object[jepsen.generator.context$make_thread_filter$lazy_filter__9167
                                                   "0x8d40f07"
                                                   "jepsen.generator.context$make_thread_filter$lazy_filter__9167@8d40f07"],
                           :gen nil})
                         (jepsen.generator.OnThreads
                          {:f #jepsen.generator.context.AllBut{:element :nemesis},
                           :context-filter #object[jepsen.generator.context$make_thread_filter$lazy_filter__9167
                                                   "0x196c8b93"
                                                   "jepsen.generator.context$make_thread_filter$lazy_filter__9167@196c8b93"],
                           :gen (jepsen.generator.Stagger
                                 {:dt 20000000,
                                  :next-time nil,
                                  :gen (jepsen.generator.Mix
                                        {:i 1,
                                         :gens [({:f :broadcast, :value 0}
                                                 {:f :broadcast, :value 1}
                                                 {:f :broadcast, :value 2}
                                                 {:f :broadcast, :value 3}
                                                 {:f :broadcast, :value 4}
                                                 {:f :broadcast, :value 5}
                                                 {:f :broadcast, :value 6}
                                                 {:f :broadcast, :value 7}
                                                 ...)
                                                ({:f :read}
                                                 {:f :read}
                                                 {:f :read}
                                                 {:f :read}
                                                 {:f :read}
                                                 {:f :read}
                                                 {:f :read}
                                                 {:f :read}
                                                 ...)]})})})]})})})
  (jepsen.generator.Synchronize
   {:gen (jepsen.generator.OnThreads
          {:f #{:nemesis},
           :context-filter #object[jepsen.generator.context$make_thread_filter$lazy_filter__9167
                                   "0x61d1315b"
                                   "jepsen.generator.context$make_thread_filter$lazy_filter__9167@61d1315b"],
           :gen ()})})
  (jepsen.generator.Synchronize
   {:gen {:type :log, :value "Waiting for recovery..."}})
  (jepsen.generator.Synchronize {:gen {:type :sleep, :value 10}})
  (jepsen.generator.Synchronize
   {:gen (jepsen.generator.OnThreads
          {:f #jepsen.generator.context.AllBut{:element :nemesis},
           :context-filter #object[jepsen.generator.context$make_thread_filter$lazy_filter__9167
                                   "0x49d5b651"
                                   "jepsen.generator.context$make_thread_filter$lazy_filter__9167@49d5b651"],
           :gen (jepsen.generator.EachThread
                 {:fresh-gen {:f :read, :final? true},
                  :context-filters #object[clojure.core$promise$reify__8591
                                           "0x34989ceb"
                                           {:status :pending, :val nil}],
                  :gens {}})})}))
 :log-net-recv false
 :os
 #object[maelstrom.net$jepsen_os$reify__15254
         "0x61fb3dae"
         "maelstrom.net$jepsen_os$reify__15254@61fb3dae"]
 :time-limit 20
 :workload :broadcast
 :consistency-models [:strict-serializable]
 :topology :grid}

2024-02-24 19:27:41,426{GMT}	INFO	[jepsen node n0] maelstrom.net: Starting Maelstrom network
2024-02-24 19:27:41,428{GMT}	INFO	[jepsen test runner] jepsen.db: Tearing down DB
2024-02-24 19:27:41,432{GMT}	INFO	[jepsen test runner] jepsen.db: Setting up DB
2024-02-24 19:27:41,433{GMT}	INFO	[jepsen node n2] maelstrom.db: Setting up n2
2024-02-24 19:27:41,433{GMT}	INFO	[jepsen node n1] maelstrom.db: Setting up n1
2024-02-24 19:27:41,433{GMT}	INFO	[jepsen node n3] maelstrom.db: Setting up n3
2024-02-24 19:27:41,433{GMT}	INFO	[jepsen node n4] maelstrom.db: Setting up n4
2024-02-24 19:27:41,433{GMT}	INFO	[jepsen node n5] maelstrom.db: Setting up n5
2024-02-24 19:27:41,433{GMT}	INFO	[jepsen node n6] maelstrom.db: Setting up n6
2024-02-24 19:27:41,433{GMT}	INFO	[jepsen node n7] maelstrom.db: Setting up n7
2024-02-24 19:27:41,433{GMT}	INFO	[jepsen node n8] maelstrom.db: Setting up n8
2024-02-24 19:27:41,433{GMT}	INFO	[jepsen node n9] maelstrom.db: Setting up n9
2024-02-24 19:27:41,433{GMT}	INFO	[jepsen node n5] maelstrom.process: launching /Users/danishsharma/go/src/gossip-glamers/efficient_broadcast_1/bin []
2024-02-24 19:27:41,433{GMT}	INFO	[jepsen node n2] maelstrom.process: launching /Users/danishsharma/go/src/gossip-glamers/efficient_broadcast_1/bin []
2024-02-24 19:27:41,433{GMT}	INFO	[jepsen node n7] maelstrom.process: launching /Users/danishsharma/go/src/gossip-glamers/efficient_broadcast_1/bin []
2024-02-24 19:27:41,434{GMT}	INFO	[jepsen node n8] maelstrom.process: launching /Users/danishsharma/go/src/gossip-glamers/efficient_broadcast_1/bin []
2024-02-24 19:27:41,433{GMT}	INFO	[jepsen node n6] maelstrom.process: launching /Users/danishsharma/go/src/gossip-glamers/efficient_broadcast_1/bin []
2024-02-24 19:27:41,433{GMT}	INFO	[jepsen node n3] maelstrom.process: launching /Users/danishsharma/go/src/gossip-glamers/efficient_broadcast_1/bin []
2024-02-24 19:27:41,434{GMT}	INFO	[jepsen node n11] maelstrom.db: Setting up n11
2024-02-24 19:27:41,434{GMT}	INFO	[jepsen node n4] maelstrom.process: launching /Users/danishsharma/go/src/gossip-glamers/efficient_broadcast_1/bin []
2024-02-24 19:27:41,434{GMT}	INFO	[jepsen node n1] maelstrom.process: launching /Users/danishsharma/go/src/gossip-glamers/efficient_broadcast_1/bin []
2024-02-24 19:27:41,434{GMT}	INFO	[jepsen node n9] maelstrom.process: launching /Users/danishsharma/go/src/gossip-glamers/efficient_broadcast_1/bin []
2024-02-24 19:27:41,434{GMT}	INFO	[jepsen node n10] maelstrom.db: Setting up n10
2024-02-24 19:27:41,434{GMT}	INFO	[jepsen node n12] maelstrom.db: Setting up n12
2024-02-24 19:27:41,434{GMT}	INFO	[jepsen node n13] maelstrom.db: Setting up n13
2024-02-24 19:27:41,434{GMT}	INFO	[jepsen node n10] maelstrom.process: launching /Users/danishsharma/go/src/gossip-glamers/efficient_broadcast_1/bin []
2024-02-24 19:27:41,434{GMT}	INFO	[jepsen node n11] maelstrom.process: launching /Users/danishsharma/go/src/gossip-glamers/efficient_broadcast_1/bin []
2024-02-24 19:27:41,434{GMT}	INFO	[jepsen node n12] maelstrom.process: launching /Users/danishsharma/go/src/gossip-glamers/efficient_broadcast_1/bin []
2024-02-24 19:27:41,434{GMT}	INFO	[jepsen node n13] maelstrom.process: launching /Users/danishsharma/go/src/gossip-glamers/efficient_broadcast_1/bin []
2024-02-24 19:27:41,435{GMT}	INFO	[jepsen node n14] maelstrom.db: Setting up n14
2024-02-24 19:27:41,435{GMT}	INFO	[jepsen node n0] maelstrom.service: Starting services: (lin-kv lin-tso lww-kv seq-kv)
2024-02-24 19:27:41,435{GMT}	INFO	[jepsen node n14] maelstrom.process: launching /Users/danishsharma/go/src/gossip-glamers/efficient_broadcast_1/bin []
2024-02-24 19:27:41,435{GMT}	INFO	[jepsen node n15] maelstrom.db: Setting up n15
2024-02-24 19:27:41,436{GMT}	INFO	[jepsen node n15] maelstrom.process: launching /Users/danishsharma/go/src/gossip-glamers/efficient_broadcast_1/bin []
2024-02-24 19:27:41,436{GMT}	INFO	[jepsen node n16] maelstrom.db: Setting up n16
2024-02-24 19:27:41,436{GMT}	INFO	[jepsen node n17] maelstrom.db: Setting up n17
2024-02-24 19:27:41,436{GMT}	INFO	[jepsen node n18] maelstrom.db: Setting up n18
2024-02-24 19:27:41,436{GMT}	INFO	[jepsen node n19] maelstrom.db: Setting up n19
2024-02-24 19:27:41,436{GMT}	INFO	[jepsen node n16] maelstrom.process: launching /Users/danishsharma/go/src/gossip-glamers/efficient_broadcast_1/bin []
2024-02-24 19:27:41,436{GMT}	INFO	[jepsen node n17] maelstrom.process: launching /Users/danishsharma/go/src/gossip-glamers/efficient_broadcast_1/bin []
2024-02-24 19:27:41,436{GMT}	INFO	[jepsen node n18] maelstrom.process: launching /Users/danishsharma/go/src/gossip-glamers/efficient_broadcast_1/bin []
2024-02-24 19:27:41,437{GMT}	INFO	[jepsen node n19] maelstrom.process: launching /Users/danishsharma/go/src/gossip-glamers/efficient_broadcast_1/bin []
2024-02-24 19:27:41,437{GMT}	INFO	[jepsen node n21] maelstrom.db: Setting up n21
2024-02-24 19:27:41,437{GMT}	INFO	[jepsen node n20] maelstrom.db: Setting up n20
2024-02-24 19:27:41,437{GMT}	INFO	[jepsen node n22] maelstrom.db: Setting up n22
2024-02-24 19:27:41,437{GMT}	INFO	[jepsen node n20] maelstrom.process: launching /Users/danishsharma/go/src/gossip-glamers/efficient_broadcast_1/bin []
2024-02-24 19:27:41,437{GMT}	INFO	[jepsen node n21] maelstrom.process: launching /Users/danishsharma/go/src/gossip-glamers/efficient_broadcast_1/bin []
2024-02-24 19:27:41,437{GMT}	INFO	[jepsen node n23] maelstrom.db: Setting up n23
2024-02-24 19:27:41,437{GMT}	INFO	[jepsen node n22] maelstrom.process: launching /Users/danishsharma/go/src/gossip-glamers/efficient_broadcast_1/bin []
2024-02-24 19:27:41,438{GMT}	INFO	[jepsen node n23] maelstrom.process: launching /Users/danishsharma/go/src/gossip-glamers/efficient_broadcast_1/bin []
2024-02-24 19:27:41,437{GMT}	INFO	[jepsen node n24] maelstrom.db: Setting up n24
2024-02-24 19:27:41,438{GMT}	INFO	[jepsen node n24] maelstrom.process: launching /Users/danishsharma/go/src/gossip-glamers/efficient_broadcast_1/bin []
2024-02-24 19:27:41,438{GMT}	INFO	[jepsen node n0] maelstrom.db: Setting up n0
2024-02-24 19:27:41,439{GMT}	INFO	[jepsen node n0] maelstrom.process: launching /Users/danishsharma/go/src/gossip-glamers/efficient_broadcast_1/bin []
2024-02-24 19:27:51,471{GMT}	INFO	[jepsen node n0] maelstrom.db: Tearing down n0
2024-02-24 19:27:51,471{GMT}	INFO	[jepsen node n1] maelstrom.db: Tearing down n1
2024-02-24 19:27:51,471{GMT}	INFO	[jepsen node n2] maelstrom.db: Tearing down n2
2024-02-24 19:27:51,471{GMT}	INFO	[jepsen node n3] maelstrom.db: Tearing down n3
2024-02-24 19:27:51,471{GMT}	INFO	[jepsen node n4] maelstrom.db: Tearing down n4
2024-02-24 19:27:51,471{GMT}	INFO	[jepsen node n5] maelstrom.db: Tearing down n5
2024-02-24 19:27:51,471{GMT}	INFO	[jepsen node n6] maelstrom.db: Tearing down n6
2024-02-24 19:27:51,472{GMT}	INFO	[jepsen node n7] maelstrom.db: Tearing down n7
2024-02-24 19:27:51,472{GMT}	INFO	[jepsen node n8] maelstrom.db: Tearing down n8
2024-02-24 19:27:51,472{GMT}	INFO	[jepsen node n9] maelstrom.db: Tearing down n9
2024-02-24 19:27:51,472{GMT}	INFO	[jepsen node n10] maelstrom.db: Tearing down n10
2024-02-24 19:27:51,472{GMT}	INFO	[jepsen node n11] maelstrom.db: Tearing down n11
2024-02-24 19:27:51,472{GMT}	INFO	[jepsen node n12] maelstrom.db: Tearing down n12
2024-02-24 19:27:51,472{GMT}	INFO	[jepsen node n13] maelstrom.db: Tearing down n13
2024-02-24 19:27:51,472{GMT}	INFO	[jepsen node n14] maelstrom.db: Tearing down n14
2024-02-24 19:27:51,472{GMT}	INFO	[jepsen node n15] maelstrom.db: Tearing down n15
2024-02-24 19:27:51,472{GMT}	INFO	[jepsen node n16] maelstrom.db: Tearing down n16
2024-02-24 19:27:51,473{GMT}	INFO	[jepsen node n17] maelstrom.db: Tearing down n17
2024-02-24 19:27:51,473{GMT}	INFO	[jepsen node n18] maelstrom.db: Tearing down n18
2024-02-24 19:27:51,473{GMT}	INFO	[jepsen node n19] maelstrom.db: Tearing down n19
2024-02-24 19:27:51,473{GMT}	INFO	[jepsen node n20] maelstrom.db: Tearing down n20
2024-02-24 19:27:51,473{GMT}	INFO	[jepsen node n21] maelstrom.db: Tearing down n21
2024-02-24 19:27:51,473{GMT}	INFO	[jepsen node n22] maelstrom.db: Tearing down n22
2024-02-24 19:27:51,473{GMT}	INFO	[jepsen node n23] maelstrom.db: Tearing down n23
2024-02-24 19:27:51,473{GMT}	INFO	[jepsen node n24] maelstrom.db: Tearing down n24
2024-02-24 19:27:51,477{GMT}	INFO	[jepsen node n0] maelstrom.net: Shutting down Maelstrom network
2024-02-24 19:27:51,491{GMT}	WARN	[jepsen test runner] jepsen.core: Test crashed!
clojure.lang.ExceptionInfo: Node n0 crashed with exit status 0. Before crashing, it wrote to STDOUT:



And to STDERR:



Full STDERR logs are available in /Users/danishsharma/go/src/gossip-glamers/efficient_broadcast_1/store/broadcast/20240224T192739.471+0530/node-logs/n0.log
	at slingshot.support$stack_trace.invoke(support.clj:201)
	at maelstrom.process$stop_node_BANG_.invokeStatic(process.clj:239)
	at maelstrom.process$stop_node_BANG_.invoke(process.clj:217)
	at maelstrom.db$db$reify__16142.teardown_BANG_(db.clj:75)
	at jepsen.db$fn__8744$G__8725__8748.invoke(db.clj:12)
	at jepsen.db$fn__8744$G__8724__8753.invoke(db.clj:12)
	at clojure.core$partial$fn__5908.invoke(core.clj:2642)
	at jepsen.control$on_nodes$fn__8599.invoke(control.clj:314)
	at clojure.lang.AFn.applyToHelper(AFn.java:154)
	at clojure.lang.AFn.applyTo(AFn.java:144)
	at clojure.core$apply.invokeStatic(core.clj:667)
	at clojure.core$with_bindings_STAR_.invokeStatic(core.clj:1990)
	at clojure.core$with_bindings_STAR_.doInvoke(core.clj:1990)
	at clojure.lang.RestFn.applyTo(RestFn.java:142)
	at clojure.core$apply.invokeStatic(core.clj:671)
	at clojure.core$bound_fn_STAR_$fn__5818.doInvoke(core.clj:2020)
	at clojure.lang.RestFn.invoke(RestFn.java:408)
	at dom_top.core$real_pmap_helper$build_thread__211$fn__212.invoke(core.clj:163)
	at clojure.lang.AFn.applyToHelper(AFn.java:152)
	at clojure.lang.AFn.applyTo(AFn.java:144)
	at clojure.core$apply.invokeStatic(core.clj:667)
	at clojure.core$with_bindings_STAR_.invokeStatic(core.clj:1990)
	at clojure.core$with_bindings_STAR_.doInvoke(core.clj:1990)
	at clojure.lang.RestFn.invoke(RestFn.java:425)
	at clojure.lang.AFn.applyToHelper(AFn.java:156)
	at clojure.lang.RestFn.applyTo(RestFn.java:132)
	at clojure.core$apply.invokeStatic(core.clj:671)
	at clojure.core$bound_fn_STAR_$fn__5818.doInvoke(core.clj:2020)
	at clojure.lang.RestFn.invoke(RestFn.java:397)
	at clojure.lang.AFn.run(AFn.java:22)
	at java.base/java.lang.Thread.run(Thread.java:1583)
