2024/02/23 16:28:20 Received {c1 n2 {"type":"init","node_id":"n2","node_ids":["n0","n1","n2","n3","n4"],"msg_id":1}}
2024/02/23 16:28:20 Node n2 initialized
2024/02/23 16:28:20 Sent {"src":"n2","dest":"c1","body":{"in_reply_to":1,"type":"init_ok"}}
2024/02/23 16:28:20 Received {c7 n2 {"type":"topology","topology":{"n0":["n3","n1"],"n1":["n4","n2","n0"],"n2":["n1"],"n3":["n0","n4"],"n4":["n1","n3"]},"msg_id":1}}
2024/02/23 16:28:20 Sent {"src":"n2","dest":"c7","body":{"in_reply_to":1,"type":"topology_ok"}}
2024/02/23 16:28:20 Received {c12 n2 {"type":"read","msg_id":1}}
2024/02/23 16:28:20 Sent {"src":"n2","dest":"c12","body":{"in_reply_to":1,"messages":[],"type":"read_ok"}}
2024/02/23 16:28:21 Received {c12 n2 {"type":"broadcast","message":2,"msg_id":2}}
2024/02/23 16:28:21 Sent {"src":"n2","dest":"c12","body":{"in_reply_to":2,"type":"broadcast_ok"}}
2024/02/23 16:28:21 Sent {"src":"n2","dest":"n4","body":{"message":2,"msg_id":2,"type":"broadcast"}}
2024/02/23 16:28:21 Sent {"src":"n2","dest":"n4","body":{"message":2,"msg_id":2,"type":"broadcast"}}
2024/02/23 16:28:21 Sent {"src":"n2","dest":"n4","body":{"message":2,"msg_id":2,"type":"broadcast"}}
2024/02/23 16:28:21 Sent {"src":"n2","dest":"n4","body":{"message":2,"msg_id":2,"type":"broadcast"}}
2024/02/23 16:28:21 Sent {"src":"n2","dest":"n4","body":{"message":2,"msg_id":2,"type":"broadcast"}}
2024/02/23 16:28:21 Received {n4 n2 {"in_reply_to":2,"type":"broadcast_ok"}}
2024/02/23 16:28:21 Ignoring reply to 2 with no callback
2024/02/23 16:28:21 Received {c12 n2 {"type":"broadcast","message":7,"msg_id":3}}
2024/02/23 16:28:21 Sent {"src":"n2","dest":"c12","body":{"in_reply_to":3,"type":"broadcast_ok"}}
2024/02/23 16:28:21 Sent {"src":"n2","dest":"n4","body":{"message":7,"msg_id":3,"type":"broadcast"}}
2024/02/23 16:28:21 Sent {"src":"n2","dest":"n4","body":{"message":7,"msg_id":3,"type":"broadcast"}}
2024/02/23 16:28:21 Sent {"src":"n2","dest":"n4","body":{"message":7,"msg_id":3,"type":"broadcast"}}
2024/02/23 16:28:21 Sent {"src":"n2","dest":"n4","body":{"message":7,"msg_id":3,"type":"broadcast"}}
2024/02/23 16:28:21 Sent {"src":"n2","dest":"n4","body":{"message":7,"msg_id":3,"type":"broadcast"}}
2024/02/23 16:28:21 Received {n4 n2 {"in_reply_to":3,"type":"broadcast_ok"}}
2024/02/23 16:28:21 Ignoring reply to 3 with no callback
2024/02/23 16:28:22 Received {c12 n2 {"type":"broadcast","message":11,"msg_id":4}}
2024/02/23 16:28:22 Sent {"src":"n2","dest":"n2","body":{"message":11,"msg_id":4,"type":"broadcast"}}
2024/02/23 16:28:22 Sent {"src":"n2","dest":"c12","body":{"in_reply_to":4,"type":"broadcast_ok"}}
2024/02/23 16:28:22 Sent {"src":"n2","dest":"n4","body":{"message":11,"msg_id":4,"type":"broadcast"}}
2024/02/23 16:28:22 Sent {"src":"n2","dest":"n4","body":{"message":11,"msg_id":4,"type":"broadcast"}}
2024/02/23 16:28:22 Sent {"src":"n2","dest":"n4","body":{"message":11,"msg_id":4,"type":"broadcast"}}
2024/02/23 16:28:22 Sent {"src":"n2","dest":"n4","body":{"message":11,"msg_id":4,"type":"broadcast"}}
2024/02/23 16:28:22 Received {n2 n2 {"message":11,"msg_id":4,"type":"broadcast"}}
2024/02/23 16:28:22 Received {n4 n2 {"in_reply_to":4,"type":"broadcast_ok"}}
2024/02/23 16:28:22 Ignoring reply to 4 with no callback
2024/02/23 16:28:22 Received {c12 n2 {"type":"read","msg_id":5}}
2024/02/23 16:28:22 Sent {"src":"n2","dest":"c12","body":{"in_reply_to":5,"messages":[2,7,11],"type":"read_ok"}}
2024/02/23 16:28:23 Received {c12 n2 {"type":"broadcast","message":20,"msg_id":6}}
2024/02/23 16:28:23 Sent {"src":"n2","dest":"n3","body":{"message":20,"msg_id":6,"type":"broadcast"}}
2024/02/23 16:28:23 Sent {"src":"n2","dest":"c12","body":{"in_reply_to":6,"type":"broadcast_ok"}}
2024/02/23 16:28:23 Sent {"src":"n2","dest":"n4","body":{"message":20,"msg_id":6,"type":"broadcast"}}
2024/02/23 16:28:23 Sent {"src":"n2","dest":"n4","body":{"message":20,"msg_id":6,"type":"broadcast"}}
2024/02/23 16:28:23 Sent {"src":"n2","dest":"n4","body":{"message":20,"msg_id":6,"type":"broadcast"}}
2024/02/23 16:28:23 Sent {"src":"n2","dest":"n4","body":{"message":20,"msg_id":6,"type":"broadcast"}}
2024/02/23 16:28:23 Received {n3 n2 {"in_reply_to":6,"type":"broadcast_ok"}}
2024/02/23 16:28:23 Ignoring reply to 6 with no callback
2024/02/23 16:28:23 Received {n4 n2 {"in_reply_to":6,"type":"broadcast_ok"}}
2024/02/23 16:28:23 Ignoring reply to 6 with no callback
2024/02/23 16:28:24 Received {c12 n2 {"type":"read","msg_id":7}}
2024/02/23 16:28:24 Sent {"src":"n2","dest":"c12","body":{"in_reply_to":7,"messages":[2,7,11,20],"type":"read_ok"}}
2024/02/23 16:28:24 Received {c12 n2 {"type":"broadcast","message":25,"msg_id":8}}
2024/02/23 16:28:24 Sent {"src":"n2","dest":"c12","body":{"in_reply_to":8,"type":"broadcast_ok"}}
2024/02/23 16:28:24 Sent {"src":"n2","dest":"n4","body":{"message":25,"msg_id":8,"type":"broadcast"}}
2024/02/23 16:28:24 Sent {"src":"n2","dest":"n4","body":{"message":25,"msg_id":8,"type":"broadcast"}}
2024/02/23 16:28:24 Sent {"src":"n2","dest":"n4","body":{"message":25,"msg_id":8,"type":"broadcast"}}
2024/02/23 16:28:24 Sent {"src":"n2","dest":"n4","body":{"message":25,"msg_id":8,"type":"broadcast"}}
2024/02/23 16:28:24 Sent {"src":"n2","dest":"n4","body":{"message":25,"msg_id":8,"type":"broadcast"}}
2024/02/23 16:28:24 Received {n4 n2 {"in_reply_to":8,"type":"broadcast_ok"}}
2024/02/23 16:28:24 Ignoring reply to 8 with no callback
2024/02/23 16:28:25 Received {c12 n2 {"type":"read","msg_id":9}}
2024/02/23 16:28:25 Sent {"src":"n2","dest":"c12","body":{"in_reply_to":9,"messages":[11,20,25,2,7],"type":"read_ok"}}
2024/02/23 16:28:25 Received {c12 n2 {"type":"broadcast","message":31,"msg_id":10}}
2024/02/23 16:28:25 Sent {"src":"n2","dest":"c12","body":{"in_reply_to":10,"type":"broadcast_ok"}}
2024/02/23 16:28:25 Sent {"src":"n2","dest":"n4","body":{"message":31,"msg_id":10,"type":"broadcast"}}
2024/02/23 16:28:25 Sent {"src":"n2","dest":"n4","body":{"message":31,"msg_id":10,"type":"broadcast"}}
2024/02/23 16:28:25 Sent {"src":"n2","dest":"n4","body":{"message":31,"msg_id":10,"type":"broadcast"}}
2024/02/23 16:28:25 Sent {"src":"n2","dest":"n4","body":{"message":31,"msg_id":10,"type":"broadcast"}}
2024/02/23 16:28:25 Sent {"src":"n2","dest":"n4","body":{"message":31,"msg_id":10,"type":"broadcast"}}
2024/02/23 16:28:25 Received {n4 n2 {"in_reply_to":10,"type":"broadcast_ok"}}
2024/02/23 16:28:25 Ignoring reply to 10 with no callback
2024/02/23 16:28:26 Received {c12 n2 {"type":"read","msg_id":11}}
2024/02/23 16:28:26 Sent {"src":"n2","dest":"c12","body":{"in_reply_to":11,"messages":[2,7,11,20,25,31],"type":"read_ok"}}
2024/02/23 16:28:27 Received {c12 n2 {"type":"broadcast","message":36,"msg_id":12}}
2024/02/23 16:28:27 Sent {"src":"n2","dest":"c12","body":{"in_reply_to":12,"type":"broadcast_ok"}}
2024/02/23 16:28:27 Sent {"src":"n2","dest":"n4","body":{"message":36,"msg_id":12,"type":"broadcast"}}
2024/02/23 16:28:27 Sent {"src":"n2","dest":"n4","body":{"message":36,"msg_id":12,"type":"broadcast"}}
2024/02/23 16:28:27 Sent {"src":"n2","dest":"n4","body":{"message":36,"msg_id":12,"type":"broadcast"}}
2024/02/23 16:28:27 Sent {"src":"n2","dest":"n4","body":{"message":36,"msg_id":12,"type":"broadcast"}}
2024/02/23 16:28:27 Sent {"src":"n2","dest":"n4","body":{"message":36,"msg_id":12,"type":"broadcast"}}
2024/02/23 16:28:27 Received {n4 n2 {"in_reply_to":12,"type":"broadcast_ok"}}
2024/02/23 16:28:27 Ignoring reply to 12 with no callback
2024/02/23 16:28:27 Received {c12 n2 {"type":"broadcast","message":41,"msg_id":13}}
2024/02/23 16:28:27 Sent {"src":"n2","dest":"c12","body":{"in_reply_to":13,"type":"broadcast_ok"}}
2024/02/23 16:28:27 Sent {"src":"n2","dest":"n4","body":{"message":41,"msg_id":13,"type":"broadcast"}}
2024/02/23 16:28:27 Sent {"src":"n2","dest":"n4","body":{"message":41,"msg_id":13,"type":"broadcast"}}
2024/02/23 16:28:27 Sent {"src":"n2","dest":"n4","body":{"message":41,"msg_id":13,"type":"broadcast"}}
2024/02/23 16:28:27 Sent {"src":"n2","dest":"n4","body":{"message":41,"msg_id":13,"type":"broadcast"}}
2024/02/23 16:28:27 Sent {"src":"n2","dest":"n4","body":{"message":41,"msg_id":13,"type":"broadcast"}}
2024/02/23 16:28:27 Received {n4 n2 {"in_reply_to":13,"type":"broadcast_ok"}}
2024/02/23 16:28:27 Ignoring reply to 13 with no callback
2024/02/23 16:28:28 Received {c12 n2 {"type":"broadcast","message":44,"msg_id":14}}
2024/02/23 16:28:28 Sent {"src":"n2","dest":"n4","body":{"message":44,"msg_id":14,"type":"broadcast"}}
2024/02/23 16:28:28 Sent {"src":"n2","dest":"c12","body":{"in_reply_to":14,"type":"broadcast_ok"}}
2024/02/23 16:28:28 Sent {"src":"n2","dest":"n4","body":{"message":44,"msg_id":14,"type":"broadcast"}}
2024/02/23 16:28:28 Sent {"src":"n2","dest":"n4","body":{"message":44,"msg_id":14,"type":"broadcast"}}
2024/02/23 16:28:28 Sent {"src":"n2","dest":"n4","body":{"message":44,"msg_id":14,"type":"broadcast"}}
2024/02/23 16:28:28 Sent {"src":"n2","dest":"n4","body":{"message":44,"msg_id":14,"type":"broadcast"}}
2024/02/23 16:28:28 Received {n4 n2 {"in_reply_to":14,"type":"broadcast_ok"}}
2024/02/23 16:28:28 Ignoring reply to 14 with no callback
2024/02/23 16:28:29 Received {c12 n2 {"type":"read","msg_id":15}}
2024/02/23 16:28:29 Sent {"src":"n2","dest":"c12","body":{"in_reply_to":15,"messages":[2,11,31,41,44,7,20,25,36],"type":"read_ok"}}
2024/02/23 16:28:29 Received {c12 n2 {"type":"read","msg_id":16}}
2024/02/23 16:28:29 Sent {"src":"n2","dest":"c12","body":{"in_reply_to":16,"messages":[41,2,11,31,36,44,7,20,25],"type":"read_ok"}}
2024/02/23 16:28:30 Received {c12 n2 {"type":"read","msg_id":17}}
2024/02/23 16:28:30 Sent {"src":"n2","dest":"c12","body":{"in_reply_to":17,"messages":[2,11,31,41,7,20,25,36,44],"type":"read_ok"}}
2024/02/23 16:28:31 Received {c12 n2 {"type":"read","msg_id":18}}
2024/02/23 16:28:31 Sent {"src":"n2","dest":"c12","body":{"in_reply_to":18,"messages":[7,20,25,36,44,2,11,31,41],"type":"read_ok"}}
2024/02/23 16:28:32 Received {c12 n2 {"type":"read","msg_id":19}}
2024/02/23 16:28:32 Sent {"src":"n2","dest":"c12","body":{"in_reply_to":19,"messages":[2,11,31,41,7,20,25,36,44],"type":"read_ok"}}
2024/02/23 16:28:32 Received {c12 n2 {"type":"broadcast","message":61,"msg_id":20}}
2024/02/23 16:28:32 Sent {"src":"n2","dest":"c12","body":{"in_reply_to":20,"type":"broadcast_ok"}}
2024/02/23 16:28:32 Sent {"src":"n2","dest":"n4","body":{"message":61,"msg_id":20,"type":"broadcast"}}
2024/02/23 16:28:32 Sent {"src":"n2","dest":"n4","body":{"message":61,"msg_id":20,"type":"broadcast"}}
2024/02/23 16:28:32 Sent {"src":"n2","dest":"n4","body":{"message":61,"msg_id":20,"type":"broadcast"}}
2024/02/23 16:28:32 Sent {"src":"n2","dest":"n4","body":{"message":61,"msg_id":20,"type":"broadcast"}}
2024/02/23 16:28:32 Sent {"src":"n2","dest":"n4","body":{"message":61,"msg_id":20,"type":"broadcast"}}
2024/02/23 16:28:32 Received {n4 n2 {"in_reply_to":20,"type":"broadcast_ok"}}
2024/02/23 16:28:32 Ignoring reply to 20 with no callback
2024/02/23 16:28:33 Received {c12 n2 {"type":"read","msg_id":21}}
2024/02/23 16:28:33 Sent {"src":"n2","dest":"c12","body":{"in_reply_to":21,"messages":[20,25,36,44,61,7,11,31,41,2],"type":"read_ok"}}
2024/02/23 16:28:34 Received {c12 n2 {"type":"read","msg_id":22}}
2024/02/23 16:28:34 Sent {"src":"n2","dest":"c12","body":{"in_reply_to":22,"messages":[20,25,36,44,61,7,11,31,41,2],"type":"read_ok"}}
2024/02/23 16:28:35 Received {c12 n2 {"type":"broadcast","message":70,"msg_id":23}}
2024/02/23 16:28:35 Sent {"src":"n2","dest":"c12","body":{"in_reply_to":23,"type":"broadcast_ok"}}
2024/02/23 16:28:35 Sent {"src":"n2","dest":"n4","body":{"message":70,"msg_id":23,"type":"broadcast"}}
2024/02/23 16:28:35 Sent {"src":"n2","dest":"n4","body":{"message":70,"msg_id":23,"type":"broadcast"}}
2024/02/23 16:28:35 Sent {"src":"n2","dest":"n4","body":{"message":70,"msg_id":23,"type":"broadcast"}}
2024/02/23 16:28:35 Sent {"src":"n2","dest":"n4","body":{"message":70,"msg_id":23,"type":"broadcast"}}
2024/02/23 16:28:35 Sent {"src":"n2","dest":"n4","body":{"message":70,"msg_id":23,"type":"broadcast"}}
2024/02/23 16:28:35 Received {n4 n2 {"in_reply_to":23,"type":"broadcast_ok"}}
2024/02/23 16:28:35 Ignoring reply to 23 with no callback
2024/02/23 16:28:35 Received {c12 n2 {"type":"read","msg_id":24}}
2024/02/23 16:28:35 Sent {"src":"n2","dest":"c12","body":{"in_reply_to":24,"messages":[2,11,31,41,70,7,20,25,36,44,61],"type":"read_ok"}}
2024/02/23 16:28:36 Received {c12 n2 {"type":"read","msg_id":25}}
2024/02/23 16:28:36 Sent {"src":"n2","dest":"c12","body":{"in_reply_to":25,"messages":[20,25,36,44,61,7,11,31,41,70,2],"type":"read_ok"}}
2024/02/23 16:28:37 Received {c12 n2 {"type":"broadcast","message":79,"msg_id":26}}
2024/02/23 16:28:37 Sent {"src":"n2","dest":"c12","body":{"in_reply_to":26,"type":"broadcast_ok"}}
2024/02/23 16:28:37 Sent {"src":"n2","dest":"n4","body":{"message":79,"msg_id":26,"type":"broadcast"}}
2024/02/23 16:28:37 Sent {"src":"n2","dest":"n4","body":{"message":79,"msg_id":26,"type":"broadcast"}}
2024/02/23 16:28:37 Sent {"src":"n2","dest":"n4","body":{"message":79,"msg_id":26,"type":"broadcast"}}
2024/02/23 16:28:37 Sent {"src":"n2","dest":"n4","body":{"message":79,"msg_id":26,"type":"broadcast"}}
2024/02/23 16:28:37 Sent {"src":"n2","dest":"n4","body":{"message":79,"msg_id":26,"type":"broadcast"}}
2024/02/23 16:28:37 Received {n4 n2 {"in_reply_to":26,"type":"broadcast_ok"}}
2024/02/23 16:28:37 Ignoring reply to 26 with no callback
2024/02/23 16:28:37 Received {c12 n2 {"type":"broadcast","message":83,"msg_id":27}}
2024/02/23 16:28:37 Sent {"src":"n2","dest":"c12","body":{"in_reply_to":27,"type":"broadcast_ok"}}
2024/02/23 16:28:37 Sent {"src":"n2","dest":"n4","body":{"message":83,"msg_id":27,"type":"broadcast"}}
2024/02/23 16:28:37 Sent {"src":"n2","dest":"n4","body":{"message":83,"msg_id":27,"type":"broadcast"}}
2024/02/23 16:28:37 Sent {"src":"n2","dest":"n4","body":{"message":83,"msg_id":27,"type":"broadcast"}}
2024/02/23 16:28:37 Sent {"src":"n2","dest":"n4","body":{"message":83,"msg_id":27,"type":"broadcast"}}
2024/02/23 16:28:37 Sent {"src":"n2","dest":"n4","body":{"message":83,"msg_id":27,"type":"broadcast"}}
2024/02/23 16:28:37 Received {n4 n2 {"in_reply_to":27,"type":"broadcast_ok"}}
2024/02/23 16:28:37 Ignoring reply to 27 with no callback
2024/02/23 16:28:38 Received {c12 n2 {"type":"read","msg_id":28}}
2024/02/23 16:28:38 Sent {"src":"n2","dest":"c12","body":{"in_reply_to":28,"messages":[79,83,7,20,25,36,44,61,2,11,31,41,70],"type":"read_ok"}}
2024/02/23 16:28:38 Received {c12 n2 {"type":"read","msg_id":29}}
2024/02/23 16:28:38 Sent {"src":"n2","dest":"c12","body":{"in_reply_to":29,"messages":[79,83,7,20,25,36,44,61,2,11,31,41,70],"type":"read_ok"}}
2024/02/23 16:28:39 Received {c12 n2 {"type":"broadcast","message":91,"msg_id":30}}
2024/02/23 16:28:39 Sent {"src":"n2","dest":"c12","body":{"in_reply_to":30,"type":"broadcast_ok"}}
2024/02/23 16:28:39 Sent {"src":"n2","dest":"n4","body":{"message":91,"msg_id":30,"type":"broadcast"}}
2024/02/23 16:28:39 Sent {"src":"n2","dest":"n4","body":{"message":91,"msg_id":30,"type":"broadcast"}}
2024/02/23 16:28:39 Sent {"src":"n2","dest":"n4","body":{"message":91,"msg_id":30,"type":"broadcast"}}
2024/02/23 16:28:39 Sent {"src":"n2","dest":"n4","body":{"message":91,"msg_id":30,"type":"broadcast"}}
2024/02/23 16:28:39 Sent {"src":"n2","dest":"n4","body":{"message":91,"msg_id":30,"type":"broadcast"}}
2024/02/23 16:28:39 Received {n4 n2 {"in_reply_to":30,"type":"broadcast_ok"}}
2024/02/23 16:28:39 Ignoring reply to 30 with no callback
2024/02/23 16:28:39 Received {c12 n2 {"type":"broadcast","message":94,"msg_id":31}}
2024/02/23 16:28:39 Sent {"src":"n2","dest":"c12","body":{"in_reply_to":31,"type":"broadcast_ok"}}
2024/02/23 16:28:39 Sent {"src":"n2","dest":"n4","body":{"message":94,"msg_id":31,"type":"broadcast"}}
2024/02/23 16:28:39 Sent {"src":"n2","dest":"n4","body":{"message":94,"msg_id":31,"type":"broadcast"}}
2024/02/23 16:28:39 Sent {"src":"n2","dest":"n4","body":{"message":94,"msg_id":31,"type":"broadcast"}}
2024/02/23 16:28:39 Sent {"src":"n2","dest":"n4","body":{"message":94,"msg_id":31,"type":"broadcast"}}
2024/02/23 16:28:39 Sent {"src":"n2","dest":"n4","body":{"message":94,"msg_id":31,"type":"broadcast"}}
2024/02/23 16:28:39 Received {n4 n2 {"in_reply_to":31,"type":"broadcast_ok"}}
2024/02/23 16:28:39 Ignoring reply to 31 with no callback
2024/02/23 16:28:50 Received {c12 n2 {"type":"read","msg_id":32}}
2024/02/23 16:28:50 Sent {"src":"n2","dest":"c12","body":{"in_reply_to":32,"messages":[20,25,61,79,11,41,91,94,7,36,44,83,2,31,70],"type":"read_ok"}}
