2024/02/23 16:28:20 Received {c0 n3 {"type":"init","node_id":"n3","node_ids":["n0","n1","n2","n3","n4"],"msg_id":1}}
2024/02/23 16:28:20 Node n3 initialized
2024/02/23 16:28:20 Sent {"src":"n3","dest":"c0","body":{"in_reply_to":1,"type":"init_ok"}}
2024/02/23 16:28:20 Received {c8 n3 {"type":"topology","topology":{"n0":["n3","n1"],"n1":["n4","n2","n0"],"n2":["n1"],"n3":["n0","n4"],"n4":["n1","n3"]},"msg_id":1}}
2024/02/23 16:28:20 Sent {"src":"n3","dest":"c8","body":{"in_reply_to":1,"type":"topology_ok"}}
2024/02/23 16:28:20 Received {c13 n3 {"type":"broadcast","message":1,"msg_id":1}}
2024/02/23 16:28:20 Sent {"src":"n3","dest":"c13","body":{"in_reply_to":1,"type":"broadcast_ok"}}
2024/02/23 16:28:20 Sent {"src":"n3","dest":"n4","body":{"message":1,"msg_id":1,"type":"broadcast"}}
2024/02/23 16:28:20 Sent {"src":"n3","dest":"n4","body":{"message":1,"msg_id":1,"type":"broadcast"}}
2024/02/23 16:28:20 Sent {"src":"n3","dest":"n4","body":{"message":1,"msg_id":1,"type":"broadcast"}}
2024/02/23 16:28:20 Sent {"src":"n3","dest":"n4","body":{"message":1,"msg_id":1,"type":"broadcast"}}
2024/02/23 16:28:20 Sent {"src":"n3","dest":"n4","body":{"message":1,"msg_id":1,"type":"broadcast"}}
2024/02/23 16:28:20 Received {n4 n3 {"in_reply_to":1,"type":"broadcast_ok"}}
2024/02/23 16:28:20 Ignoring reply to 1 with no callback
2024/02/23 16:28:21 Received {c13 n3 {"type":"broadcast","message":3,"msg_id":2}}
2024/02/23 16:28:21 Sent {"src":"n3","dest":"c13","body":{"in_reply_to":2,"type":"broadcast_ok"}}
2024/02/23 16:28:21 Sent {"src":"n3","dest":"n4","body":{"message":3,"msg_id":2,"type":"broadcast"}}
2024/02/23 16:28:21 Sent {"src":"n3","dest":"n4","body":{"message":3,"msg_id":2,"type":"broadcast"}}
2024/02/23 16:28:21 Sent {"src":"n3","dest":"n4","body":{"message":3,"msg_id":2,"type":"broadcast"}}
2024/02/23 16:28:21 Sent {"src":"n3","dest":"n4","body":{"message":3,"msg_id":2,"type":"broadcast"}}
2024/02/23 16:28:21 Sent {"src":"n3","dest":"n4","body":{"message":3,"msg_id":2,"type":"broadcast"}}
2024/02/23 16:28:21 Received {n4 n3 {"in_reply_to":2,"type":"broadcast_ok"}}
2024/02/23 16:28:21 Ignoring reply to 2 with no callback
2024/02/23 16:28:21 Received {n1 n3 {"message":6,"msg_id":3,"type":"broadcast"}}
2024/02/23 16:28:21 Sent {"src":"n3","dest":"n4","body":{"message":6,"msg_id":3,"type":"broadcast"}}
2024/02/23 16:28:21 Sent {"src":"n3","dest":"n4","body":{"message":6,"msg_id":3,"type":"broadcast"}}
2024/02/23 16:28:21 Sent {"src":"n3","dest":"n1","body":{"in_reply_to":3,"type":"broadcast_ok"}}
2024/02/23 16:28:21 Sent {"src":"n3","dest":"n4","body":{"message":6,"msg_id":3,"type":"broadcast"}}
2024/02/23 16:28:21 Sent {"src":"n3","dest":"n4","body":{"message":6,"msg_id":3,"type":"broadcast"}}
2024/02/23 16:28:21 Received {n1 n3 {"message":6,"msg_id":3,"type":"broadcast"}}
2024/02/23 16:28:21 Sent {"src":"n3","dest":"n4","body":{"message":6,"msg_id":3,"type":"broadcast"}}
2024/02/23 16:28:21 Received {c13 n3 {"type":"broadcast","message":8,"msg_id":3}}
2024/02/23 16:28:21 Sent {"src":"n3","dest":"n4","body":{"message":8,"msg_id":3,"type":"broadcast"}}
2024/02/23 16:28:21 Sent {"src":"n3","dest":"c13","body":{"in_reply_to":3,"type":"broadcast_ok"}}
2024/02/23 16:28:21 Sent {"src":"n3","dest":"n4","body":{"message":8,"msg_id":3,"type":"broadcast"}}
2024/02/23 16:28:21 Sent {"src":"n3","dest":"n4","body":{"message":8,"msg_id":3,"type":"broadcast"}}
2024/02/23 16:28:21 Sent {"src":"n3","dest":"n4","body":{"message":8,"msg_id":3,"type":"broadcast"}}
2024/02/23 16:28:21 Sent {"src":"n3","dest":"n4","body":{"message":8,"msg_id":3,"type":"broadcast"}}
2024/02/23 16:28:21 Received {n4 n3 {"in_reply_to":3,"type":"broadcast_ok"}}
2024/02/23 16:28:21 Ignoring reply to 3 with no callback
2024/02/23 16:28:22 Received {c13 n3 {"type":"broadcast","message":12,"msg_id":4}}
2024/02/23 16:28:22 Sent {"src":"n3","dest":"c13","body":{"in_reply_to":4,"type":"broadcast_ok"}}
2024/02/23 16:28:22 Sent {"src":"n3","dest":"n4","body":{"message":12,"msg_id":4,"type":"broadcast"}}
2024/02/23 16:28:22 Sent {"src":"n3","dest":"n4","body":{"message":12,"msg_id":4,"type":"broadcast"}}
2024/02/23 16:28:22 Sent {"src":"n3","dest":"n4","body":{"message":12,"msg_id":4,"type":"broadcast"}}
2024/02/23 16:28:22 Sent {"src":"n3","dest":"n4","body":{"message":12,"msg_id":4,"type":"broadcast"}}
2024/02/23 16:28:22 Sent {"src":"n3","dest":"n4","body":{"message":12,"msg_id":4,"type":"broadcast"}}
2024/02/23 16:28:22 Received {n4 n3 {"in_reply_to":4,"type":"broadcast_ok"}}
2024/02/23 16:28:22 Ignoring reply to 4 with no callback
2024/02/23 16:28:22 Received {c13 n3 {"type":"broadcast","message":15,"msg_id":5}}
2024/02/23 16:28:22 Sent {"src":"n3","dest":"c13","body":{"in_reply_to":5,"type":"broadcast_ok"}}
2024/02/23 16:28:22 Sent {"src":"n3","dest":"n4","body":{"message":15,"msg_id":5,"type":"broadcast"}}
2024/02/23 16:28:22 Sent {"src":"n3","dest":"n4","body":{"message":15,"msg_id":5,"type":"broadcast"}}
2024/02/23 16:28:22 Sent {"src":"n3","dest":"n4","body":{"message":15,"msg_id":5,"type":"broadcast"}}
2024/02/23 16:28:22 Sent {"src":"n3","dest":"n4","body":{"message":15,"msg_id":5,"type":"broadcast"}}
2024/02/23 16:28:22 Sent {"src":"n3","dest":"n4","body":{"message":15,"msg_id":5,"type":"broadcast"}}
2024/02/23 16:28:22 Received {n4 n3 {"in_reply_to":5,"type":"broadcast_ok"}}
2024/02/23 16:28:22 Ignoring reply to 5 with no callback
2024/02/23 16:28:23 Received {n2 n3 {"message":20,"msg_id":6,"type":"broadcast"}}
2024/02/23 16:28:23 Sent {"src":"n3","dest":"n2","body":{"in_reply_to":6,"type":"broadcast_ok"}}
2024/02/23 16:28:23 Sent {"src":"n3","dest":"n4","body":{"message":20,"msg_id":6,"type":"broadcast"}}
2024/02/23 16:28:23 Sent {"src":"n3","dest":"n4","body":{"message":20,"msg_id":6,"type":"broadcast"}}
2024/02/23 16:28:23 Sent {"src":"n3","dest":"n4","body":{"message":20,"msg_id":6,"type":"broadcast"}}
2024/02/23 16:28:23 Sent {"src":"n3","dest":"n4","body":{"message":20,"msg_id":6,"type":"broadcast"}}
2024/02/23 16:28:23 Sent {"src":"n3","dest":"n4","body":{"message":20,"msg_id":6,"type":"broadcast"}}
2024/02/23 16:28:23 Received {c13 n3 {"type":"broadcast","message":21,"msg_id":6}}
2024/02/23 16:28:23 Sent {"src":"n3","dest":"c13","body":{"in_reply_to":6,"type":"broadcast_ok"}}
2024/02/23 16:28:23 Sent {"src":"n3","dest":"n4","body":{"message":21,"msg_id":6,"type":"broadcast"}}
2024/02/23 16:28:23 Sent {"src":"n3","dest":"n4","body":{"message":21,"msg_id":6,"type":"broadcast"}}
2024/02/23 16:28:23 Sent {"src":"n3","dest":"n4","body":{"message":21,"msg_id":6,"type":"broadcast"}}
2024/02/23 16:28:23 Sent {"src":"n3","dest":"n4","body":{"message":21,"msg_id":6,"type":"broadcast"}}
2024/02/23 16:28:23 Sent {"src":"n3","dest":"n4","body":{"message":21,"msg_id":6,"type":"broadcast"}}
2024/02/23 16:28:23 Received {n4 n3 {"in_reply_to":6,"type":"broadcast_ok"}}
2024/02/23 16:28:23 Ignoring reply to 6 with no callback
2024/02/23 16:28:23 Received {n4 n3 {"message":23,"msg_id":12,"type":"broadcast"}}
2024/02/23 16:28:23 Sent {"src":"n3","dest":"n4","body":{"message":23,"msg_id":12,"type":"broadcast"}}
2024/02/23 16:28:23 Sent {"src":"n3","dest":"n4","body":{"in_reply_to":12,"type":"broadcast_ok"}}
2024/02/23 16:28:23 Sent {"src":"n3","dest":"n4","body":{"message":23,"msg_id":12,"type":"broadcast"}}
2024/02/23 16:28:23 Sent {"src":"n3","dest":"n4","body":{"message":23,"msg_id":12,"type":"broadcast"}}
2024/02/23 16:28:23 Sent {"src":"n3","dest":"n4","body":{"message":23,"msg_id":12,"type":"broadcast"}}
2024/02/23 16:28:23 Sent {"src":"n3","dest":"n4","body":{"message":23,"msg_id":12,"type":"broadcast"}}
2024/02/23 16:28:24 Received {c13 n3 {"type":"read","msg_id":7}}
2024/02/23 16:28:24 Sent {"src":"n3","dest":"c13","body":{"in_reply_to":7,"messages":[23,3,6,8,12,20,21,1,15],"type":"read_ok"}}
2024/02/23 16:28:24 Received {c13 n3 {"type":"read","msg_id":8}}
2024/02/23 16:28:24 Sent {"src":"n3","dest":"c13","body":{"in_reply_to":8,"messages":[6,8,12,20,21,23,3,15,1],"type":"read_ok"}}
2024/02/23 16:28:25 Received {c13 n3 {"type":"broadcast","message":27,"msg_id":9}}
2024/02/23 16:28:25 Sent {"src":"n3","dest":"c13","body":{"in_reply_to":9,"type":"broadcast_ok"}}
2024/02/23 16:28:25 Sent {"src":"n3","dest":"n4","body":{"message":27,"msg_id":9,"type":"broadcast"}}
2024/02/23 16:28:25 Sent {"src":"n3","dest":"n4","body":{"message":27,"msg_id":9,"type":"broadcast"}}
2024/02/23 16:28:25 Sent {"src":"n3","dest":"n4","body":{"message":27,"msg_id":9,"type":"broadcast"}}
2024/02/23 16:28:25 Sent {"src":"n3","dest":"n4","body":{"message":27,"msg_id":9,"type":"broadcast"}}
2024/02/23 16:28:25 Sent {"src":"n3","dest":"n4","body":{"message":27,"msg_id":9,"type":"broadcast"}}
2024/02/23 16:28:25 Received {n4 n3 {"in_reply_to":9,"type":"broadcast_ok"}}
2024/02/23 16:28:25 Ignoring reply to 9 with no callback
2024/02/23 16:28:25 Received {c13 n3 {"type":"broadcast","message":32,"msg_id":10}}
2024/02/23 16:28:25 Sent {"src":"n3","dest":"n4","body":{"message":32,"msg_id":10,"type":"broadcast"}}
2024/02/23 16:28:25 Sent {"src":"n3","dest":"n4","body":{"message":32,"msg_id":10,"type":"broadcast"}}
2024/02/23 16:28:25 Sent {"src":"n3","dest":"n4","body":{"message":32,"msg_id":10,"type":"broadcast"}}
2024/02/23 16:28:25 Sent {"src":"n3","dest":"n4","body":{"message":32,"msg_id":10,"type":"broadcast"}}
2024/02/23 16:28:25 Sent {"src":"n3","dest":"n4","body":{"message":32,"msg_id":10,"type":"broadcast"}}
2024/02/23 16:28:25 Sent {"src":"n3","dest":"c13","body":{"in_reply_to":10,"type":"broadcast_ok"}}
2024/02/23 16:28:25 Received {n4 n3 {"in_reply_to":10,"type":"broadcast_ok"}}
2024/02/23 16:28:25 Ignoring reply to 10 with no callback
2024/02/23 16:28:26 Received {c13 n3 {"type":"read","msg_id":11}}
2024/02/23 16:28:26 Sent {"src":"n3","dest":"c13","body":{"in_reply_to":11,"messages":[6,8,12,20,21,23,27,3,15,32,1],"type":"read_ok"}}
2024/02/23 16:28:27 Received {c13 n3 {"type":"broadcast","message":37,"msg_id":12}}
2024/02/23 16:28:27 Sent {"src":"n3","dest":"c13","body":{"in_reply_to":12,"type":"broadcast_ok"}}
2024/02/23 16:28:27 Sent {"src":"n3","dest":"n4","body":{"message":37,"msg_id":12,"type":"broadcast"}}
2024/02/23 16:28:27 Sent {"src":"n3","dest":"n4","body":{"message":37,"msg_id":12,"type":"broadcast"}}
2024/02/23 16:28:27 Sent {"src":"n3","dest":"n4","body":{"message":37,"msg_id":12,"type":"broadcast"}}
2024/02/23 16:28:27 Sent {"src":"n3","dest":"n4","body":{"message":37,"msg_id":12,"type":"broadcast"}}
2024/02/23 16:28:27 Sent {"src":"n3","dest":"n4","body":{"message":37,"msg_id":12,"type":"broadcast"}}
2024/02/23 16:28:27 Received {n4 n3 {"in_reply_to":12,"type":"broadcast_ok"}}
2024/02/23 16:28:27 Ignoring reply to 12 with no callback
2024/02/23 16:28:27 Received {c13 n3 {"type":"read","msg_id":13}}
2024/02/23 16:28:27 Sent {"src":"n3","dest":"c13","body":{"in_reply_to":13,"messages":[37,1,15,32,12,20,21,23,27,3,6,8],"type":"read_ok"}}
2024/02/23 16:28:28 Received {c13 n3 {"type":"read","msg_id":14}}
2024/02/23 16:28:28 Sent {"src":"n3","dest":"c13","body":{"in_reply_to":14,"messages":[37,1,15,32,12,20,21,23,27,3,6,8],"type":"read_ok"}}
2024/02/23 16:28:29 Received {c13 n3 {"type":"read","msg_id":15}}
2024/02/23 16:28:29 Sent {"src":"n3","dest":"c13","body":{"in_reply_to":15,"messages":[1,15,32,37,20,21,23,27,3,6,8,12],"type":"read_ok"}}
2024/02/23 16:28:29 Received {c13 n3 {"type":"broadcast","message":49,"msg_id":16}}
2024/02/23 16:28:29 Sent {"src":"n3","dest":"c13","body":{"in_reply_to":16,"type":"broadcast_ok"}}
2024/02/23 16:28:29 Sent {"src":"n3","dest":"n4","body":{"message":49,"msg_id":16,"type":"broadcast"}}
2024/02/23 16:28:29 Sent {"src":"n3","dest":"n4","body":{"message":49,"msg_id":16,"type":"broadcast"}}
2024/02/23 16:28:29 Sent {"src":"n3","dest":"n4","body":{"message":49,"msg_id":16,"type":"broadcast"}}
2024/02/23 16:28:29 Sent {"src":"n3","dest":"n4","body":{"message":49,"msg_id":16,"type":"broadcast"}}
2024/02/23 16:28:29 Sent {"src":"n3","dest":"n4","body":{"message":49,"msg_id":16,"type":"broadcast"}}
2024/02/23 16:28:29 Received {n4 n3 {"in_reply_to":16,"type":"broadcast_ok"}}
2024/02/23 16:28:29 Ignoring reply to 16 with no callback
2024/02/23 16:28:30 Received {c13 n3 {"type":"broadcast","message":54,"msg_id":17}}
2024/02/23 16:28:30 Sent {"src":"n3","dest":"c13","body":{"in_reply_to":17,"type":"broadcast_ok"}}
2024/02/23 16:28:30 Sent {"src":"n3","dest":"n4","body":{"message":54,"msg_id":17,"type":"broadcast"}}
2024/02/23 16:28:30 Sent {"src":"n3","dest":"n4","body":{"message":54,"msg_id":17,"type":"broadcast"}}
2024/02/23 16:28:30 Sent {"src":"n3","dest":"n4","body":{"message":54,"msg_id":17,"type":"broadcast"}}
2024/02/23 16:28:30 Sent {"src":"n3","dest":"n4","body":{"message":54,"msg_id":17,"type":"broadcast"}}
2024/02/23 16:28:30 Sent {"src":"n3","dest":"n4","body":{"message":54,"msg_id":17,"type":"broadcast"}}
2024/02/23 16:28:30 Received {n4 n3 {"in_reply_to":17,"type":"broadcast_ok"}}
2024/02/23 16:28:30 Ignoring reply to 17 with no callback
2024/02/23 16:28:30 Received {n0 n3 {"message":56,"msg_id":35,"type":"broadcast"}}
2024/02/23 16:28:30 Sent {"src":"n3","dest":"n0","body":{"in_reply_to":35,"type":"broadcast_ok"}}
2024/02/23 16:28:30 Sent {"src":"n3","dest":"n4","body":{"message":56,"msg_id":35,"type":"broadcast"}}
2024/02/23 16:28:30 Sent {"src":"n3","dest":"n4","body":{"message":56,"msg_id":35,"type":"broadcast"}}
2024/02/23 16:28:30 Sent {"src":"n3","dest":"n4","body":{"message":56,"msg_id":35,"type":"broadcast"}}
2024/02/23 16:28:30 Sent {"src":"n3","dest":"n4","body":{"message":56,"msg_id":35,"type":"broadcast"}}
2024/02/23 16:28:30 Sent {"src":"n3","dest":"n4","body":{"message":56,"msg_id":35,"type":"broadcast"}}
2024/02/23 16:28:31 Received {c13 n3 {"type":"read","msg_id":18}}
2024/02/23 16:28:31 Sent {"src":"n3","dest":"c13","body":{"in_reply_to":18,"messages":[37,23,27,54,56,6,8,12,49,1,15,32,3,20,21],"type":"read_ok"}}
2024/02/23 16:28:31 Received {n0 n3 {"message":59,"msg_id":37,"type":"broadcast"}}
2024/02/23 16:28:31 Sent {"src":"n3","dest":"n4","body":{"message":59,"msg_id":37,"type":"broadcast"}}
2024/02/23 16:28:31 Sent {"src":"n3","dest":"n0","body":{"in_reply_to":37,"type":"broadcast_ok"}}
2024/02/23 16:28:31 Sent {"src":"n3","dest":"n4","body":{"message":59,"msg_id":37,"type":"broadcast"}}
2024/02/23 16:28:31 Sent {"src":"n3","dest":"n4","body":{"message":59,"msg_id":37,"type":"broadcast"}}
2024/02/23 16:28:31 Sent {"src":"n3","dest":"n4","body":{"message":59,"msg_id":37,"type":"broadcast"}}
2024/02/23 16:28:31 Sent {"src":"n3","dest":"n4","body":{"message":59,"msg_id":37,"type":"broadcast"}}
2024/02/23 16:28:32 Received {c13 n3 {"type":"broadcast","message":60,"msg_id":19}}
2024/02/23 16:28:32 Sent {"src":"n3","dest":"c13","body":{"in_reply_to":19,"type":"broadcast_ok"}}
2024/02/23 16:28:32 Sent {"src":"n3","dest":"n4","body":{"message":60,"msg_id":19,"type":"broadcast"}}
2024/02/23 16:28:32 Sent {"src":"n3","dest":"n4","body":{"message":60,"msg_id":19,"type":"broadcast"}}
2024/02/23 16:28:32 Sent {"src":"n3","dest":"n4","body":{"message":60,"msg_id":19,"type":"broadcast"}}
2024/02/23 16:28:32 Sent {"src":"n3","dest":"n4","body":{"message":60,"msg_id":19,"type":"broadcast"}}
2024/02/23 16:28:32 Sent {"src":"n3","dest":"n4","body":{"message":60,"msg_id":19,"type":"broadcast"}}
2024/02/23 16:28:32 Received {n4 n3 {"in_reply_to":19,"type":"broadcast_ok"}}
2024/02/23 16:28:32 Ignoring reply to 19 with no callback
2024/02/23 16:28:32 Received {c13 n3 {"type":"read","msg_id":20}}
2024/02/23 16:28:32 Sent {"src":"n3","dest":"c13","body":{"in_reply_to":20,"messages":[37,8,12,23,27,54,56,6,15,32,49,59,1,20,21,60,3],"type":"read_ok"}}
2024/02/23 16:28:33 Received {c13 n3 {"type":"broadcast","message":63,"msg_id":21}}
2024/02/23 16:28:33 Sent {"src":"n3","dest":"c13","body":{"in_reply_to":21,"type":"broadcast_ok"}}
2024/02/23 16:28:33 Sent {"src":"n3","dest":"n4","body":{"message":63,"msg_id":21,"type":"broadcast"}}
2024/02/23 16:28:33 Sent {"src":"n3","dest":"n4","body":{"message":63,"msg_id":21,"type":"broadcast"}}
2024/02/23 16:28:33 Sent {"src":"n3","dest":"n4","body":{"message":63,"msg_id":21,"type":"broadcast"}}
2024/02/23 16:28:33 Sent {"src":"n3","dest":"n4","body":{"message":63,"msg_id":21,"type":"broadcast"}}
2024/02/23 16:28:33 Sent {"src":"n3","dest":"n4","body":{"message":63,"msg_id":21,"type":"broadcast"}}
2024/02/23 16:28:33 Received {n4 n3 {"in_reply_to":21,"type":"broadcast_ok"}}
2024/02/23 16:28:33 Ignoring reply to 21 with no callback
2024/02/23 16:28:34 Received {c13 n3 {"type":"broadcast","message":68,"msg_id":22}}
2024/02/23 16:28:34 Sent {"src":"n3","dest":"c13","body":{"in_reply_to":22,"type":"broadcast_ok"}}
2024/02/23 16:28:34 Sent {"src":"n3","dest":"n4","body":{"message":68,"msg_id":22,"type":"broadcast"}}
2024/02/23 16:28:34 Sent {"src":"n3","dest":"n4","body":{"message":68,"msg_id":22,"type":"broadcast"}}
2024/02/23 16:28:34 Sent {"src":"n3","dest":"n4","body":{"message":68,"msg_id":22,"type":"broadcast"}}
2024/02/23 16:28:34 Sent {"src":"n3","dest":"n4","body":{"message":68,"msg_id":22,"type":"broadcast"}}
2024/02/23 16:28:34 Sent {"src":"n3","dest":"n4","body":{"message":68,"msg_id":22,"type":"broadcast"}}
2024/02/23 16:28:34 Received {n4 n3 {"in_reply_to":22,"type":"broadcast_ok"}}
2024/02/23 16:28:34 Ignoring reply to 22 with no callback
2024/02/23 16:28:35 Received {c13 n3 {"type":"broadcast","message":71,"msg_id":23}}
2024/02/23 16:28:35 Sent {"src":"n3","dest":"c13","body":{"in_reply_to":23,"type":"broadcast_ok"}}
2024/02/23 16:28:35 Sent {"src":"n3","dest":"n4","body":{"message":71,"msg_id":23,"type":"broadcast"}}
2024/02/23 16:28:35 Sent {"src":"n3","dest":"n4","body":{"message":71,"msg_id":23,"type":"broadcast"}}
2024/02/23 16:28:35 Sent {"src":"n3","dest":"n4","body":{"message":71,"msg_id":23,"type":"broadcast"}}
2024/02/23 16:28:35 Sent {"src":"n3","dest":"n4","body":{"message":71,"msg_id":23,"type":"broadcast"}}
2024/02/23 16:28:35 Sent {"src":"n3","dest":"n4","body":{"message":71,"msg_id":23,"type":"broadcast"}}
2024/02/23 16:28:35 Received {n4 n3 {"in_reply_to":23,"type":"broadcast_ok"}}
2024/02/23 16:28:35 Ignoring reply to 23 with no callback
2024/02/23 16:28:35 Received {c13 n3 {"type":"broadcast","message":74,"msg_id":24}}
2024/02/23 16:28:35 Sent {"src":"n3","dest":"c13","body":{"in_reply_to":24,"type":"broadcast_ok"}}
2024/02/23 16:28:35 Sent {"src":"n3","dest":"n4","body":{"message":74,"msg_id":24,"type":"broadcast"}}
2024/02/23 16:28:35 Sent {"src":"n3","dest":"n4","body":{"message":74,"msg_id":24,"type":"broadcast"}}
2024/02/23 16:28:35 Sent {"src":"n3","dest":"n4","body":{"message":74,"msg_id":24,"type":"broadcast"}}
2024/02/23 16:28:35 Sent {"src":"n3","dest":"n4","body":{"message":74,"msg_id":24,"type":"broadcast"}}
2024/02/23 16:28:35 Sent {"src":"n3","dest":"n4","body":{"message":74,"msg_id":24,"type":"broadcast"}}
2024/02/23 16:28:35 Received {n4 n3 {"in_reply_to":24,"type":"broadcast_ok"}}
2024/02/23 16:28:35 Ignoring reply to 24 with no callback
2024/02/23 16:28:35 Received {n4 n3 {"message":74,"msg_id":24,"type":"broadcast"}}
2024/02/23 16:28:36 Received {c13 n3 {"type":"read","msg_id":25}}
2024/02/23 16:28:36 Sent {"src":"n3","dest":"c13","body":{"in_reply_to":25,"messages":[68,71,1,15,32,49,59,3,20,21,60,74,37,63,54,56,6,8,12,23,27],"type":"read_ok"}}
2024/02/23 16:28:37 Received {c13 n3 {"type":"broadcast","message":80,"msg_id":26}}
2024/02/23 16:28:37 Sent {"src":"n3","dest":"c13","body":{"in_reply_to":26,"type":"broadcast_ok"}}
2024/02/23 16:28:37 Sent {"src":"n3","dest":"n4","body":{"message":80,"msg_id":26,"type":"broadcast"}}
2024/02/23 16:28:37 Sent {"src":"n3","dest":"n4","body":{"message":80,"msg_id":26,"type":"broadcast"}}
2024/02/23 16:28:37 Sent {"src":"n3","dest":"n4","body":{"message":80,"msg_id":26,"type":"broadcast"}}
2024/02/23 16:28:37 Sent {"src":"n3","dest":"n4","body":{"message":80,"msg_id":26,"type":"broadcast"}}
2024/02/23 16:28:37 Sent {"src":"n3","dest":"n4","body":{"message":80,"msg_id":26,"type":"broadcast"}}
2024/02/23 16:28:37 Received {n4 n3 {"in_reply_to":26,"type":"broadcast_ok"}}
2024/02/23 16:28:37 Ignoring reply to 26 with no callback
2024/02/23 16:28:37 Received {c13 n3 {"type":"broadcast","message":84,"msg_id":27}}
2024/02/23 16:28:37 Sent {"src":"n3","dest":"c13","body":{"in_reply_to":27,"type":"broadcast_ok"}}
2024/02/23 16:28:37 Sent {"src":"n3","dest":"n4","body":{"message":84,"msg_id":27,"type":"broadcast"}}
2024/02/23 16:28:37 Sent {"src":"n3","dest":"n4","body":{"message":84,"msg_id":27,"type":"broadcast"}}
2024/02/23 16:28:37 Sent {"src":"n3","dest":"n4","body":{"message":84,"msg_id":27,"type":"broadcast"}}
2024/02/23 16:28:37 Sent {"src":"n3","dest":"n4","body":{"message":84,"msg_id":27,"type":"broadcast"}}
2024/02/23 16:28:37 Sent {"src":"n3","dest":"n4","body":{"message":84,"msg_id":27,"type":"broadcast"}}
2024/02/23 16:28:37 Received {n4 n3 {"in_reply_to":27,"type":"broadcast_ok"}}
2024/02/23 16:28:37 Ignoring reply to 27 with no callback
2024/02/23 16:28:38 Received {c13 n3 {"type":"read","msg_id":28}}
2024/02/23 16:28:38 Sent {"src":"n3","dest":"c13","body":{"in_reply_to":28,"messages":[37,63,84,27,54,56,6,8,12,23,59,68,71,80,1,15,32,49,74,3,20,21,60],"type":"read_ok"}}
2024/02/23 16:28:38 Received {c13 n3 {"type":"read","msg_id":29}}
2024/02/23 16:28:38 Sent {"src":"n3","dest":"c13","body":{"in_reply_to":29,"messages":[74,3,20,21,60,37,63,84,27,54,56,6,8,12,23,59,68,71,80,1,15,32,49],"type":"read_ok"}}
2024/02/23 16:28:39 Received {c13 n3 {"type":"broadcast","message":92,"msg_id":30}}
2024/02/23 16:28:39 Sent {"src":"n3","dest":"n3","body":{"message":92,"msg_id":30,"type":"broadcast"}}
2024/02/23 16:28:39 Sent {"src":"n3","dest":"c13","body":{"in_reply_to":30,"type":"broadcast_ok"}}
2024/02/23 16:28:39 Sent {"src":"n3","dest":"n4","body":{"message":92,"msg_id":30,"type":"broadcast"}}
2024/02/23 16:28:39 Sent {"src":"n3","dest":"n4","body":{"message":92,"msg_id":30,"type":"broadcast"}}
2024/02/23 16:28:39 Sent {"src":"n3","dest":"n4","body":{"message":92,"msg_id":30,"type":"broadcast"}}
2024/02/23 16:28:39 Sent {"src":"n3","dest":"n4","body":{"message":92,"msg_id":30,"type":"broadcast"}}
2024/02/23 16:28:39 Received {n3 n3 {"message":92,"msg_id":30,"type":"broadcast"}}
2024/02/23 16:28:39 Received {n4 n3 {"in_reply_to":30,"type":"broadcast_ok"}}
2024/02/23 16:28:39 Ignoring reply to 30 with no callback
2024/02/23 16:28:40 Received {c13 n3 {"type":"read","msg_id":31}}
2024/02/23 16:28:40 Sent {"src":"n3","dest":"c13","body":{"in_reply_to":31,"messages":[37,63,84,6,8,12,23,27,54,56,80,1,15,32,49,59,68,71,3,20,21,60,74,92],"type":"read_ok"}}
2024/02/23 16:28:50 Received {c13 n3 {"type":"read","msg_id":32}}
2024/02/23 16:28:50 Sent {"src":"n3","dest":"c13","body":{"in_reply_to":32,"messages":[59,68,71,80,1,15,32,49,74,92,3,20,21,60,37,63,84,27,54,56,6,8,12,23],"type":"read_ok"}}
