2024/02/23 19:16:19 Received {c4 n0 {"type":"init","node_id":"n0","node_ids":["n0","n1","n2","n3","n4"],"msg_id":1}}
2024/02/23 19:16:19 Node n0 initialized
2024/02/23 19:16:19 Sent {"src":"n0","dest":"c4","body":{"in_reply_to":1,"type":"init_ok"}}
2024/02/23 19:16:19 Received {c5 n0 {"type":"topology","topology":{"n0":["n3","n1"],"n1":["n4","n2","n0"],"n2":["n1"],"n3":["n0","n4"],"n4":["n1","n3"]},"msg_id":1}}
2024/02/23 19:16:19 Sent {"src":"n0","dest":"c5","body":{"in_reply_to":1,"type":"topology_ok"}}
2024/02/23 19:16:20 Received {c14 n0 {"type":"read","msg_id":1}}
2024/02/23 19:16:20 Sent {"src":"n0","dest":"c14","body":{"in_reply_to":1,"messages":[],"type":"read_ok"}}
2024/02/23 19:16:20 Received {c14 n0 {"type":"broadcast","message":1,"msg_id":2}}
2024/02/23 19:16:20 Sent {"src":"n0","dest":"c14","body":{"in_reply_to":2,"type":"broadcast_ok"}}
2024/02/23 19:16:20 Sent {"src":"n0","dest":"n4","body":{"message":1,"msg_id":2,"type":"broadcast"}}
2024/02/23 19:16:20 Sent {"src":"n0","dest":"n3","body":{"message":1,"msg_id":2,"type":"broadcast"}}
2024/02/23 19:16:20 Sent {"src":"n0","dest":"n1","body":{"message":1,"msg_id":2,"type":"broadcast"}}
2024/02/23 19:16:20 Sent {"src":"n0","dest":"n2","body":{"message":1,"msg_id":2,"type":"broadcast"}}
2024/02/23 19:16:20 Sent {"src":"n0","dest":"n0","body":{"message":1,"msg_id":2,"type":"broadcast"}}
2024/02/23 19:16:20 Received {n4 n0 {"in_reply_to":2,"type":"broadcast_ok"}}
2024/02/23 19:16:20 Ignoring reply to 2 with no callback
2024/02/23 19:16:20 Received {n3 n0 {"in_reply_to":2,"type":"broadcast_ok"}}
2024/02/23 19:16:20 Ignoring reply to 2 with no callback
2024/02/23 19:16:20 Received {n0 n0 {"message":1,"msg_id":2,"type":"broadcast"}}
2024/02/23 19:16:20 Received {n3 n0 {"message":1,"msg_id":2,"type":"broadcast"}}
2024/02/23 19:16:20 Received {n4 n0 {"message":1,"msg_id":2,"type":"broadcast"}}
2024/02/23 19:16:20 Received {c14 n0 {"type":"broadcast","message":3,"msg_id":3}}
2024/02/23 19:16:20 Sent {"src":"n0","dest":"n1","body":{"message":3,"msg_id":3,"type":"broadcast"}}
2024/02/23 19:16:20 Sent {"src":"n0","dest":"c14","body":{"in_reply_to":3,"type":"broadcast_ok"}}
2024/02/23 19:16:20 Sent {"src":"n0","dest":"n0","body":{"message":3,"msg_id":3,"type":"broadcast"}}
2024/02/23 19:16:20 Sent {"src":"n0","dest":"n2","body":{"message":3,"msg_id":3,"type":"broadcast"}}
2024/02/23 19:16:20 Sent {"src":"n0","dest":"n4","body":{"message":3,"msg_id":3,"type":"broadcast"}}
2024/02/23 19:16:20 Sent {"src":"n0","dest":"n3","body":{"message":3,"msg_id":3,"type":"broadcast"}}
2024/02/23 19:16:20 Received {n0 n0 {"message":3,"msg_id":3,"type":"broadcast"}}
2024/02/23 19:16:20 Received {n3 n0 {"in_reply_to":3,"type":"broadcast_ok"}}
2024/02/23 19:16:20 Ignoring reply to 3 with no callback
2024/02/23 19:16:20 Received {n3 n0 {"message":3,"msg_id":3,"type":"broadcast"}}
2024/02/23 19:16:20 Received {n4 n0 {"in_reply_to":3,"type":"broadcast_ok"}}
2024/02/23 19:16:20 Ignoring reply to 3 with no callback
2024/02/23 19:16:20 Received {n4 n0 {"message":3,"msg_id":3,"type":"broadcast"}}
2024/02/23 19:16:20 Received {c14 n0 {"type":"read","msg_id":4}}
2024/02/23 19:16:20 Sent {"src":"n0","dest":"c14","body":{"in_reply_to":4,"messages":[0,0,1,3],"type":"read_ok"}}
2024/02/23 19:16:21 Received {n4 n0 {"message":5,"msg_id":3,"type":"broadcast"}}
2024/02/23 19:16:21 Sent {"src":"n0","dest":"n4","body":{"in_reply_to":3,"type":"broadcast_ok"}}
2024/02/23 19:16:21 Sent {"src":"n0","dest":"n1","body":{"message":5,"msg_id":3,"type":"broadcast"}}
2024/02/23 19:16:21 Sent {"src":"n0","dest":"n2","body":{"message":5,"msg_id":3,"type":"broadcast"}}
2024/02/23 19:16:21 Sent {"src":"n0","dest":"n3","body":{"message":5,"msg_id":3,"type":"broadcast"}}
2024/02/23 19:16:21 Sent {"src":"n0","dest":"n0","body":{"message":5,"msg_id":3,"type":"broadcast"}}
2024/02/23 19:16:21 Sent {"src":"n0","dest":"n4","body":{"message":5,"msg_id":3,"type":"broadcast"}}
2024/02/23 19:16:21 Received {n0 n0 {"message":5,"msg_id":3,"type":"broadcast"}}
2024/02/23 19:16:21 Received {n3 n0 {"message":5,"msg_id":3,"type":"broadcast"}}
2024/02/23 19:16:21 Received {c14 n0 {"type":"read","msg_id":5}}
2024/02/23 19:16:21 Sent {"src":"n0","dest":"c14","body":{"in_reply_to":5,"messages":[0,0,0,3,5,1],"type":"read_ok"}}
2024/02/23 19:16:21 Received {c14 n0 {"type":"read","msg_id":6}}
2024/02/23 19:16:21 Sent {"src":"n0","dest":"c14","body":{"in_reply_to":6,"messages":[0,0,0,1,3,5],"type":"read_ok"}}
2024/02/23 19:16:21 Received {n4 n0 {"message":7,"msg_id":4,"type":"broadcast"}}
2024/02/23 19:16:21 Sent {"src":"n0","dest":"n4","body":{"in_reply_to":4,"type":"broadcast_ok"}}
2024/02/23 19:16:21 Sent {"src":"n0","dest":"n1","body":{"message":7,"msg_id":4,"type":"broadcast"}}
2024/02/23 19:16:21 Sent {"src":"n0","dest":"n0","body":{"message":7,"msg_id":4,"type":"broadcast"}}
2024/02/23 19:16:21 Sent {"src":"n0","dest":"n3","body":{"message":7,"msg_id":4,"type":"broadcast"}}
2024/02/23 19:16:21 Sent {"src":"n0","dest":"n2","body":{"message":7,"msg_id":4,"type":"broadcast"}}
2024/02/23 19:16:21 Sent {"src":"n0","dest":"n4","body":{"message":7,"msg_id":4,"type":"broadcast"}}
2024/02/23 19:16:21 Received {n0 n0 {"message":7,"msg_id":4,"type":"broadcast"}}
2024/02/23 19:16:21 Received {n3 n0 {"message":7,"msg_id":4,"type":"broadcast"}}
2024/02/23 19:16:21 Received {c14 n0 {"type":"read","msg_id":7}}
2024/02/23 19:16:21 Sent {"src":"n0","dest":"c14","body":{"in_reply_to":7,"messages":[0,0,0,0,1,3,5,7],"type":"read_ok"}}
2024/02/23 19:16:21 Received {c14 n0 {"type":"broadcast","message":8,"msg_id":8}}
2024/02/23 19:16:21 Sent {"src":"n0","dest":"c14","body":{"in_reply_to":8,"type":"broadcast_ok"}}
2024/02/23 19:16:21 Sent {"src":"n0","dest":"n0","body":{"message":8,"msg_id":8,"type":"broadcast"}}
2024/02/23 19:16:21 Sent {"src":"n0","dest":"n1","body":{"message":8,"msg_id":8,"type":"broadcast"}}
2024/02/23 19:16:21 Sent {"src":"n0","dest":"n3","body":{"message":8,"msg_id":8,"type":"broadcast"}}
2024/02/23 19:16:21 Sent {"src":"n0","dest":"n4","body":{"message":8,"msg_id":8,"type":"broadcast"}}
2024/02/23 19:16:21 Sent {"src":"n0","dest":"n2","body":{"message":8,"msg_id":8,"type":"broadcast"}}
2024/02/23 19:16:21 Received {n0 n0 {"message":8,"msg_id":8,"type":"broadcast"}}
2024/02/23 19:16:21 Received {n3 n0 {"in_reply_to":8,"type":"broadcast_ok"}}
2024/02/23 19:16:21 Ignoring reply to 8 with no callback
2024/02/23 19:16:21 Received {n4 n0 {"in_reply_to":8,"type":"broadcast_ok"}}
2024/02/23 19:16:21 Ignoring reply to 8 with no callback
2024/02/23 19:16:21 Received {n4 n0 {"message":8,"msg_id":8,"type":"broadcast"}}
2024/02/23 19:16:21 Received {n3 n0 {"message":8,"msg_id":8,"type":"broadcast"}}
2024/02/23 19:16:22 Received {n4 n0 {"message":10,"msg_id":5,"type":"broadcast"}}
2024/02/23 19:16:22 Sent {"src":"n0","dest":"n4","body":{"in_reply_to":5,"type":"broadcast_ok"}}
2024/02/23 19:16:22 Sent {"src":"n0","dest":"n4","body":{"message":10,"msg_id":5,"type":"broadcast"}}
2024/02/23 19:16:22 Sent {"src":"n0","dest":"n1","body":{"message":10,"msg_id":5,"type":"broadcast"}}
2024/02/23 19:16:22 Sent {"src":"n0","dest":"n3","body":{"message":10,"msg_id":5,"type":"broadcast"}}
2024/02/23 19:16:22 Sent {"src":"n0","dest":"n2","body":{"message":10,"msg_id":5,"type":"broadcast"}}
2024/02/23 19:16:22 Sent {"src":"n0","dest":"n0","body":{"message":10,"msg_id":5,"type":"broadcast"}}
2024/02/23 19:16:22 Received {n0 n0 {"message":10,"msg_id":5,"type":"broadcast"}}
2024/02/23 19:16:22 Received {n3 n0 {"message":10,"msg_id":5,"type":"broadcast"}}
2024/02/23 19:16:22 Received {c14 n0 {"type":"broadcast","message":11,"msg_id":9}}
2024/02/23 19:16:22 Sent {"src":"n0","dest":"c14","body":{"in_reply_to":9,"type":"broadcast_ok"}}
2024/02/23 19:16:22 Sent {"src":"n0","dest":"n3","body":{"message":11,"msg_id":9,"type":"broadcast"}}
2024/02/23 19:16:22 Sent {"src":"n0","dest":"n4","body":{"message":11,"msg_id":9,"type":"broadcast"}}
2024/02/23 19:16:22 Sent {"src":"n0","dest":"n1","body":{"message":11,"msg_id":9,"type":"broadcast"}}
2024/02/23 19:16:22 Sent {"src":"n0","dest":"n0","body":{"message":11,"msg_id":9,"type":"broadcast"}}
2024/02/23 19:16:22 Sent {"src":"n0","dest":"n2","body":{"message":11,"msg_id":9,"type":"broadcast"}}
2024/02/23 19:16:22 Received {n0 n0 {"message":11,"msg_id":9,"type":"broadcast"}}
2024/02/23 19:16:22 Received {n4 n0 {"in_reply_to":9,"type":"broadcast_ok"}}
2024/02/23 19:16:22 Ignoring reply to 9 with no callback
2024/02/23 19:16:22 Received {n3 n0 {"in_reply_to":9,"type":"broadcast_ok"}}
2024/02/23 19:16:22 Ignoring reply to 9 with no callback
2024/02/23 19:16:22 Received {n3 n0 {"message":11,"msg_id":9,"type":"broadcast"}}
2024/02/23 19:16:22 Received {n4 n0 {"message":11,"msg_id":9,"type":"broadcast"}}
2024/02/23 19:16:22 Received {c14 n0 {"type":"broadcast","message":12,"msg_id":10}}
2024/02/23 19:16:22 Sent {"src":"n0","dest":"c14","body":{"in_reply_to":10,"type":"broadcast_ok"}}
2024/02/23 19:16:22 Sent {"src":"n0","dest":"n1","body":{"message":12,"msg_id":10,"type":"broadcast"}}
2024/02/23 19:16:22 Sent {"src":"n0","dest":"n0","body":{"message":12,"msg_id":10,"type":"broadcast"}}
2024/02/23 19:16:22 Sent {"src":"n0","dest":"n4","body":{"message":12,"msg_id":10,"type":"broadcast"}}
2024/02/23 19:16:22 Sent {"src":"n0","dest":"n2","body":{"message":12,"msg_id":10,"type":"broadcast"}}
2024/02/23 19:16:22 Sent {"src":"n0","dest":"n3","body":{"message":12,"msg_id":10,"type":"broadcast"}}
2024/02/23 19:16:22 Received {n0 n0 {"message":12,"msg_id":10,"type":"broadcast"}}
2024/02/23 19:16:22 Received {n4 n0 {"in_reply_to":10,"type":"broadcast_ok"}}
2024/02/23 19:16:22 Ignoring reply to 10 with no callback
2024/02/23 19:16:22 Received {n4 n0 {"message":12,"msg_id":10,"type":"broadcast"}}
2024/02/23 19:16:22 Received {n3 n0 {"in_reply_to":10,"type":"broadcast_ok"}}
2024/02/23 19:16:22 Ignoring reply to 10 with no callback
2024/02/23 19:16:22 Received {n3 n0 {"message":12,"msg_id":10,"type":"broadcast"}}
2024/02/23 19:16:22 Received {n3 n0 {"message":14,"msg_id":6,"type":"broadcast"}}
2024/02/23 19:16:22 Sent {"src":"n0","dest":"n3","body":{"in_reply_to":6,"type":"broadcast_ok"}}
2024/02/23 19:16:22 Sent {"src":"n0","dest":"n1","body":{"message":14,"msg_id":6,"type":"broadcast"}}
2024/02/23 19:16:22 Sent {"src":"n0","dest":"n3","body":{"message":14,"msg_id":6,"type":"broadcast"}}
2024/02/23 19:16:22 Sent {"src":"n0","dest":"n2","body":{"message":14,"msg_id":6,"type":"broadcast"}}
2024/02/23 19:16:22 Sent {"src":"n0","dest":"n0","body":{"message":14,"msg_id":6,"type":"broadcast"}}
2024/02/23 19:16:22 Sent {"src":"n0","dest":"n4","body":{"message":14,"msg_id":6,"type":"broadcast"}}
2024/02/23 19:16:22 Received {n4 n0 {"message":14,"msg_id":6,"type":"broadcast"}}
2024/02/23 19:16:22 Received {n0 n0 {"message":14,"msg_id":6,"type":"broadcast"}}
2024/02/23 19:16:22 Received {c14 n0 {"type":"broadcast","message":15,"msg_id":11}}
2024/02/23 19:16:22 Sent {"src":"n0","dest":"c14","body":{"in_reply_to":11,"type":"broadcast_ok"}}
2024/02/23 19:16:22 Sent {"src":"n0","dest":"n4","body":{"message":15,"msg_id":11,"type":"broadcast"}}
2024/02/23 19:16:22 Sent {"src":"n0","dest":"n0","body":{"message":15,"msg_id":11,"type":"broadcast"}}
2024/02/23 19:16:22 Sent {"src":"n0","dest":"n3","body":{"message":15,"msg_id":11,"type":"broadcast"}}
2024/02/23 19:16:22 Sent {"src":"n0","dest":"n1","body":{"message":15,"msg_id":11,"type":"broadcast"}}
2024/02/23 19:16:22 Sent {"src":"n0","dest":"n2","body":{"message":15,"msg_id":11,"type":"broadcast"}}
2024/02/23 19:16:22 Received {n0 n0 {"message":15,"msg_id":11,"type":"broadcast"}}
2024/02/23 19:16:22 Received {n4 n0 {"message":15,"msg_id":11,"type":"broadcast"}}
2024/02/23 19:16:22 Received {n3 n0 {"in_reply_to":11,"type":"broadcast_ok"}}
2024/02/23 19:16:22 Ignoring reply to 11 with no callback
2024/02/23 19:16:22 Received {n4 n0 {"in_reply_to":11,"type":"broadcast_ok"}}
2024/02/23 19:16:22 Ignoring reply to 11 with no callback
2024/02/23 19:16:22 Received {n3 n0 {"message":15,"msg_id":11,"type":"broadcast"}}
2024/02/23 19:16:22 Received {c14 n0 {"type":"read","msg_id":12}}
2024/02/23 19:16:22 Sent {"src":"n0","dest":"c14","body":{"in_reply_to":12,"messages":[0,0,0,0,0,0,0,0,0,0,1,3,8,10,12,14,5,7,11,15],"type":"read_ok"}}
2024/02/23 19:16:23 Received {n3 n0 {"message":17,"msg_id":7,"type":"broadcast"}}
2024/02/23 19:16:23 Sent {"src":"n0","dest":"n3","body":{"in_reply_to":7,"type":"broadcast_ok"}}
2024/02/23 19:16:23 Sent {"src":"n0","dest":"n4","body":{"message":17,"msg_id":7,"type":"broadcast"}}
2024/02/23 19:16:23 Sent {"src":"n0","dest":"n1","body":{"message":17,"msg_id":7,"type":"broadcast"}}
2024/02/23 19:16:23 Sent {"src":"n0","dest":"n3","body":{"message":17,"msg_id":7,"type":"broadcast"}}
2024/02/23 19:16:23 Sent {"src":"n0","dest":"n2","body":{"message":17,"msg_id":7,"type":"broadcast"}}
2024/02/23 19:16:23 Sent {"src":"n0","dest":"n0","body":{"message":17,"msg_id":7,"type":"broadcast"}}
2024/02/23 19:16:23 Received {n4 n0 {"message":17,"msg_id":7,"type":"broadcast"}}
2024/02/23 19:16:23 Received {n0 n0 {"message":17,"msg_id":7,"type":"broadcast"}}
2024/02/23 19:16:23 Received {c14 n0 {"type":"broadcast","message":18,"msg_id":13}}
2024/02/23 19:16:23 Sent {"src":"n0","dest":"n0","body":{"message":18,"msg_id":13,"type":"broadcast"}}
2024/02/23 19:16:23 Sent {"src":"n0","dest":"c14","body":{"in_reply_to":13,"type":"broadcast_ok"}}
2024/02/23 19:16:23 Sent {"src":"n0","dest":"n4","body":{"message":18,"msg_id":13,"type":"broadcast"}}
2024/02/23 19:16:23 Sent {"src":"n0","dest":"n1","body":{"message":18,"msg_id":13,"type":"broadcast"}}
2024/02/23 19:16:23 Sent {"src":"n0","dest":"n3","body":{"message":18,"msg_id":13,"type":"broadcast"}}
2024/02/23 19:16:23 Sent {"src":"n0","dest":"n2","body":{"message":18,"msg_id":13,"type":"broadcast"}}
2024/02/23 19:16:23 Received {n0 n0 {"message":18,"msg_id":13,"type":"broadcast"}}
2024/02/23 19:16:23 Received {n4 n0 {"in_reply_to":13,"type":"broadcast_ok"}}
2024/02/23 19:16:23 Ignoring reply to 13 with no callback
2024/02/23 19:16:23 Received {n3 n0 {"in_reply_to":13,"type":"broadcast_ok"}}
2024/02/23 19:16:23 Ignoring reply to 13 with no callback
2024/02/23 19:16:23 Received {n4 n0 {"message":18,"msg_id":13,"type":"broadcast"}}
2024/02/23 19:16:23 Received {n3 n0 {"message":18,"msg_id":13,"type":"broadcast"}}
2024/02/23 19:16:23 Received {c14 n0 {"type":"broadcast","message":19,"msg_id":14}}
2024/02/23 19:16:23 Sent {"src":"n0","dest":"c14","body":{"in_reply_to":14,"type":"broadcast_ok"}}
2024/02/23 19:16:23 Sent {"src":"n0","dest":"n2","body":{"message":19,"msg_id":14,"type":"broadcast"}}
2024/02/23 19:16:23 Sent {"src":"n0","dest":"n4","body":{"message":19,"msg_id":14,"type":"broadcast"}}
2024/02/23 19:16:23 Sent {"src":"n0","dest":"n1","body":{"message":19,"msg_id":14,"type":"broadcast"}}
2024/02/23 19:16:23 Sent {"src":"n0","dest":"n0","body":{"message":19,"msg_id":14,"type":"broadcast"}}
2024/02/23 19:16:23 Sent {"src":"n0","dest":"n3","body":{"message":19,"msg_id":14,"type":"broadcast"}}
2024/02/23 19:16:23 Received {n0 n0 {"message":19,"msg_id":14,"type":"broadcast"}}
2024/02/23 19:16:23 Received {n4 n0 {"in_reply_to":14,"type":"broadcast_ok"}}
2024/02/23 19:16:23 Ignoring reply to 14 with no callback
2024/02/23 19:16:23 Received {n3 n0 {"in_reply_to":14,"type":"broadcast_ok"}}
2024/02/23 19:16:23 Ignoring reply to 14 with no callback
2024/02/23 19:16:23 Received {n4 n0 {"message":19,"msg_id":14,"type":"broadcast"}}
2024/02/23 19:16:23 Received {n3 n0 {"message":19,"msg_id":14,"type":"broadcast"}}
2024/02/23 19:16:23 Received {n4 n0 {"message":20,"msg_id":8,"type":"broadcast"}}
2024/02/23 19:16:23 Sent {"src":"n0","dest":"n4","body":{"in_reply_to":8,"type":"broadcast_ok"}}
2024/02/23 19:16:23 Sent {"src":"n0","dest":"n4","body":{"message":20,"msg_id":8,"type":"broadcast"}}
2024/02/23 19:16:23 Sent {"src":"n0","dest":"n1","body":{"message":20,"msg_id":8,"type":"broadcast"}}
2024/02/23 19:16:23 Sent {"src":"n0","dest":"n0","body":{"message":20,"msg_id":8,"type":"broadcast"}}
2024/02/23 19:16:23 Sent {"src":"n0","dest":"n3","body":{"message":20,"msg_id":8,"type":"broadcast"}}
2024/02/23 19:16:23 Sent {"src":"n0","dest":"n2","body":{"message":20,"msg_id":8,"type":"broadcast"}}
2024/02/23 19:16:23 Received {n3 n0 {"message":20,"msg_id":8,"type":"broadcast"}}
2024/02/23 19:16:23 Received {n0 n0 {"message":20,"msg_id":8,"type":"broadcast"}}
2024/02/23 19:16:24 Received {c14 n0 {"type":"broadcast","message":21,"msg_id":15}}
2024/02/23 19:16:24 Sent {"src":"n0","dest":"c14","body":{"in_reply_to":15,"type":"broadcast_ok"}}
2024/02/23 19:16:24 Sent {"src":"n0","dest":"n0","body":{"message":21,"msg_id":15,"type":"broadcast"}}
2024/02/23 19:16:24 Sent {"src":"n0","dest":"n3","body":{"message":21,"msg_id":15,"type":"broadcast"}}
2024/02/23 19:16:24 Sent {"src":"n0","dest":"n2","body":{"message":21,"msg_id":15,"type":"broadcast"}}
2024/02/23 19:16:24 Sent {"src":"n0","dest":"n4","body":{"message":21,"msg_id":15,"type":"broadcast"}}
2024/02/23 19:16:24 Sent {"src":"n0","dest":"n1","body":{"message":21,"msg_id":15,"type":"broadcast"}}
2024/02/23 19:16:24 Received {n0 n0 {"message":21,"msg_id":15,"type":"broadcast"}}
2024/02/23 19:16:24 Received {n3 n0 {"in_reply_to":15,"type":"broadcast_ok"}}
2024/02/23 19:16:24 Ignoring reply to 15 with no callback
2024/02/23 19:16:24 Received {n4 n0 {"in_reply_to":15,"type":"broadcast_ok"}}
2024/02/23 19:16:24 Ignoring reply to 15 with no callback
2024/02/23 19:16:24 Received {n3 n0 {"message":21,"msg_id":15,"type":"broadcast"}}
2024/02/23 19:16:24 Received {n4 n0 {"message":21,"msg_id":15,"type":"broadcast"}}
2024/02/23 19:16:24 Received {c14 n0 {"type":"broadcast","message":22,"msg_id":16}}
2024/02/23 19:16:24 Sent {"src":"n0","dest":"n1","body":{"message":22,"msg_id":16,"type":"broadcast"}}
2024/02/23 19:16:24 Sent {"src":"n0","dest":"c14","body":{"in_reply_to":16,"type":"broadcast_ok"}}
2024/02/23 19:16:24 Sent {"src":"n0","dest":"n3","body":{"message":22,"msg_id":16,"type":"broadcast"}}
2024/02/23 19:16:24 Sent {"src":"n0","dest":"n2","body":{"message":22,"msg_id":16,"type":"broadcast"}}
2024/02/23 19:16:24 Sent {"src":"n0","dest":"n4","body":{"message":22,"msg_id":16,"type":"broadcast"}}
2024/02/23 19:16:24 Sent {"src":"n0","dest":"n0","body":{"message":22,"msg_id":16,"type":"broadcast"}}
2024/02/23 19:16:24 Received {n0 n0 {"message":22,"msg_id":16,"type":"broadcast"}}
2024/02/23 19:16:24 Received {n3 n0 {"in_reply_to":16,"type":"broadcast_ok"}}
2024/02/23 19:16:24 Ignoring reply to 16 with no callback
2024/02/23 19:16:24 Received {n3 n0 {"message":22,"msg_id":16,"type":"broadcast"}}
2024/02/23 19:16:24 Received {n4 n0 {"in_reply_to":16,"type":"broadcast_ok"}}
2024/02/23 19:16:24 Ignoring reply to 16 with no callback
2024/02/23 19:16:24 Received {n4 n0 {"message":22,"msg_id":16,"type":"broadcast"}}
2024/02/23 19:16:24 Received {n4 n0 {"message":23,"msg_id":9,"type":"broadcast"}}
2024/02/23 19:16:24 Sent {"src":"n0","dest":"n2","body":{"message":23,"msg_id":9,"type":"broadcast"}}
2024/02/23 19:16:24 Sent {"src":"n0","dest":"n1","body":{"message":23,"msg_id":9,"type":"broadcast"}}
2024/02/23 19:16:24 Sent {"src":"n0","dest":"n0","body":{"message":23,"msg_id":9,"type":"broadcast"}}
2024/02/23 19:16:24 Sent {"src":"n0","dest":"n4","body":{"message":23,"msg_id":9,"type":"broadcast"}}
2024/02/23 19:16:24 Sent {"src":"n0","dest":"n4","body":{"in_reply_to":9,"type":"broadcast_ok"}}
2024/02/23 19:16:24 Sent {"src":"n0","dest":"n3","body":{"message":23,"msg_id":9,"type":"broadcast"}}
2024/02/23 19:16:24 Received {n3 n0 {"message":23,"msg_id":9,"type":"broadcast"}}
2024/02/23 19:16:24 Received {n0 n0 {"message":23,"msg_id":9,"type":"broadcast"}}
2024/02/23 19:16:24 Received {c14 n0 {"type":"read","msg_id":17}}
2024/02/23 19:16:24 Sent {"src":"n0","dest":"c14","body":{"in_reply_to":17,"messages":[0,0,0,0,0,0,0,0,0,0,0,0,0,0,0,0,0,15,19,21,22,5,7,8,10,17,20,1,3,11,18,23,12,14],"type":"read_ok"}}
2024/02/23 19:16:24 Received {c14 n0 {"type":"read","msg_id":18}}
2024/02/23 19:16:24 Sent {"src":"n0","dest":"c14","body":{"in_reply_to":18,"messages":[0,0,0,0,0,0,0,0,0,0,0,0,0,0,0,0,0,5,7,15,19,21,22,1,3,8,10,17,20,11,18,12,14,23],"type":"read_ok"}}
2024/02/23 19:16:25 Received {n3 n0 {"message":25,"msg_id":10,"type":"broadcast"}}
2024/02/23 19:16:25 Sent {"src":"n0","dest":"n3","body":{"in_reply_to":10,"type":"broadcast_ok"}}
2024/02/23 19:16:25 Sent {"src":"n0","dest":"n0","body":{"message":25,"msg_id":10,"type":"broadcast"}}
2024/02/23 19:16:25 Sent {"src":"n0","dest":"n1","body":{"message":25,"msg_id":10,"type":"broadcast"}}
2024/02/23 19:16:25 Sent {"src":"n0","dest":"n4","body":{"message":25,"msg_id":10,"type":"broadcast"}}
2024/02/23 19:16:25 Sent {"src":"n0","dest":"n2","body":{"message":25,"msg_id":10,"type":"broadcast"}}
2024/02/23 19:16:25 Sent {"src":"n0","dest":"n3","body":{"message":25,"msg_id":10,"type":"broadcast"}}
2024/02/23 19:16:25 Received {n0 n0 {"message":25,"msg_id":10,"type":"broadcast"}}
2024/02/23 19:16:25 Received {n4 n0 {"message":25,"msg_id":10,"type":"broadcast"}}
2024/02/23 19:16:25 Received {n4 n0 {"message":26,"msg_id":10,"type":"broadcast"}}
2024/02/23 19:16:25 Sent {"src":"n0","dest":"n4","body":{"in_reply_to":10,"type":"broadcast_ok"}}
2024/02/23 19:16:25 Sent {"src":"n0","dest":"n4","body":{"message":26,"msg_id":10,"type":"broadcast"}}
2024/02/23 19:16:25 Sent {"src":"n0","dest":"n0","body":{"message":26,"msg_id":10,"type":"broadcast"}}
2024/02/23 19:16:25 Sent {"src":"n0","dest":"n1","body":{"message":26,"msg_id":10,"type":"broadcast"}}
2024/02/23 19:16:25 Sent {"src":"n0","dest":"n2","body":{"message":26,"msg_id":10,"type":"broadcast"}}
2024/02/23 19:16:25 Sent {"src":"n0","dest":"n3","body":{"message":26,"msg_id":10,"type":"broadcast"}}
2024/02/23 19:16:25 Received {n0 n0 {"message":26,"msg_id":10,"type":"broadcast"}}
2024/02/23 19:16:25 Received {n3 n0 {"message":26,"msg_id":10,"type":"broadcast"}}
2024/02/23 19:16:25 Received {c14 n0 {"type":"broadcast","message":27,"msg_id":19}}
2024/02/23 19:16:25 Sent {"src":"n0","dest":"c14","body":{"in_reply_to":19,"type":"broadcast_ok"}}
2024/02/23 19:16:25 Sent {"src":"n0","dest":"n0","body":{"message":27,"msg_id":19,"type":"broadcast"}}
2024/02/23 19:16:25 Sent {"src":"n0","dest":"n4","body":{"message":27,"msg_id":19,"type":"broadcast"}}
2024/02/23 19:16:25 Sent {"src":"n0","dest":"n3","body":{"message":27,"msg_id":19,"type":"broadcast"}}
2024/02/23 19:16:25 Sent {"src":"n0","dest":"n1","body":{"message":27,"msg_id":19,"type":"broadcast"}}
2024/02/23 19:16:25 Sent {"src":"n0","dest":"n2","body":{"message":27,"msg_id":19,"type":"broadcast"}}
2024/02/23 19:16:25 Received {n0 n0 {"message":27,"msg_id":19,"type":"broadcast"}}
2024/02/23 19:16:25 Received {n4 n0 {"in_reply_to":19,"type":"broadcast_ok"}}
2024/02/23 19:16:25 Ignoring reply to 19 with no callback
2024/02/23 19:16:25 Received {n3 n0 {"in_reply_to":19,"type":"broadcast_ok"}}
2024/02/23 19:16:25 Ignoring reply to 19 with no callback
2024/02/23 19:16:25 Received {n3 n0 {"message":27,"msg_id":19,"type":"broadcast"}}
2024/02/23 19:16:25 Received {n4 n0 {"message":27,"msg_id":19,"type":"broadcast"}}
2024/02/23 19:16:25 Received {c14 n0 {"type":"read","msg_id":20}}
2024/02/23 19:16:25 Sent {"src":"n0","dest":"c14","body":{"in_reply_to":20,"messages":[0,0,0,0,0,0,0,0,0,0,0,0,0,0,0,0,0,0,0,0,11,18,26,12,14,23,5,7,15,19,21,22,27,1,3,8,10,17,20,25],"type":"read_ok"}}
2024/02/23 19:16:25 Received {c14 n0 {"type":"broadcast","message":29,"msg_id":21}}
2024/02/23 19:16:25 Sent {"src":"n0","dest":"c14","body":{"in_reply_to":21,"type":"broadcast_ok"}}
2024/02/23 19:16:25 Sent {"src":"n0","dest":"n0","body":{"message":29,"msg_id":21,"type":"broadcast"}}
2024/02/23 19:16:25 Sent {"src":"n0","dest":"n3","body":{"message":29,"msg_id":21,"type":"broadcast"}}
2024/02/23 19:16:25 Sent {"src":"n0","dest":"n2","body":{"message":29,"msg_id":21,"type":"broadcast"}}
2024/02/23 19:16:25 Sent {"src":"n0","dest":"n1","body":{"message":29,"msg_id":21,"type":"broadcast"}}
2024/02/23 19:16:25 Sent {"src":"n0","dest":"n4","body":{"message":29,"msg_id":21,"type":"broadcast"}}
2024/02/23 19:16:25 Received {n0 n0 {"message":29,"msg_id":21,"type":"broadcast"}}
2024/02/23 19:16:25 Received {n3 n0 {"in_reply_to":21,"type":"broadcast_ok"}}
2024/02/23 19:16:25 Ignoring reply to 21 with no callback
2024/02/23 19:16:25 Received {n4 n0 {"message":29,"msg_id":21,"type":"broadcast"}}
2024/02/23 19:16:25 Received {n4 n0 {"in_reply_to":21,"type":"broadcast_ok"}}
2024/02/23 19:16:25 Ignoring reply to 21 with no callback
2024/02/23 19:16:25 Received {n3 n0 {"message":29,"msg_id":21,"type":"broadcast"}}
2024/02/23 19:16:25 Received {c14 n0 {"type":"read","msg_id":22}}
2024/02/23 19:16:25 Sent {"src":"n0","dest":"c14","body":{"in_reply_to":22,"messages":[0,0,0,0,0,0,0,0,0,0,0,0,0,0,0,0,0,0,0,0,0,5,7,15,19,21,22,27,1,3,8,10,17,20,25,29,11,18,26,12,14,23],"type":"read_ok"}}
2024/02/23 19:16:26 Received {n3 n0 {"message":31,"msg_id":12,"type":"broadcast"}}
2024/02/23 19:16:26 Sent {"src":"n0","dest":"n3","body":{"in_reply_to":12,"type":"broadcast_ok"}}
2024/02/23 19:16:26 Sent {"src":"n0","dest":"n4","body":{"message":31,"msg_id":12,"type":"broadcast"}}
2024/02/23 19:16:26 Sent {"src":"n0","dest":"n0","body":{"message":31,"msg_id":12,"type":"broadcast"}}
2024/02/23 19:16:26 Sent {"src":"n0","dest":"n2","body":{"message":31,"msg_id":12,"type":"broadcast"}}
2024/02/23 19:16:26 Sent {"src":"n0","dest":"n1","body":{"message":31,"msg_id":12,"type":"broadcast"}}
2024/02/23 19:16:26 Sent {"src":"n0","dest":"n3","body":{"message":31,"msg_id":12,"type":"broadcast"}}
2024/02/23 19:16:26 Received {n0 n0 {"message":31,"msg_id":12,"type":"broadcast"}}
2024/02/23 19:16:26 Received {n4 n0 {"message":31,"msg_id":12,"type":"broadcast"}}
2024/02/23 19:16:26 Received {c14 n0 {"type":"read","msg_id":23}}
2024/02/23 19:16:26 Sent {"src":"n0","dest":"c14","body":{"in_reply_to":23,"messages":[0,0,0,0,0,0,0,0,0,0,0,0,0,0,0,0,0,0,0,0,0,0,12,14,23,5,7,15,19,21,22,27,29,1,3,8,10,17,20,25,31,11,18,26],"type":"read_ok"}}
2024/02/23 19:16:26 Received {c14 n0 {"type":"broadcast","message":32,"msg_id":24}}
2024/02/23 19:16:26 Sent {"src":"n0","dest":"c14","body":{"in_reply_to":24,"type":"broadcast_ok"}}
2024/02/23 19:16:26 Sent {"src":"n0","dest":"n1","body":{"message":32,"msg_id":24,"type":"broadcast"}}
2024/02/23 19:16:26 Sent {"src":"n0","dest":"n4","body":{"message":32,"msg_id":24,"type":"broadcast"}}
2024/02/23 19:16:26 Sent {"src":"n0","dest":"n3","body":{"message":32,"msg_id":24,"type":"broadcast"}}
2024/02/23 19:16:26 Sent {"src":"n0","dest":"n2","body":{"message":32,"msg_id":24,"type":"broadcast"}}
2024/02/23 19:16:26 Sent {"src":"n0","dest":"n0","body":{"message":32,"msg_id":24,"type":"broadcast"}}
2024/02/23 19:16:26 Received {n0 n0 {"message":32,"msg_id":24,"type":"broadcast"}}
2024/02/23 19:16:26 Received {n4 n0 {"in_reply_to":24,"type":"broadcast_ok"}}
2024/02/23 19:16:26 Ignoring reply to 24 with no callback
2024/02/23 19:16:26 Received {n3 n0 {"in_reply_to":24,"type":"broadcast_ok"}}
2024/02/23 19:16:26 Ignoring reply to 24 with no callback
2024/02/23 19:16:26 Received {n4 n0 {"message":32,"msg_id":24,"type":"broadcast"}}
2024/02/23 19:16:26 Received {n3 n0 {"message":32,"msg_id":24,"type":"broadcast"}}
2024/02/23 19:16:26 Received {n4 n0 {"message":34,"msg_id":13,"type":"broadcast"}}
2024/02/23 19:16:26 Sent {"src":"n0","dest":"n4","body":{"in_reply_to":13,"type":"broadcast_ok"}}
2024/02/23 19:16:26 Sent {"src":"n0","dest":"n1","body":{"message":34,"msg_id":13,"type":"broadcast"}}
2024/02/23 19:16:26 Sent {"src":"n0","dest":"n0","body":{"message":34,"msg_id":13,"type":"broadcast"}}
2024/02/23 19:16:26 Sent {"src":"n0","dest":"n4","body":{"message":34,"msg_id":13,"type":"broadcast"}}
2024/02/23 19:16:26 Sent {"src":"n0","dest":"n3","body":{"message":34,"msg_id":13,"type":"broadcast"}}
2024/02/23 19:16:26 Sent {"src":"n0","dest":"n2","body":{"message":34,"msg_id":13,"type":"broadcast"}}
2024/02/23 19:16:26 Received {n3 n0 {"message":34,"msg_id":13,"type":"broadcast"}}
2024/02/23 19:16:26 Received {n0 n0 {"message":34,"msg_id":13,"type":"broadcast"}}
2024/02/23 19:16:26 Received {c14 n0 {"type":"read","msg_id":25}}
2024/02/23 19:16:26 Sent {"src":"n0","dest":"c14","body":{"in_reply_to":25,"messages":[0,0,0,0,0,0,0,0,0,0,0,0,0,0,0,0,0,0,0,0,0,0,0,0,22,27,5,7,15,19,21,20,25,29,1,3,8,10,17,31,32,11,18,26,34,12,14,23],"type":"read_ok"}}
2024/02/23 19:16:26 Received {c14 n0 {"type":"broadcast","message":35,"msg_id":26}}
2024/02/23 19:16:26 Sent {"src":"n0","dest":"c14","body":{"in_reply_to":26,"type":"broadcast_ok"}}
2024/02/23 19:16:26 Sent {"src":"n0","dest":"n1","body":{"message":35,"msg_id":26,"type":"broadcast"}}
2024/02/23 19:16:26 Sent {"src":"n0","dest":"n0","body":{"message":35,"msg_id":26,"type":"broadcast"}}
2024/02/23 19:16:26 Sent {"src":"n0","dest":"n3","body":{"message":35,"msg_id":26,"type":"broadcast"}}
2024/02/23 19:16:26 Sent {"src":"n0","dest":"n2","body":{"message":35,"msg_id":26,"type":"broadcast"}}
2024/02/23 19:16:26 Sent {"src":"n0","dest":"n4","body":{"message":35,"msg_id":26,"type":"broadcast"}}
2024/02/23 19:16:26 Received {n0 n0 {"message":35,"msg_id":26,"type":"broadcast"}}
2024/02/23 19:16:26 Received {n3 n0 {"in_reply_to":26,"type":"broadcast_ok"}}
2024/02/23 19:16:26 Ignoring reply to 26 with no callback
2024/02/23 19:16:26 Received {n4 n0 {"in_reply_to":26,"type":"broadcast_ok"}}
2024/02/23 19:16:26 Ignoring reply to 26 with no callback
2024/02/23 19:16:26 Received {n3 n0 {"message":35,"msg_id":26,"type":"broadcast"}}
2024/02/23 19:16:26 Received {n4 n0 {"message":35,"msg_id":26,"type":"broadcast"}}
2024/02/23 19:16:27 Received {c14 n0 {"type":"read","msg_id":27}}
2024/02/23 19:16:27 Sent {"src":"n0","dest":"c14","body":{"in_reply_to":27,"messages":[0,0,0,0,0,0,0,0,0,0,0,0,0,0,0,0,0,0,0,0,0,0,0,0,0,22,27,5,7,15,19,21,20,25,29,1,3,8,10,17,31,32,11,18,26,34,35,12,14,23],"type":"read_ok"}}
2024/02/23 19:16:27 Received {c14 n0 {"type":"read","msg_id":28}}
2024/02/23 19:16:27 Sent {"src":"n0","dest":"c14","body":{"in_reply_to":28,"messages":[0,0,0,0,0,0,0,0,0,0,0,0,0,0,0,0,0,0,0,0,0,0,0,0,0,12,14,23,19,21,22,27,5,7,15,10,17,20,25,29,1,3,8,31,32,34,35,11,18,26],"type":"read_ok"}}
2024/02/23 19:16:28 Received {n3 n0 {"message":37,"msg_id":15,"type":"broadcast"}}
2024/02/23 19:16:28 Sent {"src":"n0","dest":"n3","body":{"in_reply_to":15,"type":"broadcast_ok"}}
2024/02/23 19:16:28 Sent {"src":"n0","dest":"n4","body":{"message":37,"msg_id":15,"type":"broadcast"}}
2024/02/23 19:16:28 Sent {"src":"n0","dest":"n3","body":{"message":37,"msg_id":15,"type":"broadcast"}}
2024/02/23 19:16:28 Sent {"src":"n0","dest":"n1","body":{"message":37,"msg_id":15,"type":"broadcast"}}
2024/02/23 19:16:28 Sent {"src":"n0","dest":"n0","body":{"message":37,"msg_id":15,"type":"broadcast"}}
2024/02/23 19:16:28 Sent {"src":"n0","dest":"n2","body":{"message":37,"msg_id":15,"type":"broadcast"}}
2024/02/23 19:16:28 Received {n4 n0 {"message":37,"msg_id":15,"type":"broadcast"}}
2024/02/23 19:16:28 Received {n0 n0 {"message":37,"msg_id":15,"type":"broadcast"}}
2024/02/23 19:16:28 Received {n4 n0 {"message":38,"msg_id":15,"type":"broadcast"}}
2024/02/23 19:16:28 Sent {"src":"n0","dest":"n1","body":{"message":38,"msg_id":15,"type":"broadcast"}}
2024/02/23 19:16:28 Sent {"src":"n0","dest":"n0","body":{"message":38,"msg_id":15,"type":"broadcast"}}
2024/02/23 19:16:28 Sent {"src":"n0","dest":"n4","body":{"in_reply_to":15,"type":"broadcast_ok"}}
2024/02/23 19:16:28 Sent {"src":"n0","dest":"n4","body":{"message":38,"msg_id":15,"type":"broadcast"}}
2024/02/23 19:16:28 Sent {"src":"n0","dest":"n3","body":{"message":38,"msg_id":15,"type":"broadcast"}}
2024/02/23 19:16:28 Sent {"src":"n0","dest":"n2","body":{"message":38,"msg_id":15,"type":"broadcast"}}
2024/02/23 19:16:28 Received {n0 n0 {"message":38,"msg_id":15,"type":"broadcast"}}
2024/02/23 19:16:28 Received {n3 n0 {"message":38,"msg_id":15,"type":"broadcast"}}
2024/02/23 19:16:28 Received {c14 n0 {"type":"read","msg_id":29}}
2024/02/23 19:16:28 Sent {"src":"n0","dest":"c14","body":{"in_reply_to":29,"messages":[0,0,0,0,0,0,0,0,0,0,0,0,0,0,0,0,0,0,0,0,0,0,0,0,0,0,0,19,21,27,5,7,10,3,8,32,37,12,14,23,22,15,17,20,25,29,1,31,34,35,38,11,18,26],"type":"read_ok"}}
2024/02/23 19:16:28 Received {c14 n0 {"type":"read","msg_id":30}}
2024/02/23 19:16:28 Sent {"src":"n0","dest":"c14","body":{"in_reply_to":30,"messages":[0,0,0,0,0,0,0,0,0,0,0,0,0,0,0,0,0,0,0,0,0,0,0,0,0,0,0,15,22,25,29,1,17,20,31,11,18,26,34,35,38,27,5,7,19,21,3,8,10,32,12,14,23,37],"type":"read_ok"}}
2024/02/23 19:16:28 Received {n3 n0 {"message":39,"msg_id":16,"type":"broadcast"}}
2024/02/23 19:16:28 Sent {"src":"n0","dest":"n3","body":{"in_reply_to":16,"type":"broadcast_ok"}}
2024/02/23 19:16:28 Sent {"src":"n0","dest":"n1","body":{"message":39,"msg_id":16,"type":"broadcast"}}
2024/02/23 19:16:28 Sent {"src":"n0","dest":"n0","body":{"message":39,"msg_id":16,"type":"broadcast"}}
2024/02/23 19:16:28 Sent {"src":"n0","dest":"n2","body":{"message":39,"msg_id":16,"type":"broadcast"}}
2024/02/23 19:16:28 Sent {"src":"n0","dest":"n4","body":{"message":39,"msg_id":16,"type":"broadcast"}}
2024/02/23 19:16:28 Sent {"src":"n0","dest":"n3","body":{"message":39,"msg_id":16,"type":"broadcast"}}
2024/02/23 19:16:28 Received {n0 n0 {"message":39,"msg_id":16,"type":"broadcast"}}
2024/02/23 19:16:28 Received {n4 n0 {"message":39,"msg_id":16,"type":"broadcast"}}
2024/02/23 19:16:28 Received {c14 n0 {"type":"broadcast","message":40,"msg_id":31}}
2024/02/23 19:16:28 Sent {"src":"n0","dest":"c14","body":{"in_reply_to":31,"type":"broadcast_ok"}}
2024/02/23 19:16:28 Sent {"src":"n0","dest":"n1","body":{"message":40,"msg_id":31,"type":"broadcast"}}
2024/02/23 19:16:28 Sent {"src":"n0","dest":"n3","body":{"message":40,"msg_id":31,"type":"broadcast"}}
2024/02/23 19:16:28 Sent {"src":"n0","dest":"n4","body":{"message":40,"msg_id":31,"type":"broadcast"}}
2024/02/23 19:16:28 Sent {"src":"n0","dest":"n2","body":{"message":40,"msg_id":31,"type":"broadcast"}}
2024/02/23 19:16:28 Sent {"src":"n0","dest":"n0","body":{"message":40,"msg_id":31,"type":"broadcast"}}
2024/02/23 19:16:28 Received {n0 n0 {"message":40,"msg_id":31,"type":"broadcast"}}
2024/02/23 19:16:28 Received {n3 n0 {"in_reply_to":31,"type":"broadcast_ok"}}
2024/02/23 19:16:28 Ignoring reply to 31 with no callback
2024/02/23 19:16:28 Received {n4 n0 {"in_reply_to":31,"type":"broadcast_ok"}}
2024/02/23 19:16:28 Ignoring reply to 31 with no callback
2024/02/23 19:16:28 Received {n3 n0 {"message":40,"msg_id":31,"type":"broadcast"}}
2024/02/23 19:16:28 Received {n4 n0 {"message":40,"msg_id":31,"type":"broadcast"}}
2024/02/23 19:16:28 Received {c14 n0 {"type":"read","msg_id":32}}
2024/02/23 19:16:28 Sent {"src":"n0","dest":"c14","body":{"in_reply_to":32,"messages":[0,0,0,0,0,0,0,0,0,0,0,0,0,0,0,0,0,0,0,0,0,0,0,0,0,0,0,0,0,26,34,35,38,11,18,19,21,27,5,7,10,32,3,8,23,37,39,12,14,40,15,22,20,25,29,31,1,17],"type":"read_ok"}}
2024/02/23 19:16:29 Received {n4 n0 {"message":42,"msg_id":17,"type":"broadcast"}}
2024/02/23 19:16:29 Sent {"src":"n0","dest":"n0","body":{"message":42,"msg_id":17,"type":"broadcast"}}
2024/02/23 19:16:29 Sent {"src":"n0","dest":"n1","body":{"message":42,"msg_id":17,"type":"broadcast"}}
2024/02/23 19:16:29 Sent {"src":"n0","dest":"n2","body":{"message":42,"msg_id":17,"type":"broadcast"}}
2024/02/23 19:16:29 Sent {"src":"n0","dest":"n4","body":{"in_reply_to":17,"type":"broadcast_ok"}}
2024/02/23 19:16:29 Sent {"src":"n0","dest":"n4","body":{"message":42,"msg_id":17,"type":"broadcast"}}
2024/02/23 19:16:29 Sent {"src":"n0","dest":"n3","body":{"message":42,"msg_id":17,"type":"broadcast"}}
2024/02/23 19:16:29 Received {n0 n0 {"message":42,"msg_id":17,"type":"broadcast"}}
2024/02/23 19:16:29 Received {n3 n0 {"message":42,"msg_id":17,"type":"broadcast"}}
2024/02/23 19:16:29 Received {c14 n0 {"type":"read","msg_id":33}}
2024/02/23 19:16:29 Sent {"src":"n0","dest":"c14","body":{"in_reply_to":33,"messages":[0,0,0,0,0,0,0,0,0,0,0,0,0,0,0,0,0,0,0,0,0,0,0,0,0,0,0,0,0,0,15,22,40,29,31,1,17,20,25,35,38,11,18,26,34,27,5,7,19,21,42,3,8,10,32,39,12,14,23,37],"type":"read_ok"}}
2024/02/23 19:16:29 Received {c14 n0 {"type":"broadcast","message":43,"msg_id":34}}
2024/02/23 19:16:29 Sent {"src":"n0","dest":"c14","body":{"in_reply_to":34,"type":"broadcast_ok"}}
2024/02/23 19:16:29 Sent {"src":"n0","dest":"n1","body":{"message":43,"msg_id":34,"type":"broadcast"}}
2024/02/23 19:16:29 Sent {"src":"n0","dest":"n3","body":{"message":43,"msg_id":34,"type":"broadcast"}}
2024/02/23 19:16:29 Sent {"src":"n0","dest":"n4","body":{"message":43,"msg_id":34,"type":"broadcast"}}
2024/02/23 19:16:29 Sent {"src":"n0","dest":"n0","body":{"message":43,"msg_id":34,"type":"broadcast"}}
2024/02/23 19:16:29 Sent {"src":"n0","dest":"n2","body":{"message":43,"msg_id":34,"type":"broadcast"}}
2024/02/23 19:16:29 Received {n0 n0 {"message":43,"msg_id":34,"type":"broadcast"}}
2024/02/23 19:16:29 Received {n3 n0 {"in_reply_to":34,"type":"broadcast_ok"}}
2024/02/23 19:16:29 Ignoring reply to 34 with no callback
2024/02/23 19:16:29 Received {n4 n0 {"in_reply_to":34,"type":"broadcast_ok"}}
2024/02/23 19:16:29 Ignoring reply to 34 with no callback
2024/02/23 19:16:29 Received {n3 n0 {"message":43,"msg_id":34,"type":"broadcast"}}
2024/02/23 19:16:29 Received {n4 n0 {"message":43,"msg_id":34,"type":"broadcast"}}
2024/02/23 19:16:29 Received {n3 n0 {"message":46,"msg_id":18,"type":"broadcast"}}
2024/02/23 19:16:29 Sent {"src":"n0","dest":"n3","body":{"in_reply_to":18,"type":"broadcast_ok"}}
2024/02/23 19:16:29 Sent {"src":"n0","dest":"n1","body":{"message":46,"msg_id":18,"type":"broadcast"}}
2024/02/23 19:16:29 Sent {"src":"n0","dest":"n2","body":{"message":46,"msg_id":18,"type":"broadcast"}}
2024/02/23 19:16:29 Sent {"src":"n0","dest":"n0","body":{"message":46,"msg_id":18,"type":"broadcast"}}
2024/02/23 19:16:29 Sent {"src":"n0","dest":"n3","body":{"message":46,"msg_id":18,"type":"broadcast"}}
2024/02/23 19:16:29 Sent {"src":"n0","dest":"n4","body":{"message":46,"msg_id":18,"type":"broadcast"}}
2024/02/23 19:16:29 Received {n0 n0 {"message":46,"msg_id":18,"type":"broadcast"}}
2024/02/23 19:16:29 Received {n4 n0 {"message":46,"msg_id":18,"type":"broadcast"}}
2024/02/23 19:16:29 Received {n4 n0 {"message":47,"msg_id":18,"type":"broadcast"}}
2024/02/23 19:16:29 Sent {"src":"n0","dest":"n1","body":{"message":47,"msg_id":18,"type":"broadcast"}}
2024/02/23 19:16:29 Sent {"src":"n0","dest":"n2","body":{"message":47,"msg_id":18,"type":"broadcast"}}
2024/02/23 19:16:29 Sent {"src":"n0","dest":"n0","body":{"message":47,"msg_id":18,"type":"broadcast"}}
2024/02/23 19:16:29 Sent {"src":"n0","dest":"n4","body":{"in_reply_to":18,"type":"broadcast_ok"}}
2024/02/23 19:16:29 Sent {"src":"n0","dest":"n4","body":{"message":47,"msg_id":18,"type":"broadcast"}}
2024/02/23 19:16:29 Sent {"src":"n0","dest":"n3","body":{"message":47,"msg_id":18,"type":"broadcast"}}
2024/02/23 19:16:29 Received {n0 n0 {"message":47,"msg_id":18,"type":"broadcast"}}
2024/02/23 19:16:29 Received {n3 n0 {"message":47,"msg_id":18,"type":"broadcast"}}
2024/02/23 19:16:30 Received {c14 n0 {"type":"read","msg_id":35}}
2024/02/23 19:16:30 Sent {"src":"n0","dest":"c14","body":{"in_reply_to":35,"messages":[0,0,0,0,0,0,0,0,0,0,0,0,0,0,0,0,0,0,0,0,0,0,0,0,0,0,0,0,0,0,0,0,0,15,22,40,25,29,31,46,1,17,20,34,35,38,11,18,26,21,27,43,47,5,7,19,32,42,3,8,10,37,39,12,14,23],"type":"read_ok"}}
2024/02/23 19:16:30 Received {c14 n0 {"type":"broadcast","message":48,"msg_id":36}}
2024/02/23 19:16:30 Sent {"src":"n0","dest":"n1","body":{"message":48,"msg_id":36,"type":"broadcast"}}
2024/02/23 19:16:30 Sent {"src":"n0","dest":"n2","body":{"message":48,"msg_id":36,"type":"broadcast"}}
2024/02/23 19:16:30 Sent {"src":"n0","dest":"n3","body":{"message":48,"msg_id":36,"type":"broadcast"}}
2024/02/23 19:16:30 Sent {"src":"n0","dest":"c14","body":{"in_reply_to":36,"type":"broadcast_ok"}}
2024/02/23 19:16:30 Sent {"src":"n0","dest":"n4","body":{"message":48,"msg_id":36,"type":"broadcast"}}
2024/02/23 19:16:30 Sent {"src":"n0","dest":"n0","body":{"message":48,"msg_id":36,"type":"broadcast"}}
2024/02/23 19:16:30 Received {n0 n0 {"message":48,"msg_id":36,"type":"broadcast"}}
2024/02/23 19:16:30 Received {n4 n0 {"in_reply_to":36,"type":"broadcast_ok"}}
2024/02/23 19:16:30 Ignoring reply to 36 with no callback
2024/02/23 19:16:30 Received {n3 n0 {"in_reply_to":36,"type":"broadcast_ok"}}
2024/02/23 19:16:30 Ignoring reply to 36 with no callback
2024/02/23 19:16:30 Received {n3 n0 {"message":48,"msg_id":36,"type":"broadcast"}}
2024/02/23 19:16:30 Received {n4 n0 {"message":48,"msg_id":36,"type":"broadcast"}}
2024/02/23 19:16:30 Received {n3 n0 {"message":49,"msg_id":19,"type":"broadcast"}}
2024/02/23 19:16:30 Sent {"src":"n0","dest":"n1","body":{"message":49,"msg_id":19,"type":"broadcast"}}
2024/02/23 19:16:30 Sent {"src":"n0","dest":"n3","body":{"in_reply_to":19,"type":"broadcast_ok"}}
2024/02/23 19:16:30 Sent {"src":"n0","dest":"n4","body":{"message":49,"msg_id":19,"type":"broadcast"}}
2024/02/23 19:16:30 Sent {"src":"n0","dest":"n2","body":{"message":49,"msg_id":19,"type":"broadcast"}}
2024/02/23 19:16:30 Sent {"src":"n0","dest":"n3","body":{"message":49,"msg_id":19,"type":"broadcast"}}
2024/02/23 19:16:30 Sent {"src":"n0","dest":"n0","body":{"message":49,"msg_id":19,"type":"broadcast"}}
2024/02/23 19:16:30 Received {n0 n0 {"message":49,"msg_id":19,"type":"broadcast"}}
2024/02/23 19:16:30 Received {n4 n0 {"message":49,"msg_id":19,"type":"broadcast"}}
2024/02/23 19:16:30 Received {n4 n0 {"message":50,"msg_id":19,"type":"broadcast"}}
2024/02/23 19:16:30 Sent {"src":"n0","dest":"n4","body":{"in_reply_to":19,"type":"broadcast_ok"}}
2024/02/23 19:16:30 Sent {"src":"n0","dest":"n0","body":{"message":50,"msg_id":19,"type":"broadcast"}}
2024/02/23 19:16:30 Sent {"src":"n0","dest":"n1","body":{"message":50,"msg_id":19,"type":"broadcast"}}
2024/02/23 19:16:30 Sent {"src":"n0","dest":"n2","body":{"message":50,"msg_id":19,"type":"broadcast"}}
2024/02/23 19:16:30 Sent {"src":"n0","dest":"n3","body":{"message":50,"msg_id":19,"type":"broadcast"}}
2024/02/23 19:16:30 Sent {"src":"n0","dest":"n4","body":{"message":50,"msg_id":19,"type":"broadcast"}}
2024/02/23 19:16:30 Received {n0 n0 {"message":50,"msg_id":19,"type":"broadcast"}}
2024/02/23 19:16:30 Received {n3 n0 {"message":50,"msg_id":19,"type":"broadcast"}}
2024/02/23 19:16:30 Received {c14 n0 {"type":"broadcast","message":51,"msg_id":37}}
2024/02/23 19:16:30 Sent {"src":"n0","dest":"c14","body":{"in_reply_to":37,"type":"broadcast_ok"}}
2024/02/23 19:16:30 Sent {"src":"n0","dest":"n1","body":{"message":51,"msg_id":37,"type":"broadcast"}}
2024/02/23 19:16:30 Sent {"src":"n0","dest":"n2","body":{"message":51,"msg_id":37,"type":"broadcast"}}
2024/02/23 19:16:30 Sent {"src":"n0","dest":"n4","body":{"message":51,"msg_id":37,"type":"broadcast"}}
2024/02/23 19:16:30 Sent {"src":"n0","dest":"n0","body":{"message":51,"msg_id":37,"type":"broadcast"}}
2024/02/23 19:16:30 Sent {"src":"n0","dest":"n3","body":{"message":51,"msg_id":37,"type":"broadcast"}}
2024/02/23 19:16:30 Received {n0 n0 {"message":51,"msg_id":37,"type":"broadcast"}}
2024/02/23 19:16:30 Received {n4 n0 {"in_reply_to":37,"type":"broadcast_ok"}}
2024/02/23 19:16:30 Ignoring reply to 37 with no callback
2024/02/23 19:16:30 Received {n3 n0 {"in_reply_to":37,"type":"broadcast_ok"}}
2024/02/23 19:16:30 Ignoring reply to 37 with no callback
2024/02/23 19:16:30 Received {n4 n0 {"message":51,"msg_id":37,"type":"broadcast"}}
2024/02/23 19:16:30 Received {n3 n0 {"message":51,"msg_id":37,"type":"broadcast"}}
2024/02/23 19:16:30 Received {c14 n0 {"type":"read","msg_id":38}}
2024/02/23 19:16:30 Sent {"src":"n0","dest":"c14","body":{"in_reply_to":38,"messages":[0,0,0,0,0,0,0,0,0,0,0,0,0,0,0,0,0,0,0,0,0,0,0,0,0,0,0,0,0,0,0,0,0,0,0,0,0,15,22,40,50,51,46,1,17,20,25,29,31,11,18,26,34,35,38,47,5,7,19,21,27,43,3,8,10,32,42,48,49,12,14,23,37,39],"type":"read_ok"}}
2024/02/23 19:16:31 Received {n3 n0 {"message":53,"msg_id":20,"type":"broadcast"}}
2024/02/23 19:16:31 Sent {"src":"n0","dest":"n1","body":{"message":53,"msg_id":20,"type":"broadcast"}}
2024/02/23 19:16:31 Sent {"src":"n0","dest":"n4","body":{"message":53,"msg_id":20,"type":"broadcast"}}
2024/02/23 19:16:31 Sent {"src":"n0","dest":"n0","body":{"message":53,"msg_id":20,"type":"broadcast"}}
2024/02/23 19:16:31 Sent {"src":"n0","dest":"n3","body":{"in_reply_to":20,"type":"broadcast_ok"}}
2024/02/23 19:16:31 Sent {"src":"n0","dest":"n2","body":{"message":53,"msg_id":20,"type":"broadcast"}}
2024/02/23 19:16:31 Sent {"src":"n0","dest":"n3","body":{"message":53,"msg_id":20,"type":"broadcast"}}
2024/02/23 19:16:31 Received {n0 n0 {"message":53,"msg_id":20,"type":"broadcast"}}
2024/02/23 19:16:31 Received {n4 n0 {"message":53,"msg_id":20,"type":"broadcast"}}
2024/02/23 19:16:31 Received {n4 n0 {"message":54,"msg_id":20,"type":"broadcast"}}
2024/02/23 19:16:31 Sent {"src":"n0","dest":"n4","body":{"in_reply_to":20,"type":"broadcast_ok"}}
2024/02/23 19:16:31 Sent {"src":"n0","dest":"n4","body":{"message":54,"msg_id":20,"type":"broadcast"}}
2024/02/23 19:16:31 Sent {"src":"n0","dest":"n2","body":{"message":54,"msg_id":20,"type":"broadcast"}}
2024/02/23 19:16:31 Sent {"src":"n0","dest":"n1","body":{"message":54,"msg_id":20,"type":"broadcast"}}
2024/02/23 19:16:31 Sent {"src":"n0","dest":"n0","body":{"message":54,"msg_id":20,"type":"broadcast"}}
2024/02/23 19:16:31 Sent {"src":"n0","dest":"n3","body":{"message":54,"msg_id":20,"type":"broadcast"}}
2024/02/23 19:16:31 Received {n3 n0 {"message":54,"msg_id":20,"type":"broadcast"}}
2024/02/23 19:16:31 Received {n0 n0 {"message":54,"msg_id":20,"type":"broadcast"}}
2024/02/23 19:16:31 Received {c14 n0 {"type":"read","msg_id":39}}
2024/02/23 19:16:31 Sent {"src":"n0","dest":"c14","body":{"in_reply_to":39,"messages":[0,0,0,0,0,0,0,0,0,0,0,0,0,0,0,0,0,0,0,0,0,0,0,0,0,0,0,0,0,0,0,0,0,0,0,0,0,0,0,53,27,43,47,5,7,19,21,42,54,3,8,10,32,48,49,39,12,14,23,37,51,15,22,40,50,29,31,46,1,17,20,25,35,38,11,18,26,34],"type":"read_ok"}}
2024/02/23 19:16:31 Received {c14 n0 {"type":"read","msg_id":40}}
2024/02/23 19:16:31 Sent {"src":"n0","dest":"c14","body":{"in_reply_to":40,"messages":[0,0,0,0,0,0,0,0,0,0,0,0,0,0,0,0,0,0,0,0,0,0,0,0,0,0,0,0,0,0,0,0,0,0,0,0,0,0,0,1,17,20,25,29,31,46,11,18,26,34,35,38,53,5,7,19,21,27,43,47,3,8,10,32,42,54,48,49,12,14,23,37,39,15,22,40,50,51],"type":"read_ok"}}
2024/02/23 19:16:32 Received {n3 n0 {"message":56,"msg_id":21,"type":"broadcast"}}
2024/02/23 19:16:32 Sent {"src":"n0","dest":"n3","body":{"in_reply_to":21,"type":"broadcast_ok"}}
2024/02/23 19:16:32 Sent {"src":"n0","dest":"n4","body":{"message":56,"msg_id":21,"type":"broadcast"}}
2024/02/23 19:16:32 Sent {"src":"n0","dest":"n1","body":{"message":56,"msg_id":21,"type":"broadcast"}}
2024/02/23 19:16:32 Sent {"src":"n0","dest":"n0","body":{"message":56,"msg_id":21,"type":"broadcast"}}
2024/02/23 19:16:32 Sent {"src":"n0","dest":"n2","body":{"message":56,"msg_id":21,"type":"broadcast"}}
2024/02/23 19:16:32 Sent {"src":"n0","dest":"n3","body":{"message":56,"msg_id":21,"type":"broadcast"}}
2024/02/23 19:16:32 Received {n4 n0 {"message":56,"msg_id":21,"type":"broadcast"}}
2024/02/23 19:16:32 Received {n0 n0 {"message":56,"msg_id":21,"type":"broadcast"}}
2024/02/23 19:16:32 Received {n4 n0 {"message":57,"msg_id":21,"type":"broadcast"}}
2024/02/23 19:16:32 Sent {"src":"n0","dest":"n4","body":{"in_reply_to":21,"type":"broadcast_ok"}}
2024/02/23 19:16:32 Sent {"src":"n0","dest":"n1","body":{"message":57,"msg_id":21,"type":"broadcast"}}
2024/02/23 19:16:32 Sent {"src":"n0","dest":"n0","body":{"message":57,"msg_id":21,"type":"broadcast"}}
2024/02/23 19:16:32 Sent {"src":"n0","dest":"n3","body":{"message":57,"msg_id":21,"type":"broadcast"}}
2024/02/23 19:16:32 Sent {"src":"n0","dest":"n2","body":{"message":57,"msg_id":21,"type":"broadcast"}}
2024/02/23 19:16:32 Sent {"src":"n0","dest":"n4","body":{"message":57,"msg_id":21,"type":"broadcast"}}
2024/02/23 19:16:32 Received {n0 n0 {"message":57,"msg_id":21,"type":"broadcast"}}
2024/02/23 19:16:32 Received {n3 n0 {"message":57,"msg_id":21,"type":"broadcast"}}
2024/02/23 19:16:32 Received {c14 n0 {"type":"read","msg_id":41}}
2024/02/23 19:16:32 Sent {"src":"n0","dest":"c14","body":{"in_reply_to":41,"messages":[0,0,0,0,0,0,0,0,0,0,0,0,0,0,0,0,0,0,0,0,0,0,0,0,0,0,0,0,0,0,0,0,0,0,0,0,0,0,0,0,0,48,49,37,39,12,14,23,50,51,15,22,40,25,29,31,46,56,1,17,20,57,34,35,38,11,18,26,53,21,27,43,47,5,7,19,32,42,54,3,8,10],"type":"read_ok"}}
2024/02/23 19:16:32 Received {c14 n0 {"type":"read","msg_id":42}}
2024/02/23 19:16:32 Sent {"src":"n0","dest":"c14","body":{"in_reply_to":42,"messages":[0,0,0,0,0,0,0,0,0,0,0,0,0,0,0,0,0,0,0,0,0,0,0,0,0,0,0,0,0,0,0,0,0,0,0,0,0,0,0,0,0,27,43,47,5,7,19,21,42,54,3,8,10,32,48,49,39,12,14,23,37,51,15,22,40,50,29,31,46,56,1,17,20,25,57,35,38,11,18,26,34,53],"type":"read_ok"}}
2024/02/23 19:16:33 Received {n4 n0 {"message":59,"msg_id":22,"type":"broadcast"}}
2024/02/23 19:16:33 Sent {"src":"n0","dest":"n4","body":{"in_reply_to":22,"type":"broadcast_ok"}}
2024/02/23 19:16:33 Sent {"src":"n0","dest":"n1","body":{"message":59,"msg_id":22,"type":"broadcast"}}
2024/02/23 19:16:33 Sent {"src":"n0","dest":"n4","body":{"message":59,"msg_id":22,"type":"broadcast"}}
2024/02/23 19:16:33 Sent {"src":"n0","dest":"n3","body":{"message":59,"msg_id":22,"type":"broadcast"}}
2024/02/23 19:16:33 Sent {"src":"n0","dest":"n2","body":{"message":59,"msg_id":22,"type":"broadcast"}}
2024/02/23 19:16:33 Sent {"src":"n0","dest":"n0","body":{"message":59,"msg_id":22,"type":"broadcast"}}
2024/02/23 19:16:33 Received {n3 n0 {"message":59,"msg_id":22,"type":"broadcast"}}
2024/02/23 19:16:33 Received {n0 n0 {"message":59,"msg_id":22,"type":"broadcast"}}
2024/02/23 19:16:33 Received {c14 n0 {"type":"broadcast","message":60,"msg_id":43}}
2024/02/23 19:16:33 Sent {"src":"n0","dest":"c14","body":{"in_reply_to":43,"type":"broadcast_ok"}}
2024/02/23 19:16:33 Sent {"src":"n0","dest":"n1","body":{"message":60,"msg_id":43,"type":"broadcast"}}
2024/02/23 19:16:33 Sent {"src":"n0","dest":"n0","body":{"message":60,"msg_id":43,"type":"broadcast"}}
2024/02/23 19:16:33 Sent {"src":"n0","dest":"n3","body":{"message":60,"msg_id":43,"type":"broadcast"}}
2024/02/23 19:16:33 Sent {"src":"n0","dest":"n2","body":{"message":60,"msg_id":43,"type":"broadcast"}}
2024/02/23 19:16:33 Sent {"src":"n0","dest":"n4","body":{"message":60,"msg_id":43,"type":"broadcast"}}
2024/02/23 19:16:33 Received {n0 n0 {"message":60,"msg_id":43,"type":"broadcast"}}
2024/02/23 19:16:33 Received {n3 n0 {"in_reply_to":43,"type":"broadcast_ok"}}
2024/02/23 19:16:33 Ignoring reply to 43 with no callback
2024/02/23 19:16:33 Received {n4 n0 {"in_reply_to":43,"type":"broadcast_ok"}}
2024/02/23 19:16:33 Ignoring reply to 43 with no callback
2024/02/23 19:16:33 Received {n3 n0 {"message":60,"msg_id":43,"type":"broadcast"}}
2024/02/23 19:16:33 Received {n4 n0 {"message":60,"msg_id":43,"type":"broadcast"}}
2024/02/23 19:16:33 Received {c14 n0 {"type":"broadcast","message":61,"msg_id":44}}
2024/02/23 19:16:33 Sent {"src":"n0","dest":"c14","body":{"in_reply_to":44,"type":"broadcast_ok"}}
2024/02/23 19:16:33 Sent {"src":"n0","dest":"n0","body":{"message":61,"msg_id":44,"type":"broadcast"}}
2024/02/23 19:16:33 Sent {"src":"n0","dest":"n3","body":{"message":61,"msg_id":44,"type":"broadcast"}}
2024/02/23 19:16:33 Sent {"src":"n0","dest":"n4","body":{"message":61,"msg_id":44,"type":"broadcast"}}
2024/02/23 19:16:33 Sent {"src":"n0","dest":"n2","body":{"message":61,"msg_id":44,"type":"broadcast"}}
2024/02/23 19:16:33 Sent {"src":"n0","dest":"n1","body":{"message":61,"msg_id":44,"type":"broadcast"}}
2024/02/23 19:16:33 Received {n0 n0 {"message":61,"msg_id":44,"type":"broadcast"}}
2024/02/23 19:16:33 Received {n3 n0 {"in_reply_to":44,"type":"broadcast_ok"}}
2024/02/23 19:16:33 Ignoring reply to 44 with no callback
2024/02/23 19:16:33 Received {n4 n0 {"in_reply_to":44,"type":"broadcast_ok"}}
2024/02/23 19:16:33 Ignoring reply to 44 with no callback
2024/02/23 19:16:33 Received {n4 n0 {"message":61,"msg_id":44,"type":"broadcast"}}
2024/02/23 19:16:33 Received {n3 n0 {"message":61,"msg_id":44,"type":"broadcast"}}
2024/02/23 19:16:33 Received {n3 n0 {"message":62,"msg_id":23,"type":"broadcast"}}
2024/02/23 19:16:33 Sent {"src":"n0","dest":"n3","body":{"in_reply_to":23,"type":"broadcast_ok"}}
2024/02/23 19:16:33 Sent {"src":"n0","dest":"n1","body":{"message":62,"msg_id":23,"type":"broadcast"}}
2024/02/23 19:16:33 Sent {"src":"n0","dest":"n2","body":{"message":62,"msg_id":23,"type":"broadcast"}}
2024/02/23 19:16:33 Sent {"src":"n0","dest":"n4","body":{"message":62,"msg_id":23,"type":"broadcast"}}
2024/02/23 19:16:33 Sent {"src":"n0","dest":"n0","body":{"message":62,"msg_id":23,"type":"broadcast"}}
2024/02/23 19:16:33 Sent {"src":"n0","dest":"n3","body":{"message":62,"msg_id":23,"type":"broadcast"}}
2024/02/23 19:16:33 Received {n4 n0 {"message":62,"msg_id":23,"type":"broadcast"}}
2024/02/23 19:16:33 Received {n0 n0 {"message":62,"msg_id":23,"type":"broadcast"}}
2024/02/23 19:16:33 Received {c14 n0 {"type":"broadcast","message":63,"msg_id":45}}
2024/02/23 19:16:33 Sent {"src":"n0","dest":"c14","body":{"in_reply_to":45,"type":"broadcast_ok"}}
2024/02/23 19:16:33 Sent {"src":"n0","dest":"n1","body":{"message":63,"msg_id":45,"type":"broadcast"}}
2024/02/23 19:16:33 Sent {"src":"n0","dest":"n0","body":{"message":63,"msg_id":45,"type":"broadcast"}}
2024/02/23 19:16:33 Sent {"src":"n0","dest":"n4","body":{"message":63,"msg_id":45,"type":"broadcast"}}
2024/02/23 19:16:33 Sent {"src":"n0","dest":"n3","body":{"message":63,"msg_id":45,"type":"broadcast"}}
2024/02/23 19:16:33 Sent {"src":"n0","dest":"n2","body":{"message":63,"msg_id":45,"type":"broadcast"}}
2024/02/23 19:16:33 Received {n0 n0 {"message":63,"msg_id":45,"type":"broadcast"}}
2024/02/23 19:16:33 Received {n4 n0 {"in_reply_to":45,"type":"broadcast_ok"}}
2024/02/23 19:16:33 Ignoring reply to 45 with no callback
2024/02/23 19:16:33 Received {n4 n0 {"message":63,"msg_id":45,"type":"broadcast"}}
2024/02/23 19:16:33 Received {n3 n0 {"in_reply_to":45,"type":"broadcast_ok"}}
2024/02/23 19:16:33 Ignoring reply to 45 with no callback
2024/02/23 19:16:33 Received {n3 n0 {"message":63,"msg_id":45,"type":"broadcast"}}
2024/02/23 19:16:33 Received {c14 n0 {"type":"read","msg_id":46}}
2024/02/23 19:16:33 Sent {"src":"n0","dest":"c14","body":{"in_reply_to":46,"messages":[0,0,0,0,0,0,0,0,0,0,0,0,0,0,0,0,0,0,0,0,0,0,0,0,0,0,0,0,0,0,0,0,0,0,0,0,0,0,0,0,0,0,0,0,0,0,60,5,7,19,21,27,43,47,3,8,10,32,42,54,59,48,49,61,12,14,23,37,39,62,15,22,40,50,51,63,56,1,17,20,25,29,31,46,57,11,18,26,34,35,38,53],"type":"read_ok"}}
2024/02/23 19:16:34 Received {n3 n0 {"message":65,"msg_id":24,"type":"broadcast"}}
2024/02/23 19:16:34 Sent {"src":"n0","dest":"n3","body":{"in_reply_to":24,"type":"broadcast_ok"}}
2024/02/23 19:16:34 Sent {"src":"n0","dest":"n1","body":{"message":65,"msg_id":24,"type":"broadcast"}}
2024/02/23 19:16:34 Sent {"src":"n0","dest":"n2","body":{"message":65,"msg_id":24,"type":"broadcast"}}
2024/02/23 19:16:34 Sent {"src":"n0","dest":"n4","body":{"message":65,"msg_id":24,"type":"broadcast"}}
2024/02/23 19:16:34 Sent {"src":"n0","dest":"n0","body":{"message":65,"msg_id":24,"type":"broadcast"}}
2024/02/23 19:16:34 Sent {"src":"n0","dest":"n3","body":{"message":65,"msg_id":24,"type":"broadcast"}}
2024/02/23 19:16:34 Received {n0 n0 {"message":65,"msg_id":24,"type":"broadcast"}}
2024/02/23 19:16:34 Received {n4 n0 {"message":65,"msg_id":24,"type":"broadcast"}}
2024/02/23 19:16:34 Received {n4 n0 {"message":66,"msg_id":24,"type":"broadcast"}}
2024/02/23 19:16:34 Sent {"src":"n0","dest":"n1","body":{"message":66,"msg_id":24,"type":"broadcast"}}
2024/02/23 19:16:34 Sent {"src":"n0","dest":"n4","body":{"message":66,"msg_id":24,"type":"broadcast"}}
2024/02/23 19:16:34 Sent {"src":"n0","dest":"n0","body":{"message":66,"msg_id":24,"type":"broadcast"}}
2024/02/23 19:16:34 Sent {"src":"n0","dest":"n3","body":{"message":66,"msg_id":24,"type":"broadcast"}}
2024/02/23 19:16:34 Sent {"src":"n0","dest":"n4","body":{"in_reply_to":24,"type":"broadcast_ok"}}
2024/02/23 19:16:34 Sent {"src":"n0","dest":"n2","body":{"message":66,"msg_id":24,"type":"broadcast"}}
2024/02/23 19:16:34 Received {n0 n0 {"message":66,"msg_id":24,"type":"broadcast"}}
2024/02/23 19:16:34 Received {n3 n0 {"message":66,"msg_id":24,"type":"broadcast"}}
2024/02/23 19:16:34 Received {c14 n0 {"type":"broadcast","message":67,"msg_id":47}}
2024/02/23 19:16:34 Sent {"src":"n0","dest":"c14","body":{"in_reply_to":47,"type":"broadcast_ok"}}
2024/02/23 19:16:34 Sent {"src":"n0","dest":"n4","body":{"message":67,"msg_id":47,"type":"broadcast"}}
2024/02/23 19:16:34 Sent {"src":"n0","dest":"n1","body":{"message":67,"msg_id":47,"type":"broadcast"}}
2024/02/23 19:16:34 Sent {"src":"n0","dest":"n0","body":{"message":67,"msg_id":47,"type":"broadcast"}}
2024/02/23 19:16:34 Sent {"src":"n0","dest":"n2","body":{"message":67,"msg_id":47,"type":"broadcast"}}
2024/02/23 19:16:34 Sent {"src":"n0","dest":"n3","body":{"message":67,"msg_id":47,"type":"broadcast"}}
2024/02/23 19:16:34 Received {n0 n0 {"message":67,"msg_id":47,"type":"broadcast"}}
2024/02/23 19:16:34 Received {n4 n0 {"in_reply_to":47,"type":"broadcast_ok"}}
2024/02/23 19:16:34 Ignoring reply to 47 with no callback
2024/02/23 19:16:34 Received {n4 n0 {"message":67,"msg_id":47,"type":"broadcast"}}
2024/02/23 19:16:34 Received {n3 n0 {"in_reply_to":47,"type":"broadcast_ok"}}
2024/02/23 19:16:34 Ignoring reply to 47 with no callback
2024/02/23 19:16:34 Received {n3 n0 {"message":67,"msg_id":47,"type":"broadcast"}}
2024/02/23 19:16:34 Received {c14 n0 {"type":"read","msg_id":48}}
2024/02/23 19:16:34 Sent {"src":"n0","dest":"c14","body":{"in_reply_to":48,"messages":[0,0,0,0,0,0,0,0,0,0,0,0,0,0,0,0,0,0,0,0,0,0,0,0,0,0,0,0,0,0,0,0,0,0,0,0,0,0,0,0,0,0,0,0,0,0,0,0,0,47,60,5,7,19,21,27,43,59,3,8,10,32,42,54,48,49,61,65,66,12,14,23,37,39,62,67,15,22,40,50,51,63,46,56,1,17,20,25,29,31,57,11,18,26,34,35,38,53],"type":"read_ok"}}
2024/02/23 19:16:34 Received {n3 n0 {"message":68,"msg_id":25,"type":"broadcast"}}
2024/02/23 19:16:34 Sent {"src":"n0","dest":"n1","body":{"message":68,"msg_id":25,"type":"broadcast"}}
2024/02/23 19:16:34 Sent {"src":"n0","dest":"n2","body":{"message":68,"msg_id":25,"type":"broadcast"}}
2024/02/23 19:16:34 Sent {"src":"n0","dest":"n0","body":{"message":68,"msg_id":25,"type":"broadcast"}}
2024/02/23 19:16:34 Sent {"src":"n0","dest":"n3","body":{"in_reply_to":25,"type":"broadcast_ok"}}
2024/02/23 19:16:34 Sent {"src":"n0","dest":"n3","body":{"message":68,"msg_id":25,"type":"broadcast"}}
2024/02/23 19:16:34 Sent {"src":"n0","dest":"n4","body":{"message":68,"msg_id":25,"type":"broadcast"}}
2024/02/23 19:16:34 Received {n0 n0 {"message":68,"msg_id":25,"type":"broadcast"}}
2024/02/23 19:16:34 Received {n4 n0 {"message":68,"msg_id":25,"type":"broadcast"}}
2024/02/23 19:16:34 Received {n4 n0 {"message":69,"msg_id":25,"type":"broadcast"}}
2024/02/23 19:16:34 Sent {"src":"n0","dest":"n2","body":{"message":69,"msg_id":25,"type":"broadcast"}}
2024/02/23 19:16:34 Sent {"src":"n0","dest":"n0","body":{"message":69,"msg_id":25,"type":"broadcast"}}
2024/02/23 19:16:34 Sent {"src":"n0","dest":"n1","body":{"message":69,"msg_id":25,"type":"broadcast"}}
2024/02/23 19:16:34 Sent {"src":"n0","dest":"n4","body":{"in_reply_to":25,"type":"broadcast_ok"}}
2024/02/23 19:16:34 Sent {"src":"n0","dest":"n4","body":{"message":69,"msg_id":25,"type":"broadcast"}}
2024/02/23 19:16:34 Sent {"src":"n0","dest":"n3","body":{"message":69,"msg_id":25,"type":"broadcast"}}
2024/02/23 19:16:34 Received {n0 n0 {"message":69,"msg_id":25,"type":"broadcast"}}
2024/02/23 19:16:34 Received {n3 n0 {"message":69,"msg_id":25,"type":"broadcast"}}
2024/02/23 19:16:34 Received {c14 n0 {"type":"broadcast","message":70,"msg_id":49}}
2024/02/23 19:16:34 Sent {"src":"n0","dest":"c14","body":{"in_reply_to":49,"type":"broadcast_ok"}}
2024/02/23 19:16:34 Sent {"src":"n0","dest":"n1","body":{"message":70,"msg_id":49,"type":"broadcast"}}
2024/02/23 19:16:34 Sent {"src":"n0","dest":"n3","body":{"message":70,"msg_id":49,"type":"broadcast"}}
2024/02/23 19:16:34 Sent {"src":"n0","dest":"n4","body":{"message":70,"msg_id":49,"type":"broadcast"}}
2024/02/23 19:16:34 Sent {"src":"n0","dest":"n2","body":{"message":70,"msg_id":49,"type":"broadcast"}}
2024/02/23 19:16:34 Sent {"src":"n0","dest":"n0","body":{"message":70,"msg_id":49,"type":"broadcast"}}
2024/02/23 19:16:34 Received {n0 n0 {"message":70,"msg_id":49,"type":"broadcast"}}
2024/02/23 19:16:34 Received {n3 n0 {"message":70,"msg_id":49,"type":"broadcast"}}
2024/02/23 19:16:34 Received {n4 n0 {"in_reply_to":49,"type":"broadcast_ok"}}
2024/02/23 19:16:34 Ignoring reply to 49 with no callback
2024/02/23 19:16:34 Received {n3 n0 {"in_reply_to":49,"type":"broadcast_ok"}}
2024/02/23 19:16:34 Ignoring reply to 49 with no callback
2024/02/23 19:16:34 Received {n4 n0 {"message":70,"msg_id":49,"type":"broadcast"}}
2024/02/23 19:16:34 Received {c14 n0 {"type":"read","msg_id":50}}
2024/02/23 19:16:34 Sent {"src":"n0","dest":"c14","body":{"in_reply_to":50,"messages":[0,0,0,0,0,0,0,0,0,0,0,0,0,0,0,0,0,0,0,0,0,0,0,0,0,0,0,0,0,0,0,0,0,0,0,0,0,0,0,0,0,0,0,0,0,0,0,0,0,0,0,0,50,51,63,67,70,15,22,40,25,29,31,46,56,1,17,20,57,34,35,38,68,11,18,26,53,21,27,43,47,60,5,7,19,32,42,54,59,3,8,10,65,69,48,49,61,37,39,62,66,12,14,23],"type":"read_ok"}}
2024/02/23 19:16:35 Received {n4 n0 {"message":71,"msg_id":26,"type":"broadcast"}}
2024/02/23 19:16:35 Sent {"src":"n0","dest":"n2","body":{"message":71,"msg_id":26,"type":"broadcast"}}
2024/02/23 19:16:35 Sent {"src":"n0","dest":"n0","body":{"message":71,"msg_id":26,"type":"broadcast"}}
2024/02/23 19:16:35 Sent {"src":"n0","dest":"n3","body":{"message":71,"msg_id":26,"type":"broadcast"}}
2024/02/23 19:16:35 Sent {"src":"n0","dest":"n4","body":{"in_reply_to":26,"type":"broadcast_ok"}}
2024/02/23 19:16:35 Sent {"src":"n0","dest":"n1","body":{"message":71,"msg_id":26,"type":"broadcast"}}
2024/02/23 19:16:35 Sent {"src":"n0","dest":"n4","body":{"message":71,"msg_id":26,"type":"broadcast"}}
2024/02/23 19:16:35 Received {n0 n0 {"message":71,"msg_id":26,"type":"broadcast"}}
2024/02/23 19:16:35 Received {n3 n0 {"message":71,"msg_id":26,"type":"broadcast"}}
2024/02/23 19:16:35 Received {c14 n0 {"type":"broadcast","message":72,"msg_id":51}}
2024/02/23 19:16:35 Sent {"src":"n0","dest":"n1","body":{"message":72,"msg_id":51,"type":"broadcast"}}
2024/02/23 19:16:35 Sent {"src":"n0","dest":"c14","body":{"in_reply_to":51,"type":"broadcast_ok"}}
2024/02/23 19:16:35 Sent {"src":"n0","dest":"n0","body":{"message":72,"msg_id":51,"type":"broadcast"}}
2024/02/23 19:16:35 Sent {"src":"n0","dest":"n4","body":{"message":72,"msg_id":51,"type":"broadcast"}}
2024/02/23 19:16:35 Sent {"src":"n0","dest":"n3","body":{"message":72,"msg_id":51,"type":"broadcast"}}
2024/02/23 19:16:35 Sent {"src":"n0","dest":"n2","body":{"message":72,"msg_id":51,"type":"broadcast"}}
2024/02/23 19:16:35 Received {n0 n0 {"message":72,"msg_id":51,"type":"broadcast"}}
2024/02/23 19:16:35 Received {n4 n0 {"in_reply_to":51,"type":"broadcast_ok"}}
2024/02/23 19:16:35 Ignoring reply to 51 with no callback
2024/02/23 19:16:35 Received {n3 n0 {"in_reply_to":51,"type":"broadcast_ok"}}
2024/02/23 19:16:35 Ignoring reply to 51 with no callback
2024/02/23 19:16:35 Received {n4 n0 {"message":72,"msg_id":51,"type":"broadcast"}}
2024/02/23 19:16:35 Received {n3 n0 {"message":72,"msg_id":51,"type":"broadcast"}}
2024/02/23 19:16:35 Received {c14 n0 {"type":"broadcast","message":73,"msg_id":52}}
2024/02/23 19:16:35 Sent {"src":"n0","dest":"c14","body":{"in_reply_to":52,"type":"broadcast_ok"}}
2024/02/23 19:16:35 Sent {"src":"n0","dest":"n1","body":{"message":73,"msg_id":52,"type":"broadcast"}}
2024/02/23 19:16:35 Sent {"src":"n0","dest":"n2","body":{"message":73,"msg_id":52,"type":"broadcast"}}
2024/02/23 19:16:35 Sent {"src":"n0","dest":"n4","body":{"message":73,"msg_id":52,"type":"broadcast"}}
2024/02/23 19:16:35 Sent {"src":"n0","dest":"n0","body":{"message":73,"msg_id":52,"type":"broadcast"}}
2024/02/23 19:16:35 Sent {"src":"n0","dest":"n3","body":{"message":73,"msg_id":52,"type":"broadcast"}}
2024/02/23 19:16:35 Received {n0 n0 {"message":73,"msg_id":52,"type":"broadcast"}}
2024/02/23 19:16:35 Received {n4 n0 {"in_reply_to":52,"type":"broadcast_ok"}}
2024/02/23 19:16:35 Ignoring reply to 52 with no callback
2024/02/23 19:16:35 Received {n4 n0 {"message":73,"msg_id":52,"type":"broadcast"}}
2024/02/23 19:16:35 Received {n3 n0 {"message":73,"msg_id":52,"type":"broadcast"}}
2024/02/23 19:16:35 Received {n3 n0 {"in_reply_to":52,"type":"broadcast_ok"}}
2024/02/23 19:16:35 Ignoring reply to 52 with no callback
2024/02/23 19:16:35 Received {n3 n0 {"message":75,"msg_id":27,"type":"broadcast"}}
2024/02/23 19:16:35 Sent {"src":"n0","dest":"n3","body":{"in_reply_to":27,"type":"broadcast_ok"}}
2024/02/23 19:16:35 Sent {"src":"n0","dest":"n0","body":{"message":75,"msg_id":27,"type":"broadcast"}}
2024/02/23 19:16:35 Sent {"src":"n0","dest":"n2","body":{"message":75,"msg_id":27,"type":"broadcast"}}
2024/02/23 19:16:35 Sent {"src":"n0","dest":"n1","body":{"message":75,"msg_id":27,"type":"broadcast"}}
2024/02/23 19:16:35 Sent {"src":"n0","dest":"n3","body":{"message":75,"msg_id":27,"type":"broadcast"}}
2024/02/23 19:16:35 Sent {"src":"n0","dest":"n4","body":{"message":75,"msg_id":27,"type":"broadcast"}}
2024/02/23 19:16:35 Received {n0 n0 {"message":75,"msg_id":27,"type":"broadcast"}}
2024/02/23 19:16:35 Received {n4 n0 {"message":75,"msg_id":27,"type":"broadcast"}}
2024/02/23 19:16:35 Received {c14 n0 {"type":"read","msg_id":53}}
2024/02/23 19:16:35 Sent {"src":"n0","dest":"c14","body":{"in_reply_to":53,"messages":[0,0,0,0,0,0,0,0,0,0,0,0,0,0,0,0,0,0,0,0,0,0,0,0,0,0,0,0,0,0,0,0,0,0,0,0,0,0,0,0,0,0,0,0,0,0,0,0,0,0,0,0,0,0,0,0,72,73,5,19,47,42,59,3,8,48,65,37,39,66,12,14,23,22,40,50,57,17,29,56,35,38,68,53,71,43,60,7,21,27,32,54,10,75,49,61,69,62,67,70,15,51,63,31,46,1,20,25,34,11,18,26],"type":"read_ok"}}
2024/02/23 19:16:35 Received {c14 n0 {"type":"read","msg_id":54}}
2024/02/23 19:16:35 Sent {"src":"n0","dest":"c14","body":{"in_reply_to":54,"messages":[0,0,0,0,0,0,0,0,0,0,0,0,0,0,0,0,0,0,0,0,0,0,0,0,0,0,0,0,0,0,0,0,0,0,0,0,0,0,0,0,0,0,0,0,0,0,0,0,0,0,0,0,0,0,0,0,68,35,38,53,71,7,21,27,43,60,10,32,54,49,61,69,75,62,15,51,63,67,70,1,20,25,31,46,11,18,26,34,5,19,47,72,73,59,3,8,42,48,65,12,14,23,37,39,66,22,40,50,17,29,56,57],"type":"read_ok"}}
2024/02/23 19:16:36 Received {n3 n0 {"message":77,"msg_id":28,"type":"broadcast"}}
2024/02/23 19:16:36 Sent {"src":"n0","dest":"n3","body":{"in_reply_to":28,"type":"broadcast_ok"}}
2024/02/23 19:16:36 Sent {"src":"n0","dest":"n1","body":{"message":77,"msg_id":28,"type":"broadcast"}}
2024/02/23 19:16:36 Sent {"src":"n0","dest":"n3","body":{"message":77,"msg_id":28,"type":"broadcast"}}
2024/02/23 19:16:36 Sent {"src":"n0","dest":"n2","body":{"message":77,"msg_id":28,"type":"broadcast"}}
2024/02/23 19:16:36 Sent {"src":"n0","dest":"n0","body":{"message":77,"msg_id":28,"type":"broadcast"}}
2024/02/23 19:16:36 Sent {"src":"n0","dest":"n4","body":{"message":77,"msg_id":28,"type":"broadcast"}}
2024/02/23 19:16:36 Received {n4 n0 {"message":77,"msg_id":28,"type":"broadcast"}}
2024/02/23 19:16:36 Received {n0 n0 {"message":77,"msg_id":28,"type":"broadcast"}}
2024/02/23 19:16:36 Received {c14 n0 {"type":"read","msg_id":55}}
2024/02/23 19:16:36 Sent {"src":"n0","dest":"c14","body":{"in_reply_to":55,"messages":[0,0,0,0,0,0,0,0,0,0,0,0,0,0,0,0,0,0,0,0,0,0,0,0,0,0,0,0,0,0,0,0,0,0,0,0,0,0,0,0,0,0,0,0,0,0,0,0,0,0,0,0,0,0,0,0,0,7,21,27,43,60,54,10,32,49,61,69,75,62,15,51,63,67,70,1,20,25,31,46,11,18,26,34,5,19,47,72,73,59,3,8,42,48,65,66,12,14,23,37,39,22,40,50,17,29,56,57,35,38,68,53,71,77],"type":"read_ok"}}
2024/02/23 19:16:36 Received {c14 n0 {"type":"broadcast","message":78,"msg_id":56}}
2024/02/23 19:16:36 Sent {"src":"n0","dest":"c14","body":{"in_reply_to":56,"type":"broadcast_ok"}}
2024/02/23 19:16:36 Sent {"src":"n0","dest":"n1","body":{"message":78,"msg_id":56,"type":"broadcast"}}
2024/02/23 19:16:36 Sent {"src":"n0","dest":"n4","body":{"message":78,"msg_id":56,"type":"broadcast"}}
2024/02/23 19:16:36 Sent {"src":"n0","dest":"n2","body":{"message":78,"msg_id":56,"type":"broadcast"}}
2024/02/23 19:16:36 Sent {"src":"n0","dest":"n0","body":{"message":78,"msg_id":56,"type":"broadcast"}}
2024/02/23 19:16:36 Sent {"src":"n0","dest":"n3","body":{"message":78,"msg_id":56,"type":"broadcast"}}
2024/02/23 19:16:36 Received {n0 n0 {"message":78,"msg_id":56,"type":"broadcast"}}
2024/02/23 19:16:36 Received {n4 n0 {"in_reply_to":56,"type":"broadcast_ok"}}
2024/02/23 19:16:36 Ignoring reply to 56 with no callback
2024/02/23 19:16:36 Received {n3 n0 {"in_reply_to":56,"type":"broadcast_ok"}}
2024/02/23 19:16:36 Ignoring reply to 56 with no callback
2024/02/23 19:16:36 Received {n4 n0 {"message":78,"msg_id":56,"type":"broadcast"}}
2024/02/23 19:16:36 Received {n3 n0 {"message":78,"msg_id":56,"type":"broadcast"}}
2024/02/23 19:16:36 Received {n3 n0 {"message":80,"msg_id":29,"type":"broadcast"}}
2024/02/23 19:16:36 Sent {"src":"n0","dest":"n3","body":{"in_reply_to":29,"type":"broadcast_ok"}}
2024/02/23 19:16:36 Sent {"src":"n0","dest":"n4","body":{"message":80,"msg_id":29,"type":"broadcast"}}
2024/02/23 19:16:36 Sent {"src":"n0","dest":"n1","body":{"message":80,"msg_id":29,"type":"broadcast"}}
2024/02/23 19:16:36 Sent {"src":"n0","dest":"n0","body":{"message":80,"msg_id":29,"type":"broadcast"}}
2024/02/23 19:16:36 Sent {"src":"n0","dest":"n3","body":{"message":80,"msg_id":29,"type":"broadcast"}}
2024/02/23 19:16:36 Sent {"src":"n0","dest":"n2","body":{"message":80,"msg_id":29,"type":"broadcast"}}
2024/02/23 19:16:36 Received {n4 n0 {"message":80,"msg_id":29,"type":"broadcast"}}
2024/02/23 19:16:36 Received {n0 n0 {"message":80,"msg_id":29,"type":"broadcast"}}
2024/02/23 19:16:36 Received {n4 n0 {"message":81,"msg_id":29,"type":"broadcast"}}
2024/02/23 19:16:36 Sent {"src":"n0","dest":"n1","body":{"message":81,"msg_id":29,"type":"broadcast"}}
2024/02/23 19:16:36 Sent {"src":"n0","dest":"n3","body":{"message":81,"msg_id":29,"type":"broadcast"}}
2024/02/23 19:16:36 Sent {"src":"n0","dest":"n4","body":{"in_reply_to":29,"type":"broadcast_ok"}}
2024/02/23 19:16:36 Sent {"src":"n0","dest":"n4","body":{"message":81,"msg_id":29,"type":"broadcast"}}
2024/02/23 19:16:36 Sent {"src":"n0","dest":"n0","body":{"message":81,"msg_id":29,"type":"broadcast"}}
2024/02/23 19:16:36 Sent {"src":"n0","dest":"n2","body":{"message":81,"msg_id":29,"type":"broadcast"}}
2024/02/23 19:16:36 Received {n0 n0 {"message":81,"msg_id":29,"type":"broadcast"}}
2024/02/23 19:16:36 Received {n3 n0 {"message":81,"msg_id":29,"type":"broadcast"}}
2024/02/23 19:16:36 Received {c14 n0 {"type":"broadcast","message":82,"msg_id":57}}
2024/02/23 19:16:36 Sent {"src":"n0","dest":"c14","body":{"in_reply_to":57,"type":"broadcast_ok"}}
2024/02/23 19:16:36 Sent {"src":"n0","dest":"n1","body":{"message":82,"msg_id":57,"type":"broadcast"}}
2024/02/23 19:16:36 Sent {"src":"n0","dest":"n3","body":{"message":82,"msg_id":57,"type":"broadcast"}}
2024/02/23 19:16:36 Sent {"src":"n0","dest":"n2","body":{"message":82,"msg_id":57,"type":"broadcast"}}
2024/02/23 19:16:36 Sent {"src":"n0","dest":"n4","body":{"message":82,"msg_id":57,"type":"broadcast"}}
2024/02/23 19:16:36 Sent {"src":"n0","dest":"n0","body":{"message":82,"msg_id":57,"type":"broadcast"}}
2024/02/23 19:16:36 Received {n0 n0 {"message":82,"msg_id":57,"type":"broadcast"}}
2024/02/23 19:16:36 Received {n3 n0 {"in_reply_to":57,"type":"broadcast_ok"}}
2024/02/23 19:16:36 Ignoring reply to 57 with no callback
2024/02/23 19:16:36 Received {n4 n0 {"in_reply_to":57,"type":"broadcast_ok"}}
2024/02/23 19:16:36 Ignoring reply to 57 with no callback
2024/02/23 19:16:36 Received {n4 n0 {"message":82,"msg_id":57,"type":"broadcast"}}
2024/02/23 19:16:36 Received {n3 n0 {"message":82,"msg_id":57,"type":"broadcast"}}
2024/02/23 19:16:36 Received {c14 n0 {"type":"read","msg_id":58}}
2024/02/23 19:16:36 Sent {"src":"n0","dest":"c14","body":{"in_reply_to":58,"messages":[0,0,0,0,0,0,0,0,0,0,0,0,0,0,0,0,0,0,0,0,0,0,0,0,0,0,0,0,0,0,0,0,0,0,0,0,0,0,0,0,0,0,0,0,0,0,0,0,0,0,0,0,0,0,0,0,0,0,0,0,0,48,65,23,37,39,66,12,14,50,22,40,56,57,17,29,68,80,81,35,38,77,53,71,27,43,60,82,7,21,54,78,10,32,69,75,49,61,62,63,67,70,15,51,25,31,46,1,20,26,34,11,18,47,72,73,5,19,42,59,3,8],"type":"read_ok"}}
2024/02/23 19:16:37 Received {n3 n0 {"message":85,"msg_id":30,"type":"broadcast"}}
2024/02/23 19:16:37 Sent {"src":"n0","dest":"n1","body":{"message":85,"msg_id":30,"type":"broadcast"}}
2024/02/23 19:16:37 Sent {"src":"n0","dest":"n0","body":{"message":85,"msg_id":30,"type":"broadcast"}}
2024/02/23 19:16:37 Sent {"src":"n0","dest":"n3","body":{"message":85,"msg_id":30,"type":"broadcast"}}
2024/02/23 19:16:37 Sent {"src":"n0","dest":"n2","body":{"message":85,"msg_id":30,"type":"broadcast"}}
2024/02/23 19:16:37 Sent {"src":"n0","dest":"n4","body":{"message":85,"msg_id":30,"type":"broadcast"}}
2024/02/23 19:16:37 Sent {"src":"n0","dest":"n3","body":{"in_reply_to":30,"type":"broadcast_ok"}}
2024/02/23 19:16:37 Received {n0 n0 {"message":85,"msg_id":30,"type":"broadcast"}}
2024/02/23 19:16:37 Received {n4 n0 {"message":85,"msg_id":30,"type":"broadcast"}}
2024/02/23 19:16:37 Received {n4 n0 {"message":86,"msg_id":30,"type":"broadcast"}}
2024/02/23 19:16:37 Sent {"src":"n0","dest":"n4","body":{"in_reply_to":30,"type":"broadcast_ok"}}
2024/02/23 19:16:37 Sent {"src":"n0","dest":"n2","body":{"message":86,"msg_id":30,"type":"broadcast"}}
2024/02/23 19:16:37 Sent {"src":"n0","dest":"n0","body":{"message":86,"msg_id":30,"type":"broadcast"}}
2024/02/23 19:16:37 Sent {"src":"n0","dest":"n1","body":{"message":86,"msg_id":30,"type":"broadcast"}}
2024/02/23 19:16:37 Sent {"src":"n0","dest":"n4","body":{"message":86,"msg_id":30,"type":"broadcast"}}
2024/02/23 19:16:37 Sent {"src":"n0","dest":"n3","body":{"message":86,"msg_id":30,"type":"broadcast"}}
2024/02/23 19:16:37 Received {n3 n0 {"message":86,"msg_id":30,"type":"broadcast"}}
2024/02/23 19:16:37 Received {n0 n0 {"message":86,"msg_id":30,"type":"broadcast"}}
2024/02/23 19:16:37 Received {c14 n0 {"type":"broadcast","message":87,"msg_id":59}}
2024/02/23 19:16:37 Sent {"src":"n0","dest":"c14","body":{"in_reply_to":59,"type":"broadcast_ok"}}
2024/02/23 19:16:37 Sent {"src":"n0","dest":"n1","body":{"message":87,"msg_id":59,"type":"broadcast"}}
2024/02/23 19:16:37 Sent {"src":"n0","dest":"n3","body":{"message":87,"msg_id":59,"type":"broadcast"}}
2024/02/23 19:16:37 Sent {"src":"n0","dest":"n0","body":{"message":87,"msg_id":59,"type":"broadcast"}}
2024/02/23 19:16:37 Sent {"src":"n0","dest":"n2","body":{"message":87,"msg_id":59,"type":"broadcast"}}
2024/02/23 19:16:37 Sent {"src":"n0","dest":"n4","body":{"message":87,"msg_id":59,"type":"broadcast"}}
2024/02/23 19:16:37 Received {n0 n0 {"message":87,"msg_id":59,"type":"broadcast"}}
2024/02/23 19:16:37 Received {n3 n0 {"in_reply_to":59,"type":"broadcast_ok"}}
2024/02/23 19:16:37 Ignoring reply to 59 with no callback
2024/02/23 19:16:37 Received {n4 n0 {"in_reply_to":59,"type":"broadcast_ok"}}
2024/02/23 19:16:37 Ignoring reply to 59 with no callback
2024/02/23 19:16:37 Received {n3 n0 {"message":87,"msg_id":59,"type":"broadcast"}}
2024/02/23 19:16:37 Received {n4 n0 {"message":87,"msg_id":59,"type":"broadcast"}}
2024/02/23 19:16:37 Received {c14 n0 {"type":"broadcast","message":88,"msg_id":60}}
2024/02/23 19:16:37 Sent {"src":"n0","dest":"n1","body":{"message":88,"msg_id":60,"type":"broadcast"}}
2024/02/23 19:16:37 Sent {"src":"n0","dest":"n2","body":{"message":88,"msg_id":60,"type":"broadcast"}}
2024/02/23 19:16:37 Sent {"src":"n0","dest":"c14","body":{"in_reply_to":60,"type":"broadcast_ok"}}
2024/02/23 19:16:37 Sent {"src":"n0","dest":"n4","body":{"message":88,"msg_id":60,"type":"broadcast"}}
2024/02/23 19:16:37 Sent {"src":"n0","dest":"n0","body":{"message":88,"msg_id":60,"type":"broadcast"}}
2024/02/23 19:16:37 Sent {"src":"n0","dest":"n3","body":{"message":88,"msg_id":60,"type":"broadcast"}}
2024/02/23 19:16:37 Received {n0 n0 {"message":88,"msg_id":60,"type":"broadcast"}}
2024/02/23 19:16:37 Received {n3 n0 {"in_reply_to":60,"type":"broadcast_ok"}}
2024/02/23 19:16:37 Ignoring reply to 60 with no callback
2024/02/23 19:16:37 Received {n3 n0 {"message":88,"msg_id":60,"type":"broadcast"}}
2024/02/23 19:16:37 Received {n4 n0 {"message":88,"msg_id":60,"type":"broadcast"}}
2024/02/23 19:16:37 Received {n4 n0 {"in_reply_to":60,"type":"broadcast_ok"}}
2024/02/23 19:16:37 Ignoring reply to 60 with no callback
2024/02/23 19:16:38 Received {c14 n0 {"type":"read","msg_id":61}}
2024/02/23 19:16:38 Sent {"src":"n0","dest":"c14","body":{"in_reply_to":61,"messages":[0,0,0,0,0,0,0,0,0,0,0,0,0,0,0,0,0,0,0,0,0,0,0,0,0,0,0,0,0,0,0,0,0,0,0,0,0,0,0,0,0,0,0,0,0,0,0,0,0,0,0,0,0,0,0,0,0,0,0,0,0,0,0,0,0,10,32,54,78,88,49,61,69,75,86,62,15,51,63,67,70,1,20,25,31,46,11,18,26,34,5,19,47,72,73,3,8,42,59,87,48,65,12,14,23,37,39,66,22,40,50,17,29,56,57,85,35,38,68,80,81,53,71,77,7,21,27,43,60,82],"type":"read_ok"}}
2024/02/23 19:16:38 Received {c14 n0 {"type":"broadcast","message":91,"msg_id":62}}
2024/02/23 19:16:38 Sent {"src":"n0","dest":"c14","body":{"in_reply_to":62,"type":"broadcast_ok"}}
2024/02/23 19:16:38 Sent {"src":"n0","dest":"n4","body":{"message":91,"msg_id":62,"type":"broadcast"}}
2024/02/23 19:16:38 Sent {"src":"n0","dest":"n1","body":{"message":91,"msg_id":62,"type":"broadcast"}}
2024/02/23 19:16:38 Sent {"src":"n0","dest":"n2","body":{"message":91,"msg_id":62,"type":"broadcast"}}
2024/02/23 19:16:38 Sent {"src":"n0","dest":"n3","body":{"message":91,"msg_id":62,"type":"broadcast"}}
2024/02/23 19:16:38 Sent {"src":"n0","dest":"n0","body":{"message":91,"msg_id":62,"type":"broadcast"}}
2024/02/23 19:16:38 Received {n0 n0 {"message":91,"msg_id":62,"type":"broadcast"}}
2024/02/23 19:16:38 Received {n4 n0 {"in_reply_to":62,"type":"broadcast_ok"}}
2024/02/23 19:16:38 Ignoring reply to 62 with no callback
2024/02/23 19:16:38 Received {n4 n0 {"message":91,"msg_id":62,"type":"broadcast"}}
2024/02/23 19:16:38 Received {n3 n0 {"in_reply_to":62,"type":"broadcast_ok"}}
2024/02/23 19:16:38 Ignoring reply to 62 with no callback
2024/02/23 19:16:38 Received {n3 n0 {"message":91,"msg_id":62,"type":"broadcast"}}
