2024/02/23 19:16:19 Received {c1 n2 {"type":"init","node_id":"n2","node_ids":["n0","n1","n2","n3","n4"],"msg_id":1}}
2024/02/23 19:16:19 Node n2 initialized
2024/02/23 19:16:19 Sent {"src":"n2","dest":"c1","body":{"in_reply_to":1,"type":"init_ok"}}
2024/02/23 19:16:19 Received {c7 n2 {"type":"topology","topology":{"n0":["n3","n1"],"n1":["n4","n2","n0"],"n2":["n1"],"n3":["n0","n4"],"n4":["n1","n3"]},"msg_id":1}}
2024/02/23 19:16:19 Sent {"src":"n2","dest":"c7","body":{"in_reply_to":1,"type":"topology_ok"}}
2024/02/23 19:16:19 Received {c11 n2 {"type":"broadcast","message":0,"msg_id":1}}
2024/02/23 19:16:19 Sent {"src":"n2","dest":"c11","body":{"in_reply_to":1,"type":"broadcast_ok"}}
2024/02/23 19:16:19 Sent {"src":"n2","dest":"n4","body":{"message":0,"msg_id":1,"type":"broadcast"}}
2024/02/23 19:16:19 Sent {"src":"n2","dest":"n1","body":{"message":0,"msg_id":1,"type":"broadcast"}}
2024/02/23 19:16:19 Sent {"src":"n2","dest":"n3","body":{"message":0,"msg_id":1,"type":"broadcast"}}
2024/02/23 19:16:19 Sent {"src":"n2","dest":"n0","body":{"message":0,"msg_id":1,"type":"broadcast"}}
2024/02/23 19:16:19 Sent {"src":"n2","dest":"n2","body":{"message":0,"msg_id":1,"type":"broadcast"}}
2024/02/23 19:16:19 Received {n2 n2 {"message":0,"msg_id":1,"type":"broadcast"}}
2024/02/23 19:16:19 Received {n1 n2 {"in_reply_to":1,"type":"broadcast_ok"}}
2024/02/23 19:16:19 Ignoring reply to 1 with no callback
2024/02/23 19:16:19 Received {n1 n2 {"message":0,"msg_id":1,"type":"broadcast"}}
2024/02/23 19:16:20 Received {n1 n2 {"message":2,"msg_id":2,"type":"broadcast"}}
2024/02/23 19:16:20 Sent {"src":"n2","dest":"n1","body":{"message":2,"msg_id":2,"type":"broadcast"}}
2024/02/23 19:16:20 Sent {"src":"n2","dest":"n2","body":{"message":2,"msg_id":2,"type":"broadcast"}}
2024/02/23 19:16:20 Sent {"src":"n2","dest":"n4","body":{"message":2,"msg_id":2,"type":"broadcast"}}
2024/02/23 19:16:20 Sent {"src":"n2","dest":"n1","body":{"in_reply_to":2,"type":"broadcast_ok"}}
2024/02/23 19:16:20 Sent {"src":"n2","dest":"n3","body":{"message":2,"msg_id":2,"type":"broadcast"}}
2024/02/23 19:16:20 Sent {"src":"n2","dest":"n0","body":{"message":2,"msg_id":2,"type":"broadcast"}}
2024/02/23 19:16:20 Received {n2 n2 {"message":2,"msg_id":2,"type":"broadcast"}}
2024/02/23 19:16:20 Received {c11 n2 {"type":"read","msg_id":2}}
2024/02/23 19:16:20 Sent {"src":"n2","dest":"c11","body":{"in_reply_to":2,"messages":[0,0,0,2],"type":"read_ok"}}
2024/02/23 19:16:20 Received {n1 n2 {"message":4,"msg_id":3,"type":"broadcast"}}
2024/02/23 19:16:20 Sent {"src":"n2","dest":"n1","body":{"in_reply_to":3,"type":"broadcast_ok"}}
2024/02/23 19:16:20 Sent {"src":"n2","dest":"n3","body":{"message":4,"msg_id":3,"type":"broadcast"}}
2024/02/23 19:16:20 Sent {"src":"n2","dest":"n0","body":{"message":4,"msg_id":3,"type":"broadcast"}}
2024/02/23 19:16:20 Sent {"src":"n2","dest":"n2","body":{"message":4,"msg_id":3,"type":"broadcast"}}
2024/02/23 19:16:20 Sent {"src":"n2","dest":"n1","body":{"message":4,"msg_id":3,"type":"broadcast"}}
2024/02/23 19:16:20 Sent {"src":"n2","dest":"n4","body":{"message":4,"msg_id":3,"type":"broadcast"}}
2024/02/23 19:16:20 Received {n2 n2 {"message":4,"msg_id":3,"type":"broadcast"}}
2024/02/23 19:16:20 Received {c11 n2 {"type":"read","msg_id":3}}
2024/02/23 19:16:20 Sent {"src":"n2","dest":"c11","body":{"in_reply_to":3,"messages":[0,0,0,0,2,4],"type":"read_ok"}}
2024/02/23 19:16:21 Received {n1 n2 {"message":6,"msg_id":4,"type":"broadcast"}}
2024/02/23 19:16:21 Sent {"src":"n2","dest":"n1","body":{"in_reply_to":4,"type":"broadcast_ok"}}
2024/02/23 19:16:21 Sent {"src":"n2","dest":"n1","body":{"message":6,"msg_id":4,"type":"broadcast"}}
2024/02/23 19:16:21 Sent {"src":"n2","dest":"n3","body":{"message":6,"msg_id":4,"type":"broadcast"}}
2024/02/23 19:16:21 Sent {"src":"n2","dest":"n4","body":{"message":6,"msg_id":4,"type":"broadcast"}}
2024/02/23 19:16:21 Sent {"src":"n2","dest":"n2","body":{"message":6,"msg_id":4,"type":"broadcast"}}
2024/02/23 19:16:21 Sent {"src":"n2","dest":"n0","body":{"message":6,"msg_id":4,"type":"broadcast"}}
2024/02/23 19:16:21 Received {n2 n2 {"message":6,"msg_id":4,"type":"broadcast"}}
2024/02/23 19:16:21 Received {c11 n2 {"type":"read","msg_id":4}}
2024/02/23 19:16:21 Sent {"src":"n2","dest":"c11","body":{"in_reply_to":4,"messages":[0,0,0,0,2,4,6,0],"type":"read_ok"}}
2024/02/23 19:16:21 Received {c11 n2 {"type":"broadcast","message":9,"msg_id":5}}
2024/02/23 19:16:21 Sent {"src":"n2","dest":"c11","body":{"in_reply_to":5,"type":"broadcast_ok"}}
2024/02/23 19:16:21 Sent {"src":"n2","dest":"n1","body":{"message":9,"msg_id":5,"type":"broadcast"}}
2024/02/23 19:16:21 Sent {"src":"n2","dest":"n4","body":{"message":9,"msg_id":5,"type":"broadcast"}}
2024/02/23 19:16:21 Sent {"src":"n2","dest":"n0","body":{"message":9,"msg_id":5,"type":"broadcast"}}
2024/02/23 19:16:21 Sent {"src":"n2","dest":"n2","body":{"message":9,"msg_id":5,"type":"broadcast"}}
2024/02/23 19:16:21 Sent {"src":"n2","dest":"n3","body":{"message":9,"msg_id":5,"type":"broadcast"}}
2024/02/23 19:16:21 Received {n2 n2 {"message":9,"msg_id":5,"type":"broadcast"}}
2024/02/23 19:16:21 Received {n1 n2 {"in_reply_to":5,"type":"broadcast_ok"}}
2024/02/23 19:16:21 Ignoring reply to 5 with no callback
2024/02/23 19:16:21 Received {n1 n2 {"message":9,"msg_id":5,"type":"broadcast"}}
2024/02/23 19:16:22 Received {n1 n2 {"message":13,"msg_id":6,"type":"broadcast"}}
2024/02/23 19:16:22 Sent {"src":"n2","dest":"n1","body":{"in_reply_to":6,"type":"broadcast_ok"}}
2024/02/23 19:16:22 Sent {"src":"n2","dest":"n1","body":{"message":13,"msg_id":6,"type":"broadcast"}}
2024/02/23 19:16:22 Sent {"src":"n2","dest":"n4","body":{"message":13,"msg_id":6,"type":"broadcast"}}
2024/02/23 19:16:22 Sent {"src":"n2","dest":"n0","body":{"message":13,"msg_id":6,"type":"broadcast"}}
2024/02/23 19:16:22 Sent {"src":"n2","dest":"n2","body":{"message":13,"msg_id":6,"type":"broadcast"}}
2024/02/23 19:16:22 Sent {"src":"n2","dest":"n3","body":{"message":13,"msg_id":6,"type":"broadcast"}}
2024/02/23 19:16:22 Received {n2 n2 {"message":13,"msg_id":6,"type":"broadcast"}}
2024/02/23 19:16:22 Received {c11 n2 {"type":"read","msg_id":6}}
2024/02/23 19:16:22 Sent {"src":"n2","dest":"c11","body":{"in_reply_to":6,"messages":[0,0,0,0,0,0,2,4,6,9,13,0],"type":"read_ok"}}
2024/02/23 19:16:23 Received {c11 n2 {"type":"broadcast","message":16,"msg_id":7}}
2024/02/23 19:16:23 Sent {"src":"n2","dest":"c11","body":{"in_reply_to":7,"type":"broadcast_ok"}}
2024/02/23 19:16:23 Sent {"src":"n2","dest":"n1","body":{"message":16,"msg_id":7,"type":"broadcast"}}
2024/02/23 19:16:23 Sent {"src":"n2","dest":"n3","body":{"message":16,"msg_id":7,"type":"broadcast"}}
2024/02/23 19:16:23 Sent {"src":"n2","dest":"n4","body":{"message":16,"msg_id":7,"type":"broadcast"}}
2024/02/23 19:16:23 Sent {"src":"n2","dest":"n2","body":{"message":16,"msg_id":7,"type":"broadcast"}}
2024/02/23 19:16:23 Sent {"src":"n2","dest":"n0","body":{"message":16,"msg_id":7,"type":"broadcast"}}
2024/02/23 19:16:23 Received {n2 n2 {"message":16,"msg_id":7,"type":"broadcast"}}
2024/02/23 19:16:23 Received {n1 n2 {"in_reply_to":7,"type":"broadcast_ok"}}
2024/02/23 19:16:23 Ignoring reply to 7 with no callback
2024/02/23 19:16:23 Received {n1 n2 {"message":16,"msg_id":7,"type":"broadcast"}}
2024/02/23 19:16:23 Received {c11 n2 {"type":"read","msg_id":8}}
2024/02/23 19:16:23 Sent {"src":"n2","dest":"c11","body":{"in_reply_to":8,"messages":[0,0,0,0,0,0,0,6,9,13,16,0,2,4],"type":"read_ok"}}
2024/02/23 19:16:24 Received {c11 n2 {"type":"read","msg_id":9}}
2024/02/23 19:16:24 Sent {"src":"n2","dest":"c11","body":{"in_reply_to":9,"messages":[0,0,0,0,0,0,0,6,9,13,16,0,2,4],"type":"read_ok"}}
2024/02/23 19:16:24 Received {n1 n2 {"message":24,"msg_id":10,"type":"broadcast"}}
2024/02/23 19:16:24 Sent {"src":"n2","dest":"n1","body":{"in_reply_to":10,"type":"broadcast_ok"}}
2024/02/23 19:16:24 Sent {"src":"n2","dest":"n4","body":{"message":24,"msg_id":10,"type":"broadcast"}}
2024/02/23 19:16:24 Sent {"src":"n2","dest":"n1","body":{"message":24,"msg_id":10,"type":"broadcast"}}
2024/02/23 19:16:24 Sent {"src":"n2","dest":"n0","body":{"message":24,"msg_id":10,"type":"broadcast"}}
2024/02/23 19:16:24 Sent {"src":"n2","dest":"n3","body":{"message":24,"msg_id":10,"type":"broadcast"}}
2024/02/23 19:16:24 Sent {"src":"n2","dest":"n2","body":{"message":24,"msg_id":10,"type":"broadcast"}}
2024/02/23 19:16:24 Received {n2 n2 {"message":24,"msg_id":10,"type":"broadcast"}}
2024/02/23 19:16:24 Received {c11 n2 {"type":"read","msg_id":10}}
2024/02/23 19:16:24 Sent {"src":"n2","dest":"c11","body":{"in_reply_to":10,"messages":[0,0,0,0,0,0,0,0,9,13,16,24,0,2,4,6],"type":"read_ok"}}
2024/02/23 19:16:25 Received {c11 n2 {"type":"broadcast","message":28,"msg_id":11}}
2024/02/23 19:16:25 Sent {"src":"n2","dest":"c11","body":{"in_reply_to":11,"type":"broadcast_ok"}}
2024/02/23 19:16:25 Sent {"src":"n2","dest":"n1","body":{"message":28,"msg_id":11,"type":"broadcast"}}
2024/02/23 19:16:25 Sent {"src":"n2","dest":"n3","body":{"message":28,"msg_id":11,"type":"broadcast"}}
2024/02/23 19:16:25 Sent {"src":"n2","dest":"n0","body":{"message":28,"msg_id":11,"type":"broadcast"}}
2024/02/23 19:16:25 Sent {"src":"n2","dest":"n4","body":{"message":28,"msg_id":11,"type":"broadcast"}}
2024/02/23 19:16:25 Sent {"src":"n2","dest":"n2","body":{"message":28,"msg_id":11,"type":"broadcast"}}
2024/02/23 19:16:25 Received {n2 n2 {"message":28,"msg_id":11,"type":"broadcast"}}
2024/02/23 19:16:25 Received {n1 n2 {"in_reply_to":11,"type":"broadcast_ok"}}
2024/02/23 19:16:25 Ignoring reply to 11 with no callback
2024/02/23 19:16:25 Received {n1 n2 {"message":28,"msg_id":11,"type":"broadcast"}}
2024/02/23 19:16:26 Received {c11 n2 {"type":"broadcast","message":30,"msg_id":12}}
2024/02/23 19:16:26 Sent {"src":"n2","dest":"c11","body":{"in_reply_to":12,"type":"broadcast_ok"}}
2024/02/23 19:16:26 Sent {"src":"n2","dest":"n3","body":{"message":30,"msg_id":12,"type":"broadcast"}}
2024/02/23 19:16:26 Sent {"src":"n2","dest":"n1","body":{"message":30,"msg_id":12,"type":"broadcast"}}
2024/02/23 19:16:26 Sent {"src":"n2","dest":"n0","body":{"message":30,"msg_id":12,"type":"broadcast"}}
2024/02/23 19:16:26 Sent {"src":"n2","dest":"n2","body":{"message":30,"msg_id":12,"type":"broadcast"}}
2024/02/23 19:16:26 Sent {"src":"n2","dest":"n4","body":{"message":30,"msg_id":12,"type":"broadcast"}}
2024/02/23 19:16:26 Received {n2 n2 {"message":30,"msg_id":12,"type":"broadcast"}}
2024/02/23 19:16:26 Received {n1 n2 {"in_reply_to":12,"type":"broadcast_ok"}}
2024/02/23 19:16:26 Ignoring reply to 12 with no callback
2024/02/23 19:16:26 Received {n1 n2 {"message":30,"msg_id":12,"type":"broadcast"}}
2024/02/23 19:16:26 Received {c11 n2 {"type":"broadcast","message":33,"msg_id":13}}
2024/02/23 19:16:26 Sent {"src":"n2","dest":"c11","body":{"in_reply_to":13,"type":"broadcast_ok"}}
2024/02/23 19:16:26 Sent {"src":"n2","dest":"n4","body":{"message":33,"msg_id":13,"type":"broadcast"}}
2024/02/23 19:16:26 Sent {"src":"n2","dest":"n1","body":{"message":33,"msg_id":13,"type":"broadcast"}}
2024/02/23 19:16:26 Sent {"src":"n2","dest":"n3","body":{"message":33,"msg_id":13,"type":"broadcast"}}
2024/02/23 19:16:26 Sent {"src":"n2","dest":"n0","body":{"message":33,"msg_id":13,"type":"broadcast"}}
2024/02/23 19:16:26 Sent {"src":"n2","dest":"n2","body":{"message":33,"msg_id":13,"type":"broadcast"}}
2024/02/23 19:16:26 Received {n2 n2 {"message":33,"msg_id":13,"type":"broadcast"}}
2024/02/23 19:16:26 Received {n1 n2 {"in_reply_to":13,"type":"broadcast_ok"}}
2024/02/23 19:16:26 Ignoring reply to 13 with no callback
2024/02/23 19:16:26 Received {n1 n2 {"message":33,"msg_id":13,"type":"broadcast"}}
2024/02/23 19:16:27 Received {c11 n2 {"type":"read","msg_id":14}}
2024/02/23 19:16:27 Sent {"src":"n2","dest":"c11","body":{"in_reply_to":14,"messages":[0,0,0,0,0,0,0,0,0,0,0,13,16,24,28,30,6,9,4,33,0,2],"type":"read_ok"}}
2024/02/23 19:16:27 Received {n1 n2 {"message":36,"msg_id":15,"type":"broadcast"}}
2024/02/23 19:16:27 Sent {"src":"n2","dest":"n1","body":{"message":36,"msg_id":15,"type":"broadcast"}}
2024/02/23 19:16:27 Sent {"src":"n2","dest":"n1","body":{"in_reply_to":15,"type":"broadcast_ok"}}
2024/02/23 19:16:27 Sent {"src":"n2","dest":"n0","body":{"message":36,"msg_id":15,"type":"broadcast"}}
2024/02/23 19:16:27 Sent {"src":"n2","dest":"n4","body":{"message":36,"msg_id":15,"type":"broadcast"}}
2024/02/23 19:16:27 Sent {"src":"n2","dest":"n3","body":{"message":36,"msg_id":15,"type":"broadcast"}}
2024/02/23 19:16:27 Sent {"src":"n2","dest":"n2","body":{"message":36,"msg_id":15,"type":"broadcast"}}
2024/02/23 19:16:27 Received {n2 n2 {"message":36,"msg_id":15,"type":"broadcast"}}
2024/02/23 19:16:27 Received {c11 n2 {"type":"read","msg_id":15}}
2024/02/23 19:16:27 Sent {"src":"n2","dest":"c11","body":{"in_reply_to":15,"messages":[0,0,0,0,0,0,0,0,0,0,0,0,0,2,4,33,6,9,13,16,24,28,30,36],"type":"read_ok"}}
2024/02/23 19:16:28 Received {c11 n2 {"type":"read","msg_id":16}}
2024/02/23 19:16:28 Sent {"src":"n2","dest":"c11","body":{"in_reply_to":16,"messages":[0,0,0,0,0,0,0,0,0,0,0,0,4,33,0,2,13,16,24,28,30,36,6,9],"type":"read_ok"}}
2024/02/23 19:16:28 Received {c11 n2 {"type":"broadcast","message":41,"msg_id":17}}
2024/02/23 19:16:28 Sent {"src":"n2","dest":"c11","body":{"in_reply_to":17,"type":"broadcast_ok"}}
2024/02/23 19:16:28 Sent {"src":"n2","dest":"n3","body":{"message":41,"msg_id":17,"type":"broadcast"}}
2024/02/23 19:16:28 Sent {"src":"n2","dest":"n4","body":{"message":41,"msg_id":17,"type":"broadcast"}}
2024/02/23 19:16:28 Sent {"src":"n2","dest":"n1","body":{"message":41,"msg_id":17,"type":"broadcast"}}
2024/02/23 19:16:28 Sent {"src":"n2","dest":"n0","body":{"message":41,"msg_id":17,"type":"broadcast"}}
2024/02/23 19:16:28 Sent {"src":"n2","dest":"n2","body":{"message":41,"msg_id":17,"type":"broadcast"}}
2024/02/23 19:16:28 Received {n2 n2 {"message":41,"msg_id":17,"type":"broadcast"}}
2024/02/23 19:16:28 Received {n1 n2 {"in_reply_to":17,"type":"broadcast_ok"}}
2024/02/23 19:16:28 Ignoring reply to 17 with no callback
2024/02/23 19:16:28 Received {n1 n2 {"message":41,"msg_id":17,"type":"broadcast"}}
2024/02/23 19:16:29 Received {n1 n2 {"message":44,"msg_id":18,"type":"broadcast"}}
2024/02/23 19:16:29 Sent {"src":"n2","dest":"n1","body":{"in_reply_to":18,"type":"broadcast_ok"}}
2024/02/23 19:16:29 Sent {"src":"n2","dest":"n1","body":{"message":44,"msg_id":18,"type":"broadcast"}}
2024/02/23 19:16:29 Sent {"src":"n2","dest":"n0","body":{"message":44,"msg_id":18,"type":"broadcast"}}
2024/02/23 19:16:29 Sent {"src":"n2","dest":"n2","body":{"message":44,"msg_id":18,"type":"broadcast"}}
2024/02/23 19:16:29 Sent {"src":"n2","dest":"n4","body":{"message":44,"msg_id":18,"type":"broadcast"}}
2024/02/23 19:16:29 Sent {"src":"n2","dest":"n3","body":{"message":44,"msg_id":18,"type":"broadcast"}}
2024/02/23 19:16:29 Received {n2 n2 {"message":44,"msg_id":18,"type":"broadcast"}}
2024/02/23 19:16:29 Received {c11 n2 {"type":"broadcast","message":45,"msg_id":18}}
2024/02/23 19:16:29 Sent {"src":"n2","dest":"c11","body":{"in_reply_to":18,"type":"broadcast_ok"}}
2024/02/23 19:16:29 Sent {"src":"n2","dest":"n4","body":{"message":45,"msg_id":18,"type":"broadcast"}}
2024/02/23 19:16:29 Sent {"src":"n2","dest":"n2","body":{"message":45,"msg_id":18,"type":"broadcast"}}
2024/02/23 19:16:29 Sent {"src":"n2","dest":"n0","body":{"message":45,"msg_id":18,"type":"broadcast"}}
2024/02/23 19:16:29 Sent {"src":"n2","dest":"n1","body":{"message":45,"msg_id":18,"type":"broadcast"}}
2024/02/23 19:16:29 Sent {"src":"n2","dest":"n3","body":{"message":45,"msg_id":18,"type":"broadcast"}}
2024/02/23 19:16:29 Received {n2 n2 {"message":45,"msg_id":18,"type":"broadcast"}}
2024/02/23 19:16:29 Received {n1 n2 {"in_reply_to":18,"type":"broadcast_ok"}}
2024/02/23 19:16:29 Ignoring reply to 18 with no callback
2024/02/23 19:16:29 Received {n1 n2 {"message":45,"msg_id":18,"type":"broadcast"}}
2024/02/23 19:16:30 Received {c11 n2 {"type":"read","msg_id":19}}
2024/02/23 19:16:30 Sent {"src":"n2","dest":"c11","body":{"in_reply_to":19,"messages":[0,0,0,0,0,0,0,0,0,0,0,0,0,0,0,30,44,6,16,4,24,28,36,41,9,13,33,45,0,2],"type":"read_ok"}}
2024/02/23 19:16:31 Received {c11 n2 {"type":"broadcast","message":52,"msg_id":20}}
2024/02/23 19:16:31 Sent {"src":"n2","dest":"n2","body":{"message":52,"msg_id":20,"type":"broadcast"}}
2024/02/23 19:16:31 Sent {"src":"n2","dest":"n4","body":{"message":52,"msg_id":20,"type":"broadcast"}}
2024/02/23 19:16:31 Sent {"src":"n2","dest":"c11","body":{"in_reply_to":20,"type":"broadcast_ok"}}
2024/02/23 19:16:31 Sent {"src":"n2","dest":"n0","body":{"message":52,"msg_id":20,"type":"broadcast"}}
2024/02/23 19:16:31 Sent {"src":"n2","dest":"n1","body":{"message":52,"msg_id":20,"type":"broadcast"}}
2024/02/23 19:16:31 Sent {"src":"n2","dest":"n3","body":{"message":52,"msg_id":20,"type":"broadcast"}}
2024/02/23 19:16:31 Received {n2 n2 {"message":52,"msg_id":20,"type":"broadcast"}}
2024/02/23 19:16:31 Received {n1 n2 {"in_reply_to":20,"type":"broadcast_ok"}}
2024/02/23 19:16:31 Ignoring reply to 20 with no callback
2024/02/23 19:16:31 Received {n1 n2 {"message":52,"msg_id":20,"type":"broadcast"}}
2024/02/23 19:16:31 Received {c11 n2 {"type":"broadcast","message":55,"msg_id":21}}
2024/02/23 19:16:31 Sent {"src":"n2","dest":"n1","body":{"message":55,"msg_id":21,"type":"broadcast"}}
2024/02/23 19:16:31 Sent {"src":"n2","dest":"n0","body":{"message":55,"msg_id":21,"type":"broadcast"}}
2024/02/23 19:16:31 Sent {"src":"n2","dest":"n3","body":{"message":55,"msg_id":21,"type":"broadcast"}}
2024/02/23 19:16:31 Sent {"src":"n2","dest":"n4","body":{"message":55,"msg_id":21,"type":"broadcast"}}
2024/02/23 19:16:31 Sent {"src":"n2","dest":"n2","body":{"message":55,"msg_id":21,"type":"broadcast"}}
2024/02/23 19:16:31 Sent {"src":"n2","dest":"c11","body":{"in_reply_to":21,"type":"broadcast_ok"}}
2024/02/23 19:16:31 Received {n2 n2 {"message":55,"msg_id":21,"type":"broadcast"}}
2024/02/23 19:16:31 Received {n1 n2 {"in_reply_to":21,"type":"broadcast_ok"}}
2024/02/23 19:16:31 Ignoring reply to 21 with no callback
2024/02/23 19:16:31 Received {n1 n2 {"message":55,"msg_id":21,"type":"broadcast"}}
2024/02/23 19:16:32 Received {c11 n2 {"type":"broadcast","message":58,"msg_id":22}}
2024/02/23 19:16:32 Sent {"src":"n2","dest":"n1","body":{"message":58,"msg_id":22,"type":"broadcast"}}
2024/02/23 19:16:32 Sent {"src":"n2","dest":"n2","body":{"message":58,"msg_id":22,"type":"broadcast"}}
2024/02/23 19:16:32 Sent {"src":"n2","dest":"n0","body":{"message":58,"msg_id":22,"type":"broadcast"}}
2024/02/23 19:16:32 Sent {"src":"n2","dest":"c11","body":{"in_reply_to":22,"type":"broadcast_ok"}}
2024/02/23 19:16:32 Sent {"src":"n2","dest":"n4","body":{"message":58,"msg_id":22,"type":"broadcast"}}
2024/02/23 19:16:32 Sent {"src":"n2","dest":"n3","body":{"message":58,"msg_id":22,"type":"broadcast"}}
2024/02/23 19:16:32 Received {n2 n2 {"message":58,"msg_id":22,"type":"broadcast"}}
2024/02/23 19:16:32 Received {n1 n2 {"in_reply_to":22,"type":"broadcast_ok"}}
2024/02/23 19:16:32 Ignoring reply to 22 with no callback
2024/02/23 19:16:32 Received {n1 n2 {"message":58,"msg_id":22,"type":"broadcast"}}
2024/02/23 19:16:33 Received {c11 n2 {"type":"read","msg_id":23}}
2024/02/23 19:16:33 Sent {"src":"n2","dest":"c11","body":{"in_reply_to":23,"messages":[0,0,0,0,0,0,0,0,0,0,0,0,0,0,0,0,0,0,4,55,24,28,36,41,52,58,9,13,33,45,0,2,30,44,6,16],"type":"read_ok"}}
2024/02/23 19:16:33 Received {n1 n2 {"message":64,"msg_id":24,"type":"broadcast"}}
2024/02/23 19:16:33 Sent {"src":"n2","dest":"n1","body":{"in_reply_to":24,"type":"broadcast_ok"}}
2024/02/23 19:16:33 Sent {"src":"n2","dest":"n1","body":{"message":64,"msg_id":24,"type":"broadcast"}}
2024/02/23 19:16:33 Sent {"src":"n2","dest":"n4","body":{"message":64,"msg_id":24,"type":"broadcast"}}
2024/02/23 19:16:33 Sent {"src":"n2","dest":"n3","body":{"message":64,"msg_id":24,"type":"broadcast"}}
2024/02/23 19:16:33 Sent {"src":"n2","dest":"n0","body":{"message":64,"msg_id":24,"type":"broadcast"}}
2024/02/23 19:16:33 Sent {"src":"n2","dest":"n2","body":{"message":64,"msg_id":24,"type":"broadcast"}}
2024/02/23 19:16:33 Received {n2 n2 {"message":64,"msg_id":24,"type":"broadcast"}}
2024/02/23 19:16:34 Received {c11 n2 {"type":"read","msg_id":24}}
2024/02/23 19:16:34 Sent {"src":"n2","dest":"c11","body":{"in_reply_to":24,"messages":[0,0,0,0,0,0,0,0,0,0,0,0,0,0,0,0,0,0,0,4,55,36,41,52,58,9,13,24,28,64,0,2,33,45,6,16,30,44],"type":"read_ok"}}
2024/02/23 19:16:34 Received {c11 n2 {"type":"read","msg_id":25}}
2024/02/23 19:16:34 Sent {"src":"n2","dest":"c11","body":{"in_reply_to":25,"messages":[0,0,0,0,0,0,0,0,0,0,0,0,0,0,0,0,0,0,0,4,55,28,36,41,52,58,9,13,24,45,64,0,2,33,44,6,16,30],"type":"read_ok"}}
2024/02/23 19:16:34 Received {c11 n2 {"type":"read","msg_id":26}}
2024/02/23 19:16:34 Sent {"src":"n2","dest":"c11","body":{"in_reply_to":26,"messages":[0,0,0,0,0,0,0,0,0,0,0,0,0,0,0,0,0,0,0,6,16,30,44,4,55,58,9,13,24,28,36,41,52,0,2,33,45,64],"type":"read_ok"}}
2024/02/23 19:16:35 Received {c11 n2 {"type":"broadcast","message":74,"msg_id":27}}
2024/02/23 19:16:35 Sent {"src":"n2","dest":"c11","body":{"in_reply_to":27,"type":"broadcast_ok"}}
2024/02/23 19:16:35 Sent {"src":"n2","dest":"n0","body":{"message":74,"msg_id":27,"type":"broadcast"}}
2024/02/23 19:16:35 Sent {"src":"n2","dest":"n1","body":{"message":74,"msg_id":27,"type":"broadcast"}}
2024/02/23 19:16:35 Sent {"src":"n2","dest":"n4","body":{"message":74,"msg_id":27,"type":"broadcast"}}
2024/02/23 19:16:35 Sent {"src":"n2","dest":"n2","body":{"message":74,"msg_id":27,"type":"broadcast"}}
2024/02/23 19:16:35 Sent {"src":"n2","dest":"n3","body":{"message":74,"msg_id":27,"type":"broadcast"}}
2024/02/23 19:16:35 Received {n2 n2 {"message":74,"msg_id":27,"type":"broadcast"}}
2024/02/23 19:16:35 Received {n1 n2 {"in_reply_to":27,"type":"broadcast_ok"}}
2024/02/23 19:16:35 Ignoring reply to 27 with no callback
2024/02/23 19:16:35 Received {n1 n2 {"message":74,"msg_id":27,"type":"broadcast"}}
2024/02/23 19:16:35 Received {c11 n2 {"type":"broadcast","message":76,"msg_id":28}}
2024/02/23 19:16:35 Sent {"src":"n2","dest":"c11","body":{"in_reply_to":28,"type":"broadcast_ok"}}
2024/02/23 19:16:35 Sent {"src":"n2","dest":"n1","body":{"message":76,"msg_id":28,"type":"broadcast"}}
2024/02/23 19:16:35 Sent {"src":"n2","dest":"n2","body":{"message":76,"msg_id":28,"type":"broadcast"}}
2024/02/23 19:16:35 Sent {"src":"n2","dest":"n4","body":{"message":76,"msg_id":28,"type":"broadcast"}}
2024/02/23 19:16:35 Sent {"src":"n2","dest":"n3","body":{"message":76,"msg_id":28,"type":"broadcast"}}
2024/02/23 19:16:35 Sent {"src":"n2","dest":"n0","body":{"message":76,"msg_id":28,"type":"broadcast"}}
2024/02/23 19:16:35 Received {n2 n2 {"message":76,"msg_id":28,"type":"broadcast"}}
2024/02/23 19:16:35 Received {n1 n2 {"in_reply_to":28,"type":"broadcast_ok"}}
2024/02/23 19:16:35 Ignoring reply to 28 with no callback
2024/02/23 19:16:35 Received {n1 n2 {"message":76,"msg_id":28,"type":"broadcast"}}
2024/02/23 19:16:36 Received {c11 n2 {"type":"broadcast","message":79,"msg_id":29}}
2024/02/23 19:16:36 Sent {"src":"n2","dest":"c11","body":{"in_reply_to":29,"type":"broadcast_ok"}}
2024/02/23 19:16:36 Sent {"src":"n2","dest":"n1","body":{"message":79,"msg_id":29,"type":"broadcast"}}
2024/02/23 19:16:36 Sent {"src":"n2","dest":"n3","body":{"message":79,"msg_id":29,"type":"broadcast"}}
2024/02/23 19:16:36 Sent {"src":"n2","dest":"n2","body":{"message":79,"msg_id":29,"type":"broadcast"}}
2024/02/23 19:16:36 Sent {"src":"n2","dest":"n4","body":{"message":79,"msg_id":29,"type":"broadcast"}}
2024/02/23 19:16:36 Sent {"src":"n2","dest":"n0","body":{"message":79,"msg_id":29,"type":"broadcast"}}
2024/02/23 19:16:36 Received {n2 n2 {"message":79,"msg_id":29,"type":"broadcast"}}
2024/02/23 19:16:36 Received {n1 n2 {"in_reply_to":29,"type":"broadcast_ok"}}
2024/02/23 19:16:36 Ignoring reply to 29 with no callback
2024/02/23 19:16:36 Received {n1 n2 {"message":79,"msg_id":29,"type":"broadcast"}}
2024/02/23 19:16:37 Received {n1 n2 {"message":83,"msg_id":30,"type":"broadcast"}}
2024/02/23 19:16:37 Sent {"src":"n2","dest":"n1","body":{"in_reply_to":30,"type":"broadcast_ok"}}
2024/02/23 19:16:37 Sent {"src":"n2","dest":"n1","body":{"message":83,"msg_id":30,"type":"broadcast"}}
2024/02/23 19:16:37 Sent {"src":"n2","dest":"n2","body":{"message":83,"msg_id":30,"type":"broadcast"}}
2024/02/23 19:16:37 Sent {"src":"n2","dest":"n3","body":{"message":83,"msg_id":30,"type":"broadcast"}}
2024/02/23 19:16:37 Sent {"src":"n2","dest":"n4","body":{"message":83,"msg_id":30,"type":"broadcast"}}
2024/02/23 19:16:37 Sent {"src":"n2","dest":"n0","body":{"message":83,"msg_id":30,"type":"broadcast"}}
2024/02/23 19:16:37 Received {n2 n2 {"message":83,"msg_id":30,"type":"broadcast"}}
2024/02/23 19:16:37 Received {c11 n2 {"type":"broadcast","message":84,"msg_id":30}}
2024/02/23 19:16:37 Sent {"src":"n2","dest":"c11","body":{"in_reply_to":30,"type":"broadcast_ok"}}
2024/02/23 19:16:37 Sent {"src":"n2","dest":"n4","body":{"message":84,"msg_id":30,"type":"broadcast"}}
2024/02/23 19:16:37 Sent {"src":"n2","dest":"n2","body":{"message":84,"msg_id":30,"type":"broadcast"}}
2024/02/23 19:16:37 Sent {"src":"n2","dest":"n0","body":{"message":84,"msg_id":30,"type":"broadcast"}}
2024/02/23 19:16:37 Sent {"src":"n2","dest":"n1","body":{"message":84,"msg_id":30,"type":"broadcast"}}
2024/02/23 19:16:37 Sent {"src":"n2","dest":"n3","body":{"message":84,"msg_id":30,"type":"broadcast"}}
2024/02/23 19:16:37 Received {n2 n2 {"message":84,"msg_id":30,"type":"broadcast"}}
2024/02/23 19:16:37 Received {n1 n2 {"in_reply_to":30,"type":"broadcast_ok"}}
2024/02/23 19:16:37 Ignoring reply to 30 with no callback
2024/02/23 19:16:37 Received {n1 n2 {"message":84,"msg_id":30,"type":"broadcast"}}
2024/02/23 19:16:37 Received {n1 n2 {"message":89,"msg_id":31,"type":"broadcast"}}
2024/02/23 19:16:37 Sent {"src":"n2","dest":"n1","body":{"in_reply_to":31,"type":"broadcast_ok"}}
2024/02/23 19:16:37 Sent {"src":"n2","dest":"n1","body":{"message":89,"msg_id":31,"type":"broadcast"}}
2024/02/23 19:16:37 Sent {"src":"n2","dest":"n4","body":{"message":89,"msg_id":31,"type":"broadcast"}}
2024/02/23 19:16:37 Sent {"src":"n2","dest":"n3","body":{"message":89,"msg_id":31,"type":"broadcast"}}
2024/02/23 19:16:37 Sent {"src":"n2","dest":"n2","body":{"message":89,"msg_id":31,"type":"broadcast"}}
2024/02/23 19:16:37 Sent {"src":"n2","dest":"n0","body":{"message":89,"msg_id":31,"type":"broadcast"}}
2024/02/23 19:16:37 Received {n2 n2 {"message":89,"msg_id":31,"type":"broadcast"}}
2024/02/23 19:16:37 Received {c11 n2 {"type":"broadcast","message":90,"msg_id":31}}
2024/02/23 19:16:37 Sent {"src":"n2","dest":"c11","body":{"in_reply_to":31,"type":"broadcast_ok"}}
2024/02/23 19:16:37 Sent {"src":"n2","dest":"n0","body":{"message":90,"msg_id":31,"type":"broadcast"}}
2024/02/23 19:16:37 Sent {"src":"n2","dest":"n1","body":{"message":90,"msg_id":31,"type":"broadcast"}}
2024/02/23 19:16:37 Sent {"src":"n2","dest":"n4","body":{"message":90,"msg_id":31,"type":"broadcast"}}
2024/02/23 19:16:37 Sent {"src":"n2","dest":"n2","body":{"message":90,"msg_id":31,"type":"broadcast"}}
2024/02/23 19:16:37 Sent {"src":"n2","dest":"n3","body":{"message":90,"msg_id":31,"type":"broadcast"}}
2024/02/23 19:16:37 Received {n2 n2 {"message":90,"msg_id":31,"type":"broadcast"}}
2024/02/23 19:16:37 Received {n1 n2 {"in_reply_to":31,"type":"broadcast_ok"}}
2024/02/23 19:16:37 Ignoring reply to 31 with no callback
2024/02/23 19:16:37 Received {n1 n2 {"message":90,"msg_id":31,"type":"broadcast"}}
2024/02/23 19:16:38 Received {n1 n2 {"message":92,"msg_id":32,"type":"broadcast"}}
2024/02/23 19:16:38 Sent {"src":"n2","dest":"n1","body":{"in_reply_to":32,"type":"broadcast_ok"}}
2024/02/23 19:16:38 Sent {"src":"n2","dest":"n0","body":{"message":92,"msg_id":32,"type":"broadcast"}}
2024/02/23 19:16:38 Sent {"src":"n2","dest":"n1","body":{"message":92,"msg_id":32,"type":"broadcast"}}
2024/02/23 19:16:38 Sent {"src":"n2","dest":"n2","body":{"message":92,"msg_id":32,"type":"broadcast"}}
2024/02/23 19:16:38 Sent {"src":"n2","dest":"n3","body":{"message":92,"msg_id":32,"type":"broadcast"}}
2024/02/23 19:16:38 Sent {"src":"n2","dest":"n4","body":{"message":92,"msg_id":32,"type":"broadcast"}}
2024/02/23 19:16:38 Received {n2 n2 {"message":92,"msg_id":32,"type":"broadcast"}}
2024/02/23 19:16:38 Received {c11 n2 {"type":"broadcast","message":93,"msg_id":32}}
2024/02/23 19:16:38 Sent {"src":"n2","dest":"n4","body":{"message":93,"msg_id":32,"type":"broadcast"}}
2024/02/23 19:16:38 Sent {"src":"n2","dest":"n1","body":{"message":93,"msg_id":32,"type":"broadcast"}}
2024/02/23 19:16:38 Sent {"src":"n2","dest":"n0","body":{"message":93,"msg_id":32,"type":"broadcast"}}
2024/02/23 19:16:38 Sent {"src":"n2","dest":"n3","body":{"message":93,"msg_id":32,"type":"broadcast"}}
2024/02/23 19:16:38 Sent {"src":"n2","dest":"c11","body":{"in_reply_to":32,"type":"broadcast_ok"}}
2024/02/23 19:16:38 Sent {"src":"n2","dest":"n2","body":{"message":93,"msg_id":32,"type":"broadcast"}}
2024/02/23 19:16:38 Received {n2 n2 {"message":93,"msg_id":32,"type":"broadcast"}}
2024/02/23 19:16:38 Received {n1 n2 {"in_reply_to":32,"type":"broadcast_ok"}}
2024/02/23 19:16:38 Ignoring reply to 32 with no callback
2024/02/23 19:16:38 Received {n1 n2 {"message":93,"msg_id":32,"type":"broadcast"}}
