2024/02/23 19:16:19 Received {c0 n3 {"type":"init","node_id":"n3","node_ids":["n0","n1","n2","n3","n4"],"msg_id":1}}
2024/02/23 19:16:19 Node n3 initialized
2024/02/23 19:16:19 Sent {"src":"n3","dest":"c0","body":{"in_reply_to":1,"type":"init_ok"}}
2024/02/23 19:16:19 Received {c8 n3 {"type":"topology","topology":{"n0":["n3","n1"],"n1":["n4","n2","n0"],"n2":["n1"],"n3":["n0","n4"],"n4":["n1","n3"]},"msg_id":1}}
2024/02/23 19:16:19 Sent {"src":"n3","dest":"c8","body":{"in_reply_to":1,"type":"topology_ok"}}
2024/02/23 19:16:19 Received {c12 n3 {"type":"read","msg_id":1}}
2024/02/23 19:16:19 Sent {"src":"n3","dest":"c12","body":{"in_reply_to":1,"messages":[],"type":"read_ok"}}
2024/02/23 19:16:20 Received {n0 n3 {"message":1,"msg_id":2,"type":"broadcast"}}
2024/02/23 19:16:20 Sent {"src":"n3","dest":"n0","body":{"in_reply_to":2,"type":"broadcast_ok"}}
2024/02/23 19:16:20 Sent {"src":"n3","dest":"n4","body":{"message":1,"msg_id":2,"type":"broadcast"}}
2024/02/23 19:16:20 Sent {"src":"n3","dest":"n2","body":{"message":1,"msg_id":2,"type":"broadcast"}}
2024/02/23 19:16:20 Sent {"src":"n3","dest":"n1","body":{"message":1,"msg_id":2,"type":"broadcast"}}
2024/02/23 19:16:20 Sent {"src":"n3","dest":"n0","body":{"message":1,"msg_id":2,"type":"broadcast"}}
2024/02/23 19:16:20 Sent {"src":"n3","dest":"n3","body":{"message":1,"msg_id":2,"type":"broadcast"}}
2024/02/23 19:16:20 Received {n4 n3 {"message":1,"msg_id":2,"type":"broadcast"}}
2024/02/23 19:16:20 Received {n3 n3 {"message":1,"msg_id":2,"type":"broadcast"}}
2024/02/23 19:16:20 Received {c12 n3 {"type":"read","msg_id":2}}
2024/02/23 19:16:20 Sent {"src":"n3","dest":"c12","body":{"in_reply_to":2,"messages":[0,1],"type":"read_ok"}}
2024/02/23 19:16:20 Received {n0 n3 {"message":3,"msg_id":3,"type":"broadcast"}}
2024/02/23 19:16:20 Sent {"src":"n3","dest":"n0","body":{"in_reply_to":3,"type":"broadcast_ok"}}
2024/02/23 19:16:20 Sent {"src":"n3","dest":"n0","body":{"message":3,"msg_id":3,"type":"broadcast"}}
2024/02/23 19:16:20 Sent {"src":"n3","dest":"n4","body":{"message":3,"msg_id":3,"type":"broadcast"}}
2024/02/23 19:16:20 Sent {"src":"n3","dest":"n2","body":{"message":3,"msg_id":3,"type":"broadcast"}}
2024/02/23 19:16:20 Sent {"src":"n3","dest":"n3","body":{"message":3,"msg_id":3,"type":"broadcast"}}
2024/02/23 19:16:20 Sent {"src":"n3","dest":"n1","body":{"message":3,"msg_id":3,"type":"broadcast"}}
2024/02/23 19:16:20 Received {n4 n3 {"message":3,"msg_id":3,"type":"broadcast"}}
2024/02/23 19:16:20 Received {n3 n3 {"message":3,"msg_id":3,"type":"broadcast"}}
2024/02/23 19:16:20 Received {c12 n3 {"type":"read","msg_id":3}}
2024/02/23 19:16:20 Sent {"src":"n3","dest":"c12","body":{"in_reply_to":3,"messages":[0,0,1,3],"type":"read_ok"}}
2024/02/23 19:16:21 Received {n4 n3 {"message":5,"msg_id":3,"type":"broadcast"}}
2024/02/23 19:16:21 Sent {"src":"n3","dest":"n1","body":{"message":5,"msg_id":3,"type":"broadcast"}}
2024/02/23 19:16:21 Sent {"src":"n3","dest":"n4","body":{"in_reply_to":3,"type":"broadcast_ok"}}
2024/02/23 19:16:21 Sent {"src":"n3","dest":"n0","body":{"message":5,"msg_id":3,"type":"broadcast"}}
2024/02/23 19:16:21 Sent {"src":"n3","dest":"n4","body":{"message":5,"msg_id":3,"type":"broadcast"}}
2024/02/23 19:16:21 Sent {"src":"n3","dest":"n3","body":{"message":5,"msg_id":3,"type":"broadcast"}}
2024/02/23 19:16:21 Sent {"src":"n3","dest":"n2","body":{"message":5,"msg_id":3,"type":"broadcast"}}
2024/02/23 19:16:21 Received {n0 n3 {"message":5,"msg_id":3,"type":"broadcast"}}
2024/02/23 19:16:21 Received {n3 n3 {"message":5,"msg_id":3,"type":"broadcast"}}
2024/02/23 19:16:21 Received {c12 n3 {"type":"read","msg_id":4}}
2024/02/23 19:16:21 Sent {"src":"n3","dest":"c12","body":{"in_reply_to":4,"messages":[0,0,0,1,3,5],"type":"read_ok"}}
2024/02/23 19:16:21 Received {n4 n3 {"message":7,"msg_id":4,"type":"broadcast"}}
2024/02/23 19:16:21 Sent {"src":"n3","dest":"n4","body":{"in_reply_to":4,"type":"broadcast_ok"}}
2024/02/23 19:16:21 Sent {"src":"n3","dest":"n1","body":{"message":7,"msg_id":4,"type":"broadcast"}}
2024/02/23 19:16:21 Sent {"src":"n3","dest":"n0","body":{"message":7,"msg_id":4,"type":"broadcast"}}
2024/02/23 19:16:21 Sent {"src":"n3","dest":"n2","body":{"message":7,"msg_id":4,"type":"broadcast"}}
2024/02/23 19:16:21 Sent {"src":"n3","dest":"n4","body":{"message":7,"msg_id":4,"type":"broadcast"}}
2024/02/23 19:16:21 Sent {"src":"n3","dest":"n3","body":{"message":7,"msg_id":4,"type":"broadcast"}}
2024/02/23 19:16:21 Received {n0 n3 {"message":7,"msg_id":4,"type":"broadcast"}}
2024/02/23 19:16:21 Received {n3 n3 {"message":7,"msg_id":4,"type":"broadcast"}}
2024/02/23 19:16:21 Received {n0 n3 {"message":8,"msg_id":8,"type":"broadcast"}}
2024/02/23 19:16:21 Sent {"src":"n3","dest":"n0","body":{"in_reply_to":8,"type":"broadcast_ok"}}
2024/02/23 19:16:21 Sent {"src":"n3","dest":"n2","body":{"message":8,"msg_id":8,"type":"broadcast"}}
2024/02/23 19:16:21 Sent {"src":"n3","dest":"n3","body":{"message":8,"msg_id":8,"type":"broadcast"}}
2024/02/23 19:16:21 Sent {"src":"n3","dest":"n1","body":{"message":8,"msg_id":8,"type":"broadcast"}}
2024/02/23 19:16:21 Sent {"src":"n3","dest":"n0","body":{"message":8,"msg_id":8,"type":"broadcast"}}
2024/02/23 19:16:21 Sent {"src":"n3","dest":"n4","body":{"message":8,"msg_id":8,"type":"broadcast"}}
2024/02/23 19:16:21 Received {n3 n3 {"message":8,"msg_id":8,"type":"broadcast"}}
2024/02/23 19:16:21 Received {n4 n3 {"message":8,"msg_id":8,"type":"broadcast"}}
2024/02/23 19:16:21 Received {c12 n3 {"type":"read","msg_id":5}}
2024/02/23 19:16:21 Sent {"src":"n3","dest":"c12","body":{"in_reply_to":5,"messages":[0,0,0,0,0,1,3,5,7,8],"type":"read_ok"}}
2024/02/23 19:16:22 Received {n4 n3 {"message":10,"msg_id":5,"type":"broadcast"}}
2024/02/23 19:16:22 Sent {"src":"n3","dest":"n4","body":{"in_reply_to":5,"type":"broadcast_ok"}}
2024/02/23 19:16:22 Received {n0 n3 {"message":10,"msg_id":5,"type":"broadcast"}}
2024/02/23 19:16:22 Sent {"src":"n3","dest":"n4","body":{"message":10,"msg_id":5,"type":"broadcast"}}
2024/02/23 19:16:22 Sent {"src":"n3","dest":"n3","body":{"message":10,"msg_id":5,"type":"broadcast"}}
2024/02/23 19:16:22 Sent {"src":"n3","dest":"n0","body":{"message":10,"msg_id":5,"type":"broadcast"}}
2024/02/23 19:16:22 Sent {"src":"n3","dest":"n1","body":{"message":10,"msg_id":5,"type":"broadcast"}}
2024/02/23 19:16:22 Sent {"src":"n3","dest":"n2","body":{"message":10,"msg_id":5,"type":"broadcast"}}
2024/02/23 19:16:22 Received {n3 n3 {"message":10,"msg_id":5,"type":"broadcast"}}
2024/02/23 19:16:22 Received {n0 n3 {"message":11,"msg_id":9,"type":"broadcast"}}
2024/02/23 19:16:22 Sent {"src":"n3","dest":"n0","body":{"in_reply_to":9,"type":"broadcast_ok"}}
2024/02/23 19:16:22 Sent {"src":"n3","dest":"n3","body":{"message":11,"msg_id":9,"type":"broadcast"}}
2024/02/23 19:16:22 Sent {"src":"n3","dest":"n1","body":{"message":11,"msg_id":9,"type":"broadcast"}}
2024/02/23 19:16:22 Sent {"src":"n3","dest":"n0","body":{"message":11,"msg_id":9,"type":"broadcast"}}
2024/02/23 19:16:22 Sent {"src":"n3","dest":"n2","body":{"message":11,"msg_id":9,"type":"broadcast"}}
2024/02/23 19:16:22 Sent {"src":"n3","dest":"n4","body":{"message":11,"msg_id":9,"type":"broadcast"}}
2024/02/23 19:16:22 Received {n3 n3 {"message":11,"msg_id":9,"type":"broadcast"}}
2024/02/23 19:16:22 Received {n4 n3 {"message":11,"msg_id":9,"type":"broadcast"}}
2024/02/23 19:16:22 Received {n0 n3 {"message":12,"msg_id":10,"type":"broadcast"}}
2024/02/23 19:16:22 Sent {"src":"n3","dest":"n0","body":{"in_reply_to":10,"type":"broadcast_ok"}}
2024/02/23 19:16:22 Sent {"src":"n3","dest":"n2","body":{"message":12,"msg_id":10,"type":"broadcast"}}
2024/02/23 19:16:22 Sent {"src":"n3","dest":"n3","body":{"message":12,"msg_id":10,"type":"broadcast"}}
2024/02/23 19:16:22 Sent {"src":"n3","dest":"n1","body":{"message":12,"msg_id":10,"type":"broadcast"}}
2024/02/23 19:16:22 Sent {"src":"n3","dest":"n0","body":{"message":12,"msg_id":10,"type":"broadcast"}}
2024/02/23 19:16:22 Sent {"src":"n3","dest":"n4","body":{"message":12,"msg_id":10,"type":"broadcast"}}
2024/02/23 19:16:22 Received {n4 n3 {"message":12,"msg_id":10,"type":"broadcast"}}
2024/02/23 19:16:22 Received {n3 n3 {"message":12,"msg_id":10,"type":"broadcast"}}
2024/02/23 19:16:22 Received {c12 n3 {"type":"broadcast","message":14,"msg_id":6}}
2024/02/23 19:16:22 Sent {"src":"n3","dest":"c12","body":{"in_reply_to":6,"type":"broadcast_ok"}}
2024/02/23 19:16:22 Sent {"src":"n3","dest":"n0","body":{"message":14,"msg_id":6,"type":"broadcast"}}
2024/02/23 19:16:22 Sent {"src":"n3","dest":"n4","body":{"message":14,"msg_id":6,"type":"broadcast"}}
2024/02/23 19:16:22 Sent {"src":"n3","dest":"n1","body":{"message":14,"msg_id":6,"type":"broadcast"}}
2024/02/23 19:16:22 Sent {"src":"n3","dest":"n3","body":{"message":14,"msg_id":6,"type":"broadcast"}}
2024/02/23 19:16:22 Sent {"src":"n3","dest":"n2","body":{"message":14,"msg_id":6,"type":"broadcast"}}
2024/02/23 19:16:22 Received {n3 n3 {"message":14,"msg_id":6,"type":"broadcast"}}
2024/02/23 19:16:22 Received {n0 n3 {"in_reply_to":6,"type":"broadcast_ok"}}
2024/02/23 19:16:22 Ignoring reply to 6 with no callback
2024/02/23 19:16:22 Received {n4 n3 {"message":14,"msg_id":6,"type":"broadcast"}}
2024/02/23 19:16:22 Received {n0 n3 {"message":14,"msg_id":6,"type":"broadcast"}}
2024/02/23 19:16:22 Received {n4 n3 {"in_reply_to":6,"type":"broadcast_ok"}}
2024/02/23 19:16:22 Ignoring reply to 6 with no callback
2024/02/23 19:16:22 Received {n0 n3 {"message":15,"msg_id":11,"type":"broadcast"}}
2024/02/23 19:16:22 Sent {"src":"n3","dest":"n1","body":{"message":15,"msg_id":11,"type":"broadcast"}}
2024/02/23 19:16:22 Sent {"src":"n3","dest":"n0","body":{"in_reply_to":11,"type":"broadcast_ok"}}
2024/02/23 19:16:22 Sent {"src":"n3","dest":"n3","body":{"message":15,"msg_id":11,"type":"broadcast"}}
2024/02/23 19:16:22 Sent {"src":"n3","dest":"n0","body":{"message":15,"msg_id":11,"type":"broadcast"}}
2024/02/23 19:16:22 Sent {"src":"n3","dest":"n4","body":{"message":15,"msg_id":11,"type":"broadcast"}}
2024/02/23 19:16:22 Sent {"src":"n3","dest":"n2","body":{"message":15,"msg_id":11,"type":"broadcast"}}
2024/02/23 19:16:22 Received {n3 n3 {"message":15,"msg_id":11,"type":"broadcast"}}
2024/02/23 19:16:22 Received {n4 n3 {"message":15,"msg_id":11,"type":"broadcast"}}
2024/02/23 19:16:23 Received {c12 n3 {"type":"broadcast","message":17,"msg_id":7}}
2024/02/23 19:16:23 Sent {"src":"n3","dest":"c12","body":{"in_reply_to":7,"type":"broadcast_ok"}}
2024/02/23 19:16:23 Sent {"src":"n3","dest":"n4","body":{"message":17,"msg_id":7,"type":"broadcast"}}
2024/02/23 19:16:23 Sent {"src":"n3","dest":"n1","body":{"message":17,"msg_id":7,"type":"broadcast"}}
2024/02/23 19:16:23 Sent {"src":"n3","dest":"n3","body":{"message":17,"msg_id":7,"type":"broadcast"}}
2024/02/23 19:16:23 Sent {"src":"n3","dest":"n2","body":{"message":17,"msg_id":7,"type":"broadcast"}}
2024/02/23 19:16:23 Sent {"src":"n3","dest":"n0","body":{"message":17,"msg_id":7,"type":"broadcast"}}
2024/02/23 19:16:23 Received {n3 n3 {"message":17,"msg_id":7,"type":"broadcast"}}
2024/02/23 19:16:23 Received {n4 n3 {"in_reply_to":7,"type":"broadcast_ok"}}
2024/02/23 19:16:23 Ignoring reply to 7 with no callback
2024/02/23 19:16:23 Received {n4 n3 {"message":17,"msg_id":7,"type":"broadcast"}}
2024/02/23 19:16:23 Received {n0 n3 {"in_reply_to":7,"type":"broadcast_ok"}}
2024/02/23 19:16:23 Ignoring reply to 7 with no callback
2024/02/23 19:16:23 Received {n0 n3 {"message":17,"msg_id":7,"type":"broadcast"}}
2024/02/23 19:16:23 Received {n0 n3 {"message":18,"msg_id":13,"type":"broadcast"}}
2024/02/23 19:16:23 Sent {"src":"n3","dest":"n0","body":{"in_reply_to":13,"type":"broadcast_ok"}}
2024/02/23 19:16:23 Sent {"src":"n3","dest":"n1","body":{"message":18,"msg_id":13,"type":"broadcast"}}
2024/02/23 19:16:23 Sent {"src":"n3","dest":"n4","body":{"message":18,"msg_id":13,"type":"broadcast"}}
2024/02/23 19:16:23 Sent {"src":"n3","dest":"n2","body":{"message":18,"msg_id":13,"type":"broadcast"}}
2024/02/23 19:16:23 Sent {"src":"n3","dest":"n3","body":{"message":18,"msg_id":13,"type":"broadcast"}}
2024/02/23 19:16:23 Sent {"src":"n3","dest":"n0","body":{"message":18,"msg_id":13,"type":"broadcast"}}
2024/02/23 19:16:23 Received {n4 n3 {"message":18,"msg_id":13,"type":"broadcast"}}
2024/02/23 19:16:23 Received {n3 n3 {"message":18,"msg_id":13,"type":"broadcast"}}
2024/02/23 19:16:23 Received {n0 n3 {"message":19,"msg_id":14,"type":"broadcast"}}
2024/02/23 19:16:23 Sent {"src":"n3","dest":"n0","body":{"in_reply_to":14,"type":"broadcast_ok"}}
2024/02/23 19:16:23 Sent {"src":"n3","dest":"n1","body":{"message":19,"msg_id":14,"type":"broadcast"}}
2024/02/23 19:16:23 Sent {"src":"n3","dest":"n3","body":{"message":19,"msg_id":14,"type":"broadcast"}}
2024/02/23 19:16:23 Sent {"src":"n3","dest":"n2","body":{"message":19,"msg_id":14,"type":"broadcast"}}
2024/02/23 19:16:23 Sent {"src":"n3","dest":"n0","body":{"message":19,"msg_id":14,"type":"broadcast"}}
2024/02/23 19:16:23 Sent {"src":"n3","dest":"n4","body":{"message":19,"msg_id":14,"type":"broadcast"}}
2024/02/23 19:16:23 Received {n4 n3 {"message":19,"msg_id":14,"type":"broadcast"}}
2024/02/23 19:16:23 Received {n3 n3 {"message":19,"msg_id":14,"type":"broadcast"}}
2024/02/23 19:16:23 Received {c12 n3 {"type":"read","msg_id":8}}
2024/02/23 19:16:23 Sent {"src":"n3","dest":"c12","body":{"in_reply_to":8,"messages":[0,0,0,0,0,0,0,0,0,0,0,0,0,10,12,14,15,17,3,5,7,8,11,18,19,1],"type":"read_ok"}}
2024/02/23 19:16:23 Received {n4 n3 {"message":20,"msg_id":8,"type":"broadcast"}}
2024/02/23 19:16:23 Sent {"src":"n3","dest":"n4","body":{"in_reply_to":8,"type":"broadcast_ok"}}
2024/02/23 19:16:23 Sent {"src":"n3","dest":"n1","body":{"message":20,"msg_id":8,"type":"broadcast"}}
2024/02/23 19:16:23 Sent {"src":"n3","dest":"n4","body":{"message":20,"msg_id":8,"type":"broadcast"}}
2024/02/23 19:16:23 Sent {"src":"n3","dest":"n0","body":{"message":20,"msg_id":8,"type":"broadcast"}}
2024/02/23 19:16:23 Sent {"src":"n3","dest":"n2","body":{"message":20,"msg_id":8,"type":"broadcast"}}
2024/02/23 19:16:23 Sent {"src":"n3","dest":"n3","body":{"message":20,"msg_id":8,"type":"broadcast"}}
2024/02/23 19:16:23 Received {n0 n3 {"message":20,"msg_id":8,"type":"broadcast"}}
2024/02/23 19:16:23 Received {n3 n3 {"message":20,"msg_id":8,"type":"broadcast"}}
2024/02/23 19:16:24 Received {n0 n3 {"message":21,"msg_id":15,"type":"broadcast"}}
2024/02/23 19:16:24 Sent {"src":"n3","dest":"n0","body":{"in_reply_to":15,"type":"broadcast_ok"}}
2024/02/23 19:16:24 Sent {"src":"n3","dest":"n1","body":{"message":21,"msg_id":15,"type":"broadcast"}}
2024/02/23 19:16:24 Sent {"src":"n3","dest":"n3","body":{"message":21,"msg_id":15,"type":"broadcast"}}
2024/02/23 19:16:24 Sent {"src":"n3","dest":"n0","body":{"message":21,"msg_id":15,"type":"broadcast"}}
2024/02/23 19:16:24 Sent {"src":"n3","dest":"n4","body":{"message":21,"msg_id":15,"type":"broadcast"}}
2024/02/23 19:16:24 Sent {"src":"n3","dest":"n2","body":{"message":21,"msg_id":15,"type":"broadcast"}}
2024/02/23 19:16:24 Received {n3 n3 {"message":21,"msg_id":15,"type":"broadcast"}}
2024/02/23 19:16:24 Received {n4 n3 {"message":21,"msg_id":15,"type":"broadcast"}}
2024/02/23 19:16:24 Received {n0 n3 {"message":22,"msg_id":16,"type":"broadcast"}}
2024/02/23 19:16:24 Sent {"src":"n3","dest":"n0","body":{"in_reply_to":16,"type":"broadcast_ok"}}
2024/02/23 19:16:24 Sent {"src":"n3","dest":"n0","body":{"message":22,"msg_id":16,"type":"broadcast"}}
2024/02/23 19:16:24 Sent {"src":"n3","dest":"n1","body":{"message":22,"msg_id":16,"type":"broadcast"}}
2024/02/23 19:16:24 Sent {"src":"n3","dest":"n4","body":{"message":22,"msg_id":16,"type":"broadcast"}}
2024/02/23 19:16:24 Sent {"src":"n3","dest":"n3","body":{"message":22,"msg_id":16,"type":"broadcast"}}
2024/02/23 19:16:24 Sent {"src":"n3","dest":"n2","body":{"message":22,"msg_id":16,"type":"broadcast"}}
2024/02/23 19:16:24 Received {n4 n3 {"message":22,"msg_id":16,"type":"broadcast"}}
2024/02/23 19:16:24 Received {n3 n3 {"message":22,"msg_id":16,"type":"broadcast"}}
2024/02/23 19:16:24 Received {c12 n3 {"type":"read","msg_id":9}}
2024/02/23 19:16:24 Sent {"src":"n3","dest":"c12","body":{"in_reply_to":9,"messages":[0,0,0,0,0,0,0,0,0,0,0,0,0,0,0,0,7,11,19,20,3,10,12,14,15,17,21,1,5,8,18,22],"type":"read_ok"}}
2024/02/23 19:16:24 Received {n4 n3 {"message":23,"msg_id":9,"type":"broadcast"}}
2024/02/23 19:16:24 Sent {"src":"n3","dest":"n4","body":{"in_reply_to":9,"type":"broadcast_ok"}}
2024/02/23 19:16:24 Sent {"src":"n3","dest":"n0","body":{"message":23,"msg_id":9,"type":"broadcast"}}
2024/02/23 19:16:24 Sent {"src":"n3","dest":"n4","body":{"message":23,"msg_id":9,"type":"broadcast"}}
2024/02/23 19:16:24 Sent {"src":"n3","dest":"n3","body":{"message":23,"msg_id":9,"type":"broadcast"}}
2024/02/23 19:16:24 Sent {"src":"n3","dest":"n1","body":{"message":23,"msg_id":9,"type":"broadcast"}}
2024/02/23 19:16:24 Sent {"src":"n3","dest":"n2","body":{"message":23,"msg_id":9,"type":"broadcast"}}
2024/02/23 19:16:24 Received {n3 n3 {"message":23,"msg_id":9,"type":"broadcast"}}
2024/02/23 19:16:24 Received {n0 n3 {"message":23,"msg_id":9,"type":"broadcast"}}
2024/02/23 19:16:25 Received {c12 n3 {"type":"broadcast","message":25,"msg_id":10}}
2024/02/23 19:16:25 Sent {"src":"n3","dest":"c12","body":{"in_reply_to":10,"type":"broadcast_ok"}}
2024/02/23 19:16:25 Sent {"src":"n3","dest":"n1","body":{"message":25,"msg_id":10,"type":"broadcast"}}
2024/02/23 19:16:25 Sent {"src":"n3","dest":"n2","body":{"message":25,"msg_id":10,"type":"broadcast"}}
2024/02/23 19:16:25 Sent {"src":"n3","dest":"n0","body":{"message":25,"msg_id":10,"type":"broadcast"}}
2024/02/23 19:16:25 Sent {"src":"n3","dest":"n4","body":{"message":25,"msg_id":10,"type":"broadcast"}}
2024/02/23 19:16:25 Sent {"src":"n3","dest":"n3","body":{"message":25,"msg_id":10,"type":"broadcast"}}
2024/02/23 19:16:25 Received {n3 n3 {"message":25,"msg_id":10,"type":"broadcast"}}
2024/02/23 19:16:25 Received {n0 n3 {"in_reply_to":10,"type":"broadcast_ok"}}
2024/02/23 19:16:25 Ignoring reply to 10 with no callback
2024/02/23 19:16:25 Received {n4 n3 {"in_reply_to":10,"type":"broadcast_ok"}}
2024/02/23 19:16:25 Ignoring reply to 10 with no callback
2024/02/23 19:16:25 Received {n0 n3 {"message":25,"msg_id":10,"type":"broadcast"}}
2024/02/23 19:16:25 Received {n4 n3 {"message":25,"msg_id":10,"type":"broadcast"}}
2024/02/23 19:16:25 Received {n4 n3 {"message":26,"msg_id":10,"type":"broadcast"}}
2024/02/23 19:16:25 Sent {"src":"n3","dest":"n4","body":{"in_reply_to":10,"type":"broadcast_ok"}}
2024/02/23 19:16:25 Sent {"src":"n3","dest":"n1","body":{"message":26,"msg_id":10,"type":"broadcast"}}
2024/02/23 19:16:25 Sent {"src":"n3","dest":"n2","body":{"message":26,"msg_id":10,"type":"broadcast"}}
2024/02/23 19:16:25 Sent {"src":"n3","dest":"n0","body":{"message":26,"msg_id":10,"type":"broadcast"}}
2024/02/23 19:16:25 Sent {"src":"n3","dest":"n3","body":{"message":26,"msg_id":10,"type":"broadcast"}}
2024/02/23 19:16:25 Sent {"src":"n3","dest":"n4","body":{"message":26,"msg_id":10,"type":"broadcast"}}
2024/02/23 19:16:25 Received {n0 n3 {"message":26,"msg_id":10,"type":"broadcast"}}
2024/02/23 19:16:25 Received {n3 n3 {"message":26,"msg_id":10,"type":"broadcast"}}
2024/02/23 19:16:25 Received {n0 n3 {"message":27,"msg_id":19,"type":"broadcast"}}
2024/02/23 19:16:25 Sent {"src":"n3","dest":"n0","body":{"in_reply_to":19,"type":"broadcast_ok"}}
2024/02/23 19:16:25 Sent {"src":"n3","dest":"n1","body":{"message":27,"msg_id":19,"type":"broadcast"}}
2024/02/23 19:16:25 Sent {"src":"n3","dest":"n0","body":{"message":27,"msg_id":19,"type":"broadcast"}}
2024/02/23 19:16:25 Sent {"src":"n3","dest":"n2","body":{"message":27,"msg_id":19,"type":"broadcast"}}
2024/02/23 19:16:25 Sent {"src":"n3","dest":"n4","body":{"message":27,"msg_id":19,"type":"broadcast"}}
2024/02/23 19:16:25 Sent {"src":"n3","dest":"n3","body":{"message":27,"msg_id":19,"type":"broadcast"}}
2024/02/23 19:16:25 Received {n4 n3 {"message":27,"msg_id":19,"type":"broadcast"}}
2024/02/23 19:16:25 Received {n3 n3 {"message":27,"msg_id":19,"type":"broadcast"}}
2024/02/23 19:16:25 Received {c12 n3 {"type":"read","msg_id":11}}
2024/02/23 19:16:25 Sent {"src":"n3","dest":"c12","body":{"in_reply_to":11,"messages":[0,0,0,0,0,0,0,0,0,0,0,0,0,0,0,0,0,0,0,0,15,17,21,23,3,10,12,14,22,27,1,5,8,18,25,26,7,11,19,20],"type":"read_ok"}}
2024/02/23 19:16:25 Received {n0 n3 {"message":29,"msg_id":21,"type":"broadcast"}}
2024/02/23 19:16:25 Sent {"src":"n3","dest":"n0","body":{"in_reply_to":21,"type":"broadcast_ok"}}
2024/02/23 19:16:25 Sent {"src":"n3","dest":"n2","body":{"message":29,"msg_id":21,"type":"broadcast"}}
2024/02/23 19:16:25 Sent {"src":"n3","dest":"n4","body":{"message":29,"msg_id":21,"type":"broadcast"}}
2024/02/23 19:16:25 Sent {"src":"n3","dest":"n3","body":{"message":29,"msg_id":21,"type":"broadcast"}}
2024/02/23 19:16:25 Sent {"src":"n3","dest":"n1","body":{"message":29,"msg_id":21,"type":"broadcast"}}
2024/02/23 19:16:25 Sent {"src":"n3","dest":"n0","body":{"message":29,"msg_id":21,"type":"broadcast"}}
2024/02/23 19:16:25 Received {n3 n3 {"message":29,"msg_id":21,"type":"broadcast"}}
2024/02/23 19:16:25 Received {n4 n3 {"message":29,"msg_id":21,"type":"broadcast"}}
2024/02/23 19:16:26 Received {c12 n3 {"type":"broadcast","message":31,"msg_id":12}}
2024/02/23 19:16:26 Sent {"src":"n3","dest":"c12","body":{"in_reply_to":12,"type":"broadcast_ok"}}
2024/02/23 19:16:26 Sent {"src":"n3","dest":"n0","body":{"message":31,"msg_id":12,"type":"broadcast"}}
2024/02/23 19:16:26 Sent {"src":"n3","dest":"n1","body":{"message":31,"msg_id":12,"type":"broadcast"}}
2024/02/23 19:16:26 Sent {"src":"n3","dest":"n2","body":{"message":31,"msg_id":12,"type":"broadcast"}}
2024/02/23 19:16:26 Sent {"src":"n3","dest":"n3","body":{"message":31,"msg_id":12,"type":"broadcast"}}
2024/02/23 19:16:26 Sent {"src":"n3","dest":"n4","body":{"message":31,"msg_id":12,"type":"broadcast"}}
2024/02/23 19:16:26 Received {n3 n3 {"message":31,"msg_id":12,"type":"broadcast"}}
2024/02/23 19:16:26 Received {n0 n3 {"in_reply_to":12,"type":"broadcast_ok"}}
2024/02/23 19:16:26 Ignoring reply to 12 with no callback
2024/02/23 19:16:26 Received {n4 n3 {"in_reply_to":12,"type":"broadcast_ok"}}
2024/02/23 19:16:26 Ignoring reply to 12 with no callback
2024/02/23 19:16:26 Received {n0 n3 {"message":31,"msg_id":12,"type":"broadcast"}}
2024/02/23 19:16:26 Received {n4 n3 {"message":31,"msg_id":12,"type":"broadcast"}}
2024/02/23 19:16:26 Received {n0 n3 {"message":32,"msg_id":24,"type":"broadcast"}}
2024/02/23 19:16:26 Sent {"src":"n3","dest":"n0","body":{"in_reply_to":24,"type":"broadcast_ok"}}
2024/02/23 19:16:26 Sent {"src":"n3","dest":"n4","body":{"message":32,"msg_id":24,"type":"broadcast"}}
2024/02/23 19:16:26 Sent {"src":"n3","dest":"n2","body":{"message":32,"msg_id":24,"type":"broadcast"}}
2024/02/23 19:16:26 Sent {"src":"n3","dest":"n0","body":{"message":32,"msg_id":24,"type":"broadcast"}}
2024/02/23 19:16:26 Sent {"src":"n3","dest":"n3","body":{"message":32,"msg_id":24,"type":"broadcast"}}
2024/02/23 19:16:26 Sent {"src":"n3","dest":"n1","body":{"message":32,"msg_id":24,"type":"broadcast"}}
2024/02/23 19:16:26 Received {n4 n3 {"message":32,"msg_id":24,"type":"broadcast"}}
2024/02/23 19:16:26 Received {n3 n3 {"message":32,"msg_id":24,"type":"broadcast"}}
2024/02/23 19:16:26 Received {c12 n3 {"type":"read","msg_id":13}}
2024/02/23 19:16:26 Sent {"src":"n3","dest":"c12","body":{"in_reply_to":13,"messages":[0,0,0,0,0,0,0,0,0,0,0,0,0,0,0,0,0,0,0,0,0,0,0,5,8,18,22,27,29,1,32,31,11,19,20,25,26,7,10,12,14,15,17,21,23,3],"type":"read_ok"}}
2024/02/23 19:16:26 Received {n4 n3 {"message":34,"msg_id":13,"type":"broadcast"}}
2024/02/23 19:16:26 Sent {"src":"n3","dest":"n4","body":{"in_reply_to":13,"type":"broadcast_ok"}}
2024/02/23 19:16:26 Sent {"src":"n3","dest":"n1","body":{"message":34,"msg_id":13,"type":"broadcast"}}
2024/02/23 19:16:26 Sent {"src":"n3","dest":"n4","body":{"message":34,"msg_id":13,"type":"broadcast"}}
2024/02/23 19:16:26 Sent {"src":"n3","dest":"n3","body":{"message":34,"msg_id":13,"type":"broadcast"}}
2024/02/23 19:16:26 Sent {"src":"n3","dest":"n0","body":{"message":34,"msg_id":13,"type":"broadcast"}}
2024/02/23 19:16:26 Sent {"src":"n3","dest":"n2","body":{"message":34,"msg_id":13,"type":"broadcast"}}
2024/02/23 19:16:26 Received {n3 n3 {"message":34,"msg_id":13,"type":"broadcast"}}
2024/02/23 19:16:26 Received {n0 n3 {"message":34,"msg_id":13,"type":"broadcast"}}
2024/02/23 19:16:26 Received {n0 n3 {"message":35,"msg_id":26,"type":"broadcast"}}
2024/02/23 19:16:26 Sent {"src":"n3","dest":"n0","body":{"in_reply_to":26,"type":"broadcast_ok"}}
2024/02/23 19:16:26 Sent {"src":"n3","dest":"n1","body":{"message":35,"msg_id":26,"type":"broadcast"}}
2024/02/23 19:16:26 Sent {"src":"n3","dest":"n4","body":{"message":35,"msg_id":26,"type":"broadcast"}}
2024/02/23 19:16:26 Sent {"src":"n3","dest":"n3","body":{"message":35,"msg_id":26,"type":"broadcast"}}
2024/02/23 19:16:26 Sent {"src":"n3","dest":"n0","body":{"message":35,"msg_id":26,"type":"broadcast"}}
2024/02/23 19:16:26 Sent {"src":"n3","dest":"n2","body":{"message":35,"msg_id":26,"type":"broadcast"}}
2024/02/23 19:16:26 Received {n3 n3 {"message":35,"msg_id":26,"type":"broadcast"}}
2024/02/23 19:16:26 Received {n4 n3 {"message":35,"msg_id":26,"type":"broadcast"}}
2024/02/23 19:16:27 Received {c12 n3 {"type":"read","msg_id":14}}
2024/02/23 19:16:27 Sent {"src":"n3","dest":"c12","body":{"in_reply_to":14,"messages":[0,0,0,0,0,0,0,0,0,0,0,0,0,0,0,0,0,0,0,0,0,0,0,0,0,31,32,7,11,19,20,25,26,3,10,12,14,15,17,21,23,34,35,1,5,8,18,22,27,29],"type":"read_ok"}}
2024/02/23 19:16:28 Received {c12 n3 {"type":"broadcast","message":37,"msg_id":15}}
2024/02/23 19:16:28 Sent {"src":"n3","dest":"c12","body":{"in_reply_to":15,"type":"broadcast_ok"}}
2024/02/23 19:16:28 Sent {"src":"n3","dest":"n1","body":{"message":37,"msg_id":15,"type":"broadcast"}}
2024/02/23 19:16:28 Sent {"src":"n3","dest":"n0","body":{"message":37,"msg_id":15,"type":"broadcast"}}
2024/02/23 19:16:28 Sent {"src":"n3","dest":"n2","body":{"message":37,"msg_id":15,"type":"broadcast"}}
2024/02/23 19:16:28 Sent {"src":"n3","dest":"n3","body":{"message":37,"msg_id":15,"type":"broadcast"}}
2024/02/23 19:16:28 Sent {"src":"n3","dest":"n4","body":{"message":37,"msg_id":15,"type":"broadcast"}}
2024/02/23 19:16:28 Received {n3 n3 {"message":37,"msg_id":15,"type":"broadcast"}}
2024/02/23 19:16:28 Received {n0 n3 {"in_reply_to":15,"type":"broadcast_ok"}}
2024/02/23 19:16:28 Ignoring reply to 15 with no callback
2024/02/23 19:16:28 Received {n4 n3 {"in_reply_to":15,"type":"broadcast_ok"}}
2024/02/23 19:16:28 Ignoring reply to 15 with no callback
2024/02/23 19:16:28 Received {n0 n3 {"message":37,"msg_id":15,"type":"broadcast"}}
2024/02/23 19:16:28 Received {n4 n3 {"message":37,"msg_id":15,"type":"broadcast"}}
2024/02/23 19:16:28 Received {n4 n3 {"message":38,"msg_id":15,"type":"broadcast"}}
2024/02/23 19:16:28 Sent {"src":"n3","dest":"n1","body":{"message":38,"msg_id":15,"type":"broadcast"}}
2024/02/23 19:16:28 Sent {"src":"n3","dest":"n4","body":{"in_reply_to":15,"type":"broadcast_ok"}}
2024/02/23 19:16:28 Sent {"src":"n3","dest":"n2","body":{"message":38,"msg_id":15,"type":"broadcast"}}
2024/02/23 19:16:28 Sent {"src":"n3","dest":"n3","body":{"message":38,"msg_id":15,"type":"broadcast"}}
2024/02/23 19:16:28 Sent {"src":"n3","dest":"n4","body":{"message":38,"msg_id":15,"type":"broadcast"}}
2024/02/23 19:16:28 Sent {"src":"n3","dest":"n0","body":{"message":38,"msg_id":15,"type":"broadcast"}}
2024/02/23 19:16:28 Received {n0 n3 {"message":38,"msg_id":15,"type":"broadcast"}}
2024/02/23 19:16:28 Received {n3 n3 {"message":38,"msg_id":15,"type":"broadcast"}}
2024/02/23 19:16:28 Received {c12 n3 {"type":"broadcast","message":39,"msg_id":16}}
2024/02/23 19:16:28 Sent {"src":"n3","dest":"c12","body":{"in_reply_to":16,"type":"broadcast_ok"}}
2024/02/23 19:16:28 Sent {"src":"n3","dest":"n2","body":{"message":39,"msg_id":16,"type":"broadcast"}}
2024/02/23 19:16:28 Sent {"src":"n3","dest":"n3","body":{"message":39,"msg_id":16,"type":"broadcast"}}
2024/02/23 19:16:28 Sent {"src":"n3","dest":"n1","body":{"message":39,"msg_id":16,"type":"broadcast"}}
2024/02/23 19:16:28 Sent {"src":"n3","dest":"n0","body":{"message":39,"msg_id":16,"type":"broadcast"}}
2024/02/23 19:16:28 Sent {"src":"n3","dest":"n4","body":{"message":39,"msg_id":16,"type":"broadcast"}}
2024/02/23 19:16:28 Received {n3 n3 {"message":39,"msg_id":16,"type":"broadcast"}}
2024/02/23 19:16:28 Received {n0 n3 {"in_reply_to":16,"type":"broadcast_ok"}}
2024/02/23 19:16:28 Ignoring reply to 16 with no callback
2024/02/23 19:16:28 Received {n4 n3 {"in_reply_to":16,"type":"broadcast_ok"}}
2024/02/23 19:16:28 Ignoring reply to 16 with no callback
2024/02/23 19:16:28 Received {n4 n3 {"message":39,"msg_id":16,"type":"broadcast"}}
2024/02/23 19:16:28 Received {n0 n3 {"message":39,"msg_id":16,"type":"broadcast"}}
2024/02/23 19:16:28 Received {n0 n3 {"message":40,"msg_id":31,"type":"broadcast"}}
2024/02/23 19:16:28 Sent {"src":"n3","dest":"n0","body":{"in_reply_to":31,"type":"broadcast_ok"}}
2024/02/23 19:16:28 Sent {"src":"n3","dest":"n4","body":{"message":40,"msg_id":31,"type":"broadcast"}}
2024/02/23 19:16:28 Sent {"src":"n3","dest":"n1","body":{"message":40,"msg_id":31,"type":"broadcast"}}
2024/02/23 19:16:28 Sent {"src":"n3","dest":"n0","body":{"message":40,"msg_id":31,"type":"broadcast"}}
2024/02/23 19:16:28 Sent {"src":"n3","dest":"n2","body":{"message":40,"msg_id":31,"type":"broadcast"}}
2024/02/23 19:16:28 Sent {"src":"n3","dest":"n3","body":{"message":40,"msg_id":31,"type":"broadcast"}}
2024/02/23 19:16:28 Received {n4 n3 {"message":40,"msg_id":31,"type":"broadcast"}}
2024/02/23 19:16:28 Received {n3 n3 {"message":40,"msg_id":31,"type":"broadcast"}}
2024/02/23 19:16:29 Received {c12 n3 {"type":"read","msg_id":17}}
2024/02/23 19:16:29 Sent {"src":"n3","dest":"c12","body":{"in_reply_to":17,"messages":[0,0,0,0,0,0,0,0,0,0,0,0,0,0,0,0,0,0,0,0,0,0,0,0,0,0,0,0,0,15,21,23,34,12,14,22,5,8,31,25,38,11,19,17,35,3,10,27,29,1,18,39,40,32,37,26,7,20],"type":"read_ok"}}
2024/02/23 19:16:29 Received {n4 n3 {"message":42,"msg_id":17,"type":"broadcast"}}
2024/02/23 19:16:29 Sent {"src":"n3","dest":"n4","body":{"in_reply_to":17,"type":"broadcast_ok"}}
2024/02/23 19:16:29 Sent {"src":"n3","dest":"n1","body":{"message":42,"msg_id":17,"type":"broadcast"}}
2024/02/23 19:16:29 Sent {"src":"n3","dest":"n3","body":{"message":42,"msg_id":17,"type":"broadcast"}}
2024/02/23 19:16:29 Sent {"src":"n3","dest":"n0","body":{"message":42,"msg_id":17,"type":"broadcast"}}
2024/02/23 19:16:29 Sent {"src":"n3","dest":"n4","body":{"message":42,"msg_id":17,"type":"broadcast"}}
2024/02/23 19:16:29 Sent {"src":"n3","dest":"n2","body":{"message":42,"msg_id":17,"type":"broadcast"}}
2024/02/23 19:16:29 Received {n3 n3 {"message":42,"msg_id":17,"type":"broadcast"}}
2024/02/23 19:16:29 Received {n0 n3 {"message":42,"msg_id":17,"type":"broadcast"}}
2024/02/23 19:16:29 Received {n0 n3 {"message":43,"msg_id":34,"type":"broadcast"}}
2024/02/23 19:16:29 Sent {"src":"n3","dest":"n0","body":{"in_reply_to":34,"type":"broadcast_ok"}}
2024/02/23 19:16:29 Sent {"src":"n3","dest":"n4","body":{"message":43,"msg_id":34,"type":"broadcast"}}
2024/02/23 19:16:29 Sent {"src":"n3","dest":"n2","body":{"message":43,"msg_id":34,"type":"broadcast"}}
2024/02/23 19:16:29 Sent {"src":"n3","dest":"n3","body":{"message":43,"msg_id":34,"type":"broadcast"}}
2024/02/23 19:16:29 Sent {"src":"n3","dest":"n1","body":{"message":43,"msg_id":34,"type":"broadcast"}}
2024/02/23 19:16:29 Sent {"src":"n3","dest":"n0","body":{"message":43,"msg_id":34,"type":"broadcast"}}
2024/02/23 19:16:29 Received {n3 n3 {"message":43,"msg_id":34,"type":"broadcast"}}
2024/02/23 19:16:29 Received {n4 n3 {"message":43,"msg_id":34,"type":"broadcast"}}
2024/02/23 19:16:29 Received {c12 n3 {"type":"broadcast","message":46,"msg_id":18}}
2024/02/23 19:16:29 Sent {"src":"n3","dest":"c12","body":{"in_reply_to":18,"type":"broadcast_ok"}}
2024/02/23 19:16:29 Sent {"src":"n3","dest":"n1","body":{"message":46,"msg_id":18,"type":"broadcast"}}
2024/02/23 19:16:29 Sent {"src":"n3","dest":"n0","body":{"message":46,"msg_id":18,"type":"broadcast"}}
2024/02/23 19:16:29 Sent {"src":"n3","dest":"n3","body":{"message":46,"msg_id":18,"type":"broadcast"}}
2024/02/23 19:16:29 Sent {"src":"n3","dest":"n4","body":{"message":46,"msg_id":18,"type":"broadcast"}}
2024/02/23 19:16:29 Sent {"src":"n3","dest":"n2","body":{"message":46,"msg_id":18,"type":"broadcast"}}
2024/02/23 19:16:29 Received {n3 n3 {"message":46,"msg_id":18,"type":"broadcast"}}
2024/02/23 19:16:29 Received {n0 n3 {"in_reply_to":18,"type":"broadcast_ok"}}
2024/02/23 19:16:29 Ignoring reply to 18 with no callback
2024/02/23 19:16:29 Received {n4 n3 {"in_reply_to":18,"type":"broadcast_ok"}}
2024/02/23 19:16:29 Ignoring reply to 18 with no callback
2024/02/23 19:16:29 Received {n0 n3 {"message":46,"msg_id":18,"type":"broadcast"}}
2024/02/23 19:16:29 Received {n4 n3 {"message":46,"msg_id":18,"type":"broadcast"}}
2024/02/23 19:16:29 Received {n4 n3 {"message":47,"msg_id":18,"type":"broadcast"}}
2024/02/23 19:16:29 Sent {"src":"n3","dest":"n4","body":{"in_reply_to":18,"type":"broadcast_ok"}}
2024/02/23 19:16:29 Sent {"src":"n3","dest":"n4","body":{"message":47,"msg_id":18,"type":"broadcast"}}
2024/02/23 19:16:29 Sent {"src":"n3","dest":"n1","body":{"message":47,"msg_id":18,"type":"broadcast"}}
2024/02/23 19:16:29 Sent {"src":"n3","dest":"n0","body":{"message":47,"msg_id":18,"type":"broadcast"}}
2024/02/23 19:16:29 Sent {"src":"n3","dest":"n2","body":{"message":47,"msg_id":18,"type":"broadcast"}}
2024/02/23 19:16:29 Sent {"src":"n3","dest":"n3","body":{"message":47,"msg_id":18,"type":"broadcast"}}
2024/02/23 19:16:29 Received {n0 n3 {"message":47,"msg_id":18,"type":"broadcast"}}
2024/02/23 19:16:29 Received {n3 n3 {"message":47,"msg_id":18,"type":"broadcast"}}
2024/02/23 19:16:30 Received {n0 n3 {"message":48,"msg_id":36,"type":"broadcast"}}
2024/02/23 19:16:30 Sent {"src":"n3","dest":"n0","body":{"in_reply_to":36,"type":"broadcast_ok"}}
2024/02/23 19:16:30 Sent {"src":"n3","dest":"n1","body":{"message":48,"msg_id":36,"type":"broadcast"}}
2024/02/23 19:16:30 Sent {"src":"n3","dest":"n2","body":{"message":48,"msg_id":36,"type":"broadcast"}}
2024/02/23 19:16:30 Sent {"src":"n3","dest":"n4","body":{"message":48,"msg_id":36,"type":"broadcast"}}
2024/02/23 19:16:30 Sent {"src":"n3","dest":"n0","body":{"message":48,"msg_id":36,"type":"broadcast"}}
2024/02/23 19:16:30 Sent {"src":"n3","dest":"n3","body":{"message":48,"msg_id":36,"type":"broadcast"}}
2024/02/23 19:16:30 Received {n4 n3 {"message":48,"msg_id":36,"type":"broadcast"}}
2024/02/23 19:16:30 Received {n3 n3 {"message":48,"msg_id":36,"type":"broadcast"}}
2024/02/23 19:16:30 Received {c12 n3 {"type":"broadcast","message":49,"msg_id":19}}
2024/02/23 19:16:30 Sent {"src":"n3","dest":"c12","body":{"in_reply_to":19,"type":"broadcast_ok"}}
2024/02/23 19:16:30 Sent {"src":"n3","dest":"n1","body":{"message":49,"msg_id":19,"type":"broadcast"}}
2024/02/23 19:16:30 Sent {"src":"n3","dest":"n0","body":{"message":49,"msg_id":19,"type":"broadcast"}}
2024/02/23 19:16:30 Sent {"src":"n3","dest":"n2","body":{"message":49,"msg_id":19,"type":"broadcast"}}
2024/02/23 19:16:30 Sent {"src":"n3","dest":"n3","body":{"message":49,"msg_id":19,"type":"broadcast"}}
2024/02/23 19:16:30 Sent {"src":"n3","dest":"n4","body":{"message":49,"msg_id":19,"type":"broadcast"}}
2024/02/23 19:16:30 Received {n3 n3 {"message":49,"msg_id":19,"type":"broadcast"}}
2024/02/23 19:16:30 Received {n0 n3 {"in_reply_to":19,"type":"broadcast_ok"}}
2024/02/23 19:16:30 Ignoring reply to 19 with no callback
2024/02/23 19:16:30 Received {n4 n3 {"in_reply_to":19,"type":"broadcast_ok"}}
2024/02/23 19:16:30 Ignoring reply to 19 with no callback
2024/02/23 19:16:30 Received {n0 n3 {"message":49,"msg_id":19,"type":"broadcast"}}
2024/02/23 19:16:30 Received {n4 n3 {"message":49,"msg_id":19,"type":"broadcast"}}
2024/02/23 19:16:30 Received {n4 n3 {"message":50,"msg_id":19,"type":"broadcast"}}
2024/02/23 19:16:30 Sent {"src":"n3","dest":"n1","body":{"message":50,"msg_id":19,"type":"broadcast"}}
2024/02/23 19:16:30 Sent {"src":"n3","dest":"n0","body":{"message":50,"msg_id":19,"type":"broadcast"}}
2024/02/23 19:16:30 Sent {"src":"n3","dest":"n4","body":{"in_reply_to":19,"type":"broadcast_ok"}}
2024/02/23 19:16:30 Sent {"src":"n3","dest":"n4","body":{"message":50,"msg_id":19,"type":"broadcast"}}
2024/02/23 19:16:30 Sent {"src":"n3","dest":"n3","body":{"message":50,"msg_id":19,"type":"broadcast"}}
2024/02/23 19:16:30 Sent {"src":"n3","dest":"n2","body":{"message":50,"msg_id":19,"type":"broadcast"}}
2024/02/23 19:16:30 Received {n0 n3 {"message":50,"msg_id":19,"type":"broadcast"}}
2024/02/23 19:16:30 Received {n3 n3 {"message":50,"msg_id":19,"type":"broadcast"}}
2024/02/23 19:16:30 Received {n0 n3 {"message":51,"msg_id":37,"type":"broadcast"}}
2024/02/23 19:16:30 Sent {"src":"n3","dest":"n0","body":{"in_reply_to":37,"type":"broadcast_ok"}}
2024/02/23 19:16:30 Sent {"src":"n3","dest":"n4","body":{"message":51,"msg_id":37,"type":"broadcast"}}
2024/02/23 19:16:30 Sent {"src":"n3","dest":"n0","body":{"message":51,"msg_id":37,"type":"broadcast"}}
2024/02/23 19:16:30 Sent {"src":"n3","dest":"n3","body":{"message":51,"msg_id":37,"type":"broadcast"}}
2024/02/23 19:16:30 Sent {"src":"n3","dest":"n1","body":{"message":51,"msg_id":37,"type":"broadcast"}}
2024/02/23 19:16:30 Sent {"src":"n3","dest":"n2","body":{"message":51,"msg_id":37,"type":"broadcast"}}
2024/02/23 19:16:30 Received {n4 n3 {"message":51,"msg_id":37,"type":"broadcast"}}
2024/02/23 19:16:30 Received {n3 n3 {"message":51,"msg_id":37,"type":"broadcast"}}
2024/02/23 19:16:31 Received {c12 n3 {"type":"broadcast","message":53,"msg_id":20}}
2024/02/23 19:16:31 Sent {"src":"n3","dest":"c12","body":{"in_reply_to":20,"type":"broadcast_ok"}}
2024/02/23 19:16:31 Sent {"src":"n3","dest":"n0","body":{"message":53,"msg_id":20,"type":"broadcast"}}
2024/02/23 19:16:31 Sent {"src":"n3","dest":"n4","body":{"message":53,"msg_id":20,"type":"broadcast"}}
2024/02/23 19:16:31 Sent {"src":"n3","dest":"n3","body":{"message":53,"msg_id":20,"type":"broadcast"}}
2024/02/23 19:16:31 Sent {"src":"n3","dest":"n1","body":{"message":53,"msg_id":20,"type":"broadcast"}}
2024/02/23 19:16:31 Sent {"src":"n3","dest":"n2","body":{"message":53,"msg_id":20,"type":"broadcast"}}
2024/02/23 19:16:31 Received {n3 n3 {"message":53,"msg_id":20,"type":"broadcast"}}
2024/02/23 19:16:31 Received {n4 n3 {"in_reply_to":20,"type":"broadcast_ok"}}
2024/02/23 19:16:31 Ignoring reply to 20 with no callback
2024/02/23 19:16:31 Received {n0 n3 {"in_reply_to":20,"type":"broadcast_ok"}}
2024/02/23 19:16:31 Ignoring reply to 20 with no callback
2024/02/23 19:16:31 Received {n4 n3 {"message":53,"msg_id":20,"type":"broadcast"}}
2024/02/23 19:16:31 Received {n0 n3 {"message":53,"msg_id":20,"type":"broadcast"}}
2024/02/23 19:16:31 Received {n4 n3 {"message":54,"msg_id":20,"type":"broadcast"}}
2024/02/23 19:16:31 Sent {"src":"n3","dest":"n1","body":{"message":54,"msg_id":20,"type":"broadcast"}}
2024/02/23 19:16:31 Sent {"src":"n3","dest":"n0","body":{"message":54,"msg_id":20,"type":"broadcast"}}
2024/02/23 19:16:31 Sent {"src":"n3","dest":"n4","body":{"in_reply_to":20,"type":"broadcast_ok"}}
2024/02/23 19:16:31 Sent {"src":"n3","dest":"n4","body":{"message":54,"msg_id":20,"type":"broadcast"}}
2024/02/23 19:16:31 Sent {"src":"n3","dest":"n3","body":{"message":54,"msg_id":20,"type":"broadcast"}}
2024/02/23 19:16:31 Sent {"src":"n3","dest":"n2","body":{"message":54,"msg_id":20,"type":"broadcast"}}
2024/02/23 19:16:31 Received {n0 n3 {"message":54,"msg_id":20,"type":"broadcast"}}
2024/02/23 19:16:31 Received {n3 n3 {"message":54,"msg_id":20,"type":"broadcast"}}
2024/02/23 19:16:32 Received {c12 n3 {"type":"broadcast","message":56,"msg_id":21}}
2024/02/23 19:16:32 Sent {"src":"n3","dest":"c12","body":{"in_reply_to":21,"type":"broadcast_ok"}}
2024/02/23 19:16:32 Sent {"src":"n3","dest":"n1","body":{"message":56,"msg_id":21,"type":"broadcast"}}
2024/02/23 19:16:32 Sent {"src":"n3","dest":"n4","body":{"message":56,"msg_id":21,"type":"broadcast"}}
2024/02/23 19:16:32 Sent {"src":"n3","dest":"n0","body":{"message":56,"msg_id":21,"type":"broadcast"}}
2024/02/23 19:16:32 Sent {"src":"n3","dest":"n2","body":{"message":56,"msg_id":21,"type":"broadcast"}}
2024/02/23 19:16:32 Sent {"src":"n3","dest":"n3","body":{"message":56,"msg_id":21,"type":"broadcast"}}
2024/02/23 19:16:32 Received {n3 n3 {"message":56,"msg_id":21,"type":"broadcast"}}
2024/02/23 19:16:32 Received {n0 n3 {"in_reply_to":21,"type":"broadcast_ok"}}
2024/02/23 19:16:32 Ignoring reply to 21 with no callback
2024/02/23 19:16:32 Received {n4 n3 {"message":56,"msg_id":21,"type":"broadcast"}}
2024/02/23 19:16:32 Received {n4 n3 {"in_reply_to":21,"type":"broadcast_ok"}}
2024/02/23 19:16:32 Ignoring reply to 21 with no callback
2024/02/23 19:16:32 Received {n0 n3 {"message":56,"msg_id":21,"type":"broadcast"}}
2024/02/23 19:16:32 Received {n4 n3 {"message":57,"msg_id":21,"type":"broadcast"}}
2024/02/23 19:16:32 Sent {"src":"n3","dest":"n4","body":{"in_reply_to":21,"type":"broadcast_ok"}}
2024/02/23 19:16:32 Sent {"src":"n3","dest":"n1","body":{"message":57,"msg_id":21,"type":"broadcast"}}
2024/02/23 19:16:32 Sent {"src":"n3","dest":"n3","body":{"message":57,"msg_id":21,"type":"broadcast"}}
2024/02/23 19:16:32 Sent {"src":"n3","dest":"n0","body":{"message":57,"msg_id":21,"type":"broadcast"}}
2024/02/23 19:16:32 Sent {"src":"n3","dest":"n2","body":{"message":57,"msg_id":21,"type":"broadcast"}}
2024/02/23 19:16:32 Sent {"src":"n3","dest":"n4","body":{"message":57,"msg_id":21,"type":"broadcast"}}
2024/02/23 19:16:32 Received {n0 n3 {"message":57,"msg_id":21,"type":"broadcast"}}
2024/02/23 19:16:32 Received {n3 n3 {"message":57,"msg_id":21,"type":"broadcast"}}
2024/02/23 19:16:32 Received {c12 n3 {"type":"read","msg_id":22}}
2024/02/23 19:16:32 Sent {"src":"n3","dest":"c12","body":{"in_reply_to":22,"messages":[0,0,0,0,0,0,0,0,0,0,0,0,0,0,0,0,0,0,0,0,0,0,0,0,0,0,0,0,0,0,0,0,0,0,0,0,0,0,0,0,0,20,26,46,49,7,14,15,21,23,34,51,12,8,22,50,5,42,53,31,19,25,38,11,10,17,35,57,3,18,27,29,43,48,1,37,39,40,47,54,56,32],"type":"read_ok"}}
2024/02/23 19:16:33 Received {n4 n3 {"message":59,"msg_id":22,"type":"broadcast"}}
2024/02/23 19:16:33 Sent {"src":"n3","dest":"n4","body":{"in_reply_to":22,"type":"broadcast_ok"}}
2024/02/23 19:16:33 Sent {"src":"n3","dest":"n4","body":{"message":59,"msg_id":22,"type":"broadcast"}}
2024/02/23 19:16:33 Sent {"src":"n3","dest":"n0","body":{"message":59,"msg_id":22,"type":"broadcast"}}
2024/02/23 19:16:33 Sent {"src":"n3","dest":"n1","body":{"message":59,"msg_id":22,"type":"broadcast"}}
2024/02/23 19:16:33 Sent {"src":"n3","dest":"n2","body":{"message":59,"msg_id":22,"type":"broadcast"}}
2024/02/23 19:16:33 Sent {"src":"n3","dest":"n3","body":{"message":59,"msg_id":22,"type":"broadcast"}}
2024/02/23 19:16:33 Received {n0 n3 {"message":59,"msg_id":22,"type":"broadcast"}}
2024/02/23 19:16:33 Received {n3 n3 {"message":59,"msg_id":22,"type":"broadcast"}}
2024/02/23 19:16:33 Received {n0 n3 {"message":60,"msg_id":43,"type":"broadcast"}}
2024/02/23 19:16:33 Sent {"src":"n3","dest":"n0","body":{"in_reply_to":43,"type":"broadcast_ok"}}
2024/02/23 19:16:33 Sent {"src":"n3","dest":"n1","body":{"message":60,"msg_id":43,"type":"broadcast"}}
2024/02/23 19:16:33 Sent {"src":"n3","dest":"n4","body":{"message":60,"msg_id":43,"type":"broadcast"}}
2024/02/23 19:16:33 Sent {"src":"n3","dest":"n0","body":{"message":60,"msg_id":43,"type":"broadcast"}}
2024/02/23 19:16:33 Sent {"src":"n3","dest":"n3","body":{"message":60,"msg_id":43,"type":"broadcast"}}
2024/02/23 19:16:33 Sent {"src":"n3","dest":"n2","body":{"message":60,"msg_id":43,"type":"broadcast"}}
2024/02/23 19:16:33 Received {n3 n3 {"message":60,"msg_id":43,"type":"broadcast"}}
2024/02/23 19:16:33 Received {n4 n3 {"message":60,"msg_id":43,"type":"broadcast"}}
2024/02/23 19:16:33 Received {n0 n3 {"message":61,"msg_id":44,"type":"broadcast"}}
2024/02/23 19:16:33 Sent {"src":"n3","dest":"n0","body":{"in_reply_to":44,"type":"broadcast_ok"}}
2024/02/23 19:16:33 Sent {"src":"n3","dest":"n4","body":{"message":61,"msg_id":44,"type":"broadcast"}}
2024/02/23 19:16:33 Sent {"src":"n3","dest":"n2","body":{"message":61,"msg_id":44,"type":"broadcast"}}
2024/02/23 19:16:33 Sent {"src":"n3","dest":"n1","body":{"message":61,"msg_id":44,"type":"broadcast"}}
2024/02/23 19:16:33 Sent {"src":"n3","dest":"n3","body":{"message":61,"msg_id":44,"type":"broadcast"}}
2024/02/23 19:16:33 Sent {"src":"n3","dest":"n0","body":{"message":61,"msg_id":44,"type":"broadcast"}}
2024/02/23 19:16:33 Received {n3 n3 {"message":61,"msg_id":44,"type":"broadcast"}}
2024/02/23 19:16:33 Received {n4 n3 {"message":61,"msg_id":44,"type":"broadcast"}}
2024/02/23 19:16:33 Received {c12 n3 {"type":"broadcast","message":62,"msg_id":23}}
2024/02/23 19:16:33 Sent {"src":"n3","dest":"c12","body":{"in_reply_to":23,"type":"broadcast_ok"}}
2024/02/23 19:16:33 Sent {"src":"n3","dest":"n0","body":{"message":62,"msg_id":23,"type":"broadcast"}}
2024/02/23 19:16:33 Sent {"src":"n3","dest":"n4","body":{"message":62,"msg_id":23,"type":"broadcast"}}
2024/02/23 19:16:33 Sent {"src":"n3","dest":"n2","body":{"message":62,"msg_id":23,"type":"broadcast"}}
2024/02/23 19:16:33 Sent {"src":"n3","dest":"n1","body":{"message":62,"msg_id":23,"type":"broadcast"}}
2024/02/23 19:16:33 Sent {"src":"n3","dest":"n3","body":{"message":62,"msg_id":23,"type":"broadcast"}}
2024/02/23 19:16:33 Received {n3 n3 {"message":62,"msg_id":23,"type":"broadcast"}}
2024/02/23 19:16:33 Received {n0 n3 {"in_reply_to":23,"type":"broadcast_ok"}}
2024/02/23 19:16:33 Ignoring reply to 23 with no callback
2024/02/23 19:16:33 Received {n4 n3 {"message":62,"msg_id":23,"type":"broadcast"}}
2024/02/23 19:16:33 Received {n4 n3 {"in_reply_to":23,"type":"broadcast_ok"}}
2024/02/23 19:16:33 Ignoring reply to 23 with no callback
2024/02/23 19:16:33 Received {n0 n3 {"message":62,"msg_id":23,"type":"broadcast"}}
2024/02/23 19:16:33 Received {n0 n3 {"message":63,"msg_id":45,"type":"broadcast"}}
2024/02/23 19:16:33 Sent {"src":"n3","dest":"n0","body":{"in_reply_to":45,"type":"broadcast_ok"}}
2024/02/23 19:16:33 Sent {"src":"n3","dest":"n1","body":{"message":63,"msg_id":45,"type":"broadcast"}}
2024/02/23 19:16:33 Sent {"src":"n3","dest":"n2","body":{"message":63,"msg_id":45,"type":"broadcast"}}
2024/02/23 19:16:33 Sent {"src":"n3","dest":"n0","body":{"message":63,"msg_id":45,"type":"broadcast"}}
2024/02/23 19:16:33 Sent {"src":"n3","dest":"n4","body":{"message":63,"msg_id":45,"type":"broadcast"}}
2024/02/23 19:16:33 Sent {"src":"n3","dest":"n3","body":{"message":63,"msg_id":45,"type":"broadcast"}}
2024/02/23 19:16:33 Received {n4 n3 {"message":63,"msg_id":45,"type":"broadcast"}}
2024/02/23 19:16:33 Received {n3 n3 {"message":63,"msg_id":45,"type":"broadcast"}}
2024/02/23 19:16:34 Received {c12 n3 {"type":"broadcast","message":65,"msg_id":24}}
2024/02/23 19:16:34 Sent {"src":"n3","dest":"c12","body":{"in_reply_to":24,"type":"broadcast_ok"}}
2024/02/23 19:16:34 Sent {"src":"n3","dest":"n1","body":{"message":65,"msg_id":24,"type":"broadcast"}}
2024/02/23 19:16:34 Sent {"src":"n3","dest":"n0","body":{"message":65,"msg_id":24,"type":"broadcast"}}
2024/02/23 19:16:34 Sent {"src":"n3","dest":"n3","body":{"message":65,"msg_id":24,"type":"broadcast"}}
2024/02/23 19:16:34 Sent {"src":"n3","dest":"n2","body":{"message":65,"msg_id":24,"type":"broadcast"}}
2024/02/23 19:16:34 Sent {"src":"n3","dest":"n4","body":{"message":65,"msg_id":24,"type":"broadcast"}}
2024/02/23 19:16:34 Received {n3 n3 {"message":65,"msg_id":24,"type":"broadcast"}}
2024/02/23 19:16:34 Received {n0 n3 {"in_reply_to":24,"type":"broadcast_ok"}}
2024/02/23 19:16:34 Ignoring reply to 24 with no callback
2024/02/23 19:16:34 Received {n4 n3 {"message":65,"msg_id":24,"type":"broadcast"}}
2024/02/23 19:16:34 Received {n0 n3 {"message":65,"msg_id":24,"type":"broadcast"}}
2024/02/23 19:16:34 Received {n4 n3 {"in_reply_to":24,"type":"broadcast_ok"}}
2024/02/23 19:16:34 Ignoring reply to 24 with no callback
2024/02/23 19:16:34 Received {n4 n3 {"message":66,"msg_id":24,"type":"broadcast"}}
2024/02/23 19:16:34 Sent {"src":"n3","dest":"n4","body":{"in_reply_to":24,"type":"broadcast_ok"}}
2024/02/23 19:16:34 Sent {"src":"n3","dest":"n4","body":{"message":66,"msg_id":24,"type":"broadcast"}}
2024/02/23 19:16:34 Sent {"src":"n3","dest":"n0","body":{"message":66,"msg_id":24,"type":"broadcast"}}
2024/02/23 19:16:34 Sent {"src":"n3","dest":"n2","body":{"message":66,"msg_id":24,"type":"broadcast"}}
2024/02/23 19:16:34 Sent {"src":"n3","dest":"n1","body":{"message":66,"msg_id":24,"type":"broadcast"}}
2024/02/23 19:16:34 Sent {"src":"n3","dest":"n3","body":{"message":66,"msg_id":24,"type":"broadcast"}}
2024/02/23 19:16:34 Received {n0 n3 {"message":66,"msg_id":24,"type":"broadcast"}}
2024/02/23 19:16:34 Received {n3 n3 {"message":66,"msg_id":24,"type":"broadcast"}}
2024/02/23 19:16:34 Received {n0 n3 {"message":67,"msg_id":47,"type":"broadcast"}}
2024/02/23 19:16:34 Sent {"src":"n3","dest":"n0","body":{"in_reply_to":47,"type":"broadcast_ok"}}
2024/02/23 19:16:34 Sent {"src":"n3","dest":"n1","body":{"message":67,"msg_id":47,"type":"broadcast"}}
2024/02/23 19:16:34 Sent {"src":"n3","dest":"n4","body":{"message":67,"msg_id":47,"type":"broadcast"}}
2024/02/23 19:16:34 Sent {"src":"n3","dest":"n3","body":{"message":67,"msg_id":47,"type":"broadcast"}}
2024/02/23 19:16:34 Sent {"src":"n3","dest":"n2","body":{"message":67,"msg_id":47,"type":"broadcast"}}
2024/02/23 19:16:34 Sent {"src":"n3","dest":"n0","body":{"message":67,"msg_id":47,"type":"broadcast"}}
2024/02/23 19:16:34 Received {n4 n3 {"message":67,"msg_id":47,"type":"broadcast"}}
2024/02/23 19:16:34 Received {n3 n3 {"message":67,"msg_id":47,"type":"broadcast"}}
2024/02/23 19:16:34 Received {c12 n3 {"type":"broadcast","message":68,"msg_id":25}}
2024/02/23 19:16:34 Sent {"src":"n3","dest":"c12","body":{"in_reply_to":25,"type":"broadcast_ok"}}
2024/02/23 19:16:34 Sent {"src":"n3","dest":"n0","body":{"message":68,"msg_id":25,"type":"broadcast"}}
2024/02/23 19:16:34 Sent {"src":"n3","dest":"n1","body":{"message":68,"msg_id":25,"type":"broadcast"}}
2024/02/23 19:16:34 Sent {"src":"n3","dest":"n2","body":{"message":68,"msg_id":25,"type":"broadcast"}}
2024/02/23 19:16:34 Sent {"src":"n3","dest":"n4","body":{"message":68,"msg_id":25,"type":"broadcast"}}
2024/02/23 19:16:34 Sent {"src":"n3","dest":"n3","body":{"message":68,"msg_id":25,"type":"broadcast"}}
2024/02/23 19:16:34 Received {n3 n3 {"message":68,"msg_id":25,"type":"broadcast"}}
2024/02/23 19:16:34 Received {n0 n3 {"in_reply_to":25,"type":"broadcast_ok"}}
2024/02/23 19:16:34 Ignoring reply to 25 with no callback
2024/02/23 19:16:34 Received {n0 n3 {"message":68,"msg_id":25,"type":"broadcast"}}
2024/02/23 19:16:34 Received {n4 n3 {"in_reply_to":25,"type":"broadcast_ok"}}
2024/02/23 19:16:34 Ignoring reply to 25 with no callback
2024/02/23 19:16:34 Received {n4 n3 {"message":68,"msg_id":25,"type":"broadcast"}}
2024/02/23 19:16:34 Received {n4 n3 {"message":69,"msg_id":25,"type":"broadcast"}}
2024/02/23 19:16:34 Sent {"src":"n3","dest":"n4","body":{"in_reply_to":25,"type":"broadcast_ok"}}
2024/02/23 19:16:34 Sent {"src":"n3","dest":"n1","body":{"message":69,"msg_id":25,"type":"broadcast"}}
2024/02/23 19:16:34 Sent {"src":"n3","dest":"n0","body":{"message":69,"msg_id":25,"type":"broadcast"}}
2024/02/23 19:16:34 Sent {"src":"n3","dest":"n4","body":{"message":69,"msg_id":25,"type":"broadcast"}}
2024/02/23 19:16:34 Sent {"src":"n3","dest":"n2","body":{"message":69,"msg_id":25,"type":"broadcast"}}
2024/02/23 19:16:34 Sent {"src":"n3","dest":"n3","body":{"message":69,"msg_id":25,"type":"broadcast"}}
2024/02/23 19:16:34 Received {n0 n3 {"message":69,"msg_id":25,"type":"broadcast"}}
2024/02/23 19:16:34 Received {n3 n3 {"message":69,"msg_id":25,"type":"broadcast"}}
2024/02/23 19:16:34 Received {n0 n3 {"message":70,"msg_id":49,"type":"broadcast"}}
2024/02/23 19:16:34 Sent {"src":"n3","dest":"n1","body":{"message":70,"msg_id":49,"type":"broadcast"}}
2024/02/23 19:16:34 Sent {"src":"n3","dest":"n3","body":{"message":70,"msg_id":49,"type":"broadcast"}}
2024/02/23 19:16:34 Sent {"src":"n3","dest":"n0","body":{"message":70,"msg_id":49,"type":"broadcast"}}
2024/02/23 19:16:34 Sent {"src":"n3","dest":"n0","body":{"in_reply_to":49,"type":"broadcast_ok"}}
2024/02/23 19:16:34 Sent {"src":"n3","dest":"n2","body":{"message":70,"msg_id":49,"type":"broadcast"}}
2024/02/23 19:16:34 Sent {"src":"n3","dest":"n4","body":{"message":70,"msg_id":49,"type":"broadcast"}}
2024/02/23 19:16:34 Received {n3 n3 {"message":70,"msg_id":49,"type":"broadcast"}}
2024/02/23 19:16:34 Received {n4 n3 {"message":70,"msg_id":49,"type":"broadcast"}}
2024/02/23 19:16:35 Received {c12 n3 {"type":"read","msg_id":26}}
2024/02/23 19:16:35 Sent {"src":"n3","dest":"c12","body":{"in_reply_to":26,"messages":[0,0,0,0,0,0,0,0,0,0,0,0,0,0,0,0,0,0,0,0,0,0,0,0,0,0,0,0,0,0,0,0,0,0,0,0,0,0,0,0,0,0,0,0,0,0,0,0,0,0,0,0,8,22,50,68,5,42,53,31,19,25,38,63,66,70,11,10,17,35,57,62,3,18,27,29,43,48,60,1,37,39,40,47,54,56,67,32,20,26,46,49,59,61,65,7,14,15,21,23,34,51,69,12],"type":"read_ok"}}
2024/02/23 19:16:35 Received {n4 n3 {"message":71,"msg_id":26,"type":"broadcast"}}
2024/02/23 19:16:35 Sent {"src":"n3","dest":"n1","body":{"message":71,"msg_id":26,"type":"broadcast"}}
2024/02/23 19:16:35 Sent {"src":"n3","dest":"n4","body":{"in_reply_to":26,"type":"broadcast_ok"}}
2024/02/23 19:16:35 Sent {"src":"n3","dest":"n2","body":{"message":71,"msg_id":26,"type":"broadcast"}}
2024/02/23 19:16:35 Sent {"src":"n3","dest":"n4","body":{"message":71,"msg_id":26,"type":"broadcast"}}
2024/02/23 19:16:35 Sent {"src":"n3","dest":"n3","body":{"message":71,"msg_id":26,"type":"broadcast"}}
2024/02/23 19:16:35 Sent {"src":"n3","dest":"n0","body":{"message":71,"msg_id":26,"type":"broadcast"}}
2024/02/23 19:16:35 Received {n0 n3 {"message":71,"msg_id":26,"type":"broadcast"}}
2024/02/23 19:16:35 Received {n3 n3 {"message":71,"msg_id":26,"type":"broadcast"}}
2024/02/23 19:16:35 Received {n0 n3 {"message":72,"msg_id":51,"type":"broadcast"}}
2024/02/23 19:16:35 Sent {"src":"n3","dest":"n0","body":{"in_reply_to":51,"type":"broadcast_ok"}}
2024/02/23 19:16:35 Sent {"src":"n3","dest":"n1","body":{"message":72,"msg_id":51,"type":"broadcast"}}
2024/02/23 19:16:35 Sent {"src":"n3","dest":"n3","body":{"message":72,"msg_id":51,"type":"broadcast"}}
2024/02/23 19:16:35 Sent {"src":"n3","dest":"n4","body":{"message":72,"msg_id":51,"type":"broadcast"}}
2024/02/23 19:16:35 Sent {"src":"n3","dest":"n0","body":{"message":72,"msg_id":51,"type":"broadcast"}}
2024/02/23 19:16:35 Sent {"src":"n3","dest":"n2","body":{"message":72,"msg_id":51,"type":"broadcast"}}
2024/02/23 19:16:35 Received {n3 n3 {"message":72,"msg_id":51,"type":"broadcast"}}
2024/02/23 19:16:35 Received {n4 n3 {"message":72,"msg_id":51,"type":"broadcast"}}
2024/02/23 19:16:35 Received {n0 n3 {"message":73,"msg_id":52,"type":"broadcast"}}
2024/02/23 19:16:35 Sent {"src":"n3","dest":"n1","body":{"message":73,"msg_id":52,"type":"broadcast"}}
2024/02/23 19:16:35 Sent {"src":"n3","dest":"n2","body":{"message":73,"msg_id":52,"type":"broadcast"}}
2024/02/23 19:16:35 Sent {"src":"n3","dest":"n0","body":{"message":73,"msg_id":52,"type":"broadcast"}}
2024/02/23 19:16:35 Sent {"src":"n3","dest":"n0","body":{"in_reply_to":52,"type":"broadcast_ok"}}
2024/02/23 19:16:35 Sent {"src":"n3","dest":"n4","body":{"message":73,"msg_id":52,"type":"broadcast"}}
2024/02/23 19:16:35 Sent {"src":"n3","dest":"n3","body":{"message":73,"msg_id":52,"type":"broadcast"}}
2024/02/23 19:16:35 Received {n4 n3 {"message":73,"msg_id":52,"type":"broadcast"}}
2024/02/23 19:16:35 Received {n3 n3 {"message":73,"msg_id":52,"type":"broadcast"}}
2024/02/23 19:16:35 Received {c12 n3 {"type":"broadcast","message":75,"msg_id":27}}
2024/02/23 19:16:35 Sent {"src":"n3","dest":"c12","body":{"in_reply_to":27,"type":"broadcast_ok"}}
2024/02/23 19:16:35 Sent {"src":"n3","dest":"n1","body":{"message":75,"msg_id":27,"type":"broadcast"}}
2024/02/23 19:16:35 Sent {"src":"n3","dest":"n0","body":{"message":75,"msg_id":27,"type":"broadcast"}}
2024/02/23 19:16:35 Sent {"src":"n3","dest":"n2","body":{"message":75,"msg_id":27,"type":"broadcast"}}
2024/02/23 19:16:35 Sent {"src":"n3","dest":"n3","body":{"message":75,"msg_id":27,"type":"broadcast"}}
2024/02/23 19:16:35 Sent {"src":"n3","dest":"n4","body":{"message":75,"msg_id":27,"type":"broadcast"}}
2024/02/23 19:16:35 Received {n3 n3 {"message":75,"msg_id":27,"type":"broadcast"}}
2024/02/23 19:16:35 Received {n0 n3 {"in_reply_to":27,"type":"broadcast_ok"}}
2024/02/23 19:16:35 Ignoring reply to 27 with no callback
2024/02/23 19:16:35 Received {n4 n3 {"in_reply_to":27,"type":"broadcast_ok"}}
2024/02/23 19:16:35 Ignoring reply to 27 with no callback
2024/02/23 19:16:35 Received {n0 n3 {"message":75,"msg_id":27,"type":"broadcast"}}
2024/02/23 19:16:35 Received {n4 n3 {"message":75,"msg_id":27,"type":"broadcast"}}
2024/02/23 19:16:36 Received {c12 n3 {"type":"broadcast","message":77,"msg_id":28}}
2024/02/23 19:16:36 Sent {"src":"n3","dest":"c12","body":{"in_reply_to":28,"type":"broadcast_ok"}}
2024/02/23 19:16:36 Sent {"src":"n3","dest":"n4","body":{"message":77,"msg_id":28,"type":"broadcast"}}
2024/02/23 19:16:36 Sent {"src":"n3","dest":"n1","body":{"message":77,"msg_id":28,"type":"broadcast"}}
2024/02/23 19:16:36 Sent {"src":"n3","dest":"n2","body":{"message":77,"msg_id":28,"type":"broadcast"}}
2024/02/23 19:16:36 Sent {"src":"n3","dest":"n3","body":{"message":77,"msg_id":28,"type":"broadcast"}}
2024/02/23 19:16:36 Sent {"src":"n3","dest":"n0","body":{"message":77,"msg_id":28,"type":"broadcast"}}
2024/02/23 19:16:36 Received {n3 n3 {"message":77,"msg_id":28,"type":"broadcast"}}
2024/02/23 19:16:36 Received {n4 n3 {"in_reply_to":28,"type":"broadcast_ok"}}
2024/02/23 19:16:36 Ignoring reply to 28 with no callback
2024/02/23 19:16:36 Received {n0 n3 {"in_reply_to":28,"type":"broadcast_ok"}}
2024/02/23 19:16:36 Ignoring reply to 28 with no callback
2024/02/23 19:16:36 Received {n4 n3 {"message":77,"msg_id":28,"type":"broadcast"}}
2024/02/23 19:16:36 Received {n0 n3 {"message":77,"msg_id":28,"type":"broadcast"}}
2024/02/23 19:16:36 Received {n0 n3 {"message":78,"msg_id":56,"type":"broadcast"}}
2024/02/23 19:16:36 Sent {"src":"n3","dest":"n0","body":{"in_reply_to":56,"type":"broadcast_ok"}}
2024/02/23 19:16:36 Sent {"src":"n3","dest":"n1","body":{"message":78,"msg_id":56,"type":"broadcast"}}
2024/02/23 19:16:36 Sent {"src":"n3","dest":"n4","body":{"message":78,"msg_id":56,"type":"broadcast"}}
2024/02/23 19:16:36 Sent {"src":"n3","dest":"n3","body":{"message":78,"msg_id":56,"type":"broadcast"}}
2024/02/23 19:16:36 Sent {"src":"n3","dest":"n0","body":{"message":78,"msg_id":56,"type":"broadcast"}}
2024/02/23 19:16:36 Sent {"src":"n3","dest":"n2","body":{"message":78,"msg_id":56,"type":"broadcast"}}
2024/02/23 19:16:36 Received {n4 n3 {"message":78,"msg_id":56,"type":"broadcast"}}
2024/02/23 19:16:36 Received {n3 n3 {"message":78,"msg_id":56,"type":"broadcast"}}
2024/02/23 19:16:36 Received {c12 n3 {"type":"broadcast","message":80,"msg_id":29}}
2024/02/23 19:16:36 Sent {"src":"n3","dest":"c12","body":{"in_reply_to":29,"type":"broadcast_ok"}}
2024/02/23 19:16:36 Sent {"src":"n3","dest":"n1","body":{"message":80,"msg_id":29,"type":"broadcast"}}
2024/02/23 19:16:36 Sent {"src":"n3","dest":"n0","body":{"message":80,"msg_id":29,"type":"broadcast"}}
2024/02/23 19:16:36 Sent {"src":"n3","dest":"n3","body":{"message":80,"msg_id":29,"type":"broadcast"}}
2024/02/23 19:16:36 Sent {"src":"n3","dest":"n4","body":{"message":80,"msg_id":29,"type":"broadcast"}}
2024/02/23 19:16:36 Sent {"src":"n3","dest":"n2","body":{"message":80,"msg_id":29,"type":"broadcast"}}
2024/02/23 19:16:36 Received {n3 n3 {"message":80,"msg_id":29,"type":"broadcast"}}
2024/02/23 19:16:36 Received {n0 n3 {"in_reply_to":29,"type":"broadcast_ok"}}
2024/02/23 19:16:36 Ignoring reply to 29 with no callback
2024/02/23 19:16:36 Received {n4 n3 {"in_reply_to":29,"type":"broadcast_ok"}}
2024/02/23 19:16:36 Ignoring reply to 29 with no callback
2024/02/23 19:16:36 Received {n0 n3 {"message":80,"msg_id":29,"type":"broadcast"}}
2024/02/23 19:16:36 Received {n4 n3 {"message":80,"msg_id":29,"type":"broadcast"}}
2024/02/23 19:16:36 Received {n4 n3 {"message":81,"msg_id":29,"type":"broadcast"}}
2024/02/23 19:16:36 Sent {"src":"n3","dest":"n4","body":{"in_reply_to":29,"type":"broadcast_ok"}}
2024/02/23 19:16:36 Sent {"src":"n3","dest":"n1","body":{"message":81,"msg_id":29,"type":"broadcast"}}
2024/02/23 19:16:36 Sent {"src":"n3","dest":"n3","body":{"message":81,"msg_id":29,"type":"broadcast"}}
2024/02/23 19:16:36 Sent {"src":"n3","dest":"n4","body":{"message":81,"msg_id":29,"type":"broadcast"}}
2024/02/23 19:16:36 Sent {"src":"n3","dest":"n2","body":{"message":81,"msg_id":29,"type":"broadcast"}}
2024/02/23 19:16:36 Sent {"src":"n3","dest":"n0","body":{"message":81,"msg_id":29,"type":"broadcast"}}
2024/02/23 19:16:36 Received {n0 n3 {"message":81,"msg_id":29,"type":"broadcast"}}
2024/02/23 19:16:36 Received {n3 n3 {"message":81,"msg_id":29,"type":"broadcast"}}
2024/02/23 19:16:36 Received {n0 n3 {"message":82,"msg_id":57,"type":"broadcast"}}
2024/02/23 19:16:36 Sent {"src":"n3","dest":"n0","body":{"in_reply_to":57,"type":"broadcast_ok"}}
2024/02/23 19:16:36 Sent {"src":"n3","dest":"n1","body":{"message":82,"msg_id":57,"type":"broadcast"}}
2024/02/23 19:16:36 Sent {"src":"n3","dest":"n2","body":{"message":82,"msg_id":57,"type":"broadcast"}}
2024/02/23 19:16:36 Sent {"src":"n3","dest":"n4","body":{"message":82,"msg_id":57,"type":"broadcast"}}
2024/02/23 19:16:36 Sent {"src":"n3","dest":"n0","body":{"message":82,"msg_id":57,"type":"broadcast"}}
2024/02/23 19:16:36 Sent {"src":"n3","dest":"n3","body":{"message":82,"msg_id":57,"type":"broadcast"}}
2024/02/23 19:16:36 Received {n3 n3 {"message":82,"msg_id":57,"type":"broadcast"}}
2024/02/23 19:16:36 Received {n4 n3 {"message":82,"msg_id":57,"type":"broadcast"}}
2024/02/23 19:16:37 Received {c12 n3 {"type":"broadcast","message":85,"msg_id":30}}
2024/02/23 19:16:37 Sent {"src":"n3","dest":"n1","body":{"message":85,"msg_id":30,"type":"broadcast"}}
2024/02/23 19:16:37 Sent {"src":"n3","dest":"n3","body":{"message":85,"msg_id":30,"type":"broadcast"}}
2024/02/23 19:16:37 Sent {"src":"n3","dest":"n0","body":{"message":85,"msg_id":30,"type":"broadcast"}}
2024/02/23 19:16:37 Sent {"src":"n3","dest":"c12","body":{"in_reply_to":30,"type":"broadcast_ok"}}
2024/02/23 19:16:37 Sent {"src":"n3","dest":"n4","body":{"message":85,"msg_id":30,"type":"broadcast"}}
2024/02/23 19:16:37 Sent {"src":"n3","dest":"n2","body":{"message":85,"msg_id":30,"type":"broadcast"}}
2024/02/23 19:16:37 Received {n3 n3 {"message":85,"msg_id":30,"type":"broadcast"}}
2024/02/23 19:16:37 Received {n4 n3 {"in_reply_to":30,"type":"broadcast_ok"}}
2024/02/23 19:16:37 Ignoring reply to 30 with no callback
2024/02/23 19:16:37 Received {n0 n3 {"message":85,"msg_id":30,"type":"broadcast"}}
2024/02/23 19:16:37 Received {n4 n3 {"message":85,"msg_id":30,"type":"broadcast"}}
2024/02/23 19:16:37 Received {n0 n3 {"in_reply_to":30,"type":"broadcast_ok"}}
2024/02/23 19:16:37 Ignoring reply to 30 with no callback
2024/02/23 19:16:37 Received {n4 n3 {"message":86,"msg_id":30,"type":"broadcast"}}
2024/02/23 19:16:37 Sent {"src":"n3","dest":"n4","body":{"in_reply_to":30,"type":"broadcast_ok"}}
2024/02/23 19:16:37 Sent {"src":"n3","dest":"n1","body":{"message":86,"msg_id":30,"type":"broadcast"}}
2024/02/23 19:16:37 Sent {"src":"n3","dest":"n0","body":{"message":86,"msg_id":30,"type":"broadcast"}}
2024/02/23 19:16:37 Sent {"src":"n3","dest":"n4","body":{"message":86,"msg_id":30,"type":"broadcast"}}
2024/02/23 19:16:37 Sent {"src":"n3","dest":"n3","body":{"message":86,"msg_id":30,"type":"broadcast"}}
2024/02/23 19:16:37 Sent {"src":"n3","dest":"n2","body":{"message":86,"msg_id":30,"type":"broadcast"}}
2024/02/23 19:16:37 Received {n3 n3 {"message":86,"msg_id":30,"type":"broadcast"}}
2024/02/23 19:16:37 Received {n0 n3 {"message":86,"msg_id":30,"type":"broadcast"}}
2024/02/23 19:16:37 Received {n0 n3 {"message":87,"msg_id":59,"type":"broadcast"}}
2024/02/23 19:16:37 Sent {"src":"n3","dest":"n0","body":{"in_reply_to":59,"type":"broadcast_ok"}}
2024/02/23 19:16:37 Sent {"src":"n3","dest":"n1","body":{"message":87,"msg_id":59,"type":"broadcast"}}
2024/02/23 19:16:37 Sent {"src":"n3","dest":"n2","body":{"message":87,"msg_id":59,"type":"broadcast"}}
2024/02/23 19:16:37 Sent {"src":"n3","dest":"n0","body":{"message":87,"msg_id":59,"type":"broadcast"}}
2024/02/23 19:16:37 Sent {"src":"n3","dest":"n3","body":{"message":87,"msg_id":59,"type":"broadcast"}}
2024/02/23 19:16:37 Sent {"src":"n3","dest":"n4","body":{"message":87,"msg_id":59,"type":"broadcast"}}
2024/02/23 19:16:37 Received {n3 n3 {"message":87,"msg_id":59,"type":"broadcast"}}
2024/02/23 19:16:37 Received {n4 n3 {"message":87,"msg_id":59,"type":"broadcast"}}
2024/02/23 19:16:37 Received {n0 n3 {"message":88,"msg_id":60,"type":"broadcast"}}
2024/02/23 19:16:37 Sent {"src":"n3","dest":"n0","body":{"in_reply_to":60,"type":"broadcast_ok"}}
2024/02/23 19:16:37 Sent {"src":"n3","dest":"n1","body":{"message":88,"msg_id":60,"type":"broadcast"}}
2024/02/23 19:16:37 Sent {"src":"n3","dest":"n0","body":{"message":88,"msg_id":60,"type":"broadcast"}}
2024/02/23 19:16:37 Sent {"src":"n3","dest":"n3","body":{"message":88,"msg_id":60,"type":"broadcast"}}
2024/02/23 19:16:37 Sent {"src":"n3","dest":"n2","body":{"message":88,"msg_id":60,"type":"broadcast"}}
2024/02/23 19:16:37 Sent {"src":"n3","dest":"n4","body":{"message":88,"msg_id":60,"type":"broadcast"}}
2024/02/23 19:16:37 Received {n3 n3 {"message":88,"msg_id":60,"type":"broadcast"}}
2024/02/23 19:16:37 Received {n4 n3 {"message":88,"msg_id":60,"type":"broadcast"}}
2024/02/23 19:16:37 Received {c12 n3 {"type":"read","msg_id":31}}
2024/02/23 19:16:37 Sent {"src":"n3","dest":"c12","body":{"in_reply_to":31,"messages":[0,0,0,0,0,0,0,0,0,0,0,0,0,0,0,0,0,0,0,0,0,0,0,0,0,0,0,0,0,0,0,0,0,0,0,0,0,0,0,0,0,0,0,0,0,0,0,0,0,0,0,0,0,0,0,0,0,0,0,0,0,0,0,0,0,1,18,43,87,47,56,72,26,61,65,71,85,14,34,51,86,5,8,50,31,11,63,70,75,35,57,62,73,27,29,48,60,77,32,37,39,40,54,67,7,20,46,49,59,81,12,15,21,23,69,88,22,68,80,42,53,78,82,19,25,38,66,3,10,17],"type":"read_ok"}}
2024/02/23 19:16:38 Received {n0 n3 {"message":91,"msg_id":62,"type":"broadcast"}}
2024/02/23 19:16:38 Sent {"src":"n3","dest":"n0","body":{"in_reply_to":62,"type":"broadcast_ok"}}
2024/02/23 19:16:38 Sent {"src":"n3","dest":"n0","body":{"message":91,"msg_id":62,"type":"broadcast"}}
2024/02/23 19:16:38 Sent {"src":"n3","dest":"n1","body":{"message":91,"msg_id":62,"type":"broadcast"}}
2024/02/23 19:16:38 Sent {"src":"n3","dest":"n2","body":{"message":91,"msg_id":62,"type":"broadcast"}}
2024/02/23 19:16:38 Sent {"src":"n3","dest":"n4","body":{"message":91,"msg_id":62,"type":"broadcast"}}
2024/02/23 19:16:38 Sent {"src":"n3","dest":"n3","body":{"message":91,"msg_id":62,"type":"broadcast"}}
2024/02/23 19:16:38 Received {n4 n3 {"message":91,"msg_id":62,"type":"broadcast"}}
2024/02/23 19:16:38 Received {n3 n3 {"message":91,"msg_id":62,"type":"broadcast"}}
