2024/02/23 19:16:19 Received {c2 n4 {"type":"init","node_id":"n4","node_ids":["n0","n1","n2","n3","n4"],"msg_id":1}}
2024/02/23 19:16:19 Node n4 initialized
2024/02/23 19:16:19 Sent {"src":"n4","dest":"c2","body":{"in_reply_to":1,"type":"init_ok"}}
2024/02/23 19:16:19 Received {c9 n4 {"type":"topology","topology":{"n0":["n3","n1"],"n1":["n4","n2","n0"],"n2":["n1"],"n3":["n0","n4"],"n4":["n1","n3"]},"msg_id":1}}
2024/02/23 19:16:19 Sent {"src":"n4","dest":"c9","body":{"in_reply_to":1,"type":"topology_ok"}}
2024/02/23 19:16:20 Received {c13 n4 {"type":"read","msg_id":1}}
2024/02/23 19:16:20 Sent {"src":"n4","dest":"c13","body":{"in_reply_to":1,"messages":[],"type":"read_ok"}}
2024/02/23 19:16:20 Received {n0 n4 {"message":1,"msg_id":2,"type":"broadcast"}}
2024/02/23 19:16:20 Sent {"src":"n4","dest":"n0","body":{"in_reply_to":2,"type":"broadcast_ok"}}
2024/02/23 19:16:20 Sent {"src":"n4","dest":"n4","body":{"message":1,"msg_id":2,"type":"broadcast"}}
2024/02/23 19:16:20 Sent {"src":"n4","dest":"n3","body":{"message":1,"msg_id":2,"type":"broadcast"}}
2024/02/23 19:16:20 Sent {"src":"n4","dest":"n1","body":{"message":1,"msg_id":2,"type":"broadcast"}}
2024/02/23 19:16:20 Sent {"src":"n4","dest":"n2","body":{"message":1,"msg_id":2,"type":"broadcast"}}
2024/02/23 19:16:20 Sent {"src":"n4","dest":"n0","body":{"message":1,"msg_id":2,"type":"broadcast"}}
2024/02/23 19:16:20 Received {n4 n4 {"message":1,"msg_id":2,"type":"broadcast"}}
2024/02/23 19:16:20 Received {n3 n4 {"message":1,"msg_id":2,"type":"broadcast"}}
2024/02/23 19:16:20 Received {c13 n4 {"type":"read","msg_id":2}}
2024/02/23 19:16:20 Sent {"src":"n4","dest":"c13","body":{"in_reply_to":2,"messages":[0,1],"type":"read_ok"}}
2024/02/23 19:16:20 Received {n0 n4 {"message":3,"msg_id":3,"type":"broadcast"}}
2024/02/23 19:16:20 Sent {"src":"n4","dest":"n1","body":{"message":3,"msg_id":3,"type":"broadcast"}}
2024/02/23 19:16:20 Sent {"src":"n4","dest":"n3","body":{"message":3,"msg_id":3,"type":"broadcast"}}
2024/02/23 19:16:20 Sent {"src":"n4","dest":"n4","body":{"message":3,"msg_id":3,"type":"broadcast"}}
2024/02/23 19:16:20 Sent {"src":"n4","dest":"n0","body":{"in_reply_to":3,"type":"broadcast_ok"}}
2024/02/23 19:16:20 Sent {"src":"n4","dest":"n2","body":{"message":3,"msg_id":3,"type":"broadcast"}}
2024/02/23 19:16:20 Sent {"src":"n4","dest":"n0","body":{"message":3,"msg_id":3,"type":"broadcast"}}
2024/02/23 19:16:20 Received {n4 n4 {"message":3,"msg_id":3,"type":"broadcast"}}
2024/02/23 19:16:20 Received {n3 n4 {"message":3,"msg_id":3,"type":"broadcast"}}
2024/02/23 19:16:21 Received {c13 n4 {"type":"broadcast","message":5,"msg_id":3}}
2024/02/23 19:16:21 Sent {"src":"n4","dest":"c13","body":{"in_reply_to":3,"type":"broadcast_ok"}}
2024/02/23 19:16:21 Sent {"src":"n4","dest":"n4","body":{"message":5,"msg_id":3,"type":"broadcast"}}
2024/02/23 19:16:21 Sent {"src":"n4","dest":"n0","body":{"message":5,"msg_id":3,"type":"broadcast"}}
2024/02/23 19:16:21 Sent {"src":"n4","dest":"n2","body":{"message":5,"msg_id":3,"type":"broadcast"}}
2024/02/23 19:16:21 Sent {"src":"n4","dest":"n3","body":{"message":5,"msg_id":3,"type":"broadcast"}}
2024/02/23 19:16:21 Sent {"src":"n4","dest":"n1","body":{"message":5,"msg_id":3,"type":"broadcast"}}
2024/02/23 19:16:21 Received {n4 n4 {"message":5,"msg_id":3,"type":"broadcast"}}
2024/02/23 19:16:21 Received {n0 n4 {"in_reply_to":3,"type":"broadcast_ok"}}
2024/02/23 19:16:21 Ignoring reply to 3 with no callback
2024/02/23 19:16:21 Received {n3 n4 {"in_reply_to":3,"type":"broadcast_ok"}}
2024/02/23 19:16:21 Ignoring reply to 3 with no callback
2024/02/23 19:16:21 Received {n0 n4 {"message":5,"msg_id":3,"type":"broadcast"}}
2024/02/23 19:16:21 Received {n3 n4 {"message":5,"msg_id":3,"type":"broadcast"}}
2024/02/23 19:16:21 Received {c13 n4 {"type":"broadcast","message":7,"msg_id":4}}
2024/02/23 19:16:21 Sent {"src":"n4","dest":"c13","body":{"in_reply_to":4,"type":"broadcast_ok"}}
2024/02/23 19:16:21 Sent {"src":"n4","dest":"n0","body":{"message":7,"msg_id":4,"type":"broadcast"}}
2024/02/23 19:16:21 Sent {"src":"n4","dest":"n2","body":{"message":7,"msg_id":4,"type":"broadcast"}}
2024/02/23 19:16:21 Sent {"src":"n4","dest":"n1","body":{"message":7,"msg_id":4,"type":"broadcast"}}
2024/02/23 19:16:21 Sent {"src":"n4","dest":"n3","body":{"message":7,"msg_id":4,"type":"broadcast"}}
2024/02/23 19:16:21 Sent {"src":"n4","dest":"n4","body":{"message":7,"msg_id":4,"type":"broadcast"}}
2024/02/23 19:16:21 Received {n4 n4 {"message":7,"msg_id":4,"type":"broadcast"}}
2024/02/23 19:16:21 Received {n0 n4 {"in_reply_to":4,"type":"broadcast_ok"}}
2024/02/23 19:16:21 Ignoring reply to 4 with no callback
2024/02/23 19:16:21 Received {n3 n4 {"in_reply_to":4,"type":"broadcast_ok"}}
2024/02/23 19:16:21 Ignoring reply to 4 with no callback
2024/02/23 19:16:21 Received {n0 n4 {"message":7,"msg_id":4,"type":"broadcast"}}
2024/02/23 19:16:21 Received {n3 n4 {"message":7,"msg_id":4,"type":"broadcast"}}
2024/02/23 19:16:21 Received {n0 n4 {"message":8,"msg_id":8,"type":"broadcast"}}
2024/02/23 19:16:21 Sent {"src":"n4","dest":"n0","body":{"in_reply_to":8,"type":"broadcast_ok"}}
2024/02/23 19:16:21 Sent {"src":"n4","dest":"n1","body":{"message":8,"msg_id":8,"type":"broadcast"}}
2024/02/23 19:16:21 Sent {"src":"n4","dest":"n0","body":{"message":8,"msg_id":8,"type":"broadcast"}}
2024/02/23 19:16:21 Sent {"src":"n4","dest":"n4","body":{"message":8,"msg_id":8,"type":"broadcast"}}
2024/02/23 19:16:21 Sent {"src":"n4","dest":"n3","body":{"message":8,"msg_id":8,"type":"broadcast"}}
2024/02/23 19:16:21 Sent {"src":"n4","dest":"n2","body":{"message":8,"msg_id":8,"type":"broadcast"}}
2024/02/23 19:16:21 Received {n4 n4 {"message":8,"msg_id":8,"type":"broadcast"}}
2024/02/23 19:16:21 Received {n3 n4 {"message":8,"msg_id":8,"type":"broadcast"}}
2024/02/23 19:16:22 Received {c13 n4 {"type":"broadcast","message":10,"msg_id":5}}
2024/02/23 19:16:22 Sent {"src":"n4","dest":"c13","body":{"in_reply_to":5,"type":"broadcast_ok"}}
2024/02/23 19:16:22 Sent {"src":"n4","dest":"n0","body":{"message":10,"msg_id":5,"type":"broadcast"}}
2024/02/23 19:16:22 Sent {"src":"n4","dest":"n4","body":{"message":10,"msg_id":5,"type":"broadcast"}}
2024/02/23 19:16:22 Sent {"src":"n4","dest":"n1","body":{"message":10,"msg_id":5,"type":"broadcast"}}
2024/02/23 19:16:22 Sent {"src":"n4","dest":"n2","body":{"message":10,"msg_id":5,"type":"broadcast"}}
2024/02/23 19:16:22 Sent {"src":"n4","dest":"n3","body":{"message":10,"msg_id":5,"type":"broadcast"}}
2024/02/23 19:16:22 Received {n4 n4 {"message":10,"msg_id":5,"type":"broadcast"}}
2024/02/23 19:16:22 Received {n0 n4 {"in_reply_to":5,"type":"broadcast_ok"}}
2024/02/23 19:16:22 Ignoring reply to 5 with no callback
2024/02/23 19:16:22 Received {n0 n4 {"message":10,"msg_id":5,"type":"broadcast"}}
2024/02/23 19:16:22 Received {n3 n4 {"in_reply_to":5,"type":"broadcast_ok"}}
2024/02/23 19:16:22 Ignoring reply to 5 with no callback
2024/02/23 19:16:22 Received {n3 n4 {"message":10,"msg_id":5,"type":"broadcast"}}
2024/02/23 19:16:22 Received {n0 n4 {"message":11,"msg_id":9,"type":"broadcast"}}
2024/02/23 19:16:22 Sent {"src":"n4","dest":"n0","body":{"in_reply_to":9,"type":"broadcast_ok"}}
2024/02/23 19:16:22 Sent {"src":"n4","dest":"n4","body":{"message":11,"msg_id":9,"type":"broadcast"}}
2024/02/23 19:16:22 Sent {"src":"n4","dest":"n2","body":{"message":11,"msg_id":9,"type":"broadcast"}}
2024/02/23 19:16:22 Sent {"src":"n4","dest":"n3","body":{"message":11,"msg_id":9,"type":"broadcast"}}
2024/02/23 19:16:22 Sent {"src":"n4","dest":"n0","body":{"message":11,"msg_id":9,"type":"broadcast"}}
2024/02/23 19:16:22 Sent {"src":"n4","dest":"n1","body":{"message":11,"msg_id":9,"type":"broadcast"}}
2024/02/23 19:16:22 Received {n4 n4 {"message":11,"msg_id":9,"type":"broadcast"}}
2024/02/23 19:16:22 Received {n3 n4 {"message":11,"msg_id":9,"type":"broadcast"}}
2024/02/23 19:16:22 Received {n0 n4 {"message":12,"msg_id":10,"type":"broadcast"}}
2024/02/23 19:16:22 Sent {"src":"n4","dest":"n0","body":{"in_reply_to":10,"type":"broadcast_ok"}}
2024/02/23 19:16:22 Sent {"src":"n4","dest":"n0","body":{"message":12,"msg_id":10,"type":"broadcast"}}
2024/02/23 19:16:22 Sent {"src":"n4","dest":"n1","body":{"message":12,"msg_id":10,"type":"broadcast"}}
2024/02/23 19:16:22 Sent {"src":"n4","dest":"n3","body":{"message":12,"msg_id":10,"type":"broadcast"}}
2024/02/23 19:16:22 Sent {"src":"n4","dest":"n4","body":{"message":12,"msg_id":10,"type":"broadcast"}}
2024/02/23 19:16:22 Sent {"src":"n4","dest":"n2","body":{"message":12,"msg_id":10,"type":"broadcast"}}
2024/02/23 19:16:22 Received {n4 n4 {"message":12,"msg_id":10,"type":"broadcast"}}
2024/02/23 19:16:22 Received {n3 n4 {"message":12,"msg_id":10,"type":"broadcast"}}
2024/02/23 19:16:22 Received {n3 n4 {"message":14,"msg_id":6,"type":"broadcast"}}
2024/02/23 19:16:22 Sent {"src":"n4","dest":"n1","body":{"message":14,"msg_id":6,"type":"broadcast"}}
2024/02/23 19:16:22 Sent {"src":"n4","dest":"n0","body":{"message":14,"msg_id":6,"type":"broadcast"}}
2024/02/23 19:16:22 Sent {"src":"n4","dest":"n3","body":{"message":14,"msg_id":6,"type":"broadcast"}}
2024/02/23 19:16:22 Sent {"src":"n4","dest":"n2","body":{"message":14,"msg_id":6,"type":"broadcast"}}
2024/02/23 19:16:22 Sent {"src":"n4","dest":"n4","body":{"message":14,"msg_id":6,"type":"broadcast"}}
2024/02/23 19:16:22 Sent {"src":"n4","dest":"n3","body":{"in_reply_to":6,"type":"broadcast_ok"}}
2024/02/23 19:16:22 Received {n4 n4 {"message":14,"msg_id":6,"type":"broadcast"}}
2024/02/23 19:16:22 Received {n0 n4 {"message":14,"msg_id":6,"type":"broadcast"}}
2024/02/23 19:16:22 Received {c13 n4 {"type":"read","msg_id":6}}
2024/02/23 19:16:22 Sent {"src":"n4","dest":"c13","body":{"in_reply_to":6,"messages":[0,0,0,0,0,0,0,0,0,10,11,12,1,3,7,5,8,14],"type":"read_ok"}}
2024/02/23 19:16:22 Received {n0 n4 {"message":15,"msg_id":11,"type":"broadcast"}}
2024/02/23 19:16:22 Sent {"src":"n4","dest":"n4","body":{"message":15,"msg_id":11,"type":"broadcast"}}
2024/02/23 19:16:22 Sent {"src":"n4","dest":"n0","body":{"message":15,"msg_id":11,"type":"broadcast"}}
2024/02/23 19:16:22 Sent {"src":"n4","dest":"n0","body":{"in_reply_to":11,"type":"broadcast_ok"}}
2024/02/23 19:16:22 Sent {"src":"n4","dest":"n3","body":{"message":15,"msg_id":11,"type":"broadcast"}}
2024/02/23 19:16:22 Sent {"src":"n4","dest":"n1","body":{"message":15,"msg_id":11,"type":"broadcast"}}
2024/02/23 19:16:22 Sent {"src":"n4","dest":"n2","body":{"message":15,"msg_id":11,"type":"broadcast"}}
2024/02/23 19:16:22 Received {n4 n4 {"message":15,"msg_id":11,"type":"broadcast"}}
2024/02/23 19:16:22 Received {n3 n4 {"message":15,"msg_id":11,"type":"broadcast"}}
2024/02/23 19:16:23 Received {n3 n4 {"message":17,"msg_id":7,"type":"broadcast"}}
2024/02/23 19:16:23 Sent {"src":"n4","dest":"n3","body":{"in_reply_to":7,"type":"broadcast_ok"}}
2024/02/23 19:16:23 Sent {"src":"n4","dest":"n3","body":{"message":17,"msg_id":7,"type":"broadcast"}}
2024/02/23 19:16:23 Sent {"src":"n4","dest":"n1","body":{"message":17,"msg_id":7,"type":"broadcast"}}
2024/02/23 19:16:23 Sent {"src":"n4","dest":"n0","body":{"message":17,"msg_id":7,"type":"broadcast"}}
2024/02/23 19:16:23 Sent {"src":"n4","dest":"n2","body":{"message":17,"msg_id":7,"type":"broadcast"}}
2024/02/23 19:16:23 Sent {"src":"n4","dest":"n4","body":{"message":17,"msg_id":7,"type":"broadcast"}}
2024/02/23 19:16:23 Received {n4 n4 {"message":17,"msg_id":7,"type":"broadcast"}}
2024/02/23 19:16:23 Received {n0 n4 {"message":17,"msg_id":7,"type":"broadcast"}}
2024/02/23 19:16:23 Received {c13 n4 {"type":"read","msg_id":7}}
2024/02/23 19:16:23 Sent {"src":"n4","dest":"c13","body":{"in_reply_to":7,"messages":[0,0,0,0,0,0,0,0,0,0,0,12,15,1,3,7,10,11,5,8,14,17],"type":"read_ok"}}
2024/02/23 19:16:23 Received {n0 n4 {"message":18,"msg_id":13,"type":"broadcast"}}
2024/02/23 19:16:23 Sent {"src":"n4","dest":"n0","body":{"in_reply_to":13,"type":"broadcast_ok"}}
2024/02/23 19:16:23 Sent {"src":"n4","dest":"n1","body":{"message":18,"msg_id":13,"type":"broadcast"}}
2024/02/23 19:16:23 Sent {"src":"n4","dest":"n3","body":{"message":18,"msg_id":13,"type":"broadcast"}}
2024/02/23 19:16:23 Sent {"src":"n4","dest":"n2","body":{"message":18,"msg_id":13,"type":"broadcast"}}
2024/02/23 19:16:23 Sent {"src":"n4","dest":"n4","body":{"message":18,"msg_id":13,"type":"broadcast"}}
2024/02/23 19:16:23 Sent {"src":"n4","dest":"n0","body":{"message":18,"msg_id":13,"type":"broadcast"}}
2024/02/23 19:16:23 Received {n3 n4 {"message":18,"msg_id":13,"type":"broadcast"}}
2024/02/23 19:16:23 Received {n4 n4 {"message":18,"msg_id":13,"type":"broadcast"}}
2024/02/23 19:16:23 Received {n0 n4 {"message":19,"msg_id":14,"type":"broadcast"}}
2024/02/23 19:16:23 Sent {"src":"n4","dest":"n0","body":{"in_reply_to":14,"type":"broadcast_ok"}}
2024/02/23 19:16:23 Sent {"src":"n4","dest":"n1","body":{"message":19,"msg_id":14,"type":"broadcast"}}
2024/02/23 19:16:23 Sent {"src":"n4","dest":"n0","body":{"message":19,"msg_id":14,"type":"broadcast"}}
2024/02/23 19:16:23 Sent {"src":"n4","dest":"n3","body":{"message":19,"msg_id":14,"type":"broadcast"}}
2024/02/23 19:16:23 Sent {"src":"n4","dest":"n4","body":{"message":19,"msg_id":14,"type":"broadcast"}}
2024/02/23 19:16:23 Sent {"src":"n4","dest":"n2","body":{"message":19,"msg_id":14,"type":"broadcast"}}
2024/02/23 19:16:23 Received {n4 n4 {"message":19,"msg_id":14,"type":"broadcast"}}
2024/02/23 19:16:23 Received {n3 n4 {"message":19,"msg_id":14,"type":"broadcast"}}
2024/02/23 19:16:23 Received {c13 n4 {"type":"broadcast","message":20,"msg_id":8}}
2024/02/23 19:16:23 Sent {"src":"n4","dest":"c13","body":{"in_reply_to":8,"type":"broadcast_ok"}}
2024/02/23 19:16:23 Sent {"src":"n4","dest":"n1","body":{"message":20,"msg_id":8,"type":"broadcast"}}
2024/02/23 19:16:23 Sent {"src":"n4","dest":"n0","body":{"message":20,"msg_id":8,"type":"broadcast"}}
2024/02/23 19:16:23 Sent {"src":"n4","dest":"n3","body":{"message":20,"msg_id":8,"type":"broadcast"}}
2024/02/23 19:16:23 Sent {"src":"n4","dest":"n2","body":{"message":20,"msg_id":8,"type":"broadcast"}}
2024/02/23 19:16:23 Sent {"src":"n4","dest":"n4","body":{"message":20,"msg_id":8,"type":"broadcast"}}
2024/02/23 19:16:23 Received {n4 n4 {"message":20,"msg_id":8,"type":"broadcast"}}
2024/02/23 19:16:23 Received {n3 n4 {"in_reply_to":8,"type":"broadcast_ok"}}
2024/02/23 19:16:23 Ignoring reply to 8 with no callback
2024/02/23 19:16:23 Received {n0 n4 {"in_reply_to":8,"type":"broadcast_ok"}}
2024/02/23 19:16:23 Ignoring reply to 8 with no callback
2024/02/23 19:16:23 Received {n0 n4 {"message":20,"msg_id":8,"type":"broadcast"}}
2024/02/23 19:16:23 Received {n3 n4 {"message":20,"msg_id":8,"type":"broadcast"}}
2024/02/23 19:16:24 Received {n0 n4 {"message":21,"msg_id":15,"type":"broadcast"}}
2024/02/23 19:16:24 Sent {"src":"n4","dest":"n0","body":{"in_reply_to":15,"type":"broadcast_ok"}}
2024/02/23 19:16:24 Sent {"src":"n4","dest":"n4","body":{"message":21,"msg_id":15,"type":"broadcast"}}
2024/02/23 19:16:24 Sent {"src":"n4","dest":"n1","body":{"message":21,"msg_id":15,"type":"broadcast"}}
2024/02/23 19:16:24 Sent {"src":"n4","dest":"n3","body":{"message":21,"msg_id":15,"type":"broadcast"}}
2024/02/23 19:16:24 Sent {"src":"n4","dest":"n2","body":{"message":21,"msg_id":15,"type":"broadcast"}}
2024/02/23 19:16:24 Sent {"src":"n4","dest":"n0","body":{"message":21,"msg_id":15,"type":"broadcast"}}
2024/02/23 19:16:24 Received {n4 n4 {"message":21,"msg_id":15,"type":"broadcast"}}
2024/02/23 19:16:24 Received {n3 n4 {"message":21,"msg_id":15,"type":"broadcast"}}
2024/02/23 19:16:24 Received {n0 n4 {"message":22,"msg_id":16,"type":"broadcast"}}
2024/02/23 19:16:24 Sent {"src":"n4","dest":"n1","body":{"message":22,"msg_id":16,"type":"broadcast"}}
2024/02/23 19:16:24 Sent {"src":"n4","dest":"n2","body":{"message":22,"msg_id":16,"type":"broadcast"}}
2024/02/23 19:16:24 Sent {"src":"n4","dest":"n3","body":{"message":22,"msg_id":16,"type":"broadcast"}}
2024/02/23 19:16:24 Sent {"src":"n4","dest":"n0","body":{"in_reply_to":16,"type":"broadcast_ok"}}
2024/02/23 19:16:24 Sent {"src":"n4","dest":"n4","body":{"message":22,"msg_id":16,"type":"broadcast"}}
2024/02/23 19:16:24 Sent {"src":"n4","dest":"n0","body":{"message":22,"msg_id":16,"type":"broadcast"}}
2024/02/23 19:16:24 Received {n3 n4 {"message":22,"msg_id":16,"type":"broadcast"}}
2024/02/23 19:16:24 Received {n4 n4 {"message":22,"msg_id":16,"type":"broadcast"}}
2024/02/23 19:16:24 Received {c13 n4 {"type":"broadcast","message":23,"msg_id":9}}
2024/02/23 19:16:24 Sent {"src":"n4","dest":"n1","body":{"message":23,"msg_id":9,"type":"broadcast"}}
2024/02/23 19:16:24 Sent {"src":"n4","dest":"n0","body":{"message":23,"msg_id":9,"type":"broadcast"}}
2024/02/23 19:16:24 Sent {"src":"n4","dest":"n3","body":{"message":23,"msg_id":9,"type":"broadcast"}}
2024/02/23 19:16:24 Sent {"src":"n4","dest":"n4","body":{"message":23,"msg_id":9,"type":"broadcast"}}
2024/02/23 19:16:24 Sent {"src":"n4","dest":"c13","body":{"in_reply_to":9,"type":"broadcast_ok"}}
2024/02/23 19:16:24 Sent {"src":"n4","dest":"n2","body":{"message":23,"msg_id":9,"type":"broadcast"}}
2024/02/23 19:16:24 Received {n4 n4 {"message":23,"msg_id":9,"type":"broadcast"}}
2024/02/23 19:16:24 Received {n3 n4 {"in_reply_to":9,"type":"broadcast_ok"}}
2024/02/23 19:16:24 Ignoring reply to 9 with no callback
2024/02/23 19:16:24 Received {n3 n4 {"message":23,"msg_id":9,"type":"broadcast"}}
2024/02/23 19:16:24 Received {n0 n4 {"message":23,"msg_id":9,"type":"broadcast"}}
2024/02/23 19:16:24 Received {n0 n4 {"in_reply_to":9,"type":"broadcast_ok"}}
2024/02/23 19:16:24 Ignoring reply to 9 with no callback
2024/02/23 19:16:25 Received {n3 n4 {"message":25,"msg_id":10,"type":"broadcast"}}
2024/02/23 19:16:25 Sent {"src":"n4","dest":"n3","body":{"in_reply_to":10,"type":"broadcast_ok"}}
2024/02/23 19:16:25 Sent {"src":"n4","dest":"n0","body":{"message":25,"msg_id":10,"type":"broadcast"}}
2024/02/23 19:16:25 Sent {"src":"n4","dest":"n1","body":{"message":25,"msg_id":10,"type":"broadcast"}}
2024/02/23 19:16:25 Sent {"src":"n4","dest":"n2","body":{"message":25,"msg_id":10,"type":"broadcast"}}
2024/02/23 19:16:25 Sent {"src":"n4","dest":"n4","body":{"message":25,"msg_id":10,"type":"broadcast"}}
2024/02/23 19:16:25 Sent {"src":"n4","dest":"n3","body":{"message":25,"msg_id":10,"type":"broadcast"}}
2024/02/23 19:16:25 Received {n0 n4 {"message":25,"msg_id":10,"type":"broadcast"}}
2024/02/23 19:16:25 Received {n4 n4 {"message":25,"msg_id":10,"type":"broadcast"}}
2024/02/23 19:16:25 Received {c13 n4 {"type":"broadcast","message":26,"msg_id":10}}
2024/02/23 19:16:25 Sent {"src":"n4","dest":"c13","body":{"in_reply_to":10,"type":"broadcast_ok"}}
2024/02/23 19:16:25 Sent {"src":"n4","dest":"n0","body":{"message":26,"msg_id":10,"type":"broadcast"}}
2024/02/23 19:16:25 Sent {"src":"n4","dest":"n1","body":{"message":26,"msg_id":10,"type":"broadcast"}}
2024/02/23 19:16:25 Sent {"src":"n4","dest":"n3","body":{"message":26,"msg_id":10,"type":"broadcast"}}
2024/02/23 19:16:25 Sent {"src":"n4","dest":"n4","body":{"message":26,"msg_id":10,"type":"broadcast"}}
2024/02/23 19:16:25 Sent {"src":"n4","dest":"n2","body":{"message":26,"msg_id":10,"type":"broadcast"}}
2024/02/23 19:16:25 Received {n4 n4 {"message":26,"msg_id":10,"type":"broadcast"}}
2024/02/23 19:16:25 Received {n0 n4 {"in_reply_to":10,"type":"broadcast_ok"}}
2024/02/23 19:16:25 Ignoring reply to 10 with no callback
2024/02/23 19:16:25 Received {n0 n4 {"message":26,"msg_id":10,"type":"broadcast"}}
2024/02/23 19:16:25 Received {n3 n4 {"in_reply_to":10,"type":"broadcast_ok"}}
2024/02/23 19:16:25 Ignoring reply to 10 with no callback
2024/02/23 19:16:25 Received {n3 n4 {"message":26,"msg_id":10,"type":"broadcast"}}
2024/02/23 19:16:25 Received {n0 n4 {"message":27,"msg_id":19,"type":"broadcast"}}
2024/02/23 19:16:25 Sent {"src":"n4","dest":"n0","body":{"in_reply_to":19,"type":"broadcast_ok"}}
2024/02/23 19:16:25 Sent {"src":"n4","dest":"n1","body":{"message":27,"msg_id":19,"type":"broadcast"}}
2024/02/23 19:16:25 Sent {"src":"n4","dest":"n4","body":{"message":27,"msg_id":19,"type":"broadcast"}}
2024/02/23 19:16:25 Sent {"src":"n4","dest":"n3","body":{"message":27,"msg_id":19,"type":"broadcast"}}
2024/02/23 19:16:25 Sent {"src":"n4","dest":"n2","body":{"message":27,"msg_id":19,"type":"broadcast"}}
2024/02/23 19:16:25 Sent {"src":"n4","dest":"n0","body":{"message":27,"msg_id":19,"type":"broadcast"}}
2024/02/23 19:16:25 Received {n4 n4 {"message":27,"msg_id":19,"type":"broadcast"}}
2024/02/23 19:16:25 Received {n3 n4 {"message":27,"msg_id":19,"type":"broadcast"}}
2024/02/23 19:16:25 Received {c13 n4 {"type":"read","msg_id":11}}
2024/02/23 19:16:25 Sent {"src":"n4","dest":"c13","body":{"in_reply_to":11,"messages":[0,0,0,0,0,0,0,0,0,0,0,0,0,0,0,0,0,0,0,0,8,17,18,22,26,27,1,12,15,19,5,14,20,23,21,25,3,7,10,11],"type":"read_ok"}}
2024/02/23 19:16:25 Received {n0 n4 {"message":29,"msg_id":21,"type":"broadcast"}}
2024/02/23 19:16:25 Sent {"src":"n4","dest":"n1","body":{"message":29,"msg_id":21,"type":"broadcast"}}
2024/02/23 19:16:25 Sent {"src":"n4","dest":"n0","body":{"message":29,"msg_id":21,"type":"broadcast"}}
2024/02/23 19:16:25 Sent {"src":"n4","dest":"n0","body":{"in_reply_to":21,"type":"broadcast_ok"}}
2024/02/23 19:16:25 Sent {"src":"n4","dest":"n4","body":{"message":29,"msg_id":21,"type":"broadcast"}}
2024/02/23 19:16:25 Sent {"src":"n4","dest":"n2","body":{"message":29,"msg_id":21,"type":"broadcast"}}
2024/02/23 19:16:25 Sent {"src":"n4","dest":"n3","body":{"message":29,"msg_id":21,"type":"broadcast"}}
2024/02/23 19:16:25 Received {n3 n4 {"message":29,"msg_id":21,"type":"broadcast"}}
2024/02/23 19:16:25 Received {n4 n4 {"message":29,"msg_id":21,"type":"broadcast"}}
2024/02/23 19:16:26 Received {n3 n4 {"message":31,"msg_id":12,"type":"broadcast"}}
2024/02/23 19:16:26 Sent {"src":"n4","dest":"n3","body":{"in_reply_to":12,"type":"broadcast_ok"}}
2024/02/23 19:16:26 Sent {"src":"n4","dest":"n2","body":{"message":31,"msg_id":12,"type":"broadcast"}}
2024/02/23 19:16:26 Sent {"src":"n4","dest":"n4","body":{"message":31,"msg_id":12,"type":"broadcast"}}
2024/02/23 19:16:26 Sent {"src":"n4","dest":"n3","body":{"message":31,"msg_id":12,"type":"broadcast"}}
2024/02/23 19:16:26 Sent {"src":"n4","dest":"n1","body":{"message":31,"msg_id":12,"type":"broadcast"}}
2024/02/23 19:16:26 Sent {"src":"n4","dest":"n0","body":{"message":31,"msg_id":12,"type":"broadcast"}}
2024/02/23 19:16:26 Received {n0 n4 {"message":31,"msg_id":12,"type":"broadcast"}}
2024/02/23 19:16:26 Received {n4 n4 {"message":31,"msg_id":12,"type":"broadcast"}}
2024/02/23 19:16:26 Received {c13 n4 {"type":"read","msg_id":12}}
2024/02/23 19:16:26 Sent {"src":"n4","dest":"c13","body":{"in_reply_to":12,"messages":[0,0,0,0,0,0,0,0,0,0,0,0,0,0,0,0,0,0,0,0,0,0,8,17,18,22,1,12,15,19,26,27,5,14,20,23,29,31,3,7,10,11,21,25],"type":"read_ok"}}
2024/02/23 19:16:26 Received {n0 n4 {"message":32,"msg_id":24,"type":"broadcast"}}
2024/02/23 19:16:26 Sent {"src":"n4","dest":"n0","body":{"in_reply_to":24,"type":"broadcast_ok"}}
2024/02/23 19:16:26 Sent {"src":"n4","dest":"n1","body":{"message":32,"msg_id":24,"type":"broadcast"}}
2024/02/23 19:16:26 Sent {"src":"n4","dest":"n3","body":{"message":32,"msg_id":24,"type":"broadcast"}}
2024/02/23 19:16:26 Sent {"src":"n4","dest":"n4","body":{"message":32,"msg_id":24,"type":"broadcast"}}
2024/02/23 19:16:26 Sent {"src":"n4","dest":"n2","body":{"message":32,"msg_id":24,"type":"broadcast"}}
2024/02/23 19:16:26 Sent {"src":"n4","dest":"n0","body":{"message":32,"msg_id":24,"type":"broadcast"}}
2024/02/23 19:16:26 Received {n3 n4 {"message":32,"msg_id":24,"type":"broadcast"}}
2024/02/23 19:16:26 Received {n4 n4 {"message":32,"msg_id":24,"type":"broadcast"}}
2024/02/23 19:16:26 Received {c13 n4 {"type":"broadcast","message":34,"msg_id":13}}
2024/02/23 19:16:26 Sent {"src":"n4","dest":"c13","body":{"in_reply_to":13,"type":"broadcast_ok"}}
2024/02/23 19:16:26 Sent {"src":"n4","dest":"n1","body":{"message":34,"msg_id":13,"type":"broadcast"}}
2024/02/23 19:16:26 Sent {"src":"n4","dest":"n4","body":{"message":34,"msg_id":13,"type":"broadcast"}}
2024/02/23 19:16:26 Sent {"src":"n4","dest":"n3","body":{"message":34,"msg_id":13,"type":"broadcast"}}
2024/02/23 19:16:26 Sent {"src":"n4","dest":"n0","body":{"message":34,"msg_id":13,"type":"broadcast"}}
2024/02/23 19:16:26 Sent {"src":"n4","dest":"n2","body":{"message":34,"msg_id":13,"type":"broadcast"}}
2024/02/23 19:16:26 Received {n4 n4 {"message":34,"msg_id":13,"type":"broadcast"}}
2024/02/23 19:16:26 Received {n3 n4 {"in_reply_to":13,"type":"broadcast_ok"}}
2024/02/23 19:16:26 Ignoring reply to 13 with no callback
2024/02/23 19:16:26 Received {n0 n4 {"in_reply_to":13,"type":"broadcast_ok"}}
2024/02/23 19:16:26 Ignoring reply to 13 with no callback
2024/02/23 19:16:26 Received {n3 n4 {"message":34,"msg_id":13,"type":"broadcast"}}
2024/02/23 19:16:26 Received {n0 n4 {"message":34,"msg_id":13,"type":"broadcast"}}
2024/02/23 19:16:26 Received {n0 n4 {"message":35,"msg_id":26,"type":"broadcast"}}
2024/02/23 19:16:26 Sent {"src":"n4","dest":"n0","body":{"in_reply_to":26,"type":"broadcast_ok"}}
2024/02/23 19:16:26 Sent {"src":"n4","dest":"n1","body":{"message":35,"msg_id":26,"type":"broadcast"}}
2024/02/23 19:16:26 Sent {"src":"n4","dest":"n3","body":{"message":35,"msg_id":26,"type":"broadcast"}}
2024/02/23 19:16:26 Sent {"src":"n4","dest":"n4","body":{"message":35,"msg_id":26,"type":"broadcast"}}
2024/02/23 19:16:26 Sent {"src":"n4","dest":"n2","body":{"message":35,"msg_id":26,"type":"broadcast"}}
2024/02/23 19:16:26 Sent {"src":"n4","dest":"n0","body":{"message":35,"msg_id":26,"type":"broadcast"}}
2024/02/23 19:16:26 Received {n3 n4 {"message":35,"msg_id":26,"type":"broadcast"}}
2024/02/23 19:16:26 Received {n4 n4 {"message":35,"msg_id":26,"type":"broadcast"}}
2024/02/23 19:16:27 Received {c13 n4 {"type":"read","msg_id":14}}
2024/02/23 19:16:27 Sent {"src":"n4","dest":"c13","body":{"in_reply_to":14,"messages":[0,0,0,0,0,0,0,0,0,0,0,0,0,0,0,0,0,0,0,0,0,0,0,0,0,18,22,32,8,17,15,19,26,27,34,1,12,20,23,29,31,5,14,10,11,21,25,35,3,7],"type":"read_ok"}}
2024/02/23 19:16:28 Received {n3 n4 {"message":37,"msg_id":15,"type":"broadcast"}}
2024/02/23 19:16:28 Sent {"src":"n4","dest":"n3","body":{"in_reply_to":15,"type":"broadcast_ok"}}
2024/02/23 19:16:28 Sent {"src":"n4","dest":"n4","body":{"message":37,"msg_id":15,"type":"broadcast"}}
2024/02/23 19:16:28 Sent {"src":"n4","dest":"n0","body":{"message":37,"msg_id":15,"type":"broadcast"}}
2024/02/23 19:16:28 Sent {"src":"n4","dest":"n1","body":{"message":37,"msg_id":15,"type":"broadcast"}}
2024/02/23 19:16:28 Sent {"src":"n4","dest":"n3","body":{"message":37,"msg_id":15,"type":"broadcast"}}
2024/02/23 19:16:28 Sent {"src":"n4","dest":"n2","body":{"message":37,"msg_id":15,"type":"broadcast"}}
2024/02/23 19:16:28 Received {n0 n4 {"message":37,"msg_id":15,"type":"broadcast"}}
2024/02/23 19:16:28 Received {n4 n4 {"message":37,"msg_id":15,"type":"broadcast"}}
2024/02/23 19:16:28 Received {c13 n4 {"type":"broadcast","message":38,"msg_id":15}}
2024/02/23 19:16:28 Sent {"src":"n4","dest":"c13","body":{"in_reply_to":15,"type":"broadcast_ok"}}
2024/02/23 19:16:28 Sent {"src":"n4","dest":"n0","body":{"message":38,"msg_id":15,"type":"broadcast"}}
2024/02/23 19:16:28 Sent {"src":"n4","dest":"n2","body":{"message":38,"msg_id":15,"type":"broadcast"}}
2024/02/23 19:16:28 Sent {"src":"n4","dest":"n3","body":{"message":38,"msg_id":15,"type":"broadcast"}}
2024/02/23 19:16:28 Sent {"src":"n4","dest":"n1","body":{"message":38,"msg_id":15,"type":"broadcast"}}
2024/02/23 19:16:28 Sent {"src":"n4","dest":"n4","body":{"message":38,"msg_id":15,"type":"broadcast"}}
2024/02/23 19:16:28 Received {n4 n4 {"message":38,"msg_id":15,"type":"broadcast"}}
2024/02/23 19:16:28 Received {n0 n4 {"in_reply_to":15,"type":"broadcast_ok"}}
2024/02/23 19:16:28 Ignoring reply to 15 with no callback
2024/02/23 19:16:28 Received {n3 n4 {"in_reply_to":15,"type":"broadcast_ok"}}
2024/02/23 19:16:28 Ignoring reply to 15 with no callback
2024/02/23 19:16:28 Received {n0 n4 {"message":38,"msg_id":15,"type":"broadcast"}}
2024/02/23 19:16:28 Received {n3 n4 {"message":38,"msg_id":15,"type":"broadcast"}}
2024/02/23 19:16:28 Received {n3 n4 {"message":39,"msg_id":16,"type":"broadcast"}}
2024/02/23 19:16:28 Sent {"src":"n4","dest":"n3","body":{"in_reply_to":16,"type":"broadcast_ok"}}
2024/02/23 19:16:28 Sent {"src":"n4","dest":"n1","body":{"message":39,"msg_id":16,"type":"broadcast"}}
2024/02/23 19:16:28 Sent {"src":"n4","dest":"n4","body":{"message":39,"msg_id":16,"type":"broadcast"}}
2024/02/23 19:16:28 Sent {"src":"n4","dest":"n0","body":{"message":39,"msg_id":16,"type":"broadcast"}}
2024/02/23 19:16:28 Sent {"src":"n4","dest":"n3","body":{"message":39,"msg_id":16,"type":"broadcast"}}
2024/02/23 19:16:28 Sent {"src":"n4","dest":"n2","body":{"message":39,"msg_id":16,"type":"broadcast"}}
2024/02/23 19:16:28 Received {n4 n4 {"message":39,"msg_id":16,"type":"broadcast"}}
2024/02/23 19:16:28 Received {n0 n4 {"message":39,"msg_id":16,"type":"broadcast"}}
2024/02/23 19:16:28 Received {c13 n4 {"type":"read","msg_id":16}}
2024/02/23 19:16:28 Sent {"src":"n4","dest":"c13","body":{"in_reply_to":16,"messages":[0,0,0,0,0,0,0,0,0,0,0,0,0,0,0,0,0,0,0,0,0,0,0,0,0,0,0,0,7,11,21,39,17,18,22,26,27,34,31,20,23,3,10,25,35,8,32,38,1,12,15,19,37,5,14,29],"type":"read_ok"}}
2024/02/23 19:16:28 Received {n0 n4 {"message":40,"msg_id":31,"type":"broadcast"}}
2024/02/23 19:16:28 Sent {"src":"n4","dest":"n0","body":{"in_reply_to":31,"type":"broadcast_ok"}}
2024/02/23 19:16:28 Sent {"src":"n4","dest":"n4","body":{"message":40,"msg_id":31,"type":"broadcast"}}
2024/02/23 19:16:28 Sent {"src":"n4","dest":"n2","body":{"message":40,"msg_id":31,"type":"broadcast"}}
2024/02/23 19:16:28 Sent {"src":"n4","dest":"n3","body":{"message":40,"msg_id":31,"type":"broadcast"}}
2024/02/23 19:16:28 Sent {"src":"n4","dest":"n1","body":{"message":40,"msg_id":31,"type":"broadcast"}}
2024/02/23 19:16:28 Sent {"src":"n4","dest":"n0","body":{"message":40,"msg_id":31,"type":"broadcast"}}
2024/02/23 19:16:28 Received {n3 n4 {"message":40,"msg_id":31,"type":"broadcast"}}
2024/02/23 19:16:28 Received {n4 n4 {"message":40,"msg_id":31,"type":"broadcast"}}
2024/02/23 19:16:29 Received {c13 n4 {"type":"broadcast","message":42,"msg_id":17}}
2024/02/23 19:16:29 Sent {"src":"n4","dest":"c13","body":{"in_reply_to":17,"type":"broadcast_ok"}}
2024/02/23 19:16:29 Sent {"src":"n4","dest":"n1","body":{"message":42,"msg_id":17,"type":"broadcast"}}
2024/02/23 19:16:29 Sent {"src":"n4","dest":"n2","body":{"message":42,"msg_id":17,"type":"broadcast"}}
2024/02/23 19:16:29 Sent {"src":"n4","dest":"n0","body":{"message":42,"msg_id":17,"type":"broadcast"}}
2024/02/23 19:16:29 Sent {"src":"n4","dest":"n3","body":{"message":42,"msg_id":17,"type":"broadcast"}}
2024/02/23 19:16:29 Sent {"src":"n4","dest":"n4","body":{"message":42,"msg_id":17,"type":"broadcast"}}
2024/02/23 19:16:29 Received {n4 n4 {"message":42,"msg_id":17,"type":"broadcast"}}
2024/02/23 19:16:29 Received {n3 n4 {"in_reply_to":17,"type":"broadcast_ok"}}
2024/02/23 19:16:29 Ignoring reply to 17 with no callback
2024/02/23 19:16:29 Received {n0 n4 {"in_reply_to":17,"type":"broadcast_ok"}}
2024/02/23 19:16:29 Ignoring reply to 17 with no callback
2024/02/23 19:16:29 Received {n0 n4 {"message":42,"msg_id":17,"type":"broadcast"}}
2024/02/23 19:16:29 Received {n3 n4 {"message":42,"msg_id":17,"type":"broadcast"}}
2024/02/23 19:16:29 Received {n0 n4 {"message":43,"msg_id":34,"type":"broadcast"}}
2024/02/23 19:16:29 Sent {"src":"n4","dest":"n0","body":{"in_reply_to":34,"type":"broadcast_ok"}}
2024/02/23 19:16:29 Sent {"src":"n4","dest":"n1","body":{"message":43,"msg_id":34,"type":"broadcast"}}
2024/02/23 19:16:29 Sent {"src":"n4","dest":"n4","body":{"message":43,"msg_id":34,"type":"broadcast"}}
2024/02/23 19:16:29 Sent {"src":"n4","dest":"n3","body":{"message":43,"msg_id":34,"type":"broadcast"}}
2024/02/23 19:16:29 Sent {"src":"n4","dest":"n2","body":{"message":43,"msg_id":34,"type":"broadcast"}}
2024/02/23 19:16:29 Sent {"src":"n4","dest":"n0","body":{"message":43,"msg_id":34,"type":"broadcast"}}
2024/02/23 19:16:29 Received {n3 n4 {"message":43,"msg_id":34,"type":"broadcast"}}
2024/02/23 19:16:29 Received {n4 n4 {"message":43,"msg_id":34,"type":"broadcast"}}
2024/02/23 19:16:29 Received {n3 n4 {"message":46,"msg_id":18,"type":"broadcast"}}
2024/02/23 19:16:29 Sent {"src":"n4","dest":"n3","body":{"in_reply_to":18,"type":"broadcast_ok"}}
2024/02/23 19:16:29 Sent {"src":"n4","dest":"n0","body":{"message":46,"msg_id":18,"type":"broadcast"}}
2024/02/23 19:16:29 Sent {"src":"n4","dest":"n3","body":{"message":46,"msg_id":18,"type":"broadcast"}}
2024/02/23 19:16:29 Sent {"src":"n4","dest":"n1","body":{"message":46,"msg_id":18,"type":"broadcast"}}
2024/02/23 19:16:29 Sent {"src":"n4","dest":"n2","body":{"message":46,"msg_id":18,"type":"broadcast"}}
2024/02/23 19:16:29 Sent {"src":"n4","dest":"n4","body":{"message":46,"msg_id":18,"type":"broadcast"}}
2024/02/23 19:16:29 Received {n0 n4 {"message":46,"msg_id":18,"type":"broadcast"}}
2024/02/23 19:16:29 Received {n4 n4 {"message":46,"msg_id":18,"type":"broadcast"}}
2024/02/23 19:16:29 Received {c13 n4 {"type":"broadcast","message":47,"msg_id":18}}
2024/02/23 19:16:29 Sent {"src":"n4","dest":"c13","body":{"in_reply_to":18,"type":"broadcast_ok"}}
2024/02/23 19:16:29 Sent {"src":"n4","dest":"n0","body":{"message":47,"msg_id":18,"type":"broadcast"}}
2024/02/23 19:16:29 Sent {"src":"n4","dest":"n4","body":{"message":47,"msg_id":18,"type":"broadcast"}}
2024/02/23 19:16:29 Sent {"src":"n4","dest":"n2","body":{"message":47,"msg_id":18,"type":"broadcast"}}
2024/02/23 19:16:29 Sent {"src":"n4","dest":"n1","body":{"message":47,"msg_id":18,"type":"broadcast"}}
2024/02/23 19:16:29 Sent {"src":"n4","dest":"n3","body":{"message":47,"msg_id":18,"type":"broadcast"}}
2024/02/23 19:16:29 Received {n4 n4 {"message":47,"msg_id":18,"type":"broadcast"}}
2024/02/23 19:16:29 Received {n0 n4 {"in_reply_to":18,"type":"broadcast_ok"}}
2024/02/23 19:16:29 Ignoring reply to 18 with no callback
2024/02/23 19:16:29 Received {n3 n4 {"in_reply_to":18,"type":"broadcast_ok"}}
2024/02/23 19:16:29 Ignoring reply to 18 with no callback
2024/02/23 19:16:29 Received {n0 n4 {"message":47,"msg_id":18,"type":"broadcast"}}
2024/02/23 19:16:29 Received {n3 n4 {"message":47,"msg_id":18,"type":"broadcast"}}
2024/02/23 19:16:30 Received {n0 n4 {"message":48,"msg_id":36,"type":"broadcast"}}
2024/02/23 19:16:30 Sent {"src":"n4","dest":"n0","body":{"in_reply_to":36,"type":"broadcast_ok"}}
2024/02/23 19:16:30 Sent {"src":"n4","dest":"n4","body":{"message":48,"msg_id":36,"type":"broadcast"}}
2024/02/23 19:16:30 Sent {"src":"n4","dest":"n2","body":{"message":48,"msg_id":36,"type":"broadcast"}}
2024/02/23 19:16:30 Sent {"src":"n4","dest":"n1","body":{"message":48,"msg_id":36,"type":"broadcast"}}
2024/02/23 19:16:30 Sent {"src":"n4","dest":"n3","body":{"message":48,"msg_id":36,"type":"broadcast"}}
2024/02/23 19:16:30 Sent {"src":"n4","dest":"n0","body":{"message":48,"msg_id":36,"type":"broadcast"}}
2024/02/23 19:16:30 Received {n4 n4 {"message":48,"msg_id":36,"type":"broadcast"}}
2024/02/23 19:16:30 Received {n3 n4 {"message":48,"msg_id":36,"type":"broadcast"}}
2024/02/23 19:16:30 Received {n3 n4 {"message":49,"msg_id":19,"type":"broadcast"}}
2024/02/23 19:16:30 Sent {"src":"n4","dest":"n3","body":{"in_reply_to":19,"type":"broadcast_ok"}}
2024/02/23 19:16:30 Sent {"src":"n4","dest":"n2","body":{"message":49,"msg_id":19,"type":"broadcast"}}
2024/02/23 19:16:30 Sent {"src":"n4","dest":"n1","body":{"message":49,"msg_id":19,"type":"broadcast"}}
2024/02/23 19:16:30 Sent {"src":"n4","dest":"n3","body":{"message":49,"msg_id":19,"type":"broadcast"}}
2024/02/23 19:16:30 Sent {"src":"n4","dest":"n0","body":{"message":49,"msg_id":19,"type":"broadcast"}}
2024/02/23 19:16:30 Sent {"src":"n4","dest":"n4","body":{"message":49,"msg_id":19,"type":"broadcast"}}
2024/02/23 19:16:30 Received {n0 n4 {"message":49,"msg_id":19,"type":"broadcast"}}
2024/02/23 19:16:30 Received {n4 n4 {"message":49,"msg_id":19,"type":"broadcast"}}
2024/02/23 19:16:30 Received {c13 n4 {"type":"broadcast","message":50,"msg_id":19}}
2024/02/23 19:16:30 Sent {"src":"n4","dest":"c13","body":{"in_reply_to":19,"type":"broadcast_ok"}}
2024/02/23 19:16:30 Sent {"src":"n4","dest":"n2","body":{"message":50,"msg_id":19,"type":"broadcast"}}
2024/02/23 19:16:30 Sent {"src":"n4","dest":"n0","body":{"message":50,"msg_id":19,"type":"broadcast"}}
2024/02/23 19:16:30 Sent {"src":"n4","dest":"n1","body":{"message":50,"msg_id":19,"type":"broadcast"}}
2024/02/23 19:16:30 Sent {"src":"n4","dest":"n4","body":{"message":50,"msg_id":19,"type":"broadcast"}}
2024/02/23 19:16:30 Sent {"src":"n4","dest":"n3","body":{"message":50,"msg_id":19,"type":"broadcast"}}
2024/02/23 19:16:30 Received {n4 n4 {"message":50,"msg_id":19,"type":"broadcast"}}
2024/02/23 19:16:30 Received {n0 n4 {"in_reply_to":19,"type":"broadcast_ok"}}
2024/02/23 19:16:30 Ignoring reply to 19 with no callback
2024/02/23 19:16:30 Received {n3 n4 {"in_reply_to":19,"type":"broadcast_ok"}}
2024/02/23 19:16:30 Ignoring reply to 19 with no callback
2024/02/23 19:16:30 Received {n3 n4 {"message":50,"msg_id":19,"type":"broadcast"}}
2024/02/23 19:16:30 Received {n0 n4 {"message":50,"msg_id":19,"type":"broadcast"}}
2024/02/23 19:16:30 Received {n0 n4 {"message":51,"msg_id":37,"type":"broadcast"}}
2024/02/23 19:16:30 Sent {"src":"n4","dest":"n0","body":{"in_reply_to":37,"type":"broadcast_ok"}}
2024/02/23 19:16:30 Sent {"src":"n4","dest":"n0","body":{"message":51,"msg_id":37,"type":"broadcast"}}
2024/02/23 19:16:30 Sent {"src":"n4","dest":"n3","body":{"message":51,"msg_id":37,"type":"broadcast"}}
2024/02/23 19:16:30 Sent {"src":"n4","dest":"n2","body":{"message":51,"msg_id":37,"type":"broadcast"}}
2024/02/23 19:16:30 Sent {"src":"n4","dest":"n1","body":{"message":51,"msg_id":37,"type":"broadcast"}}
2024/02/23 19:16:30 Sent {"src":"n4","dest":"n4","body":{"message":51,"msg_id":37,"type":"broadcast"}}
2024/02/23 19:16:30 Received {n3 n4 {"message":51,"msg_id":37,"type":"broadcast"}}
2024/02/23 19:16:30 Received {n4 n4 {"message":51,"msg_id":37,"type":"broadcast"}}
2024/02/23 19:16:31 Received {n3 n4 {"message":53,"msg_id":20,"type":"broadcast"}}
2024/02/23 19:16:31 Sent {"src":"n4","dest":"n3","body":{"in_reply_to":20,"type":"broadcast_ok"}}
2024/02/23 19:16:31 Sent {"src":"n4","dest":"n1","body":{"message":53,"msg_id":20,"type":"broadcast"}}
2024/02/23 19:16:31 Sent {"src":"n4","dest":"n4","body":{"message":53,"msg_id":20,"type":"broadcast"}}
2024/02/23 19:16:31 Sent {"src":"n4","dest":"n2","body":{"message":53,"msg_id":20,"type":"broadcast"}}
2024/02/23 19:16:31 Sent {"src":"n4","dest":"n3","body":{"message":53,"msg_id":20,"type":"broadcast"}}
2024/02/23 19:16:31 Sent {"src":"n4","dest":"n0","body":{"message":53,"msg_id":20,"type":"broadcast"}}
2024/02/23 19:16:31 Received {n0 n4 {"message":53,"msg_id":20,"type":"broadcast"}}
2024/02/23 19:16:31 Received {n4 n4 {"message":53,"msg_id":20,"type":"broadcast"}}
2024/02/23 19:16:31 Received {c13 n4 {"type":"broadcast","message":54,"msg_id":20}}
2024/02/23 19:16:31 Sent {"src":"n4","dest":"c13","body":{"in_reply_to":20,"type":"broadcast_ok"}}
2024/02/23 19:16:31 Sent {"src":"n4","dest":"n1","body":{"message":54,"msg_id":20,"type":"broadcast"}}
2024/02/23 19:16:31 Sent {"src":"n4","dest":"n0","body":{"message":54,"msg_id":20,"type":"broadcast"}}
2024/02/23 19:16:31 Sent {"src":"n4","dest":"n2","body":{"message":54,"msg_id":20,"type":"broadcast"}}
2024/02/23 19:16:31 Sent {"src":"n4","dest":"n3","body":{"message":54,"msg_id":20,"type":"broadcast"}}
2024/02/23 19:16:31 Sent {"src":"n4","dest":"n4","body":{"message":54,"msg_id":20,"type":"broadcast"}}
2024/02/23 19:16:31 Received {n4 n4 {"message":54,"msg_id":20,"type":"broadcast"}}
2024/02/23 19:16:31 Received {n0 n4 {"in_reply_to":20,"type":"broadcast_ok"}}
2024/02/23 19:16:31 Ignoring reply to 20 with no callback
2024/02/23 19:16:31 Received {n0 n4 {"message":54,"msg_id":20,"type":"broadcast"}}
2024/02/23 19:16:31 Received {n3 n4 {"in_reply_to":20,"type":"broadcast_ok"}}
2024/02/23 19:16:31 Ignoring reply to 20 with no callback
2024/02/23 19:16:31 Received {n3 n4 {"message":54,"msg_id":20,"type":"broadcast"}}
2024/02/23 19:16:32 Received {n3 n4 {"message":56,"msg_id":21,"type":"broadcast"}}
2024/02/23 19:16:32 Sent {"src":"n4","dest":"n1","body":{"message":56,"msg_id":21,"type":"broadcast"}}
2024/02/23 19:16:32 Sent {"src":"n4","dest":"n3","body":{"message":56,"msg_id":21,"type":"broadcast"}}
2024/02/23 19:16:32 Sent {"src":"n4","dest":"n3","body":{"in_reply_to":21,"type":"broadcast_ok"}}
2024/02/23 19:16:32 Sent {"src":"n4","dest":"n0","body":{"message":56,"msg_id":21,"type":"broadcast"}}
2024/02/23 19:16:32 Sent {"src":"n4","dest":"n4","body":{"message":56,"msg_id":21,"type":"broadcast"}}
2024/02/23 19:16:32 Sent {"src":"n4","dest":"n2","body":{"message":56,"msg_id":21,"type":"broadcast"}}
2024/02/23 19:16:32 Received {n0 n4 {"message":56,"msg_id":21,"type":"broadcast"}}
2024/02/23 19:16:32 Received {n4 n4 {"message":56,"msg_id":21,"type":"broadcast"}}
2024/02/23 19:16:32 Received {c13 n4 {"type":"broadcast","message":57,"msg_id":21}}
2024/02/23 19:16:32 Sent {"src":"n4","dest":"c13","body":{"in_reply_to":21,"type":"broadcast_ok"}}
2024/02/23 19:16:32 Sent {"src":"n4","dest":"n1","body":{"message":57,"msg_id":21,"type":"broadcast"}}
2024/02/23 19:16:32 Sent {"src":"n4","dest":"n4","body":{"message":57,"msg_id":21,"type":"broadcast"}}
2024/02/23 19:16:32 Sent {"src":"n4","dest":"n2","body":{"message":57,"msg_id":21,"type":"broadcast"}}
2024/02/23 19:16:32 Sent {"src":"n4","dest":"n3","body":{"message":57,"msg_id":21,"type":"broadcast"}}
2024/02/23 19:16:32 Sent {"src":"n4","dest":"n0","body":{"message":57,"msg_id":21,"type":"broadcast"}}
2024/02/23 19:16:32 Received {n4 n4 {"message":57,"msg_id":21,"type":"broadcast"}}
2024/02/23 19:16:32 Received {n3 n4 {"in_reply_to":21,"type":"broadcast_ok"}}
2024/02/23 19:16:32 Ignoring reply to 21 with no callback
2024/02/23 19:16:32 Received {n0 n4 {"in_reply_to":21,"type":"broadcast_ok"}}
2024/02/23 19:16:32 Ignoring reply to 21 with no callback
2024/02/23 19:16:32 Received {n0 n4 {"message":57,"msg_id":21,"type":"broadcast"}}
2024/02/23 19:16:32 Received {n3 n4 {"message":57,"msg_id":21,"type":"broadcast"}}
2024/02/23 19:16:33 Received {c13 n4 {"type":"broadcast","message":59,"msg_id":22}}
2024/02/23 19:16:33 Sent {"src":"n4","dest":"n1","body":{"message":59,"msg_id":22,"type":"broadcast"}}
2024/02/23 19:16:33 Sent {"src":"n4","dest":"n3","body":{"message":59,"msg_id":22,"type":"broadcast"}}
2024/02/23 19:16:33 Sent {"src":"n4","dest":"n0","body":{"message":59,"msg_id":22,"type":"broadcast"}}
2024/02/23 19:16:33 Sent {"src":"n4","dest":"c13","body":{"in_reply_to":22,"type":"broadcast_ok"}}
2024/02/23 19:16:33 Sent {"src":"n4","dest":"n4","body":{"message":59,"msg_id":22,"type":"broadcast"}}
2024/02/23 19:16:33 Sent {"src":"n4","dest":"n2","body":{"message":59,"msg_id":22,"type":"broadcast"}}
2024/02/23 19:16:33 Received {n4 n4 {"message":59,"msg_id":22,"type":"broadcast"}}
2024/02/23 19:16:33 Received {n0 n4 {"in_reply_to":22,"type":"broadcast_ok"}}
2024/02/23 19:16:33 Ignoring reply to 22 with no callback
2024/02/23 19:16:33 Received {n3 n4 {"in_reply_to":22,"type":"broadcast_ok"}}
2024/02/23 19:16:33 Ignoring reply to 22 with no callback
2024/02/23 19:16:33 Received {n3 n4 {"message":59,"msg_id":22,"type":"broadcast"}}
2024/02/23 19:16:33 Received {n0 n4 {"message":59,"msg_id":22,"type":"broadcast"}}
2024/02/23 19:16:33 Received {n0 n4 {"message":60,"msg_id":43,"type":"broadcast"}}
2024/02/23 19:16:33 Sent {"src":"n4","dest":"n0","body":{"in_reply_to":43,"type":"broadcast_ok"}}
2024/02/23 19:16:33 Sent {"src":"n4","dest":"n1","body":{"message":60,"msg_id":43,"type":"broadcast"}}
2024/02/23 19:16:33 Sent {"src":"n4","dest":"n4","body":{"message":60,"msg_id":43,"type":"broadcast"}}
2024/02/23 19:16:33 Sent {"src":"n4","dest":"n0","body":{"message":60,"msg_id":43,"type":"broadcast"}}
2024/02/23 19:16:33 Sent {"src":"n4","dest":"n3","body":{"message":60,"msg_id":43,"type":"broadcast"}}
2024/02/23 19:16:33 Sent {"src":"n4","dest":"n2","body":{"message":60,"msg_id":43,"type":"broadcast"}}
2024/02/23 19:16:33 Received {n3 n4 {"message":60,"msg_id":43,"type":"broadcast"}}
2024/02/23 19:16:33 Received {n4 n4 {"message":60,"msg_id":43,"type":"broadcast"}}
2024/02/23 19:16:33 Received {n0 n4 {"message":61,"msg_id":44,"type":"broadcast"}}
2024/02/23 19:16:33 Sent {"src":"n4","dest":"n0","body":{"in_reply_to":44,"type":"broadcast_ok"}}
2024/02/23 19:16:33 Sent {"src":"n4","dest":"n1","body":{"message":61,"msg_id":44,"type":"broadcast"}}
2024/02/23 19:16:33 Sent {"src":"n4","dest":"n0","body":{"message":61,"msg_id":44,"type":"broadcast"}}
2024/02/23 19:16:33 Sent {"src":"n4","dest":"n4","body":{"message":61,"msg_id":44,"type":"broadcast"}}
2024/02/23 19:16:33 Sent {"src":"n4","dest":"n2","body":{"message":61,"msg_id":44,"type":"broadcast"}}
2024/02/23 19:16:33 Sent {"src":"n4","dest":"n3","body":{"message":61,"msg_id":44,"type":"broadcast"}}
2024/02/23 19:16:33 Received {n3 n4 {"message":61,"msg_id":44,"type":"broadcast"}}
2024/02/23 19:16:33 Received {n4 n4 {"message":61,"msg_id":44,"type":"broadcast"}}
2024/02/23 19:16:33 Received {n3 n4 {"message":62,"msg_id":23,"type":"broadcast"}}
2024/02/23 19:16:33 Sent {"src":"n4","dest":"n1","body":{"message":62,"msg_id":23,"type":"broadcast"}}
2024/02/23 19:16:33 Sent {"src":"n4","dest":"n3","body":{"message":62,"msg_id":23,"type":"broadcast"}}
2024/02/23 19:16:33 Sent {"src":"n4","dest":"n3","body":{"in_reply_to":23,"type":"broadcast_ok"}}
2024/02/23 19:16:33 Sent {"src":"n4","dest":"n4","body":{"message":62,"msg_id":23,"type":"broadcast"}}
2024/02/23 19:16:33 Sent {"src":"n4","dest":"n0","body":{"message":62,"msg_id":23,"type":"broadcast"}}
2024/02/23 19:16:33 Sent {"src":"n4","dest":"n2","body":{"message":62,"msg_id":23,"type":"broadcast"}}
2024/02/23 19:16:33 Received {n4 n4 {"message":62,"msg_id":23,"type":"broadcast"}}
2024/02/23 19:16:33 Received {n0 n4 {"message":62,"msg_id":23,"type":"broadcast"}}
2024/02/23 19:16:33 Received {c13 n4 {"type":"read","msg_id":23}}
2024/02/23 19:16:33 Sent {"src":"n4","dest":"c13","body":{"in_reply_to":23,"messages":[0,0,0,0,0,0,0,0,0,0,0,0,0,0,0,0,0,0,0,0,0,0,0,0,0,0,0,0,0,0,0,0,0,0,0,0,0,0,0,0,0,0,0,0,0,8,32,38,40,43,57,62,1,12,15,19,37,54,5,14,29,49,56,7,11,21,39,42,50,60,17,18,22,47,48,26,27,34,51,20,23,31,53,3,10,25,35,46,59,61],"type":"read_ok"}}
2024/02/23 19:16:33 Received {n0 n4 {"message":63,"msg_id":45,"type":"broadcast"}}
2024/02/23 19:16:33 Sent {"src":"n4","dest":"n0","body":{"in_reply_to":45,"type":"broadcast_ok"}}
2024/02/23 19:16:33 Sent {"src":"n4","dest":"n0","body":{"message":63,"msg_id":45,"type":"broadcast"}}
2024/02/23 19:16:33 Sent {"src":"n4","dest":"n1","body":{"message":63,"msg_id":45,"type":"broadcast"}}
2024/02/23 19:16:33 Sent {"src":"n4","dest":"n3","body":{"message":63,"msg_id":45,"type":"broadcast"}}
2024/02/23 19:16:33 Sent {"src":"n4","dest":"n4","body":{"message":63,"msg_id":45,"type":"broadcast"}}
2024/02/23 19:16:33 Sent {"src":"n4","dest":"n2","body":{"message":63,"msg_id":45,"type":"broadcast"}}
2024/02/23 19:16:33 Received {n4 n4 {"message":63,"msg_id":45,"type":"broadcast"}}
2024/02/23 19:16:33 Received {n3 n4 {"message":63,"msg_id":45,"type":"broadcast"}}
2024/02/23 19:16:34 Received {n3 n4 {"message":65,"msg_id":24,"type":"broadcast"}}
2024/02/23 19:16:34 Sent {"src":"n4","dest":"n1","body":{"message":65,"msg_id":24,"type":"broadcast"}}
2024/02/23 19:16:34 Sent {"src":"n4","dest":"n3","body":{"message":65,"msg_id":24,"type":"broadcast"}}
2024/02/23 19:16:34 Sent {"src":"n4","dest":"n2","body":{"message":65,"msg_id":24,"type":"broadcast"}}
2024/02/23 19:16:34 Sent {"src":"n4","dest":"n3","body":{"in_reply_to":24,"type":"broadcast_ok"}}
2024/02/23 19:16:34 Sent {"src":"n4","dest":"n4","body":{"message":65,"msg_id":24,"type":"broadcast"}}
2024/02/23 19:16:34 Sent {"src":"n4","dest":"n0","body":{"message":65,"msg_id":24,"type":"broadcast"}}
2024/02/23 19:16:34 Received {n0 n4 {"message":65,"msg_id":24,"type":"broadcast"}}
2024/02/23 19:16:34 Received {n4 n4 {"message":65,"msg_id":24,"type":"broadcast"}}
2024/02/23 19:16:34 Received {c13 n4 {"type":"broadcast","message":66,"msg_id":24}}
2024/02/23 19:16:34 Sent {"src":"n4","dest":"c13","body":{"in_reply_to":24,"type":"broadcast_ok"}}
2024/02/23 19:16:34 Sent {"src":"n4","dest":"n4","body":{"message":66,"msg_id":24,"type":"broadcast"}}
2024/02/23 19:16:34 Sent {"src":"n4","dest":"n1","body":{"message":66,"msg_id":24,"type":"broadcast"}}
2024/02/23 19:16:34 Sent {"src":"n4","dest":"n2","body":{"message":66,"msg_id":24,"type":"broadcast"}}
2024/02/23 19:16:34 Sent {"src":"n4","dest":"n0","body":{"message":66,"msg_id":24,"type":"broadcast"}}
2024/02/23 19:16:34 Sent {"src":"n4","dest":"n3","body":{"message":66,"msg_id":24,"type":"broadcast"}}
2024/02/23 19:16:34 Received {n4 n4 {"message":66,"msg_id":24,"type":"broadcast"}}
2024/02/23 19:16:34 Received {n3 n4 {"in_reply_to":24,"type":"broadcast_ok"}}
2024/02/23 19:16:34 Ignoring reply to 24 with no callback
2024/02/23 19:16:34 Received {n0 n4 {"message":66,"msg_id":24,"type":"broadcast"}}
2024/02/23 19:16:34 Received {n3 n4 {"message":66,"msg_id":24,"type":"broadcast"}}
2024/02/23 19:16:34 Received {n0 n4 {"in_reply_to":24,"type":"broadcast_ok"}}
2024/02/23 19:16:34 Ignoring reply to 24 with no callback
2024/02/23 19:16:34 Received {n0 n4 {"message":67,"msg_id":47,"type":"broadcast"}}
2024/02/23 19:16:34 Sent {"src":"n4","dest":"n0","body":{"in_reply_to":47,"type":"broadcast_ok"}}
2024/02/23 19:16:34 Sent {"src":"n4","dest":"n4","body":{"message":67,"msg_id":47,"type":"broadcast"}}
2024/02/23 19:16:34 Sent {"src":"n4","dest":"n1","body":{"message":67,"msg_id":47,"type":"broadcast"}}
2024/02/23 19:16:34 Sent {"src":"n4","dest":"n0","body":{"message":67,"msg_id":47,"type":"broadcast"}}
2024/02/23 19:16:34 Sent {"src":"n4","dest":"n3","body":{"message":67,"msg_id":47,"type":"broadcast"}}
2024/02/23 19:16:34 Sent {"src":"n4","dest":"n2","body":{"message":67,"msg_id":47,"type":"broadcast"}}
2024/02/23 19:16:34 Received {n4 n4 {"message":67,"msg_id":47,"type":"broadcast"}}
2024/02/23 19:16:34 Received {n3 n4 {"message":67,"msg_id":47,"type":"broadcast"}}
2024/02/23 19:16:34 Received {n3 n4 {"message":68,"msg_id":25,"type":"broadcast"}}
2024/02/23 19:16:34 Sent {"src":"n4","dest":"n1","body":{"message":68,"msg_id":25,"type":"broadcast"}}
2024/02/23 19:16:34 Sent {"src":"n4","dest":"n0","body":{"message":68,"msg_id":25,"type":"broadcast"}}
2024/02/23 19:16:34 Sent {"src":"n4","dest":"n3","body":{"in_reply_to":25,"type":"broadcast_ok"}}
2024/02/23 19:16:34 Sent {"src":"n4","dest":"n2","body":{"message":68,"msg_id":25,"type":"broadcast"}}
2024/02/23 19:16:34 Sent {"src":"n4","dest":"n3","body":{"message":68,"msg_id":25,"type":"broadcast"}}
2024/02/23 19:16:34 Received {n0 n4 {"message":68,"msg_id":25,"type":"broadcast"}}
2024/02/23 19:16:34 Sent {"src":"n4","dest":"n4","body":{"message":68,"msg_id":25,"type":"broadcast"}}
2024/02/23 19:16:34 Received {n4 n4 {"message":68,"msg_id":25,"type":"broadcast"}}
2024/02/23 19:16:34 Received {c13 n4 {"type":"broadcast","message":69,"msg_id":25}}
2024/02/23 19:16:34 Sent {"src":"n4","dest":"c13","body":{"in_reply_to":25,"type":"broadcast_ok"}}
2024/02/23 19:16:34 Sent {"src":"n4","dest":"n1","body":{"message":69,"msg_id":25,"type":"broadcast"}}
2024/02/23 19:16:34 Sent {"src":"n4","dest":"n2","body":{"message":69,"msg_id":25,"type":"broadcast"}}
2024/02/23 19:16:34 Sent {"src":"n4","dest":"n0","body":{"message":69,"msg_id":25,"type":"broadcast"}}
2024/02/23 19:16:34 Sent {"src":"n4","dest":"n3","body":{"message":69,"msg_id":25,"type":"broadcast"}}
2024/02/23 19:16:34 Sent {"src":"n4","dest":"n4","body":{"message":69,"msg_id":25,"type":"broadcast"}}
2024/02/23 19:16:34 Received {n4 n4 {"message":69,"msg_id":25,"type":"broadcast"}}
2024/02/23 19:16:34 Received {n3 n4 {"in_reply_to":25,"type":"broadcast_ok"}}
2024/02/23 19:16:34 Ignoring reply to 25 with no callback
2024/02/23 19:16:34 Received {n0 n4 {"in_reply_to":25,"type":"broadcast_ok"}}
2024/02/23 19:16:34 Ignoring reply to 25 with no callback
2024/02/23 19:16:34 Received {n3 n4 {"message":69,"msg_id":25,"type":"broadcast"}}
2024/02/23 19:16:34 Received {n0 n4 {"message":69,"msg_id":25,"type":"broadcast"}}
2024/02/23 19:16:34 Received {n0 n4 {"message":70,"msg_id":49,"type":"broadcast"}}
2024/02/23 19:16:34 Sent {"src":"n4","dest":"n1","body":{"message":70,"msg_id":49,"type":"broadcast"}}
2024/02/23 19:16:34 Sent {"src":"n4","dest":"n4","body":{"message":70,"msg_id":49,"type":"broadcast"}}
2024/02/23 19:16:34 Sent {"src":"n4","dest":"n0","body":{"in_reply_to":49,"type":"broadcast_ok"}}
2024/02/23 19:16:34 Sent {"src":"n4","dest":"n3","body":{"message":70,"msg_id":49,"type":"broadcast"}}
2024/02/23 19:16:34 Sent {"src":"n4","dest":"n2","body":{"message":70,"msg_id":49,"type":"broadcast"}}
2024/02/23 19:16:34 Sent {"src":"n4","dest":"n0","body":{"message":70,"msg_id":49,"type":"broadcast"}}
2024/02/23 19:16:34 Received {n4 n4 {"message":70,"msg_id":49,"type":"broadcast"}}
2024/02/23 19:16:34 Received {n3 n4 {"message":70,"msg_id":49,"type":"broadcast"}}
2024/02/23 19:16:35 Received {c13 n4 {"type":"broadcast","message":71,"msg_id":26}}
2024/02/23 19:16:35 Sent {"src":"n4","dest":"c13","body":{"in_reply_to":26,"type":"broadcast_ok"}}
2024/02/23 19:16:35 Sent {"src":"n4","dest":"n0","body":{"message":71,"msg_id":26,"type":"broadcast"}}
2024/02/23 19:16:35 Sent {"src":"n4","dest":"n4","body":{"message":71,"msg_id":26,"type":"broadcast"}}
2024/02/23 19:16:35 Sent {"src":"n4","dest":"n1","body":{"message":71,"msg_id":26,"type":"broadcast"}}
2024/02/23 19:16:35 Sent {"src":"n4","dest":"n2","body":{"message":71,"msg_id":26,"type":"broadcast"}}
2024/02/23 19:16:35 Sent {"src":"n4","dest":"n3","body":{"message":71,"msg_id":26,"type":"broadcast"}}
2024/02/23 19:16:35 Received {n4 n4 {"message":71,"msg_id":26,"type":"broadcast"}}
2024/02/23 19:16:35 Received {n3 n4 {"in_reply_to":26,"type":"broadcast_ok"}}
2024/02/23 19:16:35 Ignoring reply to 26 with no callback
2024/02/23 19:16:35 Received {n0 n4 {"in_reply_to":26,"type":"broadcast_ok"}}
2024/02/23 19:16:35 Ignoring reply to 26 with no callback
2024/02/23 19:16:35 Received {n0 n4 {"message":71,"msg_id":26,"type":"broadcast"}}
2024/02/23 19:16:35 Received {n3 n4 {"message":71,"msg_id":26,"type":"broadcast"}}
2024/02/23 19:16:35 Received {n0 n4 {"message":72,"msg_id":51,"type":"broadcast"}}
2024/02/23 19:16:35 Sent {"src":"n4","dest":"n0","body":{"in_reply_to":51,"type":"broadcast_ok"}}
2024/02/23 19:16:35 Sent {"src":"n4","dest":"n0","body":{"message":72,"msg_id":51,"type":"broadcast"}}
2024/02/23 19:16:35 Sent {"src":"n4","dest":"n1","body":{"message":72,"msg_id":51,"type":"broadcast"}}
2024/02/23 19:16:35 Sent {"src":"n4","dest":"n4","body":{"message":72,"msg_id":51,"type":"broadcast"}}
2024/02/23 19:16:35 Sent {"src":"n4","dest":"n3","body":{"message":72,"msg_id":51,"type":"broadcast"}}
2024/02/23 19:16:35 Sent {"src":"n4","dest":"n2","body":{"message":72,"msg_id":51,"type":"broadcast"}}
2024/02/23 19:16:35 Received {n4 n4 {"message":72,"msg_id":51,"type":"broadcast"}}
2024/02/23 19:16:35 Received {n3 n4 {"message":72,"msg_id":51,"type":"broadcast"}}
2024/02/23 19:16:35 Received {n0 n4 {"message":73,"msg_id":52,"type":"broadcast"}}
2024/02/23 19:16:35 Sent {"src":"n4","dest":"n0","body":{"in_reply_to":52,"type":"broadcast_ok"}}
2024/02/23 19:16:35 Sent {"src":"n4","dest":"n0","body":{"message":73,"msg_id":52,"type":"broadcast"}}
2024/02/23 19:16:35 Sent {"src":"n4","dest":"n2","body":{"message":73,"msg_id":52,"type":"broadcast"}}
2024/02/23 19:16:35 Sent {"src":"n4","dest":"n1","body":{"message":73,"msg_id":52,"type":"broadcast"}}
2024/02/23 19:16:35 Sent {"src":"n4","dest":"n4","body":{"message":73,"msg_id":52,"type":"broadcast"}}
2024/02/23 19:16:35 Sent {"src":"n4","dest":"n3","body":{"message":73,"msg_id":52,"type":"broadcast"}}
2024/02/23 19:16:35 Received {n4 n4 {"message":73,"msg_id":52,"type":"broadcast"}}
2024/02/23 19:16:35 Received {n3 n4 {"message":73,"msg_id":52,"type":"broadcast"}}
2024/02/23 19:16:35 Received {n3 n4 {"message":75,"msg_id":27,"type":"broadcast"}}
2024/02/23 19:16:35 Sent {"src":"n4","dest":"n3","body":{"in_reply_to":27,"type":"broadcast_ok"}}
2024/02/23 19:16:35 Sent {"src":"n4","dest":"n2","body":{"message":75,"msg_id":27,"type":"broadcast"}}
2024/02/23 19:16:35 Sent {"src":"n4","dest":"n1","body":{"message":75,"msg_id":27,"type":"broadcast"}}
2024/02/23 19:16:35 Sent {"src":"n4","dest":"n0","body":{"message":75,"msg_id":27,"type":"broadcast"}}
2024/02/23 19:16:35 Sent {"src":"n4","dest":"n4","body":{"message":75,"msg_id":27,"type":"broadcast"}}
2024/02/23 19:16:35 Sent {"src":"n4","dest":"n3","body":{"message":75,"msg_id":27,"type":"broadcast"}}
2024/02/23 19:16:35 Received {n0 n4 {"message":75,"msg_id":27,"type":"broadcast"}}
2024/02/23 19:16:35 Received {n4 n4 {"message":75,"msg_id":27,"type":"broadcast"}}
2024/02/23 19:16:35 Received {c13 n4 {"type":"read","msg_id":27}}
2024/02/23 19:16:35 Sent {"src":"n4","dest":"c13","body":{"in_reply_to":27,"messages":[0,0,0,0,0,0,0,0,0,0,0,0,0,0,0,0,0,0,0,0,0,0,0,0,0,0,0,0,0,0,0,0,0,0,0,0,0,0,0,0,0,0,0,0,0,0,0,0,0,0,0,0,0,0,0,0,8,32,38,62,75,12,19,54,5,29,56,21,39,50,60,68,47,67,71,26,27,34,65,72,20,23,31,53,25,35,46,61,40,43,57,1,15,37,69,73,14,49,70,7,11,42,17,18,22,48,51,63,66,3,10,59],"type":"read_ok"}}
2024/02/23 19:16:36 Received {n3 n4 {"message":77,"msg_id":28,"type":"broadcast"}}
2024/02/23 19:16:36 Sent {"src":"n4","dest":"n3","body":{"in_reply_to":28,"type":"broadcast_ok"}}
2024/02/23 19:16:36 Sent {"src":"n4","dest":"n4","body":{"message":77,"msg_id":28,"type":"broadcast"}}
2024/02/23 19:16:36 Sent {"src":"n4","dest":"n0","body":{"message":77,"msg_id":28,"type":"broadcast"}}
2024/02/23 19:16:36 Sent {"src":"n4","dest":"n3","body":{"message":77,"msg_id":28,"type":"broadcast"}}
2024/02/23 19:16:36 Sent {"src":"n4","dest":"n1","body":{"message":77,"msg_id":28,"type":"broadcast"}}
2024/02/23 19:16:36 Sent {"src":"n4","dest":"n2","body":{"message":77,"msg_id":28,"type":"broadcast"}}
2024/02/23 19:16:36 Received {n4 n4 {"message":77,"msg_id":28,"type":"broadcast"}}
2024/02/23 19:16:36 Received {n0 n4 {"message":77,"msg_id":28,"type":"broadcast"}}
2024/02/23 19:16:36 Received {c13 n4 {"type":"read","msg_id":28}}
2024/02/23 19:16:36 Sent {"src":"n4","dest":"c13","body":{"in_reply_to":28,"messages":[0,0,0,0,0,0,0,0,0,0,0,0,0,0,0,0,0,0,0,0,0,0,0,0,0,0,0,0,0,0,0,0,0,0,0,0,0,0,0,0,0,0,0,0,0,0,0,0,0,0,0,0,0,0,0,0,0,27,34,65,72,26,23,31,53,20,35,46,61,25,43,57,77,40,15,37,69,73,1,49,70,14,11,42,7,18,22,48,17,63,51,66,10,59,3,32,38,62,75,8,19,54,12,29,56,5,39,50,60,68,21,67,71,47],"type":"read_ok"}}
2024/02/23 19:16:36 Received {n0 n4 {"message":78,"msg_id":56,"type":"broadcast"}}
2024/02/23 19:16:36 Sent {"src":"n4","dest":"n0","body":{"in_reply_to":56,"type":"broadcast_ok"}}
2024/02/23 19:16:36 Sent {"src":"n4","dest":"n1","body":{"message":78,"msg_id":56,"type":"broadcast"}}
2024/02/23 19:16:36 Sent {"src":"n4","dest":"n3","body":{"message":78,"msg_id":56,"type":"broadcast"}}
2024/02/23 19:16:36 Sent {"src":"n4","dest":"n2","body":{"message":78,"msg_id":56,"type":"broadcast"}}
2024/02/23 19:16:36 Sent {"src":"n4","dest":"n4","body":{"message":78,"msg_id":56,"type":"broadcast"}}
2024/02/23 19:16:36 Sent {"src":"n4","dest":"n0","body":{"message":78,"msg_id":56,"type":"broadcast"}}
2024/02/23 19:16:36 Received {n4 n4 {"message":78,"msg_id":56,"type":"broadcast"}}
2024/02/23 19:16:36 Received {n3 n4 {"message":78,"msg_id":56,"type":"broadcast"}}
2024/02/23 19:16:36 Received {n3 n4 {"message":80,"msg_id":29,"type":"broadcast"}}
2024/02/23 19:16:36 Sent {"src":"n4","dest":"n3","body":{"in_reply_to":29,"type":"broadcast_ok"}}
2024/02/23 19:16:36 Sent {"src":"n4","dest":"n1","body":{"message":80,"msg_id":29,"type":"broadcast"}}
2024/02/23 19:16:36 Sent {"src":"n4","dest":"n0","body":{"message":80,"msg_id":29,"type":"broadcast"}}
2024/02/23 19:16:36 Sent {"src":"n4","dest":"n2","body":{"message":80,"msg_id":29,"type":"broadcast"}}
2024/02/23 19:16:36 Sent {"src":"n4","dest":"n3","body":{"message":80,"msg_id":29,"type":"broadcast"}}
2024/02/23 19:16:36 Sent {"src":"n4","dest":"n4","body":{"message":80,"msg_id":29,"type":"broadcast"}}
2024/02/23 19:16:36 Received {n0 n4 {"message":80,"msg_id":29,"type":"broadcast"}}
2024/02/23 19:16:36 Received {n4 n4 {"message":80,"msg_id":29,"type":"broadcast"}}
2024/02/23 19:16:36 Received {c13 n4 {"type":"broadcast","message":81,"msg_id":29}}
2024/02/23 19:16:36 Sent {"src":"n4","dest":"c13","body":{"in_reply_to":29,"type":"broadcast_ok"}}
2024/02/23 19:16:36 Sent {"src":"n4","dest":"n4","body":{"message":81,"msg_id":29,"type":"broadcast"}}
2024/02/23 19:16:36 Sent {"src":"n4","dest":"n1","body":{"message":81,"msg_id":29,"type":"broadcast"}}
2024/02/23 19:16:36 Sent {"src":"n4","dest":"n0","body":{"message":81,"msg_id":29,"type":"broadcast"}}
2024/02/23 19:16:36 Sent {"src":"n4","dest":"n2","body":{"message":81,"msg_id":29,"type":"broadcast"}}
2024/02/23 19:16:36 Sent {"src":"n4","dest":"n3","body":{"message":81,"msg_id":29,"type":"broadcast"}}
2024/02/23 19:16:36 Received {n4 n4 {"message":81,"msg_id":29,"type":"broadcast"}}
2024/02/23 19:16:36 Received {n3 n4 {"in_reply_to":29,"type":"broadcast_ok"}}
2024/02/23 19:16:36 Ignoring reply to 29 with no callback
2024/02/23 19:16:36 Received {n0 n4 {"in_reply_to":29,"type":"broadcast_ok"}}
2024/02/23 19:16:36 Ignoring reply to 29 with no callback
2024/02/23 19:16:36 Received {n0 n4 {"message":81,"msg_id":29,"type":"broadcast"}}
2024/02/23 19:16:36 Received {n3 n4 {"message":81,"msg_id":29,"type":"broadcast"}}
2024/02/23 19:16:36 Received {n0 n4 {"message":82,"msg_id":57,"type":"broadcast"}}
2024/02/23 19:16:36 Sent {"src":"n4","dest":"n0","body":{"in_reply_to":57,"type":"broadcast_ok"}}
2024/02/23 19:16:36 Sent {"src":"n4","dest":"n0","body":{"message":82,"msg_id":57,"type":"broadcast"}}
2024/02/23 19:16:36 Sent {"src":"n4","dest":"n4","body":{"message":82,"msg_id":57,"type":"broadcast"}}
2024/02/23 19:16:36 Sent {"src":"n4","dest":"n1","body":{"message":82,"msg_id":57,"type":"broadcast"}}
2024/02/23 19:16:36 Sent {"src":"n4","dest":"n3","body":{"message":82,"msg_id":57,"type":"broadcast"}}
2024/02/23 19:16:36 Sent {"src":"n4","dest":"n2","body":{"message":82,"msg_id":57,"type":"broadcast"}}
2024/02/23 19:16:36 Received {n3 n4 {"message":82,"msg_id":57,"type":"broadcast"}}
2024/02/23 19:16:36 Received {n4 n4 {"message":82,"msg_id":57,"type":"broadcast"}}
2024/02/23 19:16:37 Received {n3 n4 {"message":85,"msg_id":30,"type":"broadcast"}}
2024/02/23 19:16:37 Sent {"src":"n4","dest":"n3","body":{"in_reply_to":30,"type":"broadcast_ok"}}
2024/02/23 19:16:37 Sent {"src":"n4","dest":"n4","body":{"message":85,"msg_id":30,"type":"broadcast"}}
2024/02/23 19:16:37 Sent {"src":"n4","dest":"n1","body":{"message":85,"msg_id":30,"type":"broadcast"}}
2024/02/23 19:16:37 Sent {"src":"n4","dest":"n3","body":{"message":85,"msg_id":30,"type":"broadcast"}}
2024/02/23 19:16:37 Sent {"src":"n4","dest":"n0","body":{"message":85,"msg_id":30,"type":"broadcast"}}
2024/02/23 19:16:37 Sent {"src":"n4","dest":"n2","body":{"message":85,"msg_id":30,"type":"broadcast"}}
2024/02/23 19:16:37 Received {n4 n4 {"message":85,"msg_id":30,"type":"broadcast"}}
2024/02/23 19:16:37 Received {n0 n4 {"message":85,"msg_id":30,"type":"broadcast"}}
2024/02/23 19:16:37 Received {c13 n4 {"type":"broadcast","message":86,"msg_id":30}}
2024/02/23 19:16:37 Sent {"src":"n4","dest":"n1","body":{"message":86,"msg_id":30,"type":"broadcast"}}
2024/02/23 19:16:37 Sent {"src":"n4","dest":"c13","body":{"in_reply_to":30,"type":"broadcast_ok"}}
2024/02/23 19:16:37 Sent {"src":"n4","dest":"n3","body":{"message":86,"msg_id":30,"type":"broadcast"}}
2024/02/23 19:16:37 Sent {"src":"n4","dest":"n0","body":{"message":86,"msg_id":30,"type":"broadcast"}}
2024/02/23 19:16:37 Sent {"src":"n4","dest":"n4","body":{"message":86,"msg_id":30,"type":"broadcast"}}
2024/02/23 19:16:37 Sent {"src":"n4","dest":"n2","body":{"message":86,"msg_id":30,"type":"broadcast"}}
2024/02/23 19:16:37 Received {n4 n4 {"message":86,"msg_id":30,"type":"broadcast"}}
2024/02/23 19:16:37 Received {n3 n4 {"in_reply_to":30,"type":"broadcast_ok"}}
2024/02/23 19:16:37 Ignoring reply to 30 with no callback
2024/02/23 19:16:37 Received {n0 n4 {"in_reply_to":30,"type":"broadcast_ok"}}
2024/02/23 19:16:37 Ignoring reply to 30 with no callback
2024/02/23 19:16:37 Received {n3 n4 {"message":86,"msg_id":30,"type":"broadcast"}}
2024/02/23 19:16:37 Received {n0 n4 {"message":86,"msg_id":30,"type":"broadcast"}}
2024/02/23 19:16:37 Received {n0 n4 {"message":87,"msg_id":59,"type":"broadcast"}}
2024/02/23 19:16:37 Sent {"src":"n4","dest":"n0","body":{"in_reply_to":59,"type":"broadcast_ok"}}
2024/02/23 19:16:37 Sent {"src":"n4","dest":"n1","body":{"message":87,"msg_id":59,"type":"broadcast"}}
2024/02/23 19:16:37 Sent {"src":"n4","dest":"n2","body":{"message":87,"msg_id":59,"type":"broadcast"}}
2024/02/23 19:16:37 Sent {"src":"n4","dest":"n4","body":{"message":87,"msg_id":59,"type":"broadcast"}}
2024/02/23 19:16:37 Sent {"src":"n4","dest":"n0","body":{"message":87,"msg_id":59,"type":"broadcast"}}
2024/02/23 19:16:37 Sent {"src":"n4","dest":"n3","body":{"message":87,"msg_id":59,"type":"broadcast"}}
2024/02/23 19:16:37 Received {n3 n4 {"message":87,"msg_id":59,"type":"broadcast"}}
2024/02/23 19:16:37 Received {n4 n4 {"message":87,"msg_id":59,"type":"broadcast"}}
2024/02/23 19:16:37 Received {n0 n4 {"message":88,"msg_id":60,"type":"broadcast"}}
2024/02/23 19:16:37 Sent {"src":"n4","dest":"n1","body":{"message":88,"msg_id":60,"type":"broadcast"}}
2024/02/23 19:16:37 Sent {"src":"n4","dest":"n4","body":{"message":88,"msg_id":60,"type":"broadcast"}}
2024/02/23 19:16:37 Sent {"src":"n4","dest":"n2","body":{"message":88,"msg_id":60,"type":"broadcast"}}
2024/02/23 19:16:37 Sent {"src":"n4","dest":"n0","body":{"message":88,"msg_id":60,"type":"broadcast"}}
2024/02/23 19:16:37 Sent {"src":"n4","dest":"n3","body":{"message":88,"msg_id":60,"type":"broadcast"}}
2024/02/23 19:16:37 Sent {"src":"n4","dest":"n0","body":{"in_reply_to":60,"type":"broadcast_ok"}}
2024/02/23 19:16:37 Received {n4 n4 {"message":88,"msg_id":60,"type":"broadcast"}}
2024/02/23 19:16:37 Received {n3 n4 {"message":88,"msg_id":60,"type":"broadcast"}}
2024/02/23 19:16:38 Received {c13 n4 {"type":"read","msg_id":31}}
2024/02/23 19:16:38 Sent {"src":"n4","dest":"c13","body":{"in_reply_to":31,"messages":[0,0,0,0,0,0,0,0,0,0,0,0,0,0,0,0,0,0,0,0,0,0,0,0,0,0,0,0,0,0,0,0,0,0,0,0,0,0,0,0,0,0,0,0,0,0,0,0,0,0,0,0,0,0,0,0,0,0,0,0,0,0,0,0,0,40,43,57,77,88,1,15,37,69,73,81,14,49,70,7,11,42,78,17,18,22,48,51,63,66,3,10,59,8,32,38,62,75,12,19,54,80,86,5,29,56,21,39,50,60,68,47,67,71,82,26,27,34,65,72,20,23,31,53,85,87,25,35,46,61],"type":"read_ok"}}
2024/02/23 19:16:38 Received {n0 n4 {"message":91,"msg_id":62,"type":"broadcast"}}
2024/02/23 19:16:38 Sent {"src":"n4","dest":"n0","body":{"in_reply_to":62,"type":"broadcast_ok"}}
2024/02/23 19:16:38 Sent {"src":"n4","dest":"n0","body":{"message":91,"msg_id":62,"type":"broadcast"}}
2024/02/23 19:16:38 Sent {"src":"n4","dest":"n2","body":{"message":91,"msg_id":62,"type":"broadcast"}}
2024/02/23 19:16:38 Sent {"src":"n4","dest":"n3","body":{"message":91,"msg_id":62,"type":"broadcast"}}
2024/02/23 19:16:38 Sent {"src":"n4","dest":"n1","body":{"message":91,"msg_id":62,"type":"broadcast"}}
2024/02/23 19:16:38 Sent {"src":"n4","dest":"n4","body":{"message":91,"msg_id":62,"type":"broadcast"}}
2024/02/23 19:16:38 Received {n4 n4 {"message":91,"msg_id":62,"type":"broadcast"}}
2024/02/23 19:16:38 Received {n3 n4 {"message":91,"msg_id":62,"type":"broadcast"}}
