2024-02-19 00:42:59,996{GMT}	INFO	[jepsen test runner] jepsen.core: Test version a6ecf26472b81b804f34a302bd07c0bb804a8801 (plus uncommitted changes)
2024-02-19 00:42:59,997{GMT}	INFO	[jepsen test runner] jepsen.core: Command line:
lein run test -w broadcast --bin /Users/danishsharma/go/src/gossip-glamers/single_node_broadcast/bin --node-count 1 --time-limit 20 --rate 10
2024-02-19 00:43:00,073{GMT}	INFO	[jepsen test runner] jepsen.core: Running test:
{:args []
 :remote
 #jepsen.control.retry.Remote{:remote #jepsen.control.scp.Remote{:cmd-remote #jepsen.control.sshj.SSHJRemote{:concurrency-limit 6,
                                                                                                             :conn-spec nil,
                                                                                                             :client nil,
                                                                                                             :semaphore nil},
                                                                 :conn-spec nil},
                              :conn nil}
 :log-net-send false
 :node-count 1
 :availability nil
 :max-txn-length 4
 :concurrency 1
 :db
 #object[maelstrom.db$db$reify__16142
         "0x4b48be5c"
         "maelstrom.db$db$reify__16142@4b48be5c"]
 :max-writes-per-key 16
 :leave-db-running? false
 :name "broadcast"
 :logging-json? false
 :start-time
 #object[org.joda.time.DateTime "0x1ef6977b" "2024-02-19T00:42:59.906+05:30"]
 :nemesis-interval 10
 :net
 #object[maelstrom.net$jepsen_net$reify__15251
         "0x674cd2da"
         "maelstrom.net$jepsen_net$reify__15251@674cd2da"]
 :client
 #object[maelstrom.workload.broadcast$client$reify__16644
         "0x686279e0"
         "maelstrom.workload.broadcast$client$reify__16644@686279e0"]
 :barrier
 #object[java.util.concurrent.CyclicBarrier
         "0x6b28d4e4"
         "java.util.concurrent.CyclicBarrier@6b28d4e4"]
 :log-stderr false
 :pure-generators true
 :ssh {:dummy? true}
 :rate 10.0
 :checker
 #object[jepsen.checker$compose$reify__11881
         "0x41cfcbb5"
         "jepsen.checker$compose$reify__11881@41cfcbb5"]
 :argv
 ("test"
  "-w"
  "broadcast"
  "--bin"
  "/Users/danishsharma/go/src/gossip-glamers/single_node_broadcast/bin"
  "--node-count"
  "1"
  "--time-limit"
  "20"
  "--rate"
  "10")
 :nemesis
 (jepsen.nemesis.ReflCompose
  {:fm {:start-partition 0,
        :stop-partition 0,
        :kill 1,
        :start 1,
        :pause 1,
        :resume 1},
   :nemeses [#unprintable "jepsen.nemesis.combined$partition_nemesis$reify__16416@40941b54"
             #unprintable "jepsen.nemesis.combined$db_nemesis$reify__16397@3b42d7df"]})
 :nodes ["n0"]
 :test-count 1
 :latency {:mean 0, :dist :constant}
 :bin "/Users/danishsharma/go/src/gossip-glamers/single_node_broadcast/bin"
 :generator
 ((jepsen.generator.Synchronize
   {:gen (jepsen.generator.TimeLimit
          {:limit 20000000000,
           :cutoff nil,
           :gen (jepsen.generator.Any
                 {:gens [(jepsen.generator.OnThreads
                          {:f #{:nemesis},
                           :context-filter #object[jepsen.generator.context$make_thread_filter$lazy_filter__9167
                                                   "0x704c3ca2"
                                                   "jepsen.generator.context$make_thread_filter$lazy_filter__9167@704c3ca2"],
                           :gen nil})
                         (jepsen.generator.OnThreads
                          {:f #jepsen.generator.context.AllBut{:element :nemesis},
                           :context-filter #object[jepsen.generator.context$make_thread_filter$lazy_filter__9167
                                                   "0x7d3a9061"
                                                   "jepsen.generator.context$make_thread_filter$lazy_filter__9167@7d3a9061"],
                           :gen (jepsen.generator.Stagger
                                 {:dt 200000000,
                                  :next-time nil,
                                  :gen (jepsen.generator.Mix
                                        {:i 1,
                                         :gens [({:f :broadcast, :value 0}
                                                 {:f :broadcast, :value 1}
                                                 {:f :broadcast, :value 2}
                                                 {:f :broadcast, :value 3}
                                                 {:f :broadcast, :value 4}
                                                 {:f :broadcast, :value 5}
                                                 {:f :broadcast, :value 6}
                                                 {:f :broadcast, :value 7}
                                                 ...)
                                                ({:f :read}
                                                 {:f :read}
                                                 {:f :read}
                                                 {:f :read}
                                                 {:f :read}
                                                 {:f :read}
                                                 {:f :read}
                                                 {:f :read}
                                                 ...)]})})})]})})})
  (jepsen.generator.Synchronize
   {:gen (jepsen.generator.OnThreads
          {:f #{:nemesis},
           :context-filter #object[jepsen.generator.context$make_thread_filter$lazy_filter__9167
                                   "0x8d40f07"
                                   "jepsen.generator.context$make_thread_filter$lazy_filter__9167@8d40f07"],
           :gen ()})})
  (jepsen.generator.Synchronize
   {:gen {:type :log, :value "Waiting for recovery..."}})
  (jepsen.generator.Synchronize {:gen {:type :sleep, :value 10}})
  (jepsen.generator.Synchronize
   {:gen (jepsen.generator.OnThreads
          {:f #jepsen.generator.context.AllBut{:element :nemesis},
           :context-filter #object[jepsen.generator.context$make_thread_filter$lazy_filter__9167
                                   "0x196c8b93"
                                   "jepsen.generator.context$make_thread_filter$lazy_filter__9167@196c8b93"],
           :gen (jepsen.generator.EachThread
                 {:fresh-gen {:f :read, :final? true},
                  :context-filters #object[clojure.core$promise$reify__8591
                                           "0x307ca947"
                                           {:status :pending, :val nil}],
                  :gens {}})})}))
 :log-net-recv false
 :os
 #object[maelstrom.net$jepsen_os$reify__15254
         "0x61d1315b"
         "maelstrom.net$jepsen_os$reify__15254@61d1315b"]
 :time-limit 20
 :workload :broadcast
 :consistency-models [:strict-serializable]
 :topology :grid}

2024-02-19 00:43:02,171{GMT}	INFO	[jepsen node n0] maelstrom.net: Starting Maelstrom network
2024-02-19 00:43:02,172{GMT}	INFO	[jepsen test runner] jepsen.db: Tearing down DB
2024-02-19 00:43:02,174{GMT}	INFO	[jepsen test runner] jepsen.db: Setting up DB
2024-02-19 00:43:02,176{GMT}	INFO	[jepsen node n0] maelstrom.service: Starting services: (lin-kv lin-tso lww-kv seq-kv)
2024-02-19 00:43:02,178{GMT}	INFO	[jepsen node n0] maelstrom.db: Setting up n0
2024-02-19 00:43:02,178{GMT}	INFO	[jepsen node n0] maelstrom.process: launching /Users/danishsharma/go/src/gossip-glamers/single_node_broadcast/bin []
2024-02-19 00:43:02,610{GMT}	INFO	[jepsen test runner] jepsen.core: Relative time begins now
2024-02-19 00:43:02,628{GMT}	INFO	[jepsen worker 0] jepsen.util: 0	:invoke	:read	nil
2024-02-19 00:43:02,646{GMT}	WARN	[jepsen worker 0] jepsen.generator.interpreter: Process 0 crashed
clojure.lang.ExceptionInfo: Malformed RPC response. Maelstrom sent node n0 the following request:

{:type "read", :msg_id 1}

And expected a response of the form:

{:type (eq "read_ok"),
 :messages [Any],
 {:k :msg_id} Int,
 :in_reply_to Int}

... but instead received

{:in_reply_to 1, :message_ids [], :type "read_ok"}

This is malformed because:

{:messages missing-required-key, :message_ids disallowed-key}

See doc/protocol.md for more guidance.
	at slingshot.support$stack_trace.invoke(support.clj:201)
	at maelstrom.client$check_body.invokeStatic(client.clj:188)
	at maelstrom.client$check_body.invoke(client.clj:181)
	at maelstrom.workload.broadcast$fn__16576$read__16577.invoke(broadcast.clj:34)
	at maelstrom.workload.broadcast$fn__16576$read__16577.invoke(broadcast.clj:34)
	at maelstrom.workload.broadcast$client$reify__16644.invoke_BANG_(broadcast.clj:207)
	at jepsen.client.Validate.invoke_BANG_(client.clj:83)
	at jepsen.generator.interpreter.ClientWorker.invoke_BANG_(interpreter.clj:65)
	at jepsen.generator.interpreter$spawn_worker$fn__12908$fn__12909.invoke(interpreter.clj:140)
	at jepsen.generator.interpreter$spawn_worker$fn__12908.invoke(interpreter.clj:123)
	at clojure.core$binding_conveyor_fn$fn__5823.invoke(core.clj:2047)
	at clojure.lang.AFn.call(AFn.java:18)
	at java.base/java.util.concurrent.FutureTask.run(FutureTask.java:317)
	at java.base/java.util.concurrent.ThreadPoolExecutor.runWorker(ThreadPoolExecutor.java:1144)
	at java.base/java.util.concurrent.ThreadPoolExecutor$Worker.run(ThreadPoolExecutor.java:642)
	at java.base/java.lang.Thread.run(Thread.java:1583)
2024-02-19 00:43:02,820{GMT}	INFO	[jepsen worker 0] jepsen.util: 1	:invoke	:read	nil
2024-02-19 00:43:02,829{GMT}	WARN	[jepsen worker 0] jepsen.generator.interpreter: Process 1 crashed
clojure.lang.ExceptionInfo: Malformed RPC response. Maelstrom sent node n0 the following request:

{:type "read", :msg_id 1}

And expected a response of the form:

{:type (eq "read_ok"),
 :messages [Any],
 {:k :msg_id} Int,
 :in_reply_to Int}

... but instead received

{:in_reply_to 1, :message_ids [], :type "read_ok"}

This is malformed because:

{:messages missing-required-key, :message_ids disallowed-key}

See doc/protocol.md for more guidance.
	at slingshot.support$stack_trace.invoke(support.clj:201)
	at maelstrom.client$check_body.invokeStatic(client.clj:188)
	at maelstrom.client$check_body.invoke(client.clj:181)
	at maelstrom.workload.broadcast$fn__16576$read__16577.invoke(broadcast.clj:34)
	at maelstrom.workload.broadcast$fn__16576$read__16577.invoke(broadcast.clj:34)
	at maelstrom.workload.broadcast$client$reify__16644.invoke_BANG_(broadcast.clj:207)
	at jepsen.client.Validate.invoke_BANG_(client.clj:83)
	at jepsen.generator.interpreter.ClientWorker.invoke_BANG_(interpreter.clj:65)
	at jepsen.generator.interpreter$spawn_worker$fn__12908$fn__12909.invoke(interpreter.clj:140)
	at jepsen.generator.interpreter$spawn_worker$fn__12908.invoke(interpreter.clj:123)
	at clojure.core$binding_conveyor_fn$fn__5823.invoke(core.clj:2047)
	at clojure.lang.AFn.call(AFn.java:18)
	at java.base/java.util.concurrent.FutureTask.run(FutureTask.java:317)
	at java.base/java.util.concurrent.ThreadPoolExecutor.runWorker(ThreadPoolExecutor.java:1144)
	at java.base/java.util.concurrent.ThreadPoolExecutor$Worker.run(ThreadPoolExecutor.java:642)
	at java.base/java.lang.Thread.run(Thread.java:1583)
2024-02-19 00:43:02,830{GMT}	INFO	[jepsen worker 0] jepsen.util: 2	:invoke	:broadcast	0
2024-02-19 00:43:02,832{GMT}	INFO	[jepsen worker 0] jepsen.util: 2	:ok	:broadcast	0
2024-02-19 00:43:02,944{GMT}	INFO	[jepsen worker 0] jepsen.util: 2	:invoke	:broadcast	1
2024-02-19 00:43:02,946{GMT}	INFO	[jepsen worker 0] jepsen.util: 2	:ok	:broadcast	1
2024-02-19 00:43:03,090{GMT}	INFO	[jepsen worker 0] jepsen.util: 2	:invoke	:read	nil
2024-02-19 00:43:03,110{GMT}	WARN	[jepsen worker 0] jepsen.generator.interpreter: Process 2 crashed
clojure.lang.ExceptionInfo: Malformed RPC response. Maelstrom sent node n0 the following request:

{:type "read", :msg_id 3}

And expected a response of the form:

{:type (eq "read_ok"),
 :messages [Any],
 {:k :msg_id} Int,
 :in_reply_to Int}

... but instead received

{:in_reply_to 3, :message_ids [0 1], :type "read_ok"}

This is malformed because:

{:messages missing-required-key, :message_ids disallowed-key}

See doc/protocol.md for more guidance.
	at slingshot.support$stack_trace.invoke(support.clj:201)
	at maelstrom.client$check_body.invokeStatic(client.clj:188)
	at maelstrom.client$check_body.invoke(client.clj:181)
	at maelstrom.workload.broadcast$fn__16576$read__16577.invoke(broadcast.clj:34)
	at maelstrom.workload.broadcast$fn__16576$read__16577.invoke(broadcast.clj:34)
	at maelstrom.workload.broadcast$client$reify__16644.invoke_BANG_(broadcast.clj:207)
	at jepsen.client.Validate.invoke_BANG_(client.clj:83)
	at jepsen.generator.interpreter.ClientWorker.invoke_BANG_(interpreter.clj:65)
	at jepsen.generator.interpreter$spawn_worker$fn__12908$fn__12909.invoke(interpreter.clj:140)
	at jepsen.generator.interpreter$spawn_worker$fn__12908.invoke(interpreter.clj:123)
	at clojure.core$binding_conveyor_fn$fn__5823.invoke(core.clj:2047)
	at clojure.lang.AFn.call(AFn.java:18)
	at java.base/java.util.concurrent.FutureTask.run(FutureTask.java:317)
	at java.base/java.util.concurrent.ThreadPoolExecutor.runWorker(ThreadPoolExecutor.java:1144)
	at java.base/java.util.concurrent.ThreadPoolExecutor$Worker.run(ThreadPoolExecutor.java:642)
	at java.base/java.lang.Thread.run(Thread.java:1583)
2024-02-19 00:43:03,260{GMT}	INFO	[jepsen worker 0] jepsen.util: 3	:invoke	:read	nil
2024-02-19 00:43:03,266{GMT}	WARN	[jepsen worker 0] jepsen.generator.interpreter: Process 3 crashed
clojure.lang.ExceptionInfo: Malformed RPC response. Maelstrom sent node n0 the following request:

{:type "read", :msg_id 1}

And expected a response of the form:

{:type (eq "read_ok"),
 :messages [Any],
 {:k :msg_id} Int,
 :in_reply_to Int}

... but instead received

{:in_reply_to 1, :message_ids [0 1], :type "read_ok"}

This is malformed because:

{:messages missing-required-key, :message_ids disallowed-key}

See doc/protocol.md for more guidance.
	at slingshot.support$stack_trace.invoke(support.clj:201)
	at maelstrom.client$check_body.invokeStatic(client.clj:188)
	at maelstrom.client$check_body.invoke(client.clj:181)
	at maelstrom.workload.broadcast$fn__16576$read__16577.invoke(broadcast.clj:34)
	at maelstrom.workload.broadcast$fn__16576$read__16577.invoke(broadcast.clj:34)
	at maelstrom.workload.broadcast$client$reify__16644.invoke_BANG_(broadcast.clj:207)
	at jepsen.client.Validate.invoke_BANG_(client.clj:83)
	at jepsen.generator.interpreter.ClientWorker.invoke_BANG_(interpreter.clj:65)
	at jepsen.generator.interpreter$spawn_worker$fn__12908$fn__12909.invoke(interpreter.clj:140)
	at jepsen.generator.interpreter$spawn_worker$fn__12908.invoke(interpreter.clj:123)
	at clojure.core$binding_conveyor_fn$fn__5823.invoke(core.clj:2047)
	at clojure.lang.AFn.call(AFn.java:18)
	at java.base/java.util.concurrent.FutureTask.run(FutureTask.java:317)
	at java.base/java.util.concurrent.ThreadPoolExecutor.runWorker(ThreadPoolExecutor.java:1144)
	at java.base/java.util.concurrent.ThreadPoolExecutor$Worker.run(ThreadPoolExecutor.java:642)
	at java.base/java.lang.Thread.run(Thread.java:1583)
2024-02-19 00:43:03,280{GMT}	INFO	[jepsen worker 0] jepsen.util: 4	:invoke	:broadcast	2
2024-02-19 00:43:03,282{GMT}	INFO	[jepsen worker 0] jepsen.util: 4	:ok	:broadcast	2
2024-02-19 00:43:03,442{GMT}	INFO	[jepsen worker 0] jepsen.util: 4	:invoke	:broadcast	3
2024-02-19 00:43:03,443{GMT}	INFO	[jepsen worker 0] jepsen.util: 4	:ok	:broadcast	3
2024-02-19 00:43:03,444{GMT}	INFO	[jepsen worker 0] jepsen.util: 4	:invoke	:read	nil
2024-02-19 00:43:03,454{GMT}	WARN	[jepsen worker 0] jepsen.generator.interpreter: Process 4 crashed
clojure.lang.ExceptionInfo: Malformed RPC response. Maelstrom sent node n0 the following request:

{:type "read", :msg_id 3}

And expected a response of the form:

{:type (eq "read_ok"),
 :messages [Any],
 {:k :msg_id} Int,
 :in_reply_to Int}

... but instead received

{:in_reply_to 3, :message_ids [0 1 2 3], :type "read_ok"}

This is malformed because:

{:messages missing-required-key, :message_ids disallowed-key}

See doc/protocol.md for more guidance.
	at slingshot.support$stack_trace.invoke(support.clj:201)
	at maelstrom.client$check_body.invokeStatic(client.clj:188)
	at maelstrom.client$check_body.invoke(client.clj:181)
	at maelstrom.workload.broadcast$fn__16576$read__16577.invoke(broadcast.clj:34)
	at maelstrom.workload.broadcast$fn__16576$read__16577.invoke(broadcast.clj:34)
	at maelstrom.workload.broadcast$client$reify__16644.invoke_BANG_(broadcast.clj:207)
	at jepsen.client.Validate.invoke_BANG_(client.clj:83)
	at jepsen.generator.interpreter.ClientWorker.invoke_BANG_(interpreter.clj:65)
	at jepsen.generator.interpreter$spawn_worker$fn__12908$fn__12909.invoke(interpreter.clj:140)
	at jepsen.generator.interpreter$spawn_worker$fn__12908.invoke(interpreter.clj:123)
	at clojure.core$binding_conveyor_fn$fn__5823.invoke(core.clj:2047)
	at clojure.lang.AFn.call(AFn.java:18)
	at java.base/java.util.concurrent.FutureTask.run(FutureTask.java:317)
	at java.base/java.util.concurrent.ThreadPoolExecutor.runWorker(ThreadPoolExecutor.java:1144)
	at java.base/java.util.concurrent.ThreadPoolExecutor$Worker.run(ThreadPoolExecutor.java:642)
	at java.base/java.lang.Thread.run(Thread.java:1583)
2024-02-19 00:43:03,522{GMT}	INFO	[jepsen worker 0] jepsen.util: 5	:invoke	:read	nil
2024-02-19 00:43:03,530{GMT}	WARN	[jepsen worker 0] jepsen.generator.interpreter: Process 5 crashed
clojure.lang.ExceptionInfo: Malformed RPC response. Maelstrom sent node n0 the following request:

{:type "read", :msg_id 1}

And expected a response of the form:

{:type (eq "read_ok"),
 :messages [Any],
 {:k :msg_id} Int,
 :in_reply_to Int}

... but instead received

{:in_reply_to 1, :message_ids [0 1 2 3], :type "read_ok"}

This is malformed because:

{:messages missing-required-key, :message_ids disallowed-key}

See doc/protocol.md for more guidance.
	at slingshot.support$stack_trace.invoke(support.clj:201)
	at maelstrom.client$check_body.invokeStatic(client.clj:188)
	at maelstrom.client$check_body.invoke(client.clj:181)
	at maelstrom.workload.broadcast$fn__16576$read__16577.invoke(broadcast.clj:34)
	at maelstrom.workload.broadcast$fn__16576$read__16577.invoke(broadcast.clj:34)
	at maelstrom.workload.broadcast$client$reify__16644.invoke_BANG_(broadcast.clj:207)
	at jepsen.client.Validate.invoke_BANG_(client.clj:83)
	at jepsen.generator.interpreter.ClientWorker.invoke_BANG_(interpreter.clj:65)
	at jepsen.generator.interpreter$spawn_worker$fn__12908$fn__12909.invoke(interpreter.clj:140)
	at jepsen.generator.interpreter$spawn_worker$fn__12908.invoke(interpreter.clj:123)
	at clojure.core$binding_conveyor_fn$fn__5823.invoke(core.clj:2047)
	at clojure.lang.AFn.call(AFn.java:18)
	at java.base/java.util.concurrent.FutureTask.run(FutureTask.java:317)
	at java.base/java.util.concurrent.ThreadPoolExecutor.runWorker(ThreadPoolExecutor.java:1144)
	at java.base/java.util.concurrent.ThreadPoolExecutor$Worker.run(ThreadPoolExecutor.java:642)
	at java.base/java.lang.Thread.run(Thread.java:1583)
2024-02-19 00:43:03,724{GMT}	INFO	[jepsen worker 0] jepsen.util: 6	:invoke	:broadcast	4
2024-02-19 00:43:03,725{GMT}	INFO	[jepsen worker 0] jepsen.util: 6	:ok	:broadcast	4
2024-02-19 00:43:03,813{GMT}	INFO	[jepsen worker 0] jepsen.util: 6	:invoke	:broadcast	5
2024-02-19 00:43:03,814{GMT}	INFO	[jepsen worker 0] jepsen.util: 6	:ok	:broadcast	5
2024-02-19 00:43:03,851{GMT}	INFO	[jepsen worker 0] jepsen.util: 6	:invoke	:read	nil
2024-02-19 00:43:03,864{GMT}	WARN	[jepsen worker 0] jepsen.generator.interpreter: Process 6 crashed
clojure.lang.ExceptionInfo: Malformed RPC response. Maelstrom sent node n0 the following request:

{:type "read", :msg_id 3}

And expected a response of the form:

{:type (eq "read_ok"),
 :messages [Any],
 {:k :msg_id} Int,
 :in_reply_to Int}

... but instead received

{:in_reply_to 3, :message_ids [0 1 2 3 4 5], :type "read_ok"}

This is malformed because:

{:messages missing-required-key, :message_ids disallowed-key}

See doc/protocol.md for more guidance.
	at slingshot.support$stack_trace.invoke(support.clj:201)
	at maelstrom.client$check_body.invokeStatic(client.clj:188)
	at maelstrom.client$check_body.invoke(client.clj:181)
	at maelstrom.workload.broadcast$fn__16576$read__16577.invoke(broadcast.clj:34)
	at maelstrom.workload.broadcast$fn__16576$read__16577.invoke(broadcast.clj:34)
	at maelstrom.workload.broadcast$client$reify__16644.invoke_BANG_(broadcast.clj:207)
	at jepsen.client.Validate.invoke_BANG_(client.clj:83)
	at jepsen.generator.interpreter.ClientWorker.invoke_BANG_(interpreter.clj:65)
	at jepsen.generator.interpreter$spawn_worker$fn__12908$fn__12909.invoke(interpreter.clj:140)
	at jepsen.generator.interpreter$spawn_worker$fn__12908.invoke(interpreter.clj:123)
	at clojure.core$binding_conveyor_fn$fn__5823.invoke(core.clj:2047)
	at clojure.lang.AFn.call(AFn.java:18)
	at java.base/java.util.concurrent.FutureTask.run(FutureTask.java:317)
	at java.base/java.util.concurrent.ThreadPoolExecutor.runWorker(ThreadPoolExecutor.java:1144)
	at java.base/java.util.concurrent.ThreadPoolExecutor$Worker.run(ThreadPoolExecutor.java:642)
	at java.base/java.lang.Thread.run(Thread.java:1583)
2024-02-19 00:43:03,983{GMT}	INFO	[jepsen worker 0] jepsen.util: 7	:invoke	:read	nil
2024-02-19 00:43:04,003{GMT}	WARN	[jepsen worker 0] jepsen.generator.interpreter: Process 7 crashed
clojure.lang.ExceptionInfo: Malformed RPC response. Maelstrom sent node n0 the following request:

{:type "read", :msg_id 1}

And expected a response of the form:

{:type (eq "read_ok"),
 :messages [Any],
 {:k :msg_id} Int,
 :in_reply_to Int}

... but instead received

{:in_reply_to 1, :message_ids [0 1 2 3 4 5], :type "read_ok"}

This is malformed because:

{:messages missing-required-key, :message_ids disallowed-key}

See doc/protocol.md for more guidance.
	at slingshot.support$stack_trace.invoke(support.clj:201)
	at maelstrom.client$check_body.invokeStatic(client.clj:188)
	at maelstrom.client$check_body.invoke(client.clj:181)
	at maelstrom.workload.broadcast$fn__16576$read__16577.invoke(broadcast.clj:34)
	at maelstrom.workload.broadcast$fn__16576$read__16577.invoke(broadcast.clj:34)
	at maelstrom.workload.broadcast$client$reify__16644.invoke_BANG_(broadcast.clj:207)
	at jepsen.client.Validate.invoke_BANG_(client.clj:83)
	at jepsen.generator.interpreter.ClientWorker.invoke_BANG_(interpreter.clj:65)
	at jepsen.generator.interpreter$spawn_worker$fn__12908$fn__12909.invoke(interpreter.clj:140)
	at jepsen.generator.interpreter$spawn_worker$fn__12908.invoke(interpreter.clj:123)
	at clojure.core$binding_conveyor_fn$fn__5823.invoke(core.clj:2047)
	at clojure.lang.AFn.call(AFn.java:18)
	at java.base/java.util.concurrent.FutureTask.run(FutureTask.java:317)
	at java.base/java.util.concurrent.ThreadPoolExecutor.runWorker(ThreadPoolExecutor.java:1144)
	at java.base/java.util.concurrent.ThreadPoolExecutor$Worker.run(ThreadPoolExecutor.java:642)
	at java.base/java.lang.Thread.run(Thread.java:1583)
2024-02-19 00:43:04,155{GMT}	INFO	[jepsen worker 0] jepsen.util: 8	:invoke	:broadcast	6
2024-02-19 00:43:04,157{GMT}	INFO	[jepsen worker 0] jepsen.util: 8	:ok	:broadcast	6
2024-02-19 00:43:04,271{GMT}	INFO	[jepsen worker 0] jepsen.util: 8	:invoke	:read	nil
2024-02-19 00:43:04,281{GMT}	WARN	[jepsen worker 0] jepsen.generator.interpreter: Process 8 crashed
clojure.lang.ExceptionInfo: Malformed RPC response. Maelstrom sent node n0 the following request:

{:type "read", :msg_id 2}

And expected a response of the form:

{:type (eq "read_ok"),
 :messages [Any],
 {:k :msg_id} Int,
 :in_reply_to Int}

... but instead received

{:in_reply_to 2, :message_ids [0 1 2 3 4 5 6], :type "read_ok"}

This is malformed because:

{:messages missing-required-key, :message_ids disallowed-key}

See doc/protocol.md for more guidance.
	at slingshot.support$stack_trace.invoke(support.clj:201)
	at maelstrom.client$check_body.invokeStatic(client.clj:188)
	at maelstrom.client$check_body.invoke(client.clj:181)
	at maelstrom.workload.broadcast$fn__16576$read__16577.invoke(broadcast.clj:34)
	at maelstrom.workload.broadcast$fn__16576$read__16577.invoke(broadcast.clj:34)
	at maelstrom.workload.broadcast$client$reify__16644.invoke_BANG_(broadcast.clj:207)
	at jepsen.client.Validate.invoke_BANG_(client.clj:83)
	at jepsen.generator.interpreter.ClientWorker.invoke_BANG_(interpreter.clj:65)
	at jepsen.generator.interpreter$spawn_worker$fn__12908$fn__12909.invoke(interpreter.clj:140)
	at jepsen.generator.interpreter$spawn_worker$fn__12908.invoke(interpreter.clj:123)
	at clojure.core$binding_conveyor_fn$fn__5823.invoke(core.clj:2047)
	at clojure.lang.AFn.call(AFn.java:18)
	at java.base/java.util.concurrent.FutureTask.run(FutureTask.java:317)
	at java.base/java.util.concurrent.ThreadPoolExecutor.runWorker(ThreadPoolExecutor.java:1144)
	at java.base/java.util.concurrent.ThreadPoolExecutor$Worker.run(ThreadPoolExecutor.java:642)
	at java.base/java.lang.Thread.run(Thread.java:1583)
2024-02-19 00:43:04,310{GMT}	INFO	[jepsen worker 0] jepsen.util: 9	:invoke	:read	nil
2024-02-19 00:43:04,321{GMT}	WARN	[jepsen worker 0] jepsen.generator.interpreter: Process 9 crashed
clojure.lang.ExceptionInfo: Malformed RPC response. Maelstrom sent node n0 the following request:

{:type "read", :msg_id 1}

And expected a response of the form:

{:type (eq "read_ok"),
 :messages [Any],
 {:k :msg_id} Int,
 :in_reply_to Int}

... but instead received

{:in_reply_to 1, :message_ids [0 1 2 3 4 5 6], :type "read_ok"}

This is malformed because:

{:messages missing-required-key, :message_ids disallowed-key}

See doc/protocol.md for more guidance.
	at slingshot.support$stack_trace.invoke(support.clj:201)
	at maelstrom.client$check_body.invokeStatic(client.clj:188)
	at maelstrom.client$check_body.invoke(client.clj:181)
	at maelstrom.workload.broadcast$fn__16576$read__16577.invoke(broadcast.clj:34)
	at maelstrom.workload.broadcast$fn__16576$read__16577.invoke(broadcast.clj:34)
	at maelstrom.workload.broadcast$client$reify__16644.invoke_BANG_(broadcast.clj:207)
	at jepsen.client.Validate.invoke_BANG_(client.clj:83)
	at jepsen.generator.interpreter.ClientWorker.invoke_BANG_(interpreter.clj:65)
	at jepsen.generator.interpreter$spawn_worker$fn__12908$fn__12909.invoke(interpreter.clj:140)
	at jepsen.generator.interpreter$spawn_worker$fn__12908.invoke(interpreter.clj:123)
	at clojure.core$binding_conveyor_fn$fn__5823.invoke(core.clj:2047)
	at clojure.lang.AFn.call(AFn.java:18)
	at java.base/java.util.concurrent.FutureTask.run(FutureTask.java:317)
	at java.base/java.util.concurrent.ThreadPoolExecutor.runWorker(ThreadPoolExecutor.java:1144)
	at java.base/java.util.concurrent.ThreadPoolExecutor$Worker.run(ThreadPoolExecutor.java:642)
	at java.base/java.lang.Thread.run(Thread.java:1583)
2024-02-19 00:43:04,340{GMT}	INFO	[jepsen worker 0] jepsen.util: 10	:invoke	:broadcast	7
2024-02-19 00:43:04,342{GMT}	INFO	[jepsen worker 0] jepsen.util: 10	:ok	:broadcast	7
2024-02-19 00:43:04,526{GMT}	INFO	[jepsen worker 0] jepsen.util: 10	:invoke	:broadcast	8
2024-02-19 00:43:04,527{GMT}	INFO	[jepsen worker 0] jepsen.util: 10	:ok	:broadcast	8
2024-02-19 00:43:04,586{GMT}	INFO	[jepsen worker 0] jepsen.util: 10	:invoke	:broadcast	9
2024-02-19 00:43:04,588{GMT}	INFO	[jepsen worker 0] jepsen.util: 10	:ok	:broadcast	9
2024-02-19 00:43:04,767{GMT}	INFO	[jepsen worker 0] jepsen.util: 10	:invoke	:read	nil
2024-02-19 00:43:04,773{GMT}	WARN	[jepsen worker 0] jepsen.generator.interpreter: Process 10 crashed
clojure.lang.ExceptionInfo: Malformed RPC response. Maelstrom sent node n0 the following request:

{:type "read", :msg_id 4}

And expected a response of the form:

{:type (eq "read_ok"),
 :messages [Any],
 {:k :msg_id} Int,
 :in_reply_to Int}

... but instead received

{:in_reply_to 4, :message_ids [0 1 2 3 4 5 6 7 8 9], :type "read_ok"}

This is malformed because:

{:messages missing-required-key, :message_ids disallowed-key}

See doc/protocol.md for more guidance.
	at slingshot.support$stack_trace.invoke(support.clj:201)
	at maelstrom.client$check_body.invokeStatic(client.clj:188)
	at maelstrom.client$check_body.invoke(client.clj:181)
	at maelstrom.workload.broadcast$fn__16576$read__16577.invoke(broadcast.clj:34)
	at maelstrom.workload.broadcast$fn__16576$read__16577.invoke(broadcast.clj:34)
	at maelstrom.workload.broadcast$client$reify__16644.invoke_BANG_(broadcast.clj:207)
	at jepsen.client.Validate.invoke_BANG_(client.clj:83)
	at jepsen.generator.interpreter.ClientWorker.invoke_BANG_(interpreter.clj:65)
	at jepsen.generator.interpreter$spawn_worker$fn__12908$fn__12909.invoke(interpreter.clj:140)
	at jepsen.generator.interpreter$spawn_worker$fn__12908.invoke(interpreter.clj:123)
	at clojure.core$binding_conveyor_fn$fn__5823.invoke(core.clj:2047)
	at clojure.lang.AFn.call(AFn.java:18)
	at java.base/java.util.concurrent.FutureTask.run(FutureTask.java:317)
	at java.base/java.util.concurrent.ThreadPoolExecutor.runWorker(ThreadPoolExecutor.java:1144)
	at java.base/java.util.concurrent.ThreadPoolExecutor$Worker.run(ThreadPoolExecutor.java:642)
	at java.base/java.lang.Thread.run(Thread.java:1583)
2024-02-19 00:43:04,850{GMT}	INFO	[jepsen worker 0] jepsen.util: 11	:invoke	:broadcast	10
2024-02-19 00:43:04,851{GMT}	INFO	[jepsen worker 0] jepsen.util: 11	:ok	:broadcast	10
2024-02-19 00:43:04,992{GMT}	INFO	[jepsen worker 0] jepsen.util: 11	:invoke	:broadcast	11
2024-02-19 00:43:04,993{GMT}	INFO	[jepsen worker 0] jepsen.util: 11	:ok	:broadcast	11
2024-02-19 00:43:05,130{GMT}	INFO	[jepsen worker 0] jepsen.util: 11	:invoke	:read	nil
2024-02-19 00:43:05,138{GMT}	WARN	[jepsen worker 0] jepsen.generator.interpreter: Process 11 crashed
clojure.lang.ExceptionInfo: Malformed RPC response. Maelstrom sent node n0 the following request:

{:type "read", :msg_id 3}

And expected a response of the form:

{:type (eq "read_ok"),
 :messages [Any],
 {:k :msg_id} Int,
 :in_reply_to Int}

... but instead received

{:in_reply_to 3,
 :message_ids [0 1 2 3 4 5 6 7 8 9 10 11],
 :type "read_ok"}

This is malformed because:

{:messages missing-required-key, :message_ids disallowed-key}

See doc/protocol.md for more guidance.
	at slingshot.support$stack_trace.invoke(support.clj:201)
	at maelstrom.client$check_body.invokeStatic(client.clj:188)
	at maelstrom.client$check_body.invoke(client.clj:181)
	at maelstrom.workload.broadcast$fn__16576$read__16577.invoke(broadcast.clj:34)
	at maelstrom.workload.broadcast$fn__16576$read__16577.invoke(broadcast.clj:34)
	at maelstrom.workload.broadcast$client$reify__16644.invoke_BANG_(broadcast.clj:207)
	at jepsen.client.Validate.invoke_BANG_(client.clj:83)
	at jepsen.generator.interpreter.ClientWorker.invoke_BANG_(interpreter.clj:65)
	at jepsen.generator.interpreter$spawn_worker$fn__12908$fn__12909.invoke(interpreter.clj:140)
	at jepsen.generator.interpreter$spawn_worker$fn__12908.invoke(interpreter.clj:123)
	at clojure.core$binding_conveyor_fn$fn__5823.invoke(core.clj:2047)
	at clojure.lang.AFn.call(AFn.java:18)
	at java.base/java.util.concurrent.FutureTask.run(FutureTask.java:317)
	at java.base/java.util.concurrent.ThreadPoolExecutor.runWorker(ThreadPoolExecutor.java:1144)
	at java.base/java.util.concurrent.ThreadPoolExecutor$Worker.run(ThreadPoolExecutor.java:642)
	at java.base/java.lang.Thread.run(Thread.java:1583)
2024-02-19 00:43:05,214{GMT}	INFO	[jepsen worker 0] jepsen.util: 12	:invoke	:read	nil
2024-02-19 00:43:05,220{GMT}	WARN	[jepsen worker 0] jepsen.generator.interpreter: Process 12 crashed
clojure.lang.ExceptionInfo: Malformed RPC response. Maelstrom sent node n0 the following request:

{:type "read", :msg_id 1}

And expected a response of the form:

{:type (eq "read_ok"),
 :messages [Any],
 {:k :msg_id} Int,
 :in_reply_to Int}

... but instead received

{:in_reply_to 1,
 :message_ids [0 1 2 3 4 5 6 7 8 9 10 11],
 :type "read_ok"}

This is malformed because:

{:messages missing-required-key, :message_ids disallowed-key}

See doc/protocol.md for more guidance.
	at slingshot.support$stack_trace.invoke(support.clj:201)
	at maelstrom.client$check_body.invokeStatic(client.clj:188)
	at maelstrom.client$check_body.invoke(client.clj:181)
	at maelstrom.workload.broadcast$fn__16576$read__16577.invoke(broadcast.clj:34)
	at maelstrom.workload.broadcast$fn__16576$read__16577.invoke(broadcast.clj:34)
	at maelstrom.workload.broadcast$client$reify__16644.invoke_BANG_(broadcast.clj:207)
	at jepsen.client.Validate.invoke_BANG_(client.clj:83)
	at jepsen.generator.interpreter.ClientWorker.invoke_BANG_(interpreter.clj:65)
	at jepsen.generator.interpreter$spawn_worker$fn__12908$fn__12909.invoke(interpreter.clj:140)
	at jepsen.generator.interpreter$spawn_worker$fn__12908.invoke(interpreter.clj:123)
	at clojure.core$binding_conveyor_fn$fn__5823.invoke(core.clj:2047)
	at clojure.lang.AFn.call(AFn.java:18)
	at java.base/java.util.concurrent.FutureTask.run(FutureTask.java:317)
	at java.base/java.util.concurrent.ThreadPoolExecutor.runWorker(ThreadPoolExecutor.java:1144)
	at java.base/java.util.concurrent.ThreadPoolExecutor$Worker.run(ThreadPoolExecutor.java:642)
	at java.base/java.lang.Thread.run(Thread.java:1583)
2024-02-19 00:43:05,351{GMT}	INFO	[jepsen worker 0] jepsen.util: 13	:invoke	:broadcast	12
2024-02-19 00:43:05,353{GMT}	INFO	[jepsen worker 0] jepsen.util: 13	:ok	:broadcast	12
2024-02-19 00:43:05,481{GMT}	INFO	[jepsen worker 0] jepsen.util: 13	:invoke	:broadcast	13
2024-02-19 00:43:05,483{GMT}	INFO	[jepsen worker 0] jepsen.util: 13	:ok	:broadcast	13
2024-02-19 00:43:05,658{GMT}	INFO	[jepsen worker 0] jepsen.util: 13	:invoke	:broadcast	14
2024-02-19 00:43:05,660{GMT}	INFO	[jepsen worker 0] jepsen.util: 13	:ok	:broadcast	14
2024-02-19 00:43:05,789{GMT}	INFO	[jepsen worker 0] jepsen.util: 13	:invoke	:broadcast	15
2024-02-19 00:43:05,790{GMT}	INFO	[jepsen worker 0] jepsen.util: 13	:ok	:broadcast	15
2024-02-19 00:43:05,956{GMT}	INFO	[jepsen worker 0] jepsen.util: 13	:invoke	:read	nil
2024-02-19 00:43:05,962{GMT}	WARN	[jepsen worker 0] jepsen.generator.interpreter: Process 13 crashed
clojure.lang.ExceptionInfo: Malformed RPC response. Maelstrom sent node n0 the following request:

{:type "read", :msg_id 5}

And expected a response of the form:

{:type (eq "read_ok"),
 :messages [Any],
 {:k :msg_id} Int,
 :in_reply_to Int}

... but instead received

{:in_reply_to 5,
 :message_ids [0 1 2 3 4 5 6 7 8 9 10 11 12 13 14 15],
 :type "read_ok"}

This is malformed because:

{:messages missing-required-key, :message_ids disallowed-key}

See doc/protocol.md for more guidance.
	at slingshot.support$stack_trace.invoke(support.clj:201)
	at maelstrom.client$check_body.invokeStatic(client.clj:188)
	at maelstrom.client$check_body.invoke(client.clj:181)
	at maelstrom.workload.broadcast$fn__16576$read__16577.invoke(broadcast.clj:34)
	at maelstrom.workload.broadcast$fn__16576$read__16577.invoke(broadcast.clj:34)
	at maelstrom.workload.broadcast$client$reify__16644.invoke_BANG_(broadcast.clj:207)
	at jepsen.client.Validate.invoke_BANG_(client.clj:83)
	at jepsen.generator.interpreter.ClientWorker.invoke_BANG_(interpreter.clj:65)
	at jepsen.generator.interpreter$spawn_worker$fn__12908$fn__12909.invoke(interpreter.clj:140)
	at jepsen.generator.interpreter$spawn_worker$fn__12908.invoke(interpreter.clj:123)
	at clojure.core$binding_conveyor_fn$fn__5823.invoke(core.clj:2047)
	at clojure.lang.AFn.call(AFn.java:18)
	at java.base/java.util.concurrent.FutureTask.run(FutureTask.java:317)
	at java.base/java.util.concurrent.ThreadPoolExecutor.runWorker(ThreadPoolExecutor.java:1144)
	at java.base/java.util.concurrent.ThreadPoolExecutor$Worker.run(ThreadPoolExecutor.java:642)
	at java.base/java.lang.Thread.run(Thread.java:1583)
2024-02-19 00:43:06,117{GMT}	INFO	[jepsen worker 0] jepsen.util: 14	:invoke	:read	nil
2024-02-19 00:43:06,121{GMT}	WARN	[jepsen worker 0] jepsen.generator.interpreter: Process 14 crashed
clojure.lang.ExceptionInfo: Malformed RPC response. Maelstrom sent node n0 the following request:

{:type "read", :msg_id 1}

And expected a response of the form:

{:type (eq "read_ok"),
 :messages [Any],
 {:k :msg_id} Int,
 :in_reply_to Int}

... but instead received

{:in_reply_to 1,
 :message_ids [0 1 2 3 4 5 6 7 8 9 10 11 12 13 14 15],
 :type "read_ok"}

This is malformed because:

{:messages missing-required-key, :message_ids disallowed-key}

See doc/protocol.md for more guidance.
	at slingshot.support$stack_trace.invoke(support.clj:201)
	at maelstrom.client$check_body.invokeStatic(client.clj:188)
	at maelstrom.client$check_body.invoke(client.clj:181)
	at maelstrom.workload.broadcast$fn__16576$read__16577.invoke(broadcast.clj:34)
	at maelstrom.workload.broadcast$fn__16576$read__16577.invoke(broadcast.clj:34)
	at maelstrom.workload.broadcast$client$reify__16644.invoke_BANG_(broadcast.clj:207)
	at jepsen.client.Validate.invoke_BANG_(client.clj:83)
	at jepsen.generator.interpreter.ClientWorker.invoke_BANG_(interpreter.clj:65)
	at jepsen.generator.interpreter$spawn_worker$fn__12908$fn__12909.invoke(interpreter.clj:140)
	at jepsen.generator.interpreter$spawn_worker$fn__12908.invoke(interpreter.clj:123)
	at clojure.core$binding_conveyor_fn$fn__5823.invoke(core.clj:2047)
	at clojure.lang.AFn.call(AFn.java:18)
	at java.base/java.util.concurrent.FutureTask.run(FutureTask.java:317)
	at java.base/java.util.concurrent.ThreadPoolExecutor.runWorker(ThreadPoolExecutor.java:1144)
	at java.base/java.util.concurrent.ThreadPoolExecutor$Worker.run(ThreadPoolExecutor.java:642)
	at java.base/java.lang.Thread.run(Thread.java:1583)
2024-02-19 00:43:06,238{GMT}	INFO	[jepsen worker 0] jepsen.util: 15	:invoke	:broadcast	16
2024-02-19 00:43:06,239{GMT}	INFO	[jepsen worker 0] jepsen.util: 15	:ok	:broadcast	16
2024-02-19 00:43:06,322{GMT}	INFO	[jepsen worker 0] jepsen.util: 15	:invoke	:broadcast	17
2024-02-19 00:43:06,322{GMT}	INFO	[jepsen worker 0] jepsen.util: 15	:ok	:broadcast	17
2024-02-19 00:43:06,366{GMT}	INFO	[jepsen worker 0] jepsen.util: 15	:invoke	:read	nil
2024-02-19 00:43:06,372{GMT}	WARN	[jepsen worker 0] jepsen.generator.interpreter: Process 15 crashed
clojure.lang.ExceptionInfo: Malformed RPC response. Maelstrom sent node n0 the following request:

{:type "read", :msg_id 3}

And expected a response of the form:

{:type (eq "read_ok"),
 :messages [Any],
 {:k :msg_id} Int,
 :in_reply_to Int}

... but instead received

{:in_reply_to 3,
 :message_ids [0 1 2 3 4 5 6 7 8 9 10 11 12 13 14 15 16 17],
 :type "read_ok"}

This is malformed because:

{:messages missing-required-key, :message_ids disallowed-key}

See doc/protocol.md for more guidance.
	at slingshot.support$stack_trace.invoke(support.clj:201)
	at maelstrom.client$check_body.invokeStatic(client.clj:188)
	at maelstrom.client$check_body.invoke(client.clj:181)
	at maelstrom.workload.broadcast$fn__16576$read__16577.invoke(broadcast.clj:34)
	at maelstrom.workload.broadcast$fn__16576$read__16577.invoke(broadcast.clj:34)
	at maelstrom.workload.broadcast$client$reify__16644.invoke_BANG_(broadcast.clj:207)
	at jepsen.client.Validate.invoke_BANG_(client.clj:83)
	at jepsen.generator.interpreter.ClientWorker.invoke_BANG_(interpreter.clj:65)
	at jepsen.generator.interpreter$spawn_worker$fn__12908$fn__12909.invoke(interpreter.clj:140)
	at jepsen.generator.interpreter$spawn_worker$fn__12908.invoke(interpreter.clj:123)
	at clojure.core$binding_conveyor_fn$fn__5823.invoke(core.clj:2047)
	at clojure.lang.AFn.call(AFn.java:18)
	at java.base/java.util.concurrent.FutureTask.run(FutureTask.java:317)
	at java.base/java.util.concurrent.ThreadPoolExecutor.runWorker(ThreadPoolExecutor.java:1144)
	at java.base/java.util.concurrent.ThreadPoolExecutor$Worker.run(ThreadPoolExecutor.java:642)
	at java.base/java.lang.Thread.run(Thread.java:1583)
2024-02-19 00:43:06,554{GMT}	INFO	[jepsen worker 0] jepsen.util: 16	:invoke	:read	nil
2024-02-19 00:43:06,562{GMT}	WARN	[jepsen worker 0] jepsen.generator.interpreter: Process 16 crashed
clojure.lang.ExceptionInfo: Malformed RPC response. Maelstrom sent node n0 the following request:

{:type "read", :msg_id 1}

And expected a response of the form:

{:type (eq "read_ok"),
 :messages [Any],
 {:k :msg_id} Int,
 :in_reply_to Int}

... but instead received

{:in_reply_to 1,
 :message_ids [0 1 2 3 4 5 6 7 8 9 10 11 12 13 14 15 16 17],
 :type "read_ok"}

This is malformed because:

{:messages missing-required-key, :message_ids disallowed-key}

See doc/protocol.md for more guidance.
	at slingshot.support$stack_trace.invoke(support.clj:201)
	at maelstrom.client$check_body.invokeStatic(client.clj:188)
	at maelstrom.client$check_body.invoke(client.clj:181)
	at maelstrom.workload.broadcast$fn__16576$read__16577.invoke(broadcast.clj:34)
	at maelstrom.workload.broadcast$fn__16576$read__16577.invoke(broadcast.clj:34)
	at maelstrom.workload.broadcast$client$reify__16644.invoke_BANG_(broadcast.clj:207)
	at jepsen.client.Validate.invoke_BANG_(client.clj:83)
	at jepsen.generator.interpreter.ClientWorker.invoke_BANG_(interpreter.clj:65)
	at jepsen.generator.interpreter$spawn_worker$fn__12908$fn__12909.invoke(interpreter.clj:140)
	at jepsen.generator.interpreter$spawn_worker$fn__12908.invoke(interpreter.clj:123)
	at clojure.core$binding_conveyor_fn$fn__5823.invoke(core.clj:2047)
	at clojure.lang.AFn.call(AFn.java:18)
	at java.base/java.util.concurrent.FutureTask.run(FutureTask.java:317)
	at java.base/java.util.concurrent.ThreadPoolExecutor.runWorker(ThreadPoolExecutor.java:1144)
	at java.base/java.util.concurrent.ThreadPoolExecutor$Worker.run(ThreadPoolExecutor.java:642)
	at java.base/java.lang.Thread.run(Thread.java:1583)
2024-02-19 00:43:06,734{GMT}	INFO	[jepsen worker 0] jepsen.util: 17	:invoke	:broadcast	18
2024-02-19 00:43:06,736{GMT}	INFO	[jepsen worker 0] jepsen.util: 17	:ok	:broadcast	18
2024-02-19 00:43:06,744{GMT}	INFO	[jepsen worker 0] jepsen.util: 17	:invoke	:broadcast	19
2024-02-19 00:43:06,745{GMT}	INFO	[jepsen worker 0] jepsen.util: 17	:ok	:broadcast	19
2024-02-19 00:43:06,903{GMT}	INFO	[jepsen worker 0] jepsen.util: 17	:invoke	:broadcast	20
2024-02-19 00:43:06,904{GMT}	INFO	[jepsen worker 0] jepsen.util: 17	:ok	:broadcast	20
2024-02-19 00:43:07,021{GMT}	INFO	[jepsen worker 0] jepsen.util: 17	:invoke	:read	nil
2024-02-19 00:43:07,032{GMT}	WARN	[jepsen worker 0] jepsen.generator.interpreter: Process 17 crashed
clojure.lang.ExceptionInfo: Malformed RPC response. Maelstrom sent node n0 the following request:

{:type "read", :msg_id 4}

And expected a response of the form:

{:type (eq "read_ok"),
 :messages [Any],
 {:k :msg_id} Int,
 :in_reply_to Int}

... but instead received

{:in_reply_to 4,
 :message_ids [0 1 2 3 4 5 6 7 8 9 10 11 12 13 14 15 16 17 18 19 20],
 :type "read_ok"}

This is malformed because:

{:messages missing-required-key, :message_ids disallowed-key}

See doc/protocol.md for more guidance.
	at slingshot.support$stack_trace.invoke(support.clj:201)
	at maelstrom.client$check_body.invokeStatic(client.clj:188)
	at maelstrom.client$check_body.invoke(client.clj:181)
	at maelstrom.workload.broadcast$fn__16576$read__16577.invoke(broadcast.clj:34)
	at maelstrom.workload.broadcast$fn__16576$read__16577.invoke(broadcast.clj:34)
	at maelstrom.workload.broadcast$client$reify__16644.invoke_BANG_(broadcast.clj:207)
	at jepsen.client.Validate.invoke_BANG_(client.clj:83)
	at jepsen.generator.interpreter.ClientWorker.invoke_BANG_(interpreter.clj:65)
	at jepsen.generator.interpreter$spawn_worker$fn__12908$fn__12909.invoke(interpreter.clj:140)
	at jepsen.generator.interpreter$spawn_worker$fn__12908.invoke(interpreter.clj:123)
	at clojure.core$binding_conveyor_fn$fn__5823.invoke(core.clj:2047)
	at clojure.lang.AFn.call(AFn.java:18)
	at java.base/java.util.concurrent.FutureTask.run(FutureTask.java:317)
	at java.base/java.util.concurrent.ThreadPoolExecutor.runWorker(ThreadPoolExecutor.java:1144)
	at java.base/java.util.concurrent.ThreadPoolExecutor$Worker.run(ThreadPoolExecutor.java:642)
	at java.base/java.lang.Thread.run(Thread.java:1583)
2024-02-19 00:43:07,209{GMT}	INFO	[jepsen worker 0] jepsen.util: 18	:invoke	:read	nil
2024-02-19 00:43:07,221{GMT}	WARN	[jepsen worker 0] jepsen.generator.interpreter: Process 18 crashed
clojure.lang.ExceptionInfo: Malformed RPC response. Maelstrom sent node n0 the following request:

{:type "read", :msg_id 1}

And expected a response of the form:

{:type (eq "read_ok"),
 :messages [Any],
 {:k :msg_id} Int,
 :in_reply_to Int}

... but instead received

{:in_reply_to 1,
 :message_ids [0 1 2 3 4 5 6 7 8 9 10 11 12 13 14 15 16 17 18 19 20],
 :type "read_ok"}

This is malformed because:

{:messages missing-required-key, :message_ids disallowed-key}

See doc/protocol.md for more guidance.
	at slingshot.support$stack_trace.invoke(support.clj:201)
	at maelstrom.client$check_body.invokeStatic(client.clj:188)
	at maelstrom.client$check_body.invoke(client.clj:181)
	at maelstrom.workload.broadcast$fn__16576$read__16577.invoke(broadcast.clj:34)
	at maelstrom.workload.broadcast$fn__16576$read__16577.invoke(broadcast.clj:34)
	at maelstrom.workload.broadcast$client$reify__16644.invoke_BANG_(broadcast.clj:207)
	at jepsen.client.Validate.invoke_BANG_(client.clj:83)
	at jepsen.generator.interpreter.ClientWorker.invoke_BANG_(interpreter.clj:65)
	at jepsen.generator.interpreter$spawn_worker$fn__12908$fn__12909.invoke(interpreter.clj:140)
	at jepsen.generator.interpreter$spawn_worker$fn__12908.invoke(interpreter.clj:123)
	at clojure.core$binding_conveyor_fn$fn__5823.invoke(core.clj:2047)
	at clojure.lang.AFn.call(AFn.java:18)
	at java.base/java.util.concurrent.FutureTask.run(FutureTask.java:317)
	at java.base/java.util.concurrent.ThreadPoolExecutor.runWorker(ThreadPoolExecutor.java:1144)
	at java.base/java.util.concurrent.ThreadPoolExecutor$Worker.run(ThreadPoolExecutor.java:642)
	at java.base/java.lang.Thread.run(Thread.java:1583)
2024-02-19 00:43:07,254{GMT}	INFO	[jepsen worker 0] jepsen.util: 19	:invoke	:broadcast	21
2024-02-19 00:43:07,257{GMT}	INFO	[jepsen worker 0] jepsen.util: 19	:ok	:broadcast	21
2024-02-19 00:43:07,394{GMT}	INFO	[jepsen worker 0] jepsen.util: 19	:invoke	:read	nil
2024-02-19 00:43:07,406{GMT}	WARN	[jepsen worker 0] jepsen.generator.interpreter: Process 19 crashed
clojure.lang.ExceptionInfo: Malformed RPC response. Maelstrom sent node n0 the following request:

{:type "read", :msg_id 2}

And expected a response of the form:

{:type (eq "read_ok"),
 :messages [Any],
 {:k :msg_id} Int,
 :in_reply_to Int}

... but instead received

{:in_reply_to 2,
 :message_ids
 [0 1 2 3 4 5 6 7 8 9 10 11 12 13 14 15 16 17 18 19 20 21],
 :type "read_ok"}

This is malformed because:

{:messages missing-required-key, :message_ids disallowed-key}

See doc/protocol.md for more guidance.
	at slingshot.support$stack_trace.invoke(support.clj:201)
	at maelstrom.client$check_body.invokeStatic(client.clj:188)
	at maelstrom.client$check_body.invoke(client.clj:181)
	at maelstrom.workload.broadcast$fn__16576$read__16577.invoke(broadcast.clj:34)
	at maelstrom.workload.broadcast$fn__16576$read__16577.invoke(broadcast.clj:34)
	at maelstrom.workload.broadcast$client$reify__16644.invoke_BANG_(broadcast.clj:207)
	at jepsen.client.Validate.invoke_BANG_(client.clj:83)
	at jepsen.generator.interpreter.ClientWorker.invoke_BANG_(interpreter.clj:65)
	at jepsen.generator.interpreter$spawn_worker$fn__12908$fn__12909.invoke(interpreter.clj:140)
	at jepsen.generator.interpreter$spawn_worker$fn__12908.invoke(interpreter.clj:123)
	at clojure.core$binding_conveyor_fn$fn__5823.invoke(core.clj:2047)
	at clojure.lang.AFn.call(AFn.java:18)
	at java.base/java.util.concurrent.FutureTask.run(FutureTask.java:317)
	at java.base/java.util.concurrent.ThreadPoolExecutor.runWorker(ThreadPoolExecutor.java:1144)
	at java.base/java.util.concurrent.ThreadPoolExecutor$Worker.run(ThreadPoolExecutor.java:642)
	at java.base/java.lang.Thread.run(Thread.java:1583)
2024-02-19 00:43:07,454{GMT}	INFO	[jepsen worker 0] jepsen.util: 20	:invoke	:read	nil
2024-02-19 00:43:07,461{GMT}	WARN	[jepsen worker 0] jepsen.generator.interpreter: Process 20 crashed
clojure.lang.ExceptionInfo: Malformed RPC response. Maelstrom sent node n0 the following request:

{:type "read", :msg_id 1}

And expected a response of the form:

{:type (eq "read_ok"),
 :messages [Any],
 {:k :msg_id} Int,
 :in_reply_to Int}

... but instead received

{:in_reply_to 1,
 :message_ids
 [0 1 2 3 4 5 6 7 8 9 10 11 12 13 14 15 16 17 18 19 20 21],
 :type "read_ok"}

This is malformed because:

{:messages missing-required-key, :message_ids disallowed-key}

See doc/protocol.md for more guidance.
	at slingshot.support$stack_trace.invoke(support.clj:201)
	at maelstrom.client$check_body.invokeStatic(client.clj:188)
	at maelstrom.client$check_body.invoke(client.clj:181)
	at maelstrom.workload.broadcast$fn__16576$read__16577.invoke(broadcast.clj:34)
	at maelstrom.workload.broadcast$fn__16576$read__16577.invoke(broadcast.clj:34)
	at maelstrom.workload.broadcast$client$reify__16644.invoke_BANG_(broadcast.clj:207)
	at jepsen.client.Validate.invoke_BANG_(client.clj:83)
	at jepsen.generator.interpreter.ClientWorker.invoke_BANG_(interpreter.clj:65)
	at jepsen.generator.interpreter$spawn_worker$fn__12908$fn__12909.invoke(interpreter.clj:140)
	at jepsen.generator.interpreter$spawn_worker$fn__12908.invoke(interpreter.clj:123)
	at clojure.core$binding_conveyor_fn$fn__5823.invoke(core.clj:2047)
	at clojure.lang.AFn.call(AFn.java:18)
	at java.base/java.util.concurrent.FutureTask.run(FutureTask.java:317)
	at java.base/java.util.concurrent.ThreadPoolExecutor.runWorker(ThreadPoolExecutor.java:1144)
	at java.base/java.util.concurrent.ThreadPoolExecutor$Worker.run(ThreadPoolExecutor.java:642)
	at java.base/java.lang.Thread.run(Thread.java:1583)
2024-02-19 00:43:07,471{GMT}	INFO	[jepsen worker 0] jepsen.util: 21	:invoke	:read	nil
2024-02-19 00:43:07,484{GMT}	WARN	[jepsen worker 0] jepsen.generator.interpreter: Process 21 crashed
clojure.lang.ExceptionInfo: Malformed RPC response. Maelstrom sent node n0 the following request:

{:type "read", :msg_id 1}

And expected a response of the form:

{:type (eq "read_ok"),
 :messages [Any],
 {:k :msg_id} Int,
 :in_reply_to Int}

... but instead received

{:in_reply_to 1,
 :message_ids
 [0 1 2 3 4 5 6 7 8 9 10 11 12 13 14 15 16 17 18 19 20 21],
 :type "read_ok"}

This is malformed because:

{:messages missing-required-key, :message_ids disallowed-key}

See doc/protocol.md for more guidance.
	at slingshot.support$stack_trace.invoke(support.clj:201)
	at maelstrom.client$check_body.invokeStatic(client.clj:188)
	at maelstrom.client$check_body.invoke(client.clj:181)
	at maelstrom.workload.broadcast$fn__16576$read__16577.invoke(broadcast.clj:34)
	at maelstrom.workload.broadcast$fn__16576$read__16577.invoke(broadcast.clj:34)
	at maelstrom.workload.broadcast$client$reify__16644.invoke_BANG_(broadcast.clj:207)
	at jepsen.client.Validate.invoke_BANG_(client.clj:83)
	at jepsen.generator.interpreter.ClientWorker.invoke_BANG_(interpreter.clj:65)
	at jepsen.generator.interpreter$spawn_worker$fn__12908$fn__12909.invoke(interpreter.clj:140)
	at jepsen.generator.interpreter$spawn_worker$fn__12908.invoke(interpreter.clj:123)
	at clojure.core$binding_conveyor_fn$fn__5823.invoke(core.clj:2047)
	at clojure.lang.AFn.call(AFn.java:18)
	at java.base/java.util.concurrent.FutureTask.run(FutureTask.java:317)
	at java.base/java.util.concurrent.ThreadPoolExecutor.runWorker(ThreadPoolExecutor.java:1144)
	at java.base/java.util.concurrent.ThreadPoolExecutor$Worker.run(ThreadPoolExecutor.java:642)
	at java.base/java.lang.Thread.run(Thread.java:1583)
2024-02-19 00:43:07,673{GMT}	INFO	[jepsen worker 0] jepsen.util: 22	:invoke	:broadcast	22
2024-02-19 00:43:07,678{GMT}	INFO	[jepsen worker 0] jepsen.util: 22	:ok	:broadcast	22
2024-02-19 00:43:07,772{GMT}	INFO	[jepsen worker 0] jepsen.util: 22	:invoke	:read	nil
2024-02-19 00:43:07,779{GMT}	WARN	[jepsen worker 0] jepsen.generator.interpreter: Process 22 crashed
clojure.lang.ExceptionInfo: Malformed RPC response. Maelstrom sent node n0 the following request:

{:type "read", :msg_id 2}

And expected a response of the form:

{:type (eq "read_ok"),
 :messages [Any],
 {:k :msg_id} Int,
 :in_reply_to Int}

... but instead received

{:in_reply_to 2,
 :message_ids
 [0 1 2 3 4 5 6 7 8 9 10 11 12 13 14 15 16 17 18 19 20 21 22],
 :type "read_ok"}

This is malformed because:

{:messages missing-required-key, :message_ids disallowed-key}

See doc/protocol.md for more guidance.
	at slingshot.support$stack_trace.invoke(support.clj:201)
	at maelstrom.client$check_body.invokeStatic(client.clj:188)
	at maelstrom.client$check_body.invoke(client.clj:181)
	at maelstrom.workload.broadcast$fn__16576$read__16577.invoke(broadcast.clj:34)
	at maelstrom.workload.broadcast$fn__16576$read__16577.invoke(broadcast.clj:34)
	at maelstrom.workload.broadcast$client$reify__16644.invoke_BANG_(broadcast.clj:207)
	at jepsen.client.Validate.invoke_BANG_(client.clj:83)
	at jepsen.generator.interpreter.ClientWorker.invoke_BANG_(interpreter.clj:65)
	at jepsen.generator.interpreter$spawn_worker$fn__12908$fn__12909.invoke(interpreter.clj:140)
	at jepsen.generator.interpreter$spawn_worker$fn__12908.invoke(interpreter.clj:123)
	at clojure.core$binding_conveyor_fn$fn__5823.invoke(core.clj:2047)
	at clojure.lang.AFn.call(AFn.java:18)
	at java.base/java.util.concurrent.FutureTask.run(FutureTask.java:317)
	at java.base/java.util.concurrent.ThreadPoolExecutor.runWorker(ThreadPoolExecutor.java:1144)
	at java.base/java.util.concurrent.ThreadPoolExecutor$Worker.run(ThreadPoolExecutor.java:642)
	at java.base/java.lang.Thread.run(Thread.java:1583)
2024-02-19 00:43:07,925{GMT}	INFO	[jepsen worker 0] jepsen.util: 23	:invoke	:read	nil
2024-02-19 00:43:07,931{GMT}	WARN	[jepsen worker 0] jepsen.generator.interpreter: Process 23 crashed
clojure.lang.ExceptionInfo: Malformed RPC response. Maelstrom sent node n0 the following request:

{:type "read", :msg_id 1}

And expected a response of the form:

{:type (eq "read_ok"),
 :messages [Any],
 {:k :msg_id} Int,
 :in_reply_to Int}

... but instead received

{:in_reply_to 1,
 :message_ids
 [0 1 2 3 4 5 6 7 8 9 10 11 12 13 14 15 16 17 18 19 20 21 22],
 :type "read_ok"}

This is malformed because:

{:messages missing-required-key, :message_ids disallowed-key}

See doc/protocol.md for more guidance.
	at slingshot.support$stack_trace.invoke(support.clj:201)
	at maelstrom.client$check_body.invokeStatic(client.clj:188)
	at maelstrom.client$check_body.invoke(client.clj:181)
	at maelstrom.workload.broadcast$fn__16576$read__16577.invoke(broadcast.clj:34)
	at maelstrom.workload.broadcast$fn__16576$read__16577.invoke(broadcast.clj:34)
	at maelstrom.workload.broadcast$client$reify__16644.invoke_BANG_(broadcast.clj:207)
	at jepsen.client.Validate.invoke_BANG_(client.clj:83)
	at jepsen.generator.interpreter.ClientWorker.invoke_BANG_(interpreter.clj:65)
	at jepsen.generator.interpreter$spawn_worker$fn__12908$fn__12909.invoke(interpreter.clj:140)
	at jepsen.generator.interpreter$spawn_worker$fn__12908.invoke(interpreter.clj:123)
	at clojure.core$binding_conveyor_fn$fn__5823.invoke(core.clj:2047)
	at clojure.lang.AFn.call(AFn.java:18)
	at java.base/java.util.concurrent.FutureTask.run(FutureTask.java:317)
	at java.base/java.util.concurrent.ThreadPoolExecutor.runWorker(ThreadPoolExecutor.java:1144)
	at java.base/java.util.concurrent.ThreadPoolExecutor$Worker.run(ThreadPoolExecutor.java:642)
	at java.base/java.lang.Thread.run(Thread.java:1583)
2024-02-19 00:43:08,020{GMT}	INFO	[jepsen worker 0] jepsen.util: 24	:invoke	:read	nil
2024-02-19 00:43:08,027{GMT}	WARN	[jepsen worker 0] jepsen.generator.interpreter: Process 24 crashed
clojure.lang.ExceptionInfo: Malformed RPC response. Maelstrom sent node n0 the following request:

{:type "read", :msg_id 1}

And expected a response of the form:

{:type (eq "read_ok"),
 :messages [Any],
 {:k :msg_id} Int,
 :in_reply_to Int}

... but instead received

{:in_reply_to 1,
 :message_ids
 [0 1 2 3 4 5 6 7 8 9 10 11 12 13 14 15 16 17 18 19 20 21 22],
 :type "read_ok"}

This is malformed because:

{:messages missing-required-key, :message_ids disallowed-key}

See doc/protocol.md for more guidance.
	at slingshot.support$stack_trace.invoke(support.clj:201)
	at maelstrom.client$check_body.invokeStatic(client.clj:188)
	at maelstrom.client$check_body.invoke(client.clj:181)
	at maelstrom.workload.broadcast$fn__16576$read__16577.invoke(broadcast.clj:34)
	at maelstrom.workload.broadcast$fn__16576$read__16577.invoke(broadcast.clj:34)
	at maelstrom.workload.broadcast$client$reify__16644.invoke_BANG_(broadcast.clj:207)
	at jepsen.client.Validate.invoke_BANG_(client.clj:83)
	at jepsen.generator.interpreter.ClientWorker.invoke_BANG_(interpreter.clj:65)
	at jepsen.generator.interpreter$spawn_worker$fn__12908$fn__12909.invoke(interpreter.clj:140)
	at jepsen.generator.interpreter$spawn_worker$fn__12908.invoke(interpreter.clj:123)
	at clojure.core$binding_conveyor_fn$fn__5823.invoke(core.clj:2047)
	at clojure.lang.AFn.call(AFn.java:18)
	at java.base/java.util.concurrent.FutureTask.run(FutureTask.java:317)
	at java.base/java.util.concurrent.ThreadPoolExecutor.runWorker(ThreadPoolExecutor.java:1144)
	at java.base/java.util.concurrent.ThreadPoolExecutor$Worker.run(ThreadPoolExecutor.java:642)
	at java.base/java.lang.Thread.run(Thread.java:1583)
2024-02-19 00:43:08,197{GMT}	INFO	[jepsen worker 0] jepsen.util: 25	:invoke	:read	nil
2024-02-19 00:43:08,229{GMT}	WARN	[jepsen worker 0] jepsen.generator.interpreter: Process 25 crashed
clojure.lang.ExceptionInfo: Malformed RPC response. Maelstrom sent node n0 the following request:

{:type "read", :msg_id 1}

And expected a response of the form:

{:type (eq "read_ok"),
 :messages [Any],
 {:k :msg_id} Int,
 :in_reply_to Int}

... but instead received

{:in_reply_to 1,
 :message_ids
 [0 1 2 3 4 5 6 7 8 9 10 11 12 13 14 15 16 17 18 19 20 21 22],
 :type "read_ok"}

This is malformed because:

{:messages missing-required-key, :message_ids disallowed-key}

See doc/protocol.md for more guidance.
	at slingshot.support$stack_trace.invoke(support.clj:201)
	at maelstrom.client$check_body.invokeStatic(client.clj:188)
	at maelstrom.client$check_body.invoke(client.clj:181)
	at maelstrom.workload.broadcast$fn__16576$read__16577.invoke(broadcast.clj:34)
	at maelstrom.workload.broadcast$fn__16576$read__16577.invoke(broadcast.clj:34)
	at maelstrom.workload.broadcast$client$reify__16644.invoke_BANG_(broadcast.clj:207)
	at jepsen.client.Validate.invoke_BANG_(client.clj:83)
	at jepsen.generator.interpreter.ClientWorker.invoke_BANG_(interpreter.clj:65)
	at jepsen.generator.interpreter$spawn_worker$fn__12908$fn__12909.invoke(interpreter.clj:140)
	at jepsen.generator.interpreter$spawn_worker$fn__12908.invoke(interpreter.clj:123)
	at clojure.core$binding_conveyor_fn$fn__5823.invoke(core.clj:2047)
	at clojure.lang.AFn.call(AFn.java:18)
	at java.base/java.util.concurrent.FutureTask.run(FutureTask.java:317)
	at java.base/java.util.concurrent.ThreadPoolExecutor.runWorker(ThreadPoolExecutor.java:1144)
	at java.base/java.util.concurrent.ThreadPoolExecutor$Worker.run(ThreadPoolExecutor.java:642)
	at java.base/java.lang.Thread.run(Thread.java:1583)
2024-02-19 00:43:08,276{GMT}	INFO	[jepsen worker 0] jepsen.util: 26	:invoke	:read	nil
2024-02-19 00:43:08,283{GMT}	WARN	[jepsen worker 0] jepsen.generator.interpreter: Process 26 crashed
clojure.lang.ExceptionInfo: Malformed RPC response. Maelstrom sent node n0 the following request:

{:type "read", :msg_id 1}

And expected a response of the form:

{:type (eq "read_ok"),
 :messages [Any],
 {:k :msg_id} Int,
 :in_reply_to Int}

... but instead received

{:in_reply_to 1,
 :message_ids
 [0 1 2 3 4 5 6 7 8 9 10 11 12 13 14 15 16 17 18 19 20 21 22],
 :type "read_ok"}

This is malformed because:

{:messages missing-required-key, :message_ids disallowed-key}

See doc/protocol.md for more guidance.
	at slingshot.support$stack_trace.invoke(support.clj:201)
	at maelstrom.client$check_body.invokeStatic(client.clj:188)
	at maelstrom.client$check_body.invoke(client.clj:181)
	at maelstrom.workload.broadcast$fn__16576$read__16577.invoke(broadcast.clj:34)
	at maelstrom.workload.broadcast$fn__16576$read__16577.invoke(broadcast.clj:34)
	at maelstrom.workload.broadcast$client$reify__16644.invoke_BANG_(broadcast.clj:207)
	at jepsen.client.Validate.invoke_BANG_(client.clj:83)
	at jepsen.generator.interpreter.ClientWorker.invoke_BANG_(interpreter.clj:65)
	at jepsen.generator.interpreter$spawn_worker$fn__12908$fn__12909.invoke(interpreter.clj:140)
	at jepsen.generator.interpreter$spawn_worker$fn__12908.invoke(interpreter.clj:123)
	at clojure.core$binding_conveyor_fn$fn__5823.invoke(core.clj:2047)
	at clojure.lang.AFn.call(AFn.java:18)
	at java.base/java.util.concurrent.FutureTask.run(FutureTask.java:317)
	at java.base/java.util.concurrent.ThreadPoolExecutor.runWorker(ThreadPoolExecutor.java:1144)
	at java.base/java.util.concurrent.ThreadPoolExecutor$Worker.run(ThreadPoolExecutor.java:642)
	at java.base/java.lang.Thread.run(Thread.java:1583)
2024-02-19 00:43:08,451{GMT}	INFO	[jepsen worker 0] jepsen.util: 27	:invoke	:broadcast	23
2024-02-19 00:43:08,452{GMT}	INFO	[jepsen worker 0] jepsen.util: 27	:ok	:broadcast	23
2024-02-19 00:43:08,482{GMT}	INFO	[jepsen worker 0] jepsen.util: 27	:invoke	:read	nil
2024-02-19 00:43:08,492{GMT}	WARN	[jepsen worker 0] jepsen.generator.interpreter: Process 27 crashed
clojure.lang.ExceptionInfo: Malformed RPC response. Maelstrom sent node n0 the following request:

{:type "read", :msg_id 2}

And expected a response of the form:

{:type (eq "read_ok"),
 :messages [Any],
 {:k :msg_id} Int,
 :in_reply_to Int}

... but instead received

{:in_reply_to 2,
 :message_ids
 [0 1 2 3 4 5 6 7 8 9 10 11 12 13 14 15 16 17 18 19 20 21 22 23],
 :type "read_ok"}

This is malformed because:

{:messages missing-required-key, :message_ids disallowed-key}

See doc/protocol.md for more guidance.
	at slingshot.support$stack_trace.invoke(support.clj:201)
	at maelstrom.client$check_body.invokeStatic(client.clj:188)
	at maelstrom.client$check_body.invoke(client.clj:181)
	at maelstrom.workload.broadcast$fn__16576$read__16577.invoke(broadcast.clj:34)
	at maelstrom.workload.broadcast$fn__16576$read__16577.invoke(broadcast.clj:34)
	at maelstrom.workload.broadcast$client$reify__16644.invoke_BANG_(broadcast.clj:207)
	at jepsen.client.Validate.invoke_BANG_(client.clj:83)
	at jepsen.generator.interpreter.ClientWorker.invoke_BANG_(interpreter.clj:65)
	at jepsen.generator.interpreter$spawn_worker$fn__12908$fn__12909.invoke(interpreter.clj:140)
	at jepsen.generator.interpreter$spawn_worker$fn__12908.invoke(interpreter.clj:123)
	at clojure.core$binding_conveyor_fn$fn__5823.invoke(core.clj:2047)
	at clojure.lang.AFn.call(AFn.java:18)
	at java.base/java.util.concurrent.FutureTask.run(FutureTask.java:317)
	at java.base/java.util.concurrent.ThreadPoolExecutor.runWorker(ThreadPoolExecutor.java:1144)
	at java.base/java.util.concurrent.ThreadPoolExecutor$Worker.run(ThreadPoolExecutor.java:642)
	at java.base/java.lang.Thread.run(Thread.java:1583)
2024-02-19 00:43:08,592{GMT}	INFO	[jepsen worker 0] jepsen.util: 28	:invoke	:broadcast	24
2024-02-19 00:43:08,594{GMT}	INFO	[jepsen worker 0] jepsen.util: 28	:ok	:broadcast	24
2024-02-19 00:43:08,625{GMT}	INFO	[jepsen worker 0] jepsen.util: 28	:invoke	:broadcast	25
2024-02-19 00:43:08,626{GMT}	INFO	[jepsen worker 0] jepsen.util: 28	:ok	:broadcast	25
2024-02-19 00:43:08,807{GMT}	INFO	[jepsen worker 0] jepsen.util: 28	:invoke	:read	nil
2024-02-19 00:43:08,815{GMT}	WARN	[jepsen worker 0] jepsen.generator.interpreter: Process 28 crashed
clojure.lang.ExceptionInfo: Malformed RPC response. Maelstrom sent node n0 the following request:

{:type "read", :msg_id 3}

And expected a response of the form:

{:type (eq "read_ok"),
 :messages [Any],
 {:k :msg_id} Int,
 :in_reply_to Int}

... but instead received

{:in_reply_to 3,
 :message_ids
 [0 1 2 3 4 5 6 7 8 9 10 11 12 13 14 15 16 17 18 19 20 21 22 23 24 25],
 :type "read_ok"}

This is malformed because:

{:messages missing-required-key, :message_ids disallowed-key}

See doc/protocol.md for more guidance.
	at slingshot.support$stack_trace.invoke(support.clj:201)
	at maelstrom.client$check_body.invokeStatic(client.clj:188)
	at maelstrom.client$check_body.invoke(client.clj:181)
	at maelstrom.workload.broadcast$fn__16576$read__16577.invoke(broadcast.clj:34)
	at maelstrom.workload.broadcast$fn__16576$read__16577.invoke(broadcast.clj:34)
	at maelstrom.workload.broadcast$client$reify__16644.invoke_BANG_(broadcast.clj:207)
	at jepsen.client.Validate.invoke_BANG_(client.clj:83)
	at jepsen.generator.interpreter.ClientWorker.invoke_BANG_(interpreter.clj:65)
	at jepsen.generator.interpreter$spawn_worker$fn__12908$fn__12909.invoke(interpreter.clj:140)
	at jepsen.generator.interpreter$spawn_worker$fn__12908.invoke(interpreter.clj:123)
	at clojure.core$binding_conveyor_fn$fn__5823.invoke(core.clj:2047)
	at clojure.lang.AFn.call(AFn.java:18)
	at java.base/java.util.concurrent.FutureTask.run(FutureTask.java:317)
	at java.base/java.util.concurrent.ThreadPoolExecutor.runWorker(ThreadPoolExecutor.java:1144)
	at java.base/java.util.concurrent.ThreadPoolExecutor$Worker.run(ThreadPoolExecutor.java:642)
	at java.base/java.lang.Thread.run(Thread.java:1583)
2024-02-19 00:43:08,905{GMT}	INFO	[jepsen worker 0] jepsen.util: 29	:invoke	:read	nil
2024-02-19 00:43:08,913{GMT}	WARN	[jepsen worker 0] jepsen.generator.interpreter: Process 29 crashed
clojure.lang.ExceptionInfo: Malformed RPC response. Maelstrom sent node n0 the following request:

{:type "read", :msg_id 1}

And expected a response of the form:

{:type (eq "read_ok"),
 :messages [Any],
 {:k :msg_id} Int,
 :in_reply_to Int}

... but instead received

{:in_reply_to 1,
 :message_ids
 [0 1 2 3 4 5 6 7 8 9 10 11 12 13 14 15 16 17 18 19 20 21 22 23 24 25],
 :type "read_ok"}

This is malformed because:

{:messages missing-required-key, :message_ids disallowed-key}

See doc/protocol.md for more guidance.
	at slingshot.support$stack_trace.invoke(support.clj:201)
	at maelstrom.client$check_body.invokeStatic(client.clj:188)
	at maelstrom.client$check_body.invoke(client.clj:181)
	at maelstrom.workload.broadcast$fn__16576$read__16577.invoke(broadcast.clj:34)
	at maelstrom.workload.broadcast$fn__16576$read__16577.invoke(broadcast.clj:34)
	at maelstrom.workload.broadcast$client$reify__16644.invoke_BANG_(broadcast.clj:207)
	at jepsen.client.Validate.invoke_BANG_(client.clj:83)
	at jepsen.generator.interpreter.ClientWorker.invoke_BANG_(interpreter.clj:65)
	at jepsen.generator.interpreter$spawn_worker$fn__12908$fn__12909.invoke(interpreter.clj:140)
	at jepsen.generator.interpreter$spawn_worker$fn__12908.invoke(interpreter.clj:123)
	at clojure.core$binding_conveyor_fn$fn__5823.invoke(core.clj:2047)
	at clojure.lang.AFn.call(AFn.java:18)
	at java.base/java.util.concurrent.FutureTask.run(FutureTask.java:317)
	at java.base/java.util.concurrent.ThreadPoolExecutor.runWorker(ThreadPoolExecutor.java:1144)
	at java.base/java.util.concurrent.ThreadPoolExecutor$Worker.run(ThreadPoolExecutor.java:642)
	at java.base/java.lang.Thread.run(Thread.java:1583)
2024-02-19 00:43:09,071{GMT}	INFO	[jepsen worker 0] jepsen.util: 30	:invoke	:broadcast	26
2024-02-19 00:43:09,073{GMT}	INFO	[jepsen worker 0] jepsen.util: 30	:ok	:broadcast	26
2024-02-19 00:43:09,192{GMT}	INFO	[jepsen worker 0] jepsen.util: 30	:invoke	:broadcast	27
2024-02-19 00:43:09,193{GMT}	INFO	[jepsen worker 0] jepsen.util: 30	:ok	:broadcast	27
2024-02-19 00:43:09,386{GMT}	INFO	[jepsen worker 0] jepsen.util: 30	:invoke	:broadcast	28
2024-02-19 00:43:09,389{GMT}	INFO	[jepsen worker 0] jepsen.util: 30	:ok	:broadcast	28
2024-02-19 00:43:09,542{GMT}	INFO	[jepsen worker 0] jepsen.util: 30	:invoke	:broadcast	29
2024-02-19 00:43:09,543{GMT}	INFO	[jepsen worker 0] jepsen.util: 30	:ok	:broadcast	29
2024-02-19 00:43:09,704{GMT}	INFO	[jepsen worker 0] jepsen.util: 30	:invoke	:broadcast	30
2024-02-19 00:43:09,705{GMT}	INFO	[jepsen worker 0] jepsen.util: 30	:ok	:broadcast	30
2024-02-19 00:43:09,764{GMT}	INFO	[jepsen worker 0] jepsen.util: 30	:invoke	:read	nil
2024-02-19 00:43:09,774{GMT}	WARN	[jepsen worker 0] jepsen.generator.interpreter: Process 30 crashed
clojure.lang.ExceptionInfo: Malformed RPC response. Maelstrom sent node n0 the following request:

{:type "read", :msg_id 6}

And expected a response of the form:

{:type (eq "read_ok"),
 :messages [Any],
 {:k :msg_id} Int,
 :in_reply_to Int}

... but instead received

{:in_reply_to 6,
 :message_ids
 [0
  1
  2
  3
  4
  5
  6
  7
  8
  9
  10
  11
  12
  13
  14
  15
  16
  17
  18
  19
  20
  21
  22
  23
  24
  25
  26
  27
  28
  29
  30],
 :type "read_ok"}

This is malformed because:

{:messages missing-required-key, :message_ids disallowed-key}

See doc/protocol.md for more guidance.
	at slingshot.support$stack_trace.invoke(support.clj:201)
	at maelstrom.client$check_body.invokeStatic(client.clj:188)
	at maelstrom.client$check_body.invoke(client.clj:181)
	at maelstrom.workload.broadcast$fn__16576$read__16577.invoke(broadcast.clj:34)
	at maelstrom.workload.broadcast$fn__16576$read__16577.invoke(broadcast.clj:34)
	at maelstrom.workload.broadcast$client$reify__16644.invoke_BANG_(broadcast.clj:207)
	at jepsen.client.Validate.invoke_BANG_(client.clj:83)
	at jepsen.generator.interpreter.ClientWorker.invoke_BANG_(interpreter.clj:65)
	at jepsen.generator.interpreter$spawn_worker$fn__12908$fn__12909.invoke(interpreter.clj:140)
	at jepsen.generator.interpreter$spawn_worker$fn__12908.invoke(interpreter.clj:123)
	at clojure.core$binding_conveyor_fn$fn__5823.invoke(core.clj:2047)
	at clojure.lang.AFn.call(AFn.java:18)
	at java.base/java.util.concurrent.FutureTask.run(FutureTask.java:317)
	at java.base/java.util.concurrent.ThreadPoolExecutor.runWorker(ThreadPoolExecutor.java:1144)
	at java.base/java.util.concurrent.ThreadPoolExecutor$Worker.run(ThreadPoolExecutor.java:642)
	at java.base/java.lang.Thread.run(Thread.java:1583)
2024-02-19 00:43:09,884{GMT}	INFO	[jepsen worker 0] jepsen.util: 31	:invoke	:read	nil
2024-02-19 00:43:09,891{GMT}	WARN	[jepsen worker 0] jepsen.generator.interpreter: Process 31 crashed
clojure.lang.ExceptionInfo: Malformed RPC response. Maelstrom sent node n0 the following request:

{:type "read", :msg_id 1}

And expected a response of the form:

{:type (eq "read_ok"),
 :messages [Any],
 {:k :msg_id} Int,
 :in_reply_to Int}

... but instead received

{:in_reply_to 1,
 :message_ids
 [0
  1
  2
  3
  4
  5
  6
  7
  8
  9
  10
  11
  12
  13
  14
  15
  16
  17
  18
  19
  20
  21
  22
  23
  24
  25
  26
  27
  28
  29
  30],
 :type "read_ok"}

This is malformed because:

{:messages missing-required-key, :message_ids disallowed-key}

See doc/protocol.md for more guidance.
	at slingshot.support$stack_trace.invoke(support.clj:201)
	at maelstrom.client$check_body.invokeStatic(client.clj:188)
	at maelstrom.client$check_body.invoke(client.clj:181)
	at maelstrom.workload.broadcast$fn__16576$read__16577.invoke(broadcast.clj:34)
	at maelstrom.workload.broadcast$fn__16576$read__16577.invoke(broadcast.clj:34)
	at maelstrom.workload.broadcast$client$reify__16644.invoke_BANG_(broadcast.clj:207)
	at jepsen.client.Validate.invoke_BANG_(client.clj:83)
	at jepsen.generator.interpreter.ClientWorker.invoke_BANG_(interpreter.clj:65)
	at jepsen.generator.interpreter$spawn_worker$fn__12908$fn__12909.invoke(interpreter.clj:140)
	at jepsen.generator.interpreter$spawn_worker$fn__12908.invoke(interpreter.clj:123)
	at clojure.core$binding_conveyor_fn$fn__5823.invoke(core.clj:2047)
	at clojure.lang.AFn.call(AFn.java:18)
	at java.base/java.util.concurrent.FutureTask.run(FutureTask.java:317)
	at java.base/java.util.concurrent.ThreadPoolExecutor.runWorker(ThreadPoolExecutor.java:1144)
	at java.base/java.util.concurrent.ThreadPoolExecutor$Worker.run(ThreadPoolExecutor.java:642)
	at java.base/java.lang.Thread.run(Thread.java:1583)
2024-02-19 00:43:09,992{GMT}	INFO	[jepsen worker 0] jepsen.util: 32	:invoke	:broadcast	31
2024-02-19 00:43:09,993{GMT}	INFO	[jepsen worker 0] jepsen.util: 32	:ok	:broadcast	31
2024-02-19 00:43:10,039{GMT}	INFO	[jepsen worker 0] jepsen.util: 32	:invoke	:broadcast	32
2024-02-19 00:43:10,040{GMT}	INFO	[jepsen worker 0] jepsen.util: 32	:ok	:broadcast	32
2024-02-19 00:43:10,098{GMT}	INFO	[jepsen worker 0] jepsen.util: 32	:invoke	:broadcast	33
2024-02-19 00:43:10,099{GMT}	INFO	[jepsen worker 0] jepsen.util: 32	:ok	:broadcast	33
2024-02-19 00:43:10,247{GMT}	INFO	[jepsen worker 0] jepsen.util: 32	:invoke	:broadcast	34
2024-02-19 00:43:10,248{GMT}	INFO	[jepsen worker 0] jepsen.util: 32	:ok	:broadcast	34
2024-02-19 00:43:10,267{GMT}	INFO	[Jepsen shutdown hook] jepsen.core: Downloading DB logs before JVM shutdown...
